Creation Time: 2023_4_19-18-0-53
18-0-53 | Olga 24 (ownerId:288122462 - pos <5668.025879, 28.912828, 5408.255371> - islocked:true - password:12011152) initialized
18-0-53 | Ada 4x4 (ownerId:62166080 - pos <5655.089355, 28.750700, 5418.686035> - islocked:true - password:22392239) initialized
18-0-53 | Sarka 120 (ownerId:980466132 - pos <6464.275391, 31.686396, 2028.285645> - islocked:true - password:22392239) initialized
18-0-53 | Robinson R22 Helicopter (ownerId:195214598 - pos <5671.535156, 33.241249, 5256.128906> - islocked:true - password:52528989) initialized
18-0-53 | Ada 4x4 (ownerId:980466132 - pos <6800.919922, 39.178162, 1804.990112> - islocked:true - password:22392239) initialized
18-0-53 | Olga 24 (ownerId:62166080 - pos <6795.430176, 39.125099, 1803.797729> - islocked:true - password:22392239) initialized
18-0-53 | M3S Covered (ownerId:62166080 - pos <6795.881348, 39.129288, 1808.994507> - islocked:false - password:22392239) initialized
18-0-53 | Robinson R22 Helicopter - Black (ownerId:62166080 - pos <6786.493164, 53.509369, 1834.474365> - islocked:true - password:22392239) initialized
18-0-53 | MH-6M Little Bird - Desert (ownerId:62166080 - pos <6773.009766, 54.240791, 1834.931885> - islocked:true - password:22392239) initialized
18-0-53 | Sarka 120 (ownerId:405166905 - pos <3351.136230, 14.511717, 7579.616699> - islocked:true - password:19910111) initialized
18-0-53 | Robinson R22 Helicopter - Black (ownerId:980466132 - pos <7348.521973, 101.077187, 6033.944824> - islocked:true - password:22392239) initialized
18-0-53 | M3S Covered (ownerId:67657702 - pos <10219.403320, 20.328676, 7928.755371> - islocked:false - password:19944991) initialized
18-0-53 | UH-60 Blackhawk Cargo (ownerId:980466132 - pos <1464.495361, 11.497109, 15309.609375> - islocked:true - password:22392239) initialized
18-0-53 | UH-60 Blackhawk - blackblackhawk (ownerId:195214598 - pos <8069.666992, 215.248917, 11834.370117> - islocked:true - password:89895252) initialized
18-0-53 | Bell 429 Helicopter (ownerId:195214598 - pos <8112.443359, 214.221146, 11880.533203> - islocked:true - password:52898952) initialized
18-0-53 | UH-60 Blackhawk - blackblackhawk (ownerId:195214598 - pos <3224.051514, 7.616047, 1721.953003> - islocked:true - password:52528989) initialized
18-0-53 | Robinson R22 Helicopter (ownerId:940915030 - pos <9512.575195, 102.761208, 3733.148193> - islocked:true - password:11853737) initialized
18-0-53 | Sarka 120 (ownerId:940915030 - pos <9511.229492, 102.703033, 3751.685059> - islocked:true - password:11853737) initialized
18-0-53 | Robinson R22 Helicopter - Black (ownerId:34745177 - pos <9138.464844, 47.944984, 3793.835205> - islocked:false - password:67698687) initialized
18-0-53 | M3S Covered (ownerId:8156911 - pos <6232.801758, 5.800126, 9593.156250> - islocked:false - password:15500000) initialized
18-0-53 | Robinson R22 Helicopter - Red (ownerId:71319946 - pos <2665.577637, 35.751202, 3317.651611> - islocked:true - password:19944991) initialized
18-0-53 | M3S Covered (ownerId:108250772 - pos <4521.240234, 10.389578, 3203.361816> - islocked:true - password:78945612) initialized
18-0-53 | Bell 429 Helicopter (ownerId:88929178 - pos <4475.431641, 10.075293, 3148.700195> - islocked:false - password:371400) initialized
18-0-53 | Robinson R22 Helicopter (ownerId:965259563 - pos <3740.883301, 6.131206, 2553.403076> - islocked:true - password:11367275) initialized
18-0-53 | Gunter 2 (ownerId:965259563 - pos <3734.648682, 5.683295, 2547.140137> - islocked:true - password:11367275) initialized
18-0-53 | Olga 24 (ownerId:965259563 - pos <3753.643799, 5.595252, 2571.944336> - islocked:true - password:11367275) initialized
18-0-53 | M3S Covered (ownerId:965259563 - pos <3757.221436, 5.599261, 2565.214844> - islocked:false - password:11367275) initialized
18-0-53 | UH-60 Blackhawk - Woodland (ownerId:85319837 - pos <3985.974609, 16.854166, 3474.664795> - islocked:true - password:1111110) initialized
18-0-53 | Olga 24 (ownerId:944065078 - pos <7655.445801, 19.535093, 3867.459473> - islocked:true - password:97319731) initialized
19-3-14 | Sarka 120 (ownerId:194642746 - pos <8836.640625, 21.767975, 9772.583984> - islocked:true - password:15474555) new car claimed
19-59-40 | M3S Covered (ownerId:944065078 - pos <5615.678711, 28.701572, 5365.614258> - islocked:true - password:25082508) new car claimed
20-17-4 | Sarka 120 (ownerId:980466132 - pos <5621.769531, 28.686064, 5405.502930> - islocked:false - password:-1) new car claimed
20-19-37 | Sarka 120 (ownerId:980466132 - pos <5627.035645, 28.686047, 5411.282715> - islocked:true - password:22392239) new car claimed
20-19-41 | Sarka 120 (ownerId:108250772 - pos <5621.769531, 28.686064, 5405.502930> - islocked:true - password:12345678) new car claimed
21-18-44 | Sarka 120 (ownerId:108250772 - pos <5621.769043, 28.686033, 5405.502441> - islocked:false - password:-1) new car claimed
21-29-41 | Sarka 120 (ownerId:944065078 - pos <5621.769043, 28.686043, 5405.500977> - islocked:true - password:25082508) new car claimed
