Creation Time: 2023_7_15-18-0-53
18-0-53 | STR_EGER_GreenCamo_name (ownerId:197257182 - pos <5599.644043, 29.766285, 5346.987793> - islocked:true - password:48151623) initialized
18-0-53 | MUSTANG Red (ownerId:407766611 - pos <5623.961914, 29.489393, 5376.134766> - islocked:true - password:55555552) initialized
18-0-53 | STR_SCOUT_snik2_name (ownerId:442990275 - pos <5598.695801, 29.397131, 5390.613281> - islocked:true - password:37579090) initialized
18-0-53 |  Novator Flecktarn (ownerId:48698262 - pos <9068.458008, 5.159826, 5905.366211> - islocked:false - password:48151623) initialized
18-0-53 | STR_EGER_GreenCamo_name (ownerId:523991778 - pos <5898.803711, 37.112652, 5221.990234> - islocked:true - password:22392239) initialized
18-0-53 | Ada 4x4 (ownerId:523991778 - pos <5904.196777, 36.586105, 5221.080078> - islocked:true - password:22392239) initialized
18-0-53 | Ada 4x4 (ownerId:369601190 - pos <5669.982422, 33.652832, 5252.999023> - islocked:true - password:42014201) initialized
18-0-53 | Olga 24 (ownerId:521855408 - pos <5677.128906, 33.340881, 5252.209961> - islocked:true - password:9102021) initialized
18-0-53 | M3S Covered (ownerId:442990275 - pos <5678.458008, 33.568512, 5269.814453> - islocked:true - password:42014201) initialized
18-0-53 | Audi RS6 (ownerId:442990275 - pos <5675.037109, 33.200222, 5273.432617> - islocked:true - password:37579090) initialized
18-0-53 | M3S Covered (ownerId:442990275 - pos <5671.302246, 33.611233, 5274.414551> - islocked:true - password:42014201) initialized
18-0-53 | STR_SCOUT_snik2_name (ownerId:88929178 - pos <4425.311523, 6.939294, 4607.035156> - islocked:true - password:371400) initialized
18-0-53 | UH-60 Blackhawk - blackblackhawk (ownerId:88929178 - pos <4425.668457, 11.961815, 4604.787598> - islocked:true - password:371400) initialized
18-0-53 | Robinson R22 Helicopter - Black (ownerId:88929178 - pos <4442.771484, 6.371356, 4634.953125> - islocked:true - password:78932100) initialized
18-0-53 | Olga 24 (ownerId:442990275 - pos <3977.003662, 25.437281, 4833.791992> - islocked:true - password:42014201) initialized
18-0-53 | Gunter 2 (ownerId:218588421 - pos <3803.115234, 7.170443, 5908.779785> - islocked:false - password:3081984) initialized
18-0-53 | STR_Camaro_Nest_name (ownerId:60592768 - pos <3239.625000, 3.116042, 1718.416260> - islocked:true - password:13121312) initialized
18-0-53 | Offroad Range Rover police  (ownerId:60592768 - pos <3237.378906, 3.228037, 1731.893677> - islocked:true - password:13121312) initialized
18-0-53 | UAZ 3909 Police (ownerId:60592768 - pos <3231.901611, 3.497940, 1731.627686> - islocked:true - password:13121312) initialized
18-0-53 | Nissan warrior Camo (ownerId:48698262 - pos <2975.794678, 9.585019, 6059.807617> - islocked:true - password:48151623) initialized
18-0-53 | Sarka 120 (ownerId:119311623 - pos <4263.141602, 21.031136, 7260.087402> - islocked:true - password:7101993) initialized
18-0-53 | Sarka 120 (ownerId:132652049 - pos <5035.536133, 12.430245, 9082.862305> - islocked:true - password:9021997) initialized
18-0-53 | Gunter 2 (ownerId:48698262 - pos <1999.859497, 9.873921, 9051.088867> - islocked:true - password:48151623) initialized
18-0-53 | UAZ 3909 Beige (ownerId:795695470 - pos <7582.701660, 7.084983, 9369.600586> - islocked:false - password:8031991) initialized
18-23-50 | Sarka 120 (ownerId:442990275 - pos <3957.604736, 25.220016, 4861.315430> - islocked:true - password:42014201) new car claimed
18-23-50 | Sarka 120 (ownerId:442990275 - pos <3957.604736, 25.213863, 4861.315430> - islocked:true - password:42014201) initialized
18-44-49 | UAZ HUNTER (ownerId:521855408 - pos <5680.945313, 32.664333, 5250.338867> - islocked:true - password:9102021) new car claimed
18-46-22 | Olga 24 (ownerId:521855408 - pos <5677.193359, 32.634953, 5252.535645> - islocked:false - password:9102021) has been deleted
19-21-45 | STR_SCOUT_snik2_name (ownerId:442990275 - pos <3963.660156, 24.909445, 4856.837402> - islocked:false - password:37579090) has been deleted
20-4-40 | UAZ HUNTER (ownerId:521855408 - pos <9313.179688, 30.577560, 5396.369141> - islocked:true - password:9102021) has been deleted
20-13-23 | UAZ 3909 Ambulance (ownerId:521855408 - pos <5604.052734, 28.780962, 5357.767578> - islocked:true - password:9102021) new car claimed
21-2-1 | Audi RS6 Red (ownerId:442990275 - pos <5279.978516, 4.649829, 12420.852539> - islocked:true - password:42014201) new car claimed
21-35-14 | Audi RS6 Red (ownerId:442990275 - pos <5681.503418, 32.632309, 5268.623047> - islocked:true - password:42014201) has been deleted
21-40-32 | Toyota Land Cruiser 200 Camo (ownerId:119311623 - pos <5615.322754, 28.752798, 5361.110840> - islocked:true - password:7101993) new car claimed
21-45-56 | Audi RS6 Red (ownerId:442990275 - pos <5684.886230, 32.638660, 5265.352539> - islocked:true - password:42014201) new car claimed
21-52-8 | Audi RS6 (ownerId:442990275 - pos <5674.960449, 32.665115, 5273.300781> - islocked:true - password:37579090) has been deleted
21-52-25 | Audi RS6 Red (ownerId:442990275 - pos <5681.676758, 32.611137, 5267.995605> - islocked:true - password:42014201) has been deleted
21-52-44 | M3S Covered (ownerId:442990275 - pos <5678.543945, 32.698185, 5269.927734> - islocked:true - password:42014201) has been deleted
21-55-39 | M3S Covered (ownerId:442990275 - pos <5671.373535, 32.741020, 5274.543457> - islocked:true - password:42014201) has been deleted
22-1-37 | SCOUT Black (ownerId:442990275 - pos <5612.888672, 28.795055, 5354.854980> - islocked:true - password:37579090) new car claimed
22-3-33 | Audi RS6 (ownerId:36774377 - pos <5638.556152, 28.324888, 5429.987793> - islocked:true - password:37579090) new car claimed
22-3-33 | Audi RS6 (ownerId:36774377 - pos <5638.556152, 28.324888, 5429.987793> - islocked:true - password:37579090) initialized
22-4-1 | Audi RS6 (ownerId:36774377 - pos <5638.405273, 27.887552, 5430.062500> - islocked:true - password:37579090) has been deleted
22-6-25 | STR_Camaro_Lesnik_name (ownerId:108250772 - pos <5614.379883, 28.698757, 5374.564453> - islocked:true - password:9102021) new car claimed
22-19-28 | Offroad Range Rover Yellow  (ownerId:103808025 - pos <5608.321289, 28.719034, 5377.020020> - islocked:true - password:55677777) new car claimed
22-21-59 | STR_Camaro_Lesnik_name (ownerId:108250772 - pos <5657.411621, 33.289036, 5246.290039> - islocked:false - password:9102021) has been deleted
22-48-3 | Olga 24 (ownerId:442990275 - pos <3967.964355, 24.907780, 4862.207520> - islocked:true - password:42014201) has been deleted
22-50-31 | Oshkosh (ownerId:197257182 - pos <6119.091797, 5.893727, 14576.099609> - islocked:true - password:48151623) new car claimed
23-6-27 | Oshkosh (ownerId:197257182 - pos <6126.976563, 5.893726, 14577.995117> - islocked:false - password:48151623) has been deleted
23-8-34 | Oshkosh grey (ownerId:64819467 - pos <5598.000977, 28.723726, 5361.207031> - islocked:true - password:7101993) new car claimed
23-35-10 | Oshkosh (ownerId:197257182 - pos <5635.927246, 29.009998, 5419.472168> - islocked:true - password:48151623) new car claimed
23-35-10 | Oshkosh (ownerId:197257182 - pos <5635.927246, 29.009998, 5419.472168> - islocked:true - password:48151623) initialized
23-35-47 | Oshkosh (ownerId:197257182 - pos <5635.927246, 28.716446, 5419.469727> - islocked:true - password:48151623) has been deleted
