Creation Time: 2023_5_21-0-0-52
0-0-52 | MBB Bo-105m Helicopter - blackcamo (ownerId:132652049 - pos <5675.289063, 29.476894, 5389.766602> - islocked:true - password:86753099) initialized
0-0-52 | Buggy (ownerId:85319837 - pos <5604.607422, 29.412016, 5348.841309> - islocked:true - password:9151985) initialized
0-0-52 | Gaz 71 (ownerId:980466132 - pos <5631.529785, 29.531246, 5381.229004> - islocked:true - password:22392239) initialized
0-0-52 | Jeep Wrangler (ownerId:85319837 - pos <5631.687500, 29.254877, 5422.513672> - islocked:true - password:9151985) initialized
0-0-52 | LUAZ 969 rust (ownerId:88929178 - pos <5628.406738, 29.291824, 5419.655762> - islocked:true - password:371400) initialized
0-0-52 | Olga 24 (ownerId:839735782 - pos <5857.687988, 45.548721, 4888.927246> - islocked:true - password:13579086) initialized
0-0-52 | YAR_87 Camo2  (ownerId:34611550 - pos <5617.864258, 29.741661, 5352.030762> - islocked:true - password:19892004) initialized
0-0-52 | MOSKVICH 2140 (ownerId:944065078 - pos <6404.186035, 22.910505, 6742.445313> - islocked:true - password:97319731) initialized
0-0-52 | MOSKVICH 2140 (ownerId:419387242 - pos <6362.662109, 22.794619, 6662.417480> - islocked:true - password:58625862) initialized
0-0-52 | UAZ_2315 Camo2 (ownerId:442990275 - pos <6536.295410, 22.184631, 1665.228149> - islocked:true - password:37579090) initialized
0-0-52 | M3S Covered (ownerId:442990275 - pos <6531.663574, 21.572083, 1670.866211> - islocked:true - password:37579090) initialized
0-0-52 | HAMMER_H1 black (ownerId:405166905 - pos <5214.485352, 4.389011, 5327.307617> - islocked:true - password:1111991) initialized
0-0-52 | LUAZ 969 blue (ownerId:354151095 - pos <6966.751953, 14.667981, 5712.361328> - islocked:true - password:4250425) initialized
0-0-52 | MOSKVICH 2140 (ownerId:304057481 - pos <6950.713379, 14.669929, 5719.608887> - islocked:true - password:42687931) initialized
0-0-52 | Chevrolet Corvette White  (ownerId:157174770 - pos <7500.621094, 2.791234, 5636.865723> - islocked:true - password:19892004) initialized
0-0-52 | UAZ 3909 Khaki1 (ownerId:36527682 - pos <7718.772461, 36.460220, 6068.499512> - islocked:true - password:93991005) initialized
0-0-52 | Offroad Range Rover police  (ownerId:6938606 - pos <4247.775391, 21.095661, 7296.859863> - islocked:true - password:20090909) initialized
0-0-52 | STR_Camaro_Nest_name (ownerId:137318436 - pos <4251.773926, 20.983667, 7300.036133> - islocked:true - password:20090909) initialized
0-0-52 | MH-6M Little Bird (ownerId:89279995 - pos <4269.323242, 21.848577, 7299.969238> - islocked:true - password:20090909) initialized
0-0-52 | Cougar Camo kamo (ownerId:980466132 - pos <1447.439819, 3.095235, 6767.592285> - islocked:true - password:22392239) initialized
0-0-52 | Jeep Wrangler black  (ownerId:132652049 - pos <10783.433594, 3.303206, 3262.018066> - islocked:true - password:17392468) initialized
0-0-52 | ToyotaHilux Red (ownerId:60592768 - pos <9561.834961, 4.365481, 5943.566406> - islocked:true - password:19651965) initialized
0-37-52 | Buggy (ownerId:85319837 - pos <5604.560059, 28.830372, 5348.832031> - islocked:true - password:9151985) has been deleted
0-50-59 | Jeep Wrangler (ownerId:85319837 - pos <5679.979004, 28.862059, 5387.625000> - islocked:false - password:9151985) has been deleted
1-22-23 | Buggy (ownerId:85319837 - pos <5615.084961, 28.726620, 5365.722168> - islocked:true - password:9151985) new car claimed
1-33-13 | Buggy (ownerId:85319837 - pos <5624.542969, 28.725763, 5365.747559> - islocked:false - password:9151985) has been deleted
1-36-29 | ToyotaHilux Blue (ownerId:85319837 - pos <5606.676270, 28.836124, 5348.834473> - islocked:true - password:9151985) new car claimed
1-55-13 | Olga 24 (ownerId:442990275 - pos <6317.683105, 31.314394, 2197.749756> - islocked:true - password:37579090) new car claimed
2-0-2 | Sarka 120 (ownerId:442990275 - pos <7710.320313, 20.721365, 1725.367310> - islocked:true - password:37579090) new car claimed
3-23-58 | ToyotaHilux Blue (ownerId:85319837 - pos <5667.700195, 33.288704, 5238.335449> - islocked:false - password:9151985) has been deleted
3-50-20 | Audi RS6 Chrome  (ownerId:85319837 - pos <5638.226074, 28.552120, 5421.549805> - islocked:true - password:9151985) new car claimed
3-51-16 | Offroad Range Rover police  (ownerId:6938606 - pos <4248.666016, 20.616657, 7296.217773> - islocked:false - password:20090909) has been deleted
3-55-13 | Audi RS6 Chrome  (ownerId:85319837 - pos <5595.935059, 28.589828, 5360.864746> - islocked:false - password:9151985) has been deleted
3-58-56 | Olga 24 (ownerId:442990275 - pos <7710.354980, 21.241749, 1730.003906> - islocked:false - password:37579090) has been deleted
3-59-33 | Offroad Range Rover police  (ownerId:69839805 - pos <7690.489746, 20.195951, 1724.886230> - islocked:true - password:20090909) new car claimed
3-59-33 | Offroad Range Rover police  (ownerId:69839805 - pos <7690.486816, 19.913147, 1724.890747> - islocked:true - password:20090909) initialized
3-59-36 | Sarka 120 (ownerId:442990275 - pos <7710.320313, 20.721365, 1725.367310> - islocked:false - password:37579090) has been deleted
4-11-40 | Olga 24 (ownerId:442990275 - pos <5675.383301, 32.880127, 5269.875977> - islocked:true - password:37579090) new car claimed
4-11-40 | Olga 24 (ownerId:442990275 - pos <5675.383301, 32.580128, 5269.875977> - islocked:true - password:37579090) initialized
4-11-55 | Sarka 120 (ownerId:442990275 - pos <5671.905273, 32.837784, 5270.571289> - islocked:true - password:37579090) new car claimed
4-11-55 | Sarka 120 (ownerId:442990275 - pos <5671.905273, 32.537785, 5270.571289> - islocked:true - password:37579090) initialized
4-24-47 | Jeep Wrangler (ownerId:288122462 - pos <5614.606445, 28.869284, 5354.016602> - islocked:true - password:12321321) new car claimed
5-44-40 | Sarka 120 (ownerId:419387242 - pos <13774.633789, 94.863106, 3156.961182> - islocked:true - password:11223344) new car claimed
5-45-5 | Sarka 120 (ownerId:419387242 - pos <13774.633789, 94.863106, 3156.961182> - islocked:false - password:11223344) has been deleted
5-55-50 | Sarka 120 (ownerId:419387242 - pos <13849.422852, 134.095978, 2762.188477> - islocked:true - password:11223344) new car claimed
5-55-50 | Sarka 120 (ownerId:419387242 - pos <13849.422852, 133.795975, 2762.188477> - islocked:true - password:11223344) initialized
5-56-38 | Sarka 120 (ownerId:419387242 - pos <13849.504883, 133.767105, 2762.289795> - islocked:false - password:11223344) has been deleted
