Creation Time: 2023_4_29-6-0-54
6-0-54 | Land Rover Defender 110 (ownerId:192139039 - pos <1187.086548, 30.282970, 12557.210938> - islocked:true - password:7161994) initialized
6-0-54 | Robinson R22 Helicopter - Black (ownerId:62166080 - pos <518.581116, 40.943874, 11901.002930> - islocked:true - password:22392239) initialized
6-0-54 | Sarka 120 (ownerId:980466132 - pos <6801.630371, 39.738651, 1801.161499> - islocked:true - password:22392239) initialized
6-0-54 | Land Rover Defender 110 Red (ownerId:980466132 - pos <6796.373047, 39.705944, 1800.937134> - islocked:true - password:22392239) initialized
6-0-54 | M3S Covered (ownerId:62166080 - pos <6795.052246, 39.137764, 1809.611328> - islocked:true - password:22392239) initialized
6-0-54 | Land Rover Defender 110 Green (ownerId:62166080 - pos <6795.712402, 39.705982, 1807.071655> - islocked:true - password:22392239) initialized
6-0-54 | Ada 4x4 (ownerId:62166080 - pos <6801.611328, 39.178020, 1808.978149> - islocked:true - password:22392239) initialized
6-0-54 | Ka26 Hoodlum Helicopter (ownerId:980466132 - pos <6772.266602, 54.637615, 1849.945679> - islocked:true - password:22392239) initialized
6-0-54 | Olga 24 (ownerId:419387242 - pos <7057.692871, 45.000553, 2053.505615> - islocked:true - password:8995862) initialized
6-0-54 | Robinson R22 Helicopter (ownerId:940915030 - pos <9512.575195, 102.761200, 3733.148193> - islocked:true - password:11853737) initialized
6-0-54 | Sarka 120 (ownerId:940915030 - pos <9511.229492, 102.703049, 3751.684326> - islocked:true - password:11853737) initialized
6-0-54 | Sarka 120 (ownerId:405166905 - pos <10489.906250, 10.002503, 4274.236816> - islocked:true - password:19910111) initialized
6-0-54 | Land Rover Defender 110 UN (ownerId:85319837 - pos <7572.665527, 24.168484, 3940.986328> - islocked:true - password:9151985) initialized
6-0-54 | Robinson R22 Helicopter (ownerId:195214598 - pos <1114.771484, 56.352501, 10648.643555> - islocked:true - password:52528989) initialized
6-0-54 | Sarka 120 (ownerId:22592522 - pos <6232.372559, 5.531151, 9589.974609> - islocked:true - password:5210521) initialized
6-0-54 | M3S Covered (ownerId:8156911 - pos <6232.800293, 5.800168, 9593.156250> - islocked:false - password:15500000) initialized
6-0-54 | Land Rover Defender 110 Red (ownerId:60592768 - pos <9560.937500, 4.183799, 5944.635254> - islocked:true - password:19651965) initialized
6-0-54 | Robinson R22 Helicopter - Black (ownerId:984346468 - pos <4728.882324, 12.292092, 4692.963379> - islocked:true - password:83898389) initialized
6-0-54 | M3S Covered (ownerId:944065078 - pos <7718.275879, 36.466965, 6089.899902> - islocked:false - password:25082508) initialized
6-0-54 | Sarka 120 (ownerId:944065078 - pos <7716.401855, 35.618359, 6074.424316> - islocked:false - password:25082508) initialized
6-0-54 | Land Rover Defender 110 UN (ownerId:116364714 - pos <7704.391602, 36.711727, 6078.258789> - islocked:false - password:25082508) initialized
6-0-54 | Sarka 120 (ownerId:194642746 - pos <5445.518555, 5.328174, 4629.541016> - islocked:true - password:15474555) initialized
6-0-54 | Gunter 2 (ownerId:36527682 - pos <7190.431641, 3.389957, 5362.130371> - islocked:false - password:93991005) initialized
6-0-54 | Robinson R22 Helicopter - Black (ownerId:980466132 - pos <7349.647949, 101.077263, 6033.751465> - islocked:false - password:22392239) initialized
6-0-54 | Robinson R22 Helicopter (ownerId:71319946 - pos <5672.808594, 33.907436, 5245.416016> - islocked:true - password:19944991) initialized
6-0-54 | UH-60 Blackhawk - blackblackhawk (ownerId:195214598 - pos <3224.051514, 7.616046, 1721.946411> - islocked:true - password:52528989) initialized
6-0-54 | Robinson R22 Helicopter (ownerId:965259563 - pos <3756.512451, 19.967382, 2601.171387> - islocked:true - password:11367275) initialized
6-0-54 | Olga 24 (ownerId:965259563 - pos <3730.231689, 5.467768, 2551.439941> - islocked:true - password:11367275) initialized
6-0-54 | Land Rover Defender 110 Red (ownerId:965259563 - pos <3731.044189, 6.048485, 2554.917969> - islocked:false - password:11367275) initialized
6-0-54 | M3S Covered (ownerId:965259563 - pos <3771.024170, 6.350145, 2538.798096> - islocked:true - password:72524299) initialized
6-0-54 | Ada 4x4 (ownerId:419387242 - pos <5611.097656, 28.817978, 5347.671387> - islocked:true - password:8995862) initialized
6-0-54 | Olga 24 (ownerId:288122462 - pos <5668.130859, 28.906221, 5408.218262> - islocked:true - password:12011152) initialized
6-0-54 | M3S Covered (ownerId:839735782 - pos <5475.211914, 7.607522, 8611.503906> - islocked:true - password:1051997) initialized
6-0-54 | Land Rover Defender 110 Green (ownerId:177737910 - pos <2550.540771, 56.943268, 9450.666016> - islocked:true - password:25792579) initialized
8-54-57 | Sarka 120 (ownerId:940915030 - pos <9511.380859, 102.077263, 3751.729980> - islocked:true - password:11853737) has been deleted
