Creation Time: 2023_6_8-18-0-46
18-0-46 | MH-6M Little Bird - Desert (ownerId:132652049 - pos <10045.665039, 8.208423, 1098.988281> - islocked:false - password:13579246) initialized
18-0-46 | ToyotaHilux Camo (ownerId:442990275 - pos <7248.804199, 25.022585, 1970.906982> - islocked:true - password:42014201) initialized
18-0-46 | M3S Covered (ownerId:249230507 - pos <8282.182617, 5.025915, 9352.273438> - islocked:true - password:33333333) initialized
18-0-46 | Robinson R22 Helicopter (ownerId:249230507 - pos <8092.914063, 13.178654, 9330.942383> - islocked:true - password:33333333) initialized
18-0-46 | Sarka 120 (ownerId:144736642 - pos <7340.216797, 7.426138, 8406.367188> - islocked:true - password:41941941) initialized
18-0-46 | Olga 24 (ownerId:405166905 - pos <3425.020752, 23.085598, 6115.207520> - islocked:true - password:1111991) initialized
18-0-46 | Olga 24 (ownerId:501895347 - pos <3569.553711, 21.125429, 6543.797852> - islocked:true - password:42775920) initialized
18-0-46 | UAZ_2315 Red (ownerId:405166905 - pos <5947.331055, 14.544393, 8610.933594> - islocked:true - password:1111991) initialized
18-0-46 | Olga 24 (ownerId:86564395 - pos <5683.289063, 5.538049, 9264.157227> - islocked:true - password:59005900) initialized
18-0-46 | YAR_87 Camo2  (ownerId:34611550 - pos <2479.791016, 18.702387, 13963.010742> - islocked:true - password:19892004) initialized
18-0-46 | M3S Covered (ownerId:86564395 - pos <4550.290527, 27.460135, 7875.549805> - islocked:false - password:59005900) initialized
18-0-46 | Jeep Wrangler black  (ownerId:308099129 - pos <3929.318359, 12.055122, 7918.307129> - islocked:true - password:9131988) initialized
18-0-46 | Ada 4x4 (ownerId:839735782 - pos <4959.784180, 15.150823, 8482.845703> - islocked:true - password:1051997) initialized
18-0-46 | STR_EGER_name (ownerId:980466132 - pos <3688.994141, 12.085036, 9772.874023> - islocked:true - password:22392239) initialized
18-0-46 | Jeep Wrangler Blue (ownerId:34611550 - pos <4246.239258, 21.212746, 7292.730957> - islocked:true - password:19892004) initialized
18-0-46 | MH-6M Little Bird (ownerId:34611550 - pos <4271.984863, 21.744884, 7303.545410> - islocked:true - password:19892004) initialized
18-0-46 | STR_Camaro_Lesnik_name (ownerId:442990275 - pos <1956.198242, 9.871472, 8872.092773> - islocked:true - password:42014201) initialized
18-0-46 | ToyotaHilux White (ownerId:60592768 - pos <9560.017578, 4.309742, 5946.574219> - islocked:true - password:19651965) initialized
18-0-46 | LUAZ 969 black (ownerId:36527682 - pos <7718.376953, 36.262543, 6068.660645> - islocked:true - password:93991005) initialized
18-0-46 | LUAZ 969 black (ownerId:88929178 - pos <4146.071289, 4.054617, 4199.206055> - islocked:true - password:371400) initialized
18-0-46 | Jeep Wrangler (ownerId:944065078 - pos <5667.188477, 29.420105, 5339.477051> - islocked:false - password:97319731) initialized
18-0-46 | MH-6M Little Bird - Camo (ownerId:369601190 - pos <5671.403809, 30.136009, 5485.297363> - islocked:true - password:80081355) initialized
18-0-46 | Audi RS6 (ownerId:85319837 - pos <5682.034668, 33.497437, 5242.730469> - islocked:true - password:1111110) initialized
18-0-46 | MOSKVICH 2140 (ownerId:54276291 - pos <5440.950684, 6.814117, 4639.777832> - islocked:true - password:12348262) initialized
18-0-46 | MOSKVICH 2140 (ownerId:288122462 - pos <6883.863281, 34.121441, 5878.004883> - islocked:true - password:12321123) initialized
18-0-46 | Olga 24 (ownerId:416867315 - pos <5378.852539, 74.598724, 3968.254150> - islocked:true - password:19993420) initialized
18-0-46 | MOSKVICH 2140 (ownerId:137318436 - pos <4304.500000, 3.855571, 4680.525391> - islocked:true - password:20090909) initialized
