Creation Time: 2023_4_13-6-0-48
6-0-48 | Sarka 120 (ownerId:940915030 - pos <9511.229492, 102.703011, 3751.685303> - islocked:true - password:11853737) initialized
6-0-48 | Robinson R22 Helicopter (ownerId:940915030 - pos <9512.575195, 102.761208, 3733.148193> - islocked:true - password:11853737) initialized
6-0-48 | UH-60 Blackhawk Cargo (ownerId:980466132 - pos <6789.833984, 39.259407, 1855.991699> - islocked:false - password:22392239) initialized
6-0-48 | Ada 4x4 (ownerId:980466132 - pos <6795.198730, 39.193413, 1804.036255> - islocked:true - password:22392239) initialized
6-0-48 | MH-6M Little Bird - Desert (ownerId:62166080 - pos <6772.994629, 55.366909, 1847.963501> - islocked:true - password:22392239) initialized
6-0-48 | Olga 24 (ownerId:62166080 - pos <1899.666992, 9.177774, 8987.579102> - islocked:true - password:22392239) initialized
6-0-48 | Gunter 2 (ownerId:965259563 - pos <3748.300537, 5.650982, 2573.669434> - islocked:true - password:11367275) initialized
6-0-48 | Olga 24 (ownerId:965259563 - pos <3752.986328, 5.595253, 2569.697510> - islocked:true - password:11367275) initialized
6-0-48 | M3S Covered (ownerId:965259563 - pos <3756.734375, 5.599050, 2571.686279> - islocked:true - password:11367275) initialized
6-0-48 | UH-60 Blackhawk - Woodland (ownerId:85319837 - pos <3985.975342, 16.854156, 3474.664551> - islocked:true - password:1111110) initialized
6-0-48 | M3S Covered (ownerId:108250772 - pos <4513.166992, 10.470733, 3193.233398> - islocked:true - password:78945612) initialized
6-0-48 | Robinson R22 Helicopter (ownerId:965259563 - pos <4428.256348, 6.180580, 2904.960693> - islocked:true - password:11367275) initialized
6-0-48 | Robinson R22 Helicopter - Black (ownerId:108250772 - pos <8696.025391, 2.231339, 5545.102539> - islocked:false - password:14789632) initialized
6-0-48 | Robinson R22 Helicopter (ownerId:195214598 - pos <6914.961914, 2.682909, 7082.414551> - islocked:true - password:52528989) initialized
6-0-48 | Olga 24 (ownerId:288122462 - pos <5667.564941, 28.947847, 5408.278809> - islocked:true - password:12011152) initialized
6-0-48 | Sarka 120 (ownerId:980466132 - pos <5662.087402, 28.686024, 5420.714355> - islocked:true - password:22392239) initialized
6-0-48 | Robinson R22 Helicopter - Black (ownerId:980466132 - pos <7350.145508, 101.076721, 6032.307129> - islocked:false - password:22392239) initialized
6-0-48 | Olga 24 (ownerId:195214598 - pos <5304.248535, 74.598724, 3990.646484> - islocked:false - password:52898989) initialized
6-0-48 | UH-60 Blackhawk - blackblackhawk (ownerId:71319946 - pos <10149.041016, 12.851345, 7922.333008> - islocked:false - password:19944991) initialized
6-0-48 | M3S Covered (ownerId:67657702 - pos <10219.410156, 20.381138, 7929.835449> - islocked:true - password:19944991) initialized
6-0-48 | UH-60 Blackhawk - blackblackhawk (ownerId:195214598 - pos <8069.651855, 215.261917, 11834.333008> - islocked:true - password:89895252) initialized
9-30-5 | UH-60 Blackhawk - blackblackhawk (ownerId:71319946 - pos <10148.904297, 12.122575, 7922.528809> - islocked:true - password:19944991) has been deleted
9-30-24 | Robinson R22 Helicopter - Red (ownerId:71319946 - pos <10151.812500, 12.582099, 7925.666016> - islocked:true - password:19944991) new car claimed
9-30-24 | Robinson R22 Helicopter - Red (ownerId:71319946 - pos <10151.812500, 12.282099, 7925.666016> - islocked:true - password:19944991) initialized
