Creation Time: 2023_7_22-17-10-23
17-10-23 | Velociraptor6x6 Camo (ownerId:407766611 - pos <5616.961914, 29.525602, 5384.514160> - islocked:true - password:55555552) initialized
17-10-23 | Fennek BIOHAZARD (ownerId:119248354 - pos <5623.953613, 29.510778, 5373.314453> - islocked:true - password:11082007) initialized
17-10-23 | Velociraptor6x6 Camo2  (ownerId:407766611 - pos <5622.147949, 29.525585, 5388.016113> - islocked:true - password:55555552) initialized
17-10-23 | Ada 4x4 (ownerId:369601190 - pos <5631.106934, 29.056860, 5429.647949> - islocked:true - password:42014201) initialized
17-10-23 | Opel Astra Chrome (ownerId:127107249 - pos <5657.587891, 28.810520, 5379.881348> - islocked:true - password:12186270) initialized
17-10-23 | UH-60 Blackhawk - Budhawk (ownerId:369601190 - pos <5671.500488, 29.478748, 5389.525879> - islocked:true - password:54879586) initialized
17-10-23 | Toyota Land Cruiser 200 Camo (ownerId:119311623 - pos <4267.042969, 21.010029, 7262.588867> - islocked:true - password:7101993) initialized
17-10-23 | BMW X5 Flecktarn (ownerId:53415379 - pos <4264.210449, 20.915051, 7260.139160> - islocked:true - password:7101993) initialized
17-10-23 | Oshkosh grey (ownerId:64819467 - pos <4276.378906, 21.358604, 7272.563965> - islocked:true - password:7101993) initialized
17-10-23 | Nissan warrior Camo (ownerId:119311623 - pos <4271.220215, 21.132824, 7267.316895> - islocked:true - password:7101993) initialized
17-10-23 | Sarka 120 (ownerId:442990275 - pos <1991.427979, 10.260262, 9032.533203> - islocked:true - password:42014201) initialized
17-10-23 | M3S Covered (ownerId:442990275 - pos <1983.872925, 41.984982, 9028.122070> - islocked:true - password:42014201) initialized
17-10-23 | SCOUT Black (ownerId:442990275 - pos <2035.446045, 9.957123, 9028.798828> - islocked:true - password:37579090) initialized
17-10-23 | Olga 24 (ownerId:511479797 - pos <2059.664307, 9.788752, 9050.017578> - islocked:true - password:27181500) initialized
17-10-23 | UAZ HUNTER (ownerId:447071218 - pos <5599.930664, 29.447874, 5346.916504> - islocked:true - password:15148636) initialized
17-10-23 | Chevrolet Corvette kamo (ownerId:89279995 - pos <5612.964355, 29.188240, 5347.409668> - islocked:true - password:20090909) initialized
17-10-23 | UAZ 3909 Beige (ownerId:795695470 - pos <5623.604492, 29.497898, 5349.848145> - islocked:true - password:8031991) initialized
17-10-23 | UAZ_2315 (ownerId:442990275 - pos <5638.301758, 29.127684, 5357.094238> - islocked:true - password:42014201) initialized
17-10-23 | Gunter 2 (ownerId:48698262 - pos <5640.080078, 28.870602, 5330.501953> - islocked:true - password:48151623) initialized
17-10-23 | Mercedes-Benz W140 Blue (ownerId:88929178 - pos <5630.509277, 29.046747, 5421.463379> - islocked:true - password:371400) initialized
17-10-23 | MOSKVICH 2140 (ownerId:882346394 - pos <6662.088867, 15.562317, 6318.776367> - islocked:true - password:42091103) initialized
17-10-23 | Jeep Wrangler green  (ownerId:523450192 - pos <5904.216797, 37.158939, 5221.806152> - islocked:true - password:22392239) initialized
17-10-23 | STR_EGER_GreenCamo_name (ownerId:523991778 - pos <5898.477539, 37.082649, 5221.344238> - islocked:true - password:22392239) initialized
17-10-23 | MH-6M Little Bird - Camo (ownerId:523450192 - pos <5891.183594, 41.853748, 5228.957031> - islocked:true - password:22392239) initialized
17-10-23 | MH-6M Little Bird - Camo (ownerId:88929178 - pos <4422.874512, 12.575642, 4604.007813> - islocked:true - password:371400) initialized
17-10-23 | Robinson R22 Helicopter - Black (ownerId:521855408 - pos <5663.715332, 33.939968, 5242.544434> - islocked:true - password:9102021) initialized
17-10-23 | Velociraptor6x6 Camo2  (ownerId:262549311 - pos <5682.331543, 33.515930, 5266.575195> - islocked:true - password:24680000) initialized
17-10-23 | PONTIAC (rust) (ownerId:119248354 - pos <5676.915527, 33.593941, 5273.413574> - islocked:true - password:22940000) initialized
17-10-23 | Olga 24 (ownerId:795695470 - pos <5671.735352, 33.599182, 5277.792969> - islocked:true - password:8031991) initialized
17-10-23 | Olga 24 (ownerId:40055959 - pos <8924.164063, 5.862729, 10451.516602> - islocked:true - password:19711971) initialized
17-10-23 | UAZ469 (ownerId:40055959 - pos <8928.346680, 6.384642, 10451.653320> - islocked:true - password:19711971) initialized
17-10-23 | Offroad Range Rover police  (ownerId:60592768 - pos <6071.671387, 33.522232, 6949.636230> - islocked:true - password:13121312) initialized
17-10-23 | Gunter 2 (ownerId:218588421 - pos <3803.816162, 7.087497, 5907.906250> - islocked:true - password:3081984) initialized
17-10-23 | MH-6M Little Bird - Camo (ownerId:132652049 - pos <3688.912354, 12.462193, 9757.346680> - islocked:false - password:9021997) initialized
17-10-23 | UAZ 3909 Police (ownerId:60592768 - pos <3231.810059, 3.497946, 1732.097290> - islocked:true - password:13121312) initialized
17-10-23 | STR_Camaro_Nest_name (ownerId:60592768 - pos <3246.134521, 3.116042, 1750.852295> - islocked:true - password:13121312) initialized
17-10-23 | LUAZ 969 red (ownerId:405166905 - pos <5356.917969, 35.382145, 641.903687> - islocked:true - password:11111111) initialized
17-10-23 | Offroad Range Rover Yellow  (ownerId:103808025 - pos <7264.238281, 602.155884, 11730.521484> - islocked:true - password:55677777) initialized
17-10-23 | MH-6M Little Bird - Camo (ownerId:119248354 - pos <2769.417969, 70.294540, 4630.593750> - islocked:true - password:48151623) initialized
17-10-23 | Gaz 71 Black (ownerId:119248354 - pos <2782.141602, 69.946205, 4692.520996> - islocked:true - password:11082007) initialized
17-10-23 |  Novator Flecktarn (ownerId:48698262 - pos <2795.422607, 69.814301, 4663.095215> - islocked:true - password:48151623) initialized
17-10-23 | Oshkosh (ownerId:197257182 - pos <2799.505615, 69.918594, 4663.191895> - islocked:true - password:48151623) initialized
17-10-23 | STR_EGER_GreenCamo_name (ownerId:197257182 - pos <2802.367676, 69.987404, 4663.776367> - islocked:true - password:48151623) initialized
17-10-23 | Jeep Wrangler Camo (ownerId:526094573 - pos <4043.750244, 9.923564, 3133.187012> - islocked:false - password:11025255) initialized
17-10-23 | LUAZ 969 rust (ownerId:127107249 - pos <5789.903809, 51.178055, 4234.486816> - islocked:false - password:12186270) initialized
17-49-26 | LUAZ 969 rust (ownerId:127107249 - pos <5627.487793, 28.745413, 5379.079590> - islocked:false - password:12186270) has been deleted
17-53-28 | LUAZ 969 (ownerId:75086644 - pos <5625.868652, 28.745411, 5363.285645> - islocked:true - password:10182009) new car claimed
