Creation Time: 2023_7_29-6-0-57
6-0-57 | Robinson R22 Helicopter - Black (ownerId:521855408 - pos <9269.457031, 32.571369, 5313.591309> - islocked:true - password:9102021) initialized
6-0-57 | Toyota Land Cruiser 200 Camo2  (ownerId:24259541 - pos <7849.571289, 3.368867, 3841.101318> - islocked:true - password:17500720) initialized
6-0-57 | Velociraptor6x6 Camo2  (ownerId:262549311 - pos <7553.236328, 24.415604, 3926.437012> - islocked:true - password:24680000) initialized
6-0-57 | Toyota Land Cruiser 200 Camo2  (ownerId:88929178 - pos <7728.019531, 6.374507, 6790.578613> - islocked:true - password:371400) initialized
6-0-57 | Mercedes-Benz W140 Blue (ownerId:88929178 - pos <7725.359375, 6.166997, 6795.729980> - islocked:true - password:371400) initialized
6-0-57 | STR_Camaro_Veter_name (ownerId:88929178 - pos <7719.934082, 6.170794, 6786.017090> - islocked:true - password:371400) initialized
6-0-57 | MH-6M Little Bird - Camo (ownerId:88929178 - pos <7720.086914, 13.613595, 6788.978516> - islocked:true - password:371400) initialized
6-0-57 | UAZ469 (ownerId:40055959 - pos <8935.064453, 6.384639, 10443.116211> - islocked:true - password:19711971) initialized
6-0-57 | Sarka 120 (ownerId:40055959 - pos <8928.978516, 5.851002, 10450.775391> - islocked:true - password:19711971) initialized
6-0-57 | Olga 24 (ownerId:40055959 - pos <8923.626953, 5.862727, 10450.833008> - islocked:true - password:19711971) initialized
6-0-57 | Offroad Range Rover Yellow  (ownerId:103808025 - pos <7264.238281, 602.155884, 11730.521484> - islocked:true - password:55677777) initialized
6-0-57 | MH-6M Little Bird (ownerId:17954802 - pos <3791.949951, 19.067057, 2581.704834> - islocked:true - password:20090909) initialized
6-0-57 | UAZ_2315 (ownerId:17954802 - pos <3775.152344, 6.441511, 2587.483643> - islocked:true - password:20090909) initialized
6-0-57 | STR_Camaro_Nest_name (ownerId:60592768 - pos <3246.727295, 3.116042, 1751.048218> - islocked:true - password:13121312) initialized
6-0-57 | UAZ 3909 Police (ownerId:60592768 - pos <3231.801514, 3.497940, 1732.127563> - islocked:true - password:13121312) initialized
6-0-57 | Offroad Range Rover police  (ownerId:60592768 - pos <3237.812988, 3.228037, 1733.255127> - islocked:true - password:13121312) initialized
6-0-57 | STR_EGER_GreenCamo_name (ownerId:523991778 - pos <6473.370605, 26.209621, 8384.214844> - islocked:true - password:22392239) initialized
6-0-57 | Oshkosh grey (ownerId:64819467 - pos <4245.043457, 21.536226, 7274.150879> - islocked:true - password:7101993) initialized
6-0-57 | BMW X5 Black (ownerId:215888376 - pos <4252.196777, 21.092596, 7299.462402> - islocked:true - password:7101993) initialized
6-0-57 | Toyota Land Cruiser 200 Camo (ownerId:119311623 - pos <4246.870605, 21.187654, 7294.256836> - islocked:true - password:7101993) initialized
6-0-57 | Nissan warrior Camo (ownerId:119311623 - pos <4249.303223, 21.283245, 7296.418945> - islocked:true - password:7101993) initialized
6-0-57 | MOSKVICH 2140 (ownerId:882346394 - pos <6662.094727, 15.562325, 6318.888184> - islocked:true - password:42091103) initialized
6-0-57 | BMW lightgreen (ownerId:407766611 - pos <6050.001953, 12.794456, 4957.398438> - islocked:true - password:80081355) initialized
6-0-57 | BMW black (ownerId:407766611 - pos <6045.813965, 12.806600, 4956.924316> - islocked:true - password:80081355) initialized
6-0-57 | BMW X5 White  (ownerId:407766611 - pos <6061.447266, 12.869502, 4955.029297> - islocked:true - password:80081355) initialized
6-0-57 | Olga 24 (ownerId:407766611 - pos <6037.345703, 13.055592, 4954.377930> - islocked:true - password:80081355) initialized
6-0-57 | Chevrolet Corvette (ownerId:407766611 - pos <6000.451172, 13.610810, 4982.084473> - islocked:true - password:55252252) initialized
6-0-57 | STR_Camaro_Sibirs_name (ownerId:407766611 - pos <5983.154785, 13.828475, 4983.387207> - islocked:true - password:55555552) initialized
6-0-57 | MUSTANG white (ownerId:407766611 - pos <5999.725098, 14.013290, 4970.766113> - islocked:true - password:55252252) initialized
6-0-57 | Velociraptor6x6 Camo2  (ownerId:407766611 - pos <5983.995117, 14.216503, 4965.222656> - islocked:true - password:80081355) initialized
6-0-57 | Gelenvagen carbon (ownerId:407766611 - pos <5987.045410, 14.379899, 4969.809570> - islocked:true - password:80081355) initialized
6-0-57 | Velociraptor6x6 Camo (ownerId:407766611 - pos <5977.549316, 14.299564, 4972.379883> - islocked:true - password:80081355) initialized
6-0-57 | Bell 429 Helicopter - Police (ownerId:407766611 - pos <5666.900391, 34.338627, 5238.553223> - islocked:true - password:78978978) initialized
6-0-57 | Jeep Wrangler Camo (ownerId:526094573 - pos <5657.599609, 33.232166, 5280.386230> - islocked:true - password:11025255) initialized
6-0-57 | LUAZ 969 red (ownerId:405166905 - pos <5645.632324, 28.382746, 5434.257324> - islocked:true - password:11111111) initialized
6-0-57 | Opel Astra Chrome (ownerId:127107249 - pos <5656.928223, 28.955168, 5382.027832> - islocked:true - password:12186270) initialized
6-0-57 | MUSTANG Red (ownerId:369601190 - pos <5642.659180, 29.258690, 5372.546875> - islocked:true - password:42069420) initialized
6-0-57 | Bell 429 Helicopter - Medic (ownerId:407766611 - pos <5655.312988, 34.345417, 5248.177246> - islocked:true - password:78978978) initialized
6-0-57 | Gunter 2 (ownerId:48698262 - pos <5640.965820, 28.932890, 5323.216797> - islocked:true - password:48151623) initialized
6-0-57 | Olga 24 (ownerId:327529037 - pos <5613.632813, 29.323967, 5348.238281> - islocked:true - password:29292900) initialized
6-0-57 | UAZ 3909 Beige (ownerId:795695470 - pos <5468.091309, 15.597906, 4924.885254> - islocked:true - password:8031991) initialized
6-0-57 | Ada 4x4 (ownerId:369601190 - pos <5474.475098, 15.605569, 4931.196289> - islocked:true - password:42014201) initialized
6-0-57 | MH-6M Little Bird (ownerId:442990275 - pos <1987.822998, 45.785759, 9024.004883> - islocked:false - password:37579090) initialized
6-0-57 | UH-60 Blackhawk - blackblackhawk (ownerId:447071218 - pos <1732.261597, 20.607359, 8895.047852> - islocked:true - password:15148636) initialized
6-0-57 | UH-60 Blackhawk - Budhawk (ownerId:511479797 - pos <1739.607056, 20.607357, 8910.564453> - islocked:true - password:27181500) initialized
6-0-57 | Olga 24 (ownerId:511479797 - pos <1755.022217, 9.788715, 8921.340820> - islocked:true - password:27181500) initialized
6-0-57 | MH-6M Little Bird - Camo (ownerId:447071218 - pos <1750.888184, 19.754770, 8927.183594> - islocked:true - password:15148636) initialized
6-0-57 | MH-6M Little Bird - Camo (ownerId:197257182 - pos <3947.068848, 36.709949, 4814.137695> - islocked:true - password:48151623) initialized
6-0-57 | UH-60 Blackhawk Cargo (ownerId:119248354 - pos <2000.010864, 45.147617, 9025.759766> - islocked:false - password:11082007) initialized
6-0-57 | MH-6M Little Bird - Camo (ownerId:132652049 - pos <1992.721802, 45.808273, 9015.301758> - islocked:true - password:9021997) initialized
6-0-57 | BMW (ownerId:442990275 - pos <1991.413208, 10.028561, 9032.136719> - islocked:false - password:42014201) initialized
6-0-57 | STR_EGER_GreenCamo_name (ownerId:197257182 - pos <3979.530518, 25.917406, 4834.994141> - islocked:true - password:48151623) initialized
6-0-57 |  Novator Flecktarn (ownerId:93344906 - pos <3982.683838, 25.738468, 4839.145020> - islocked:true - password:29292900) initialized
6-0-57 | Oshkosh (ownerId:197257182 - pos <3969.651123, 25.848604, 4840.184082> - islocked:true - password:48151623) initialized
6-0-57 | Gaz 71 Black (ownerId:119248354 - pos <3962.045654, 25.741255, 4838.345215> - islocked:true - password:11082007) initialized
6-0-57 | LUAZ 969 (ownerId:75086644 - pos <2135.371582, 14.966349, 9181.180664> - islocked:true - password:10182009) initialized
6-0-57 | ToyotaHilux White (ownerId:511479797 - pos <2001.150269, 9.921196, 8911.298828> - islocked:true - password:27181500) initialized
6-0-57 | Gunter 2 (ownerId:218588421 - pos <3805.912842, 6.893432, 5906.640137> - islocked:true - password:3081984) initialized
