Creation Time: 2023_4_9-6-0-49
6-0-49 | UH-60 Blackhawk - Woodland (ownerId:85319837 - pos <3985.975586, 16.854153, 3474.664307> - islocked:true - password:1111110) initialized
6-0-49 | M3S Covered (ownerId:88929178 - pos <13264.672852, 9.352547, 4688.303711> - islocked:false - password:3070104) initialized
6-0-49 | MH-6M Little Bird - Desert (ownerId:62166080 - pos <11314.976563, 1.718640, 10937.479492> - islocked:false - password:22392239) initialized
6-0-49 | Sarka 120 (ownerId:67657702 - pos <5909.900391, 1.380170, 8396.417969> - islocked:true - password:19944991) initialized
6-0-49 | Robinson R22 Helicopter (ownerId:940915030 - pos <9512.575195, 102.761208, 3733.148193> - islocked:true - password:11853737) initialized
6-0-49 | Sarka 120 (ownerId:940915030 - pos <9511.229492, 102.703033, 3751.685303> - islocked:true - password:11853737) initialized
6-0-49 | Robinson R22 Helicopter - Black (ownerId:108250772 - pos <8696.025391, 2.231339, 5545.102539> - islocked:false - password:14789632) initialized
6-0-49 | M3S Covered (ownerId:67657702 - pos <5519.386719, 11.273415, 6204.594727> - islocked:true - password:19944991) initialized
6-0-49 | Gunter 2 (ownerId:85319837 - pos <5602.361816, 28.839674, 5347.929688> - islocked:true - password:1111110) initialized
6-0-49 | Robinson R22 Helicopter - Black (ownerId:108250772 - pos <5674.999023, 29.361200, 5389.422363> - islocked:true - password:12345678) initialized
6-0-49 | Olga 24 (ownerId:195214598 - pos <5644.632813, 28.430498, 5433.592285> - islocked:true - password:52898989) initialized
6-0-49 | Robinson R22 Helicopter - Black (ownerId:980466132 - pos <7346.799316, 101.076775, 6032.034180> - islocked:true - password:22392239) initialized
6-0-49 | Ada 4x4 (ownerId:980466132 - pos <6799.799316, 39.178280, 1803.343384> - islocked:true - password:22392239) initialized
6-0-49 | Sarka 120 (ownerId:62166080 - pos <6800.770996, 39.113384, 1806.384399> - islocked:true - password:22392239) initialized
6-0-49 | M3S Covered (ownerId:62166080 - pos <6796.264648, 39.129261, 1809.292236> - islocked:true - password:22392239) initialized
6-0-49 | Sarka 120 (ownerId:980466132 - pos <6795.668945, 39.113327, 1800.476563> - islocked:true - password:22392239) initialized
6-0-49 | Robinson R22 Helicopter - Red (ownerId:980466132 - pos <6785.380371, 53.509369, 1837.913452> - islocked:true - password:22392239) initialized
6-0-49 | UH-60 Blackhawk Cargo (ownerId:980466132 - pos <6771.334961, 53.645668, 1833.263916> - islocked:true - password:22392239) initialized
9-14-1 | Sarka 120 (ownerId:31876567 - pos <5673.485352, 29.785934, 5433.207520> - islocked:true - password:18675309) new car claimed
9-14-1 | Sarka 120 (ownerId:31876567 - pos <5673.485352, 29.485935, 5433.207520> - islocked:true - password:18675309) initialized
9-27-11 | Sarka 120 (ownerId:31876567 - pos <4117.373047, 19.903320, 8000.078613> - islocked:false - password:18675309) has been deleted
9-58-13 | Olga 24 (ownerId:62166080 - pos <10231.658203, 21.757809, 10932.571289> - islocked:true - password:22392239) new car claimed
10-40-47 | Sarka 120 (ownerId:31876567 - pos <2981.433105, 19.984444, 8979.704102> - islocked:true - password:18675309) new car claimed
10-40-47 | Sarka 120 (ownerId:31876567 - pos <2981.434570, 19.696360, 8979.702148> - islocked:true - password:18675309) initialized
10-44-19 | Sarka 120 (ownerId:31876567 - pos <2097.012451, 9.233138, 9105.021484> - islocked:false - password:18675309) has been deleted
11-49-2 | Sarka 120 (ownerId:31876567 - pos <2921.824707, 4.089436, 10530.207031> - islocked:true - password:18675309) new car claimed
11-49-2 | Sarka 120 (ownerId:31876567 - pos <2921.828369, 3.804378, 10530.210938> - islocked:true - password:18675309) initialized
11-52-1 | Sarka 120 (ownerId:31876567 - pos <3105.242188, 2.647121, 9641.885742> - islocked:false - password:18675309) has been deleted
