Creation Time: 2023_7_15-12-0-50
12-0-50 | Gunter 2 (ownerId:48698262 - pos <1999.857300, 9.873908, 9051.088867> - islocked:true - password:48151623) initialized
12-0-50 | Gaz 71 (ownerId:407766611 - pos <10074.708984, 22.612062, 11009.517578> - islocked:true - password:55555552) initialized
12-0-50 | SCOUT (ownerId:407766611 - pos <10051.511719, 22.487131, 10998.907227> - islocked:true - password:55555552) initialized
12-0-50 | Fennek BIOHAZARD (ownerId:407766611 - pos <10029.492188, 22.600687, 10989.453125> - islocked:true - password:55555552) initialized
12-0-50 | Ford Raptor (ownerId:407766611 - pos <10003.906250, 22.649940, 10978.502930> - islocked:true - password:55555552) initialized
12-0-50 | MUSTANG (ownerId:407766611 - pos <9981.994141, 22.579395, 10969.967773> - islocked:false - password:55555552) initialized
12-0-50 | Chevrolet Corvette Yellow (ownerId:407766611 - pos <9959.832031, 22.246553, 10960.127930> - islocked:true - password:55555552) initialized
12-0-50 | Sarka 120 (ownerId:132652049 - pos <5035.536133, 12.430254, 9082.862305> - islocked:true - password:9021997) initialized
12-0-50 | Nissan warrior Camo (ownerId:48698262 - pos <2975.794678, 9.584910, 6059.806152> - islocked:true - password:48151623) initialized
12-0-50 | Sarka 120 (ownerId:119311623 - pos <4261.586914, 21.031141, 7257.077148> - islocked:true - password:7101993) initialized
12-0-50 | Offroad Range Rover police  (ownerId:60592768 - pos <3237.332275, 3.228037, 1732.458374> - islocked:false - password:13121312) initialized
12-0-50 | UAZ 3909 Police (ownerId:60592768 - pos <3231.902100, 3.497947, 1731.627808> - islocked:true - password:13121312) initialized
12-0-50 | STR_Camaro_Nest_name (ownerId:60592768 - pos <3239.625000, 3.116041, 1718.416748> - islocked:true - password:13121312) initialized
12-0-50 | UAZ 3909 Beige (ownerId:795695470 - pos <5659.827637, 29.497902, 5419.414551> - islocked:true - password:8031991) initialized
12-0-50 | STR_EGER_GreenCamo_name (ownerId:197257182 - pos <5599.644043, 29.766251, 5346.989746> - islocked:true - password:48151623) initialized
12-0-50 | Ada 4x4 (ownerId:523991778 - pos <5904.840332, 36.652966, 5221.790039> - islocked:true - password:22392239) initialized
12-0-50 | STR_EGER_GreenCamo_name (ownerId:523991778 - pos <5898.804688, 37.112751, 5221.990234> - islocked:true - password:22392239) initialized
12-0-50 | STR_SCOUT_snik2_name (ownerId:442990275 - pos <5111.385742, 10.650925, 4513.061035> - islocked:true - password:37579090) initialized
12-0-50 | Robinson R22 Helicopter - Black (ownerId:88929178 - pos <4442.771484, 6.371508, 4634.953125> - islocked:true - password:78932100) initialized
12-0-50 | Audi RS6 (ownerId:442990275 - pos <5675.037109, 33.200218, 5273.432617> - islocked:true - password:37579090) initialized
12-0-50 | M3S Covered (ownerId:442990275 - pos <5671.302246, 33.611729, 5274.421875> - islocked:true - password:42014201) initialized
12-0-50 | Ada 4x4 (ownerId:369601190 - pos <5669.982422, 33.652817, 5252.999023> - islocked:true - password:42014201) initialized
12-0-50 | STR_SCOUT_snik2_name (ownerId:88929178 - pos <4425.311523, 6.939300, 4607.035156> - islocked:true - password:371400) initialized
12-0-50 | UH-60 Blackhawk - blackblackhawk (ownerId:88929178 - pos <4425.668457, 11.961869, 4604.787598> - islocked:true - password:371400) initialized
12-0-50 | Gunter 2 (ownerId:218588421 - pos <3803.700195, 7.148512, 5908.929688> - islocked:true - password:3081984) initialized
12-9-35 | Olga 24 (ownerId:442990275 - pos <3976.447510, 25.219995, 4838.055176> - islocked:true - password:42014201) new car claimed
12-9-35 | Olga 24 (ownerId:442990275 - pos <3976.447510, 25.219995, 4838.055176> - islocked:true - password:42014201) initialized
12-9-44 | Olga 24 (ownerId:442990275 - pos <3976.763916, 25.220001, 4833.708984> - islocked:true - password:42014201) new car claimed
12-9-44 | Olga 24 (ownerId:442990275 - pos <3976.763916, 25.220001, 4833.708984> - islocked:true - password:42014201) initialized
12-11-12 | Olga 24 (ownerId:442990275 - pos <3976.416748, 24.907772, 4838.045898> - islocked:false - password:-1) new car claimed
12-27-5 | Olga 24 (ownerId:521855408 - pos <3944.926270, 24.907764, 4867.105469> - islocked:true - password:9102021) new car claimed
13-51-19 | STR_SCOUT_snik2_name (ownerId:407766611 - pos <9998.635742, 21.858746, 11023.083984> - islocked:true - password:55555522) new car claimed
13-56-20 | Sarka 120 (ownerId:442990275 - pos <2927.414063, 20.392891, 8853.720703> - islocked:true - password:42014201) new car claimed
13-56-36 | Sarka 120 (ownerId:442990275 - pos <2927.414063, 20.392891, 8853.720703> - islocked:true - password:42014201) has been deleted
15-31-32 | M3S Covered (ownerId:442990275 - pos <8282.163086, 5.025808, 9352.244141> - islocked:true - password:42014201) new car claimed
15-59-51 | Chevrolet Corvette Yellow (ownerId:407766611 - pos <9959.823242, 21.743885, 10960.121094> - islocked:true - password:55555552) has been deleted
16-0-21 | MUSTANG (ownerId:407766611 - pos <9982.057617, 21.859739, 10969.993164> - islocked:false - password:55555552) has been deleted
16-0-38 | Ford Raptor (ownerId:407766611 - pos <10003.793945, 21.742432, 10978.450195> - islocked:true - password:55555552) has been deleted
16-0-53 | SCOUT (ownerId:407766611 - pos <10051.312500, 21.789442, 10998.836914> - islocked:true - password:55555552) has been deleted
16-1-2 | Gaz 71 (ownerId:407766611 - pos <10074.472656, 21.784836, 11009.403320> - islocked:true - password:55555552) has been deleted
16-8-20 | M3S Covered (ownerId:442990275 - pos <8282.163086, 5.025808, 9352.244141> - islocked:true - password:42014201) has been deleted
16-18-41 | MUSTANG Red (ownerId:407766611 - pos <5624.030273, 28.769739, 5376.125977> - islocked:true - password:55555552) new car claimed
16-23-38 | Fennek BIOHAZARD (ownerId:407766611 - pos <5626.835449, 28.679289, 5385.520508> - islocked:true - password:55555552) has been deleted
16-40-42 | STR_SCOUT_snik2_name (ownerId:407766611 - pos <9998.635742, 21.858746, 11023.083984> - islocked:true - password:55555522) has been deleted
17-17-57 | M3S Covered (ownerId:442990275 - pos <5603.041504, 29.009998, 5356.541504> - islocked:true - password:42014201) new car claimed
17-17-57 | M3S Covered (ownerId:442990275 - pos <5603.041504, 29.009998, 5356.541504> - islocked:true - password:42014201) initialized
17-20-40 | Sarka 120 (ownerId:442990275 - pos <5594.743652, 29.010006, 5363.850098> - islocked:true - password:42014201) new car claimed
17-20-40 | Sarka 120 (ownerId:442990275 - pos <5594.743652, 29.010006, 5363.850098> - islocked:true - password:42014201) initialized
17-23-5 | Sarka 120 (ownerId:442990275 - pos <5594.911621, 28.686024, 5363.842773> - islocked:false - password:42014201) has been deleted
17-28-47 |  Novator Flecktarn (ownerId:48698262 - pos <8573.462891, 2.966131, 6049.264648> - islocked:true - password:48151623) new car claimed
