Creation Time: 2023_4_17-6-0-52
6-0-52 | Olga 24 (ownerId:965259563 - pos <3746.980469, 5.595258, 2565.996094> - islocked:true - password:11367275) initialized
6-0-52 | Gunter 2 (ownerId:965259563 - pos <3748.300537, 5.650949, 2573.677490> - islocked:true - password:11367275) initialized
6-0-52 | M3S Covered (ownerId:108250772 - pos <5629.318848, 29.565723, 5419.864746> - islocked:true - password:78945612) initialized
6-0-52 | Olga 24 (ownerId:288122462 - pos <5667.983398, 28.915747, 5408.264160> - islocked:true - password:12011152) initialized
6-0-52 | Robinson R22 Helicopter (ownerId:195214598 - pos <5661.527832, 33.934753, 5246.419434> - islocked:true - password:52528989) initialized
6-0-52 | Robinson R22 Helicopter - Red (ownerId:71319946 - pos <5689.204590, 32.301319, 5224.741211> - islocked:true - password:19944991) initialized
6-0-52 | Robinson R22 Helicopter (ownerId:965259563 - pos <4428.253418, 6.180674, 2904.960938> - islocked:true - password:11367275) initialized
6-0-52 | Robinson R22 Helicopter - Black (ownerId:980466132 - pos <7348.521973, 101.077187, 6033.944824> - islocked:true - password:22392239) initialized
6-0-52 | M3S Covered (ownerId:67657702 - pos <10219.405273, 20.346758, 7929.131836> - islocked:false - password:19944991) initialized
6-0-52 | Bell 429 Helicopter (ownerId:195214598 - pos <8112.444824, 214.214050, 11880.526367> - islocked:true - password:52898952) initialized
6-0-52 | UH-60 Blackhawk - blackblackhawk (ownerId:195214598 - pos <8069.666992, 215.248932, 11834.370117> - islocked:true - password:89895252) initialized
6-0-52 | M3S Covered (ownerId:8156911 - pos <5303.664551, 5.780180, 9162.763672> - islocked:true - password:15500000) initialized
6-0-52 | UH-60 Blackhawk - Woodland (ownerId:85319837 - pos <3985.974854, 16.854160, 3474.664795> - islocked:true - password:1111110) initialized
6-0-52 | Bell 429 Helicopter (ownerId:88929178 - pos <4501.654785, 10.794305, 3188.922607> - islocked:true - password:371400) initialized
6-0-52 | UH-60 Blackhawk Cargo (ownerId:980466132 - pos <6788.703613, 38.911289, 1852.752808> - islocked:true - password:22392239) initialized
6-0-52 | Robinson R22 Helicopter - Black (ownerId:62166080 - pos <6770.633301, 53.509369, 1835.195923> - islocked:true - password:22392239) initialized
6-0-52 | MH-6M Little Bird - Desert (ownerId:62166080 - pos <6783.229492, 54.240791, 1835.152222> - islocked:true - password:22392239) initialized
6-0-52 | Olga 24 (ownerId:62166080 - pos <6795.728516, 39.125652, 1803.794800> - islocked:true - password:22392239) initialized
6-0-52 | M3S Covered (ownerId:62166080 - pos <6796.642578, 39.129299, 1808.626831> - islocked:true - password:22392239) initialized
6-0-52 | Ada 4x4 (ownerId:980466132 - pos <6800.919922, 39.178162, 1804.989624> - islocked:true - password:22392239) initialized
6-0-52 | Ada 4x4 (ownerId:62166080 - pos <6800.196777, 39.178280, 1802.476074> - islocked:true - password:22392239) initialized
6-0-52 | Sarka 120 (ownerId:980466132 - pos <6795.432129, 39.113342, 1800.741333> - islocked:true - password:22392239) initialized
6-0-52 | Olga 24 (ownerId:944065078 - pos <7657.513184, 19.194607, 3870.318604> - islocked:true - password:97319731) initialized
6-0-52 | Robinson R22 Helicopter - Black (ownerId:116364714 - pos <7648.384277, 19.425785, 3884.122314> - islocked:true - password:25082508) initialized
6-0-52 | M3S Covered (ownerId:965259563 - pos <10790.105469, 2.641825, 3191.669189> - islocked:true - password:11367275) initialized
6-0-52 | Robinson R22 Helicopter - Black (ownerId:34745177 - pos <9138.443359, 47.915665, 3793.762207> - islocked:false - password:67698687) initialized
6-0-52 | Sarka 120 (ownerId:940915030 - pos <9511.229492, 102.703026, 3751.685059> - islocked:true - password:11853737) initialized
6-0-52 | Robinson R22 Helicopter (ownerId:940915030 - pos <9512.575195, 102.761208, 3733.148193> - islocked:true - password:11853737) initialized
