Creation Time: 2023_4_19-6-0-59
6-0-59 | M3S Covered (ownerId:67657702 - pos <10219.404297, 20.332258, 7928.829590> - islocked:false - password:19944991) initialized
6-0-59 | UH-60 Blackhawk Cargo (ownerId:980466132 - pos <1464.503296, 11.497734, 15309.609375> - islocked:true - password:22392239) initialized
6-0-59 | UH-60 Blackhawk - blackblackhawk (ownerId:195214598 - pos <8069.666992, 215.248917, 11834.370117> - islocked:true - password:89895252) initialized
6-0-59 | Bell 429 Helicopter (ownerId:195214598 - pos <8112.443359, 214.220810, 11880.533203> - islocked:true - password:52898952) initialized
6-0-59 | Sarka 120 (ownerId:405166905 - pos <2063.976074, 9.791137, 9034.295898> - islocked:true - password:19910111) initialized
6-0-59 | M3S Covered (ownerId:8156911 - pos <6233.034668, 5.800143, 9593.660156> - islocked:false - password:15500000) initialized
6-0-59 | Olga 24 (ownerId:62166080 - pos <6795.428223, 39.125095, 1803.797729> - islocked:true - password:22392239) initialized
6-0-59 | Ada 4x4 (ownerId:62166080 - pos <6800.279297, 39.178284, 1801.904785> - islocked:false - password:22392239) initialized
6-0-59 | Ada 4x4 (ownerId:980466132 - pos <6800.919922, 39.178162, 1804.989990> - islocked:true - password:22392239) initialized
6-0-59 | M3S Covered (ownerId:62166080 - pos <6795.878906, 39.129280, 1808.994629> - islocked:true - password:22392239) initialized
6-0-59 | MH-6M Little Bird - Desert (ownerId:62166080 - pos <6773.009766, 54.240791, 1834.931885> - islocked:true - password:22392239) initialized
6-0-59 | Robinson R22 Helicopter - Black (ownerId:62166080 - pos <6786.493164, 53.509369, 1834.474243> - islocked:true - password:22392239) initialized
6-0-59 | Robinson R22 Helicopter (ownerId:965259563 - pos <3740.883301, 6.131206, 2553.403076> - islocked:true - password:11367275) initialized
6-0-59 | Gunter 2 (ownerId:965259563 - pos <3734.649170, 5.683326, 2547.140137> - islocked:true - password:11367275) initialized
6-0-59 | Olga 24 (ownerId:965259563 - pos <3753.643066, 5.595250, 2571.945801> - islocked:true - password:11367275) initialized
6-0-59 | M3S Covered (ownerId:965259563 - pos <3757.220215, 5.599243, 2565.216064> - islocked:false - password:11367275) initialized
6-0-59 | UH-60 Blackhawk - blackblackhawk (ownerId:195214598 - pos <3224.051514, 7.616047, 1721.952881> - islocked:true - password:52528989) initialized
6-0-59 | Robinson R22 Helicopter - Red (ownerId:71319946 - pos <2665.577637, 35.751202, 3317.651611> - islocked:true - password:19944991) initialized
6-0-59 | M3S Covered (ownerId:108250772 - pos <4521.240234, 10.389398, 3203.362793> - islocked:true - password:78945612) initialized
6-0-59 | Bell 429 Helicopter (ownerId:88929178 - pos <4475.423340, 10.079034, 3148.738281> - islocked:true - password:371400) initialized
6-0-59 | UH-60 Blackhawk - Woodland (ownerId:85319837 - pos <3985.974609, 16.854164, 3474.664795> - islocked:true - password:1111110) initialized
6-0-59 | Robinson R22 Helicopter (ownerId:940915030 - pos <9512.575195, 102.761208, 3733.148193> - islocked:true - password:11853737) initialized
6-0-59 | Sarka 120 (ownerId:940915030 - pos <9511.229492, 102.703011, 3751.685059> - islocked:true - password:11853737) initialized
6-0-59 | Robinson R22 Helicopter - Black (ownerId:34745177 - pos <9138.462891, 47.940880, 3793.824463> - islocked:false - password:67698687) initialized
6-0-59 | Olga 24 (ownerId:944065078 - pos <7655.446289, 19.534992, 3867.459717> - islocked:true - password:97319731) initialized
6-0-59 | Olga 24 (ownerId:288122462 - pos <5668.019043, 28.913296, 5408.257324> - islocked:true - password:12011152) initialized
6-0-59 | Sarka 120 (ownerId:980466132 - pos <5648.411133, 27.512884, 5438.083984> - islocked:true - password:22392239) initialized
6-0-59 | Robinson R22 Helicopter (ownerId:195214598 - pos <5671.535156, 33.241409, 5256.128418> - islocked:true - password:52528989) initialized
6-0-59 | Olga 24 (ownerId:194642746 - pos <5446.555176, 5.910427, 4628.951660> - islocked:true - password:19952003) initialized
6-0-59 | Robinson R22 Helicopter - Black (ownerId:980466132 - pos <7348.521973, 101.077187, 6033.944824> - islocked:true - password:22392239) initialized
