Creation Time: 2023_4_15-0-0-53
0-0-53 | M3S Covered (ownerId:965259563 - pos <10790.105469, 2.641846, 3191.683838> - islocked:true - password:11367275) initialized
0-0-53 | Robinson R22 Helicopter (ownerId:195214598 - pos <1139.253662, 7.651206, 13278.913086> - islocked:true - password:52528989) initialized
0-0-53 | Robinson R22 Helicopter (ownerId:940915030 - pos <9512.575195, 102.761208, 3733.148193> - islocked:true - password:11853737) initialized
0-0-53 | Sarka 120 (ownerId:940915030 - pos <9511.229492, 102.703026, 3751.685059> - islocked:true - password:11853737) initialized
0-0-53 | Olga 24 (ownerId:965259563 - pos <3746.980469, 5.595252, 2566.004639> - islocked:true - password:11367275) initialized
0-0-53 | Gunter 2 (ownerId:965259563 - pos <3748.300537, 5.650980, 2573.669922> - islocked:true - password:11367275) initialized
0-0-53 | Robinson R22 Helicopter (ownerId:965259563 - pos <4428.255371, 6.180615, 2904.960938> - islocked:true - password:11367275) initialized
0-0-53 | Robinson R22 Helicopter - Black (ownerId:108250772 - pos <8696.025391, 2.231344, 5545.102539> - islocked:false - password:14789632) initialized
0-0-53 | UH-60 Blackhawk - Woodland (ownerId:85319837 - pos <3985.975098, 16.854158, 3474.664551> - islocked:true - password:1111110) initialized
0-0-53 | M3S Covered (ownerId:67657702 - pos <10219.408203, 20.367039, 7929.547363> - islocked:false - password:19944991) initialized
0-0-53 | MH-6M Little Bird - Desert (ownerId:62166080 - pos <6788.173340, 54.240791, 1834.970947> - islocked:true - password:22392239) initialized
0-0-53 | Ada 4x4 (ownerId:980466132 - pos <6799.758301, 39.194130, 1804.076050> - islocked:true - password:22392239) initialized
0-0-53 | UH-60 Blackhawk Cargo (ownerId:980466132 - pos <6790.510742, 38.911293, 1852.108276> - islocked:true - password:22392239) initialized
0-0-53 | Olga 24 (ownerId:288122462 - pos <5667.738770, 28.934607, 5408.272461> - islocked:true - password:12011152) initialized
0-0-53 | Olga 24 (ownerId:62166080 - pos <5632.312012, 28.697763, 5414.683594> - islocked:true - password:22392239) initialized
0-0-53 | Sarka 120 (ownerId:980466132 - pos <5621.407227, 28.686020, 5405.198730> - islocked:true - password:22392239) initialized
0-0-53 | M3S Covered (ownerId:108250772 - pos <5631.379395, 29.530066, 5422.065430> - islocked:true - password:78945612) initialized
0-0-53 | Olga 24 (ownerId:944065078 - pos <5606.604004, 29.447880, 5347.536133> - islocked:true - password:97319731) initialized
0-0-53 | Bell 429 Helicopter (ownerId:195214598 - pos <8112.444824, 214.218231, 11880.526367> - islocked:true - password:52898952) initialized
0-0-53 | UH-60 Blackhawk - blackblackhawk (ownerId:195214598 - pos <8069.666992, 215.248932, 11834.370117> - islocked:true - password:89895252) initialized
0-0-53 | Robinson R22 Helicopter - Red (ownerId:71319946 - pos <5669.386230, 33.092632, 5260.857910> - islocked:true - password:19944991) initialized
0-0-53 | Boeing CH-47 Chinook Helicopter (ownerId:108250772 - pos <5669.722168, 35.414707, 5239.806641> - islocked:true - password:78945612) initialized
0-0-53 | Robinson R22 Helicopter - Black (ownerId:980466132 - pos <7348.521973, 101.077187, 6033.944824> - islocked:true - password:22392239) initialized
0-24-33 | Boeing CH-47 Chinook Helicopter (ownerId:108250772 - pos <5669.764648, 33.272305, 5239.715332> - islocked:true - password:78945612) has been deleted
3-18-3 | UH-60 Blackhawk - blackblackhawk (ownerId:71319946 - pos <5667.853027, 33.504539, 5249.131836> - islocked:true - password:19944991) new car claimed
3-18-3 | UH-60 Blackhawk - blackblackhawk (ownerId:71319946 - pos <5667.853027, 33.504539, 5249.131836> - islocked:true - password:19944991) initialized
3-27-12 | UH-60 Blackhawk - blackblackhawk (ownerId:71319946 - pos <5697.590332, 31.380899, 5241.866699> - islocked:false - password:19944991) has been deleted
