Creation Time: 2023_4_26-0-0-52
0-0-52 | Robinson R22 Helicopter (ownerId:940915030 - pos <9512.575195, 102.761200, 3733.148193> - islocked:true - password:11853737) initialized
0-0-52 | Sarka 120 (ownerId:940915030 - pos <9511.229492, 102.703041, 3751.684570> - islocked:true - password:11853737) initialized
0-0-52 | Land Rover Defender 110 Green (ownerId:177737910 - pos <2550.889404, 56.615837, 9454.164063> - islocked:true - password:25792579) initialized
0-0-52 | Robinson R22 Helicopter (ownerId:195214598 - pos <1114.772095, 56.352501, 10648.643555> - islocked:true - password:52528989) initialized
0-0-52 | Gunter 2 (ownerId:419387242 - pos <7065.105957, 45.118996, 2055.460205> - islocked:true - password:69694200) initialized
0-0-52 | Sarka 120 (ownerId:980466132 - pos <6801.542480, 39.738724, 1801.694946> - islocked:true - password:22392239) initialized
0-0-52 | M3S Covered (ownerId:62166080 - pos <6795.139160, 39.137810, 1809.613037> - islocked:true - password:22392239) initialized
0-0-52 | Land Rover Defender 110 Green (ownerId:62166080 - pos <6796.582520, 39.706493, 1806.551392> - islocked:true - password:22392239) initialized
0-0-52 | Land Rover Defender 110 Red (ownerId:980466132 - pos <6795.948242, 39.705765, 1802.406006> - islocked:true - password:22392239) initialized
0-0-52 | Ada 4x4 (ownerId:62166080 - pos <6801.070313, 39.178055, 1809.611328> - islocked:true - password:22392239) initialized
0-0-52 | Robinson R22 Helicopter - Black (ownerId:62166080 - pos <6773.737305, 54.635754, 1851.886597> - islocked:true - password:22392239) initialized
0-0-52 | Sarka 120 (ownerId:405166905 - pos <10489.906250, 10.002522, 4274.236816> - islocked:true - password:19910111) initialized
0-0-52 | M3S Covered (ownerId:8156911 - pos <6232.800781, 5.800158, 9593.156250> - islocked:false - password:15500000) initialized
0-0-52 | Sarka 120 (ownerId:22592522 - pos <6232.373047, 5.531147, 9589.974609> - islocked:true - password:5210521) initialized
0-0-52 | Land Rover Defender 110 (ownerId:192139039 - pos <3935.111816, 12.018484, 7918.748047> - islocked:true - password:7161994) initialized
0-0-52 | Land Rover Defender 110 UN (ownerId:85319837 - pos <7571.331543, 24.168484, 3946.066895> - islocked:true - password:9151985) initialized
0-0-52 | Sarka 120 (ownerId:944065078 - pos <7728.500000, 35.775032, 6087.275879> - islocked:true - password:25082508) initialized
0-0-52 | Ada 4x4 (ownerId:944065078 - pos <7733.061035, 35.535309, 6083.734863> - islocked:false - password:25082508) initialized
0-0-52 | M3S Covered (ownerId:944065078 - pos <7718.276855, 36.466965, 6089.899902> - islocked:false - password:25082508) initialized
0-0-52 | Land Rover Defender 110 UN (ownerId:116364714 - pos <7707.875000, 36.516609, 6075.210449> - islocked:true - password:25082508) initialized
0-0-52 | Olga 24 (ownerId:944065078 - pos <7705.352051, 36.632622, 6081.437012> - islocked:true - password:97319731) initialized
0-0-52 | Land Rover Defender 110 Red (ownerId:60592768 - pos <5678.317871, 29.278484, 5386.182129> - islocked:true - password:19651965) initialized
0-0-52 | Olga 24 (ownerId:288122462 - pos <5668.107910, 28.907423, 5408.229492> - islocked:true - password:12011152) initialized
0-0-52 | Land Rover Defender 110 (ownerId:108250772 - pos <5625.816406, 29.278484, 5376.927734> - islocked:true - password:14725836) initialized
0-0-52 | Robinson R22 Helicopter (ownerId:965259563 - pos <3756.512451, 19.967381, 2601.171387> - islocked:true - password:11367275) initialized
0-0-52 | Land Rover Defender 110 Red (ownerId:965259563 - pos <3756.692383, 6.175953, 2573.330078> - islocked:true - password:11367275) initialized
0-0-52 | Olga 24 (ownerId:965259563 - pos <3732.049072, 5.467763, 2551.283936> - islocked:true - password:11367275) initialized
0-0-52 | M3S Covered (ownerId:965259563 - pos <5595.929688, 28.701529, 5362.833984> - islocked:true - password:11367275) initialized
0-0-52 | Sarka 120 (ownerId:194642746 - pos <5445.453125, 5.330743, 4629.565918> - islocked:true - password:15474555) initialized
0-0-52 | UH-60 Blackhawk - Woodland (ownerId:85319837 - pos <3985.973877, 16.854176, 3474.665283> - islocked:true - password:1111110) initialized
0-0-52 | UH-60 Blackhawk - blackblackhawk (ownerId:195214598 - pos <3224.051514, 7.616046, 1721.948608> - islocked:true - password:52528989) initialized
0-0-52 | Robinson R22 Helicopter (ownerId:71319946 - pos <5672.808594, 33.907440, 5245.416016> - islocked:true - password:19944991) initialized
0-0-52 | Robinson R22 Helicopter - Black (ownerId:980466132 - pos <7348.521973, 101.077187, 6033.944824> - islocked:true - password:22392239) initialized
