Creation Time: 2023_6_7-6-0-49
6-0-49 | MH-6M Little Bird - Desert (ownerId:132652049 - pos <10045.665039, 8.208423, 1098.988281> - islocked:false - password:13579246) initialized
6-0-49 | ToyotaHilux White (ownerId:60592768 - pos <9560.014648, 4.309722, 5946.575684> - islocked:true - password:19651965) initialized
6-0-49 | YAR_87 Camo2  (ownerId:34611550 - pos <2479.795166, 18.703251, 13963.012695> - islocked:true - password:19892004) initialized
6-0-49 | M3S Covered (ownerId:249230507 - pos <8282.169922, 5.025946, 9352.243164> - islocked:true - password:33333333) initialized
6-0-49 | Robinson R22 Helicopter (ownerId:249230507 - pos <8092.914063, 13.178654, 9330.942383> - islocked:true - password:33333333) initialized
6-0-49 | Sarka 120 (ownerId:144736642 - pos <7340.216797, 7.426129, 8406.367188> - islocked:true - password:41941941) initialized
6-0-49 | Ada 4x4 (ownerId:839735782 - pos <4959.774902, 15.151318, 8482.845703> - islocked:true - password:1051997) initialized
6-0-49 | Olga 24 (ownerId:405166905 - pos <3424.073975, 23.085712, 6116.763184> - islocked:true - password:1111991) initialized
6-0-49 | M3S Covered (ownerId:86564395 - pos <4550.290527, 27.460154, 7875.549805> - islocked:false - password:59005900) initialized
6-0-49 | Olga 24 (ownerId:501895347 - pos <3569.567383, 21.127262, 6543.796875> - islocked:true - password:42775920) initialized
6-0-49 | Jeep Wrangler Blue (ownerId:34611550 - pos <4246.239258, 21.212746, 7292.730957> - islocked:true - password:19892004) initialized
6-0-49 | MH-6M Little Bird (ownerId:34611550 - pos <4271.984863, 21.744884, 7303.545410> - islocked:true - password:19892004) initialized
6-0-49 | Jeep Wrangler black  (ownerId:308099129 - pos <3929.318359, 12.055122, 7918.307129> - islocked:true - password:9131988) initialized
6-0-49 | STR_Camaro_Lesnik_name (ownerId:442990275 - pos <1956.200317, 9.871473, 8872.092773> - islocked:true - password:42014201) initialized
6-0-49 | STR_EGER_name (ownerId:980466132 - pos <3688.988037, 12.084239, 9772.874023> - islocked:true - password:22392239) initialized
6-0-49 | Olga 24 (ownerId:86564395 - pos <5683.289063, 5.538044, 9264.157227> - islocked:true - password:59005900) initialized
6-0-49 | UAZ_2315 Red (ownerId:405166905 - pos <6231.651855, 5.504872, 9596.621094> - islocked:true - password:1111991) initialized
6-0-49 | ToyotaHilux Camo (ownerId:442990275 - pos <7248.804688, 25.022593, 1970.907349> - islocked:true - password:42014201) initialized
6-0-49 | MH-6M Little Bird - Camo (ownerId:369601190 - pos <7249.644043, 226.110855, 11622.109375> - islocked:true - password:80081355) initialized
6-0-49 | LUAZ 969 black (ownerId:88929178 - pos <4146.072266, 4.054571, 4199.206543> - islocked:true - password:371400) initialized
6-0-49 | MOSKVICH 2140 (ownerId:288122462 - pos <6883.863281, 34.121441, 5878.004883> - islocked:true - password:12321123) initialized
6-0-49 | MOSKVICH 2140 (ownerId:54276291 - pos <5440.882813, 6.819327, 4639.783691> - islocked:true - password:12348262) initialized
6-0-49 | Jeep Wrangler (ownerId:944065078 - pos <5667.188477, 29.419437, 5339.477051> - islocked:false - password:97319731) initialized
6-0-49 | Audi RS6 (ownerId:85319837 - pos <5682.032715, 33.497334, 5242.730957> - islocked:true - password:1111110) initialized
6-0-49 | MOSKVICH 2140 (ownerId:137318436 - pos <4304.500000, 3.855570, 4680.525391> - islocked:true - password:20090909) initialized
6-0-49 | Olga 24 (ownerId:416867315 - pos <5378.852051, 74.598732, 3968.254150> - islocked:true - password:19993420) initialized
6-0-49 | LUAZ 969 black (ownerId:36527682 - pos <7718.376953, 36.262550, 6068.660645> - islocked:true - password:93991005) initialized
