Creation Time: 2023_7_28-0-0-58
0-0-58 | Offroad Range Rover Yellow  (ownerId:103808025 - pos <7264.238281, 602.155884, 11730.521484> - islocked:true - password:55677777) initialized
0-0-58 | LUAZ 969 (ownerId:75086644 - pos <2135.371582, 14.966349, 9181.180664> - islocked:true - password:10182009) initialized
0-0-58 | HAMMER_H1 (ownerId:965259563 - pos <1962.524902, 9.924916, 9065.128906> - islocked:true - password:54146888) initialized
0-0-58 | UAZ HUNTER (ownerId:447071218 - pos <1761.510986, 9.874903, 8941.979492> - islocked:true - password:15148636) initialized
0-0-58 | BMW (ownerId:442990275 - pos <1991.421875, 10.028566, 9032.136719> - islocked:true - password:42014201) initialized
0-0-58 | MH-6M Little Bird - Camo (ownerId:132652049 - pos <1992.336670, 45.808281, 9015.568359> - islocked:true - password:9021997) initialized
0-0-58 | UH-60 Blackhawk Cargo (ownerId:119248354 - pos <2000.015137, 45.147614, 9025.759766> - islocked:false - password:11082007) initialized
0-0-58 | ToyotaHilux White (ownerId:511479797 - pos <1758.813599, 9.921196, 8917.703125> - islocked:true - password:27181500) initialized
0-0-58 | Olga 24 (ownerId:511479797 - pos <1755.021240, 9.788719, 8921.340820> - islocked:true - password:27181500) initialized
0-0-58 | UH-60 Blackhawk - Budhawk (ownerId:511479797 - pos <1739.394287, 20.607359, 8910.640625> - islocked:true - password:27181500) initialized
0-0-58 | MH-6M Little Bird - Camo (ownerId:447071218 - pos <1723.946899, 21.221218, 8895.350586> - islocked:true - password:15148636) initialized
0-0-58 | Toyota Land Cruiser 200 Camo2  (ownerId:24259541 - pos <7853.908691, 3.342325, 3840.548096> - islocked:true - password:17500720) initialized
0-0-58 | Olga 24 (ownerId:40055959 - pos <8923.684570, 5.862722, 10450.658203> - islocked:true - password:19711971) initialized
0-0-58 | UAZ469 (ownerId:40055959 - pos <8935.064453, 6.384639, 10443.116211> - islocked:true - password:19711971) initialized
0-0-58 | MH-6M Little Bird - Camo (ownerId:523450192 - pos <6468.672363, 36.179020, 8411.450195> - islocked:true - password:22392239) initialized
0-0-58 | STR_EGER_GreenCamo_name (ownerId:523991778 - pos <6472.812012, 26.201216, 8385.201172> - islocked:true - password:22392239) initialized
0-0-58 | Gelenvagen white_camo2 (ownerId:523450192 - pos <6477.413086, 26.239647, 8388.282227> - islocked:true - password:22392239) initialized
0-0-58 | Velociraptor6x6 Camo2  (ownerId:262549311 - pos <7894.809082, 3.571512, 5949.444336> - islocked:true - password:24680000) initialized
0-0-58 | Mercedes-Benz W140 Blue (ownerId:88929178 - pos <7725.359375, 6.166998, 6795.729980> - islocked:true - password:371400) initialized
0-0-58 | Toyota Land Cruiser 200 Camo2  (ownerId:88929178 - pos <7728.019531, 6.374517, 6790.578613> - islocked:true - password:371400) initialized
0-0-58 | STR_Camaro_Veter_name (ownerId:88929178 - pos <7719.933594, 6.170792, 6786.017090> - islocked:true - password:371400) initialized
0-0-58 | MH-6M Little Bird - Camo (ownerId:88929178 - pos <7720.086914, 13.613595, 6788.978516> - islocked:true - password:371400) initialized
0-0-58 | Toyota Land Cruiser 200 Camo (ownerId:119311623 - pos <4246.874023, 21.187662, 7294.260254> - islocked:true - password:7101993) initialized
0-0-58 | BMW X5 Black (ownerId:215888376 - pos <4249.638672, 21.092598, 7297.039551> - islocked:true - password:7101993) initialized
0-0-58 | Nissan warrior Camo (ownerId:119311623 - pos <4251.785156, 21.283245, 7299.261719> - islocked:true - password:7101993) initialized
0-0-58 | Oshkosh grey (ownerId:64819467 - pos <4245.042969, 21.536226, 7274.151367> - islocked:true - password:7101993) initialized
0-0-58 | MOSKVICH 2140 (ownerId:882346394 - pos <6661.078613, 15.562315, 6320.574219> - islocked:true - password:42091103) initialized
0-0-58 | STR_EGER_GreenCamo_name (ownerId:197257182 - pos <3979.535645, 25.917406, 4834.988770> - islocked:true - password:48151623) initialized
0-0-58 | Olga 24 (ownerId:327529037 - pos <3978.336182, 25.518734, 4830.797852> - islocked:true - password:29292900) initialized
0-0-58 |  Novator Flecktarn (ownerId:93344906 - pos <3979.690918, 25.744307, 4838.465332> - islocked:true - password:29292900) initialized
0-0-58 | Oshkosh (ownerId:197257182 - pos <3969.650635, 25.848604, 4840.184570> - islocked:true - password:48151623) initialized
0-0-58 | Gaz 71 Black (ownerId:119248354 - pos <3961.813965, 25.741259, 4838.065918> - islocked:false - password:11082007) initialized
0-0-58 | MH-6M Little Bird - Camo (ownerId:197257182 - pos <3949.710449, 36.709953, 4814.644531> - islocked:true - password:48151623) initialized
0-0-58 | Robinson R22 Helicopter - Black (ownerId:197257182 - pos <3941.461914, 35.978531, 4819.106445> - islocked:true - password:48151623) initialized
0-0-58 | MH-6M Little Bird (ownerId:17954802 - pos <3789.658447, 19.067055, 2580.426025> - islocked:true - password:20090909) initialized
0-0-58 | UAZ_2315 (ownerId:17954802 - pos <3774.965088, 6.445004, 2587.189453> - islocked:true - password:20090909) initialized
0-0-58 | LUAZ 969 red (ownerId:405166905 - pos <5645.637207, 28.383175, 5434.256836> - islocked:true - password:11111111) initialized
0-0-58 | Opel Astra Chrome (ownerId:127107249 - pos <5656.832031, 28.954996, 5381.956543> - islocked:true - password:12186270) initialized
0-0-58 | Gunter 2 (ownerId:48698262 - pos <5641.036621, 28.942392, 5322.973145> - islocked:true - password:48151623) initialized
0-0-58 | Chevrolet Corvette kamo (ownerId:442990275 - pos <5636.846191, 29.021055, 5360.012207> - islocked:true - password:37579090) initialized
0-0-58 | MH-6M Little Bird (ownerId:442990275 - pos <5635.701172, 29.997135, 5356.944824> - islocked:true - password:37579090) initialized
0-0-58 | Gunter 2 (ownerId:218588421 - pos <3805.896484, 6.893484, 5906.625000> - islocked:true - password:3081984) initialized
0-0-58 | Robinson R22 Helicopter - Black (ownerId:521855408 - pos <6062.774414, 32.809986, 5259.116211> - islocked:true - password:9102021) initialized
0-0-58 | Jeep Wrangler Camo (ownerId:526094573 - pos <5695.989746, 31.555733, 5231.927246> - islocked:true - password:11025255) initialized
0-0-58 | Ada 4x4 (ownerId:369601190 - pos <5474.475098, 15.605675, 4931.196289> - islocked:true - password:42014201) initialized
0-0-58 | Mercedes-Benz W140 gold (ownerId:369601190 - pos <5444.342773, 15.182719, 4917.408691> - islocked:true - password:80081355) initialized
0-0-58 | UAZ 3909 Beige (ownerId:795695470 - pos <5468.091309, 15.597899, 4924.886719> - islocked:true - password:8031991) initialized
0-0-58 | Chevrolet Corvette (ownerId:407766611 - pos <6000.451172, 13.610808, 4982.084473> - islocked:true - password:55252252) initialized
0-0-58 | STR_Camaro_Sibirs_name (ownerId:407766611 - pos <5983.155762, 13.828516, 4983.387695> - islocked:true - password:55555552) initialized
0-0-58 | MUSTANG white (ownerId:407766611 - pos <5999.725098, 14.013290, 4970.766113> - islocked:true - password:55252252) initialized
0-0-58 | Gelenvagen carbon (ownerId:407766611 - pos <5987.045410, 14.379903, 4969.809570> - islocked:true - password:80081355) initialized
0-0-58 | Velociraptor6x6 Camo (ownerId:407766611 - pos <5977.549316, 14.299557, 4972.377930> - islocked:true - password:80081355) initialized
0-0-58 | Velociraptor6x6 Camo2  (ownerId:407766611 - pos <5983.995117, 14.216504, 4965.224121> - islocked:true - password:80081355) initialized
0-0-58 | BMW X5 White  (ownerId:407766611 - pos <6061.447266, 12.869501, 4955.029297> - islocked:true - password:80081355) initialized
0-0-58 | BMW black (ownerId:407766611 - pos <6045.813965, 12.806575, 4956.924316> - islocked:true - password:80081355) initialized
0-0-58 | Olga 24 (ownerId:407766611 - pos <6037.346191, 13.055588, 4954.377930> - islocked:true - password:80081355) initialized
0-0-58 | BMW lightgreen (ownerId:407766611 - pos <6050.001953, 12.794434, 4957.398438> - islocked:true - password:80081355) initialized
0-0-58 | UAZ 3909 Police (ownerId:60592768 - pos <3231.802246, 3.497946, 1732.127563> - islocked:true - password:13121312) initialized
0-0-58 | STR_Camaro_Nest_name (ownerId:60592768 - pos <3246.729492, 3.116042, 1751.048828> - islocked:true - password:13121312) initialized
0-0-58 | Offroad Range Rover police  (ownerId:60592768 - pos <3241.604736, 3.228037, 1721.981323> - islocked:true - password:13121312) initialized
0-37-41 | MH-6M Little Bird (ownerId:17954802 - pos <3435.664795, -6.878182, 2034.445435> - islocked:false - password:20090909) has been deleted
2-0-15 | Robinson R22 Helicopter - Black (ownerId:327529037 - pos <5676.036621, 32.752422, 5253.283203> - islocked:true - password:42042089) new car claimed
3-46-18 | MH-6M Little Bird (ownerId:442990275 - pos <5620.699219, 28.725765, 5380.481445> - islocked:false - password:37579090) has been deleted
4-21-15 | Robinson R22 Helicopter - Black (ownerId:327529037 - pos <5676.036621, 32.752422, 5253.283203> - islocked:true - password:42042089) has been deleted
5-31-13 | MH-6M Little Bird (ownerId:17954802 - pos <5613.599121, 28.717567, 5356.362305> - islocked:true - password:20090909) new car claimed
5-33-50 | UAZ_2315 (ownerId:17954802 - pos <5597.744629, 28.706028, 5360.222656> - islocked:true - password:20090909) has been deleted
5-58-29 | UAZ_2315 (ownerId:17954802 - pos <3765.243652, 5.780000, 2583.937012> - islocked:true - password:20090909) new car claimed
5-58-29 | UAZ_2315 (ownerId:17954802 - pos <3765.243652, 5.780000, 2583.937012> - islocked:true - password:20090909) initialized
