Creation Time: 2023_7_19-0-0-56
0-0-56 | UAZ 3909 Beige (ownerId:795695470 - pos <5623.901855, 29.497906, 5349.654297> - islocked:true - password:8031991) initialized
0-0-56 | MH-6M Little Bird - Camo (ownerId:132652049 - pos <5679.368652, 30.092627, 5388.674805> - islocked:true - password:9021997) initialized
0-0-56 | Ada 4x4 (ownerId:369601190 - pos <5668.544434, 29.263559, 5470.102051> - islocked:true - password:42014201) initialized
0-0-56 | Velociraptor6x6 Camo2  (ownerId:407766611 - pos <5617.958984, 29.525602, 5391.389648> - islocked:true - password:55555552) initialized
0-0-56 | STR_EGER_GreenCamo_name (ownerId:197257182 - pos <2774.560059, 70.024002, 4666.657715> - islocked:true - password:48151623) initialized
0-0-56 | Oshkosh (ownerId:197257182 - pos <2799.743652, 69.918594, 4662.980469> - islocked:true - password:48151623) initialized
0-0-56 |  Novator Flecktarn (ownerId:48698262 - pos <2795.424316, 69.814293, 4663.095215> - islocked:true - password:48151623) initialized
0-0-56 | SCOUT Black (ownerId:442990275 - pos <2071.344727, 9.957123, 9041.843750> - islocked:true - password:37579090) initialized
0-0-56 | Toyota Land Cruiser 200 Camo2  (ownerId:93344906 - pos <2788.621582, 69.607208, 4659.981934> - islocked:true - password:48151623) initialized
0-0-56 | MOSKVICH 2140 (ownerId:882346394 - pos <6661.942383, 15.562334, 6318.884766> - islocked:true - password:42091103) initialized
0-0-56 | Jeep Wrangler green  (ownerId:523450192 - pos <5904.621094, 37.197468, 5221.705078> - islocked:false - password:22392239) initialized
0-0-56 | STR_EGER_GreenCamo_name (ownerId:523991778 - pos <5899.111328, 37.135448, 5221.916992> - islocked:true - password:22392239) initialized
0-0-56 | MH-6M Little Bird - Camo (ownerId:523450192 - pos <5891.236328, 41.853737, 5228.727051> - islocked:true - password:22392239) initialized
0-0-56 | Gunter 2 (ownerId:48698262 - pos <2788.214600, 24.363903, 4831.662598> - islocked:true - password:48151623) initialized
0-0-56 | UAZ_2315 Red (ownerId:369601190 - pos <5657.113281, 33.998569, 5235.577637> - islocked:true - password:45645645) initialized
0-0-56 | UAZ HUNTER (ownerId:442990275 - pos <5683.728516, 33.470573, 5267.362793> - islocked:true - password:37579090) initialized
0-0-56 | Gunter 2 (ownerId:442990275 - pos <5687.659180, 33.537640, 5265.115234> - islocked:true - password:42014201) initialized
0-0-56 | HAMMER_H1 (ownerId:262549311 - pos <7191.822266, 61.560001, 5889.475586> - islocked:false - password:24680000) initialized
0-0-56 | Sarka 120 (ownerId:119311623 - pos <3402.779785, 23.255072, 6189.940430> - islocked:true - password:7101993) initialized
0-0-56 | Gunter 2 (ownerId:218588421 - pos <3806.478027, 6.938480, 5908.051270> - islocked:true - password:3081984) initialized
0-0-56 | Offroad Range Rover Yellow  (ownerId:103808025 - pos <3635.528076, 16.122322, 9634.206055> - islocked:true - password:55677777) initialized
0-0-56 | UH-60 Blackhawk - blackblackhawk (ownerId:88929178 - pos <4427.373535, 11.961839, 4606.234863> - islocked:true - password:371400) initialized
0-0-56 | URAL 4320 KUNG (ownerId:88929178 - pos <4421.651367, 7.278533, 4606.825195> - islocked:true - password:371400) initialized
0-0-56 | Offroad Range Rover police  (ownerId:60592768 - pos <3235.147705, 3.228037, 1724.893433> - islocked:true - password:13121312) initialized
0-0-56 | UAZ 3909 Police (ownerId:60592768 - pos <3231.902100, 3.497940, 1731.629761> - islocked:true - password:13121312) initialized
0-0-56 | STR_Camaro_Nest_name (ownerId:60592768 - pos <3245.895752, 3.116042, 1751.002075> - islocked:true - password:13121312) initialized
0-0-56 | MUSTANG Red (ownerId:407766611 - pos <9997.804688, 22.648695, 11025.042969> - islocked:false - password:55555552) initialized
0-0-56 | LUAZ 969 red (ownerId:405166905 - pos <5356.917969, 35.382145, 641.903625> - islocked:true - password:11111111) initialized
0-0-56 | ToyotaHilux rust (ownerId:526094573 - pos <5360.789063, 3.341197, 7457.451172> - islocked:false - password:77899511) initialized
0-0-56 | BMW X5 Flecktarn (ownerId:53415379 - pos <4262.697754, 20.914974, 7259.601074> - islocked:true - password:7101993) initialized
0-0-56 | Toyota Land Cruiser 200 Camo (ownerId:119311623 - pos <4269.519531, 21.010040, 7264.751465> - islocked:true - password:7101993) initialized
0-0-56 | Oshkosh grey (ownerId:64819467 - pos <4275.676270, 21.358603, 7271.528320> - islocked:true - password:7101993) initialized
0-0-56 | Nissan warrior Camo (ownerId:526094573 - pos <3527.095459, 3.447879, 3306.361572> - islocked:false - password:77899511) initialized
1-31-37 | PAZ (Blue) (ownerId:442990275 - pos <5630.047852, 29.010006, 5363.313965> - islocked:true - password:42014201) new car claimed
1-31-37 | PAZ (Blue) (ownerId:442990275 - pos <5630.047852, 29.010006, 5363.313965> - islocked:true - password:42014201) initialized
1-37-59 | PAZ (Blue) (ownerId:442990275 - pos <5634.814453, 28.097118, 5335.619629> - islocked:false - password:42014201) has been deleted
1-41-15 | PAZprison (Blue) (ownerId:442990275 - pos <5607.910156, 28.498838, 5354.992188> - islocked:true - password:42014201) new car claimed
1-43-3 | PAZprison (Blue) (ownerId:442990275 - pos <5607.910156, 28.499012, 5354.992188> - islocked:false - password:42014201) has been deleted
3-4-47 | Olga 24 (ownerId:442990275 - pos <9411.413086, 29.632931, 7547.048828> - islocked:true - password:42014201) new car claimed
3-5-8 | Olga 24 (ownerId:442990275 - pos <9411.413086, 29.632931, 7547.048828> - islocked:true - password:42014201) has been deleted
3-56-23 | Olga 24 (ownerId:442990275 - pos <5033.751465, 6.719240, 13004.129883> - islocked:true - password:42014201) new car claimed
3-56-23 | Olga 24 (ownerId:442990275 - pos <5033.751465, 6.712111, 13004.129883> - islocked:true - password:42014201) initialized
4-10-18 | Olga 24 (ownerId:442990275 - pos <5033.714844, 6.342393, 13004.143555> - islocked:true - password:42014201) has been deleted
