Creation Time: 2023_6_6-7-59-41
7-59-41 | MH-6M Little Bird - Desert (ownerId:132652049 - pos <10045.665039, 8.208423, 1098.988281> - islocked:false - password:13579246) initialized
7-59-41 | ToyotaHilux White (ownerId:60592768 - pos <9560.011719, 4.309700, 5946.576660> - islocked:true - password:19651965) initialized
7-59-41 | Ada 4x4 (ownerId:839735782 - pos <4959.767090, 15.151787, 8482.845703> - islocked:true - password:1051997) initialized
7-59-41 | M3S Covered (ownerId:249230507 - pos <8282.159180, 5.025788, 9352.222656> - islocked:true - password:33333333) initialized
7-59-41 | Robinson R22 Helicopter (ownerId:249230507 - pos <8092.914063, 13.178655, 9330.942383> - islocked:true - password:33333333) initialized
7-59-41 | Sarka 120 (ownerId:144736642 - pos <7340.217773, 7.426147, 8406.367188> - islocked:true - password:41941941) initialized
7-59-41 | Olga 24 (ownerId:86564395 - pos <5683.289063, 5.538044, 9264.157227> - islocked:true - password:59005900) initialized
7-59-41 | YAR_87 Camo2  (ownerId:34611550 - pos <2479.795898, 18.703531, 13963.016602> - islocked:true - password:19892004) initialized
7-59-41 | STR_EGER_name (ownerId:980466132 - pos <3688.984131, 12.083714, 9772.874023> - islocked:true - password:22392239) initialized
7-59-41 | Jeep Wrangler black  (ownerId:308099129 - pos <3929.318359, 12.055122, 7918.307129> - islocked:true - password:9131988) initialized
7-59-41 | M3S Covered (ownerId:86564395 - pos <4550.290527, 27.460207, 7875.549805> - islocked:false - password:59005900) initialized
7-59-41 | UAZ_2315 Red (ownerId:405166905 - pos <3412.377930, 19.420671, 4543.563965> - islocked:true - password:1111991) initialized
7-59-41 | Jeep Wrangler Blue (ownerId:34611550 - pos <4246.239258, 21.212746, 7292.730957> - islocked:true - password:19892004) initialized
7-59-41 | MH-6M Little Bird (ownerId:34611550 - pos <4271.984863, 21.744884, 7303.545410> - islocked:true - password:19892004) initialized
7-59-41 | Olga 24 (ownerId:501895347 - pos <3569.565430, 21.127218, 6543.795410> - islocked:true - password:42775920) initialized
7-59-41 | LUAZ 969 black (ownerId:36527682 - pos <7718.376953, 36.262547, 6068.660645> - islocked:true - password:93991005) initialized
7-59-41 | Jeep Wrangler (ownerId:944065078 - pos <5667.188477, 29.418879, 5339.477051> - islocked:false - password:97319731) initialized
7-59-41 | MOSKVICH 2140 (ownerId:54276291 - pos <5440.811035, 6.824755, 4639.786621> - islocked:true - password:12348262) initialized
7-59-41 | MH-6M Little Bird - Camo (ownerId:369601190 - pos <5672.909180, 34.533329, 5248.155762> - islocked:true - password:80081355) initialized
7-59-41 | Audi RS6 (ownerId:85319837 - pos <5682.031250, 33.497265, 5242.731445> - islocked:true - password:1111110) initialized
7-59-41 | MOSKVICH 2140 (ownerId:288122462 - pos <6883.863281, 34.121437, 5878.004883> - islocked:true - password:12321123) initialized
7-59-41 | MOSKVICH 2140 (ownerId:137318436 - pos <4304.500488, 3.855547, 4680.525391> - islocked:true - password:20090909) initialized
7-59-41 | Olga 24 (ownerId:416867315 - pos <5378.852051, 74.598717, 3968.254150> - islocked:true - password:19993420) initialized
7-59-41 | LUAZ 969 black (ownerId:88929178 - pos <4146.072754, 4.054566, 4199.207031> - islocked:true - password:371400) initialized
7-59-41 | ToyotaHilux Camo (ownerId:442990275 - pos <1972.933838, 10.226633, 8857.317383> - islocked:true - password:42014201) initialized
7-59-41 | STR_Camaro_Lesnik_name (ownerId:442990275 - pos <1963.729858, 9.871473, 8861.066406> - islocked:true - password:42014201) initialized
9-51-10 | Olga 24 (ownerId:369601190 - pos <5636.788574, 28.843124, 5424.643066> - islocked:true - password:80081355) new car claimed
9-51-10 | Olga 24 (ownerId:369601190 - pos <5636.788574, 28.843124, 5424.643066> - islocked:true - password:80081355) initialized
11-7-4 | Olga 24 (ownerId:369601190 - pos <5666.913574, 28.142212, 5471.857910> - islocked:false - password:80081355) has been deleted
