Creation Time: 2023_4_20-22-1-42
22-1-42 | UH-60 Blackhawk Cargo (ownerId:980466132 - pos <1464.476318, 11.496821, 15309.611328> - islocked:true - password:22392239) initialized
22-1-42 | Bell 429 Helicopter (ownerId:195214598 - pos <8112.442871, 214.221115, 11880.533203> - islocked:true - password:52898952) initialized
22-1-42 | UH-60 Blackhawk - blackblackhawk (ownerId:195214598 - pos <8069.666992, 215.248917, 11834.370117> - islocked:true - password:89895252) initialized
22-1-42 | M3S Covered (ownerId:67657702 - pos <10219.401367, 20.316063, 7928.493652> - islocked:false - password:19944991) initialized
22-1-42 | MH-6M Little Bird - Desert (ownerId:62166080 - pos <6773.009766, 54.240791, 1834.931763> - islocked:true - password:22392239) initialized
22-1-42 | Robinson R22 Helicopter - Black (ownerId:62166080 - pos <6786.493164, 53.509369, 1834.473999> - islocked:true - password:22392239) initialized
22-1-42 | Olga 24 (ownerId:62166080 - pos <6795.434082, 39.125092, 1803.797729> - islocked:true - password:22392239) initialized
22-1-42 | M3S Covered (ownerId:62166080 - pos <6795.887695, 39.129284, 1808.995361> - islocked:false - password:22392239) initialized
22-1-42 | Ada 4x4 (ownerId:980466132 - pos <6800.919922, 39.178162, 1804.990601> - islocked:true - password:22392239) initialized
22-1-42 | Ada 4x4 (ownerId:62166080 - pos <6801.051758, 39.178257, 1800.987427> - islocked:true - password:22392239) initialized
22-1-42 | Sarka 120 (ownerId:980466132 - pos <6795.105957, 39.738499, 1800.803101> - islocked:true - password:22392239) initialized
22-1-42 | Gunter 2 (ownerId:965259563 - pos <3734.646240, 5.683284, 2547.140137> - islocked:true - password:11367275) initialized
22-1-42 | M3S Covered (ownerId:965259563 - pos <3757.226318, 5.599280, 2565.209717> - islocked:false - password:11367275) initialized
22-1-42 | Olga 24 (ownerId:965259563 - pos <3750.340820, 5.595254, 2577.202637> - islocked:true - password:11367275) initialized
22-1-42 | Olga 24 (ownerId:288122462 - pos <5668.051270, 28.911133, 5408.250000> - islocked:true - password:12011152) initialized
22-1-42 | Sarka 120 (ownerId:405166905 - pos <5628.688965, 29.306007, 5419.512207> - islocked:true - password:19910111) initialized
22-1-42 | Sarka 120 (ownerId:194642746 - pos <5657.135742, 28.686033, 5393.933105> - islocked:true - password:15474555) initialized
22-1-42 | M3S Covered (ownerId:944065078 - pos <7651.871094, 20.338976, 3863.851563> - islocked:false - password:25082508) initialized
22-1-42 | Olga 24 (ownerId:944065078 - pos <7655.444824, 19.534561, 3867.467041> - islocked:true - password:97319731) initialized
22-1-42 | Sarka 120 (ownerId:944065078 - pos <7658.119141, 18.593668, 3869.336914> - islocked:true - password:25082508) initialized
22-1-42 | Robinson R22 Helicopter (ownerId:965259563 - pos <3801.712891, 6.131206, 2550.119629> - islocked:true - password:11367275) initialized
22-1-42 | M3S Covered (ownerId:108250772 - pos <4521.240234, 10.390307, 3203.354980> - islocked:true - password:78945612) initialized
22-1-42 | Bell 429 Helicopter (ownerId:88929178 - pos <4535.771973, 17.384161, 3159.236572> - islocked:true - password:371400) initialized
22-1-42 | UH-60 Blackhawk - Woodland (ownerId:85319837 - pos <3985.974121, 16.854172, 3474.665039> - islocked:true - password:1111110) initialized
22-1-42 | Robinson R22 Helicopter - Red (ownerId:71319946 - pos <2665.577637, 35.751202, 3317.651611> - islocked:true - password:19944991) initialized
22-1-42 | UH-60 Blackhawk - blackblackhawk (ownerId:195214598 - pos <3224.051514, 7.616047, 1721.952026> - islocked:true - password:52528989) initialized
22-1-42 | Robinson R22 Helicopter (ownerId:195214598 - pos <5671.535156, 33.241188, 5256.130859> - islocked:true - password:52528989) initialized
22-1-42 | Sarka 120 (ownerId:22592522 - pos <6230.294922, 5.538350, 9589.271484> - islocked:true - password:5210521) initialized
22-1-42 | M3S Covered (ownerId:8156911 - pos <6232.801758, 5.800137, 9593.156250> - islocked:false - password:15500000) initialized
22-1-42 | Robinson R22 Helicopter - Black (ownerId:980466132 - pos <7348.521973, 101.077187, 6033.944824> - islocked:true - password:22392239) initialized
22-1-42 | Robinson R22 Helicopter - Black (ownerId:34745177 - pos <9138.470703, 47.956463, 3793.865723> - islocked:false - password:67698687) initialized
22-1-42 | Robinson R22 Helicopter (ownerId:940915030 - pos <9512.575195, 102.761208, 3733.148193> - islocked:true - password:11853737) initialized
22-1-42 | Sarka 120 (ownerId:940915030 - pos <9511.229492, 102.703026, 3751.684814> - islocked:true - password:11853737) initialized
22-44-27 | Land Rover Defender 110 Red (ownerId:108250772 - pos <5627.018066, 28.729582, 5386.993164> - islocked:true - password:78945612) new car claimed
22-46-25 | Land Rover Defender 110 UN (ownerId:108250772 - pos <5622.214844, 28.729584, 5381.193359> - islocked:true - password:78945612) new car claimed
22-47-2 | Land Rover Defender 110 UN (ownerId:108250772 - pos <5622.214844, 28.729584, 5381.193359> - islocked:false - password:-1) new car claimed
22-49-0 | Land Rover Defender 110 Green (ownerId:85319837 - pos <5617.498047, 28.729584, 5378.177734> - islocked:true - password:1111110) new car claimed
22-55-25 | Land Rover Defender 110 Red (ownerId:108250772 - pos <5627.018066, 28.729582, 5386.993164> - islocked:false - password:-1) new car claimed
23-11-41 | Ada 4x4 (ownerId:80291406 - pos <7325.148438, 3.235630, 7786.049805> - islocked:true - password:84) new car claimed
23-11-41 | Ada 4x4 (ownerId:80291406 - pos <7325.148926, 2.958573, 7786.053711> - islocked:true - password:84) initialized
23-15-49 | Land Rover Defender 110 (ownerId:108250772 - pos <5625.815918, 28.729584, 5376.874512> - islocked:true - password:14725836) new car claimed
23-16-28 | Land Rover Defender 110 Red (ownerId:108250772 - pos <5627.018066, 28.729582, 5386.993164> - islocked:true - password:14725836) new car claimed
23-17-22 | Land Rover Defender 110 UN (ownerId:108250772 - pos <5622.214844, 28.729584, 5381.193359> - islocked:true - password:14725836) new car claimed
23-23-10 | Ada 4x4 (ownerId:80291406 - pos <5629.034668, 28.750700, 5413.583984> - islocked:false - password:84) has been deleted
23-52-14 | Land Rover Defender 110 (ownerId:192139039 - pos <5621.472656, 28.729584, 5352.372070> - islocked:true - password:7161994) new car claimed
