Creation Time: 2023_5_26-7-48-11
7-48-11 | Cougar Camo kamo (ownerId:980466132 - pos <1447.440063, 3.095235, 6767.592285> - islocked:true - password:22392239) initialized
7-48-11 | Sarka 120 (ownerId:18558559 - pos <9030.011719, 6.586020, 9422.954102> - islocked:true - password:72066666) initialized
7-48-11 | Jeep Wrangler (ownerId:288122462 - pos <8283.520508, 5.735122, 8844.367188> - islocked:true - password:12321321) initialized
7-48-11 | Olga 24 (ownerId:36527682 - pos <7733.397461, 36.107796, 6085.733398> - islocked:true - password:10939910) initialized
7-48-11 | UAZ 3909 Khaki1 (ownerId:36527682 - pos <7717.199707, 36.455593, 6070.716309> - islocked:true - password:93991005) initialized
7-48-11 | Jeep Wrangler black  (ownerId:132652049 - pos <10675.310547, 3.405123, 3158.458008> - islocked:true - password:17392468) initialized
7-48-11 | SUV Camo (ownerId:442990275 - pos <2124.277344, 15.263946, 9180.041016> - islocked:true - password:42014201) initialized
7-48-11 | Olga 24 (ownerId:442990275 - pos <2121.612549, 18.358831, 9166.325195> - islocked:false - password:42014201) initialized
7-48-11 | Sarka 120 (ownerId:369601190 - pos <4471.817871, 29.384958, 7702.909180> - islocked:true - password:4031965) initialized
7-48-11 | UH-60 Blackhawk - blackblackhawk (ownerId:69839805 - pos <4261.034668, 21.234703, 7310.648926> - islocked:true - password:20090909) initialized
7-48-11 | Gaz 71 Black (ownerId:137318436 - pos <4248.160156, 21.428875, 7293.649902> - islocked:true - password:20090909) initialized
7-48-11 | Toyota Land Cruiser 200 (ownerId:308099129 - pos <3522.993896, 22.781887, 4590.057617> - islocked:true - password:9131988) initialized
7-48-11 | Olga 24 (ownerId:839735782 - pos <3591.365479, 10.842069, 3410.545166> - islocked:true - password:13579086) initialized
7-48-11 | YAR_87 Camo2  (ownerId:34611550 - pos <7501.515625, 3.344771, 5638.634277> - islocked:true - password:19892004) initialized
7-48-11 | MBB Bo-105m Helicopter - blackcamo (ownerId:132652049 - pos <5674.237305, 29.476894, 5388.618164> - islocked:true - password:86753099) initialized
7-48-11 | Sarka 120 (ownerId:108250772 - pos <5617.110840, 28.686033, 5394.026367> - islocked:true - password:3181989) initialized
7-48-11 | LUAZ 969 rust (ownerId:88929178 - pos <5625.482910, 29.296347, 5419.026855> - islocked:true - password:371400) initialized
7-48-11 | HAMMER_H1 black (ownerId:405166905 - pos <5195.087891, 4.949756, 5315.448730> - islocked:true - password:1111991) initialized
7-48-11 | M3S Covered (ownerId:442990275 - pos <5681.056152, 32.791447, 5269.845703> - islocked:true - password:37579090) initialized
7-48-11 | MOSKVICH 2140 (ownerId:304057481 - pos <6950.713379, 14.669794, 5719.594238> - islocked:true - password:42687931) initialized
7-48-11 | Ada 4x4 (ownerId:18558559 - pos <3960.623047, 24.960705, 4847.026855> - islocked:true - password:72066666) initialized
7-48-11 | MOSKVICH 2140 (ownerId:944065078 - pos <6394.415039, 23.181303, 6686.756348> - islocked:false - password:97319731) initialized
7-48-11 | STR_EGER_name (ownerId:69839805 - pos <4654.455566, 21.427404, 6880.252441> - islocked:true - password:20090909) initialized
7-48-11 | LUAZ 969 blue (ownerId:354151095 - pos <6972.173340, 14.597523, 5701.597656> - islocked:true - password:4250425) initialized
