Creation Time: 2023_5_24-18-0-57
18-0-57 | UAZ_2315 Camo2 (ownerId:442990275 - pos <2132.531738, 14.954864, 9176.054688> - islocked:false - password:42014201) initialized
18-0-57 | Jeep Wrangler black  (ownerId:132652049 - pos <10663.982422, 3.405122, 3151.652100> - islocked:false - password:17392468) initialized
18-0-57 | Jeep Wrangler (ownerId:288122462 - pos <8283.956055, 5.735122, 8845.133789> - islocked:false - password:12321321) initialized
18-0-57 | ToyotaHilux Red (ownerId:60592768 - pos <9562.668945, 4.356338, 5943.357910> - islocked:true - password:19651965) initialized
18-0-57 | Cougar Camo kamo (ownerId:980466132 - pos <1447.440552, 3.095259, 6767.592285> - islocked:true - password:22392239) initialized
18-0-57 | UAZ 3909 Khaki1 (ownerId:36527682 - pos <7718.837891, 36.424007, 6070.979980> - islocked:true - password:93991005) initialized
18-0-57 | Olga 24 (ownerId:36527682 - pos <7733.397461, 36.107784, 6085.732910> - islocked:true - password:10939910) initialized
18-0-57 | YAR_87 Camo2  (ownerId:34611550 - pos <7501.578613, 3.352664, 5638.127930> - islocked:true - password:19892004) initialized
18-0-57 | LUAZ 969 blue (ownerId:354151095 - pos <6972.173340, 14.597517, 5701.598145> - islocked:true - password:4250425) initialized
18-0-57 | MOSKVICH 2140 (ownerId:304057481 - pos <6950.713379, 14.669930, 5719.605469> - islocked:true - password:42687931) initialized
18-0-57 | MOSKVICH 2140 (ownerId:944065078 - pos <6394.414551, 23.181267, 6686.755859> - islocked:true - password:97319731) initialized
18-0-57 | UH-60 Blackhawk - blackblackhawk (ownerId:69839805 - pos <4264.869629, 21.234703, 7312.229492> - islocked:true - password:20090909) initialized
18-0-57 | STR_EGER_name (ownerId:69839805 - pos <4249.315430, 21.605034, 7295.935059> - islocked:true - password:20090909) initialized
18-0-57 | Gaz 71 Black (ownerId:137318436 - pos <4256.841309, 21.428879, 7292.367676> - islocked:true - password:20090909) initialized
18-0-57 | MBB Bo-105m Helicopter - blackcamo (ownerId:132652049 - pos <4282.284668, 3.403644, 2506.384766> - islocked:true - password:86753099) initialized
18-0-57 | Toyota Land Cruiser 200 (ownerId:308099129 - pos <3522.992920, 22.781889, 4590.057617> - islocked:true - password:9131988) initialized
18-0-57 | HAMMER_H1 black (ownerId:405166905 - pos <5195.087891, 4.949893, 5315.443848> - islocked:true - password:1111991) initialized
18-0-57 | Olga 24 (ownerId:839735782 - pos <3591.369385, 10.842533, 3410.570068> - islocked:true - password:13579086) initialized
18-0-57 | Sarka 120 (ownerId:108250772 - pos <5617.128906, 28.686020, 5394.036621> - islocked:true - password:3181989) initialized
18-0-57 | PAZ (green) (ownerId:980466132 - pos <5631.259277, 29.526325, 5379.812012> - islocked:true - password:22392239) initialized
18-0-57 | LUAZ 969 rust (ownerId:88929178 - pos <5625.482910, 29.296349, 5419.026855> - islocked:true - password:371400) initialized
18-0-57 | Toyota Land Cruiser 200 blood  (ownerId:62166080 - pos <5678.485840, 33.642204, 5245.500977> - islocked:true - password:22392239) initialized
18-0-57 | Sarka 120 (ownerId:442990275 - pos <5674.131836, 33.389622, 5273.806641> - islocked:true - password:37579090) initialized
18-0-57 | M3S Covered (ownerId:442990275 - pos <5681.186523, 32.821537, 5270.324219> - islocked:true - password:37579090) initialized
