Creation Time: 2023_4_27-1-0-23
1-0-23 | Robinson R22 Helicopter (ownerId:980466132 - pos <6777.678711, 54.635899, 1845.157959> - islocked:true - password:22392239) initialized
1-0-23 | Ada 4x4 (ownerId:62166080 - pos <6801.065430, 39.178059, 1809.609131> - islocked:true - password:22392239) initialized
1-0-23 | M3S Covered (ownerId:62166080 - pos <6795.131836, 39.137836, 1809.613525> - islocked:true - password:22392239) initialized
1-0-23 | Land Rover Defender 110 Green (ownerId:62166080 - pos <6795.712402, 39.705978, 1807.071655> - islocked:true - password:22392239) initialized
1-0-23 | Land Rover Defender 110 Red (ownerId:980466132 - pos <6795.948242, 39.705761, 1802.406006> - islocked:true - password:22392239) initialized
1-0-23 | Sarka 120 (ownerId:980466132 - pos <6801.542480, 39.738663, 1801.694946> - islocked:false - password:22392239) initialized
1-0-23 | Robinson R22 Helicopter (ownerId:965259563 - pos <3756.512451, 19.967382, 2601.171387> - islocked:true - password:11367275) initialized
1-0-23 | Land Rover Defender 110 Red (ownerId:965259563 - pos <3753.811768, 6.175954, 2569.325195> - islocked:false - password:11367275) initialized
1-0-23 | Olga 24 (ownerId:965259563 - pos <3730.443359, 5.467779, 2554.884033> - islocked:true - password:11367275) initialized
1-0-23 | UH-60 Blackhawk - Woodland (ownerId:85319837 - pos <3985.973633, 16.854177, 3474.665283> - islocked:true - password:1111110) initialized
1-0-23 | Land Rover Defender 110 (ownerId:192139039 - pos <5914.121094, 35.386021, 5193.933105> - islocked:true - password:7161994) initialized
1-0-23 | Robinson R22 Helicopter (ownerId:71319946 - pos <5672.808594, 33.907436, 5245.416016> - islocked:true - password:19944991) initialized
1-0-23 | Sarka 120 (ownerId:194642746 - pos <5445.481934, 5.329575, 4629.554688> - islocked:true - password:15474555) initialized
1-0-23 | Gunter 2 (ownerId:419387242 - pos <7065.159180, 45.118977, 2055.501465> - islocked:true - password:69694200) initialized
1-0-23 | Land Rover Defender 110 (ownerId:108250772 - pos <5625.816406, 29.278484, 5376.927734> - islocked:true - password:14725836) initialized
1-0-23 | Land Rover Defender 110 Red (ownerId:60592768 - pos <5678.317871, 29.278484, 5386.182129> - islocked:true - password:19651965) initialized
1-0-23 | Olga 24 (ownerId:288122462 - pos <5668.119629, 28.906786, 5408.224121> - islocked:true - password:12011152) initialized
1-0-23 | UH-60 Blackhawk - blackblackhawk (ownerId:195214598 - pos <3224.051514, 7.616046, 1721.948364> - islocked:true - password:52528989) initialized
1-0-23 | Robinson R22 Helicopter - Black (ownerId:980466132 - pos <7348.746094, 101.077301, 6033.853516> - islocked:true - password:22392239) initialized
1-0-23 | Olga 24 (ownerId:944065078 - pos <7705.426270, 36.627522, 6081.452148> - islocked:true - password:97319731) initialized
1-0-23 | Land Rover Defender 110 UN (ownerId:116364714 - pos <7713.597168, 36.267971, 6075.122559> - islocked:false - password:25082508) initialized
1-0-23 | M3S Covered (ownerId:944065078 - pos <7718.275879, 36.466976, 6089.899902> - islocked:false - password:25082508) initialized
1-0-23 | Sarka 120 (ownerId:944065078 - pos <7728.513184, 35.526165, 6087.271484> - islocked:false - password:25082508) initialized
1-0-23 | Ada 4x4 (ownerId:944065078 - pos <7733.061035, 35.535305, 6083.734863> - islocked:false - password:25082508) initialized
1-0-23 | M3S Covered (ownerId:965259563 - pos <5477.545410, 6.828559, 8608.797852> - islocked:true - password:11367275) initialized
1-0-23 | Sarka 120 (ownerId:22592522 - pos <6232.372559, 5.531151, 9589.974609> - islocked:true - password:5210521) initialized
1-0-23 | M3S Covered (ownerId:8156911 - pos <6232.800293, 5.800137, 9593.156250> - islocked:false - password:15500000) initialized
1-0-23 | Sarka 120 (ownerId:940915030 - pos <9511.229492, 102.703049, 3751.684570> - islocked:true - password:11853737) initialized
1-0-23 | Robinson R22 Helicopter (ownerId:940915030 - pos <9512.575195, 102.761208, 3733.148193> - islocked:true - password:11853737) initialized
1-0-23 | Robinson R22 Helicopter (ownerId:195214598 - pos <1114.771606, 56.352505, 10648.643555> - islocked:true - password:52528989) initialized
1-0-23 | Robinson R22 Helicopter - Black (ownerId:62166080 - pos <483.096893, 7.925381, 11816.083984> - islocked:true - password:22392239) initialized
1-0-23 | Land Rover Defender 110 Green (ownerId:177737910 - pos <2550.890869, 56.615612, 9454.166992> - islocked:true - password:25792579) initialized
1-0-23 | Sarka 120 (ownerId:405166905 - pos <10489.906250, 10.002516, 4274.236816> - islocked:true - password:19910111) initialized
1-0-23 | Land Rover Defender 110 UN (ownerId:85319837 - pos <7564.276367, 24.526594, 3950.393799> - islocked:true - password:9151985) initialized
1-0-23 | Gunter 2 (ownerId:984346468 - pos <4977.158691, 6.945407, 10194.711914> - islocked:false - password:83898389) initialized
