Creation Time: 2023_4_8-12-0-46
12-0-46 | Robinson R22 Helicopter - Red (ownerId:980466132 - pos <1915.143188, 9.841205, 8984.166992> - islocked:false - password:22392239) initialized
12-0-46 | Sarka 120 (ownerId:980466132 - pos <1927.358887, 9.166021, 8974.023438> - islocked:true - password:22392239) initialized
12-0-46 | Gunter 2 (ownerId:85319837 - pos <3966.467529, 16.286613, 3460.309570> - islocked:true - password:1111110) initialized
12-0-46 | UH-60 Blackhawk - Woodland (ownerId:85319837 - pos <3985.975830, 16.854149, 3474.664307> - islocked:true - password:1111110) initialized
12-0-46 | M3S Covered (ownerId:88929178 - pos <14168.349609, 137.431824, 2628.052979> - islocked:true - password:3070104) initialized
12-0-46 | MH-6M Little Bird - Desert (ownerId:62166080 - pos <11314.923828, 1.717223, 10937.437500> - islocked:false - password:22392239) initialized
12-0-46 | Olga 24 (ownerId:980466132 - pos <6800.473145, 39.125298, 1803.476685> - islocked:true - password:22392239) initialized
12-0-46 | Sarka 120 (ownerId:62166080 - pos <6800.775391, 39.113407, 1806.384155> - islocked:true - password:22392239) initialized
12-0-46 | Ada 4x4 (ownerId:980466132 - pos <6794.972656, 39.191948, 1804.176147> - islocked:true - password:22392239) initialized
12-0-46 | M3S Covered (ownerId:62166080 - pos <6796.261230, 39.129253, 1809.291382> - islocked:true - password:22392239) initialized
12-0-46 | Robinson R22 Helicopter - Black (ownerId:980466132 - pos <6770.972656, 53.509369, 1837.412231> - islocked:true - password:22392239) initialized
12-0-46 | Robinson R22 Helicopter - Black (ownerId:108250772 - pos <8696.025391, 2.231339, 5545.102539> - islocked:false - password:14789632) initialized
12-0-46 | Sarka 120 (ownerId:67657702 - pos <5909.921387, 1.380755, 8396.397461> - islocked:true - password:19944991) initialized
12-0-46 | Olga 24 (ownerId:195214598 - pos <5643.590332, 27.964701, 5437.860352> - islocked:false - password:52898989) initialized
12-59-17 | Olga 24 (ownerId:980466132 - pos <5160.178223, 5.170087, 9080.886719> - islocked:true - password:22392239) has been deleted
13-2-56 | Olga 24 (ownerId:62166080 - pos <5601.735840, 28.697773, 5361.443359> - islocked:true - password:22392239) new car claimed
13-19-36 | Sarka 120 (ownerId:31876567 - pos <5647.645508, 29.009996, 5408.127930> - islocked:true - password:18675309) new car claimed
13-19-36 | Sarka 120 (ownerId:31876567 - pos <5647.645508, 28.709997, 5408.127930> - islocked:true - password:18675309) initialized
13-30-0 | Sarka 120 (ownerId:31876567 - pos <6361.250488, 15.066028, 6201.770020> - islocked:false - password:18675309) has been deleted
14-23-51 | Sarka 120 (ownerId:31876567 - pos <6386.759277, 15.390000, 6207.000977> - islocked:true - password:18675309) new car claimed
14-23-51 | Sarka 120 (ownerId:31876567 - pos <6386.759277, 15.090000, 6207.000977> - islocked:true - password:18675309) initialized
14-37-15 | Sarka 120 (ownerId:31876567 - pos <8590.518555, 5.751725, 3613.524414> - islocked:false - password:18675309) has been deleted
14-45-6 | Olga 24 (ownerId:62166080 - pos <6799.931152, 39.125874, 1803.744751> - islocked:true - password:22392239) has been deleted
14-54-35 | Sarka 120 (ownerId:31876567 - pos <8746.523438, 6.101449, 3466.391602> - islocked:true - password:18675309) new car claimed
14-54-35 | Sarka 120 (ownerId:31876567 - pos <8746.523438, 5.801449, 3466.391602> - islocked:true - password:18675309) initialized
15-2-40 | Sarka 120 (ownerId:31876567 - pos <10243.244141, 41.325489, 4835.143555> - islocked:false - password:18675309) has been deleted
15-16-10 | Sarka 120 (ownerId:31876567 - pos <10223.159180, 42.036407, 4996.642090> - islocked:true - password:18675309) new car claimed
15-16-10 | Sarka 120 (ownerId:31876567 - pos <10223.159180, 41.736408, 4996.642090> - islocked:true - password:18675309) initialized
15-39-34 | Sarka 120 (ownerId:31876567 - pos <5613.065430, 28.686050, 5397.679199> - islocked:false - password:18675309) has been deleted
16-51-49 | Sarka 120 (ownerId:31876567 - pos <6539.417480, 25.180185, 4857.054688> - islocked:true - password:18675309) new car claimed
16-51-49 | Sarka 120 (ownerId:31876567 - pos <6539.415039, 24.894011, 4857.054199> - islocked:true - password:18675309) initialized
16-57-39 | Sarka 120 (ownerId:31876567 - pos <5654.229492, 28.686024, 5421.549316> - islocked:false - password:18675309) has been deleted
