Creation Time: 2023_4_14-0-0-56
0-0-56 | M3S Covered (ownerId:965259563 - pos <10790.105469, 2.641575, 3191.687988> - islocked:true - password:11367275) initialized
0-0-56 | Robinson R22 Helicopter (ownerId:965259563 - pos <4428.255859, 6.180602, 2904.960693> - islocked:true - password:11367275) initialized
0-0-56 | M3S Covered (ownerId:108250772 - pos <4513.166992, 10.470732, 3193.233154> - islocked:true - password:78945612) initialized
0-0-56 | UH-60 Blackhawk - Woodland (ownerId:85319837 - pos <3985.975098, 16.854158, 3474.664551> - islocked:true - password:1111110) initialized
0-0-56 | Robinson R22 Helicopter - Red (ownerId:71319946 - pos <5645.103516, 34.488743, 5234.618652> - islocked:true - password:19944991) initialized
0-0-56 | Sarka 120 (ownerId:940915030 - pos <9511.229492, 102.703011, 3751.685303> - islocked:true - password:11853737) initialized
0-0-56 | Robinson R22 Helicopter (ownerId:940915030 - pos <9512.575195, 102.761208, 3733.148193> - islocked:true - password:11853737) initialized
0-0-56 | M3S Covered (ownerId:67657702 - pos <10219.409180, 20.375776, 7929.725586> - islocked:false - password:19944991) initialized
0-0-56 | Robinson R22 Helicopter - Black (ownerId:108250772 - pos <8696.025391, 2.231339, 5545.102539> - islocked:false - password:14789632) initialized
0-0-56 | Robinson R22 Helicopter (ownerId:195214598 - pos <6914.962402, 2.682905, 7082.414551> - islocked:true - password:52528989) initialized
0-0-56 | Olga 24 (ownerId:965259563 - pos <3746.980469, 5.595232, 2566.004150> - islocked:true - password:11367275) initialized
0-0-56 | Gunter 2 (ownerId:965259563 - pos <3748.300537, 5.650948, 2573.669922> - islocked:true - password:11367275) initialized
0-0-56 | UH-60 Blackhawk - blackblackhawk (ownerId:195214598 - pos <8069.651855, 215.262024, 11834.333008> - islocked:true - password:89895252) initialized
0-0-56 | Ada 4x4 (ownerId:980466132 - pos <6799.758301, 39.194134, 1804.075684> - islocked:true - password:22392239) initialized
0-0-56 | Sarka 120 (ownerId:980466132 - pos <6795.550781, 39.113338, 1801.231201> - islocked:true - password:22392239) initialized
0-0-56 | Olga 24 (ownerId:62166080 - pos <6796.968262, 39.125271, 1807.459351> - islocked:true - password:22392239) initialized
0-0-56 | UH-60 Blackhawk Cargo (ownerId:980466132 - pos <6790.510742, 38.912117, 1852.107788> - islocked:false - password:22392239) initialized
0-0-56 | MH-6M Little Bird - Desert (ownerId:62166080 - pos <6772.994629, 55.366894, 1847.963623> - islocked:true - password:22392239) initialized
0-0-56 | Robinson R22 Helicopter - Black (ownerId:980466132 - pos <7344.840820, 101.076538, 6033.530273> - islocked:true - password:22392239) initialized
0-0-56 | Olga 24 (ownerId:288122462 - pos <5667.642578, 28.941893, 5408.275879> - islocked:true - password:12011152) initialized
2-1-35 | Bell 429 Helicopter (ownerId:195214598 - pos <8110.384766, 213.176575, 11883.566406> - islocked:true - password:52898952) new car claimed
2-8-22 | Bell 429 Helicopter - Zombie Slayer (ownerId:195214598 - pos <8108.381836, 213.173645, 11889.500977> - islocked:true - password:52895289) new car claimed
2-14-23 | Eurocopter EC135 Helicopter - BlackCamo (ownerId:85319837 - pos <8142.333496, 208.323135, 11828.818359> - islocked:true - password:14789632) new car claimed
2-38-52 | Bell 429 Helicopter - Zombie Slayer (ownerId:195214598 - pos <8108.381836, 213.173645, 11889.500977> - islocked:true - password:52895289) has been deleted
2-49-10 | Eurocopter EC135 Helicopter - BlackCamo (ownerId:85319837 - pos <8142.333496, 208.323135, 11828.818359> - islocked:true - password:14789632) has been deleted
