Creation Time: 2023_7_24-6-0-55
6-0-55 | LUAZ 969 red (ownerId:405166905 - pos <5356.917969, 35.382145, 641.903687> - islocked:true - password:11111111) initialized
6-0-55 | Velociraptor6x6 Camo2  (ownerId:407766611 - pos <9992.777344, 22.684904, 11025.113281> - islocked:true - password:55555552) initialized
6-0-55 | Toyota Land Cruiser 200 Camo2  (ownerId:24259541 - pos <7851.705078, 3.360453, 3841.262451> - islocked:true - password:17500720) initialized
6-0-55 | Offroad Range Rover Yellow  (ownerId:103808025 - pos <7264.238281, 602.155884, 11730.521484> - islocked:true - password:55677777) initialized
6-0-55 | UAZ469 (ownerId:40055959 - pos <8928.013672, 6.384641, 10451.108398> - islocked:true - password:19711971) initialized
6-0-55 | Olga 24 (ownerId:40055959 - pos <8923.685547, 5.862728, 10450.624023> - islocked:true - password:19711971) initialized
6-0-55 | Offroad Range Rover police  (ownerId:60592768 - pos <3240.920898, 3.228037, 1718.943604> - islocked:true - password:13121312) initialized
6-0-55 | UAZ 3909 Police (ownerId:60592768 - pos <3231.894531, 3.497945, 1731.675903> - islocked:true - password:13121312) initialized
6-0-55 | STR_Camaro_Nest_name (ownerId:60592768 - pos <3246.334717, 3.116042, 1751.296631> - islocked:true - password:13121312) initialized
6-0-55 | Chevrolet Corvette kamo (ownerId:89279995 - pos <3768.710938, 5.926556, 2601.715820> - islocked:true - password:20090909) initialized
6-0-55 | STR_EGER_GreenCamo_name (ownerId:197257182 - pos <2802.369629, 69.987404, 4663.776855> - islocked:true - password:48151623) initialized
6-0-55 | Gaz 71 Black (ownerId:119248354 - pos <2781.523926, 69.731850, 4655.937012> - islocked:true - password:11082007) initialized
6-0-55 | Oshkosh (ownerId:197257182 - pos <2799.506836, 69.918602, 4663.191895> - islocked:true - password:48151623) initialized
6-0-55 | Olga 24 (ownerId:327529037 - pos <2793.505859, 69.612740, 4660.238281> - islocked:true - password:29292900) initialized
6-0-55 | Olga 24 (ownerId:511479797 - pos <1742.365356, 9.988547, 8908.454102> - islocked:false - password:27181500) initialized
6-0-55 | HAMMER_H1 (ownerId:965259563 - pos <1891.736084, 9.924915, 9076.977539> - islocked:true - password:54146888) initialized
6-0-55 | MH-6M Little Bird (ownerId:442990275 - pos <1984.504639, 45.808212, 9024.157227> - islocked:true - password:37579090) initialized
6-0-55 | Sarka 120 (ownerId:442990275 - pos <1991.248779, 10.260272, 9032.504883> - islocked:true - password:42014201) initialized
6-0-55 | MH-6M Little Bird - Camo (ownerId:132652049 - pos <1992.329956, 45.808273, 9015.568359> - islocked:false - password:9021997) initialized
6-0-55 | LUAZ 969 (ownerId:75086644 - pos <2053.534668, 9.776348, 9038.392578> - islocked:true - password:10182009) initialized
6-0-55 | Gunter 2 (ownerId:218588421 - pos <3805.822998, 6.899592, 5906.676270> - islocked:true - password:3081984) initialized
6-0-55 | ToyotaHilux Blue (ownerId:369601190 - pos <5467.801270, 15.533912, 4917.354492> - islocked:true - password:55889789) initialized
6-0-55 | UAZ 3909 Beige (ownerId:795695470 - pos <5468.113281, 15.597904, 4925.075195> - islocked:true - password:8031991) initialized
6-0-55 | Ada 4x4 (ownerId:369601190 - pos <5474.476074, 15.606738, 4931.196289> - islocked:true - password:42014201) initialized
6-0-55 | SCOUT Black (ownerId:442990275 - pos <5474.078125, 15.577123, 4935.667480> - islocked:true - password:37579090) initialized
6-0-55 | STR_Camaro_Sibirs_name (ownerId:407766611 - pos <5480.655762, 15.164758, 4976.344238> - islocked:true - password:55555552) initialized
6-0-55 | UAZ HUNTER (ownerId:447071218 - pos <5087.648438, 15.240561, 7546.206543> - islocked:false - password:15148636) initialized
6-0-55 | STR_Camaro_Veter_name (ownerId:88929178 - pos <7707.080078, 5.926042, 6774.540527> - islocked:true - password:371400) initialized
6-0-55 | Mercedes-Benz W140 Blue (ownerId:88929178 - pos <7716.661621, 5.937023, 6798.234863> - islocked:true - password:371400) initialized
6-0-55 | HEMTT flecktarn (ownerId:88929178 - pos <7718.919922, 6.640549, 6804.869629> - islocked:true - password:371400) initialized
6-0-55 | Toyota Land Cruiser 200 Camo2  (ownerId:88929178 - pos <7723.262695, 6.128178, 6802.252930> - islocked:true - password:371400) initialized
6-0-55 | MOSKVICH 2140 (ownerId:882346394 - pos <6661.187500, 15.562331, 6320.548340> - islocked:true - password:42091103) initialized
6-0-55 | BMW X5 Black (ownerId:215888376 - pos <4250.064941, 21.092596, 7296.986328> - islocked:true - password:7101993) initialized
6-0-55 | Toyota Land Cruiser 200 Camo (ownerId:119311623 - pos <4246.868164, 21.187653, 7294.254395> - islocked:true - password:7101993) initialized
6-0-55 | Nissan warrior Camo (ownerId:119311623 - pos <4252.930176, 21.283245, 7298.982910> - islocked:true - password:7101993) initialized
6-0-55 | Oshkosh grey (ownerId:64819467 - pos <4245.042969, 21.536226, 7274.150879> - islocked:true - password:7101993) initialized
6-0-55 | UH-60 Blackhawk Cargo (ownerId:119248354 - pos <4047.713135, 32.067230, 15522.368164> - islocked:false - password:11082007) initialized
6-0-55 | Gunter 2 (ownerId:48698262 - pos <5640.135742, 28.879194, 5330.805176> - islocked:true - password:48151623) initialized
6-0-55 | Opel Astra Chrome (ownerId:127107249 - pos <5657.632324, 28.907761, 5381.835938> - islocked:true - password:12186270) initialized
6-0-55 | UAZ_2315 (ownerId:89279995 - pos <5618.602051, 29.282724, 5350.250488> - islocked:true - password:20090909) initialized
6-0-55 | MH-6M Little Bird - Camo (ownerId:523450192 - pos <5890.479492, 41.853710, 5228.574707> - islocked:true - password:22392239) initialized
6-0-55 | Jeep Wrangler green  (ownerId:523450192 - pos <5904.261230, 37.164955, 5222.274414> - islocked:false - password:22392239) initialized
6-0-55 | STR_EGER_GreenCamo_name (ownerId:523991778 - pos <5898.479492, 37.082664, 5221.344238> - islocked:false - password:22392239) initialized
6-0-55 | Jeep Wrangler Camo (ownerId:526094573 - pos <5695.989746, 31.555508, 5231.927246> - islocked:true - password:11025255) initialized
6-0-55 |  Novator Flecktarn (ownerId:93344906 - pos <5677.394531, 33.753029, 5249.123535> - islocked:true - password:29292900) initialized
6-0-55 | Robinson R22 Helicopter - Black (ownerId:521855408 - pos <5663.715332, 33.940002, 5242.544434> - islocked:true - password:9102021) initialized
6-0-55 | Olga 24 (ownerId:795695470 - pos <5671.730957, 33.580608, 5277.558594> - islocked:true - password:8031991) initialized
6-0-55 | ToyotaHilux White (ownerId:511479797 - pos <7007.224121, 2.046215, 6263.791992> - islocked:false - password:27181500) initialized
9-1-48 | Olga 24 (ownerId:795695470 - pos <5671.773926, 32.949787, 5277.338379> - islocked:true - password:8031991) has been deleted
9-23-48 | Velociraptor6x6 Camo2  (ownerId:262549311 - pos <7198.675781, 60.979931, 5902.449219> - islocked:true - password:24680000) new car claimed
9-23-48 | Velociraptor6x6 Camo2  (ownerId:262549311 - pos <7198.675781, 60.979931, 5902.449219> - islocked:true - password:24680000) initialized
11-19-46 | Velociraptor6x6 Camo (ownerId:369601190 - pos <5460.632324, 15.110001, 4922.815918> - islocked:true - password:55555552) new car claimed
11-19-46 | Velociraptor6x6 Camo (ownerId:369601190 - pos <5460.632324, 15.110001, 4922.815918> - islocked:true - password:55555552) initialized
11-23-50 | ToyotaHilux Blue (ownerId:369601190 - pos <5467.666992, 14.807318, 4917.152832> - islocked:true - password:55889789) has been deleted
