Creation Time: 2023_5_25-21-13-53
21-13-53 | UH-60 Blackhawk - blackblackhawk (ownerId:69839805 - pos <4261.034668, 21.234703, 7310.648926> - islocked:true - password:20090909) initialized
21-13-53 | Gaz 71 Black (ownerId:137318436 - pos <4248.161621, 21.428875, 7293.649902> - islocked:true - password:20090909) initialized
21-13-53 | Sarka 120 (ownerId:369601190 - pos <4471.817871, 29.384958, 7702.909180> - islocked:true - password:4031965) initialized
21-13-53 | STR_EGER_name (ownerId:69839805 - pos <4252.690430, 21.468256, 7268.897949> - islocked:true - password:20090909) initialized
21-13-53 | Sarka 120 (ownerId:108250772 - pos <5617.118652, 28.686056, 5394.030273> - islocked:true - password:3181989) initialized
21-13-53 | LUAZ 969 rust (ownerId:88929178 - pos <5625.482910, 29.296349, 5419.026855> - islocked:true - password:371400) initialized
21-13-53 | M3S Covered (ownerId:442990275 - pos <5681.110352, 32.803364, 5270.032715> - islocked:true - password:37579090) initialized
21-13-53 | HAMMER_H1 black (ownerId:405166905 - pos <5195.087891, 4.949764, 5315.446777> - islocked:true - password:1111991) initialized
21-13-53 | MOSKVICH 2140 (ownerId:944065078 - pos <6394.415039, 23.181293, 6686.756348> - islocked:false - password:97319731) initialized
21-13-53 | Ada 4x4 (ownerId:18558559 - pos <3945.464355, 24.960701, 4853.160156> - islocked:true - password:72066666) initialized
21-13-53 | LUAZ 969 blue (ownerId:354151095 - pos <6972.173340, 14.597527, 5701.598145> - islocked:true - password:4250425) initialized
21-13-53 | MOSKVICH 2140 (ownerId:304057481 - pos <6950.713379, 14.669827, 5719.598633> - islocked:true - password:42687931) initialized
21-13-53 | MBB Bo-105m Helicopter - blackcamo (ownerId:132652049 - pos <10055.801758, 4.129518, 1142.778076> - islocked:true - password:86753099) initialized
21-13-53 | Cougar Camo kamo (ownerId:980466132 - pos <1447.440063, 3.095235, 6767.592285> - islocked:true - password:22392239) initialized
21-13-53 | Sarka 120 (ownerId:18558559 - pos <9030.033203, 6.586023, 9422.958984> - islocked:true - password:72066666) initialized
21-13-53 | Jeep Wrangler (ownerId:288122462 - pos <8283.520508, 5.735122, 8844.367188> - islocked:true - password:12321321) initialized
21-13-53 | ToyotaHilux Red (ownerId:60592768 - pos <9562.668945, 4.356385, 5943.354492> - islocked:true - password:19651965) initialized
21-13-53 | SUV Camo (ownerId:442990275 - pos <2124.278320, 15.263947, 9180.040039> - islocked:true - password:42014201) initialized
21-13-53 | Olga 24 (ownerId:442990275 - pos <2121.612549, 18.358887, 9166.325195> - islocked:false - password:42014201) initialized
21-13-53 | Jeep Wrangler black  (ownerId:132652049 - pos <10663.982422, 3.405123, 3151.652100> - islocked:true - password:17392468) initialized
21-13-53 | Olga 24 (ownerId:36527682 - pos <7733.397461, 36.107788, 6085.732422> - islocked:true - password:10939910) initialized
21-13-53 | UAZ 3909 Khaki1 (ownerId:36527682 - pos <7717.197266, 36.455601, 6070.718750> - islocked:true - password:93991005) initialized
21-13-53 | Toyota Land Cruiser 200 (ownerId:308099129 - pos <3522.993408, 22.781891, 4590.057617> - islocked:true - password:9131988) initialized
21-13-53 | Olga 24 (ownerId:839735782 - pos <3591.367676, 10.842320, 3410.557373> - islocked:true - password:13579086) initialized
21-13-53 | YAR_87 Camo2  (ownerId:34611550 - pos <7501.517578, 3.344773, 5638.632324> - islocked:true - password:19892004) initialized
