Creation Time: 2023_7_18-0-0-53
0-0-53 | MUSTANG Red (ownerId:407766611 - pos <9997.804688, 22.648695, 11025.042969> - islocked:false - password:55555552) initialized
0-0-53 | Gunter 2 (ownerId:48698262 - pos <1999.867676, 9.873890, 9051.088867> - islocked:true - password:48151623) initialized
0-0-53 | Toyota Land Cruiser 200 Camo (ownerId:119311623 - pos <4269.519043, 21.010031, 7264.750977> - islocked:true - password:7101993) initialized
0-0-53 | Oshkosh grey (ownerId:64819467 - pos <4275.675781, 21.358604, 7271.527832> - islocked:true - password:7101993) initialized
0-0-53 | BMW X5 Flecktarn (ownerId:53415379 - pos <4262.794434, 20.914970, 7258.721191> - islocked:true - password:7101993) initialized
0-0-53 | Offroad Range Rover Yellow  (ownerId:103808025 - pos <6428.829590, 69.333969, 9578.216797> - islocked:true - password:55677777) initialized
0-0-53 | UAZ 3909 Police (ownerId:60592768 - pos <3231.902588, 3.497945, 1731.629150> - islocked:true - password:13121312) initialized
0-0-53 | Offroad Range Rover police  (ownerId:60592768 - pos <3235.147705, 3.228037, 1724.893066> - islocked:true - password:13121312) initialized
0-0-53 | STR_Camaro_Nest_name (ownerId:60592768 - pos <3245.895996, 3.116042, 1751.002319> - islocked:true - password:13121312) initialized
0-0-53 | STR_EGER_GreenCamo_name (ownerId:197257182 - pos <2774.559814, 70.024002, 4666.655762> - islocked:true - password:48151623) initialized
0-0-53 |  Novator Flecktarn (ownerId:48698262 - pos <2795.262695, 69.814308, 4663.070801> - islocked:true - password:48151623) initialized
0-0-53 | Oshkosh (ownerId:197257182 - pos <2799.744385, 69.918594, 4662.979980> - islocked:true - password:48151623) initialized
0-0-53 | LUAZ 969 red (ownerId:405166905 - pos <6717.172852, 20.535938, 1700.228882> - islocked:true - password:11111111) initialized
0-0-53 | Sarka 120 (ownerId:119311623 - pos <3402.778564, 23.249630, 6189.949707> - islocked:true - password:7101993) initialized
0-0-53 | Gunter 2 (ownerId:218588421 - pos <3804.320313, 7.079433, 5908.300781> - islocked:true - password:3081984) initialized
0-0-53 | MOSKVICH 2140 (ownerId:882346394 - pos <6656.562988, 15.562298, 6329.310547> - islocked:true - password:42091103) initialized
0-0-53 | URAL 4320 KUNG (ownerId:88929178 - pos <4421.651855, 7.278498, 4606.827148> - islocked:true - password:371400) initialized
0-0-53 | UH-60 Blackhawk - blackblackhawk (ownerId:88929178 - pos <4425.316406, 11.962035, 4605.782227> - islocked:true - password:371400) initialized
0-0-53 | Nissan warrior Camo (ownerId:48698262 - pos <5638.169922, 29.224020, 5358.595215> - islocked:true - password:48151623) initialized
0-0-53 | Velociraptor6x6 Camo2  (ownerId:407766611 - pos <5626.754883, 29.525465, 5374.711914> - islocked:true - password:55555552) initialized
0-0-53 | UAZ 3909 Beige (ownerId:795695470 - pos <5624.192871, 29.497898, 5349.877930> - islocked:true - password:8031991) initialized
0-0-53 | MH-6M Little Bird - Camo (ownerId:132652049 - pos <5679.368652, 30.092625, 5388.674805> - islocked:true - password:9021997) initialized
0-0-53 | SCOUT Black (ownerId:442990275 - pos <5644.120605, 29.040968, 5371.338379> - islocked:false - password:37579090) initialized
0-0-53 | Olga 24 (ownerId:526094573 - pos <5671.993164, 33.743465, 5279.857422> - islocked:true - password:77899511) initialized
0-0-53 | ToyotaHilux rust (ownerId:526094573 - pos <5599.977051, 29.496416, 5346.980957> - islocked:true - password:77899511) initialized
0-0-53 | STR_EGER_GreenCamo_name (ownerId:523991778 - pos <5899.113281, 37.135605, 5221.917480> - islocked:true - password:22392239) initialized
0-0-53 | MH-6M Little Bird - Camo (ownerId:523450192 - pos <5891.178711, 41.853737, 5228.797363> - islocked:true - password:22392239) initialized
0-0-53 | Toyota Land Cruiser 200 Camo2  (ownerId:523450192 - pos <5904.078613, 37.121490, 5221.671387> - islocked:true - password:22392239) initialized
0-0-53 | Ada 4x4 (ownerId:369601190 - pos <5668.542480, 29.263382, 5470.100098> - islocked:true - password:42014201) initialized
0-0-53 | UH-60 Blackhawk - Budhawk (ownerId:369601190 - pos <5663.091309, 34.098804, 5232.193359> - islocked:true - password:54879586) initialized
0-0-53 | UAZ_2315 Red (ownerId:369601190 - pos <5659.728516, 33.910145, 5239.606445> - islocked:true - password:45645645) initialized
0-34-45 | Robinson R22 Helicopter - Red (ownerId:108250772 - pos <5660.270508, 33.084198, 5254.192871> - islocked:true - password:11111111) new car claimed
2-12-5 | UAZ HUNTER (ownerId:442990275 - pos <7343.539063, 6.647414, 8428.274414> - islocked:true - password:37579090) new car claimed
2-12-30 | UAZ HUNTER (ownerId:442990275 - pos <7343.539063, 6.647414, 8428.274414> - islocked:true - password:37579090) has been deleted
3-26-39 | Olga 24 (ownerId:442990275 - pos <10807.130859, 5.710759, 10603.430664> - islocked:true - password:42014201) new car claimed
3-26-39 | Olga 24 (ownerId:442990275 - pos <10807.130859, 5.710759, 10603.430664> - islocked:true - password:42014201) initialized
