Creation Time: 2023_7_8-6-0-54
6-0-54 | MH-6M Little Bird (ownerId:369601190 - pos <7165.090332, 589.304260, 11576.538086> - islocked:true - password:42069420) initialized
6-0-54 | Bell 429 Helicopter - Police (ownerId:442990275 - pos <1946.725342, 10.280407, 8844.505859> - islocked:true - password:42014201) initialized
6-0-54 | Jeep Wrangler (ownerId:442990275 - pos <8293.828125, 5.735122, 8668.940430> - islocked:true - password:42014201) initialized
6-0-54 | Robinson R22 Helicopter - Black (ownerId:144736642 - pos <7354.542969, 7.203009, 8380.657227> - islocked:true - password:78945612) initialized
6-0-54 | Mil Mi-2 Helicopter - Hornet (ownerId:523450192 - pos <6678.037598, 122.862206, 5470.436523> - islocked:false - password:14789632) initialized
6-0-54 | Offroad Range Rover police  (ownerId:523450192 - pos <6477.222168, 17.632231, 5515.417480> - islocked:true - password:14789632) initialized
6-0-54 | Robinson R22 Helicopter - Red (ownerId:521855408 - pos <6050.089844, 32.140434, 5244.083496> - islocked:true - password:3181989) initialized
6-0-54 |  Camper Red (ownerId:523991778 - pos <5903.977539, 34.474888, 5187.385742> - islocked:false - password:22392239) initialized
6-0-54 | STR_Camaro_Egor134v2_name (ownerId:369601190 - pos <5666.250488, 28.488005, 5482.677734> - islocked:false - password:55555555) initialized
6-0-54 | MH-6M Little Bird (ownerId:132652049 - pos <5668.014160, 30.092625, 5389.296875> - islocked:true - password:17760000) initialized
6-0-54 | Chevrolet Corvette Yellow (ownerId:369601190 - pos <5682.211426, 33.515293, 5243.185059> - islocked:true - password:42069420) initialized
10-0-52 | STR_Camaro_Egor134v2_name (ownerId:369601190 - pos <5893.292480, 5.228980, 8380.862305> - islocked:false - password:55555555) has been deleted
10-1-27 | STR_Camaro_Egor134v2_name (ownerId:369601190 - pos <5963.155273, 5.855613, 8448.016602> - islocked:true - password:55555555) new car claimed
10-1-27 | STR_Camaro_Egor134v2_name (ownerId:369601190 - pos <5963.155273, 5.855613, 8448.016602> - islocked:true - password:55555555) initialized
10-20-47 | STR_Camaro_Egor134v2_name (ownerId:369601190 - pos <7289.913086, 601.558777, 11728.663086> - islocked:false - password:55555555) has been deleted
11-5-58 | STR_Camaro_Egor134v2_name (ownerId:369601190 - pos <5635.532715, 36.284019, 5396.689453> - islocked:true - password:55555555) new car claimed
11-5-58 | STR_Camaro_Egor134v2_name (ownerId:369601190 - pos <5635.505371, 36.414562, 5396.657227> - islocked:true - password:55555555) initialized
11-6-33 | STR_Camaro_Egor134v2_name (ownerId:369601190 - pos <5623.215820, 28.711763, 5398.109375> - islocked:true - password:55555555) has been deleted
11-6-59 | STR_Camaro_Egor134v2_name (ownerId:369601190 - pos <5635.412598, 29.009998, 5397.254395> - islocked:true - password:55555555) new car claimed
11-6-59 | STR_Camaro_Egor134v2_name (ownerId:369601190 - pos <5635.412598, 29.009998, 5397.254395> - islocked:true - password:55555555) initialized
11-8-6 | STR_Camaro_Egor134v2_name (ownerId:369601190 - pos <5634.763672, 29.954975, 5398.676758> - islocked:true - password:55555555) has been deleted
11-11-12 | STR_Camaro_Egor134v2_name (ownerId:369601190 - pos <5635.984863, 29.009998, 5393.436035> - islocked:true - password:55555555) new car claimed
11-11-12 | STR_Camaro_Egor134v2_name (ownerId:369601190 - pos <5635.984863, 29.009998, 5393.436035> - islocked:true - password:55555555) initialized
11-12-3 | STR_Camaro_Egor134v2_name (ownerId:369601190 - pos <5634.986328, 28.328579, 5391.488770> - islocked:true - password:55555555) has been deleted
11-12-22 | STR_Camaro_Egor134v2_name (ownerId:369601190 - pos <5639.842285, 29.009998, 5393.451172> - islocked:true - password:55555555) new car claimed
11-12-22 | STR_Camaro_Egor134v2_name (ownerId:369601190 - pos <5639.842285, 29.009998, 5393.451172> - islocked:true - password:55555555) initialized
11-12-49 | STR_Camaro_Egor134v2_name (ownerId:369601190 - pos <5641.098633, 29.273653, 5393.582520> - islocked:true - password:55555555) has been deleted
11-14-6 | STR_Camaro_Egor134v2_name (ownerId:369601190 - pos <5646.054688, 32.457230, 5405.872070> - islocked:true - password:55555555) new car claimed
11-14-6 | STR_Camaro_Egor134v2_name (ownerId:369601190 - pos <5646.054688, 32.457230, 5405.872070> - islocked:true - password:55555555) initialized
