Creation Time: 2023_4_30-18-0-56
18-0-56 | Robinson R22 Helicopter (ownerId:940915030 - pos <9512.575195, 102.761200, 3733.148193> - islocked:true - password:11853737) initialized
18-0-56 | M3S Covered (ownerId:965259563 - pos <5465.726563, 7.868575, 8577.350586> - islocked:true - password:72524299) initialized
18-0-56 | M3S Covered (ownerId:839735782 - pos <5477.969238, 7.706933, 8608.755859> - islocked:true - password:1051997) initialized
18-0-56 | Sarka 120 (ownerId:405166905 - pos <10489.906250, 10.002529, 4274.236816> - islocked:true - password:19910111) initialized
18-0-56 | Sarka 120 (ownerId:22592522 - pos <6232.373047, 5.531157, 9589.974609> - islocked:true - password:5210521) initialized
18-0-56 | M3S Covered (ownerId:8156911 - pos <6232.799805, 5.800207, 9593.156250> - islocked:false - password:15500000) initialized
18-0-56 | Land Rover Defender 110 Green (ownerId:177737910 - pos <2550.602051, 57.004696, 9449.894531> - islocked:false - password:25792579) initialized
18-0-56 | Land Rover Defender 110 Red (ownerId:60592768 - pos <9561.738281, 4.179234, 5944.402344> - islocked:true - password:19651965) initialized
18-0-56 | Robinson R22 Helicopter - Black (ownerId:984346468 - pos <4728.882813, 12.292141, 4692.961914> - islocked:true - password:83898389) initialized
18-0-56 | Sarka 120 (ownerId:194642746 - pos <5445.547363, 5.326895, 4629.528809> - islocked:true - password:15474555) initialized
18-0-56 | Land Rover Defender 110 Red (ownerId:132652049 - pos <4261.129883, 2.255396, 2514.646240> - islocked:true - password:9031783) initialized
18-0-56 | Land Rover Defender 110 Red (ownerId:965259563 - pos <4283.153809, 4.464579, 2543.508545> - islocked:true - password:11367275) initialized
18-0-56 | Gunter 2 (ownerId:36527682 - pos <7124.419434, 2.109861, 5378.013184> - islocked:true - password:93991005) initialized
18-0-56 | Robinson R22 Helicopter - Black (ownerId:980466132 - pos <7349.647949, 101.077271, 6033.751465> - islocked:false - password:22392239) initialized
18-0-56 | Land Rover Defender 110 UN (ownerId:116364714 - pos <7704.690430, 36.730228, 6074.511230> - islocked:false - password:25082508) initialized
18-0-56 | Sarka 120 (ownerId:944065078 - pos <7710.940430, 35.741615, 6077.471680> - islocked:false - password:25082508) initialized
18-0-56 | M3S Covered (ownerId:944065078 - pos <7718.275879, 36.466976, 6089.899902> - islocked:false - password:25082508) initialized
18-0-56 | Olga 24 (ownerId:419387242 - pos <7057.723633, 44.999981, 2053.501709> - islocked:true - password:8995862) initialized
18-0-56 | Sarka 120 (ownerId:980466132 - pos <6801.630859, 39.738655, 1801.161377> - islocked:true - password:22392239) initialized
18-0-56 | Land Rover Defender 110 Green (ownerId:62166080 - pos <6795.774414, 39.706360, 1806.612793> - islocked:false - password:22392239) initialized
18-0-56 | Land Rover Defender 110 Red (ownerId:980466132 - pos <6796.332031, 39.705948, 1802.321167> - islocked:true - password:22392239) initialized
18-0-56 | MBB Bo-105m Helicopter - blackcamo (ownerId:980466132 - pos <6768.891113, 54.751770, 1849.850220> - islocked:true - password:22392239) initialized
18-0-56 | Ada 4x4 (ownerId:62166080 - pos <6902.654297, 38.440704, 2104.054199> - islocked:true - password:22392239) initialized
18-0-56 | Robinson R22 Helicopter - Black (ownerId:62166080 - pos <518.580627, 40.944336, 11901.007813> - islocked:true - password:22392239) initialized
18-0-56 | Land Rover Defender 110 (ownerId:192139039 - pos <1187.250610, 27.928923, 12556.031250> - islocked:true - password:7161994) initialized
18-0-56 | Ada 4x4 (ownerId:419387242 - pos <6828.614746, 502.497742, 12728.763672> - islocked:true - password:8995862) initialized
18-0-56 | UH-60 Blackhawk - blackblackhawk (ownerId:195214598 - pos <3224.051514, 7.616047, 1721.945068> - islocked:true - password:52528989) initialized
18-0-56 | Olga 24 (ownerId:965259563 - pos <3729.997070, 5.467782, 2551.070068> - islocked:false - password:11367275) initialized
18-0-56 | Robinson R22 Helicopter (ownerId:965259563 - pos <3756.512451, 19.967381, 2601.171387> - islocked:true - password:11367275) initialized
18-0-56 | Robinson R22 Helicopter (ownerId:195214598 - pos <771.353027, 26.677202, 11619.587891> - islocked:true - password:52528989) initialized
18-0-56 | Land Rover Defender 110 UN (ownerId:85319837 - pos <7572.665527, 24.168486, 3940.986328> - islocked:true - password:9151985) initialized
18-0-56 | M3S Covered (ownerId:980466132 - pos <5681.084473, 29.580151, 5387.611328> - islocked:true - password:22392239) initialized
18-0-56 | M3S Covered (ownerId:108250772 - pos <5656.404297, 28.701468, 5426.493164> - islocked:true - password:12345678) initialized
18-0-56 | Robinson R22 Helicopter (ownerId:71319946 - pos <5672.808594, 33.907436, 5245.416016> - islocked:true - password:19944991) initialized
18-44-11 | Sarka 120 (ownerId:22592522 - pos <6232.531250, 4.906019, 9589.948242> - islocked:true - password:5210521) has been deleted
18-44-11 | M3S Covered (ownerId:8156911 - pos <6232.711426, 4.921546, 9593.172852> - islocked:false - password:15500000) has been deleted
22-10-4 | Sarka 120 (ownerId:85319837 - pos <7574.943848, 23.565855, 3928.655029> - islocked:true - password:1111110) new car claimed
