Creation Time: 2023_7_26-18-0-58
18-0-58 | Gunter 2 (ownerId:48698262 - pos <5640.136230, 28.878799, 5330.785645> - islocked:false - password:48151623) initialized
18-0-58 | MH-6M Little Bird - Camo (ownerId:447071218 - pos <1805.873291, 10.572620, 8918.512695> - islocked:true - password:15148636) initialized
18-0-58 | PONTIAC (rust) (ownerId:6938606 - pos <5624.261230, 29.435259, 5351.216797> - islocked:true - password:20090909) initialized
18-0-58 | UAZ_2315 (ownerId:89279995 - pos <5602.514648, 29.352448, 5349.401855> - islocked:true - password:20090909) initialized
18-0-58 | Opel Astra Chrome (ownerId:127107249 - pos <5656.833496, 28.954765, 5381.954102> - islocked:true - password:12186270) initialized
18-0-58 | UH-60 Blackhawk - Budhawk (ownerId:511479797 - pos <1739.396851, 20.608385, 8910.640625> - islocked:true - password:27181500) initialized
18-0-58 | ToyotaHilux White (ownerId:511479797 - pos <1758.817017, 9.921196, 8917.697266> - islocked:false - password:27181500) initialized
18-0-58 | Olga 24 (ownerId:511479797 - pos <1755.016113, 9.788715, 8921.340820> - islocked:true - password:27181500) initialized
18-0-58 | UAZ HUNTER (ownerId:447071218 - pos <1761.509521, 9.874904, 8941.975586> - islocked:true - password:15148636) initialized
18-0-58 | MH-6M Little Bird (ownerId:442990275 - pos <4573.749023, 19.579632, 12120.664063> - islocked:true - password:37579090) initialized
18-0-58 | UAZ469 (ownerId:40055959 - pos <8935.064453, 6.384639, 10443.116211> - islocked:false - password:19711971) initialized
18-0-58 | Olga 24 (ownerId:40055959 - pos <8923.685547, 5.862735, 10450.646484> - islocked:false - password:19711971) initialized
18-0-58 | Ada 4x4 (ownerId:40055959 - pos <8928.569336, 5.915650, 10450.500977> - islocked:true - password:19711971) initialized
18-0-58 | MOSKVICH 2140 (ownerId:882346394 - pos <6661.078125, 15.562317, 6320.576660> - islocked:true - password:42091103) initialized
18-0-58 | Ada 4x4 (ownerId:369601190 - pos <5474.475586, 15.605902, 4931.196289> - islocked:true - password:42014201) initialized
18-0-58 | UAZ 3909 Beige (ownerId:795695470 - pos <5468.091309, 15.597900, 4924.886230> - islocked:true - password:8031991) initialized
18-0-58 | STR_Camaro_Sibirs_name (ownerId:407766611 - pos <5480.720215, 15.163367, 4976.664551> - islocked:true - password:55555552) initialized
18-0-58 | LUAZ 969 (ownerId:75086644 - pos <2135.371338, 14.966347, 9181.180664> - islocked:true - password:10182009) initialized
18-0-58 | HAMMER_H1 (ownerId:965259563 - pos <1962.524902, 9.924916, 9065.128906> - islocked:true - password:54146888) initialized
18-0-58 | Sarka 120 (ownerId:442990275 - pos <1991.244263, 10.260261, 9032.504883> - islocked:true - password:42014201) initialized
18-0-58 | UH-60 Blackhawk Cargo (ownerId:119248354 - pos <2000.018799, 45.147617, 9025.759766> - islocked:false - password:11082007) initialized
18-0-58 | MH-6M Little Bird - Camo (ownerId:132652049 - pos <1992.333740, 45.808285, 9015.568359> - islocked:true - password:9021997) initialized
18-0-58 | MH-6M Little Bird - Camo (ownerId:523450192 - pos <5888.055664, 41.853626, 5225.745605> - islocked:true - password:22392239) initialized
18-0-58 | Gelenvagen white_camo2 (ownerId:523450192 - pos <5893.898438, 36.770878, 5222.283691> - islocked:true - password:22392239) initialized
18-0-58 | STR_EGER_GreenCamo_name (ownerId:523991778 - pos <5897.895996, 37.047470, 5224.135742> - islocked:true - password:22392239) initialized
18-0-58 | Sarka 120 (ownerId:89279995 - pos <7738.921387, 15.235872, 9810.031250> - islocked:true - password:20090909) initialized
18-0-58 | Robinson R22 Helicopter - Black (ownerId:521855408 - pos <5649.187012, 34.011799, 5246.353516> - islocked:true - password:9102021) initialized
18-0-58 | BMW (ownerId:369601190 - pos <5660.508301, 33.775608, 5223.077637> - islocked:true - password:80081355) initialized
18-0-58 | Jeep Wrangler Camo (ownerId:526094573 - pos <5695.989746, 31.555637, 5231.927246> - islocked:true - password:11025255) initialized
18-0-58 | MH-6M Little Bird (ownerId:89279995 - pos <6914.565430, 17.231319, 1640.464966> - islocked:true - password:20090909) initialized
18-0-58 | Velociraptor6x6 Camo2  (ownerId:407766611 - pos <9992.777344, 22.684904, 11025.113281> - islocked:true - password:55555552) initialized
18-0-58 | Velociraptor6x6 Camo (ownerId:407766611 - pos <9999.920898, 22.684904, 11024.579102> - islocked:true - password:55555552) initialized
18-0-58 | MH-6M Little Bird - Camo (ownerId:197257182 - pos <3945.790039, 36.709972, 4809.831055> - islocked:true - password:48151623) initialized
18-0-58 | Robinson R22 Helicopter - Black (ownerId:197257182 - pos <3941.476318, 35.978527, 4819.010742> - islocked:true - password:48151623) initialized
18-0-58 | Gaz 71 Black (ownerId:119248354 - pos <3961.901367, 25.741255, 4837.951660> - islocked:false - password:11082007) initialized
18-0-58 |  Novator Flecktarn (ownerId:93344906 - pos <3981.621582, 25.744307, 4838.096680> - islocked:false - password:29292900) initialized
18-0-58 | Olga 24 (ownerId:327529037 - pos <3982.310547, 25.518732, 4830.125977> - islocked:true - password:29292900) initialized
18-0-58 | STR_EGER_GreenCamo_name (ownerId:197257182 - pos <3979.138672, 25.917404, 4834.975586> - islocked:true - password:48151623) initialized
18-0-58 | Oshkosh (ownerId:197257182 - pos <3969.647949, 25.848604, 4840.181641> - islocked:true - password:48151623) initialized
18-0-58 | Velociraptor6x6 Camo2  (ownerId:262549311 - pos <7192.797363, 61.652538, 5886.409668> - islocked:true - password:24680000) initialized
18-0-58 | Gunter 2 (ownerId:218588421 - pos <3806.037109, 6.883579, 5906.618164> - islocked:true - password:3081984) initialized
18-0-58 | STR_Camaro_Veter_name (ownerId:88929178 - pos <7719.931641, 6.170793, 6786.016602> - islocked:true - password:371400) initialized
18-0-58 | MH-6M Little Bird - Camo (ownerId:88929178 - pos <7720.086914, 13.613595, 6788.978516> - islocked:true - password:371400) initialized
18-0-58 | Toyota Land Cruiser 200 Camo2  (ownerId:88929178 - pos <7728.019531, 6.374508, 6790.577637> - islocked:true - password:371400) initialized
18-0-58 | Mercedes-Benz W140 Blue (ownerId:88929178 - pos <7725.359863, 6.166997, 6795.730469> - islocked:true - password:371400) initialized
18-0-58 | Offroad Range Rover police  (ownerId:60592768 - pos <3240.920898, 3.228037, 1718.943604> - islocked:true - password:13121312) initialized
18-0-58 | UAZ 3909 Police (ownerId:60592768 - pos <3231.894043, 3.497946, 1731.677124> - islocked:true - password:13121312) initialized
18-0-58 | STR_Camaro_Nest_name (ownerId:60592768 - pos <3246.332764, 3.116042, 1751.297241> - islocked:true - password:13121312) initialized
18-0-58 | Toyota Land Cruiser 200 Camo2  (ownerId:24259541 - pos <7857.536133, 3.288867, 3839.368408> - islocked:true - password:17500720) initialized
18-0-58 | Offroad Range Rover Yellow  (ownerId:103808025 - pos <7264.238281, 602.155884, 11730.521484> - islocked:true - password:55677777) initialized
18-0-58 | LUAZ 969 red (ownerId:405166905 - pos <4802.159668, 18.572525, 7577.117676> - islocked:true - password:11111111) initialized
18-0-58 | Oshkosh grey (ownerId:64819467 - pos <4245.042969, 21.536226, 7274.150391> - islocked:true - password:7101993) initialized
18-0-58 | Toyota Land Cruiser 200 Camo (ownerId:119311623 - pos <4246.875000, 21.187654, 7294.261230> - islocked:true - password:7101993) initialized
18-0-58 | BMW X5 Black (ownerId:215888376 - pos <4249.638672, 21.092598, 7297.039551> - islocked:true - password:7101993) initialized
18-0-58 | Nissan warrior Camo (ownerId:119311623 - pos <4252.936035, 21.283247, 7298.987793> - islocked:true - password:7101993) initialized
19-5-45 | BMW (ownerId:369601190 - pos <5497.588867, 10.309753, 6247.225586> - islocked:false - password:80081355) has been deleted
19-5-54 | Camaro Red (ownerId:369601190 - pos <5501.975098, 10.690001, 6248.817871> - islocked:true - password:55555555) new car claimed
19-5-54 | Camaro Red (ownerId:369601190 - pos <5501.975098, 10.690001, 6248.817871> - islocked:true - password:55555555) initialized
19-9-57 | Camaro Red (ownerId:369601190 - pos <5997.520508, 11.605721, 5058.602051> - islocked:false - password:55555555) has been deleted
19-10-12 | Camaro Red (ownerId:369601190 - pos <5998.062500, 12.015794, 5035.529785> - islocked:true - password:55555555) new car claimed
19-10-12 | Camaro Red (ownerId:369601190 - pos <5998.062500, 12.015794, 5035.529785> - islocked:true - password:55555555) initialized
19-12-1 | Camaro Red (ownerId:369601190 - pos <6007.693359, 13.073875, 4953.406738> - islocked:true - password:55555555) has been deleted
19-15-25 | MH-6M Little Bird (ownerId:89279995 - pos <5321.429688, 75.367294, 5139.925781> - islocked:false - password:20090909) has been deleted
19-15-35 | MH-6M Little Bird (ownerId:89279995 - pos <5318.674805, 74.982155, 5130.426758> - islocked:true - password:20090909) new car claimed
19-15-35 | MH-6M Little Bird (ownerId:89279995 - pos <5318.674805, 74.982170, 5130.426758> - islocked:true - password:20090909) initialized
19-16-12 | MH-6M Little Bird (ownerId:89279995 - pos <5318.738281, 74.625435, 5130.397461> - islocked:false - password:20090909) has been deleted
19-50-13 | MH-6M Little Bird (ownerId:89279995 - pos <5619.861328, 29.009996, 5356.730469> - islocked:true - password:20090909) new car claimed
19-50-13 | MH-6M Little Bird (ownerId:89279995 - pos <5619.861328, 29.009996, 5356.730469> - islocked:true - password:20090909) initialized
20-10-18 | MH-6M Little Bird (ownerId:442990275 - pos <1985.301880, 44.441742, 9018.383789> - islocked:false - password:37579090) has been deleted
20-23-10 | Boeing CH-47 Chinook Helicopter (ownerId:442990275 - pos <1908.522095, 9.278020, 9154.765625> - islocked:true - password:37579090) new car claimed
20-27-23 | AH-64 Apache Longbow (ownerId:442990275 - pos <1986.793213, 44.447151, 9021.317383> - islocked:true - password:37579090) new car claimed
20-51-38 | AH-64 Apache Longbow (ownerId:442990275 - pos <1981.614258, 9.224833, 9052.899414> - islocked:false - password:37579090) has been deleted
21-3-42 | Ada 4x4 (ownerId:40055959 - pos <4942.516602, 8.215838, 9191.161133> - islocked:false - password:19711971) has been deleted
21-5-35 | MUSTANG white (ownerId:407766611 - pos <5999.645508, 13.294861, 4970.778320> - islocked:true - password:55252252) new car claimed
21-6-13 | Chevrolet Corvette (ownerId:407766611 - pos <6000.506836, 13.103602, 4982.418457> - islocked:true - password:55252252) new car claimed
21-38-14 | Boeing CH-47 Chinook Helicopter (ownerId:442990275 - pos <1947.734741, 9.185259, 8938.677734> - islocked:false - password:37579090) has been deleted
21-42-23 | MH-6M Little Bird (ownerId:89279995 - pos <3818.949707, 5.417725, 2590.031494> - islocked:false - password:20090909) has been deleted
21-43-1 | MH-6M Little Bird (ownerId:89279995 - pos <3817.476074, 5.878639, 2597.245850> - islocked:true - password:20090909) new car claimed
21-43-1 | MH-6M Little Bird (ownerId:89279995 - pos <3817.476074, 5.878654, 2597.245850> - islocked:true - password:20090909) initialized
21-57-5 | Boeing CH-47 Chinook Helicopter (ownerId:442990275 - pos <1969.568359, 9.190000, 8960.036133> - islocked:true - password:37579090) new car claimed
21-57-36 | Boeing CH-47 Chinook Helicopter (ownerId:442990275 - pos <1969.568359, 9.190000, 8960.036133> - islocked:true - password:37579090) has been deleted
21-58-33 | Ada 4x4 (ownerId:442990275 - pos <1982.171143, 9.230703, 8975.045898> - islocked:true - password:42014201) new car claimed
21-59-14 | Ada 4x4 (ownerId:442990275 - pos <1982.171143, 9.230703, 8975.045898> - islocked:false - password:42014201) has been deleted
22-6-36 | MH-6M Little Bird (ownerId:442990275 - pos <1984.372559, 44.697243, 9022.833008> - islocked:true - password:37579090) new car claimed
22-6-36 | MH-6M Little Bird (ownerId:442990275 - pos <1984.372559, 44.697258, 9022.833008> - islocked:true - password:37579090) initialized
22-13-35 | MH-6M Little Bird (ownerId:442990275 - pos <5670.230469, 28.725346, 5390.887207> - islocked:false - password:37579090) has been deleted
22-16-14 | MH-6M Little Bird (ownerId:442990275 - pos <5425.154297, 15.110001, 4953.232422> - islocked:true - password:37579090) new car claimed
22-16-14 | MH-6M Little Bird (ownerId:442990275 - pos <5425.154297, 15.110001, 4953.232422> - islocked:true - password:37579090) initialized
22-16-23 | AH-64 Apache Longbow (ownerId:442990275 - pos <5417.241699, 15.110001, 4954.070801> - islocked:true - password:37579090) new car claimed
22-16-23 | AH-64 Apache Longbow (ownerId:442990275 - pos <5417.241699, 15.110001, 4954.070801> - islocked:true - password:37579090) initialized
22-16-37 | Boeing CH-47 Chinook Helicopter (ownerId:442990275 - pos <5425.233887, 15.110002, 4944.067383> - islocked:true - password:37579090) new car claimed
22-16-37 | Boeing CH-47 Chinook Helicopter (ownerId:442990275 - pos <5425.233887, 15.110002, 4944.067383> - islocked:true - password:37579090) initialized
22-17-43 | MH-6M Little Bird (ownerId:442990275 - pos <5425.154297, 14.825768, 4953.232910> - islocked:true - password:37579090) has been deleted
22-18-6 | HEMTT flecktarn (ownerId:442990275 - pos <5427.588379, 15.110001, 4950.875488> - islocked:true - password:37579090) new car claimed
22-18-6 | HEMTT flecktarn (ownerId:442990275 - pos <5427.588379, 15.110001, 4950.875488> - islocked:true - password:37579090) initialized
22-18-20 | MH-6M Little Bird (ownerId:442990275 - pos <5434.857422, 15.110001, 4950.714844> - islocked:true - password:37579090) new car claimed
22-18-20 | MH-6M Little Bird (ownerId:442990275 - pos <5434.857422, 15.110007, 4950.714844> - islocked:true - password:37579090) initialized
22-18-42 | UH-60 Blackhawk Cargo (ownerId:442990275 - pos <5424.599121, 15.110002, 4958.674805> - islocked:true - password:37579090) new car claimed
22-18-42 | UH-60 Blackhawk Cargo (ownerId:442990275 - pos <5424.599121, 15.110002, 4958.674805> - islocked:true - password:37579090) initialized
22-18-58 | BMW (ownerId:442990275 - pos <5437.483887, 15.110014, 4953.963379> - islocked:true - password:42014201) new car claimed
22-18-58 | BMW (ownerId:442990275 - pos <5437.483887, 15.110014, 4953.963379> - islocked:true - password:42014201) initialized
22-19-16 | SCOUT Black (ownerId:442990275 - pos <5429.621094, 15.109992, 4961.728516> - islocked:true - password:37579090) new car claimed
22-19-16 | SCOUT Black (ownerId:442990275 - pos <5429.621094, 15.109992, 4961.728516> - islocked:true - password:37579090) initialized
22-19-26 | Chevrolet Corvette kamo (ownerId:442990275 - pos <5433.422363, 15.110026, 4956.681152> - islocked:true - password:37579090) new car claimed
22-19-26 | Chevrolet Corvette kamo (ownerId:442990275 - pos <5433.422363, 15.102381, 4956.681152> - islocked:true - password:37579090) initialized
22-20-45 | BMW (ownerId:442990275 - pos <5437.481934, 14.729751, 4953.963867> - islocked:true - password:42014201) has been deleted
22-21-13 | Chevrolet Corvette kamo (ownerId:442990275 - pos <5433.418457, 14.753746, 4956.678223> - islocked:true - password:37579090) has been deleted
22-21-45 | SCOUT Black (ownerId:442990275 - pos <5429.623047, 14.879436, 4961.728516> - islocked:true - password:37579090) has been deleted
22-22-10 | UH-60 Blackhawk Cargo (ownerId:442990275 - pos <5424.598633, 14.815503, 4958.676758> - islocked:true - password:37579090) has been deleted
22-22-36 | AH-64 Apache Longbow (ownerId:442990275 - pos <5417.240234, 14.844655, 4954.065918> - islocked:true - password:37579090) has been deleted
22-23-0 | HEMTT flecktarn (ownerId:442990275 - pos <5427.586426, 14.915725, 4950.875000> - islocked:true - password:37579090) has been deleted
22-23-37 | Boeing CH-47 Chinook Helicopter (ownerId:442990275 - pos <5425.234375, 14.805232, 4944.065430> - islocked:true - password:37579090) has been deleted
