Creation Time: 2023_4_18-6-0-51
6-0-51 | Sarka 120 (ownerId:940915030 - pos <9511.229492, 102.703026, 3751.685059> - islocked:true - password:11853737) initialized
6-0-51 | Robinson R22 Helicopter (ownerId:940915030 - pos <9512.575195, 102.761208, 3733.148193> - islocked:true - password:11853737) initialized
6-0-51 | Robinson R22 Helicopter - Black (ownerId:34745177 - pos <9138.458008, 47.930447, 3793.797119> - islocked:false - password:67698687) initialized
6-0-51 | M3S Covered (ownerId:67657702 - pos <10219.404297, 20.339376, 7928.980469> - islocked:false - password:19944991) initialized
6-0-51 | UH-60 Blackhawk - blackblackhawk (ownerId:195214598 - pos <8069.666992, 215.248901, 11834.370117> - islocked:true - password:89895252) initialized
6-0-51 | Bell 429 Helicopter (ownerId:195214598 - pos <8112.444824, 214.211533, 11880.526367> - islocked:true - password:52898952) initialized
6-0-51 | UH-60 Blackhawk Cargo (ownerId:980466132 - pos <1464.514526, 11.498811, 15309.609375> - islocked:true - password:22392239) initialized
6-0-51 | M3S Covered (ownerId:108250772 - pos <4521.240234, 10.389167, 3203.365723> - islocked:false - password:78945612) initialized
6-0-51 | Olga 24 (ownerId:62166080 - pos <6795.730957, 39.125652, 1803.794067> - islocked:true - password:22392239) initialized
6-0-51 | MH-6M Little Bird - Desert (ownerId:62166080 - pos <6773.009766, 54.240791, 1834.931885> - islocked:true - password:22392239) initialized
6-0-51 | Sarka 120 (ownerId:980466132 - pos <6795.425781, 39.113342, 1800.741089> - islocked:true - password:22392239) initialized
6-0-51 | Ada 4x4 (ownerId:980466132 - pos <6800.919922, 39.178162, 1804.989746> - islocked:true - password:22392239) initialized
6-0-51 | Ada 4x4 (ownerId:62166080 - pos <6801.277832, 39.178242, 1801.917480> - islocked:true - password:22392239) initialized
6-0-51 | M3S Covered (ownerId:62166080 - pos <6795.874512, 39.129269, 1808.994629> - islocked:true - password:22392239) initialized
6-0-51 | Robinson R22 Helicopter - Black (ownerId:62166080 - pos <6789.350586, 53.509365, 1834.122314> - islocked:true - password:22392239) initialized
6-0-51 | Robinson R22 Helicopter (ownerId:195214598 - pos <6883.340332, 3.029928, 7095.375000> - islocked:false - password:52528989) initialized
6-0-51 | Bell 429 Helicopter (ownerId:88929178 - pos <4501.653809, 10.793886, 3188.922607> - islocked:true - password:371400) initialized
6-0-51 | UH-60 Blackhawk - Woodland (ownerId:85319837 - pos <3985.974854, 16.854160, 3474.664795> - islocked:true - password:1111110) initialized
6-0-51 | UH-60 Blackhawk - blackblackhawk (ownerId:195214598 - pos <3224.051514, 7.616043, 1721.953369> - islocked:true - password:52528989) initialized
6-0-51 | Olga 24 (ownerId:965259563 - pos <3751.191650, 5.606627, 2569.746826> - islocked:true - password:11367275) initialized
6-0-51 | Gunter 2 (ownerId:965259563 - pos <3748.300293, 5.650942, 2573.679443> - islocked:true - password:11367275) initialized
6-0-51 | M3S Covered (ownerId:965259563 - pos <3757.217285, 5.599002, 2565.218262> - islocked:true - password:11367275) initialized
6-0-51 | Robinson R22 Helicopter - Red (ownerId:71319946 - pos <2665.577637, 35.751205, 3317.651611> - islocked:true - password:19944991) initialized
6-0-51 | Robinson R22 Helicopter (ownerId:965259563 - pos <4428.252930, 6.180708, 2904.961182> - islocked:true - password:11367275) initialized
6-0-51 | M3S Covered (ownerId:8156911 - pos <6802.262207, 36.963913, 5799.563965> - islocked:true - password:15500000) initialized
6-0-51 | Olga 24 (ownerId:288122462 - pos <5668.008789, 28.913927, 5408.260254> - islocked:true - password:12011152) initialized
6-0-51 | Robinson R22 Helicopter - Black (ownerId:980466132 - pos <7348.521973, 101.077194, 6033.944824> - islocked:true - password:22392239) initialized
6-0-51 | Olga 24 (ownerId:944065078 - pos <7657.512695, 19.194651, 3870.318359> - islocked:true - password:97319731) initialized
6-0-51 | Robinson R22 Helicopter - Black (ownerId:116364714 - pos <7652.233398, 19.087320, 3893.170166> - islocked:true - password:25082508) initialized
