Creation Time: 2023_7_20-0-0-51
0-0-51 | LUAZ 969 red (ownerId:405166905 - pos <5356.917969, 35.382145, 641.903625> - islocked:true - password:11111111) initialized
0-0-51 | UH-60 Blackhawk - Budhawk (ownerId:369601190 - pos <7636.659180, 43.226360, 9955.142578> - islocked:true - password:54879586) initialized
0-0-51 | Offroad Range Rover Yellow  (ownerId:103808025 - pos <3635.527832, 16.122375, 9634.206055> - islocked:true - password:55677777) initialized
0-0-51 | Oshkosh grey (ownerId:64819467 - pos <4275.676758, 21.358603, 7271.528320> - islocked:true - password:7101993) initialized
0-0-51 | Toyota Land Cruiser 200 Camo (ownerId:119311623 - pos <4269.522949, 21.010031, 7264.749512> - islocked:true - password:7101993) initialized
0-0-51 | BMW X5 Flecktarn (ownerId:53415379 - pos <4265.506836, 20.914974, 7261.179199> - islocked:true - password:7101993) initialized
0-0-51 | STR_Camaro_Nest_name (ownerId:60592768 - pos <3246.134766, 3.116042, 1750.852295> - islocked:true - password:13121312) initialized
0-0-51 | UAZ 3909 Police (ownerId:60592768 - pos <3231.810303, 3.497939, 1732.095703> - islocked:true - password:13121312) initialized
0-0-51 | Offroad Range Rover police  (ownerId:60592768 - pos <3239.770752, 3.228038, 1719.024902> - islocked:true - password:13121312) initialized
0-0-51 | Sarka 120 (ownerId:119311623 - pos <3402.776611, 23.252752, 6189.945313> - islocked:true - password:7101993) initialized
0-0-51 | Nissan warrior Camo (ownerId:526094573 - pos <2943.497314, 9.249850, 3198.213135> - islocked:false - password:77899511) initialized
0-0-51 |  Novator Flecktarn (ownerId:48698262 - pos <2795.422607, 69.814308, 4663.095215> - islocked:true - password:48151623) initialized
0-0-51 | Oshkosh (ownerId:197257182 - pos <2799.743652, 69.918602, 4662.982910> - islocked:true - password:48151623) initialized
0-0-51 | Gunter 2 (ownerId:218588421 - pos <3803.087646, 7.155910, 5908.469727> - islocked:true - password:3081984) initialized
0-0-51 | MH-6M Little Bird (ownerId:442990275 - pos <3978.020264, 26.211432, 4857.777832> - islocked:true - password:37579090) initialized
0-0-51 | URAL 4320 KUNG (ownerId:88929178 - pos <4421.796875, 7.271983, 4607.149902> - islocked:true - password:371400) initialized
0-0-51 | UH-60 Blackhawk - blackblackhawk (ownerId:88929178 - pos <4427.373535, 11.961778, 4606.234863> - islocked:true - password:371400) initialized
0-0-51 | Toyota Land Cruiser 200 Camo2  (ownerId:93344906 - pos <5637.172852, 29.232138, 5345.612793> - islocked:false - password:48151623) initialized
0-0-51 | UAZ 3909 Beige (ownerId:795695470 - pos <5623.589355, 29.497906, 5350.580566> - islocked:true - password:8031991) initialized
0-0-51 | LUAZ 969 rust (ownerId:127107249 - pos <5615.926270, 29.288031, 5349.587891> - islocked:true - password:12186270) initialized
0-0-51 | Velociraptor6x6 Camo (ownerId:407766611 - pos <5619.667480, 29.525600, 5383.613770> - islocked:true - password:55555552) initialized
0-0-51 | Velociraptor6x6 Camo2  (ownerId:407766611 - pos <5623.782227, 29.525606, 5387.169922> - islocked:true - password:55555552) initialized
0-0-51 | MH-6M Little Bird - Camo (ownerId:132652049 - pos <5677.182617, 30.092625, 5390.803223> - islocked:true - password:9021997) initialized
0-0-51 | STR_EGER_GreenCamo_name (ownerId:197257182 - pos <5645.557129, 29.325033, 5428.847656> - islocked:true - password:48151623) initialized
0-0-51 | Gunter 2 (ownerId:48698262 - pos <5639.053711, 28.903135, 5333.077148> - islocked:true - password:48151623) initialized
0-0-51 | Ada 4x4 (ownerId:369601190 - pos <5668.546387, 29.263599, 5470.104004> - islocked:true - password:42014201) initialized
0-0-51 | Olga 24 (ownerId:795695470 - pos <5671.744141, 33.681587, 5278.787598> - islocked:true - password:8031991) initialized
0-0-51 | UAZ_2315 Red (ownerId:369601190 - pos <5680.440430, 33.324459, 5269.383301> - islocked:true - password:45645645) initialized
0-0-51 | UAZ HUNTER (ownerId:442990275 - pos <5683.677246, 33.468773, 5267.365723> - islocked:true - password:37579090) initialized
0-0-51 | Ada 4x4 (ownerId:262549311 - pos <5673.448730, 33.173180, 5263.717773> - islocked:false - password:11111111) initialized
0-0-51 | Gunter 2 (ownerId:442990275 - pos <5687.659180, 33.534168, 5265.012695> - islocked:true - password:42014201) initialized
0-0-51 | HAMMER_H1 (ownerId:262549311 - pos <7192.250977, 61.560791, 5888.685547> - islocked:true - password:24680000) initialized
0-0-51 | MH-6M Little Bird - Camo (ownerId:523450192 - pos <5891.708008, 41.853767, 5228.912109> - islocked:true - password:22392239) initialized
0-0-51 | STR_EGER_GreenCamo_name (ownerId:523991778 - pos <5899.112793, 37.135426, 5221.916992> - islocked:true - password:22392239) initialized
0-0-51 | Jeep Wrangler green  (ownerId:523450192 - pos <5904.565430, 37.193291, 5221.845215> - islocked:true - password:22392239) initialized
0-0-51 | MOSKVICH 2140 (ownerId:882346394 - pos <6661.942383, 15.562304, 6318.884766> - islocked:true - password:42091103) initialized
0-0-51 | SCOUT Black (ownerId:442990275 - pos <7117.490234, 3.393127, 5289.270508> - islocked:true - password:37579090) initialized
0-4-59 | Ada 4x4 (ownerId:262549311 - pos <5674.403809, 32.422436, 5262.603027> - islocked:false - password:11111111) has been deleted
0-6-42 | Robinson R22 Helicopter (ownerId:521855408 - pos <5672.731445, 29.276411, 5514.041992> - islocked:true - password:9102021) new car claimed
0-13-25 | Robinson R22 Helicopter - Red (ownerId:197257182 - pos <5656.948730, 33.323921, 5249.808594> - islocked:true - password:48151623) new car claimed
0-14-50 | Robinson R22 Helicopter - Red (ownerId:197257182 - pos <5656.948730, 33.323921, 5249.808594> - islocked:true - password:48151623) has been deleted
0-25-54 | Ada 4x4 (ownerId:262549311 - pos <14096.877930, 137.740005, 2593.322510> - islocked:true - password:11111111) new car claimed
0-25-54 | Ada 4x4 (ownerId:262549311 - pos <14096.877930, 137.732864, 2593.322510> - islocked:true - password:11111111) initialized
0-31-57 | Ada 4x4 (ownerId:262549311 - pos <14096.877930, 137.480713, 2593.323486> - islocked:false - password:11111111) has been deleted
0-43-0 | Velociraptor6x6 Camo2  (ownerId:262549311 - pos <14193.255859, 10.656943, 4227.736816> - islocked:true - password:24680000) new car claimed
0-44-19 | Velociraptor6x6 Camo2  (ownerId:262549311 - pos <14193.255859, 10.656943, 4227.736816> - islocked:false - password:24680000) has been deleted
0-53-45 | Robinson R22 Helicopter (ownerId:521855408 - pos <9267.522461, 29.094271, 5377.387207> - islocked:false - password:9102021) has been deleted
1-3-23 | Velociraptor6x6 Camo2  (ownerId:262549311 - pos <7199.985352, 60.970108, 5903.584473> - islocked:true - password:24680000) new car claimed
1-3-23 | Velociraptor6x6 Camo2  (ownerId:262549311 - pos <7199.985352, 60.970108, 5903.584473> - islocked:true - password:24680000) initialized
1-6-27 | Ada 4x4 (ownerId:442990275 - pos <3953.934082, 25.220001, 4863.480469> - islocked:true - password:42014201) new car claimed
1-6-27 | Ada 4x4 (ownerId:442990275 - pos <3953.934082, 25.220001, 4863.480469> - islocked:true - password:42014201) initialized
1-7-41 | HAMMER_H1 (ownerId:262549311 - pos <7192.298828, 60.866776, 5888.548828> - islocked:false - password:24680000) has been deleted
3-4-38 | Ada 4x4 (ownerId:442990275 - pos <6101.895508, 5.920704, 14708.559570> - islocked:false - password:-1) new car claimed
3-5-8 | UAZ_2315 (ownerId:442990275 - pos <6107.053711, 5.876018, 14706.531250> - islocked:true - password:42014201) new car claimed
3-46-4 | Ada 4x4 (ownerId:197257182 - pos <6101.895508, 5.920703, 14708.559570> - islocked:true - password:48151623) new car claimed
3-46-29 | Ada 4x4 (ownerId:197257182 - pos <6101.895508, 5.920703, 14708.559570> - islocked:true - password:48151623) has been deleted
