Creation Time: 2023_5_31-6-0-47
6-0-47 | MH-6M Little Bird - Desert (ownerId:132652049 - pos <10045.665039, 8.208423, 1098.988281> - islocked:false - password:13579246) initialized
6-0-47 | Robinson R22 Helicopter (ownerId:249230507 - pos <15722.406250, 39.897213, 4669.366699> - islocked:true - password:33333333) initialized
6-0-47 | Olga 24 (ownerId:442990275 - pos <11667.243164, 6.122771, 2074.084717> - islocked:true - password:42014201) initialized
6-0-47 | ToyotaHilux White (ownerId:60592768 - pos <9561.556641, 4.344501, 5944.536133> - islocked:true - password:19651965) initialized
6-0-47 | LUAZ 969 black (ownerId:36527682 - pos <7718.376953, 36.262550, 6068.660645> - islocked:true - password:93991005) initialized
6-0-47 | MOSKVICH 2140 (ownerId:288122462 - pos <6883.863281, 34.121441, 5878.005371> - islocked:true - password:12321123) initialized
6-0-47 | LUAZ 969 black (ownerId:88929178 - pos <4143.032227, 4.151585, 4199.631836> - islocked:true - password:371400) initialized
6-0-47 | UAZ_2315 Red (ownerId:405166905 - pos <4615.322754, 5.508275, 4796.731934> - islocked:true - password:1111991) initialized
6-0-47 | MOSKVICH 2140 (ownerId:137318436 - pos <4304.500488, 3.855575, 4680.526367> - islocked:true - password:20090909) initialized
6-0-47 | MOSKVICH 2140 (ownerId:54276291 - pos <5440.174316, 6.857191, 4639.805664> - islocked:true - password:12348262) initialized
6-0-47 | Sarka 120 (ownerId:839735782 - pos <5860.061523, 44.756027, 4898.004395> - islocked:true - password:1051997) initialized
6-0-47 | Audi RS6 (ownerId:85319837 - pos <5665.602539, 33.541573, 5222.260254> - islocked:true - password:1111110) initialized
6-0-47 | Sarka 120 (ownerId:144736642 - pos <5672.431641, 33.521019, 5276.519043> - islocked:true - password:41941941) initialized
6-0-47 | ToyotaHilux Camo2 (ownerId:369601190 - pos <5659.347168, 33.425884, 5259.510742> - islocked:true - password:4031965) initialized
6-0-47 | Jeep Wrangler (ownerId:944065078 - pos <5641.525391, 29.317291, 5346.990723> - islocked:false - password:97319731) initialized
6-0-47 | Olga 24 (ownerId:442990275 - pos <4432.078613, 5.423891, 2870.046875> - islocked:false - password:42014201) initialized
6-0-47 | YAR_87 Camo2  (ownerId:34611550 - pos <4241.729004, 21.640240, 7283.323242> - islocked:true - password:19892004) initialized
6-0-47 | Olga 24 (ownerId:442990275 - pos <1974.352417, 10.094183, 8857.602539> - islocked:true - password:42014201) initialized
6-0-47 | SCOUT Black (ownerId:442990275 - pos <1971.975952, 10.182559, 8863.528320> - islocked:true - password:42014201) initialized
6-0-47 | Ada 4x4 (ownerId:839735782 - pos <1690.471191, 1.847648, 9889.914063> - islocked:true - password:1051997) initialized
