Creation Time: 2023_7_18-18-0-50
18-0-50 | UAZ 3909 Beige (ownerId:795695470 - pos <5624.192383, 29.498232, 5349.878418> - islocked:true - password:8031991) initialized
18-0-50 | Velociraptor6x6 Camo2  (ownerId:407766611 - pos <5626.754395, 29.525606, 5374.709961> - islocked:true - password:55555552) initialized
18-0-50 | MH-6M Little Bird - Camo (ownerId:132652049 - pos <5679.368652, 30.092625, 5388.674805> - islocked:true - password:9021997) initialized
18-0-50 | UAZ HUNTER (ownerId:442990275 - pos <5636.740234, 29.259834, 5360.585449> - islocked:true - password:37579090) initialized
18-0-50 | Gunter 2 (ownerId:48698262 - pos <5601.958984, 29.393909, 5360.002441> - islocked:true - password:48151623) initialized
18-0-50 | Nissan warrior Camo (ownerId:48698262 - pos <5623.421387, 29.385622, 5410.660156> - islocked:true - password:48151623) initialized
18-0-50 | Offroad Range Rover Yellow  (ownerId:103808025 - pos <6428.829590, 69.333969, 9578.216797> - islocked:false - password:55677777) initialized
18-0-50 | SCOUT Black (ownerId:442990275 - pos <5644.574707, 28.898294, 5369.693848> - islocked:true - password:37579090) initialized
18-0-50 | Ada 4x4 (ownerId:369601190 - pos <5668.544434, 29.263533, 5470.101563> - islocked:true - password:42014201) initialized
18-0-50 | Robinson R22 Helicopter - Red (ownerId:108250772 - pos <5660.425781, 33.658157, 5254.447266> - islocked:true - password:11111111) initialized
18-0-50 | UAZ_2315 Red (ownerId:369601190 - pos <5659.728027, 33.910206, 5239.601074> - islocked:true - password:45645645) initialized
18-0-50 | UH-60 Blackhawk - Budhawk (ownerId:369601190 - pos <5664.285645, 34.071350, 5234.387207> - islocked:true - password:54879586) initialized
18-0-50 | MH-6M Little Bird - Camo (ownerId:523450192 - pos <5891.178711, 41.853737, 5228.797363> - islocked:true - password:22392239) initialized
18-0-50 | Toyota Land Cruiser 200 Camo2  (ownerId:523450192 - pos <5904.081055, 37.121735, 5221.671387> - islocked:true - password:22392239) initialized
18-0-50 | STR_EGER_GreenCamo_name (ownerId:523991778 - pos <5899.113281, 37.135612, 5221.916992> - islocked:true - password:22392239) initialized
18-0-50 | Olga 24 (ownerId:526094573 - pos <5671.992676, 33.735191, 5279.676270> - islocked:true - password:77899511) initialized
18-0-50 | URAL 4320 KUNG (ownerId:88929178 - pos <4421.651855, 7.278528, 4606.825684> - islocked:true - password:371400) initialized
18-0-50 | UH-60 Blackhawk - blackblackhawk (ownerId:88929178 - pos <4427.373535, 11.963532, 4606.234863> - islocked:true - password:371400) initialized
18-0-50 | HAMMER_H1 (ownerId:262549311 - pos <7108.666992, 3.441800, 5670.637695> - islocked:true - password:24680000) initialized
18-0-50 | MOSKVICH 2140 (ownerId:882346394 - pos <6656.562988, 15.562327, 6329.310547> - islocked:true - password:42091103) initialized
18-0-50 | LUAZ 969 red (ownerId:405166905 - pos <6717.172363, 20.536667, 1700.234497> - islocked:true - password:11111111) initialized
18-0-50 | UAZ 3909 Police (ownerId:60592768 - pos <3231.902588, 3.497946, 1731.629883> - islocked:true - password:13121312) initialized
18-0-50 | Offroad Range Rover police  (ownerId:60592768 - pos <3235.147705, 3.228037, 1724.893066> - islocked:true - password:13121312) initialized
18-0-50 | STR_Camaro_Nest_name (ownerId:60592768 - pos <3245.896240, 3.116041, 1751.002563> - islocked:true - password:13121312) initialized
18-0-50 | Sarka 120 (ownerId:119311623 - pos <3402.783691, 23.255585, 6189.937500> - islocked:true - password:7101993) initialized
18-0-50 | STR_EGER_GreenCamo_name (ownerId:197257182 - pos <2774.559814, 70.024002, 4666.655762> - islocked:true - password:48151623) initialized
18-0-50 |  Novator Flecktarn (ownerId:48698262 - pos <2795.262451, 69.814308, 4663.071777> - islocked:true - password:48151623) initialized
18-0-50 | Oshkosh (ownerId:197257182 - pos <2799.744385, 69.918594, 4662.979980> - islocked:true - password:48151623) initialized
18-0-50 | MUSTANG Red (ownerId:407766611 - pos <9997.804688, 22.648693, 11025.042969> - islocked:false - password:55555552) initialized
18-0-50 | Gunter 2 (ownerId:218588421 - pos <3804.529053, 7.057755, 5908.116211> - islocked:true - password:3081984) initialized
18-0-50 | Oshkosh grey (ownerId:64819467 - pos <4275.675781, 21.358603, 7271.527832> - islocked:true - password:7101993) initialized
18-0-50 | BMW X5 Flecktarn (ownerId:53415379 - pos <4262.794434, 20.914972, 7258.721191> - islocked:true - password:7101993) initialized
18-0-50 | Toyota Land Cruiser 200 Camo (ownerId:119311623 - pos <4269.519043, 21.010029, 7264.750977> - islocked:true - password:7101993) initialized
18-0-50 | ToyotaHilux rust (ownerId:526094573 - pos <5360.789063, 3.341197, 7457.451172> - islocked:false - password:77899511) initialized
18-27-40 | Robinson R22 Helicopter - Red (ownerId:108250772 - pos <5660.271484, 33.082924, 5254.194336> - islocked:true - password:11111111) has been deleted
18-49-30 | Toyota Land Cruiser 200 Camo2  (ownerId:93344906 - pos <5594.926270, 28.749863, 5362.867676> - islocked:true - password:12022017) new car claimed
20-7-54 | Nissan warrior Camo (ownerId:48698262 - pos <5654.880859, 28.804407, 5422.809570> - islocked:false - password:-1) new car claimed
20-9-50 | Nissan warrior Camo (ownerId:526094573 - pos <5654.880859, 28.804407, 5422.809570> - islocked:true - password:77899511) new car claimed
20-30-48 | PAZ (Blue) (ownerId:442990275 - pos <5610.303223, 28.614826, 5353.826660> - islocked:true - password:42014201) new car claimed
20-40-25 | PAZ (Blue) (ownerId:442990275 - pos <5675.458984, 32.843807, 5276.123047> - islocked:true - password:42014201) has been deleted
20-48-29 | Gunter 2 (ownerId:442990275 - pos <5596.702637, 29.009998, 5361.231934> - islocked:true - password:42014201) new car claimed
20-48-29 | Gunter 2 (ownerId:442990275 - pos <5596.702637, 29.009998, 5361.231934> - islocked:true - password:42014201) initialized
20-52-51 | Olga 24 (ownerId:442990275 - pos <5594.859863, 29.010021, 5363.422852> - islocked:true - password:42014201) new car claimed
20-52-51 | Olga 24 (ownerId:442990275 - pos <5594.859863, 29.010021, 5363.422852> - islocked:true - password:42014201) initialized
20-55-23 | Olga 24 (ownerId:442990275 - pos <5594.832031, 28.697832, 5363.435059> - islocked:false - password:42014201) has been deleted
20-55-36 | Olga 24 (ownerId:442990275 - pos <5593.960449, 29.010042, 5363.331543> - islocked:true - password:42014201) new car claimed
20-55-36 | Olga 24 (ownerId:442990275 - pos <5593.960449, 29.010042, 5363.331543> - islocked:true - password:42014201) initialized
20-57-24 | Olga 24 (ownerId:442990275 - pos <5593.955078, 28.697651, 5363.337402> - islocked:true - password:42014201) has been deleted
20-58-32 | UH-60 Blackhawk - Budhawk (ownerId:369601190 - pos <3808.414063, 16.075537, 9089.635742> - islocked:false - password:54879586) has been deleted
21-2-7 | Jeep Wrangler green  (ownerId:523450192 - pos <5904.970703, 36.211617, 5208.274414> - islocked:true - password:22392239) new car claimed
21-14-32 | Jeep Wrangler green  (ownerId:523450192 - pos <4495.045898, 8.345390, 12254.316406> - islocked:true - password:22392239) has been deleted
21-21-41 | Jeep Wrangler green  (ownerId:523450192 - pos <5906.941895, 36.746948, 5211.314453> - islocked:true - password:22392239) new car claimed
21-21-41 | Jeep Wrangler green  (ownerId:523450192 - pos <5906.941895, 36.746948, 5211.314453> - islocked:true - password:22392239) initialized
21-27-6 | Toyota Land Cruiser 200 Camo2  (ownerId:523450192 - pos <5904.606445, 36.622158, 5220.986816> - islocked:false - password:22392239) has been deleted
21-27-7 | UAZ 3909 Ambulance (ownerId:521855408 - pos <5634.916504, 29.009998, 5418.463867> - islocked:true - password:9102021) new car claimed
21-27-7 | UAZ 3909 Ambulance (ownerId:521855408 - pos <5634.916504, 29.009998, 5418.463867> - islocked:true - password:9102021) initialized
22-37-19 | UAZ 3909 Ambulance (ownerId:521855408 - pos <9305.887695, 30.973558, 5350.223633> - islocked:false - password:9102021) has been deleted
22-58-54 | Toyota Land Cruiser 200 Camo2  (ownerId:93344906 - pos <5595.312012, 28.749897, 5366.524902> - islocked:true - password:-1) new car claimed
23-0-21 | Toyota Land Cruiser 200 Camo2  (ownerId:93344906 - pos <5595.312012, 28.749897, 5366.524902> - islocked:true - password:48151623) new car claimed
23-4-33 | Olga 24 (ownerId:526094573 - pos <5671.979004, 32.676144, 5273.425293> - islocked:true - password:-1) new car claimed
23-34-41 | ToyotaHilux rust (ownerId:526094573 - pos <5668.137207, 32.888260, 5253.217285> - islocked:true - password:77899511) new car claimed
23-35-7 | ToyotaHilux rust (ownerId:526094573 - pos <5668.137207, 32.888260, 5253.217285> - islocked:true - password:77899511) has been deleted
23-52-3 | Olga 24 (ownerId:442990275 - pos <2930.158936, 20.381485, 8846.303711> - islocked:true - password:42014201) new car claimed
23-52-24 | Olga 24 (ownerId:442990275 - pos <2930.158936, 20.381485, 8846.303711> - islocked:true - password:42014201) has been deleted
