Creation Time: 2023_7_19-6-0-51
6-0-51 | LUAZ 969 red (ownerId:405166905 - pos <5356.917969, 35.382145, 641.903625> - islocked:true - password:11111111) initialized
6-0-51 | Offroad Range Rover police  (ownerId:60592768 - pos <3235.147705, 3.228037, 1724.893066> - islocked:true - password:13121312) initialized
6-0-51 | UAZ 3909 Police (ownerId:60592768 - pos <3231.902588, 3.497946, 1731.630127> - islocked:true - password:13121312) initialized
6-0-51 | STR_Camaro_Nest_name (ownerId:60592768 - pos <3245.896240, 3.116042, 1751.002686> - islocked:true - password:13121312) initialized
6-0-51 | HAMMER_H1 (ownerId:262549311 - pos <7552.437012, 24.334917, 3926.690186> - islocked:true - password:24680000) initialized
6-0-51 |  Novator Flecktarn (ownerId:48698262 - pos <2795.423340, 69.814293, 4663.095215> - islocked:true - password:48151623) initialized
6-0-51 | Oshkosh (ownerId:197257182 - pos <2799.744385, 69.918602, 4662.980469> - islocked:true - password:48151623) initialized
6-0-51 | STR_EGER_GreenCamo_name (ownerId:197257182 - pos <2774.559814, 70.023994, 4666.655762> - islocked:true - password:48151623) initialized
6-0-51 | Sarka 120 (ownerId:119311623 - pos <3402.781250, 23.253134, 6189.940430> - islocked:true - password:7101993) initialized
6-0-51 | Offroad Range Rover Yellow  (ownerId:103808025 - pos <3635.527832, 16.122341, 9634.206055> - islocked:true - password:55677777) initialized
6-0-51 | MUSTANG Red (ownerId:407766611 - pos <9997.804688, 22.648697, 11025.042969> - islocked:false - password:55555552) initialized
6-0-51 | BMW X5 Flecktarn (ownerId:53415379 - pos <4265.506836, 20.915047, 7261.179199> - islocked:true - password:7101993) initialized
6-0-51 | Toyota Land Cruiser 200 Camo (ownerId:119311623 - pos <4269.523438, 21.010042, 7264.750000> - islocked:true - password:7101993) initialized
6-0-51 | Oshkosh grey (ownerId:64819467 - pos <4275.676270, 21.358768, 7271.528320> - islocked:true - password:7101993) initialized
6-0-51 | ToyotaHilux rust (ownerId:526094573 - pos <5360.789551, 3.341205, 7457.453613> - islocked:false - password:77899511) initialized
6-0-51 | Gunter 2 (ownerId:218588421 - pos <3806.517578, 6.932353, 5907.980957> - islocked:true - password:3081984) initialized
6-0-51 | UAZ 3909 Beige (ownerId:795695470 - pos <5623.896973, 29.497866, 5349.655762> - islocked:true - password:8031991) initialized
6-0-51 | MH-6M Little Bird - Camo (ownerId:132652049 - pos <5679.368652, 30.092627, 5388.674805> - islocked:true - password:9021997) initialized
6-0-51 | Ada 4x4 (ownerId:369601190 - pos <5668.544922, 29.263521, 5470.102539> - islocked:true - password:42014201) initialized
6-0-51 | Velociraptor6x6 Camo2  (ownerId:407766611 - pos <5617.958984, 29.525602, 5391.388184> - islocked:true - password:55555552) initialized
6-0-51 | Gunter 2 (ownerId:48698262 - pos <5638.671875, 29.009485, 5336.399414> - islocked:true - password:48151623) initialized
6-0-51 | Nissan warrior Camo (ownerId:526094573 - pos <5647.047363, 28.424931, 5435.304199> - islocked:true - password:77899511) initialized
6-0-51 | MH-6M Little Bird - Camo (ownerId:523450192 - pos <5891.236328, 41.853737, 5228.727051> - islocked:true - password:22392239) initialized
6-0-51 | STR_EGER_GreenCamo_name (ownerId:523991778 - pos <5899.113281, 37.135578, 5221.916992> - islocked:true - password:22392239) initialized
6-0-51 | Jeep Wrangler green  (ownerId:523450192 - pos <5904.621094, 37.197441, 5221.705078> - islocked:false - password:22392239) initialized
6-0-51 | MOSKVICH 2140 (ownerId:882346394 - pos <6661.942383, 15.562363, 6318.884766> - islocked:true - password:42091103) initialized
6-0-51 | UAZ_2315 Red (ownerId:369601190 - pos <5657.114258, 33.998127, 5235.578125> - islocked:true - password:45645645) initialized
6-0-51 | Gunter 2 (ownerId:442990275 - pos <5687.659180, 33.536953, 5265.093750> - islocked:true - password:42014201) initialized
6-0-51 | UAZ HUNTER (ownerId:442990275 - pos <5683.734863, 33.470875, 5267.362305> - islocked:true - password:37579090) initialized
6-0-51 | SCOUT Black (ownerId:442990275 - pos <5680.507813, 33.471992, 5268.421387> - islocked:true - password:37579090) initialized
6-0-51 | Toyota Land Cruiser 200 Camo2  (ownerId:93344906 - pos <5601.037109, 74.645973, 3699.022461> - islocked:true - password:48151623) initialized
6-0-51 | UH-60 Blackhawk - blackblackhawk (ownerId:88929178 - pos <4427.373535, 11.961781, 4606.234863> - islocked:true - password:371400) initialized
6-0-51 | URAL 4320 KUNG (ownerId:88929178 - pos <4421.796875, 7.271981, 4607.150879> - islocked:true - password:371400) initialized
6-29-12 | Olga 24 (ownerId:442990275 - pos <5600.671387, 29.009979, 5358.090332> - islocked:true - password:42014201) new car claimed
6-29-12 | Olga 24 (ownerId:442990275 - pos <5600.671387, 29.003574, 5358.090332> - islocked:true - password:42014201) initialized
6-34-26 | Olga 24 (ownerId:442990275 - pos <5600.634277, 28.697823, 5358.092773> - islocked:false - password:42014201) has been deleted
7-26-44 | MH-6M Little Bird (ownerId:442990275 - pos <5602.458984, 28.634491, 5387.224121> - islocked:true - password:37579090) new car claimed
8-31-18 | MH-6M Little Bird (ownerId:442990275 - pos <3921.567139, 25.055735, 4834.145020> - islocked:false - password:37579090) has been deleted
8-32-3 | MH-6M Little Bird (ownerId:442990275 - pos <3978.017334, 25.219999, 4857.804688> - islocked:true - password:37579090) new car claimed
8-32-3 | MH-6M Little Bird (ownerId:442990275 - pos <3978.017334, 25.212011, 4857.804688> - islocked:true - password:37579090) initialized
10-46-10 | UH-60 Blackhawk - Budhawk (ownerId:369601190 - pos <3779.173584, 16.299999, 9057.715820> - islocked:true - password:54879586) new car claimed
10-46-10 | UH-60 Blackhawk - Budhawk (ownerId:369601190 - pos <3779.173584, 16.299999, 9057.715820> - islocked:true - password:54879586) initialized
10-49-9 | UAZ_2315 Red (ownerId:369601190 - pos <5656.892090, 33.428307, 5235.251953> - islocked:false - password:45645645) has been deleted
10-49-35 | UH-60 Blackhawk - Budhawk (ownerId:369601190 - pos <5670.849609, 33.231152, 5229.780762> - islocked:true - password:54879586) has been deleted
