Creation Time: 2023_7_21-6-0-54
6-0-54 | LUAZ 969 red (ownerId:405166905 - pos <5356.917969, 35.382145, 641.903687> - islocked:true - password:11111111) initialized
6-0-54 | Offroad Range Rover police  (ownerId:60592768 - pos <3239.770752, 3.228037, 1719.024414> - islocked:true - password:13121312) initialized
6-0-54 | UAZ 3909 Police (ownerId:60592768 - pos <3231.810303, 3.497946, 1732.096436> - islocked:true - password:13121312) initialized
6-0-54 | STR_Camaro_Nest_name (ownerId:60592768 - pos <3246.134521, 3.116042, 1750.852173> - islocked:true - password:13121312) initialized
6-0-54 | Nissan warrior Camo (ownerId:526094573 - pos <9844.184570, 14.827856, 10807.081055> - islocked:false - password:77899511) initialized
6-0-54 | Offroad Range Rover Yellow  (ownerId:103808025 - pos <3635.527344, 16.122431, 9634.207031> - islocked:true - password:55677777) initialized
6-0-54 | Velociraptor6x6 Camo2  (ownerId:262549311 - pos <7192.206543, 61.650356, 5887.838379> - islocked:true - password:24680000) initialized
6-0-54 | MH-6M Little Bird - Camo (ownerId:197257182 - pos <2786.854248, 70.383034, 4645.173340> - islocked:true - password:48151623) initialized
6-0-54 |  Novator Flecktarn (ownerId:48698262 - pos <2795.422852, 69.814301, 4663.095215> - islocked:true - password:48151623) initialized
6-0-54 | STR_EGER_GreenCamo_name (ownerId:197257182 - pos <2802.367188, 69.987404, 4663.776367> - islocked:true - password:48151623) initialized
6-0-54 | Oshkosh (ownerId:197257182 - pos <2799.506104, 69.918602, 4663.191406> - islocked:true - password:48151623) initialized
6-0-54 | MH-6M Little Bird (ownerId:442990275 - pos <3973.468262, 26.211437, 4863.990234> - islocked:true - password:37579090) initialized
6-0-54 | SCOUT Black (ownerId:442990275 - pos <3951.522461, 25.773998, 4851.550293> - islocked:true - password:37579090) initialized
6-0-54 | UAZ_2315 (ownerId:442990275 - pos <3960.854980, 25.494846, 4850.235352> - islocked:true - password:42014201) initialized
6-0-54 | M3S Covered (ownerId:442990275 - pos <3920.354736, 25.790195, 4839.752441> - islocked:true - password:42014201) initialized
6-0-54 | UAZ HUNTER (ownerId:442990275 - pos <3922.226807, 25.604904, 4828.161133> - islocked:true - password:37579090) initialized
6-0-54 | Olga 24 (ownerId:442990275 - pos <3923.051270, 25.437393, 4804.563477> - islocked:true - password:42014201) initialized
6-0-54 | Olga 24 (ownerId:442990275 - pos <3922.755859, 25.518747, 4800.962891> - islocked:true - password:42014201) initialized
6-0-54 | Olga 24 (ownerId:442990275 - pos <3922.904053, 25.518747, 4797.623535> - islocked:true - password:42014201) initialized
6-0-54 | Gunter 2 (ownerId:442990275 - pos <3922.709229, 25.603891, 4793.147949> - islocked:true - password:42014201) initialized
6-0-54 | MH-6M Little Bird - Camo (ownerId:88929178 - pos <4424.508789, 12.575639, 4605.745117> - islocked:true - password:371400) initialized
6-0-54 | Mercedes-Benz W140 Blue (ownerId:88929178 - pos <4427.227539, 6.679061, 4607.086914> - islocked:true - password:371400) initialized
6-0-54 | STR_EGER_GreenCamo_name (ownerId:523991778 - pos <5897.891113, 37.047981, 5222.829102> - islocked:false - password:22392239) initialized
6-0-54 | Jeep Wrangler green  (ownerId:523450192 - pos <5904.747559, 37.209179, 5221.330078> - islocked:true - password:22392239) initialized
6-0-54 | MH-6M Little Bird - Camo (ownerId:523450192 - pos <5891.183594, 41.853745, 5228.957031> - islocked:true - password:22392239) initialized
6-0-54 | UAZ_2315 Red (ownerId:369601190 - pos <5655.492188, 33.960999, 5240.122070> - islocked:true - password:45645645) initialized
6-0-54 | Toyota Land Cruiser 200 Camo2  (ownerId:93344906 - pos <5675.303223, 33.515625, 5275.217773> - islocked:true - password:48151623) initialized
6-0-54 | Olga 24 (ownerId:795695470 - pos <5671.741699, 33.666073, 5278.590332> - islocked:true - password:8031991) initialized
6-0-54 | MOSKVICH 2140 (ownerId:882346394 - pos <6661.942383, 15.562320, 6318.885254> - islocked:true - password:42091103) initialized
6-0-54 | Gunter 2 (ownerId:48698262 - pos <5639.050293, 28.903160, 5333.078125> - islocked:true - password:48151623) initialized
6-0-54 | UAZ 3909 Beige (ownerId:795695470 - pos <5623.590820, 29.497904, 5350.581543> - islocked:true - password:8031991) initialized
6-0-54 | LUAZ 969 rust (ownerId:127107249 - pos <5615.891113, 29.287186, 5349.461914> - islocked:true - password:12186270) initialized
6-0-54 | MH-6M Little Bird - Camo (ownerId:132652049 - pos <5677.182617, 30.092625, 5390.803223> - islocked:true - password:9021997) initialized
6-0-54 | Velociraptor6x6 Camo (ownerId:407766611 - pos <5619.125977, 29.525600, 5384.213867> - islocked:true - password:55555552) initialized
6-0-54 | Velociraptor6x6 Camo2  (ownerId:407766611 - pos <5623.312500, 29.525602, 5388.115723> - islocked:true - password:55555552) initialized
6-0-54 | Ada 4x4 (ownerId:369601190 - pos <5668.548340, 29.263735, 5470.105469> - islocked:true - password:42014201) initialized
6-0-54 | Oshkosh grey (ownerId:64819467 - pos <4275.676270, 21.358603, 7271.527832> - islocked:true - password:7101993) initialized
6-0-54 | Toyota Land Cruiser 200 Camo (ownerId:119311623 - pos <4269.525391, 21.010038, 7264.752441> - islocked:true - password:7101993) initialized
6-0-54 | BMW X5 Flecktarn (ownerId:53415379 - pos <4264.653809, 20.914972, 7260.538574> - islocked:true - password:7101993) initialized
6-0-54 | Sarka 120 (ownerId:119311623 - pos <3402.775391, 23.253374, 6189.946289> - islocked:true - password:7101993) initialized
6-0-54 | Gunter 2 (ownerId:218588421 - pos <3803.355957, 7.130748, 5908.257324> - islocked:true - password:3081984) initialized
6-26-36 | BMW (ownerId:447071218 - pos <5638.610352, 28.461241, 5357.989746> - islocked:true - password:15148636) new car claimed
6-35-8 | MH-6M Little Bird - Camo (ownerId:197257182 - pos <4899.578613, 8.295816, 4989.565430> - islocked:false - password:48151623) has been deleted
6-35-24 | MH-6M Little Bird - Camo (ownerId:119248354 - pos <4897.279785, 7.856746, 4995.579102> - islocked:true - password:48151623) new car claimed
6-35-24 | MH-6M Little Bird - Camo (ownerId:119248354 - pos <4897.279785, 7.849129, 4995.579102> - islocked:true - password:48151623) initialized
