Creation Time: 2023_6_8-6-0-48
6-0-48 | YAR_87 Camo2  (ownerId:34611550 - pos <2479.792480, 18.702549, 13963.009766> - islocked:true - password:19892004) initialized
6-0-48 | MH-6M Little Bird - Desert (ownerId:132652049 - pos <10045.665039, 8.208424, 1098.988281> - islocked:false - password:13579246) initialized
6-0-48 | ToyotaHilux Camo (ownerId:442990275 - pos <7248.804199, 25.022587, 1970.907104> - islocked:true - password:42014201) initialized
6-0-48 | M3S Covered (ownerId:249230507 - pos <8282.176758, 5.025909, 9352.263672> - islocked:true - password:33333333) initialized
6-0-48 | Robinson R22 Helicopter (ownerId:249230507 - pos <8092.914063, 13.178654, 9330.942383> - islocked:true - password:33333333) initialized
6-0-48 | STR_EGER_name (ownerId:980466132 - pos <3688.992188, 12.084758, 9772.874023> - islocked:true - password:22392239) initialized
6-0-48 | MH-6M Little Bird - Camo (ownerId:369601190 - pos <1578.123535, 10.481430, 9028.335938> - islocked:true - password:80081355) initialized
6-0-48 | STR_Camaro_Lesnik_name (ownerId:442990275 - pos <1956.199341, 9.871473, 8872.092773> - islocked:true - password:42014201) initialized
6-0-48 | ToyotaHilux White (ownerId:60592768 - pos <9560.016602, 4.309744, 5946.574707> - islocked:true - password:19651965) initialized
6-0-48 | LUAZ 969 black (ownerId:88929178 - pos <4146.071289, 4.054597, 4199.206055> - islocked:true - password:371400) initialized
6-0-48 | MOSKVICH 2140 (ownerId:137318436 - pos <4304.500000, 3.855563, 4680.525391> - islocked:true - password:20090909) initialized
6-0-48 | Olga 24 (ownerId:416867315 - pos <5378.852539, 74.598724, 3968.254150> - islocked:true - password:19993420) initialized
6-0-48 | MOSKVICH 2140 (ownerId:54276291 - pos <5440.931641, 6.815604, 4639.779785> - islocked:true - password:12348262) initialized
6-0-48 | LUAZ 969 black (ownerId:36527682 - pos <7718.376953, 36.262543, 6068.660645> - islocked:true - password:93991005) initialized
6-0-48 | Audi RS6 (ownerId:85319837 - pos <5682.034180, 33.497372, 5242.730469> - islocked:true - password:1111110) initialized
6-0-48 | MOSKVICH 2140 (ownerId:288122462 - pos <6883.863281, 34.121437, 5878.004883> - islocked:true - password:12321123) initialized
6-0-48 | Jeep Wrangler (ownerId:944065078 - pos <5667.188477, 29.419952, 5339.477051> - islocked:false - password:97319731) initialized
6-0-48 | Olga 24 (ownerId:405166905 - pos <3425.020508, 23.085613, 6115.207520> - islocked:true - password:1111991) initialized
6-0-48 | Olga 24 (ownerId:501895347 - pos <3569.568848, 21.127218, 6543.797852> - islocked:true - password:42775920) initialized
6-0-48 | Sarka 120 (ownerId:144736642 - pos <7340.216797, 7.426129, 8406.367188> - islocked:true - password:41941941) initialized
6-0-48 | M3S Covered (ownerId:86564395 - pos <4550.290527, 27.460148, 7875.549805> - islocked:false - password:59005900) initialized
6-0-48 | Ada 4x4 (ownerId:839735782 - pos <4959.781250, 15.150972, 8482.845703> - islocked:true - password:1051997) initialized
6-0-48 | UAZ_2315 Red (ownerId:405166905 - pos <5947.331055, 14.544469, 8610.935547> - islocked:true - password:1111991) initialized
6-0-48 | MH-6M Little Bird (ownerId:34611550 - pos <4271.984863, 21.744883, 7303.545410> - islocked:true - password:19892004) initialized
6-0-48 | Jeep Wrangler Blue (ownerId:34611550 - pos <4246.239258, 21.212746, 7292.730957> - islocked:true - password:19892004) initialized
6-0-48 | Jeep Wrangler black  (ownerId:308099129 - pos <3929.318359, 12.055122, 7918.307129> - islocked:true - password:9131988) initialized
6-0-48 | Olga 24 (ownerId:86564395 - pos <5683.289063, 5.538054, 9264.157227> - islocked:true - password:59005900) initialized
