Creation Time: 2023_5_30-12-0-52
12-0-52 | Robinson R22 Helicopter (ownerId:249230507 - pos <15722.524414, 39.851212, 4669.357910> - islocked:true - password:33333333) initialized
12-0-52 | Olga 24 (ownerId:442990275 - pos <4432.074707, 5.424055, 2870.047119> - islocked:false - password:42014201) initialized
12-0-52 | ToyotaHilux White (ownerId:60592768 - pos <9560.495117, 4.368450, 5944.374023> - islocked:true - password:19651965) initialized
12-0-52 | LUAZ 969 black (ownerId:36527682 - pos <7716.694336, 36.276520, 6069.650391> - islocked:true - password:93991005) initialized
12-0-52 | Olga 24 (ownerId:442990275 - pos <1974.351074, 10.094159, 8857.602539> - islocked:true - password:42014201) initialized
12-0-52 | Olga 24 (ownerId:442990275 - pos <11670.972656, 6.281414, 2077.351807> - islocked:true - password:42014201) initialized
12-0-52 | MH-6M Little Bird - Desert (ownerId:132652049 - pos <10045.665039, 8.208423, 1098.988281> - islocked:false - password:13579246) initialized
12-0-52 | LUAZ 969 black (ownerId:88929178 - pos <4141.052246, 4.194546, 4206.727051> - islocked:true - password:371400) initialized
12-0-52 | UAZ_2315 Red (ownerId:405166905 - pos <5629.238281, 28.799364, 5330.635254> - islocked:true - password:1111991) initialized
12-0-52 | Jeep Wrangler (ownerId:944065078 - pos <5637.950684, 29.292650, 5346.687988> - islocked:false - password:97319731) initialized
12-0-52 | YAR_87 Camo2  (ownerId:34611550 - pos <4241.097656, 21.640482, 7282.679199> - islocked:false - password:19892004) initialized
12-0-52 | Ada 4x4 (ownerId:839735782 - pos <5856.363770, 44.836643, 4895.980957> - islocked:true - password:1051997) initialized
12-0-52 | Sarka 120 (ownerId:839735782 - pos <5860.065430, 44.756031, 4898.004395> - islocked:true - password:1051997) initialized
12-0-52 | Audi RS6 (ownerId:85319837 - pos <5665.602051, 33.541618, 5222.260742> - islocked:true - password:1111110) initialized
12-0-52 | SCOUT Black (ownerId:442990275 - pos <5685.079102, 33.549892, 5267.828125> - islocked:true - password:42014201) initialized
12-0-52 | MOSKVICH 2140 (ownerId:288122462 - pos <6883.863281, 34.121445, 5878.005371> - islocked:true - password:12321123) initialized
12-0-52 | MOSKVICH 2140 (ownerId:54276291 - pos <5440.096191, 6.860894, 4639.807129> - islocked:true - password:12348262) initialized
12-0-52 | Sarka 120 (ownerId:144736642 - pos <5672.471191, 33.536732, 5276.706055> - islocked:true - password:41941941) initialized
12-0-52 | ToyotaHilux Camo2 (ownerId:369601190 - pos <3243.267578, 21.295092, 6415.692383> - islocked:true - password:4031965) initialized
12-0-52 | MOSKVICH 2140 (ownerId:137318436 - pos <4304.500488, 3.855581, 4680.526367> - islocked:true - password:20090909) initialized
17-4-31 | YAR_87 Camo2  (ownerId:34611550 - pos <4241.203125, 20.703587, 7283.511230> - islocked:false - password:19892004) has been deleted
