Creation Time: 2023_5_31-0-0-47
0-0-47 | MH-6M Little Bird - Desert (ownerId:132652049 - pos <10045.665039, 8.208423, 1098.988281> - islocked:false - password:13579246) initialized
0-0-47 | Robinson R22 Helicopter (ownerId:249230507 - pos <15722.458008, 39.849297, 4669.410645> - islocked:true - password:33333333) initialized
0-0-47 | Olga 24 (ownerId:442990275 - pos <11667.243164, 6.122746, 2074.084473> - islocked:true - password:42014201) initialized
0-0-47 | ToyotaHilux White (ownerId:60592768 - pos <9561.556641, 4.344379, 5944.540039> - islocked:true - password:19651965) initialized
0-0-47 | LUAZ 969 black (ownerId:36527682 - pos <7718.376953, 36.262554, 6068.660645> - islocked:true - password:93991005) initialized
0-0-47 | Olga 24 (ownerId:442990275 - pos <4432.077637, 5.423933, 2870.046875> - islocked:false - password:42014201) initialized
0-0-47 | LUAZ 969 black (ownerId:88929178 - pos <3601.463623, 9.807516, 5372.456055> - islocked:true - password:371400) initialized
0-0-47 | MOSKVICH 2140 (ownerId:137318436 - pos <4304.500488, 3.855569, 4680.526367> - islocked:true - password:20090909) initialized
0-0-47 | YAR_87 Camo2  (ownerId:34611550 - pos <4241.729004, 21.640234, 7283.323242> - islocked:true - password:19892004) initialized
0-0-47 | Audi RS6 (ownerId:85319837 - pos <5665.602539, 33.541618, 5222.260254> - islocked:true - password:1111110) initialized
0-0-47 | Sarka 120 (ownerId:144736642 - pos <5672.431641, 33.523838, 5276.556152> - islocked:true - password:41941941) initialized
0-0-47 | Jeep Wrangler (ownerId:944065078 - pos <5641.525391, 29.317291, 5346.990723> - islocked:false - password:97319731) initialized
0-0-47 | ToyotaHilux Camo2 (ownerId:369601190 - pos <3116.721924, 12.181194, 8770.856445> - islocked:true - password:4031965) initialized
0-0-47 | Ada 4x4 (ownerId:839735782 - pos <1690.469482, 1.847655, 9889.913086> - islocked:true - password:1051997) initialized
0-0-47 | Olga 24 (ownerId:442990275 - pos <1942.240356, 13.097773, 8869.668945> - islocked:true - password:42014201) initialized
0-0-47 | SCOUT Black (ownerId:442990275 - pos <1972.444458, 10.182560, 8863.154297> - islocked:true - password:42014201) initialized
0-0-47 | Olga 24 (ownerId:442990275 - pos <1974.351807, 10.094166, 8857.602539> - islocked:true - password:42014201) initialized
0-0-47 | MOSKVICH 2140 (ownerId:288122462 - pos <6883.863281, 34.121441, 5878.005371> - islocked:true - password:12321123) initialized
0-0-47 | Sarka 120 (ownerId:839735782 - pos <5860.062988, 44.756001, 4898.004395> - islocked:true - password:1051997) initialized
0-0-47 | MOSKVICH 2140 (ownerId:54276291 - pos <5440.145996, 6.858559, 4639.806152> - islocked:true - password:12348262) initialized
0-0-47 | UAZ_2315 Red (ownerId:405166905 - pos <4615.327637, 5.508388, 4796.731445> - islocked:true - password:1111991) initialized
0-26-31 | LUAZ 969 black (ownerId:88929178 - pos <3842.667969, 17.013115, 4021.070557> - islocked:false - password:371400) has been deleted
0-27-21 | LUAZ 969 black (ownerId:88929178 - pos <3880.435791, 16.382875, 4046.183105> - islocked:true - password:371400) new car claimed
0-27-21 | LUAZ 969 black (ownerId:88929178 - pos <3880.436035, 16.376938, 4046.182617> - islocked:true - password:371400) initialized
2-2-54 | Olga 24 (ownerId:442990275 - pos <5961.137695, 37.075222, 5225.328613> - islocked:true - password:42014201) new car claimed
2-53-58 | Olga 24 (ownerId:442990275 - pos <2935.827881, 20.393480, 8869.715820> - islocked:true - password:42014201) has been deleted
3-42-25 | Olga 24 (ownerId:442990275 - pos <1953.563843, 9.483202, 8870.799805> - islocked:true - password:42014201) new car claimed
3-50-43 | Olga 24 (ownerId:442990275 - pos <1953.563843, 9.483202, 8870.799805> - islocked:true - password:42014201) has been deleted
3-51-8 | Olga 24 (ownerId:442990275 - pos <1942.116455, 12.455566, 8869.638672> - islocked:true - password:42014201) has been deleted
