Creation Time: 2023_8_1-0-0-56
0-0-56 | MUSTANG Red (ownerId:327529037 - pos <3978.945068, 25.699394, 4830.759277> - islocked:true - password:10801080) initialized
0-0-56 | URAL 4320 KUNG (ownerId:965259563 - pos <3959.091064, 27.438826, 4838.573242> - islocked:true - password:29290000) initialized
0-0-56 | Gaz 71 Black (ownerId:93344906 - pos <3965.131592, 25.749941, 4853.942383> - islocked:true - password:29292900) initialized
0-0-56 | MH-6M Little Bird - Camo (ownerId:197257182 - pos <3947.881836, 36.709953, 4811.562012> - islocked:true - password:48151623) initialized
0-0-56 | MH-6M Little Bird (ownerId:17954802 - pos <5656.845215, 30.001436, 5418.926270> - islocked:true - password:20090909) initialized
0-0-56 | MH-6M Little Bird (ownerId:442990275 - pos <1989.446899, 45.786121, 9019.557617> - islocked:true - password:37579090) initialized
0-0-56 | LUAZ 969 (ownerId:75086644 - pos <5643.024902, 28.335020, 5433.837891> - islocked:true - password:10182009) initialized
0-0-56 | UH-60 Blackhawk Cargo (ownerId:119248354 - pos <5629.351563, 29.416370, 5379.180664> - islocked:true - password:11082007) initialized
0-0-56 | AH-64 Apache Longbow (ownerId:442990275 - pos <1986.665527, 46.102470, 9025.825195> - islocked:true - password:37579090) initialized
0-0-56 | MH-6M Little Bird - Camo (ownerId:132652049 - pos <1992.575928, 45.808285, 9015.188477> - islocked:true - password:9021997) initialized
0-0-56 | Robinson R22 Helicopter - Black (ownerId:521855408 - pos <5531.083984, 13.200387, 5500.250977> - islocked:false - password:9102021) initialized
0-0-56 | Gunter 2 (ownerId:218588421 - pos <3805.956787, 6.893208, 5906.678223> - islocked:true - password:3081984) initialized
0-0-56 | Gunter 2 (ownerId:48698262 - pos <5667.066895, 33.963894, 5245.087402> - islocked:true - password:48151623) initialized
0-0-56 | Chevrolet Corvette (ownerId:407766611 - pos <6000.451172, 13.610808, 4982.084473> - islocked:true - password:55252252) initialized
0-0-56 | BMW X5 White  (ownerId:407766611 - pos <6061.447266, 12.869501, 4955.029297> - islocked:true - password:80081355) initialized
0-0-56 | Mercedes-Benz W140 Blue (ownerId:407766611 - pos <6048.839844, 12.806664, 4962.540527> - islocked:true - password:371400) initialized
0-0-56 | BMW lightgreen (ownerId:407766611 - pos <6051.255371, 12.791182, 4957.365234> - islocked:true - password:80081355) initialized
0-0-56 | BMW black (ownerId:407766611 - pos <6045.526367, 12.807480, 4956.933105> - islocked:true - password:80081355) initialized
0-0-56 | Olga 24 (ownerId:407766611 - pos <6037.345703, 13.055593, 4954.377930> - islocked:true - password:80081355) initialized
0-0-56 | MUSTANG white (ownerId:407766611 - pos <5999.725098, 14.013288, 4970.766113> - islocked:true - password:55252252) initialized
0-0-56 | Velociraptor6x6 Camo2  (ownerId:407766611 - pos <5981.119141, 14.263227, 4965.186035> - islocked:true - password:80081355) initialized
0-0-56 | Velociraptor6x6 Camo (ownerId:407766611 - pos <5977.549316, 14.299559, 4972.378906> - islocked:true - password:80081355) initialized
0-0-56 | Ada 4x4 (ownerId:369601190 - pos <5474.474609, 15.605350, 4931.196289> - islocked:true - password:42014201) initialized
0-0-56 | UAZ 3909 Beige (ownerId:795695470 - pos <5468.091797, 15.597905, 4924.883301> - islocked:true - password:8031991) initialized
0-0-56 | UH-60 Blackhawk - blackblackhawk (ownerId:447071218 - pos <1730.542969, 20.607393, 8895.149414> - islocked:true - password:15148636) initialized
0-0-56 | BMW (rust) (ownerId:447071218 - pos <1741.974609, 9.759255, 8917.308594> - islocked:false - password:15148636) initialized
0-0-56 | Jeep Wrangler Camo (ownerId:526094573 - pos <5657.599609, 33.229855, 5280.386230> - islocked:false - password:11025255) initialized
0-0-56 | MOSKVICH 2140 (ownerId:882346394 - pos <6662.157715, 15.562336, 6318.679688> - islocked:true - password:42091103) initialized
0-0-56 | Olga 24 (ownerId:327529037 - pos <6687.672852, 15.688740, 6302.988281> - islocked:false - password:29292900) initialized
0-0-56 | Velociraptor6x6 Camo2  (ownerId:262549311 - pos <7193.150879, 61.642883, 5886.736816> - islocked:true - password:24680000) initialized
0-0-56 | MOSKVICH 2140 (ownerId:288122462 - pos <3657.419434, 20.914558, 6515.144043> - islocked:true - password:12321123) initialized
0-0-56 | STR_Camaro_Nest_name (ownerId:60592768 - pos <6081.368652, 6.340246, 14745.530273> - islocked:true - password:13121312) initialized
0-0-56 | BMW X5 Red (ownerId:59769977 - pos <4428.619629, 5.312682, 12404.168945> - islocked:true - password:19891604) initialized
0-0-56 | LUAZ 969 red (ownerId:405166905 - pos <7539.680664, 88.256340, 4608.513672> - islocked:true - password:1111991) initialized
0-0-56 | UAZ 3909 Police (ownerId:60592768 - pos <3233.326416, 3.497940, 1730.790894> - islocked:true - password:13121312) initialized
0-0-56 | Offroad Range Rover police  (ownerId:60592768 - pos <3234.645508, 3.228037, 1725.417236> - islocked:true - password:13121312) initialized
0-0-56 | M3S Covered (ownerId:40055959 - pos <8933.021484, 5.866816, 10443.360352> - islocked:false - password:19711971) initialized
0-0-56 | Olga 24 (ownerId:40055959 - pos <8924.218750, 5.862726, 10446.711914> - islocked:true - password:19711971) initialized
0-0-56 | UAZ 3909 Khaki2 (ownerId:60458244 - pos <8926.184570, 6.662846, 10459.574219> - islocked:false - password:19711971) initialized
0-0-56 | Gelenvagen carbon (ownerId:88929178 - pos <7724.442383, 6.814732, 6788.958496> - islocked:false - password:371400) initialized
0-0-56 | MH-6M Little Bird - Camo (ownerId:88929178 - pos <7718.265625, 13.613747, 6787.904785> - islocked:true - password:371400) initialized
0-0-56 | BMW X5 Black (ownerId:215888376 - pos <4253.251465, 21.092596, 7299.220215> - islocked:true - password:7101993) initialized
0-0-56 | BMW X5 Red (ownerId:119311623 - pos <4246.553711, 21.092596, 7292.650879> - islocked:true - password:7101993) initialized
0-0-56 | Nissan warrior Camo (ownerId:119311623 - pos <4249.202637, 21.283245, 7296.087402> - islocked:true - password:7101993) initialized
0-0-56 | Oshkosh grey (ownerId:64819467 - pos <4245.042969, 21.536228, 7274.150879> - islocked:true - password:7101993) initialized
0-0-56 | UH-60 Blackhawk - blackblackhawk (ownerId:119311623 - pos <4271.242188, 21.234703, 7298.812500> - islocked:true - password:7101993) initialized
0-0-56 | Offroad Range Rover Yellow  (ownerId:103808025 - pos <7264.238281, 602.155884, 11730.521484> - islocked:true - password:55677777) initialized
0-0-56 | STR_SCOUT_snik2_name (ownerId:24259541 - pos <8453.788086, 190.721207, 12384.948242> - islocked:true - password:17500720) initialized
0-6-17 | MH-6M Little Bird (ownerId:17954802 - pos <3790.295166, 17.700117, 2579.553711> - islocked:false - password:20090909) has been deleted
0-17-1 | URAL 4320 KUNG (ownerId:93344906 - pos <3963.822266, 25.219999, 4861.928223> - islocked:true - password:29290000) new car claimed
0-17-1 | URAL 4320 KUNG (ownerId:93344906 - pos <3963.822266, 25.219999, 4861.928223> - islocked:true - password:29290000) initialized
0-52-20 | M3S Covered (ownerId:965259563 - pos <5605.142090, 29.047117, 5354.855957> - islocked:true - password:54146888) new car claimed
0-52-20 | M3S Covered (ownerId:965259563 - pos <5605.142090, 29.040932, 5354.855957> - islocked:true - password:54146888) initialized
1-1-5 | M3S Covered (ownerId:965259563 - pos <5619.939453, 28.701553, 5405.829590> - islocked:false - password:54146888) has been deleted
1-5-17 | HAMMER_H1 (ownerId:965259563 - pos <5627.766602, 29.009993, 5412.176758> - islocked:true - password:54146888) new car claimed
1-5-17 | HAMMER_H1 (ownerId:965259563 - pos <5627.766602, 29.009993, 5412.176758> - islocked:true - password:54146888) initialized
1-16-24 | MH-6M Little Bird (ownerId:442990275 - pos <5646.096680, 29.444185, 5514.286133> - islocked:false - password:37579090) has been deleted
1-20-7 | MH-6M Little Bird (ownerId:442990275 - pos <5630.010742, 29.009998, 5358.317383> - islocked:true - password:37579090) new car claimed
1-20-7 | MH-6M Little Bird (ownerId:442990275 - pos <5630.010742, 29.009998, 5358.317383> - islocked:true - password:37579090) initialized
1-42-21 | LUAZ 969 (ownerId:442990275 - pos <7333.116211, 65.595421, 6039.592285> - islocked:true - password:37579090) new car claimed
1-42-53 | LUAZ 969 (ownerId:442990275 - pos <7333.116211, 65.595421, 6039.592285> - islocked:false - password:37579090) has been deleted
2-16-59 | Olga 24 (ownerId:407766611 - pos <6037.320313, 12.444761, 4954.618164> - islocked:true - password:80081355) has been deleted
