Creation Time: 2023_5_23-0-0-53
0-0-53 | MOSKVICH 2140 (ownerId:944065078 - pos <6393.362793, 23.181259, 6687.294434> - islocked:false - password:97319731) initialized
0-0-53 | MBB Bo-105m Helicopter - blackcamo (ownerId:132652049 - pos <10713.283203, 3.544948, 3205.117676> - islocked:true - password:86753099) initialized
0-0-53 | Jeep Wrangler black  (ownerId:132652049 - pos <10729.566406, 3.377357, 3220.418457> - islocked:false - password:17392468) initialized
0-0-53 | UH-60 Blackhawk - blackblackhawk (ownerId:69839805 - pos <1519.369751, 9.088661, 15455.244141> - islocked:true - password:20090909) initialized
0-0-53 | Jeep Wrangler (ownerId:288122462 - pos <5521.426270, 10.995123, 6226.969727> - islocked:true - password:12321321) initialized
0-0-53 | Toyota Land Cruiser 200 blood  (ownerId:62166080 - pos <5678.061523, 33.599476, 5246.401367> - islocked:true - password:22392239) initialized
0-0-53 | M3S Covered (ownerId:442990275 - pos <5680.864258, 32.802673, 5270.203613> - islocked:true - password:37579090) initialized
0-0-53 | HAMMER_H1 black (ownerId:405166905 - pos <5195.087891, 4.949947, 5315.442383> - islocked:true - password:1111991) initialized
0-0-53 | STR_EGER_name (ownerId:69839805 - pos <4249.314941, 21.605030, 7295.934570> - islocked:true - password:20090909) initialized
0-0-53 | Gaz 71 Black (ownerId:137318436 - pos <4256.841309, 21.428881, 7292.367188> - islocked:true - password:20090909) initialized
0-0-53 | UAZ_2315 Camo2 (ownerId:442990275 - pos <1592.674194, 8.894869, 15557.292969> - islocked:true - password:42014201) initialized
0-0-53 | LUAZ 969 blue (ownerId:354151095 - pos <6972.173340, 14.597517, 5701.598633> - islocked:true - password:4250425) initialized
0-0-53 | MOSKVICH 2140 (ownerId:304057481 - pos <6950.713379, 14.669897, 5719.606445> - islocked:true - password:42687931) initialized
0-0-53 | PAZ (green) (ownerId:980466132 - pos <5631.259277, 29.526325, 5379.812012> - islocked:true - password:22392239) initialized
0-0-53 | Sarka 120 (ownerId:108250772 - pos <5617.131836, 28.686018, 5394.040039> - islocked:true - password:3181989) initialized
0-0-53 | LUAZ 969 rust (ownerId:88929178 - pos <5625.482910, 29.296350, 5419.026367> - islocked:true - password:371400) initialized
0-0-53 | Olga 24 (ownerId:839735782 - pos <3591.369141, 10.842566, 3410.573975> - islocked:true - password:13579086) initialized
0-0-53 | Olga 24 (ownerId:36527682 - pos <7733.397461, 36.107769, 6085.732910> - islocked:true - password:10939910) initialized
0-0-53 | UAZ 3909 Khaki1 (ownerId:36527682 - pos <7718.838379, 36.423996, 6070.980469> - islocked:true - password:93991005) initialized
0-0-53 | YAR_87 Camo2  (ownerId:34611550 - pos <7501.578613, 3.352665, 5638.126465> - islocked:true - password:19892004) initialized
0-0-53 | Cougar Camo kamo (ownerId:980466132 - pos <1447.440552, 3.095235, 6767.592285> - islocked:true - password:22392239) initialized
0-0-53 | ToyotaHilux Red (ownerId:60592768 - pos <9562.668945, 4.356327, 5943.359375> - islocked:true - password:19651965) initialized
0-0-53 | Toyota Land Cruiser 200 (ownerId:308099129 - pos <3522.993652, 22.781893, 4590.057617> - islocked:true - password:9131988) initialized
1-49-43 | Sarka 120 (ownerId:442990275 - pos <3188.115234, 28.871737, 4550.633789> - islocked:true - password:37579090) new car claimed
1-49-43 | Sarka 120 (ownerId:442990275 - pos <3188.115234, 28.571737, 4550.633789> - islocked:true - password:37579090) initialized
1-56-44 | Olga 24 (ownerId:965259563 - pos <5607.454102, 29.102936, 5355.117188> - islocked:true - password:54146888) new car claimed
1-56-44 | Olga 24 (ownerId:965259563 - pos <5607.454102, 28.811018, 5355.116211> - islocked:true - password:54146888) initialized
2-6-14 | Olga 24 (ownerId:965259563 - pos <5607.515137, 28.787157, 5351.032715> - islocked:false - password:54146888) has been deleted
2-28-56 | Sarka 120 (ownerId:442990275 - pos <476.968323, 8.096049, 15291.178711> - islocked:true - password:37579090) has been deleted
