Creation Time: 2023_7_25-6-0-55
6-0-55 | STR_Camaro_Nest_name (ownerId:60592768 - pos <3246.333496, 3.116042, 1751.296631> - islocked:true - password:13121312) initialized
6-0-55 | UAZ 3909 Police (ownerId:60592768 - pos <3231.894531, 3.497946, 1731.676514> - islocked:true - password:13121312) initialized
6-0-55 | Offroad Range Rover police  (ownerId:60592768 - pos <3240.920898, 3.228037, 1718.943604> - islocked:true - password:13121312) initialized
6-0-55 | Toyota Land Cruiser 200 Camo2  (ownerId:24259541 - pos <7851.705078, 3.360448, 3841.262451> - islocked:true - password:17500720) initialized
6-0-55 | Ada 4x4 (ownerId:40055959 - pos <8942.959961, 5.780703, 10433.758789> - islocked:true - password:19711971) initialized
6-0-55 | Olga 24 (ownerId:40055959 - pos <8923.685547, 5.862718, 10450.633789> - islocked:false - password:19711971) initialized
6-0-55 | UAZ469 (ownerId:40055959 - pos <8928.157227, 6.384640, 10452.190430> - islocked:true - password:19711971) initialized
6-0-55 | Velociraptor6x6 Camo2  (ownerId:407766611 - pos <9992.777344, 22.684904, 11025.113281> - islocked:true - password:55555552) initialized
6-0-55 | Sarka 120 (ownerId:89279995 - pos <7738.919922, 15.235950, 9810.032227> - islocked:true - password:20090909) initialized
6-0-55 | Robinson R22 Helicopter - Black (ownerId:197257182 - pos <7248.348633, 225.471207, 11619.498047> - islocked:true - password:48151623) initialized
6-0-55 | Offroad Range Rover Yellow  (ownerId:103808025 - pos <7264.238281, 602.155884, 11730.521484> - islocked:true - password:55677777) initialized
6-0-55 | LUAZ 969 red (ownerId:405166905 - pos <4802.159668, 18.572527, 7577.117676> - islocked:true - password:11111111) initialized
6-0-55 | BMW X5 Black (ownerId:215888376 - pos <4250.064941, 21.092596, 7296.986328> - islocked:true - password:7101993) initialized
6-0-55 | Nissan warrior Camo (ownerId:119311623 - pos <4252.930176, 21.283245, 7298.982422> - islocked:true - password:7101993) initialized
6-0-55 | Toyota Land Cruiser 200 Camo (ownerId:119311623 - pos <4246.868164, 21.187656, 7294.254395> - islocked:true - password:7101993) initialized
6-0-55 | Oshkosh grey (ownerId:64819467 - pos <4245.042969, 21.536232, 7274.150879> - islocked:true - password:7101993) initialized
6-0-55 | UAZ_2315 (ownerId:89279995 - pos <3774.869141, 6.414847, 2592.672119> - islocked:true - password:20090909) initialized
6-0-55 | Chevrolet Corvette kamo (ownerId:89279995 - pos <3769.482910, 5.926557, 2602.140381> - islocked:true - password:20090909) initialized
6-0-55 | Velociraptor6x6 Camo (ownerId:369601190 - pos <5403.441406, 15.625607, 4918.452637> - islocked:true - password:55555552) initialized
6-0-55 | Oshkosh (ownerId:197257182 - pos <2799.403076, 69.918602, 4663.852539> - islocked:true - password:48151623) initialized
6-0-55 | Olga 24 (ownerId:327529037 - pos <2790.618896, 69.613464, 4663.141113> - islocked:true - password:29292900) initialized
6-0-55 | STR_EGER_GreenCamo_name (ownerId:197257182 - pos <2803.276123, 69.987411, 4664.733398> - islocked:true - password:48151623) initialized
6-0-55 | Gaz 71 Black (ownerId:119248354 - pos <2871.816650, 23.446268, 3922.152344> - islocked:false - password:11082007) initialized
6-0-55 | Gunter 2 (ownerId:218588421 - pos <3805.851318, 6.897350, 5906.667480> - islocked:true - password:3081984) initialized
6-0-55 | UAZ 3909 Beige (ownerId:795695470 - pos <5468.114258, 15.597908, 4925.075195> - islocked:true - password:8031991) initialized
6-0-55 | Ada 4x4 (ownerId:369601190 - pos <5474.475586, 15.606166, 4931.196289> - islocked:true - password:42014201) initialized
6-0-55 | SCOUT Black (ownerId:442990275 - pos <5474.078125, 15.577123, 4935.667480> - islocked:true - password:37579090) initialized
6-0-55 | STR_Camaro_Sibirs_name (ownerId:407766611 - pos <5480.655273, 15.164767, 4976.343750> - islocked:true - password:55555552) initialized
6-0-55 | Cougar (Fox) (ownerId:108250772 - pos <5656.563477, 34.102161, 5250.316895> - islocked:true - password:78995112) initialized
6-0-55 | Robinson R22 Helicopter - Black (ownerId:521855408 - pos <5663.715332, 33.940002, 5242.544434> - islocked:true - password:9102021) initialized
6-0-55 | Gunter 2 (ownerId:48698262 - pos <5640.135742, 28.879107, 5330.799316> - islocked:false - password:48151623) initialized
6-0-55 | Jeep Wrangler Camo (ownerId:526094573 - pos <5695.989746, 31.555555, 5231.927246> - islocked:true - password:11025255) initialized
6-0-55 | Opel Astra Chrome (ownerId:127107249 - pos <5656.682617, 28.961428, 5381.953125> - islocked:true - password:12186270) initialized
6-0-55 |  Novator Flecktarn (ownerId:93344906 - pos <5644.352539, 28.531513, 5434.625488> - islocked:false - password:29292900) initialized
6-0-55 | MH-6M Little Bird - Camo (ownerId:132652049 - pos <1992.327759, 45.808277, 9015.568359> - islocked:false - password:9021997) initialized
6-0-55 | UH-60 Blackhawk Cargo (ownerId:119248354 - pos <2000.023560, 45.147621, 9025.763672> - islocked:false - password:11082007) initialized
6-0-55 | MH-6M Little Bird (ownerId:442990275 - pos <1985.840088, 45.797344, 9023.184570> - islocked:true - password:37579090) initialized
6-0-55 | Sarka 120 (ownerId:442990275 - pos <1991.247314, 10.260289, 9032.504883> - islocked:true - password:42014201) initialized
6-0-55 | UAZ HUNTER (ownerId:447071218 - pos <7148.384766, 2.897084, 5630.538574> - islocked:true - password:15148636) initialized
6-0-55 | ToyotaHilux White (ownerId:511479797 - pos <7965.789063, 3.112631, 5965.311035> - islocked:false - password:27181500) initialized
6-0-55 | HAMMER_H1 (ownerId:965259563 - pos <1932.734253, 9.924915, 9081.825195> - islocked:true - password:54146888) initialized
6-0-55 | Olga 24 (ownerId:511479797 - pos <1742.365356, 9.988545, 8908.454102> - islocked:false - password:27181500) initialized
6-0-55 | LUAZ 969 (ownerId:75086644 - pos <2112.260498, 15.141332, 9178.431641> - islocked:true - password:10182009) initialized
6-0-55 | MOSKVICH 2140 (ownerId:882346394 - pos <6661.078125, 15.562316, 6320.577148> - islocked:true - password:42091103) initialized
6-0-55 | Velociraptor6x6 Camo2  (ownerId:262549311 - pos <7192.795410, 61.652592, 5886.409180> - islocked:true - password:24680000) initialized
6-0-55 | Mercedes-Benz W140 Blue (ownerId:88929178 - pos <7725.359863, 6.166998, 6795.730469> - islocked:true - password:371400) initialized
6-0-55 | STR_Camaro_Veter_name (ownerId:88929178 - pos <7719.931152, 6.170795, 6786.017090> - islocked:false - password:371400) initialized
6-0-55 | MH-6M Little Bird - Camo (ownerId:88929178 - pos <7718.418457, 13.613728, 6788.499512> - islocked:false - password:371400) initialized
6-0-55 | Toyota Land Cruiser 200 Camo2  (ownerId:88929178 - pos <7728.020020, 6.374508, 6790.577148> - islocked:true - password:371400) initialized
6-0-55 | HEMTT flecktarn (ownerId:88929178 - pos <7718.920898, 6.640541, 6804.869629> - islocked:true - password:371400) initialized
6-0-55 | Gelenvagen white_camo2 (ownerId:523450192 - pos <5894.195801, 36.787449, 5221.761719> - islocked:true - password:22392239) initialized
6-0-55 | MH-6M Little Bird - Camo (ownerId:523450192 - pos <5890.479492, 41.853706, 5228.574707> - islocked:true - password:22392239) initialized
6-0-55 | STR_EGER_GreenCamo_name (ownerId:523991778 - pos <5897.875000, 37.046070, 5224.135742> - islocked:true - password:22392239) initialized
10-54-47 | UH-60 Blackhawk - blackblackhawk (ownerId:407766611 - pos <7622.678223, 41.405441, 9898.045898> - islocked:true - password:99871420) new car claimed
