Creation Time: 2023_4_13-12-0-50
12-0-50 | Sarka 120 (ownerId:940915030 - pos <9511.229492, 102.703011, 3751.685303> - islocked:true - password:11853737) initialized
12-0-50 | Robinson R22 Helicopter (ownerId:940915030 - pos <9512.575195, 102.761208, 3733.148193> - islocked:true - password:11853737) initialized
12-0-50 | UH-60 Blackhawk Cargo (ownerId:980466132 - pos <6789.833984, 39.259403, 1855.991089> - islocked:false - password:22392239) initialized
12-0-50 | Ada 4x4 (ownerId:980466132 - pos <6795.198730, 39.193417, 1804.036743> - islocked:true - password:22392239) initialized
12-0-50 | MH-6M Little Bird - Desert (ownerId:62166080 - pos <6772.994629, 55.366909, 1847.963501> - islocked:true - password:22392239) initialized
12-0-50 | Olga 24 (ownerId:62166080 - pos <1899.667480, 9.177771, 8987.578125> - islocked:true - password:22392239) initialized
12-0-50 | UH-60 Blackhawk - blackblackhawk (ownerId:195214598 - pos <8069.651855, 215.262024, 11834.333008> - islocked:true - password:89895252) initialized
12-0-50 | M3S Covered (ownerId:67657702 - pos <10219.409180, 20.379293, 7929.798340> - islocked:false - password:19944991) initialized
12-0-50 | Robinson R22 Helicopter - Black (ownerId:108250772 - pos <8696.025391, 2.231339, 5545.102539> - islocked:false - password:14789632) initialized
12-0-50 | Robinson R22 Helicopter (ownerId:195214598 - pos <6914.961914, 2.682917, 7082.414551> - islocked:true - password:52528989) initialized
12-0-50 | Robinson R22 Helicopter - Black (ownerId:980466132 - pos <7350.145508, 101.076721, 6032.307129> - islocked:false - password:22392239) initialized
12-0-50 | Sarka 120 (ownerId:980466132 - pos <5662.088867, 28.686022, 5420.715820> - islocked:true - password:22392239) initialized
12-0-50 | Olga 24 (ownerId:288122462 - pos <5667.591309, 28.945768, 5408.277832> - islocked:true - password:12011152) initialized
12-0-50 | Olga 24 (ownerId:195214598 - pos <5304.249023, 74.598740, 3990.646484> - islocked:false - password:52898989) initialized
12-0-50 | Robinson R22 Helicopter - Red (ownerId:71319946 - pos <3097.019043, 24.240461, 4322.562500> - islocked:false - password:19944991) initialized
12-0-50 | UH-60 Blackhawk - Woodland (ownerId:85319837 - pos <3985.975098, 16.854155, 3474.664551> - islocked:true - password:1111110) initialized
12-0-50 | M3S Covered (ownerId:965259563 - pos <3756.735352, 5.599308, 2571.685547> - islocked:true - password:11367275) initialized
12-0-50 | Olga 24 (ownerId:965259563 - pos <3752.986572, 5.595252, 2569.697021> - islocked:true - password:11367275) initialized
12-0-50 | Gunter 2 (ownerId:965259563 - pos <3748.300293, 5.650943, 2573.669189> - islocked:true - password:11367275) initialized
12-0-50 | Robinson R22 Helicopter (ownerId:965259563 - pos <4428.256348, 6.180577, 2904.960693> - islocked:true - password:11367275) initialized
12-0-50 | M3S Covered (ownerId:108250772 - pos <4513.166992, 10.470732, 3193.233398> - islocked:true - password:78945612) initialized
