Creation Time: 2023_5_17-18-0-45
18-0-45 | LUAZ 969 rust (ownerId:88929178 - pos <5629.500977, 29.284536, 5420.276855> - islocked:true - password:371400) initialized
18-0-45 | GAZ_69 BLACK (ownerId:980466132 - pos <5633.338379, 29.521563, 5381.579102> - islocked:true - password:22392239) initialized
18-0-45 | Jeep Wrangler black  (ownerId:132652049 - pos <5600.694336, 29.364283, 5347.763672> - islocked:true - password:17392468) initialized
18-0-45 | Olga 24 (ownerId:34611550 - pos <5672.760254, 29.308722, 5388.628906> - islocked:true - password:19892004) initialized
18-0-45 | MOSKVICH 2140 (ownerId:304057481 - pos <6950.713867, 14.669986, 5719.614258> - islocked:true - password:42687931) initialized
18-0-45 | Robinson R22 Helicopter - Black (ownerId:6938606 - pos <4269.956055, 21.117157, 7302.550293> - islocked:true - password:20090909) initialized
18-0-45 | Offroad Range Rover police  (ownerId:6938606 - pos <4252.264648, 21.095661, 7280.031250> - islocked:true - password:20090909) initialized
18-0-45 | Ford Raptor Green (ownerId:980466132 - pos <1431.697632, 3.166952, 6773.691895> - islocked:true - password:22392239) initialized
18-0-45 | MOSKVICH 2140 (ownerId:36527682 - pos <7719.479004, 36.113422, 6069.963867> - islocked:true - password:93991005) initialized
18-0-45 | LUAZ 969 (ownerId:442990275 - pos <2144.953857, 14.830261, 9136.698242> - islocked:true - password:37579090) initialized
21-26-48 | MOSKVICH 2140 (ownerId:108250772 - pos <5658.725098, 28.772268, 5532.610840> - islocked:true - password:12345678) new car claimed
21-27-16 | MOSKVICH 2140 (ownerId:108250772 - pos <5658.725098, 28.772268, 5532.610840> - islocked:false - password:12345678) has been deleted
21-45-44 | Ford Raptor Red (ownerId:157174770 - pos <5614.740723, 28.658453, 5354.025391> - islocked:true - password:19892004) new car claimed
21-52-29 | Olga 24 (ownerId:34611550 - pos <5667.011230, 28.697769, 5390.467285> - islocked:false - password:-1) new car claimed
21-52-45 | GAZ_69 BLACK (ownerId:980466132 - pos <5633.350098, 28.813965, 5381.611328> - islocked:true - password:22392239) has been deleted
21-54-22 | Olga 24 (ownerId:108250772 - pos <5667.011230, 28.697769, 5390.467285> - islocked:true - password:12345678) new car claimed
21-58-8 | HEMTT (ownerId:980466132 - pos <5629.690918, 28.815722, 5378.222656> - islocked:true - password:22392239) new car claimed
22-11-32 | Robinson R22 Helicopter - Black (ownerId:6938606 - pos <4267.193359, 20.519384, 7304.025391> - islocked:false - password:20090909) has been deleted
22-12-27 | Robinson R22 Helicopter - Black (ownerId:6938606 - pos <4269.902832, 20.765949, 7298.276367> - islocked:true - password:20090909) new car claimed
22-12-27 | Robinson R22 Helicopter - Black (ownerId:6938606 - pos <4269.902832, 20.506088, 7298.276367> - islocked:true - password:20090909) initialized
