Creation Time: 2023_5_26-22-36-37
22-36-37 | MBB Bo-105m Helicopter - blackcamo (ownerId:132652049 - pos <5674.237305, 29.476894, 5388.618164> - islocked:true - password:86753099) initialized
22-36-37 | Sarka 120 (ownerId:369601190 - pos <5633.336914, 29.271765, 5359.530273> - islocked:true - password:4031965) initialized
22-36-37 | SUV Camo (ownerId:442990275 - pos <5600.582520, 29.418962, 5390.438477> - islocked:true - password:42014201) initialized
22-36-37 | MOSKVICH 2140 (ownerId:304057481 - pos <6950.713379, 14.669738, 5719.591309> - islocked:true - password:42687931) initialized
22-36-37 | HAMMER_H1 black (ownerId:405166905 - pos <5195.087891, 4.949715, 5315.449219> - islocked:true - password:1111991) initialized
22-36-37 | Jeep Wrangler Camo (ownerId:85319837 - pos <5674.652344, 33.884483, 5239.634766> - islocked:false - password:1111110) initialized
22-36-37 | LUAZ 969 rust (ownerId:88929178 - pos <5670.745605, 33.865776, 5240.569824> - islocked:true - password:371400) initialized
22-36-37 | M3S Covered (ownerId:442990275 - pos <5681.009277, 32.780590, 5269.673340> - islocked:true - password:37579090) initialized
22-36-37 | Sarka 120 (ownerId:442990275 - pos <5678.123535, 33.353092, 5271.018555> - islocked:true - password:42014201) initialized
22-36-37 | Ada 4x4 (ownerId:18558559 - pos <3945.643799, 24.960703, 4846.260742> - islocked:true - password:72066666) initialized
22-36-37 | MOSKVICH 2140 (ownerId:944065078 - pos <6394.415039, 23.181297, 6686.755859> - islocked:false - password:97319731) initialized
22-36-37 | LUAZ 969 blue (ownerId:354151095 - pos <6972.173340, 14.597532, 5701.597656> - islocked:true - password:4250425) initialized
22-36-37 | STR_EGER_name (ownerId:6938606 - pos <4248.990234, 21.605030, 7288.757324> - islocked:false - password:20090909) initialized
22-36-37 | Gaz 71 Black (ownerId:137318436 - pos <4248.159180, 21.428890, 7293.649902> - islocked:true - password:20090909) initialized
22-36-37 | UH-60 Blackhawk - blackblackhawk (ownerId:69839805 - pos <4265.625000, 21.234701, 7309.689453> - islocked:true - password:20090909) initialized
22-36-37 | HEMTT black (ownerId:137318436 - pos <4257.228027, 21.540981, 7321.693848> - islocked:true - password:20090909) initialized
22-36-37 | Jeep Wrangler black  (ownerId:132652049 - pos <10675.310547, 3.405123, 3158.458008> - islocked:true - password:17392468) initialized
22-36-37 | Jeep Wrangler (ownerId:288122462 - pos <8283.520508, 5.735122, 8844.367188> - islocked:true - password:12321321) initialized
22-36-37 | Sarka 120 (ownerId:18558559 - pos <9029.996094, 6.586053, 9422.951172> - islocked:true - password:72066666) initialized
22-36-37 | Cougar Camo kamo (ownerId:980466132 - pos <1447.440186, 3.095235, 6767.592285> - islocked:true - password:22392239) initialized
22-36-37 | Toyota Land Cruiser 200 (ownerId:308099129 - pos <3522.995117, 22.781895, 4590.057617> - islocked:true - password:9131988) initialized
22-36-37 | Olga 24 (ownerId:839735782 - pos <3591.364014, 10.841964, 3410.533936> - islocked:true - password:13579086) initialized
22-36-37 | Olga 24 (ownerId:36527682 - pos <7733.397461, 36.107769, 6085.733398> - islocked:true - password:10939910) initialized
22-36-37 | UAZ 3909 Khaki1 (ownerId:36527682 - pos <7717.202148, 36.455574, 6070.715332> - islocked:true - password:93991005) initialized
22-36-37 | YAR_87 Camo2  (ownerId:34611550 - pos <7502.368164, 3.337770, 5639.487793> - islocked:true - password:19892004) initialized
23-8-19 | STR_Camaro_hshnk_name (ownerId:442990275 - pos <5610.083496, 28.762148, 5354.130859> - islocked:true - password:42014201) new car claimed
23-10-53 | STR_Camaro_hshnk_name (ownerId:442990275 - pos <5603.284180, 28.705584, 5358.816406> - islocked:true - password:42014201) has been deleted
23-12-9 | Interceptor Black (ownerId:442990275 - pos <5612.809082, 28.622261, 5354.256836> - islocked:true - password:42014201) new car claimed
23-14-32 | Interceptor Black (ownerId:442990275 - pos <5600.554688, 28.600664, 5360.102539> - islocked:true - password:42014201) has been deleted
23-15-49 | STR_SCOUT_snik2_name (ownerId:442990275 - pos <5611.879883, 28.733309, 5353.918945> - islocked:true - password:42014201) new car claimed
23-17-35 | STR_SCOUT_snik2_name (ownerId:442990275 - pos <5611.879883, 28.733311, 5353.918945> - islocked:false - password:42014201) has been deleted
23-22-9 |  Camper (ownerId:442990275 - pos <5610.527344, 28.876318, 5354.275391> - islocked:true - password:42014201) new car claimed
23-23-28 |  Camper (ownerId:442990275 - pos <5610.527344, 28.876419, 5354.274902> - islocked:false - password:42014201) has been deleted
23-24-43 | LandCruiser Camo2 (ownerId:442990275 - pos <5612.978027, 28.617340, 5353.707031> - islocked:true - password:42014201) new car claimed
23-26-3 | LandCruiser Camo2 (ownerId:442990275 - pos <5612.978027, 28.617340, 5353.707031> - islocked:false - password:42014201) has been deleted
23-26-52 | Conqueror kamo1 (ownerId:442990275 - pos <5612.505859, 28.770330, 5354.036133> - islocked:true - password:42014201) new car claimed
23-27-44 | Conqueror kamo1 (ownerId:442990275 - pos <5612.505859, 28.770330, 5354.036133> - islocked:true - password:42014201) has been deleted
23-30-24 | NivaPickup Camo2  (ownerId:442990275 - pos <5612.774414, 28.784412, 5354.073730> - islocked:true - password:42014201) new car claimed
23-32-18 | NivaPickup Camo2  (ownerId:442990275 - pos <5612.774414, 28.784412, 5354.073730> - islocked:true - password:42014201) has been deleted
23-34-30 | NivaPickup Camo2  (ownerId:442990275 - pos <5603.704590, 29.010004, 5388.623047> - islocked:true - password:42014201) new car claimed
23-34-30 | NivaPickup Camo2  (ownerId:442990275 - pos <5603.704590, 29.010004, 5388.623047> - islocked:true - password:42014201) initialized
23-34-48 | LUAZ 969 (ownerId:442990275 - pos <5600.979004, 28.745415, 5383.331055> - islocked:true - password:42014201) new car claimed
23-35-11 | NivaPickup Camo2  (ownerId:442990275 - pos <5603.706543, 28.763378, 5388.621582> - islocked:true - password:42014201) has been deleted
23-36-17 | LUAZ 969 (ownerId:442990275 - pos <5600.979004, 28.745415, 5383.331055> - islocked:false - password:42014201) has been deleted
23-37-57 | ToyotaHilux Camo (ownerId:442990275 - pos <5611.386719, 28.757729, 5353.624512> - islocked:true - password:42014201) new car claimed
23-49-33 | SUV Camo (ownerId:442990275 - pos <5600.820801, 28.713488, 5390.940430> - islocked:false - password:42014201) has been deleted
