Creation Time: 2023_4_21-0-0-55
0-0-55 | UH-60 Blackhawk Cargo (ownerId:980466132 - pos <1464.482178, 11.495337, 15309.609375> - islocked:true - password:22392239) initialized
0-0-55 | M3S Covered (ownerId:67657702 - pos <10219.401367, 20.314371, 7928.457031> - islocked:false - password:19944991) initialized
0-0-55 | MH-6M Little Bird - Desert (ownerId:62166080 - pos <6773.009766, 54.240791, 1834.931763> - islocked:true - password:22392239) initialized
0-0-55 | Robinson R22 Helicopter - Black (ownerId:62166080 - pos <6786.493164, 53.509369, 1834.474121> - islocked:true - password:22392239) initialized
0-0-55 | Olga 24 (ownerId:62166080 - pos <6795.435059, 39.125092, 1803.797729> - islocked:true - password:22392239) initialized
0-0-55 | M3S Covered (ownerId:62166080 - pos <6795.889648, 39.129292, 1808.995605> - islocked:false - password:22392239) initialized
0-0-55 | Ada 4x4 (ownerId:980466132 - pos <6800.919922, 39.178162, 1804.990479> - islocked:true - password:22392239) initialized
0-0-55 | Ada 4x4 (ownerId:62166080 - pos <6801.051758, 39.178257, 1800.987183> - islocked:true - password:22392239) initialized
0-0-55 | Sarka 120 (ownerId:980466132 - pos <6795.105957, 39.738503, 1800.803101> - islocked:true - password:22392239) initialized
0-0-55 | Sarka 120 (ownerId:22592522 - pos <6230.294922, 5.539611, 9589.271484> - islocked:true - password:5210521) initialized
0-0-55 | M3S Covered (ownerId:8156911 - pos <6232.801758, 5.800163, 9593.156250> - islocked:false - password:15500000) initialized
0-0-55 | Robinson R22 Helicopter - Black (ownerId:34745177 - pos <9138.470703, 47.957478, 3793.867920> - islocked:false - password:67698687) initialized
0-0-55 | Sarka 120 (ownerId:940915030 - pos <9511.229492, 102.703041, 3751.684814> - islocked:true - password:11853737) initialized
0-0-55 | Robinson R22 Helicopter (ownerId:940915030 - pos <9512.575195, 102.761200, 3733.148193> - islocked:true - password:11853737) initialized
0-0-55 | M3S Covered (ownerId:944065078 - pos <7651.871094, 20.330360, 3863.965332> - islocked:true - password:25082508) initialized
0-0-55 | Olga 24 (ownerId:944065078 - pos <7655.444336, 19.534309, 3867.470703> - islocked:true - password:97319731) initialized
0-0-55 | Sarka 120 (ownerId:944065078 - pos <7658.261230, 18.539053, 3870.253418> - islocked:true - password:25082508) initialized
0-0-55 | UH-60 Blackhawk - blackblackhawk (ownerId:195214598 - pos <8069.666992, 215.248932, 11834.370117> - islocked:true - password:89895252) initialized
0-0-55 | Bell 429 Helicopter (ownerId:195214598 - pos <8112.442871, 214.221130, 11880.533203> - islocked:true - password:52898952) initialized
0-0-55 | Olga 24 (ownerId:288122462 - pos <5668.054688, 28.910904, 5408.249023> - islocked:true - password:12011152) initialized
0-0-55 | Sarka 120 (ownerId:405166905 - pos <5628.688965, 29.306023, 5419.512207> - islocked:true - password:19910111) initialized
0-0-55 | Sarka 120 (ownerId:194642746 - pos <5657.133301, 28.686022, 5393.932129> - islocked:true - password:15474555) initialized
0-0-55 | Land Rover Defender 110 UN (ownerId:108250772 - pos <5622.215332, 29.278484, 5381.246582> - islocked:true - password:14725836) initialized
0-0-55 | Land Rover Defender 110 Red (ownerId:108250772 - pos <5627.019531, 29.278482, 5387.046387> - islocked:true - password:14725836) initialized
0-0-55 | Land Rover Defender 110 (ownerId:108250772 - pos <5625.816406, 29.278484, 5376.927734> - islocked:true - password:14725836) initialized
0-0-55 | Land Rover Defender 110 Green (ownerId:85319837 - pos <5617.498535, 29.278488, 5378.230957> - islocked:true - password:1111110) initialized
0-0-55 | Land Rover Defender 110 (ownerId:192139039 - pos <5621.473145, 29.278484, 5352.425293> - islocked:true - password:7161994) initialized
0-0-55 | Robinson R22 Helicopter (ownerId:965259563 - pos <3756.512451, 19.967382, 2601.171387> - islocked:true - password:11367275) initialized
0-0-55 | M3S Covered (ownerId:965259563 - pos <3757.226807, 5.599274, 2565.209717> - islocked:true - password:11367275) initialized
0-0-55 | Gunter 2 (ownerId:965259563 - pos <3734.645752, 5.683284, 2547.140137> - islocked:true - password:11367275) initialized
0-0-55 | Olga 24 (ownerId:965259563 - pos <3749.003662, 5.467753, 2554.737305> - islocked:true - password:11367275) initialized
0-0-55 | Robinson R22 Helicopter (ownerId:195214598 - pos <5671.535156, 33.241180, 5256.131348> - islocked:true - password:52528989) initialized
0-0-55 | M3S Covered (ownerId:108250772 - pos <4521.240234, 10.390388, 3203.353516> - islocked:true - password:78945612) initialized
0-0-55 | Bell 429 Helicopter (ownerId:88929178 - pos <4535.771973, 17.384159, 3159.236572> - islocked:true - password:371400) initialized
0-0-55 | UH-60 Blackhawk - Woodland (ownerId:85319837 - pos <3985.974121, 16.854170, 3474.665039> - islocked:true - password:1111110) initialized
0-0-55 | UH-60 Blackhawk - blackblackhawk (ownerId:195214598 - pos <3224.051514, 7.616046, 1721.952026> - islocked:true - password:52528989) initialized
0-0-55 | Robinson R22 Helicopter - Red (ownerId:71319946 - pos <2665.577637, 35.751202, 3317.651611> - islocked:true - password:19944991) initialized
0-0-55 | Robinson R22 Helicopter - Black (ownerId:980466132 - pos <7348.521973, 101.077187, 6033.944824> - islocked:true - password:22392239) initialized
