Creation Time: 2023_4_23-0-0-59
0-0-59 | UH-60 Blackhawk Cargo (ownerId:980466132 - pos <1464.381958, 10.692886, 15308.904297> - islocked:true - password:22392239) initialized
0-0-59 | M3S Covered (ownerId:67657702 - pos <9798.914063, 3.634016, 7868.164063> - islocked:true - password:19944991) initialized
0-0-59 | Bell 429 Helicopter (ownerId:195214598 - pos <8112.442871, 214.221085, 11880.533203> - islocked:true - password:52898952) initialized
0-0-59 | UH-60 Blackhawk - blackblackhawk (ownerId:195214598 - pos <8069.666992, 215.248917, 11834.370117> - islocked:true - password:89895252) initialized
0-0-59 | Sarka 120 (ownerId:980466132 - pos <6795.105957, 39.738480, 1800.802979> - islocked:true - password:22392239) initialized
0-0-59 | Olga 24 (ownerId:62166080 - pos <6795.440918, 39.125092, 1803.797729> - islocked:true - password:22392239) initialized
0-0-59 | Ada 4x4 (ownerId:980466132 - pos <6800.919922, 39.178169, 1804.991333> - islocked:true - password:22392239) initialized
0-0-59 | M3S Covered (ownerId:62166080 - pos <6795.895996, 39.129311, 1808.995850> - islocked:false - password:22392239) initialized
0-0-59 | Robinson R22 Helicopter - Black (ownerId:62166080 - pos <6786.493164, 53.509369, 1834.473999> - islocked:true - password:22392239) initialized
0-0-59 | MH-6M Little Bird - Desert (ownerId:62166080 - pos <6773.009766, 54.240791, 1834.931885> - islocked:true - password:22392239) initialized
0-0-59 | Robinson R22 Helicopter (ownerId:195214598 - pos <1114.772339, 56.352501, 10648.643555> - islocked:true - password:52528989) initialized
0-0-59 | Land Rover Defender 110 Green (ownerId:177737910 - pos <2537.849609, 58.447800, 9436.200195> - islocked:true - password:25792579) initialized
0-0-59 | Robinson R22 Helicopter (ownerId:940915030 - pos <9512.575195, 102.761208, 3733.148193> - islocked:true - password:11853737) initialized
0-0-59 | Sarka 120 (ownerId:940915030 - pos <9511.229492, 102.703041, 3751.684814> - islocked:true - password:11853737) initialized
0-0-59 | Robinson R22 Helicopter - Black (ownerId:34745177 - pos <9138.473633, 47.964645, 3793.887695> - islocked:false - password:67698687) initialized
0-0-59 | Sarka 120 (ownerId:405166905 - pos <8353.689453, 3.312890, 3409.358154> - islocked:true - password:19910111) initialized
0-0-59 | UH-60 Blackhawk - blackblackhawk (ownerId:195214598 - pos <3224.051514, 7.616047, 1721.950562> - islocked:true - password:52528989) initialized
0-0-59 | Gunter 2 (ownerId:965259563 - pos <3734.642578, 5.683284, 2547.140137> - islocked:true - password:11367275) initialized
0-0-59 | M3S Covered (ownerId:965259563 - pos <3757.233643, 5.599287, 2565.200928> - islocked:false - password:11367275) initialized
0-0-59 | Robinson R22 Helicopter (ownerId:965259563 - pos <3756.512451, 19.967381, 2601.171387> - islocked:true - password:11367275) initialized
0-0-59 | M3S Covered (ownerId:944065078 - pos <7718.276855, 36.466949, 6089.897949> - islocked:true - password:25082508) initialized
0-0-59 | Sarka 120 (ownerId:944065078 - pos <7728.510742, 35.526264, 6087.278809> - islocked:true - password:25082508) initialized
0-0-59 | Olga 24 (ownerId:944065078 - pos <7705.059570, 36.652851, 6081.399902> - islocked:true - password:97319731) initialized
0-0-59 | UH-60 Blackhawk - Woodland (ownerId:85319837 - pos <3985.974121, 16.854172, 3474.665039> - islocked:true - password:1111110) initialized
0-0-59 | Sarka 120 (ownerId:194642746 - pos <3356.852539, 20.406057, 6466.573730> - islocked:true - password:15474555) initialized
0-0-59 | Robinson R22 Helicopter - Black (ownerId:980466132 - pos <7348.521973, 101.077187, 6033.944824> - islocked:true - password:22392239) initialized
0-0-59 | Land Rover Defender 110 (ownerId:108250772 - pos <5625.816406, 29.278484, 5376.927734> - islocked:true - password:14725836) initialized
0-0-59 | Land Rover Defender 110 Green (ownerId:85319837 - pos <5617.498535, 29.278484, 5378.230957> - islocked:true - password:1111110) initialized
0-0-59 | Land Rover Defender 110 UN (ownerId:108250772 - pos <5622.215332, 29.278484, 5381.246582> - islocked:true - password:14725836) initialized
0-0-59 | Land Rover Defender 110 Red (ownerId:108250772 - pos <5627.019531, 29.278481, 5387.046387> - islocked:true - password:14725836) initialized
0-0-59 | Olga 24 (ownerId:288122462 - pos <5668.084473, 28.908936, 5408.239258> - islocked:true - password:12011152) initialized
0-0-59 | M3S Covered (ownerId:108250772 - pos <5632.615234, 29.508337, 5422.646973> - islocked:true - password:78945612) initialized
0-0-59 | Land Rover Defender 110 Red (ownerId:60592768 - pos <5677.002441, 29.278484, 5386.885254> - islocked:true - password:19651965) initialized
0-0-59 | Land Rover Defender 110 (ownerId:192139039 - pos <5620.020508, 29.278482, 5408.888672> - islocked:true - password:7161994) initialized
0-0-59 | Olga 24 (ownerId:965259563 - pos <5599.224121, 28.697767, 5358.898926> - islocked:false - password:11367275) initialized
0-0-59 | M3S Covered (ownerId:8156911 - pos <6232.800781, 5.800167, 9593.156250> - islocked:false - password:15500000) initialized
0-0-59 | Sarka 120 (ownerId:22592522 - pos <6232.373047, 5.531141, 9589.974609> - islocked:true - password:5210521) initialized
0-0-59 | Ada 4x4 (ownerId:62166080 - pos <5808.273438, 8.472876, 8286.533203> - islocked:false - password:22392239) initialized
