Creation Time: 2023_4_11-0-0-57
0-0-57 | UH-60 Blackhawk - Woodland (ownerId:85319837 - pos <3985.975342, 16.854155, 3474.664307> - islocked:true - password:1111110) initialized
0-0-57 | Robinson R22 Helicopter (ownerId:965259563 - pos <4428.257813, 6.180524, 2904.960693> - islocked:true - password:11367275) initialized
0-0-57 | Olga 24 (ownerId:965259563 - pos <4404.473145, 5.973164, 2878.586182> - islocked:true - password:11367275) initialized
0-0-57 | Gunter 2 (ownerId:965259563 - pos <3752.477051, 5.663735, 2572.406250> - islocked:true - password:11367275) initialized
0-0-57 | MH-6M Little Bird - Desert (ownerId:62166080 - pos <11315.037109, 1.724314, 10937.575195> - islocked:false - password:22392239) initialized
0-0-57 | Sarka 120 (ownerId:67657702 - pos <5909.809082, 1.372108, 8396.520508> - islocked:true - password:19944991) initialized
0-0-57 | M3S Covered (ownerId:67657702 - pos <10219.414063, 20.397430, 7930.170410> - islocked:false - password:19944991) initialized
0-0-57 | UH-60 Blackhawk Cargo (ownerId:980466132 - pos <6789.823730, 39.260921, 1855.976929> - islocked:false - password:22392239) initialized
0-0-57 | M3S Covered (ownerId:62166080 - pos <6796.278809, 39.129269, 1809.293579> - islocked:true - password:22392239) initialized
0-0-57 | Ada 4x4 (ownerId:980466132 - pos <6795.198730, 39.193409, 1804.033081> - islocked:true - password:22392239) initialized
0-0-57 | Sarka 120 (ownerId:980466132 - pos <6795.565918, 39.113609, 1800.538452> - islocked:true - password:22392239) initialized
0-0-57 | Olga 24 (ownerId:62166080 - pos <6800.042969, 39.125347, 1803.331421> - islocked:false - password:22392239) initialized
0-0-57 | Robinson R22 Helicopter - Black (ownerId:108250772 - pos <8696.025391, 2.231339, 5545.102539> - islocked:false - password:14789632) initialized
0-0-57 | Robinson R22 Helicopter (ownerId:940915030 - pos <9512.575195, 102.761200, 3733.148193> - islocked:true - password:11853737) initialized
0-0-57 | Sarka 120 (ownerId:940915030 - pos <9511.229492, 102.703011, 3751.685303> - islocked:true - password:11853737) initialized
0-0-57 | Robinson R22 Helicopter - Black (ownerId:108250772 - pos <15937.965820, 42.070435, 881.643738> - islocked:true - password:12345678) initialized
0-0-57 | Robinson R22 Helicopter - Black (ownerId:980466132 - pos <7348.316406, 101.077179, 6033.846191> - islocked:true - password:22392239) initialized
0-0-57 | Olga 24 (ownerId:195214598 - pos <5644.242676, 28.430029, 5433.418457> - islocked:true - password:52898989) initialized
0-0-57 | M3S Covered (ownerId:108250772 - pos <5629.739746, 29.560854, 5420.347656> - islocked:true - password:78945612) initialized
0-0-57 | Gunter 2 (ownerId:85319837 - pos <5599.245117, 28.802711, 5346.800781> - islocked:true - password:1111110) initialized
0-0-57 | Olga 24 (ownerId:288122462 - pos <5600.262207, 29.332024, 5349.436035> - islocked:true - password:12011152) initialized
1-29-53 | M3S Covered (ownerId:965259563 - pos <10084.868164, 21.751534, 10859.804688> - islocked:true - password:11367275) new car claimed
1-36-28 | Robinson R22 Helicopter - Black (ownerId:108250772 - pos <6061.305176, 4.031590, 5083.966309> - islocked:false - password:12345678) has been deleted
2-4-31 | Robinson R22 Helicopter - Red (ownerId:71319946 - pos <10199.395508, 17.626612, 7937.375488> - islocked:true - password:19944991) new car claimed
2-9-3 | MH-6M Little Bird (ownerId:195214598 - pos <5649.943848, 28.724142, 5419.374023> - islocked:true - password:52528989) new car claimed
4-18-18 | MH-6M Little Bird (ownerId:195214598 - pos <7460.118164, 677.728943, 11805.424805> - islocked:false - password:52528989) has been deleted
5-37-9 | Robinson R22 Helicopter (ownerId:195214598 - pos <11193.376953, 15.493860, 3799.798828> - islocked:true - password:52528989) new car claimed
