Creation Time: 2023_4_20-10-26-39
10-26-39 | Robinson R22 Helicopter - Black (ownerId:34745177 - pos <9138.466797, 47.950077, 3793.848633> - islocked:false - password:67698687) initialized
10-26-39 | UH-60 Blackhawk Cargo (ownerId:980466132 - pos <1464.488403, 11.497164, 15309.610352> - islocked:true - password:22392239) initialized
10-26-39 | Bell 429 Helicopter (ownerId:195214598 - pos <8112.443359, 214.221146, 11880.533203> - islocked:true - password:52898952) initialized
10-26-39 | UH-60 Blackhawk - blackblackhawk (ownerId:195214598 - pos <8069.666992, 215.248917, 11834.370117> - islocked:true - password:89895252) initialized
10-26-39 | Sarka 120 (ownerId:940915030 - pos <9511.229492, 102.703125, 3751.685059> - islocked:true - password:11853737) initialized
10-26-39 | Robinson R22 Helicopter (ownerId:940915030 - pos <9512.575195, 102.761200, 3733.148193> - islocked:true - password:11853737) initialized
10-26-39 | M3S Covered (ownerId:67657702 - pos <10219.401367, 20.323294, 7928.643555> - islocked:false - password:19944991) initialized
10-26-39 | M3S Covered (ownerId:8156911 - pos <6232.801758, 5.800184, 9593.156250> - islocked:false - password:15500000) initialized
10-26-39 | Olga 24 (ownerId:62166080 - pos <6795.433105, 39.125088, 1803.797974> - islocked:true - password:22392239) initialized
10-26-39 | M3S Covered (ownerId:62166080 - pos <6795.886230, 39.129322, 1808.994629> - islocked:false - password:22392239) initialized
10-26-39 | Ada 4x4 (ownerId:980466132 - pos <6800.919922, 39.178162, 1804.990601> - islocked:true - password:22392239) initialized
10-26-39 | Ada 4x4 (ownerId:62166080 - pos <6801.051758, 39.178257, 1800.987793> - islocked:true - password:22392239) initialized
10-26-39 | Sarka 120 (ownerId:980466132 - pos <6795.105957, 39.738480, 1800.802856> - islocked:true - password:22392239) initialized
10-26-39 | Sarka 120 (ownerId:405166905 - pos <3351.135742, 14.511719, 7579.616699> - islocked:true - password:19910111) initialized
10-26-39 | Robinson R22 Helicopter - Red (ownerId:71319946 - pos <2665.577637, 35.751205, 3317.651611> - islocked:true - password:19944991) initialized
10-26-39 | UH-60 Blackhawk - blackblackhawk (ownerId:195214598 - pos <3224.051514, 7.616047, 1721.952759> - islocked:true - password:52528989) initialized
10-26-39 | Gunter 2 (ownerId:965259563 - pos <3734.648926, 5.683313, 2547.140137> - islocked:true - password:11367275) initialized
10-26-39 | M3S Covered (ownerId:965259563 - pos <3757.224609, 5.599283, 2565.212891> - islocked:true - password:11367275) initialized
10-26-39 | Olga 24 (ownerId:965259563 - pos <3750.340820, 5.595242, 2577.204590> - islocked:true - password:11367275) initialized
10-26-39 | Robinson R22 Helicopter (ownerId:965259563 - pos <3801.712891, 6.131551, 2550.119629> - islocked:true - password:11367275) initialized
10-26-39 | M3S Covered (ownerId:108250772 - pos <4521.240234, 10.389864, 3203.359619> - islocked:true - password:78945612) initialized
10-26-39 | Bell 429 Helicopter (ownerId:88929178 - pos <4535.771973, 17.384171, 3159.236572> - islocked:true - password:371400) initialized
10-26-39 | UH-60 Blackhawk - Woodland (ownerId:85319837 - pos <3985.974609, 16.854164, 3474.664795> - islocked:true - password:1111110) initialized
10-26-39 | Robinson R22 Helicopter - Black (ownerId:980466132 - pos <7348.521973, 101.077187, 6033.944824> - islocked:true - password:22392239) initialized
10-26-39 | Olga 24 (ownerId:288122462 - pos <5668.036621, 28.912037, 5408.253418> - islocked:true - password:12011152) initialized
10-26-39 | Robinson R22 Helicopter (ownerId:195214598 - pos <5671.535156, 33.241245, 5256.129883> - islocked:true - password:52528989) initialized
10-26-39 | Sarka 120 (ownerId:194642746 - pos <5451.967285, 5.271782, 4626.818359> - islocked:true - password:15474555) initialized
10-26-39 | MH-6M Little Bird - Desert (ownerId:62166080 - pos <6773.009766, 54.240791, 1834.931885> - islocked:true - password:22392239) initialized
10-26-39 | Robinson R22 Helicopter - Black (ownerId:62166080 - pos <6786.493164, 53.509369, 1834.474243> - islocked:true - password:22392239) initialized
10-26-39 | M3S Covered (ownerId:944065078 - pos <7651.871094, 20.341024, 3863.825195> - islocked:true - password:25082508) initialized
10-26-39 | Sarka 120 (ownerId:944065078 - pos <7658.118652, 18.594366, 3869.325439> - islocked:true - password:25082508) initialized
10-26-39 | Olga 24 (ownerId:944065078 - pos <7655.445801, 19.534473, 3867.467041> - islocked:true - password:97319731) initialized
