Creation Time: 2023_5_28-0-0-46
0-0-46 | Sarka 120 (ownerId:839735782 - pos <5603.759277, 28.772594, 5349.435547> - islocked:true - password:1051997) initialized
0-0-46 | Ada 4x4 (ownerId:839735782 - pos <5858.055664, 44.623837, 4865.345215> - islocked:true - password:1051997) initialized
0-0-46 | VAZ_2109 (ownerId:34611550 - pos <5483.448730, 7.519038, 8598.543945> - islocked:true - password:19892004) initialized
0-0-46 | MOSKVICH 2140 (ownerId:369601190 - pos <4936.049316, 17.482258, 8484.846680> - islocked:false - password:4031965) initialized
0-0-46 | MOSKVICH 2140 (ownerId:965259563 - pos <4316.609375, 6.279794, 3047.050293> - islocked:true - password:54146888) initialized
0-0-46 | UAZ_2315 Red (ownerId:405166905 - pos <4620.209473, 5.638902, 4799.025879> - islocked:true - password:1111991) initialized
0-0-46 | ToyotaHilux Camo (ownerId:442990275 - pos <5655.873047, 28.852030, 5485.724609> - islocked:true - password:42014201) initialized
0-0-46 | MOSKVICH 2140 (ownerId:137318436 - pos <4304.500977, 3.855612, 4680.526367> - islocked:true - password:20090909) initialized
0-0-46 | M3S Covered (ownerId:839735782 - pos <10084.877930, 21.807095, 10859.798828> - islocked:true - password:1051997) initialized
0-21-5 | MOSKVICH 2140 (ownerId:288122462 - pos <5610.935547, 28.738182, 5354.225586> - islocked:true - password:12321123) new car claimed
0-37-7 | VAZ_2109 (ownerId:34611550 - pos <5612.992676, 28.728352, 5350.751953> - islocked:false - password:19892004) has been deleted
0-39-46 | LUAZ 969 rust (ownerId:34611550 - pos <5597.354004, 28.745417, 5360.457520> - islocked:true - password:19892004) new car claimed
0-40-23 | LUAZ 969 rust (ownerId:34611550 - pos <5597.354004, 28.745417, 5360.457520> - islocked:false - password:19892004) has been deleted
0-41-18 | UAZ HUNTER Red (ownerId:34611550 - pos <5597.090332, 28.640419, 5361.112793> - islocked:true - password:19892004) new car claimed
0-46-41 | MH-6M Little Bird - Desert (ownerId:132652049 - pos <5470.450684, 14.734492, 4969.396484> - islocked:true - password:13579246) new car claimed
0-49-5 | MOSKVICH 2140 (ownerId:965259563 - pos <4278.266113, 3.632774, 2525.664795> - islocked:false - password:54146888) has been deleted
0-59-18 | MOSKVICH 2140 (ownerId:54276291 - pos <5595.881348, 28.695059, 5362.625488> - islocked:true - password:12348262) new car claimed
2-25-59 | UAZ HUNTER Red (ownerId:34611550 - pos <5632.691406, 28.640591, 5370.755371> - islocked:false - password:19892004) has been deleted
3-12-18 | LUAZ 969 black (ownerId:88929178 - pos <5628.773926, 28.745415, 5413.428223> - islocked:true - password:371400) new car claimed
