Creation Time: 2023_7_16-12-0-49
12-0-49 | UAZ 3909 Beige (ownerId:795695470 - pos <5657.623535, 29.497906, 5424.181641> - islocked:true - password:8031991) initialized
12-0-49 | STR_EGER_GreenCamo_name (ownerId:197257182 - pos <5671.595703, 29.706993, 5388.369141> - islocked:true - password:48151623) initialized
12-0-49 | MUSTANG Red (ownerId:407766611 - pos <5623.961914, 29.489393, 5376.134766> - islocked:true - password:55555552) initialized
12-0-49 | Ada 4x4 (ownerId:369601190 - pos <5669.982422, 33.652813, 5252.999023> - islocked:true - password:42014201) initialized
12-0-49 | Offroad Range Rover Yellow  (ownerId:103808025 - pos <6997.140625, 41.474083, 5945.404785> - islocked:true - password:55677777) initialized
12-0-49 | Ada 4x4 (ownerId:523991778 - pos <5904.190430, 36.585506, 5221.080078> - islocked:true - password:22392239) initialized
12-0-49 | STR_EGER_GreenCamo_name (ownerId:523991778 - pos <5899.111816, 37.135590, 5221.917969> - islocked:false - password:22392239) initialized
12-0-49 | MOSKVICH 2140 (ownerId:882346394 - pos <7097.723145, 8.199615, 5440.502930> - islocked:false - password:42091103) initialized
12-0-49 | Jeep Wrangler Camo (ownerId:85319837 - pos <5598.370117, 29.351620, 5347.109863> - islocked:true - password:77899511) initialized
12-0-49 | MH-6M Little Bird - Camo (ownerId:132652049 - pos <4928.690918, 9.653781, 5031.330566> - islocked:true - password:9021997) initialized
12-0-49 | UH-60 Blackhawk - blackblackhawk (ownerId:88929178 - pos <4454.600098, 8.753078, 4584.189453> - islocked:true - password:371400) initialized
12-0-49 | Robinson R22 Helicopter - Black (ownerId:88929178 - pos <4442.763184, 6.376415, 4634.849609> - islocked:true - password:78932100) initialized
12-0-49 | STR_SCOUT_snik2_name (ownerId:88929178 - pos <4425.311523, 6.939286, 4607.035156> - islocked:true - password:371400) initialized
12-0-49 | SCOUT Black (ownerId:442990275 - pos <3950.856934, 25.868595, 4850.505859> - islocked:true - password:37579090) initialized
12-0-49 | Gunter 2 (ownerId:48698262 - pos <1999.862427, 9.873943, 9051.088867> - islocked:true - password:48151623) initialized
12-0-49 | UAZ 3909 Police (ownerId:60592768 - pos <3231.902100, 3.497946, 1731.628296> - islocked:true - password:13121312) initialized
12-0-49 | Offroad Range Rover police  (ownerId:60592768 - pos <3235.147705, 3.228037, 1724.893188> - islocked:true - password:13121312) initialized
12-0-49 | STR_Camaro_Nest_name (ownerId:60592768 - pos <3245.895752, 3.116042, 1751.001587> - islocked:true - password:13121312) initialized
12-0-49 | Toyota Land Cruiser 200 Camo (ownerId:119311623 - pos <4270.079590, 21.010029, 7265.319824> - islocked:true - password:7101993) initialized
12-0-49 | BMW X5 Flecktarn (ownerId:53415379 - pos <4262.388184, 20.913301, 7258.296875> - islocked:true - password:7101993) initialized
12-0-49 | Sarka 120 (ownerId:119311623 - pos <4272.950684, 21.031137, 7267.666016> - islocked:true - password:7101993) initialized
12-0-49 | Oshkosh grey (ownerId:64819467 - pos <4275.659180, 21.358603, 7271.511230> - islocked:true - password:7101993) initialized
12-0-49 | Oshkosh (ownerId:197257182 - pos <2966.873779, 9.824050, 6063.748535> - islocked:true - password:48151623) initialized
12-0-49 | Nissan warrior Camo (ownerId:48698262 - pos <2975.794678, 9.585089, 6059.807617> - islocked:true - password:48151623) initialized
12-0-49 |  Novator Flecktarn (ownerId:48698262 - pos <2958.466553, 8.893568, 6042.714355> - islocked:true - password:48151623) initialized
12-0-49 | Gunter 2 (ownerId:218588421 - pos <3805.165283, 6.959304, 5907.005371> - islocked:true - password:3081984) initialized
12-34-8 | LUAZ 969 red (ownerId:108250772 - pos <7541.146484, 87.705421, 4619.194824> - islocked:true - password:11111111) new car claimed
12-35-35 | LUAZ 969 red (ownerId:108250772 - pos <7541.146484, 87.705421, 4619.194824> - islocked:false - password:11111111) has been deleted
12-40-5 | UAZ 3909 Ambulance (ownerId:108250772 - pos <5647.724609, 33.703487, 5237.066895> - islocked:true - password:9102021) new car claimed
12-40-42 | UAZ 3909 Ambulance (ownerId:108250772 - pos <5647.724609, 33.703487, 5237.066895> - islocked:true - password:9102021) has been deleted
13-2-7 | STR_EGER_GreenCamo_name (ownerId:197257182 - pos <2022.331909, 9.163759, 9047.818359> - islocked:true - password:48151623) new car claimed
13-22-53 | LUAZ 969 red (ownerId:405166905 - pos <7548.883789, 87.970001, 4641.071777> - islocked:true - password:11111111) new car claimed
13-22-53 | LUAZ 969 red (ownerId:405166905 - pos <7548.883789, 87.970001, 4641.071777> - islocked:true - password:11111111) initialized
13-27-24 | STR_EGER_GreenCamo_name (ownerId:197257182 - pos <2023.782715, 9.163759, 9051.159180> - islocked:false - password:48151623) has been deleted
14-4-16 | Ada 4x4 (ownerId:369601190 - pos <4532.328125, 20.470699, 7122.076172> - islocked:false - password:42014201) has been deleted
14-9-4 | UAZ_2315 Red (ownerId:369601190 - pos <5598.831543, 28.706020, 5360.698730> - islocked:true - password:45645645) new car claimed
14-12-41 | Ada 4x4 (ownerId:369601190 - pos <5664.754395, 28.141569, 5472.922852> - islocked:true - password:42014201) new car claimed
14-12-41 | Ada 4x4 (ownerId:369601190 - pos <5664.754395, 28.141569, 5472.922852> - islocked:true - password:42014201) initialized
14-42-34 | UAZ469 (Rust) (ownerId:523450192 - pos <10156.049805, 21.618330, 10915.537109> - islocked:true - password:22392239) new car claimed
14-44-41 | Ada 4x4 (ownerId:523991778 - pos <10164.199219, 21.810703, 10913.730469> - islocked:false - password:-1) new car claimed
16-13-52 | Velociraptor6x6 Camo2  (ownerId:407766611 - pos <5448.526367, 14.843169, 4954.161621> - islocked:true - password:55555552) new car claimed
17-21-1 | UAZ469 (Rust) (ownerId:523450192 - pos <5630.295410, 28.547764, 5420.121094> - islocked:true - password:22392239) has been deleted
17-24-40 | Toyota Land Cruiser 200 Camo2  (ownerId:523450192 - pos <5625.075684, 28.749895, 5408.556641> - islocked:true - password:22392239) new car claimed
