Creation Time: 2023_7_22-0-0-52
0-0-52 | LUAZ 969 red (ownerId:405166905 - pos <5356.917969, 35.382145, 641.903687> - islocked:true - password:11111111) initialized
0-0-52 | UAZ469 (ownerId:40055959 - pos <8929.392578, 6.384640, 10450.890625> - islocked:true - password:19711971) initialized
0-0-52 | BMW X5 Flecktarn (ownerId:53415379 - pos <9754.820313, 12.909598, 10787.258789> - islocked:true - password:7101993) initialized
0-0-52 | STR_Camaro_Nest_name (ownerId:60592768 - pos <3246.134521, 3.116042, 1750.852173> - islocked:true - password:13121312) initialized
0-0-52 | UAZ 3909 Police (ownerId:60592768 - pos <3231.810303, 3.497946, 1732.096924> - islocked:true - password:13121312) initialized
0-0-52 | Offroad Range Rover Yellow  (ownerId:103808025 - pos <6410.423340, 68.792801, 9555.020508> - islocked:true - password:55677777) initialized
0-0-52 | Gunter 2 (ownerId:48698262 - pos <5640.079590, 28.870611, 5330.504395> - islocked:true - password:48151623) initialized
0-0-52 | MH-6M Little Bird - Camo (ownerId:119248354 - pos <2787.446289, 70.508629, 4636.726074> - islocked:false - password:48151623) initialized
0-0-52 | UAZ_2315 (ownerId:442990275 - pos <3960.855225, 25.494864, 4850.235840> - islocked:true - password:42014201) initialized
0-0-52 | BMW (ownerId:442990275 - pos <3961.699219, 25.289463, 4858.007324> - islocked:true - password:42014201) initialized
0-0-52 | SCOUT Black (ownerId:442990275 - pos <3967.636963, 25.687122, 4852.998535> - islocked:false - password:37579090) initialized
0-0-52 | STR_EGER_GreenCamo_name (ownerId:197257182 - pos <2802.367676, 69.987404, 4663.776855> - islocked:true - password:48151623) initialized
0-0-52 | Oshkosh (ownerId:197257182 - pos <2799.506104, 69.918602, 4663.191895> - islocked:true - password:48151623) initialized
0-0-52 |  Novator Flecktarn (ownerId:48698262 - pos <2795.422852, 69.814308, 4663.095215> - islocked:true - password:48151623) initialized
0-0-52 | Gaz 71 Black (ownerId:119248354 - pos <2782.144043, 69.946220, 4692.520996> - islocked:true - password:11082007) initialized
0-0-52 | LUAZ 969 rust (ownerId:127107249 - pos <6636.324219, 17.876350, 6845.787598> - islocked:false - password:12186270) initialized
0-0-52 | Olga 24 (ownerId:795695470 - pos <5671.738281, 33.653606, 5278.431641> - islocked:true - password:8031991) initialized
0-0-52 | PONTIAC (rust) (ownerId:119248354 - pos <5676.913574, 33.593788, 5273.413574> - islocked:true - password:22940000) initialized
0-0-52 | UAZ_2315 Red (ownerId:369601190 - pos <5652.915527, 33.701061, 5257.888184> - islocked:true - password:45645645) initialized
0-0-52 | Toyota Land Cruiser 200 Camo (ownerId:119311623 - pos <4483.243164, 22.216564, 7421.152344> - islocked:false - password:7101993) initialized
0-0-52 | UAZ HUNTER (ownerId:447071218 - pos <5676.727539, 33.958305, 5235.073242> - islocked:true - password:15148636) initialized
0-0-52 | Gunter 2 (ownerId:218588421 - pos <3803.585205, 7.109095, 5908.080078> - islocked:true - password:3081984) initialized
0-0-52 | Nissan warrior Camo (ownerId:119311623 - pos <4252.853516, 21.283245, 7299.474609> - islocked:true - password:7101993) initialized
0-0-52 | Oshkosh grey (ownerId:64819467 - pos <4276.378418, 21.358603, 7272.565918> - islocked:true - password:7101993) initialized
0-0-52 | MH-6M Little Bird - Camo (ownerId:88929178 - pos <4424.291016, 12.575502, 4603.776855> - islocked:true - password:371400) initialized
0-0-52 | Mercedes-Benz W140 Blue (ownerId:88929178 - pos <4426.621094, 6.669163, 4606.845703> - islocked:true - password:371400) initialized
0-0-52 | MOSKVICH 2140 (ownerId:882346394 - pos <6661.942383, 15.562318, 6318.885254> - islocked:true - password:42091103) initialized
0-0-52 | Jeep Wrangler green  (ownerId:523450192 - pos <5904.578125, 37.192207, 5221.490723> - islocked:true - password:22392239) initialized
0-0-52 | STR_EGER_GreenCamo_name (ownerId:523991778 - pos <5898.475586, 37.082615, 5221.344727> - islocked:true - password:22392239) initialized
0-0-52 | MH-6M Little Bird - Camo (ownerId:523450192 - pos <5891.183594, 41.853741, 5228.957031> - islocked:true - password:22392239) initialized
0-0-52 | Velociraptor6x6 Camo2  (ownerId:262549311 - pos <7191.385742, 61.689964, 5885.651367> - islocked:true - password:24680000) initialized
0-0-52 | Offroad Range Rover police  (ownerId:60592768 - pos <6071.671387, 33.522224, 6949.636230> - islocked:true - password:13121312) initialized
0-0-52 | Chevrolet Corvette kamo (ownerId:89279995 - pos <5001.168457, 10.167830, 6356.281250> - islocked:true - password:20090909) initialized
0-0-52 | Ada 4x4 (ownerId:369601190 - pos <5668.550293, 29.263769, 5470.106934> - islocked:true - password:42014201) initialized
0-0-52 | MH-6M Little Bird - Camo (ownerId:132652049 - pos <5677.182617, 30.092625, 5390.803223> - islocked:true - password:9021997) initialized
0-0-52 | Velociraptor6x6 Camo2  (ownerId:407766611 - pos <5622.922363, 29.525604, 5387.895020> - islocked:true - password:55555552) initialized
0-0-52 | Velociraptor6x6 Camo (ownerId:407766611 - pos <5618.687500, 29.525600, 5384.223145> - islocked:true - password:55555552) initialized
0-0-52 | Opel Astra Chrome (ownerId:127107249 - pos <5657.260254, 28.837521, 5380.114258> - islocked:true - password:12186270) initialized
0-0-52 | UAZ 3909 Beige (ownerId:795695470 - pos <5623.729492, 29.497898, 5350.630859> - islocked:true - password:8031991) initialized
0-0-52 | ToyotaHilux rust (ownerId:526094573 - pos <3590.747314, 10.953354, 3409.767822> - islocked:true - password:11012255) initialized
0-4-10 | Gunter 2 (ownerId:521855408 - pos <5675.860840, 33.053551, 5248.602539> - islocked:true - password:11111111) new car claimed
0-4-57 | Gunter 2 (ownerId:521855408 - pos <5675.860840, 33.053551, 5248.602539> - islocked:true - password:11111111) has been deleted
1-9-19 | Gunter 2 (ownerId:510682810 - pos <6056.198730, 32.302937, 5254.798340> - islocked:true - password:11111111) new car claimed
1-9-19 | Gunter 2 (ownerId:510682810 - pos <6056.198730, 32.302937, 5254.798340> - islocked:true - password:11111111) initialized
1-10-13 | Gunter 2 (ownerId:510682810 - pos <6056.220215, 32.047508, 5254.788086> - islocked:true - password:11111111) has been deleted
2-5-1 | UAZ_2315 Red (ownerId:369601190 - pos <5653.274414, 33.109131, 5257.844238> - islocked:true - password:45645645) has been deleted
2-11-40 | ToyotaHilux rust (ownerId:407766611 - pos <5642.134766, 34.125267, 5232.152832> - islocked:true - password:55889789) new car claimed
2-22-38 | Toyota Land Cruiser 200 Camo2  (ownerId:88929178 - pos <4419.748047, 6.294124, 4610.916504> - islocked:true - password:371400) new car claimed
2-22-38 | Toyota Land Cruiser 200 Camo2  (ownerId:88929178 - pos <4419.748047, 6.294124, 4610.916504> - islocked:true - password:371400) initialized
2-23-40 | Toyota Land Cruiser 200 Camo2  (ownerId:88929178 - pos <4419.750977, 6.035166, 4610.911621> - islocked:false - password:371400) has been deleted
2-39-10 | Robinson R22 Helicopter (ownerId:521855408 - pos <6054.702637, 32.306072, 5254.164551> - islocked:true - password:9102021) new car claimed
2-39-10 | Robinson R22 Helicopter (ownerId:521855408 - pos <6054.702637, 32.306080, 5254.164551> - islocked:true - password:9102021) initialized
3-40-59 | Robinson R22 Helicopter (ownerId:521855408 - pos <2383.610107, -32.685390, 11325.066406> - islocked:false - password:9102021) has been deleted
