Creation Time: 2023_5_22-6-0-46
6-0-46 | MBB Bo-105m Helicopter - blackcamo (ownerId:132652049 - pos <10716.896484, 3.544961, 3207.638672> - islocked:true - password:86753099) initialized
6-0-46 | Jeep Wrangler black  (ownerId:132652049 - pos <10692.896484, 3.383175, 3208.724609> - islocked:false - password:17392468) initialized
6-0-46 | Cougar Camo kamo (ownerId:980466132 - pos <1447.440186, 3.095236, 6767.592285> - islocked:true - password:22392239) initialized
6-0-46 | UAZ_2315 Camo2 (ownerId:442990275 - pos <1240.326782, 1.501661, 14723.770508> - islocked:true - password:42014201) initialized
6-0-46 | HAMMER_H1 black (ownerId:405166905 - pos <5214.485352, 4.389022, 5327.308105> - islocked:true - password:1111991) initialized
6-0-46 | Olga 24 (ownerId:839735782 - pos <5859.011230, 45.548721, 4886.847168> - islocked:true - password:13579086) initialized
6-0-46 | Toyota Land Cruiser 200 blood  (ownerId:62166080 - pos <5678.062012, 33.599216, 5246.403320> - islocked:true - password:22392239) initialized
6-0-46 | M3S Covered (ownerId:442990275 - pos <5680.883301, 32.806454, 5270.261230> - islocked:true - password:37579090) initialized
6-0-46 | Gaz 71 WINTER (ownerId:137318436 - pos <4240.989746, 21.428886, 7282.318359> - islocked:true - password:20090909) initialized
6-0-46 | STR_EGER_name (ownerId:69839805 - pos <4249.273926, 21.605030, 7295.800293> - islocked:true - password:20090909) initialized
6-0-46 | PAZ (green) (ownerId:980466132 - pos <5631.259277, 29.526331, 5379.812012> - islocked:true - password:22392239) initialized
6-0-46 | Sarka 120 (ownerId:108250772 - pos <5617.134277, 28.686037, 5394.043945> - islocked:true - password:3181989) initialized
6-0-46 | LUAZ 969 rust (ownerId:88929178 - pos <5625.482910, 29.296347, 5419.026367> - islocked:true - password:371400) initialized
6-0-46 | Jeep Wrangler (ownerId:288122462 - pos <6882.477051, 34.255123, 5889.201172> - islocked:true - password:12321321) initialized
6-0-46 | MOSKVICH 2140 (ownerId:304057481 - pos <6950.713379, 14.669907, 5719.607422> - islocked:true - password:42687931) initialized
6-0-46 | LUAZ 969 blue (ownerId:354151095 - pos <6972.173340, 14.597516, 5701.598633> - islocked:true - password:4250425) initialized
6-0-46 | Olga 24 (ownerId:36527682 - pos <7733.397461, 36.107792, 6085.732910> - islocked:false - password:10939910) initialized
6-0-46 | UAZ 3909 Khaki1 (ownerId:36527682 - pos <7718.835449, 36.424061, 6070.979004> - islocked:true - password:93991005) initialized
6-0-46 | YAR_87 Camo2  (ownerId:34611550 - pos <7504.333984, 3.340487, 5638.859375> - islocked:true - password:19892004) initialized
6-0-46 | Chevrolet Corvette White  (ownerId:157174770 - pos <7500.621094, 2.791236, 5636.865723> - islocked:true - password:19892004) initialized
6-0-46 | ToyotaHilux Red (ownerId:60592768 - pos <9562.668945, 4.356262, 5943.361816> - islocked:true - password:19651965) initialized
