Creation Time: 2023_5_3-6-1-11
6-1-11 | Sarka 120 (ownerId:405166905 - pos <10490.966797, 10.001139, 4277.304199> - islocked:true - password:19910111) initialized
6-1-11 | Robinson R22 Helicopter (ownerId:940915030 - pos <9512.575195, 102.761208, 3733.148193> - islocked:true - password:11853737) initialized
6-1-11 | Ada 4x4 (ownerId:16874355 - pos <10732.898438, 90.320946, 6156.009766> - islocked:true - password:15795315) initialized
6-1-11 | Land Rover Defender 110 Red (ownerId:60592768 - pos <9561.738281, 4.179226, 5944.402344> - islocked:true - password:19651965) initialized
6-1-11 | Mil Mi-2 Helicopter - Hornet (ownerId:965259563 - pos <5701.166016, 143.930267, 12674.361328> - islocked:true - password:11367275) initialized
6-1-11 | Robinson R22 Helicopter (ownerId:195214598 - pos <1189.234863, 56.231636, 10623.712891> - islocked:true - password:52528989) initialized
6-1-11 | Land Rover Defender 110 Green (ownerId:177737910 - pos <2550.603271, 57.004330, 9449.897461> - islocked:false - password:25792579) initialized
6-1-11 | Robinson R22 Helicopter - Black (ownerId:984346468 - pos <4728.883301, 12.292153, 4692.960938> - islocked:true - password:83898389) initialized
6-1-11 | Land Rover Defender 110 Red (ownerId:980466132 - pos <10262.082031, 16.167868, 11377.687500> - islocked:true - password:22392239) initialized
6-1-11 | M3S Covered (ownerId:839735782 - pos <5477.230469, 7.706954, 8608.794922> - islocked:true - password:1051997) initialized
6-1-11 | Robinson R22 Helicopter (ownerId:839735782 - pos <5448.208008, 7.477820, 8605.121094> - islocked:true - password:1051997) initialized
6-1-11 | M3S Covered (ownerId:965259563 - pos <5465.688965, 7.826473, 8577.381836> - islocked:true - password:72524299) initialized
6-1-11 | Land Rover Defender 110 UN (ownerId:116364714 - pos <5590.918457, 29.278482, 5379.015625> - islocked:false - password:25082508) initialized
6-1-11 | Land Rover Defender 110 Red (ownerId:6938606 - pos <5599.400879, 29.297674, 5348.746582> - islocked:true - password:20090909) initialized
6-1-11 | Sarka 120 (ownerId:194642746 - pos <5445.580566, 5.325430, 4629.514160> - islocked:true - password:15474555) initialized
6-1-11 | Robinson R22 Helicopter (ownerId:71319946 - pos <5672.808594, 33.907440, 5245.416016> - islocked:true - password:19944991) initialized
6-1-11 | Sarka 120 (ownerId:944065078 - pos <7728.551270, 35.600029, 6089.078613> - islocked:true - password:25082508) initialized
6-1-11 | M3S Covered (ownerId:944065078 - pos <7718.275879, 36.466980, 6089.899902> - islocked:false - password:25082508) initialized
6-1-11 | Robinson R22 Helicopter - Black (ownerId:980466132 - pos <7347.331543, 101.076942, 6033.897461> - islocked:true - password:22392239) initialized
6-1-11 | Gunter 2 (ownerId:36527682 - pos <7192.423340, 3.389068, 5359.116211> - islocked:true - password:93991005) initialized
6-1-11 | Land Rover Defender 110 UN (ownerId:85319837 - pos <7572.665527, 24.168486, 3940.986328> - islocked:false - password:9151985) initialized
6-1-11 | Sarka 120 (ownerId:85319837 - pos <7574.907227, 24.190304, 3928.430664> - islocked:true - password:1111110) initialized
6-1-11 | Ada 4x4 (ownerId:419387242 - pos <7576.151855, 23.522589, 3923.265625> - islocked:true - password:8995862) initialized
6-1-11 | MBB Bo-105m Helicopter - blackcamo (ownerId:980466132 - pos <6768.891113, 54.751770, 1849.850586> - islocked:true - password:22392239) initialized
6-1-11 | MH-6M Little Bird - Desert (ownerId:62166080 - pos <6786.257813, 54.240791, 1835.743164> - islocked:true - password:22392239) initialized
6-1-11 | M3S Covered (ownerId:980466132 - pos <6795.364258, 39.992962, 1809.554565> - islocked:false - password:22392239) initialized
6-1-11 | Sarka 120 (ownerId:980466132 - pos <6801.629883, 39.738655, 1801.161377> - islocked:true - password:22392239) initialized
6-1-11 | Land Rover Defender 110 Green (ownerId:62166080 - pos <6796.041016, 39.705757, 1801.274048> - islocked:true - password:22392239) initialized
6-1-11 | Robinson R22 Helicopter - Black (ownerId:419387242 - pos <7057.236816, 53.541744, 2075.829834> - islocked:true - password:8995862) initialized
6-1-11 | Olga 24 (ownerId:419387242 - pos <7056.493652, 45.007893, 2053.263672> - islocked:true - password:8995862) initialized
6-1-11 | Olga 24 (ownerId:108250772 - pos <7113.924316, 37.535427, 2252.847412> - islocked:true - password:12345678) initialized
6-1-11 | Robinson R22 Helicopter - Black (ownerId:132652049 - pos <4270.229004, 3.439752, 2517.689697> - islocked:true - password:9031783) initialized
6-1-11 | Land Rover Defender 110 Red (ownerId:132652049 - pos <4277.322266, 3.686896, 2515.763672> - islocked:true - password:9031783) initialized
6-1-11 | Robinson R22 Helicopter (ownerId:965259563 - pos <3761.067871, 19.991447, 2596.919922> - islocked:false - password:11367275) initialized
6-1-11 | Sarka 120 (ownerId:965259563 - pos <3730.799805, 6.081141, 2551.065674> - islocked:true - password:72524299) initialized
6-1-11 | Gunter 2 (ownerId:965259563 - pos <3730.655518, 5.683294, 2547.984863> - islocked:true - password:86753099) initialized
6-1-11 | M3S Covered (ownerId:965259563 - pos <3771.239014, 5.576675, 2545.759033> - islocked:true - password:2061963) initialized
6-1-11 | Land Rover Defender 110 Red (ownerId:965259563 - pos <3730.515869, 6.048484, 2554.894287> - islocked:true - password:11367275) initialized
6-1-11 | Olga 24 (ownerId:965259563 - pos <3737.234863, 5.467785, 2554.813232> - islocked:true - password:11367275) initialized
6-1-11 | UH-60 Blackhawk - blackblackhawk (ownerId:195214598 - pos <3224.051514, 7.616046, 1721.943481> - islocked:true - password:52528989) initialized
