Creation Time: 2023_4_30-0-0-51
0-0-51 | Ada 4x4 (ownerId:419387242 - pos <10718.973633, 90.320488, 6150.570313> - islocked:false - password:8995862) initialized
0-0-51 | Gunter 2 (ownerId:36527682 - pos <7127.653809, 2.111495, 5379.487305> - islocked:true - password:93991005) initialized
0-0-51 | Land Rover Defender 110 Red (ownerId:60592768 - pos <9560.937500, 4.183796, 5944.635254> - islocked:true - password:19651965) initialized
0-0-51 | Robinson R22 Helicopter - Black (ownerId:980466132 - pos <7349.647949, 101.077263, 6033.751465> - islocked:false - password:22392239) initialized
0-0-51 | UH-60 Blackhawk - blackblackhawk (ownerId:944065078 - pos <7700.163574, 36.799286, 6101.979980> - islocked:false - password:25082508) initialized
0-0-51 | M3S Covered (ownerId:944065078 - pos <7718.275879, 36.466976, 6089.899902> - islocked:false - password:25082508) initialized
0-0-51 | Sarka 120 (ownerId:944065078 - pos <7710.897949, 35.743111, 6077.494629> - islocked:false - password:25082508) initialized
0-0-51 | Robinson R22 Helicopter - Black (ownerId:984346468 - pos <4728.882324, 12.292114, 4692.962891> - islocked:true - password:83898389) initialized
0-0-51 | Robinson R22 Helicopter (ownerId:71319946 - pos <5672.808594, 33.907440, 5245.416016> - islocked:true - password:19944991) initialized
0-0-51 | M3S Covered (ownerId:108250772 - pos <5656.403320, 28.701176, 5426.487793> - islocked:true - password:12345678) initialized
0-0-51 | Land Rover Defender 110 UN (ownerId:116364714 - pos <5592.692871, 29.278481, 5379.937012> - islocked:false - password:25082508) initialized
0-0-51 | Sarka 120 (ownerId:194642746 - pos <5445.529297, 5.327636, 4629.536133> - islocked:true - password:15474555) initialized
0-0-51 | Land Rover Defender 110 UN (ownerId:85319837 - pos <7572.665527, 24.168486, 3940.986328> - islocked:true - password:9151985) initialized
0-0-51 | Land Rover Defender 110 (ownerId:192139039 - pos <1187.285034, 27.916954, 12556.104492> - islocked:true - password:7161994) initialized
0-0-51 | Robinson R22 Helicopter - Black (ownerId:62166080 - pos <518.580933, 40.944080, 11901.004883> - islocked:true - password:22392239) initialized
0-0-51 | M3S Covered (ownerId:8156911 - pos <6232.799805, 5.800154, 9593.156250> - islocked:false - password:15500000) initialized
0-0-51 | Sarka 120 (ownerId:22592522 - pos <6232.372559, 5.531140, 9589.974609> - islocked:true - password:5210521) initialized
0-0-51 | Ada 4x4 (ownerId:62166080 - pos <6902.654297, 38.440704, 2104.053955> - islocked:true - password:22392239) initialized
0-0-51 | Olga 24 (ownerId:419387242 - pos <7057.704590, 45.000324, 2053.504150> - islocked:true - password:8995862) initialized
0-0-51 | Land Rover Defender 110 Red (ownerId:980466132 - pos <6796.332031, 39.705948, 1802.321167> - islocked:true - password:22392239) initialized
0-0-51 | Sarka 120 (ownerId:980466132 - pos <6801.630371, 39.738659, 1801.161377> - islocked:true - password:22392239) initialized
0-0-51 | Land Rover Defender 110 Green (ownerId:62166080 - pos <6795.712402, 39.705982, 1807.071655> - islocked:true - password:22392239) initialized
0-0-51 | M3S Covered (ownerId:980466132 - pos <6785.151855, 39.982067, 1806.425903> - islocked:true - password:22392239) initialized
0-0-51 | M3S Covered (ownerId:839735782 - pos <5472.988281, 7.844138, 8580.834961> - islocked:true - password:1051997) initialized
0-0-51 | M3S Covered (ownerId:965259563 - pos <5465.726563, 7.868539, 8577.351563> - islocked:true - password:72524299) initialized
0-0-51 | Robinson R22 Helicopter (ownerId:940915030 - pos <9512.575195, 102.761208, 3733.148193> - islocked:true - password:11853737) initialized
0-0-51 | Land Rover Defender 110 Green (ownerId:177737910 - pos <2551.128418, 56.708378, 9452.718750> - islocked:true - password:25792579) initialized
0-0-51 | Robinson R22 Helicopter (ownerId:195214598 - pos <1114.771484, 56.352501, 10648.643555> - islocked:true - password:52528989) initialized
0-0-51 | UH-60 Blackhawk - blackblackhawk (ownerId:195214598 - pos <3224.051514, 7.616046, 1721.945923> - islocked:true - password:52528989) initialized
0-0-51 | Olga 24 (ownerId:965259563 - pos <3729.998535, 5.467772, 2551.068848> - islocked:false - password:11367275) initialized
0-0-51 | Robinson R22 Helicopter (ownerId:965259563 - pos <3756.512451, 19.967381, 2601.171387> - islocked:true - password:11367275) initialized
0-0-51 | Sarka 120 (ownerId:405166905 - pos <10489.906250, 10.002543, 4274.236816> - islocked:true - password:19910111) initialized
0-0-51 | Land Rover Defender 110 Red (ownerId:965259563 - pos <7989.279785, 5.951775, 7462.846680> - islocked:false - password:11367275) initialized
