Creation Time: 2023_5_25-10-58-13
10-58-13 | Jeep Wrangler (ownerId:288122462 - pos <8283.520508, 5.735122, 8844.367188> - islocked:true - password:12321321) initialized
10-58-13 | Cougar Camo kamo (ownerId:980466132 - pos <1447.439331, 3.095259, 6767.592285> - islocked:true - password:22392239) initialized
10-58-13 | SUV Camo (ownerId:442990275 - pos <2124.278076, 15.263948, 9180.040039> - islocked:true - password:42014201) initialized
10-58-13 | Olga 24 (ownerId:442990275 - pos <2121.612793, 18.358902, 9166.325195> - islocked:false - password:42014201) initialized
10-58-13 | Toyota Land Cruiser 200 (ownerId:308099129 - pos <3522.993164, 22.781893, 4590.057617> - islocked:true - password:9131988) initialized
10-58-13 | Olga 24 (ownerId:839735782 - pos <3591.368408, 10.842392, 3410.562744> - islocked:true - password:13579086) initialized
10-58-13 | Gaz 71 Black (ownerId:137318436 - pos <4248.162109, 21.428877, 7293.649902> - islocked:true - password:20090909) initialized
10-58-13 | UH-60 Blackhawk - blackblackhawk (ownerId:69839805 - pos <4261.034668, 21.234701, 7310.648926> - islocked:true - password:20090909) initialized
10-58-13 | STR_EGER_name (ownerId:69839805 - pos <4258.302734, 21.605028, 7289.826172> - islocked:true - password:20090909) initialized
10-58-13 | MBB Bo-105m Helicopter - blackcamo (ownerId:132652049 - pos <10055.801758, 4.129517, 1142.778076> - islocked:true - password:86753099) initialized
10-58-13 | Jeep Wrangler black  (ownerId:132652049 - pos <10663.982422, 3.405122, 3151.652100> - islocked:true - password:17392468) initialized
10-58-13 | ToyotaHilux Red (ownerId:60592768 - pos <9562.668945, 4.356405, 5943.354004> - islocked:true - password:19651965) initialized
10-58-13 | Olga 24 (ownerId:36527682 - pos <7733.397461, 36.107811, 6085.732422> - islocked:true - password:10939910) initialized
10-58-13 | UAZ 3909 Khaki1 (ownerId:36527682 - pos <7717.196777, 36.455589, 6070.721191> - islocked:true - password:93991005) initialized
10-58-13 | LUAZ 969 blue (ownerId:354151095 - pos <6972.173340, 14.597527, 5701.598145> - islocked:true - password:4250425) initialized
10-58-13 | MOSKVICH 2140 (ownerId:304057481 - pos <6950.713379, 14.669825, 5719.599121> - islocked:true - password:42687931) initialized
10-58-13 | YAR_87 Camo2  (ownerId:34611550 - pos <7501.578125, 3.352674, 5638.125488> - islocked:true - password:19892004) initialized
10-58-13 | MOSKVICH 2140 (ownerId:944065078 - pos <6394.414551, 23.181292, 6686.756348> - islocked:false - password:97319731) initialized
10-58-13 | PAZ (green) (ownerId:980466132 - pos <5631.259277, 29.526325, 5379.812012> - islocked:true - password:22392239) initialized
10-58-13 | Sarka 120 (ownerId:108250772 - pos <5617.120605, 28.686020, 5394.030273> - islocked:true - password:3181989) initialized
10-58-13 | LUAZ 969 rust (ownerId:88929178 - pos <5625.482910, 29.296349, 5419.026855> - islocked:true - password:371400) initialized
10-58-13 | Sarka 120 (ownerId:369601190 - pos <5592.457520, 29.311150, 5355.827148> - islocked:true - password:4031965) initialized
10-58-13 | HAMMER_H1 black (ownerId:405166905 - pos <5195.087891, 4.949921, 5315.446289> - islocked:true - password:1111991) initialized
10-58-13 | Toyota Land Cruiser 200 blood  (ownerId:62166080 - pos <5678.486328, 33.642387, 5245.495605> - islocked:true - password:22392239) initialized
10-58-13 | M3S Covered (ownerId:442990275 - pos <5681.126953, 32.807163, 5270.092773> - islocked:true - password:37579090) initialized
