Creation Time: 2023_4_19-12-0-57
12-0-57 | M3S Covered (ownerId:67657702 - pos <10219.403320, 20.330517, 7928.793457> - islocked:false - password:19944991) initialized
12-0-57 | UH-60 Blackhawk Cargo (ownerId:980466132 - pos <1464.501587, 11.498222, 15309.609375> - islocked:true - password:22392239) initialized
12-0-57 | UH-60 Blackhawk - blackblackhawk (ownerId:195214598 - pos <8069.666992, 215.248917, 11834.370117> - islocked:true - password:89895252) initialized
12-0-57 | Bell 429 Helicopter (ownerId:195214598 - pos <8112.443359, 214.221130, 11880.533203> - islocked:true - password:52898952) initialized
12-0-57 | M3S Covered (ownerId:8156911 - pos <6233.034668, 5.800169, 9593.660156> - islocked:false - password:15500000) initialized
12-0-57 | Olga 24 (ownerId:62166080 - pos <6795.429688, 39.125076, 1803.797729> - islocked:true - password:22392239) initialized
12-0-57 | Ada 4x4 (ownerId:62166080 - pos <6800.279297, 39.178280, 1801.904785> - islocked:false - password:22392239) initialized
12-0-57 | Ada 4x4 (ownerId:980466132 - pos <6800.919922, 39.178162, 1804.990234> - islocked:true - password:22392239) initialized
12-0-57 | M3S Covered (ownerId:62166080 - pos <6795.879883, 39.129311, 1808.994385> - islocked:true - password:22392239) initialized
12-0-57 | MH-6M Little Bird - Desert (ownerId:62166080 - pos <6773.009766, 54.240791, 1834.931885> - islocked:true - password:22392239) initialized
12-0-57 | Robinson R22 Helicopter - Black (ownerId:62166080 - pos <6786.493164, 53.509369, 1834.474243> - islocked:true - password:22392239) initialized
12-0-57 | Robinson R22 Helicopter (ownerId:965259563 - pos <3740.883301, 6.131206, 2553.403076> - islocked:true - password:11367275) initialized
12-0-57 | Gunter 2 (ownerId:965259563 - pos <3734.649170, 5.683278, 2547.140137> - islocked:true - password:11367275) initialized
12-0-57 | Olga 24 (ownerId:965259563 - pos <3753.643311, 5.595252, 2571.944336> - islocked:true - password:11367275) initialized
12-0-57 | M3S Covered (ownerId:965259563 - pos <3757.220459, 5.599306, 2565.215576> - islocked:false - password:11367275) initialized
12-0-57 | UH-60 Blackhawk - blackblackhawk (ownerId:195214598 - pos <3224.051514, 7.616047, 1721.953003> - islocked:true - password:52528989) initialized
12-0-57 | Robinson R22 Helicopter - Red (ownerId:71319946 - pos <2665.577637, 35.751202, 3317.651611> - islocked:true - password:19944991) initialized
12-0-57 | M3S Covered (ownerId:108250772 - pos <4521.240234, 10.389526, 3203.362305> - islocked:true - password:78945612) initialized
12-0-57 | Bell 429 Helicopter (ownerId:88929178 - pos <4475.426758, 10.076929, 3148.720215> - islocked:true - password:371400) initialized
12-0-57 | UH-60 Blackhawk - Woodland (ownerId:85319837 - pos <3985.974609, 16.854164, 3474.664795> - islocked:true - password:1111110) initialized
12-0-57 | Robinson R22 Helicopter (ownerId:940915030 - pos <9512.575195, 102.761208, 3733.148193> - islocked:true - password:11853737) initialized
12-0-57 | Sarka 120 (ownerId:940915030 - pos <9511.229492, 102.703018, 3751.685059> - islocked:true - password:11853737) initialized
12-0-57 | Robinson R22 Helicopter - Black (ownerId:34745177 - pos <9138.463867, 47.943069, 3793.830078> - islocked:false - password:67698687) initialized
12-0-57 | Olga 24 (ownerId:944065078 - pos <7655.446289, 19.535059, 3867.459229> - islocked:true - password:97319731) initialized
12-0-57 | Olga 24 (ownerId:288122462 - pos <5668.021484, 28.913147, 5408.256348> - islocked:true - password:12011152) initialized
12-0-57 | Sarka 120 (ownerId:980466132 - pos <5648.397461, 27.511356, 5438.090332> - islocked:true - password:22392239) initialized
12-0-57 | Robinson R22 Helicopter (ownerId:195214598 - pos <5671.535156, 33.241283, 5256.128906> - islocked:true - password:52528989) initialized
12-0-57 | Olga 24 (ownerId:194642746 - pos <5446.555176, 5.910357, 4628.951660> - islocked:true - password:19952003) initialized
12-0-57 | Robinson R22 Helicopter - Black (ownerId:980466132 - pos <7348.521973, 101.077194, 6033.944824> - islocked:true - password:22392239) initialized
12-0-57 | Sarka 120 (ownerId:405166905 - pos <1820.650146, 9.910259, 8824.457031> - islocked:true - password:19910111) initialized
17-23-48 | Olga 24 (ownerId:194642746 - pos <5516.096191, 14.719191, 4767.754883> - islocked:false - password:19952003) has been deleted
