Creation Time: 2023_6_1-0-0-49
0-0-49 | MH-6M Little Bird - Desert (ownerId:132652049 - pos <10045.665039, 8.208422, 1098.988281> - islocked:false - password:13579246) initialized
0-0-49 | Robinson R22 Helicopter (ownerId:249230507 - pos <15722.158203, 39.945374, 4669.315430> - islocked:true - password:33333333) initialized
0-0-49 | Olga 24 (ownerId:442990275 - pos <11667.243164, 6.122781, 2074.084961> - islocked:true - password:42014201) initialized
0-0-49 | LUAZ 969 black (ownerId:36527682 - pos <7718.376953, 36.262558, 6068.660645> - islocked:true - password:93991005) initialized
0-0-49 | ToyotaHilux Camo (ownerId:369601190 - pos <1590.141357, 10.096206, 9050.484375> - islocked:true - password:80081355) initialized
0-0-49 | Olga 24 (ownerId:442990275 - pos <1974.354858, 10.094149, 8857.602539> - islocked:true - password:42014201) initialized
0-0-49 | Sarka 120 (ownerId:144736642 - pos <7340.675293, 7.426161, 8405.875977> - islocked:true - password:41941941) initialized
0-0-49 | YAR_87 Camo2  (ownerId:34611550 - pos <4249.261230, 21.640234, 7293.818848> - islocked:false - password:19892004) initialized
0-0-49 | MH-6M Little Bird (ownerId:34611550 - pos <4264.457520, 21.744884, 7308.838867> - islocked:true - password:19892004) initialized
0-0-49 | Olga 24 (ownerId:501895347 - pos <5663.010254, 28.376337, 5468.731445> - islocked:false - password:42775920) initialized
0-0-49 | SCOUT Black (ownerId:442990275 - pos <5645.487305, 28.353056, 5435.379883> - islocked:true - password:42014201) initialized
0-0-49 | Jeep Wrangler Blue (ownerId:34611550 - pos <5674.292969, 29.974024, 5509.527344> - islocked:true - password:19892004) initialized
0-0-49 | UAZ_2315 Red (ownerId:405166905 - pos <3412.405762, 19.420708, 4543.580566> - islocked:true - password:1111991) initialized
0-0-49 | Jeep Wrangler (ownerId:944065078 - pos <3525.320557, 23.131796, 4576.464355> - islocked:false - password:97319731) initialized
0-0-49 | Sarka 120 (ownerId:839735782 - pos <5672.313965, 33.244984, 5244.089844> - islocked:true - password:1051997) initialized
0-0-49 | Audi RS6 (ownerId:85319837 - pos <5681.615234, 33.493763, 5243.245605> - islocked:true - password:1111110) initialized
0-0-49 | Ada 4x4 (ownerId:839735782 - pos <5856.946289, 44.949112, 4892.950684> - islocked:true - password:1051997) initialized
0-0-49 | ToyotaHilux White (ownerId:60592768 - pos <5487.383301, 11.121206, 6252.816895> - islocked:true - password:19651965) initialized
0-0-49 | MOSKVICH 2140 (ownerId:54276291 - pos <5440.256836, 6.853366, 4639.803711> - islocked:true - password:12348262) initialized
0-0-49 | MOSKVICH 2140 (ownerId:288122462 - pos <6883.863281, 34.121445, 5878.005371> - islocked:true - password:12321123) initialized
0-0-49 | Olga 24 (ownerId:442990275 - pos <4432.081055, 5.423759, 2870.046631> - islocked:false - password:42014201) initialized
0-0-49 | MOSKVICH 2140 (ownerId:137318436 - pos <4304.500488, 3.855627, 4680.526367> - islocked:true - password:20090909) initialized
0-0-49 | LUAZ 969 black (ownerId:88929178 - pos <4143.031738, 4.151597, 4199.631836> - islocked:true - password:371400) initialized
1-6-15 | Olga 24 (ownerId:442990275 - pos <5621.787109, 29.010010, 5408.013184> - islocked:true - password:42014201) new car claimed
1-6-15 | Olga 24 (ownerId:442990275 - pos <5621.787109, 29.010010, 5408.013184> - islocked:true - password:42014201) initialized
1-7-8 | Olga 24 (ownerId:442990275 - pos <5621.780273, 28.697634, 5408.006836> - islocked:true - password:-1) new car claimed
1-19-11 | Olga 24 (ownerId:442990275 - pos <5675.364258, 32.694202, 5264.841309> - islocked:true - password:42014201) new car claimed
1-19-11 | Olga 24 (ownerId:442990275 - pos <5675.364258, 32.694202, 5264.841309> - islocked:true - password:42014201) initialized
1-19-48 | Olga 24 (ownerId:442990275 - pos <5675.371094, 32.397995, 5264.839844> - islocked:false - password:42014201) has been deleted
