Creation Time: 2023_6_10-1-51-17
1-51-17 | Ada 4x4 (ownerId:839735782 - pos <5859.894043, 44.990227, 4891.104980> - islocked:true - password:1051997) initialized
1-51-17 | Olga 24 (ownerId:416867315 - pos <5378.852539, 74.598732, 3968.254150> - islocked:true - password:19993420) initialized
1-51-17 | Audi RS6 (ownerId:85319837 - pos <5682.155273, 33.492615, 5242.702637> - islocked:true - password:1111110) initialized
1-51-17 | MOSKVICH 2140 (ownerId:137318436 - pos <4304.499512, 3.855560, 4680.525391> - islocked:true - password:20090909) initialized
1-51-17 | Jeep Wrangler (ownerId:944065078 - pos <5664.309082, 28.976051, 5335.381836> - islocked:false - password:97319731) initialized
1-51-17 | MOSKVICH 2140 (ownerId:54276291 - pos <5441.153320, 6.791955, 4639.579102> - islocked:true - password:12348262) initialized
1-51-17 | LUAZ 969 black (ownerId:88929178 - pos <4146.070801, 4.054620, 4199.204590> - islocked:true - password:371400) initialized
1-51-17 | ToyotaHilux Camo (ownerId:442990275 - pos <7248.804199, 25.022577, 1970.906616> - islocked:true - password:42014201) initialized
1-51-17 | YAR_87 Camo2  (ownerId:34611550 - pos <2479.787598, 18.702330, 13963.012695> - islocked:true - password:19892004) initialized
1-51-17 | MH-6M Little Bird - Desert (ownerId:132652049 - pos <10045.665039, 8.208423, 1098.988281> - islocked:false - password:13579246) initialized
1-51-17 | ToyotaHilux White (ownerId:60592768 - pos <9559.643555, 4.320604, 5946.363770> - islocked:true - password:19651965) initialized
1-51-17 | Sarka 120 (ownerId:144736642 - pos <7340.216797, 7.426133, 8406.367188> - islocked:true - password:41941941) initialized
1-51-17 | Olga 24 (ownerId:86564395 - pos <5683.289063, 5.538046, 9264.157227> - islocked:true - password:59005900) initialized
1-51-17 | Jeep Wrangler black  (ownerId:308099129 - pos <3929.318359, 12.055122, 7918.307129> - islocked:true - password:9131988) initialized
1-51-17 | M3S Covered (ownerId:86564395 - pos <4550.290527, 27.460155, 7875.549805> - islocked:false - password:59005900) initialized
1-51-17 | Olga 24 (ownerId:501895347 - pos <3569.451660, 21.093956, 6543.830566> - islocked:true - password:42775920) initialized
1-51-17 | Jeep Wrangler Blue (ownerId:34611550 - pos <4246.239258, 21.212746, 7292.730957> - islocked:true - password:19892004) initialized
1-51-17 | MH-6M Little Bird (ownerId:34611550 - pos <4271.984863, 21.744886, 7303.545410> - islocked:true - password:19892004) initialized
1-51-17 | STR_EGER_name (ownerId:980466132 - pos <3688.998779, 12.085362, 9772.874023> - islocked:true - password:22392239) initialized
1-51-17 | UAZ_2315 Red (ownerId:405166905 - pos <8922.058594, 6.449814, 10456.122070> - islocked:true - password:1111991) initialized
1-51-17 | M3S Covered (ownerId:249230507 - pos <8282.200195, 5.025990, 9352.305664> - islocked:true - password:33333333) initialized
1-51-17 | Robinson R22 Helicopter (ownerId:249230507 - pos <8092.914063, 13.178655, 9330.942383> - islocked:true - password:33333333) initialized
1-51-17 | MH-6M Little Bird - Camo (ownerId:369601190 - pos <1571.527954, 10.481433, 9032.277344> - islocked:true - password:80081355) initialized
1-51-17 | MUSTANG Red (ownerId:369601190 - pos <1591.123535, 10.144396, 9048.640625> - islocked:false - password:80081355) initialized
1-51-17 | ToyotaHilux Camo (ownerId:369601190 - pos <1585.869629, 10.096198, 9051.075195> - islocked:false - password:80081355) initialized
1-51-17 | STR_Camaro_Lesnik_name (ownerId:442990275 - pos <1956.195190, 9.871474, 8872.092773> - islocked:true - password:42014201) initialized
1-51-17 | Olga 24 (ownerId:405166905 - pos <3425.019531, 23.085617, 6115.207520> - islocked:true - password:1111991) initialized
1-51-17 | LUAZ 969 black (ownerId:36527682 - pos <7718.376953, 36.262547, 6068.660645> - islocked:true - password:93991005) initialized
1-51-17 | MOSKVICH 2140 (ownerId:288122462 - pos <6883.863281, 34.121437, 5878.004883> - islocked:true - password:12321123) initialized
