Creation Time: 2023_4_21-10-33-54
10-33-54 | UH-60 Blackhawk Cargo (ownerId:980466132 - pos <1464.519897, 11.455255, 15309.586914> - islocked:true - password:22392239) initialized
10-33-54 | M3S Covered (ownerId:67657702 - pos <10219.401367, 20.310791, 7928.381836> - islocked:false - password:19944991) initialized
10-33-54 | UH-60 Blackhawk - blackblackhawk (ownerId:195214598 - pos <8069.666992, 215.248917, 11834.370117> - islocked:true - password:89895252) initialized
10-33-54 | Bell 429 Helicopter (ownerId:195214598 - pos <8112.442871, 214.221115, 11880.533203> - islocked:true - password:52898952) initialized
10-33-54 | Robinson R22 Helicopter (ownerId:965259563 - pos <3756.512451, 19.967382, 2601.171387> - islocked:true - password:11367275) initialized
10-33-54 | M3S Covered (ownerId:965259563 - pos <3757.228271, 5.599510, 2565.206299> - islocked:true - password:11367275) initialized
10-33-54 | Gunter 2 (ownerId:965259563 - pos <3734.646240, 5.683329, 2547.140137> - islocked:true - password:11367275) initialized
10-33-54 | Olga 24 (ownerId:965259563 - pos <3749.000977, 5.467783, 2554.737305> - islocked:true - password:11367275) initialized
10-33-54 | UH-60 Blackhawk - blackblackhawk (ownerId:195214598 - pos <3224.051514, 7.616046, 1721.951660> - islocked:true - password:52528989) initialized
10-33-54 | Robinson R22 Helicopter - Red (ownerId:71319946 - pos <2665.577637, 35.751205, 3317.651611> - islocked:true - password:19944991) initialized
10-33-54 | MH-6M Little Bird - Desert (ownerId:62166080 - pos <6773.009766, 54.240791, 1834.931885> - islocked:true - password:22392239) initialized
10-33-54 | Robinson R22 Helicopter - Black (ownerId:62166080 - pos <6786.493164, 53.509369, 1834.474243> - islocked:true - password:22392239) initialized
10-33-54 | Olga 24 (ownerId:62166080 - pos <6795.437012, 39.125080, 1803.797485> - islocked:true - password:22392239) initialized
10-33-54 | M3S Covered (ownerId:62166080 - pos <6795.889648, 39.129513, 1808.996216> - islocked:false - password:22392239) initialized
10-33-54 | Ada 4x4 (ownerId:980466132 - pos <6800.919922, 39.178162, 1804.990723> - islocked:true - password:22392239) initialized
10-33-54 | Ada 4x4 (ownerId:62166080 - pos <6801.051758, 39.178257, 1800.987427> - islocked:true - password:22392239) initialized
10-33-54 | Sarka 120 (ownerId:980466132 - pos <6795.105957, 39.738483, 1800.803101> - islocked:true - password:22392239) initialized
10-33-54 | M3S Covered (ownerId:108250772 - pos <4521.240234, 10.390609, 3203.352539> - islocked:true - password:78945612) initialized
10-33-54 | Bell 429 Helicopter (ownerId:88929178 - pos <4535.771973, 17.384153, 3159.236572> - islocked:true - password:371400) initialized
10-33-54 | UH-60 Blackhawk - Woodland (ownerId:85319837 - pos <3985.974121, 16.854170, 3474.665039> - islocked:true - password:1111110) initialized
10-33-54 | Sarka 120 (ownerId:22592522 - pos <6230.294922, 5.541466, 9589.271484> - islocked:true - password:5210521) initialized
10-33-54 | M3S Covered (ownerId:8156911 - pos <6232.801758, 5.800198, 9593.156250> - islocked:false - password:15500000) initialized
10-33-54 | Olga 24 (ownerId:288122462 - pos <5668.062500, 28.910393, 5408.246094> - islocked:true - password:12011152) initialized
10-33-54 | Sarka 120 (ownerId:405166905 - pos <5628.688965, 29.306015, 5419.512207> - islocked:true - password:19910111) initialized
10-33-54 | Sarka 120 (ownerId:194642746 - pos <5657.130371, 28.686028, 5393.928711> - islocked:true - password:15474555) initialized
10-33-54 | Land Rover Defender 110 UN (ownerId:108250772 - pos <5622.215332, 29.278484, 5381.246582> - islocked:true - password:14725836) initialized
10-33-54 | Land Rover Defender 110 Red (ownerId:108250772 - pos <5627.019531, 29.278481, 5387.046387> - islocked:true - password:14725836) initialized
10-33-54 | Land Rover Defender 110 (ownerId:108250772 - pos <5625.816406, 29.278484, 5376.927734> - islocked:true - password:14725836) initialized
10-33-54 | Land Rover Defender 110 Green (ownerId:85319837 - pos <5617.498535, 29.278488, 5378.230957> - islocked:true - password:1111110) initialized
10-33-54 | Robinson R22 Helicopter (ownerId:195214598 - pos <5671.535156, 33.241138, 5256.131836> - islocked:true - password:52528989) initialized
10-33-54 | Land Rover Defender 110 (ownerId:192139039 - pos <5159.459473, 7.174143, 4603.088379> - islocked:true - password:7161994) initialized
10-33-54 | Robinson R22 Helicopter - Black (ownerId:980466132 - pos <7348.521973, 101.077187, 6033.944824> - islocked:true - password:22392239) initialized
10-33-54 | M3S Covered (ownerId:944065078 - pos <7651.871094, 20.329174, 3863.981201> - islocked:true - password:25082508) initialized
10-33-54 | Olga 24 (ownerId:944065078 - pos <7655.443848, 19.534409, 3867.470215> - islocked:true - password:97319731) initialized
10-33-54 | Sarka 120 (ownerId:944065078 - pos <7658.262695, 18.538727, 3870.258057> - islocked:true - password:25082508) initialized
10-33-54 | Robinson R22 Helicopter - Black (ownerId:34745177 - pos <9138.471680, 47.960072, 3793.875732> - islocked:false - password:67698687) initialized
10-33-54 | Sarka 120 (ownerId:940915030 - pos <9511.229492, 102.703033, 3751.684814> - islocked:true - password:11853737) initialized
10-33-54 | Robinson R22 Helicopter (ownerId:940915030 - pos <9512.575195, 102.761208, 3733.148193> - islocked:true - password:11853737) initialized
10-56-58 | Ada 4x4 (ownerId:80291406 - pos <5631.225098, 29.009995, 5366.464355> - islocked:true - password:84) new car claimed
10-56-58 | Ada 4x4 (ownerId:80291406 - pos <5631.225098, 28.709995, 5366.464355> - islocked:true - password:84) initialized
11-34-31 | Ada 4x4 (ownerId:80291406 - pos <6243.659668, 5.049554, 9587.410156> - islocked:false - password:84) has been deleted
