Creation Time: 2023_4_20-18-1-14
18-1-14 | UH-60 Blackhawk Cargo (ownerId:980466132 - pos <1464.480469, 11.497759, 15309.611328> - islocked:true - password:22392239) initialized
18-1-14 | Bell 429 Helicopter (ownerId:195214598 - pos <8112.442871, 214.221115, 11880.533203> - islocked:true - password:52898952) initialized
18-1-14 | UH-60 Blackhawk - blackblackhawk (ownerId:195214598 - pos <8069.666992, 215.248917, 11834.370117> - islocked:true - password:89895252) initialized
18-1-14 | Sarka 120 (ownerId:940915030 - pos <9511.229492, 102.703026, 3751.684814> - islocked:true - password:11853737) initialized
18-1-14 | Robinson R22 Helicopter (ownerId:940915030 - pos <9512.575195, 102.761200, 3733.148193> - islocked:true - password:11853737) initialized
18-1-14 | M3S Covered (ownerId:67657702 - pos <10219.401367, 20.317812, 7928.530273> - islocked:false - password:19944991) initialized
18-1-14 | Robinson R22 Helicopter - Black (ownerId:34745177 - pos <9138.469727, 47.955437, 3793.863281> - islocked:false - password:67698687) initialized
18-1-14 | Sarka 120 (ownerId:944065078 - pos <7658.118652, 18.593840, 3869.334717> - islocked:true - password:25082508) initialized
18-1-14 | Olga 24 (ownerId:944065078 - pos <7655.445313, 19.534534, 3867.467041> - islocked:true - password:97319731) initialized
18-1-14 | M3S Covered (ownerId:944065078 - pos <7651.871094, 20.339432, 3863.845703> - islocked:true - password:25082508) initialized
18-1-14 | Ada 4x4 (ownerId:980466132 - pos <6800.919922, 39.178165, 1804.990356> - islocked:true - password:22392239) initialized
18-1-14 | Ada 4x4 (ownerId:62166080 - pos <6801.051758, 39.178257, 1800.987305> - islocked:true - password:22392239) initialized
18-1-14 | Olga 24 (ownerId:62166080 - pos <6795.433594, 39.125095, 1803.797607> - islocked:true - password:22392239) initialized
18-1-14 | Sarka 120 (ownerId:980466132 - pos <6795.105957, 39.738491, 1800.803101> - islocked:true - password:22392239) initialized
18-1-14 | M3S Covered (ownerId:62166080 - pos <6795.886719, 39.129292, 1808.995483> - islocked:false - password:22392239) initialized
18-1-14 | Robinson R22 Helicopter - Black (ownerId:62166080 - pos <6786.493164, 53.509369, 1834.474121> - islocked:true - password:22392239) initialized
18-1-14 | MH-6M Little Bird - Desert (ownerId:62166080 - pos <6773.009766, 54.240791, 1834.931763> - islocked:true - password:22392239) initialized
18-1-14 | UH-60 Blackhawk - blackblackhawk (ownerId:195214598 - pos <3224.051514, 7.616047, 1721.951904> - islocked:true - password:52528989) initialized
18-1-14 | Bell 429 Helicopter (ownerId:88929178 - pos <4535.771973, 17.384163, 3159.236572> - islocked:true - password:371400) initialized
18-1-14 | M3S Covered (ownerId:108250772 - pos <4521.240234, 10.390186, 3203.356445> - islocked:true - password:78945612) initialized
18-1-14 | Robinson R22 Helicopter (ownerId:965259563 - pos <3801.712891, 6.131206, 2550.119629> - islocked:true - password:11367275) initialized
18-1-14 | Gunter 2 (ownerId:965259563 - pos <3734.645996, 5.683285, 2547.140137> - islocked:true - password:11367275) initialized
18-1-14 | M3S Covered (ownerId:965259563 - pos <3757.225342, 5.599275, 2565.210938> - islocked:true - password:11367275) initialized
18-1-14 | Olga 24 (ownerId:965259563 - pos <3750.340820, 5.595248, 2577.203369> - islocked:true - password:11367275) initialized
18-1-14 | Robinson R22 Helicopter - Black (ownerId:980466132 - pos <7348.521973, 101.077187, 6033.944824> - islocked:true - password:22392239) initialized
18-1-14 | Olga 24 (ownerId:288122462 - pos <5668.047363, 28.911427, 5408.250977> - islocked:true - password:12011152) initialized
18-1-14 | Sarka 120 (ownerId:405166905 - pos <5628.688965, 29.306004, 5419.512207> - islocked:true - password:19910111) initialized
18-1-14 | M3S Covered (ownerId:8156911 - pos <6232.801758, 5.800149, 9593.156250> - islocked:false - password:15500000) initialized
18-1-14 | UH-60 Blackhawk - Woodland (ownerId:85319837 - pos <3985.974121, 16.854172, 3474.665039> - islocked:true - password:1111110) initialized
18-1-14 | Robinson R22 Helicopter (ownerId:195214598 - pos <5671.535156, 33.241207, 5256.130859> - islocked:true - password:52528989) initialized
18-1-14 | Sarka 120 (ownerId:194642746 - pos <5451.814453, 5.263083, 4626.829590> - islocked:true - password:15474555) initialized
18-1-14 | Robinson R22 Helicopter - Red (ownerId:71319946 - pos <2665.577637, 35.751202, 3317.651611> - islocked:true - password:19944991) initialized
21-7-10 | Sarka 120 (ownerId:22592522 - pos <6315.692383, 22.646873, 9578.133789> - islocked:true - password:5210521) new car claimed
