Creation Time: 2023_6_13-6-0-47
6-0-47 | YAR_87 Camo2  (ownerId:34611550 - pos <2479.782227, 18.702827, 13963.020508> - islocked:true - password:19892004) initialized
6-0-47 | MH-6M Little Bird - Desert (ownerId:132652049 - pos <10045.665039, 8.208423, 1098.988281> - islocked:false - password:13579246) initialized
6-0-47 | MH-6M Little Bird - Camo (ownerId:369601190 - pos <9885.496094, 23.061432, 10992.030273> - islocked:true - password:80081355) initialized
6-0-47 | Olga 24 (ownerId:86564395 - pos <12785.870117, 5.458197, 9917.776367> - islocked:true - password:59005900) initialized
6-0-47 | ToyotaHilux White (ownerId:60592768 - pos <9559.651367, 4.320468, 5946.359863> - islocked:true - password:19651965) initialized
6-0-47 | Olga 24 (ownerId:501895347 - pos <3569.440674, 21.093655, 6543.833008> - islocked:true - password:42775920) initialized
6-0-47 | ToyotaHilux Camo (ownerId:442990275 - pos <1973.551025, 10.226625, 8862.546875> - islocked:true - password:42014201) initialized
6-0-47 | STR_Camaro_Lesnik_name (ownerId:442990275 - pos <1956.948853, 9.871473, 8871.367188> - islocked:true - password:42014201) initialized
6-0-47 | ToyotaHilux Camo (ownerId:369601190 - pos <1585.868286, 10.096197, 9051.075195> - islocked:false - password:80081355) initialized
6-0-47 | LUAZ 969 black (ownerId:88929178 - pos <4146.068848, 4.054653, 4199.203125> - islocked:true - password:371400) initialized
6-0-47 | MOSKVICH 2140 (ownerId:137318436 - pos <4304.499512, 3.855556, 4680.524902> - islocked:true - password:20090909) initialized
6-0-47 | Olga 24 (ownerId:405166905 - pos <4608.530762, 5.446101, 4793.423340> - islocked:true - password:1111991) initialized
6-0-47 | UAZ_2315 Red (ownerId:405166905 - pos <4616.255859, 5.535586, 4798.632324> - islocked:true - password:1111991) initialized
6-0-47 | MH-6M Little Bird - Camo (ownerId:405166905 - pos <5474.557617, 14.931916, 4509.735352> - islocked:true - password:1111991) initialized
6-0-47 | MOSKVICH 2140 (ownerId:54276291 - pos <5441.198242, 6.787987, 4639.564941> - islocked:true - password:12348262) initialized
6-0-47 | Ada 4x4 (ownerId:839735782 - pos <5859.894043, 44.990219, 4891.104980> - islocked:true - password:1051997) initialized
6-0-47 | Audi RS6 (ownerId:85319837 - pos <5682.160156, 33.492897, 5242.700195> - islocked:true - password:1111110) initialized
6-0-47 | Jeep Wrangler (ownerId:944065078 - pos <5664.309082, 28.974812, 5335.381836> - islocked:false - password:97319731) initialized
6-0-47 | Jeep Wrangler Blue (ownerId:34611550 - pos <4246.239258, 21.212746, 7292.730957> - islocked:true - password:19892004) initialized
6-0-47 | MH-6M Little Bird (ownerId:34611550 - pos <4271.984863, 21.744886, 7303.545410> - islocked:true - password:19892004) initialized
6-0-47 | LUAZ 969 black (ownerId:36527682 - pos <7718.376953, 36.262543, 6068.660645> - islocked:true - password:93991005) initialized
6-0-47 | MOSKVICH 2140 (ownerId:288122462 - pos <6883.863281, 34.121445, 5878.005371> - islocked:true - password:12321123) initialized
6-0-47 | Jeep Wrangler black  (ownerId:308099129 - pos <3929.318359, 12.055122, 7918.307129> - islocked:true - password:9131988) initialized
6-0-47 | STR_EGER_name (ownerId:980466132 - pos <3689.007568, 12.083148, 9772.873047> - islocked:true - password:22392239) initialized
6-0-47 | M3S Covered (ownerId:86564395 - pos <4550.290527, 27.460142, 7875.549805> - islocked:false - password:59005900) initialized
6-0-47 | Sarka 120 (ownerId:144736642 - pos <7339.821289, 7.426133, 8406.633789> - islocked:true - password:41941941) initialized
6-0-47 | Robinson R22 Helicopter (ownerId:249230507 - pos <8098.369141, 13.009286, 9340.552734> - islocked:true - password:33333333) initialized
6-0-47 | M3S Covered (ownerId:249230507 - pos <8083.493164, 12.397182, 9358.622070> - islocked:true - password:33333333) initialized
