Creation Time: 2023_6_6-0-0-51
0-0-51 | LUAZ 969 black (ownerId:36527682 - pos <7718.376953, 36.262547, 6068.660645> - islocked:true - password:93991005) initialized
0-0-51 | MOSKVICH 2140 (ownerId:288122462 - pos <6883.863281, 34.121437, 5878.004883> - islocked:true - password:12321123) initialized
0-0-51 | Audi RS6 (ownerId:85319837 - pos <5682.030762, 33.497250, 5242.731445> - islocked:true - password:1111110) initialized
0-0-51 | Jeep Wrangler (ownerId:944065078 - pos <5667.188477, 29.418537, 5339.477051> - islocked:false - password:97319731) initialized
0-0-51 | MH-6M Little Bird - Desert (ownerId:132652049 - pos <10045.665039, 8.208422, 1098.988281> - islocked:false - password:13579246) initialized
0-0-51 | ToyotaHilux White (ownerId:60592768 - pos <9560.010742, 4.309716, 5946.576660> - islocked:true - password:19651965) initialized
0-0-51 | UAZ_2315 Red (ownerId:405166905 - pos <3412.379639, 19.420706, 4543.566406> - islocked:true - password:1111991) initialized
0-0-51 | Ada 4x4 (ownerId:839735782 - pos <4959.764160, 15.151979, 8482.845703> - islocked:true - password:1051997) initialized
0-0-51 | M3S Covered (ownerId:86564395 - pos <4550.290527, 27.460144, 7875.549805> - islocked:false - password:59005900) initialized
0-0-51 | Olga 24 (ownerId:501895347 - pos <3569.563965, 21.127195, 6543.794922> - islocked:true - password:42775920) initialized
0-0-51 | Jeep Wrangler Blue (ownerId:34611550 - pos <4246.239258, 21.212746, 7292.730957> - islocked:true - password:19892004) initialized
0-0-51 | MH-6M Little Bird (ownerId:34611550 - pos <4271.984863, 21.744886, 7303.545410> - islocked:true - password:19892004) initialized
0-0-51 | Jeep Wrangler black  (ownerId:308099129 - pos <3929.318359, 12.055122, 7918.307129> - islocked:true - password:9131988) initialized
0-0-51 | STR_EGER_name (ownerId:980466132 - pos <3688.981934, 12.083471, 9772.874023> - islocked:true - password:22392239) initialized
0-0-51 | LUAZ 969 black (ownerId:88929178 - pos <4146.072754, 4.054576, 4199.207031> - islocked:true - password:371400) initialized
0-0-51 | M3S Covered (ownerId:249230507 - pos <8282.153320, 5.024385, 9352.211914> - islocked:true - password:33333333) initialized
0-0-51 | Robinson R22 Helicopter (ownerId:249230507 - pos <8092.914063, 13.178654, 9330.942383> - islocked:true - password:33333333) initialized
0-0-51 | Sarka 120 (ownerId:144736642 - pos <7340.217285, 7.426135, 8406.367188> - islocked:true - password:41941941) initialized
0-0-51 | Olga 24 (ownerId:86564395 - pos <5683.289063, 5.538054, 9264.157227> - islocked:true - password:59005900) initialized
0-0-51 | ToyotaHilux Camo (ownerId:442990275 - pos <1972.933838, 10.226633, 8857.317383> - islocked:true - password:42014201) initialized
0-0-51 | STR_Camaro_Lesnik_name (ownerId:442990275 - pos <1963.729736, 9.871471, 8861.066406> - islocked:true - password:42014201) initialized
0-0-51 | MOSKVICH 2140 (ownerId:137318436 - pos <4304.500488, 3.855557, 4680.525391> - islocked:true - password:20090909) initialized
0-0-51 | Olga 24 (ownerId:416867315 - pos <5378.852051, 74.598740, 3968.254150> - islocked:true - password:19993420) initialized
0-0-51 | MOSKVICH 2140 (ownerId:54276291 - pos <5440.774414, 6.827513, 4639.788574> - islocked:true - password:12348262) initialized
0-0-51 | MH-6M Little Bird - Camo (ownerId:369601190 - pos <947.400391, 8.668020, 13349.787109> - islocked:true - password:80081355) initialized
0-0-51 | YAR_87 Camo2  (ownerId:34611550 - pos <2479.797852, 18.703913, 13963.018555> - islocked:true - password:19892004) initialized
