Creation Time: 2023_5_2-12-0-53
12-0-53 | Robinson R22 Helicopter (ownerId:965259563 - pos <3756.512451, 19.967365, 2601.171387> - islocked:true - password:11367275) initialized
12-0-53 | Sarka 120 (ownerId:965259563 - pos <3730.798096, 6.081151, 2551.065674> - islocked:true - password:72524299) initialized
12-0-53 | Land Rover Defender 110 Red (ownerId:965259563 - pos <3730.515869, 6.048488, 2554.894287> - islocked:true - password:11367275) initialized
12-0-53 | Gunter 2 (ownerId:965259563 - pos <3730.653320, 5.696760, 2547.984863> - islocked:true - password:86753099) initialized
12-0-53 | M3S Covered (ownerId:839735782 - pos <4259.996582, 2.614218, 2517.658691> - islocked:false - password:1051997) initialized
12-0-53 | Land Rover Defender 110 Red (ownerId:132652049 - pos <4264.954590, 2.625449, 2514.104736> - islocked:true - password:9031783) initialized
12-0-53 | UH-60 Blackhawk - blackblackhawk (ownerId:195214598 - pos <3224.051514, 7.616011, 1721.944214> - islocked:true - password:52528989) initialized
12-0-53 | Ada 4x4 (ownerId:16874355 - pos <10732.898438, 90.320282, 6156.010254> - islocked:true - password:15795315) initialized
12-0-53 | Sarka 120 (ownerId:405166905 - pos <10490.966797, 10.001160, 4277.304199> - islocked:true - password:19910111) initialized
12-0-53 | Robinson R22 Helicopter (ownerId:940915030 - pos <9512.575195, 102.761200, 3733.148193> - islocked:true - password:11853737) initialized
12-0-53 | Land Rover Defender 110 Red (ownerId:60592768 - pos <9561.738281, 4.179229, 5944.402344> - islocked:true - password:19651965) initialized
12-0-53 | Land Rover Defender 110 Green (ownerId:62166080 - pos <1088.963379, 7.943732, 13776.847656> - islocked:true - password:22392239) initialized
12-0-53 | Land Rover Defender 110 (ownerId:192139039 - pos <1187.255981, 27.934759, 12555.891602> - islocked:true - password:7161994) initialized
12-0-53 | Robinson R22 Helicopter (ownerId:195214598 - pos <1084.466553, 54.700218, 10695.002930> - islocked:true - password:52528989) initialized
12-0-53 | Sarka 120 (ownerId:980466132 - pos <6801.630371, 39.738670, 1801.161377> - islocked:true - password:22392239) initialized
12-0-53 | M3S Covered (ownerId:980466132 - pos <6795.287598, 40.007664, 1809.517212> - islocked:true - password:22392239) initialized
12-0-53 | MBB Bo-105m Helicopter - blackcamo (ownerId:980466132 - pos <6768.891113, 54.751793, 1849.850342> - islocked:true - password:22392239) initialized
12-0-53 | Olga 24 (ownerId:419387242 - pos <7056.483887, 45.016132, 2053.262695> - islocked:true - password:8995862) initialized
12-0-53 | Olga 24 (ownerId:108250772 - pos <7113.923340, 37.542385, 2252.849121> - islocked:true - password:12345678) initialized
12-0-53 | Sarka 120 (ownerId:85319837 - pos <7574.967285, 24.190529, 3928.489258> - islocked:true - password:1111110) initialized
12-0-53 | Land Rover Defender 110 UN (ownerId:85319837 - pos <7572.665527, 24.168489, 3940.986328> - islocked:false - password:9151985) initialized
12-0-53 | Robinson R22 Helicopter (ownerId:839735782 - pos <5448.208008, 7.477821, 8605.121094> - islocked:true - password:1051997) initialized
12-0-53 | M3S Covered (ownerId:965259563 - pos <5465.726563, 7.868622, 8577.350586> - islocked:true - password:72524299) initialized
12-0-53 | Land Rover Defender 110 Green (ownerId:177737910 - pos <2550.603027, 57.004360, 9449.896484> - islocked:false - password:25792579) initialized
12-0-53 | Olga 24 (ownerId:965259563 - pos <9325.190430, 12.776187, 9631.414063> - islocked:true - password:11367275) initialized
12-0-53 | M3S Covered (ownerId:944065078 - pos <7718.275879, 36.466999, 6089.899902> - islocked:false - password:25082508) initialized
12-0-53 | Sarka 120 (ownerId:944065078 - pos <7717.226563, 35.610989, 6074.575195> - islocked:false - password:25082508) initialized
12-0-53 | Land Rover Defender 110 UN (ownerId:116364714 - pos <7697.131836, 37.322052, 6075.831543> - islocked:false - password:25082508) initialized
12-0-53 | Robinson R22 Helicopter - Black (ownerId:980466132 - pos <7349.647949, 101.077255, 6033.751465> - islocked:false - password:22392239) initialized
12-0-53 | Gunter 2 (ownerId:36527682 - pos <7192.423828, 3.402525, 5359.115234> - islocked:false - password:93991005) initialized
12-0-53 | M3S Covered (ownerId:108250772 - pos <5656.406250, 28.724072, 5426.499023> - islocked:true - password:12345678) initialized
12-0-53 | Land Rover Defender 110 Red (ownerId:980466132 - pos <5620.325195, 29.278484, 5403.712402> - islocked:true - password:22392239) initialized
12-0-53 | Ada 4x4 (ownerId:419387242 - pos <5606.882324, 28.881050, 5348.486816> - islocked:true - password:8995862) initialized
12-0-53 | Land Rover Defender 110 Red (ownerId:6938606 - pos <5602.707520, 29.348280, 5349.037109> - islocked:true - password:20090909) initialized
12-0-53 | Robinson R22 Helicopter (ownerId:71319946 - pos <5672.808594, 33.907436, 5245.416016> - islocked:true - password:19944991) initialized
12-0-53 | Sarka 120 (ownerId:194642746 - pos <5445.569824, 5.336652, 4629.518066> - islocked:true - password:15474555) initialized
12-0-53 | Robinson R22 Helicopter - Black (ownerId:984346468 - pos <4728.883301, 12.292158, 4692.961426> - islocked:true - password:83898389) initialized
16-53-13 | M3S Covered (ownerId:965259563 - pos <5885.084473, 6.375043, 14430.178711> - islocked:true - password:2061963) new car claimed
