Creation Time: 2023_7_20-18-0-52
18-0-52 | MH-6M Little Bird - Camo (ownerId:132652049 - pos <5677.182617, 30.092627, 5390.803223> - islocked:true - password:9021997) initialized
18-0-52 | Velociraptor6x6 Camo (ownerId:407766611 - pos <5619.665527, 29.525604, 5383.613770> - islocked:true - password:55555552) initialized
18-0-52 | LUAZ 969 rust (ownerId:127107249 - pos <5615.926270, 29.288033, 5349.587891> - islocked:true - password:12186270) initialized
18-0-52 | UAZ 3909 Beige (ownerId:795695470 - pos <5623.584961, 29.497904, 5350.580566> - islocked:true - password:8031991) initialized
18-0-52 | Toyota Land Cruiser 200 Camo2  (ownerId:93344906 - pos <5637.172852, 29.232935, 5345.640137> - islocked:false - password:48151623) initialized
18-0-52 | Gunter 2 (ownerId:48698262 - pos <5639.052246, 28.903204, 5333.077637> - islocked:true - password:48151623) initialized
18-0-52 | Velociraptor6x6 Camo2  (ownerId:407766611 - pos <5623.312012, 29.525606, 5388.116211> - islocked:true - password:55555552) initialized
18-0-52 | Ada 4x4 (ownerId:369601190 - pos <5668.547363, 29.263697, 5470.104492> - islocked:true - password:42014201) initialized
18-0-52 | Offroad Range Rover Yellow  (ownerId:103808025 - pos <3635.527588, 16.122366, 9634.207031> - islocked:true - password:55677777) initialized
18-0-52 | STR_EGER_GreenCamo_name (ownerId:197257182 - pos <5651.930664, 29.691523, 5423.589844> - islocked:true - password:48151623) initialized
18-0-52 | MOSKVICH 2140 (ownerId:882346394 - pos <6661.942383, 15.562318, 6318.885254> - islocked:true - password:42091103) initialized
18-0-52 | Jeep Wrangler green  (ownerId:523450192 - pos <5904.403320, 37.171341, 5220.999023> - islocked:true - password:22392239) initialized
18-0-52 | STR_EGER_GreenCamo_name (ownerId:523991778 - pos <5895.191895, 36.842449, 5221.812012> - islocked:false - password:22392239) initialized
18-0-52 | MH-6M Little Bird - Camo (ownerId:523450192 - pos <5891.552246, 41.853748, 5228.680176> - islocked:true - password:22392239) initialized
18-0-52 | Olga 24 (ownerId:795695470 - pos <5671.742676, 33.672276, 5278.668945> - islocked:true - password:8031991) initialized
18-0-52 | MH-6M Little Bird - Camo (ownerId:88929178 - pos <4426.255859, 12.472073, 4604.704102> - islocked:false - password:371400) initialized
18-0-52 | SCOUT Black (ownerId:442990275 - pos <3951.522461, 25.773996, 4851.550293> - islocked:true - password:37579090) initialized
18-0-52 | UAZ_2315 (ownerId:442990275 - pos <3960.855469, 25.494835, 4850.235352> - islocked:true - password:42014201) initialized
18-0-52 | UAZ HUNTER (ownerId:442990275 - pos <3922.226807, 25.604717, 4828.161621> - islocked:true - password:37579090) initialized
18-0-52 | M3S Covered (ownerId:442990275 - pos <3920.354248, 25.791256, 4839.752441> - islocked:true - password:42014201) initialized
18-0-52 | Olga 24 (ownerId:442990275 - pos <3923.048096, 25.437675, 4804.565918> - islocked:true - password:42014201) initialized
18-0-52 | Olga 24 (ownerId:442990275 - pos <3922.756104, 25.518562, 4800.962891> - islocked:true - password:42014201) initialized
18-0-52 | Olga 24 (ownerId:442990275 - pos <3922.905518, 25.518595, 4797.623535> - islocked:true - password:42014201) initialized
18-0-52 | Gunter 2 (ownerId:442990275 - pos <3922.709717, 25.603941, 4793.147949> - islocked:true - password:42014201) initialized
18-0-52 | Velociraptor6x6 Camo2  (ownerId:262549311 - pos <7192.206543, 61.650345, 5887.839355> - islocked:true - password:24680000) initialized
18-0-52 | LUAZ 969 red (ownerId:405166905 - pos <5356.917969, 35.382145, 641.903625> - islocked:true - password:11111111) initialized
18-0-52 | Sarka 120 (ownerId:119311623 - pos <3402.774414, 23.252069, 6189.946777> - islocked:true - password:7101993) initialized
18-0-52 | Gunter 2 (ownerId:218588421 - pos <3803.242676, 7.141425, 5908.344238> - islocked:true - password:3081984) initialized
18-0-52 |  Novator Flecktarn (ownerId:48698262 - pos <2795.423096, 69.814301, 4663.095215> - islocked:true - password:48151623) initialized
18-0-52 | Oshkosh (ownerId:197257182 - pos <2799.744385, 69.918602, 4662.983887> - islocked:true - password:48151623) initialized
18-0-52 | UAZ 3909 Police (ownerId:60592768 - pos <3231.810791, 3.497947, 1732.096436> - islocked:true - password:13121312) initialized
18-0-52 | Offroad Range Rover police  (ownerId:60592768 - pos <3239.770752, 3.228037, 1719.024292> - islocked:true - password:13121312) initialized
18-0-52 | STR_Camaro_Nest_name (ownerId:60592768 - pos <3246.134277, 3.116042, 1750.851807> - islocked:true - password:13121312) initialized
18-0-52 | Nissan warrior Camo (ownerId:526094573 - pos <3590.609619, 10.891328, 3409.456055> - islocked:true - password:77899511) initialized
18-0-52 | MH-6M Little Bird (ownerId:442990275 - pos <4703.728027, 6.375315, 2474.420166> - islocked:true - password:37579090) initialized
18-0-52 | BMW X5 Flecktarn (ownerId:53415379 - pos <4264.653809, 20.914972, 7260.538574> - islocked:true - password:7101993) initialized
18-0-52 | Oshkosh grey (ownerId:64819467 - pos <4275.676270, 21.358603, 7271.527832> - islocked:true - password:7101993) initialized
18-0-52 | Toyota Land Cruiser 200 Camo (ownerId:119311623 - pos <4269.525391, 21.010040, 7264.751953> - islocked:true - password:7101993) initialized
18-0-52 | UAZ_2315 Red (ownerId:369601190 - pos <4316.871582, 29.908472, 7633.892090> - islocked:true - password:45645645) initialized
19-7-25 | Mercedes-Benz W140 Blue (ownerId:88929178 - pos <5595.509766, 74.019554, 3829.583740> - islocked:true - password:371400) new car claimed
19-19-40 | Mercedes-Benz W140 Blue (ownerId:88929178 - pos <5595.509766, 74.019554, 3829.583740> - islocked:false - password:371400) has been deleted
19-22-6 | Mercedes-Benz W140 Blue (ownerId:88929178 - pos <4423.507324, 6.477998, 4607.682617> - islocked:true - password:371400) new car claimed
19-22-6 | Mercedes-Benz W140 Blue (ownerId:88929178 - pos <4423.507324, 6.470799, 4607.682617> - islocked:true - password:371400) initialized
19-30-36 | MH-6M Little Bird - Camo (ownerId:197257182 - pos <2798.450928, 69.131813, 4652.182129> - islocked:true - password:48151623) new car claimed
19-31-31 | MH-6M Little Bird - Camo (ownerId:523450192 - pos <8349.796875, 142.745453, 10889.436523> - islocked:true - password:22392239) has been deleted
20-23-40 | MH-6M Little Bird - Camo (ownerId:523450192 - pos <5891.210449, 40.849129, 5228.956543> - islocked:true - password:22392239) new car claimed
20-23-40 | MH-6M Little Bird - Camo (ownerId:523450192 - pos <5891.210449, 40.849140, 5228.956543> - islocked:true - password:22392239) initialized
22-28-32 | Olga 24 (ownerId:442990275 - pos <1991.573853, 9.919118, 9032.376953> - islocked:true - password:42014201) new car claimed
22-28-32 | Olga 24 (ownerId:442990275 - pos <1991.573853, 9.919118, 9032.376953> - islocked:true - password:42014201) initialized
22-31-30 | Olga 24 (ownerId:442990275 - pos <1991.904663, 9.646874, 9032.680664> - islocked:true - password:42014201) has been deleted
23-49-52 | MH-6M Little Bird (ownerId:442990275 - pos <5134.563477, 3.281850, 5427.736328> - islocked:false - password:37579090) has been deleted
