Creation Time: 2023_6_1-18-0-48
18-0-48 | SCOUT Black (ownerId:442990275 - pos <2535.855469, 3.956213, 7969.169922> - islocked:false - password:42014201) initialized
18-0-48 | YAR_87 Camo2  (ownerId:34611550 - pos <4249.259766, 21.640240, 7293.820801> - islocked:true - password:19892004) initialized
18-0-48 | Olga 24 (ownerId:442990275 - pos <1974.356079, 10.094166, 8857.602539> - islocked:true - password:42014201) initialized
18-0-48 | Ford Raptor Blue (ownerId:34611550 - pos <5669.563477, 29.377476, 5483.095703> - islocked:true - password:19892004) initialized
18-0-48 | Jeep Wrangler Blue (ownerId:34611550 - pos <5665.692383, 28.628334, 5477.516113> - islocked:true - password:19892004) initialized
18-0-48 | Olga 24 (ownerId:501895347 - pos <5662.785645, 28.354744, 5468.724121> - islocked:false - password:42775920) initialized
18-0-48 | Audi RS6 (ownerId:85319837 - pos <5681.893066, 33.506664, 5242.674805> - islocked:true - password:1111110) initialized
18-0-48 | Ada 4x4 (ownerId:839735782 - pos <5856.946289, 44.949051, 4892.952637> - islocked:true - password:1051997) initialized
18-0-48 | MOSKVICH 2140 (ownerId:54276291 - pos <5440.351563, 6.848965, 4639.801270> - islocked:true - password:12348262) initialized
18-0-48 | MOSKVICH 2140 (ownerId:137318436 - pos <4304.500488, 3.855580, 4680.526367> - islocked:true - password:20090909) initialized
18-0-48 | Olga 24 (ownerId:369601190 - pos <1594.246826, 9.963737, 9051.949219> - islocked:true - password:4031965) initialized
18-0-48 | MOSKVICH 2140 (ownerId:288122462 - pos <6883.863281, 34.121433, 5878.004883> - islocked:true - password:12321123) initialized
18-0-48 | MH-6M Little Bird - Desert (ownerId:132652049 - pos <10045.665039, 8.208423, 1098.988281> - islocked:false - password:13579246) initialized
18-0-48 | Robinson R22 Helicopter (ownerId:249230507 - pos <15721.934570, 39.977100, 4669.243164> - islocked:true - password:33333333) initialized
18-0-48 | Olga 24 (ownerId:442990275 - pos <11667.243164, 6.122755, 2074.084961> - islocked:true - password:42014201) initialized
18-0-48 | ToyotaHilux White (ownerId:60592768 - pos <9561.331055, 4.365260, 5943.979980> - islocked:true - password:19651965) initialized
18-0-48 | LUAZ 969 black (ownerId:36527682 - pos <7718.376953, 36.262547, 6068.660645> - islocked:true - password:93991005) initialized
18-0-48 | ToyotaHilux Camo (ownerId:369601190 - pos <5146.830566, 5.654462, 9111.598633> - islocked:true - password:80081355) initialized
18-0-48 | Olga 24 (ownerId:442990275 - pos <4432.083984, 5.423730, 2870.046387> - islocked:false - password:42014201) initialized
18-0-48 | UAZ_2315 Red (ownerId:405166905 - pos <3412.404053, 19.420708, 4543.579102> - islocked:true - password:1111991) initialized
18-0-48 | Jeep Wrangler (ownerId:944065078 - pos <3525.320557, 23.131788, 4576.464355> - islocked:false - password:97319731) initialized
18-0-48 | LUAZ 969 black (ownerId:88929178 - pos <4143.031250, 4.151605, 4199.631348> - islocked:true - password:371400) initialized
18-0-48 | Sarka 120 (ownerId:144736642 - pos <7340.157227, 7.426132, 8406.083984> - islocked:true - password:41941941) initialized
19-59-33 | Ford Raptor Blue (ownerId:34611550 - pos <4244.487793, 20.548521, 7285.561035> - islocked:false - password:19892004) has been deleted
20-33-51 | Olga 24 (ownerId:442990275 - pos <5659.877930, 28.175247, 5483.022949> - islocked:true - password:42014201) new car claimed
20-33-51 | Olga 24 (ownerId:442990275 - pos <5659.877930, 28.175247, 5483.022949> - islocked:true - password:42014201) initialized
20-35-36 | Olga 24 (ownerId:442990275 - pos <5659.883789, 27.871733, 5483.046875> - islocked:true - password:-1) new car claimed
20-36-27 | Olga 24 (ownerId:86564395 - pos <5659.884277, 27.871613, 5483.046875> - islocked:true - password:59005900) new car claimed
20-45-32 | Olga 24 (ownerId:442990275 - pos <5113.420410, 9.819950, 4522.822754> - islocked:true - password:42014201) new car claimed
20-45-54 | Olga 24 (ownerId:442990275 - pos <5113.420410, 9.819950, 4522.822754> - islocked:true - password:42014201) has been deleted
23-18-5 | Jeep Wrangler black  (ownerId:308099129 - pos <5607.823242, 28.938145, 5355.503418> - islocked:true - password:9131988) new car claimed
