Creation Time: 2023_7_29-18-0-54
18-0-54 | STR_Camaro_Veter_name (ownerId:88929178 - pos <7719.936035, 6.170792, 6786.017578> - islocked:true - password:371400) initialized
18-0-54 | MH-6M Little Bird - Camo (ownerId:88929178 - pos <7720.086914, 13.613594, 6788.978516> - islocked:true - password:371400) initialized
18-0-54 | Robinson R22 Helicopter - Black (ownerId:521855408 - pos <9269.457031, 32.571384, 5313.591309> - islocked:true - password:9102021) initialized
18-0-54 | STR_SCOUT_snik2_name (ownerId:24259541 - pos <7852.693359, 3.461517, 3841.670898> - islocked:true - password:17500720) initialized
18-0-54 | Toyota Land Cruiser 200 Camo2  (ownerId:88929178 - pos <7728.020020, 6.374509, 6790.579102> - islocked:true - password:371400) initialized
18-0-54 | Mercedes-Benz W140 Blue (ownerId:88929178 - pos <7725.358887, 6.166997, 6795.729492> - islocked:true - password:371400) initialized
18-0-54 | Offroad Range Rover Yellow  (ownerId:103808025 - pos <7264.238281, 602.155823, 11730.521484> - islocked:true - password:55677777) initialized
18-0-54 | Camaro Red (ownerId:369601190 - pos <10099.835938, 22.146042, 11037.248047> - islocked:true - password:55555555) initialized
18-0-54 | UH-60 Blackhawk - Budhawk (ownerId:511479797 - pos <1730.376465, 20.607357, 8894.673828> - islocked:true - password:27181500) initialized
18-0-54 | LUAZ 969 (ownerId:75086644 - pos <2135.371582, 14.966352, 9181.180664> - islocked:true - password:10182009) initialized
18-0-54 | UH-60 Blackhawk Cargo (ownerId:119248354 - pos <2000.010010, 45.147617, 9025.759766> - islocked:false - password:11082007) initialized
18-0-54 | MH-6M Little Bird - Camo (ownerId:132652049 - pos <1992.722168, 45.808273, 9015.301758> - islocked:true - password:9021997) initialized
18-0-54 | MH-6M Little Bird (ownerId:442990275 - pos <5639.654297, 29.906206, 5359.160645> - islocked:true - password:37579090) initialized
18-0-54 | Olga 24 (ownerId:327529037 - pos <5613.633789, 29.323961, 5348.238281> - islocked:true - password:29292900) initialized
18-0-54 | Opel Astra Chrome (ownerId:127107249 - pos <5656.927246, 28.955404, 5382.028320> - islocked:true - password:12186270) initialized
18-0-54 | LUAZ 969 red (ownerId:405166905 - pos <5645.628418, 28.382370, 5434.258301> - islocked:true - password:11111111) initialized
18-0-54 | MH-6M Little Bird (ownerId:17954802 - pos <3788.039063, 19.067057, 2580.464600> - islocked:true - password:20090909) initialized
18-0-54 | Gunter 2 (ownerId:48698262 - pos <5640.926758, 28.927479, 5323.382813> - islocked:true - password:48151623) initialized
18-0-54 | UH-60 Blackhawk - blackblackhawk (ownerId:447071218 - pos <8879.175781, 16.458761, 8805.334961> - islocked:true - password:15148636) initialized
18-0-54 | STR_Camaro_Sibirs_name (ownerId:407766611 - pos <5983.155273, 13.828512, 4983.387207> - islocked:true - password:55555552) initialized
18-0-54 | Gelenvagen carbon (ownerId:407766611 - pos <5987.045410, 14.379898, 4969.809570> - islocked:true - password:80081355) initialized
18-0-54 | Velociraptor6x6 Camo (ownerId:407766611 - pos <5977.549316, 14.299564, 4972.379395> - islocked:true - password:80081355) initialized
18-0-54 | Velociraptor6x6 Camo2  (ownerId:407766611 - pos <5983.995117, 14.216503, 4965.223145> - islocked:true - password:80081355) initialized
18-0-54 | BMW X5 White  (ownerId:407766611 - pos <6061.447266, 12.869502, 4955.029297> - islocked:true - password:80081355) initialized
18-0-54 | BMW lightgreen (ownerId:407766611 - pos <6050.001953, 12.794461, 4957.398438> - islocked:true - password:80081355) initialized
18-0-54 | BMW black (ownerId:407766611 - pos <6045.813965, 12.806607, 4956.924316> - islocked:true - password:80081355) initialized
18-0-54 | Olga 24 (ownerId:407766611 - pos <6037.345703, 13.055588, 4954.377930> - islocked:true - password:80081355) initialized
18-0-54 | Chevrolet Corvette (ownerId:407766611 - pos <6000.451172, 13.610806, 4982.084473> - islocked:true - password:55252252) initialized
18-0-54 | MUSTANG white (ownerId:407766611 - pos <5999.725098, 14.013289, 4970.766113> - islocked:true - password:55252252) initialized
18-0-54 | Bell 429 Helicopter - Police (ownerId:407766611 - pos <5666.900391, 34.338631, 5238.553223> - islocked:true - password:78978978) initialized
18-0-54 | Ada 4x4 (ownerId:369601190 - pos <5474.475098, 15.605444, 4931.196289> - islocked:true - password:42014201) initialized
18-0-54 | UAZ 3909 Beige (ownerId:795695470 - pos <5468.091309, 15.597905, 4924.886719> - islocked:true - password:8031991) initialized
18-0-54 | Bell 429 Helicopter - Medic (ownerId:407766611 - pos <5655.326660, 34.346573, 5248.045410> - islocked:true - password:78978978) initialized
18-0-54 | STR_Camaro_Nest_name (ownerId:60592768 - pos <3246.726807, 3.116042, 1751.048462> - islocked:true - password:13121312) initialized
18-0-54 | Offroad Range Rover police  (ownerId:60592768 - pos <3237.812988, 3.228037, 1733.255127> - islocked:true - password:13121312) initialized
18-0-54 | UAZ 3909 Police (ownerId:60592768 - pos <3231.801514, 3.497941, 1732.128418> - islocked:true - password:13121312) initialized
18-0-54 | STR_EGER_GreenCamo_name (ownerId:523991778 - pos <6473.370117, 26.209621, 8384.213867> - islocked:true - password:22392239) initialized
18-0-54 | Jeep Wrangler Camo (ownerId:526094573 - pos <5657.599609, 33.231659, 5280.386230> - islocked:true - password:11025255) initialized
18-0-54 | Velociraptor6x6 Camo2  (ownerId:262549311 - pos <4549.414551, 22.735605, 8265.539063> - islocked:true - password:24680000) initialized
18-0-54 | Oshkosh (ownerId:197257182 - pos <3969.651123, 25.848602, 4840.183594> - islocked:true - password:48151623) initialized
18-0-54 | STR_EGER_GreenCamo_name (ownerId:197257182 - pos <3979.530762, 25.917406, 4834.993652> - islocked:true - password:48151623) initialized
18-0-54 |  Novator Flecktarn (ownerId:93344906 - pos <3982.683594, 25.738468, 4839.145508> - islocked:true - password:29292900) initialized
18-0-54 | Gaz 71 Black (ownerId:119248354 - pos <3962.041992, 25.741253, 4838.345215> - islocked:true - password:11082007) initialized
18-0-54 | MH-6M Little Bird - Camo (ownerId:197257182 - pos <3947.068848, 36.709949, 4814.137695> - islocked:true - password:48151623) initialized
18-0-54 | BMW X5 Red (ownerId:59769977 - pos <14090.002930, 6.440719, 5462.044434> - islocked:true - password:19891604) initialized
18-0-54 | MOSKVICH 2140 (ownerId:882346394 - pos <6662.094727, 15.562325, 6318.888184> - islocked:true - password:42091103) initialized
18-0-54 | Nissan warrior Camo (ownerId:119311623 - pos <4250.093262, 21.283245, 7297.643555> - islocked:true - password:7101993) initialized
18-0-54 | Toyota Land Cruiser 200 Camo (ownerId:119311623 - pos <4246.872070, 21.187664, 7294.258301> - islocked:true - password:7101993) initialized
18-0-54 | Oshkosh grey (ownerId:64819467 - pos <4245.043945, 21.536226, 7274.149902> - islocked:true - password:7101993) initialized
18-0-54 | Gunter 2 (ownerId:218588421 - pos <3805.926025, 6.893414, 5906.651855> - islocked:true - password:3081984) initialized
18-0-54 | UAZ469 (ownerId:40055959 - pos <8935.064453, 6.384639, 10443.116211> - islocked:false - password:19711971) initialized
18-0-54 | Olga 24 (ownerId:40055959 - pos <8923.626953, 5.862694, 10450.845703> - islocked:false - password:19711971) initialized
18-0-54 | Olga 24 (ownerId:40055959 - pos <8929.097656, 5.862726, 10450.913086> - islocked:true - password:19711971) initialized
18-0-54 | BMW X5 Black (ownerId:215888376 - pos <5419.397461, 15.567761, 8304.114258> - islocked:false - password:7101993) initialized
19-20-22 | Oshkosh (ownerId:197257182 - pos <3969.514893, 24.933729, 4840.166992> - islocked:false - password:48151623) has been deleted
19-43-36 | Velociraptor6x6 Camo2  (ownerId:262549311 - pos <5551.072266, 15.442596, 8245.927734> - islocked:false - password:24680000) has been deleted
19-43-48 | Velociraptor6x6 Camo2  (ownerId:262549311 - pos <5552.689941, 13.607214, 8254.885742> - islocked:true - password:24680000) new car claimed
19-43-48 | Velociraptor6x6 Camo2  (ownerId:262549311 - pos <5552.689941, 13.607214, 8254.885742> - islocked:true - password:24680000) initialized
19-46-30 | STR_EGER_GreenCamo_name (ownerId:197257182 - pos <3979.643066, 24.943136, 4834.960938> - islocked:false - password:48151623) has been deleted
19-47-6 |  Novator Flecktarn (ownerId:93344906 - pos <3982.827637, 24.995573, 4839.118652> - islocked:false - password:29292900) has been deleted
19-51-59 | HAMMER_H1 (ownerId:965259563 - pos <4828.959961, 18.889664, 4431.552246> - islocked:true - password:54146888) new car claimed
19-51-59 | HAMMER_H1 (ownerId:965259563 - pos <4828.959961, 18.889664, 4431.552246> - islocked:true - password:54146888) initialized
19-57-35 | ToyotaHilux Camo (ownerId:407766611 - pos <8291.271484, 159.820480, 12254.309570> - islocked:true - password:55555552) new car claimed
19-57-56 | ToyotaHilux Camo (ownerId:407766611 - pos <8291.271484, 159.820480, 12254.309570> - islocked:true - password:55555552) has been deleted
20-0-11 | ToyotaHilux Camo (ownerId:407766611 - pos <9691.725586, 29.863262, 11499.581055> - islocked:true - password:55555552) new car claimed
20-0-11 | ToyotaHilux Camo (ownerId:407766611 - pos <9691.725586, 29.863262, 11499.581055> - islocked:true - password:55555552) initialized
20-15-16 | MH-6M Little Bird (ownerId:17954802 - pos <6930.844727, 33.966068, 5863.368164> - islocked:false - password:20090909) has been deleted
20-15-26 | MH-6M Little Bird (ownerId:89279995 - pos <6940.700195, 33.099262, 5860.737305> - islocked:true - password:20090909) new car claimed
20-15-26 | MH-6M Little Bird (ownerId:89279995 - pos <6940.700195, 33.099262, 5860.737305> - islocked:true - password:20090909) initialized
20-53-22 | M3S Covered (ownerId:965259563 - pos <3772.072266, 2.340363, 2474.484863> - islocked:true - password:54146888) new car claimed
20-53-22 | M3S Covered (ownerId:965259563 - pos <3772.072266, 2.333800, 2474.484863> - islocked:true - password:54146888) initialized
22-1-34 | Bell 429 Helicopter - Medic (ownerId:407766611 - pos <5655.352051, 33.319504, 5248.097656> - islocked:false - password:78978978) has been deleted
22-2-38 | Bell 429 Helicopter - Police (ownerId:407766611 - pos <5666.924805, 33.311970, 5238.615234> - islocked:false - password:78978978) has been deleted
22-3-42 | AH-64 Apache Longbow (ownerId:197257182 - pos <5675.883789, 32.873959, 5251.223633> - islocked:true - password:14881366) new car claimed
22-5-24 | Boeing CH-47 Chinook Helicopter (ownerId:197257182 - pos <5658.973145, 33.320713, 5242.099121> - islocked:true - password:14881366) new car claimed
22-6-9 | Boeing CH-47 Chinook Helicopter (ownerId:197257182 - pos <5658.973145, 33.320713, 5242.099121> - islocked:false - password:14881366) has been deleted
22-6-37 | AH-64 Apache Longbow (ownerId:197257182 - pos <5675.883789, 32.873959, 5251.223633> - islocked:true - password:14881366) has been deleted
22-45-15 | MH-6M Little Bird (ownerId:442990275 - pos <6374.279297, 75.222450, 5661.199707> - islocked:false - password:37579090) has been deleted
22-45-28 | MH-6M Little Bird (ownerId:442990275 - pos <6370.935059, 82.395042, 5679.530762> - islocked:true - password:37579090) new car claimed
22-45-28 | MH-6M Little Bird (ownerId:442990275 - pos <6370.935059, 82.395050, 5679.530762> - islocked:true - password:37579090) initialized
23-32-5 | UAZ_2315 (ownerId:89279995 - pos <3754.927734, 2.345210, 2474.922363> - islocked:true - password:20090909) new car claimed
23-32-5 | UAZ_2315 (ownerId:89279995 - pos <3754.927734, 2.345210, 2474.922363> - islocked:true - password:20090909) initialized
23-33-3 | UH-60 Blackhawk - blackblackhawk (ownerId:119311623 - pos <5661.336914, 33.363037, 5244.690918> - islocked:true - password:7101993) new car claimed
23-47-54 | MH-6M Little Bird (ownerId:442990275 - pos <1983.017700, 44.441490, 9020.974609> - islocked:false - password:37579090) has been deleted
23-51-40 | AH-64 Apache Longbow (ownerId:442990275 - pos <1987.022827, 44.682610, 9022.899414> - islocked:true - password:37579090) new car claimed
23-51-40 | AH-64 Apache Longbow (ownerId:442990275 - pos <1987.022827, 44.682610, 9022.899414> - islocked:true - password:37579090) initialized
