Creation Time: 2023_5_29-18-0-56
18-0-56 | MH-6M Little Bird - Desert (ownerId:132652049 - pos <10045.665039, 8.208422, 1098.988281> - islocked:false - password:13579246) initialized
18-0-56 | Olga 24 (ownerId:442990275 - pos <1974.349609, 10.094169, 8857.602539> - islocked:true - password:42014201) initialized
18-0-56 | Olga 24 (ownerId:442990275 - pos <4432.071289, 5.424224, 2870.047363> - islocked:false - password:42014201) initialized
18-0-56 | LUAZ 969 black (ownerId:88929178 - pos <4141.052246, 4.194544, 4206.727051> - islocked:true - password:371400) initialized
18-0-56 | ToyotaHilux Camo2 (ownerId:369601190 - pos <6714.005859, 39.551197, 2011.916260> - islocked:true - password:4031965) initialized
18-0-56 | UAZ_2315 Red (ownerId:405166905 - pos <7058.500000, 8.504988, 1514.483154> - islocked:true - password:1111991) initialized
18-0-56 | MOSKVICH 2140 (ownerId:137318436 - pos <4304.500488, 3.855563, 4680.526367> - islocked:true - password:20090909) initialized
18-0-56 | LUAZ 969 black (ownerId:36527682 - pos <5662.201172, 28.299620, 5468.329590> - islocked:true - password:93991005) initialized
18-0-56 | ToyotaHilux White (ownerId:60592768 - pos <1548.093994, 9.051205, 15668.812500> - islocked:true - password:19651965) initialized
18-0-56 | Ada 4x4 (ownerId:839735782 - pos <5859.518555, 44.756790, 4869.936523> - islocked:true - password:1051997) initialized
18-0-56 | Sarka 120 (ownerId:839735782 - pos <5677.693848, 25.546494, 4976.689941> - islocked:true - password:1051997) initialized
18-0-56 | MOSKVICH 2140 (ownerId:54276291 - pos <5439.994141, 6.865644, 4639.808594> - islocked:true - password:12348262) initialized
18-0-56 | Jeep Wrangler (ownerId:944065078 - pos <4457.745605, 29.420761, 7716.349121> - islocked:true - password:97319731) initialized
18-0-56 | SCOUT Black (ownerId:442990275 - pos <5685.779297, 33.651848, 5269.531250> - islocked:true - password:42014201) initialized
18-0-56 | MOSKVICH 2140 (ownerId:288122462 - pos <6883.863281, 34.121433, 5878.005371> - islocked:true - password:12321123) initialized
18-0-56 | Sarka 120 (ownerId:144736642 - pos <5672.472656, 33.549057, 5276.863770> - islocked:true - password:41941941) initialized
18-12-13 | Olga 24 (ownerId:442990275 - pos <5598.263672, 29.009998, 5360.906738> - islocked:true - password:42014201) new car claimed
18-12-13 | Olga 24 (ownerId:442990275 - pos <5598.263672, 29.009998, 5360.906738> - islocked:true - password:42014201) initialized
18-12-20 | Olga 24 (ownerId:442990275 - pos <5604.899902, 29.037916, 5355.278809> - islocked:true - password:42014201) new car claimed
18-12-20 | Olga 24 (ownerId:442990275 - pos <5604.899902, 29.037916, 5355.278809> - islocked:true - password:42014201) initialized
18-20-39 | Olga 24 (ownerId:442990275 - pos <5681.419922, 32.803577, 5269.918457> - islocked:true - password:42014201) has been deleted
18-21-32 | Olga 24 (ownerId:442990275 - pos <5604.894531, 28.729977, 5355.283203> - islocked:false - password:42014201) has been deleted
18-47-39 | Olga 24 (ownerId:442990275 - pos <5681.970703, 32.870663, 5260.314941> - islocked:true - password:42014201) new car claimed
18-47-39 | Olga 24 (ownerId:442990275 - pos <5681.970703, 32.870663, 5260.314941> - islocked:true - password:42014201) initialized
20-24-46 | Olga 24 (ownerId:369601190 - pos <6719.487305, 39.119999, 2022.947998> - islocked:true - password:4031965) new car claimed
20-24-46 | Olga 24 (ownerId:369601190 - pos <6719.487305, 39.119999, 2022.947998> - islocked:true - password:4031965) initialized
20-25-8 | Olga 24 (ownerId:369601190 - pos <6719.495605, 38.744358, 2022.973389> - islocked:true - password:-1) new car claimed
20-25-39 | Olga 24 (ownerId:369601190 - pos <6715.049316, 38.807777, 2017.375977> - islocked:true - password:4031965) new car claimed
20-26-45 | Olga 24 (ownerId:369601190 - pos <6715.049316, 38.807777, 2017.375977> - islocked:false - password:4031965) has been deleted
20-46-42 | Audi RS6 (ownerId:85319837 - pos <6642.007324, 14.969828, 6438.033203> - islocked:true - password:1111110) new car claimed
21-49-35 | Robinson R22 Helicopter (ownerId:249230507 - pos <7933.406738, 9.215650, 9346.556641> - islocked:true - password:33333333) new car claimed
22-14-59 | Olga 24 (ownerId:369601190 - pos <5620.429199, 29.009960, 5406.201172> - islocked:true - password:4031965) new car claimed
22-14-59 | Olga 24 (ownerId:369601190 - pos <5620.429199, 29.009960, 5406.201172> - islocked:true - password:4031965) initialized
22-17-37 | Olga 24 (ownerId:369601190 - pos <5620.422363, 28.697765, 5406.196289> - islocked:false - password:4031965) has been deleted
