Creation Time: 2023_7_24-0-0-53
0-0-53 | MH-6M Little Bird (ownerId:442990275 - pos <5672.448242, 30.092621, 5390.293945> - islocked:true - password:37579090) initialized
0-0-53 | ToyotaHilux White (ownerId:511479797 - pos <7055.859863, 22.979118, 6213.689453> - islocked:true - password:27181500) initialized
0-0-53 | BMW X5 Black (ownerId:215888376 - pos <5666.954102, 28.927050, 5408.971680> - islocked:true - password:7101993) initialized
0-0-53 | Opel Astra Chrome (ownerId:127107249 - pos <5657.632324, 28.907673, 5381.835938> - islocked:true - password:12186270) initialized
0-0-53 | Chevrolet Corvette kamo (ownerId:89279995 - pos <5616.573730, 29.150475, 5349.088379> - islocked:true - password:20090909) initialized
0-0-53 | Gunter 2 (ownerId:48698262 - pos <5640.135742, 28.879253, 5330.806641> - islocked:true - password:48151623) initialized
0-0-53 | Nissan warrior Camo (ownerId:119311623 - pos <5644.696289, 29.073542, 5427.537109> - islocked:true - password:7101993) initialized
0-0-53 | MUSTANG Red (ownerId:262549311 - pos <3038.905518, 5.929395, 6859.828125> - islocked:true - password:24680000) initialized
0-0-53 |  Novator Flecktarn (ownerId:93344906 - pos <8142.002930, 5.954307, 8671.125977> - islocked:true - password:29292900) initialized
0-0-53 | Olga 24 (ownerId:327529037 - pos <8136.552734, 5.728728, 8685.837891> - islocked:true - password:29292900) initialized
0-0-53 | MH-6M Little Bird - Camo (ownerId:523450192 - pos <5890.479492, 41.853706, 5228.574707> - islocked:true - password:22392239) initialized
0-0-53 | STR_EGER_GreenCamo_name (ownerId:523991778 - pos <5898.477539, 37.082527, 5221.344238> - islocked:false - password:22392239) initialized
0-0-53 | Jeep Wrangler green  (ownerId:523450192 - pos <5904.261230, 37.164936, 5222.274414> - islocked:false - password:22392239) initialized
0-0-53 | UH-60 Blackhawk - Budhawk (ownerId:369601190 - pos <5403.992676, 15.579106, 4947.395996> - islocked:true - password:54879586) initialized
0-0-53 | UH-60 Blackhawk Cargo (ownerId:119248354 - pos <2800.671875, 70.364059, 4644.817383> - islocked:false - password:11082007) initialized
0-0-53 | STR_EGER_GreenCamo_name (ownerId:197257182 - pos <2802.368652, 69.987419, 4663.777344> - islocked:true - password:48151623) initialized
0-0-53 | Oshkosh (ownerId:197257182 - pos <2799.506104, 69.918594, 4663.191895> - islocked:true - password:48151623) initialized
0-0-53 | Gaz 71 Black (ownerId:119248354 - pos <2781.525635, 69.731880, 4655.937012> - islocked:true - password:11082007) initialized
0-0-53 | ToyotaHilux Blue (ownerId:369601190 - pos <5467.801270, 15.533957, 4917.358398> - islocked:true - password:55889789) initialized
0-0-53 | UAZ 3909 Beige (ownerId:795695470 - pos <5468.113281, 15.597900, 4925.077148> - islocked:true - password:8031991) initialized
0-0-53 | Ada 4x4 (ownerId:369601190 - pos <5474.476563, 15.607291, 4931.196289> - islocked:true - password:42014201) initialized
0-0-53 | SCOUT Black (ownerId:442990275 - pos <5474.078125, 15.577124, 4935.667480> - islocked:true - password:37579090) initialized
0-0-53 | STR_Camaro_Sibirs_name (ownerId:407766611 - pos <5480.655762, 15.164758, 4976.346680> - islocked:true - password:55555552) initialized
0-0-53 | Toyota Land Cruiser 200 Camo2  (ownerId:24259541 - pos <7851.705078, 3.360459, 3841.261230> - islocked:true - password:17500720) initialized
0-0-53 | Jeep Wrangler Camo (ownerId:526094573 - pos <3590.822998, 10.833094, 3410.253662> - islocked:true - password:11025255) initialized
0-0-53 | Mercedes-Benz W140 Blue (ownerId:88929178 - pos <7716.661621, 5.937020, 6798.234863> - islocked:true - password:371400) initialized
0-0-53 | Toyota Land Cruiser 200 Camo2  (ownerId:88929178 - pos <7723.259277, 6.128199, 6802.258789> - islocked:true - password:371400) initialized
0-0-53 | HEMTT flecktarn (ownerId:88929178 - pos <7718.919922, 6.640550, 6804.869629> - islocked:true - password:371400) initialized
0-0-53 | STR_Camaro_Veter_name (ownerId:88929178 - pos <7706.987305, 5.926042, 6779.537598> - islocked:true - password:371400) initialized
0-0-53 | Sarka 120 (ownerId:89279995 - pos <3259.501465, 30.763563, 4760.435059> - islocked:true - password:20090909) initialized
0-0-53 | Robinson R22 Helicopter - Black (ownerId:521855408 - pos <5663.715332, 33.940006, 5242.544434> - islocked:true - password:9102021) initialized
0-0-53 | Velociraptor6x6 Camo2  (ownerId:262549311 - pos <7192.538086, 61.656029, 5886.554199> - islocked:true - password:24680000) initialized
0-0-53 | MOSKVICH 2140 (ownerId:882346394 - pos <6661.187500, 15.562323, 6320.548340> - islocked:true - password:42091103) initialized
0-0-53 | Toyota Land Cruiser 200 Camo (ownerId:119311623 - pos <4246.871094, 21.187653, 7294.257324> - islocked:true - password:7101993) initialized
0-0-53 | Oshkosh grey (ownerId:64819467 - pos <4244.769043, 21.536230, 7273.869141> - islocked:true - password:7101993) initialized
0-0-53 | Gunter 2 (ownerId:218588421 - pos <3805.815918, 6.901458, 5906.676758> - islocked:true - password:3081984) initialized
0-0-53 | Olga 24 (ownerId:795695470 - pos <5671.731934, 33.583248, 5277.591797> - islocked:true - password:8031991) initialized
0-0-53 | LUAZ 969 red (ownerId:405166905 - pos <5356.917969, 35.382145, 641.903687> - islocked:true - password:11111111) initialized
0-0-53 | Offroad Range Rover Yellow  (ownerId:103808025 - pos <7264.238281, 602.155884, 11730.521484> - islocked:true - password:55677777) initialized
0-0-53 | Offroad Range Rover police  (ownerId:60592768 - pos <3240.920898, 3.228037, 1718.943604> - islocked:true - password:13121312) initialized
0-0-53 | UAZ 3909 Police (ownerId:60592768 - pos <3231.893799, 3.497940, 1731.675415> - islocked:true - password:13121312) initialized
0-0-53 | STR_Camaro_Nest_name (ownerId:60592768 - pos <3246.336182, 3.116041, 1751.297363> - islocked:true - password:13121312) initialized
0-0-53 | Velociraptor6x6 Camo2  (ownerId:407766611 - pos <9992.777344, 22.684906, 11025.113281> - islocked:true - password:55555552) initialized
0-0-53 | Velociraptor6x6 Camo (ownerId:407766611 - pos <9998.192383, 22.684902, 11023.985352> - islocked:true - password:55555552) initialized
0-0-53 | UAZ469 (ownerId:40055959 - pos <8928.013672, 6.384642, 10451.108398> - islocked:true - password:19711971) initialized
0-0-53 | Olga 24 (ownerId:40055959 - pos <8923.685547, 5.862718, 10450.621094> - islocked:true - password:19711971) initialized
0-0-53 | Olga 24 (ownerId:511479797 - pos <1742.365112, 9.988544, 8908.454102> - islocked:false - password:27181500) initialized
0-0-53 | Sarka 120 (ownerId:442990275 - pos <1991.249023, 10.260262, 9032.504883> - islocked:true - password:42014201) initialized
0-0-53 | MH-6M Little Bird - Camo (ownerId:132652049 - pos <1992.329468, 45.808273, 9015.568359> - islocked:false - password:9021997) initialized
0-0-53 | LUAZ 969 (ownerId:75086644 - pos <2053.534668, 9.776348, 9038.392578> - islocked:true - password:10182009) initialized
0-0-53 | UAZ HUNTER (ownerId:447071218 - pos <6389.683105, 15.855246, 6188.575684> - islocked:false - password:15148636) initialized
0-1-39 | UAZ_2315 (ownerId:89279995 - pos <6284.852051, 32.232124, 1916.591675> - islocked:true - password:20090909) new car claimed
0-1-39 | UAZ_2315 (ownerId:89279995 - pos <6284.852051, 32.225502, 1916.591675> - islocked:true - password:20090909) initialized
0-1-52 | HAMMER_H1 (ownerId:965259563 - pos <3036.774170, 5.189250, 6866.589844> - islocked:true - password:54146888) new car claimed
0-15-34 | MUSTANG Red (ownerId:262549311 - pos <7189.873535, 60.838329, 5895.395508> - islocked:false - password:24680000) has been deleted
0-16-28 | UH-60 Blackhawk - Budhawk (ownerId:369601190 - pos <5403.670410, 14.885500, 4947.454590> - islocked:false - password:54879586) has been deleted
0-16-42 | Velociraptor6x6 Camo2  (ownerId:262549311 - pos <7192.181152, 60.872211, 5887.304688> - islocked:false - password:24680000) has been deleted
0-21-19 | Romani4 (ownerId:407766611 - pos <5555.078125, 16.059885, 4854.507324> - islocked:true - password:80081355) new car claimed
0-24-34 | Romani4 (ownerId:407766611 - pos <5654.468750, 28.887619, 5506.932617> - islocked:false - password:80081355) has been deleted
0-26-44 | Velociraptor6x6 Camo (ownerId:407766611 - pos <9997.700195, 21.902466, 11023.306641> - islocked:false - password:55555552) has been deleted
0-38-24 | Sarka 120 (ownerId:89279995 - pos <3259.663574, 30.144934, 4760.382324> - islocked:false - password:20090909) has been deleted
0-38-41 | Sarka 120 (ownerId:89279995 - pos <3260.700928, 30.564966, 4759.006836> - islocked:true - password:20090909) new car claimed
0-38-41 | Sarka 120 (ownerId:89279995 - pos <3260.700928, 30.564966, 4759.006836> - islocked:true - password:20090909) initialized
0-52-47 | Olga 24 (ownerId:89279995 - pos <5110.650391, 9.992925, 4510.854492> - islocked:true - password:20090909) new car claimed
0-53-11 | Olga 24 (ownerId:89279995 - pos <5110.650391, 9.992925, 4510.854492> - islocked:true - password:20090909) has been deleted
0-58-12 | Sarka 120 (ownerId:89279995 - pos <5616.988281, 28.686682, 5354.352539> - islocked:false - password:20090909) has been deleted
1-49-16 | Sarka 120 (ownerId:89279995 - pos <5611.324707, 29.043505, 5352.930664> - islocked:true - password:20090909) new car claimed
1-49-16 | Sarka 120 (ownerId:89279995 - pos <5611.324707, 29.043505, 5352.930664> - islocked:true - password:20090909) initialized
1-49-48 | Sarka 120 (ownerId:89279995 - pos <5611.318359, 28.728483, 5352.929199> - islocked:true - password:20090909) has been deleted
