Creation Time: 2023_5_29-0-0-48
0-0-48 | LUAZ 969 black (ownerId:36527682 - pos <5609.091309, 29.405441, 5349.321289> - islocked:true - password:93991005) initialized
0-0-48 | SCOUT Black (ownerId:442990275 - pos <528.867615, 8.807132, 15183.348633> - islocked:true - password:42014201) initialized
0-0-48 | Sarka 120 (ownerId:144736642 - pos <5214.950195, 5.511138, 9115.500000> - islocked:true - password:41941941) initialized
0-0-48 | MOSKVICH 2140 (ownerId:54276291 - pos <5439.921387, 6.869114, 4639.809570> - islocked:true - password:12348262) initialized
0-0-48 | MOSKVICH 2140 (ownerId:288122462 - pos <6884.190918, 34.121201, 5877.878906> - islocked:true - password:12321123) initialized
0-0-48 | LUAZ 969 black (ownerId:88929178 - pos <5658.583496, 29.457338, 5525.528320> - islocked:true - password:371400) initialized
0-0-48 | Ada 4x4 (ownerId:839735782 - pos <5859.517090, 44.756844, 4869.937988> - islocked:true - password:1051997) initialized
0-0-48 | M3S Covered (ownerId:839735782 - pos <5675.893066, 33.266285, 5240.623535> - islocked:true - password:1051997) initialized
0-0-48 | M3S Covered (ownerId:839735782 - pos <5670.653809, 33.270412, 5239.800781> - islocked:true - password:1051997) initialized
0-0-48 | Sarka 120 (ownerId:839735782 - pos <5674.375488, 33.232346, 5244.104980> - islocked:true - password:1051997) initialized
0-0-48 | MOSKVICH 2140 (ownerId:137318436 - pos <4304.500488, 3.855567, 4680.526367> - islocked:true - password:20090909) initialized
0-0-48 | ToyotaHilux White (ownerId:60592768 - pos <9561.413086, 4.355123, 5944.308594> - islocked:true - password:19651965) initialized
0-0-48 | Olga 24 (ownerId:442990275 - pos <4432.069336, 5.424274, 2870.047363> - islocked:false - password:42014201) initialized
0-0-48 | Olga 24 (ownerId:442990275 - pos <1947.166016, 10.094110, 8858.649414> - islocked:true - password:42014201) initialized
0-0-48 | Olga 24 (ownerId:442990275 - pos <1943.024048, 10.094115, 8858.412109> - islocked:true - password:42014201) initialized
0-0-48 | UAZ_2315 Red (ownerId:405166905 - pos <7058.499512, 8.504959, 1514.484253> - islocked:true - password:1111991) initialized
0-0-48 | MH-6M Little Bird - Desert (ownerId:132652049 - pos <11461.277344, 6.722612, 1853.591553> - islocked:true - password:13579246) initialized
0-0-48 | ToyotaHilux Camo2 (ownerId:369601190 - pos <10921.787109, 6.111205, 10393.448242> - islocked:true - password:4031965) initialized
0-1-45 | LandCruiser Skul (ownerId:34611550 - pos <4248.615723, 20.867624, 7293.047363> - islocked:true - password:19892004) new car claimed
0-1-45 | LandCruiser Skul (ownerId:34611550 - pos <4248.615723, 20.859289, 7293.047363> - islocked:true - password:19892004) initialized
0-4-39 | LandCruiser Skul (ownerId:34611550 - pos <4248.616699, 20.495136, 7293.050781> - islocked:false - password:19892004) has been deleted
1-6-10 | Olga 24 (ownerId:442990275 - pos <6064.731445, 9.939069, 14392.716797> - islocked:true - password:42014201) new car claimed
1-14-49 | Olga 24 (ownerId:442990275 - pos <6064.732422, 9.939477, 14392.716797> - islocked:false - password:-1) new car claimed
1-26-57 | Olga 24 (ownerId:442990275 - pos <5665.110840, 4.512222, 9271.749023> - islocked:true - password:42014201) new car claimed
1-27-20 | Olga 24 (ownerId:442990275 - pos <5665.110840, 4.512222, 9271.749023> - islocked:true - password:42014201) has been deleted
1-35-18 | Jeep Wrangler (ownerId:944065078 - pos <5630.860352, 28.862059, 5414.863770> - islocked:true - password:97319731) new car claimed
3-42-50 | Olga 24 (ownerId:442990275 - pos <1946.200439, 12.974158, 8872.644531> - islocked:true - password:42014201) new car claimed
3-42-50 | Olga 24 (ownerId:442990275 - pos <1946.200439, 12.967044, 8872.644531> - islocked:true - password:42014201) initialized
3-43-15 | Olga 24 (ownerId:442990275 - pos <1946.203125, 12.584375, 8872.700195> - islocked:true - password:42014201) has been deleted
3-43-56 | Olga 24 (ownerId:442990275 - pos <1942.995972, 9.483201, 8858.652344> - islocked:false - password:42014201) has been deleted
