Creation Time: 2023_6_1-12-0-47
12-0-47 | MH-6M Little Bird - Desert (ownerId:132652049 - pos <10045.665039, 8.208422, 1098.988281> - islocked:false - password:13579246) initialized
12-0-47 | Robinson R22 Helicopter (ownerId:249230507 - pos <15721.992188, 39.970158, 4669.259277> - islocked:true - password:33333333) initialized
12-0-47 | Olga 24 (ownerId:442990275 - pos <11667.243164, 6.122740, 2074.084961> - islocked:true - password:42014201) initialized
12-0-47 | Sarka 120 (ownerId:144736642 - pos <7340.157227, 7.426159, 8406.083984> - islocked:true - password:41941941) initialized
12-0-47 | ToyotaHilux White (ownerId:60592768 - pos <9561.331055, 4.365119, 5943.982910> - islocked:true - password:19651965) initialized
12-0-47 | LUAZ 969 black (ownerId:36527682 - pos <7718.376953, 36.262550, 6068.660645> - islocked:true - password:93991005) initialized
12-0-47 | Olga 24 (ownerId:442990275 - pos <4432.082520, 5.423726, 2870.046387> - islocked:false - password:42014201) initialized
12-0-47 | UAZ_2315 Red (ownerId:405166905 - pos <3412.405518, 19.420664, 4543.578125> - islocked:true - password:1111991) initialized
12-0-47 | Jeep Wrangler (ownerId:944065078 - pos <3525.320557, 23.131796, 4576.464355> - islocked:false - password:97319731) initialized
12-0-47 | LUAZ 969 black (ownerId:88929178 - pos <4143.031250, 4.151598, 4199.631836> - islocked:true - password:371400) initialized
12-0-47 | MOSKVICH 2140 (ownerId:288122462 - pos <6883.863281, 34.121437, 5878.005371> - islocked:true - password:12321123) initialized
12-0-47 | MOSKVICH 2140 (ownerId:137318436 - pos <4304.500488, 3.855572, 4680.526367> - islocked:true - password:20090909) initialized
12-0-47 | MOSKVICH 2140 (ownerId:54276291 - pos <5440.328613, 6.849955, 4639.802246> - islocked:true - password:12348262) initialized
12-0-47 | Ada 4x4 (ownerId:839735782 - pos <5856.946289, 44.949062, 4892.952148> - islocked:true - password:1051997) initialized
12-0-47 | Audi RS6 (ownerId:85319837 - pos <5681.893066, 33.506672, 5242.674805> - islocked:true - password:1111110) initialized
12-0-47 | Sarka 120 (ownerId:839735782 - pos <5672.315430, 33.244930, 5244.090820> - islocked:true - password:1051997) initialized
12-0-47 | Olga 24 (ownerId:501895347 - pos <5662.861328, 28.361919, 5468.726563> - islocked:false - password:42775920) initialized
12-0-47 | Olga 24 (ownerId:369601190 - pos <1594.246704, 9.963733, 9051.949219> - islocked:true - password:4031965) initialized
12-0-47 | Olga 24 (ownerId:442990275 - pos <1974.354980, 10.094175, 8857.602539> - islocked:true - password:42014201) initialized
12-0-47 | SCOUT Black (ownerId:442990275 - pos <1971.875488, 10.182560, 8862.075195> - islocked:true - password:42014201) initialized
12-0-47 | MH-6M Little Bird (ownerId:34611550 - pos <4264.457520, 21.744884, 7308.838867> - islocked:true - password:19892004) initialized
12-0-47 | YAR_87 Camo2  (ownerId:34611550 - pos <4249.261230, 21.640234, 7293.819336> - islocked:false - password:19892004) initialized
12-0-47 | Jeep Wrangler Blue (ownerId:34611550 - pos <4250.749023, 21.212748, 7285.387207> - islocked:false - password:19892004) initialized
12-0-47 | ToyotaHilux Camo (ownerId:369601190 - pos <4050.683594, 35.305668, 7491.748047> - islocked:true - password:80081355) initialized
13-33-15 | MH-6M Little Bird (ownerId:34611550 - pos <4264.460938, 20.377947, 7308.812012> - islocked:true - password:19892004) has been deleted
14-19-30 | Ford Raptor Blue (ownerId:34611550 - pos <5631.412598, 28.588331, 5345.398926> - islocked:true - password:19892004) new car claimed
15-26-27 | Sarka 120 (ownerId:839735782 - pos <5672.316406, 33.244904, 5244.092285> - islocked:true - password:-1) new car claimed
