Creation Time: 2023_6_5-12-0-48
12-0-48 | Olga 24 (ownerId:369601190 - pos <1591.394775, 9.963740, 9046.735352> - islocked:false - password:80081355) initialized
12-0-48 | ToyotaHilux Camo (ownerId:442990275 - pos <1970.969238, 10.226624, 8862.418945> - islocked:true - password:42014201) initialized
12-0-48 | STR_Camaro_Lesnik_name (ownerId:442990275 - pos <1955.567383, 9.871472, 8871.880859> - islocked:false - password:42014201) initialized
12-0-48 | MH-6M Little Bird - Desert (ownerId:132652049 - pos <10045.665039, 8.208422, 1098.988281> - islocked:false - password:13579246) initialized
12-0-48 | YAR_87 Camo2  (ownerId:34611550 - pos <2479.800537, 18.704782, 13963.022461> - islocked:true - password:19892004) initialized
12-0-48 | ToyotaHilux White (ownerId:60592768 - pos <9560.009766, 4.309728, 5946.576660> - islocked:true - password:19651965) initialized
12-0-48 | M3S Covered (ownerId:249230507 - pos <8282.148438, 4.975650, 9352.204102> - islocked:true - password:33333333) initialized
12-0-48 | Robinson R22 Helicopter (ownerId:249230507 - pos <8092.914063, 13.178655, 9330.942383> - islocked:true - password:33333333) initialized
12-0-48 | Sarka 120 (ownerId:144736642 - pos <7340.154785, 7.426151, 8406.083984> - islocked:true - password:41941941) initialized
12-0-48 | Olga 24 (ownerId:86564395 - pos <5683.289063, 5.538041, 9264.157227> - islocked:true - password:59005900) initialized
12-0-48 | LUAZ 969 black (ownerId:36527682 - pos <7718.376953, 36.262543, 6068.660645> - islocked:true - password:93991005) initialized
12-0-48 | Ada 4x4 (ownerId:839735782 - pos <4959.761719, 15.152129, 8482.845703> - islocked:true - password:1051997) initialized
12-0-48 | STR_EGER_name (ownerId:980466132 - pos <3688.979736, 12.083193, 9772.874023> - islocked:true - password:22392239) initialized
12-0-48 | M3S Covered (ownerId:86564395 - pos <4550.290527, 27.460197, 7875.549805> - islocked:false - password:59005900) initialized
12-0-48 | MH-6M Little Bird (ownerId:34611550 - pos <4271.984863, 21.744884, 7303.545410> - islocked:true - password:19892004) initialized
12-0-48 | Jeep Wrangler Blue (ownerId:34611550 - pos <4246.239258, 21.212746, 7292.730957> - islocked:true - password:19892004) initialized
12-0-48 | Olga 24 (ownerId:501895347 - pos <3569.562500, 21.127207, 6543.794434> - islocked:true - password:42775920) initialized
12-0-48 | Jeep Wrangler black  (ownerId:308099129 - pos <3929.318359, 12.055122, 7918.307129> - islocked:true - password:9131988) initialized
12-0-48 | MOSKVICH 2140 (ownerId:288122462 - pos <6883.863281, 34.121437, 5878.004883> - islocked:true - password:12321123) initialized
12-0-48 | MOSKVICH 2140 (ownerId:54276291 - pos <5440.725586, 6.831081, 4639.790039> - islocked:true - password:12348262) initialized
12-0-48 | Olga 24 (ownerId:416867315 - pos <5378.852051, 74.598740, 3968.254150> - islocked:true - password:19993420) initialized
12-0-48 | MOSKVICH 2140 (ownerId:137318436 - pos <4304.500488, 3.855571, 4680.525391> - islocked:true - password:20090909) initialized
12-0-48 | LUAZ 969 black (ownerId:88929178 - pos <4146.072754, 4.054580, 4199.207031> - islocked:true - password:371400) initialized
12-0-48 | Audi RS6 (ownerId:85319837 - pos <5682.030273, 33.497200, 5242.732422> - islocked:true - password:1111110) initialized
12-0-48 | Jeep Wrangler (ownerId:944065078 - pos <5667.188477, 29.418133, 5339.477051> - islocked:false - password:97319731) initialized
12-0-48 | UAZ_2315 Red (ownerId:405166905 - pos <3412.381836, 19.420702, 4543.566895> - islocked:true - password:1111991) initialized
