Creation Time: 2023_7_26-6-0-56
6-0-56 | MH-6M Little Bird - Camo (ownerId:197257182 - pos <3945.383301, 36.709946, 4809.374023> - islocked:true - password:48151623) initialized
6-0-56 | Robinson R22 Helicopter - Black (ownerId:197257182 - pos <3941.476318, 35.978531, 4819.010742> - islocked:true - password:48151623) initialized
6-0-56 | Gaz 71 Black (ownerId:119248354 - pos <3961.903564, 25.741253, 4837.951660> - islocked:false - password:11082007) initialized
6-0-56 |  Novator Flecktarn (ownerId:93344906 - pos <3981.621582, 25.744307, 4838.096680> - islocked:false - password:29292900) initialized
6-0-56 | STR_EGER_GreenCamo_name (ownerId:197257182 - pos <3979.138672, 25.917410, 4834.976074> - islocked:true - password:48151623) initialized
6-0-56 | Olga 24 (ownerId:327529037 - pos <3982.311523, 25.518747, 4830.125977> - islocked:true - password:29292900) initialized
6-0-56 | Gunter 2 (ownerId:218588421 - pos <3806.025391, 6.884128, 5906.620605> - islocked:true - password:3081984) initialized
6-0-56 | Oshkosh (ownerId:197257182 - pos <2799.406250, 69.918594, 4663.852539> - islocked:true - password:48151623) initialized
6-0-56 | Romani4 (ownerId:407766611 - pos <3694.838135, 21.482758, 6466.421875> - islocked:true - password:80081355) initialized
6-0-56 | UAZ 3909 Beige (ownerId:795695470 - pos <5468.115723, 15.597906, 4925.076660> - islocked:true - password:8031991) initialized
6-0-56 | Ada 4x4 (ownerId:369601190 - pos <5474.475586, 15.605974, 4931.196289> - islocked:true - password:42014201) initialized
6-0-56 | STR_Camaro_Sibirs_name (ownerId:407766611 - pos <5480.655273, 15.164764, 4976.342285> - islocked:true - password:55555552) initialized
6-0-56 | UAZ_2315 (ownerId:89279995 - pos <5602.513672, 29.352394, 5349.403809> - islocked:true - password:20090909) initialized
6-0-56 | Robinson R22 Helicopter - Black (ownerId:521855408 - pos <5649.187012, 34.011795, 5246.353516> - islocked:true - password:9102021) initialized
6-0-56 | PONTIAC (rust) (ownerId:6938606 - pos <5623.875977, 29.435299, 5350.713379> - islocked:true - password:20090909) initialized
6-0-56 | MH-6M Little Bird (ownerId:89279995 - pos <5662.363281, 34.593193, 5241.779785> - islocked:true - password:20090909) initialized
6-0-56 | MH-6M Little Bird (ownerId:442990275 - pos <5666.684570, 34.579510, 5227.386719> - islocked:true - password:37579090) initialized
6-0-56 | Gunter 2 (ownerId:48698262 - pos <5640.135742, 28.878756, 5330.786133> - islocked:false - password:48151623) initialized
6-0-56 | Jeep Wrangler Camo (ownerId:526094573 - pos <5695.989746, 31.555590, 5231.927246> - islocked:true - password:11025255) initialized
6-0-56 | Opel Astra Chrome (ownerId:127107249 - pos <5656.834473, 28.954464, 5381.952148> - islocked:true - password:12186270) initialized
6-0-56 | ToyotaHilux White (ownerId:511479797 - pos <5637.926758, 27.892527, 5445.572266> - islocked:true - password:27181500) initialized
6-0-56 | Velociraptor6x6 Camo2  (ownerId:407766611 - pos <9992.777344, 22.684904, 11025.113281> - islocked:true - password:55555552) initialized
6-0-56 | Velociraptor6x6 Camo (ownerId:407766611 - pos <9999.920898, 22.684904, 11024.579102> - islocked:true - password:55555552) initialized
6-0-56 | Offroad Range Rover Yellow  (ownerId:103808025 - pos <7264.238281, 602.155884, 11730.521484> - islocked:true - password:55677777) initialized
6-0-56 | Offroad Range Rover police  (ownerId:60592768 - pos <3240.920898, 3.228037, 1718.943604> - islocked:true - password:13121312) initialized
6-0-56 | UAZ 3909 Police (ownerId:60592768 - pos <3231.893799, 3.497945, 1731.676758> - islocked:true - password:13121312) initialized
6-0-56 | STR_Camaro_Nest_name (ownerId:60592768 - pos <3246.333496, 3.116042, 1751.297241> - islocked:true - password:13121312) initialized
6-0-56 | UAZ469 (ownerId:40055959 - pos <8935.064453, 6.384639, 10443.116211> - islocked:true - password:19711971) initialized
6-0-56 | Ada 4x4 (ownerId:40055959 - pos <8928.569336, 5.915650, 10450.500977> - islocked:true - password:19711971) initialized
6-0-56 | Olga 24 (ownerId:40055959 - pos <8923.685547, 5.862736, 10450.641602> - islocked:true - password:19711971) initialized
6-0-56 | Sarka 120 (ownerId:89279995 - pos <7738.920898, 15.235853, 9810.031250> - islocked:true - password:20090909) initialized
6-0-56 | Toyota Land Cruiser 200 Camo2  (ownerId:24259541 - pos <7857.536133, 3.288874, 3839.368408> - islocked:true - password:17500720) initialized
6-0-56 | Toyota Land Cruiser 200 Camo2  (ownerId:88929178 - pos <7728.019531, 6.374510, 6790.578125> - islocked:true - password:371400) initialized
6-0-56 | Mercedes-Benz W140 Blue (ownerId:88929178 - pos <7725.359863, 6.166997, 6795.730469> - islocked:true - password:371400) initialized
6-0-56 | MH-6M Little Bird - Camo (ownerId:88929178 - pos <7720.086914, 13.613572, 6788.978516> - islocked:true - password:371400) initialized
6-0-56 | STR_Camaro_Veter_name (ownerId:88929178 - pos <7719.932617, 6.170792, 6786.017090> - islocked:true - password:371400) initialized
6-0-56 | Toyota Land Cruiser 200 Camo (ownerId:119311623 - pos <4246.875000, 21.187656, 7294.261230> - islocked:true - password:7101993) initialized
6-0-56 | BMW X5 Black (ownerId:215888376 - pos <4249.638672, 21.092596, 7297.039551> - islocked:true - password:7101993) initialized
6-0-56 | Nissan warrior Camo (ownerId:119311623 - pos <4252.936035, 21.283245, 7298.988281> - islocked:true - password:7101993) initialized
6-0-56 | Oshkosh grey (ownerId:64819467 - pos <4245.042969, 21.536226, 7274.150391> - islocked:true - password:7101993) initialized
6-0-56 | LUAZ 969 red (ownerId:405166905 - pos <4802.159668, 18.572527, 7577.117676> - islocked:true - password:11111111) initialized
6-0-56 | Velociraptor6x6 Camo2  (ownerId:262549311 - pos <7192.796875, 61.652534, 5886.411621> - islocked:true - password:24680000) initialized
6-0-56 | MOSKVICH 2140 (ownerId:882346394 - pos <6661.078125, 15.562320, 6320.576660> - islocked:true - password:42091103) initialized
6-0-56 | STR_EGER_GreenCamo_name (ownerId:523991778 - pos <5897.906738, 37.048260, 5224.135742> - islocked:true - password:22392239) initialized
6-0-56 | MH-6M Little Bird - Camo (ownerId:523450192 - pos <5890.479492, 41.853714, 5228.574707> - islocked:true - password:22392239) initialized
6-0-56 | Gelenvagen white_camo2 (ownerId:523450192 - pos <5893.694824, 36.753807, 5222.083008> - islocked:true - password:22392239) initialized
6-0-56 | UAZ HUNTER (ownerId:447071218 - pos <1732.635376, 10.074717, 8912.143555> - islocked:false - password:15148636) initialized
6-0-56 | Olga 24 (ownerId:511479797 - pos <1742.365967, 9.988529, 8908.454102> - islocked:true - password:27181500) initialized
6-0-56 | UH-60 Blackhawk - Budhawk (ownerId:511479797 - pos <1780.583862, 10.200745, 8929.367188> - islocked:true - password:27181500) initialized
6-0-56 | MH-6M Little Bird - Camo (ownerId:132652049 - pos <1992.332153, 45.808281, 9015.568359> - islocked:true - password:9021997) initialized
6-0-56 | UH-60 Blackhawk Cargo (ownerId:119248354 - pos <2000.019653, 45.147621, 9025.759766> - islocked:false - password:11082007) initialized
6-0-56 | Sarka 120 (ownerId:442990275 - pos <1991.244751, 10.260264, 9032.504883> - islocked:true - password:42014201) initialized
6-0-56 | HAMMER_H1 (ownerId:965259563 - pos <1962.524902, 9.924916, 9065.128906> - islocked:true - password:54146888) initialized
6-0-56 | LUAZ 969 (ownerId:75086644 - pos <2135.371338, 14.966348, 9181.180664> - islocked:true - password:10182009) initialized
7-50-50 | UAZ HUNTER (ownerId:447071218 - pos <1732.554321, 9.320405, 8912.111328> - islocked:false - password:-1) new car claimed
7-51-57 | MH-6M Little Bird - Camo (ownerId:447071218 - pos <1733.159302, 19.854383, 8900.114258> - islocked:true - password:15148636) new car claimed
9-6-22 | UAZ HUNTER (ownerId:447071218 - pos <5625.635742, 28.640591, 5391.074707> - islocked:true - password:15148636) new car claimed
10-43-15 | Sarka 120 (ownerId:59719645 - pos <6004.864258, 13.446248, 4948.159180> - islocked:true - password:11257611) new car claimed
10-43-15 | Sarka 120 (ownerId:59719645 - pos <6004.864258, 13.446248, 4948.159180> - islocked:true - password:11257611) initialized
