Creation Time: 2023_4_21-6-1-10
6-1-10 | UH-60 Blackhawk Cargo (ownerId:980466132 - pos <1464.507935, 11.455452, 15309.589844> - islocked:true - password:22392239) initialized
6-1-10 | M3S Covered (ownerId:67657702 - pos <10219.401367, 20.312618, 7928.420898> - islocked:false - password:19944991) initialized
6-1-10 | UH-60 Blackhawk - blackblackhawk (ownerId:195214598 - pos <8069.666992, 215.248917, 11834.370117> - islocked:true - password:89895252) initialized
6-1-10 | Bell 429 Helicopter (ownerId:195214598 - pos <8112.442871, 214.221115, 11880.533203> - islocked:true - password:52898952) initialized
6-1-10 | Robinson R22 Helicopter (ownerId:965259563 - pos <3756.512451, 19.967381, 2601.171387> - islocked:true - password:11367275) initialized
6-1-10 | M3S Covered (ownerId:965259563 - pos <3757.227783, 5.599282, 2565.208496> - islocked:true - password:11367275) initialized
6-1-10 | Gunter 2 (ownerId:965259563 - pos <3734.644775, 5.683278, 2547.140137> - islocked:true - password:11367275) initialized
6-1-10 | Olga 24 (ownerId:965259563 - pos <3749.002441, 5.467782, 2554.737305> - islocked:true - password:11367275) initialized
6-1-10 | UH-60 Blackhawk - blackblackhawk (ownerId:195214598 - pos <3224.051514, 7.616047, 1721.951904> - islocked:true - password:52528989) initialized
6-1-10 | Robinson R22 Helicopter - Red (ownerId:71319946 - pos <2665.577637, 35.751205, 3317.651611> - islocked:true - password:19944991) initialized
6-1-10 | MH-6M Little Bird - Desert (ownerId:62166080 - pos <6773.009766, 54.240791, 1834.931763> - islocked:true - password:22392239) initialized
6-1-10 | Robinson R22 Helicopter - Black (ownerId:62166080 - pos <6786.493164, 53.509369, 1834.473999> - islocked:true - password:22392239) initialized
6-1-10 | Olga 24 (ownerId:62166080 - pos <6795.436035, 39.125103, 1803.797729> - islocked:true - password:22392239) initialized
6-1-10 | M3S Covered (ownerId:62166080 - pos <6795.889648, 39.129276, 1808.995850> - islocked:false - password:22392239) initialized
6-1-10 | Ada 4x4 (ownerId:980466132 - pos <6800.919922, 39.178165, 1804.990723> - islocked:true - password:22392239) initialized
6-1-10 | Ada 4x4 (ownerId:62166080 - pos <6801.051758, 39.178261, 1800.987305> - islocked:true - password:22392239) initialized
6-1-10 | Sarka 120 (ownerId:980466132 - pos <6795.105957, 39.738491, 1800.803101> - islocked:true - password:22392239) initialized
6-1-10 | M3S Covered (ownerId:108250772 - pos <4521.240234, 10.390478, 3203.352783> - islocked:true - password:78945612) initialized
6-1-10 | Bell 429 Helicopter (ownerId:88929178 - pos <4535.771973, 17.384157, 3159.236572> - islocked:true - password:371400) initialized
6-1-10 | UH-60 Blackhawk - Woodland (ownerId:85319837 - pos <3985.974121, 16.854170, 3474.665039> - islocked:true - password:1111110) initialized
6-1-10 | Sarka 120 (ownerId:22592522 - pos <6230.294922, 5.540378, 9589.271484> - islocked:true - password:5210521) initialized
6-1-10 | M3S Covered (ownerId:8156911 - pos <6232.801758, 5.800145, 9593.156250> - islocked:false - password:15500000) initialized
6-1-10 | Olga 24 (ownerId:288122462 - pos <5668.059082, 28.910570, 5408.248047> - islocked:true - password:12011152) initialized
6-1-10 | Sarka 120 (ownerId:405166905 - pos <5628.688965, 29.306009, 5419.512207> - islocked:true - password:19910111) initialized
6-1-10 | Sarka 120 (ownerId:194642746 - pos <5657.131836, 28.686022, 5393.930664> - islocked:true - password:15474555) initialized
6-1-10 | Land Rover Defender 110 UN (ownerId:108250772 - pos <5622.215332, 29.278486, 5381.246582> - islocked:true - password:14725836) initialized
6-1-10 | Land Rover Defender 110 Red (ownerId:108250772 - pos <5627.019531, 29.278482, 5387.046387> - islocked:true - password:14725836) initialized
6-1-10 | Land Rover Defender 110 (ownerId:108250772 - pos <5625.816406, 29.278484, 5376.927734> - islocked:true - password:14725836) initialized
6-1-10 | Land Rover Defender 110 Green (ownerId:85319837 - pos <5617.498535, 29.278484, 5378.230957> - islocked:true - password:1111110) initialized
6-1-10 | Robinson R22 Helicopter (ownerId:195214598 - pos <5671.535156, 33.241146, 5256.131348> - islocked:true - password:52528989) initialized
6-1-10 | Land Rover Defender 110 (ownerId:192139039 - pos <5159.459473, 7.174146, 4603.088379> - islocked:true - password:7161994) initialized
6-1-10 | Robinson R22 Helicopter - Black (ownerId:980466132 - pos <7348.521973, 101.077187, 6033.944824> - islocked:true - password:22392239) initialized
6-1-10 | M3S Covered (ownerId:944065078 - pos <7651.871094, 20.329889, 3863.972656> - islocked:true - password:25082508) initialized
6-1-10 | Olga 24 (ownerId:944065078 - pos <7655.444336, 19.534323, 3867.470703> - islocked:true - password:97319731) initialized
6-1-10 | Sarka 120 (ownerId:944065078 - pos <7658.261719, 18.538937, 3870.254639> - islocked:true - password:25082508) initialized
6-1-10 | Robinson R22 Helicopter - Black (ownerId:34745177 - pos <9138.470703, 47.958248, 3793.870361> - islocked:false - password:67698687) initialized
6-1-10 | Sarka 120 (ownerId:940915030 - pos <9511.229492, 102.703033, 3751.684814> - islocked:true - password:11853737) initialized
6-1-10 | Robinson R22 Helicopter (ownerId:940915030 - pos <9512.575195, 102.761200, 3733.148193> - islocked:true - password:11853737) initialized
