Creation Time: 2023_7_17-6-0-51
6-0-51 | MUSTANG Red (ownerId:407766611 - pos <9997.804688, 22.648695, 11025.042969> - islocked:false - password:55555552) initialized
6-0-51 | LUAZ 969 red (ownerId:405166905 - pos <6717.173340, 20.535475, 1700.224854> - islocked:true - password:11111111) initialized
6-0-51 | Gunter 2 (ownerId:48698262 - pos <1999.864990, 9.873890, 9051.088867> - islocked:true - password:48151623) initialized
6-0-51 | SCOUT Black (ownerId:442990275 - pos <1440.193970, 3.087123, 6770.021484> - islocked:true - password:37579090) initialized
6-0-51 | Offroad Range Rover police  (ownerId:60592768 - pos <3235.147705, 3.228037, 1724.893433> - islocked:true - password:13121312) initialized
6-0-51 | STR_Camaro_Nest_name (ownerId:60592768 - pos <3245.895264, 3.116042, 1751.001221> - islocked:true - password:13121312) initialized
6-0-51 | UAZ 3909 Police (ownerId:60592768 - pos <3231.901611, 3.497940, 1731.628418> - islocked:true - password:13121312) initialized
6-0-51 | Toyota Land Cruiser 200 Camo (ownerId:119311623 - pos <4269.519043, 21.010038, 7264.750977> - islocked:true - password:7101993) initialized
6-0-51 | Oshkosh grey (ownerId:64819467 - pos <4275.675781, 21.358608, 7271.527832> - islocked:true - password:7101993) initialized
6-0-51 | BMW X5 Flecktarn (ownerId:53415379 - pos <4262.794434, 20.914972, 7258.721191> - islocked:true - password:7101993) initialized
6-0-51 | MOSKVICH 2140 (ownerId:882346394 - pos <6656.562988, 15.562313, 6329.310059> - islocked:true - password:42091103) initialized
6-0-51 | Offroad Range Rover Yellow  (ownerId:103808025 - pos <6997.140625, 41.474083, 5945.405273> - islocked:true - password:55677777) initialized
6-0-51 | Toyota Land Cruiser 200 Camo2  (ownerId:523450192 - pos <5904.394531, 37.151821, 5221.838379> - islocked:true - password:22392239) initialized
6-0-51 | Robinson R22 Helicopter - Black (ownerId:523450192 - pos <5891.251465, 41.226021, 5228.740234> - islocked:true - password:22392239) initialized
6-0-51 | STR_EGER_GreenCamo_name (ownerId:523991778 - pos <5899.110840, 37.135456, 5221.917480> - islocked:true - password:22392239) initialized
6-0-51 | Ada 4x4 (ownerId:369601190 - pos <5668.541992, 29.263338, 5470.099121> - islocked:true - password:42014201) initialized
6-0-51 | UAZ_2315 Red (ownerId:369601190 - pos <5664.576660, 28.782871, 5463.493652> - islocked:true - password:45645645) initialized
6-0-51 | MH-6M Little Bird - Camo (ownerId:132652049 - pos <5679.368652, 30.092627, 5388.674805> - islocked:true - password:9021997) initialized
6-0-51 | ToyotaHilux rust (ownerId:526094573 - pos <5671.319336, 33.671730, 5277.232422> - islocked:true - password:77899511) initialized
6-0-51 | Velociraptor6x6 Camo2  (ownerId:407766611 - pos <5626.737793, 29.525673, 5374.711914> - islocked:true - password:55555552) initialized
6-0-51 | UAZ 3909 Beige (ownerId:795695470 - pos <5623.574219, 29.498075, 5350.218262> - islocked:true - password:8031991) initialized
6-0-51 | STR_EGER_GreenCamo_name (ownerId:197257182 - pos <2774.559814, 70.024002, 4666.657715> - islocked:true - password:48151623) initialized
6-0-51 | Nissan warrior Camo (ownerId:48698262 - pos <2791.422363, 69.701775, 4663.904297> - islocked:true - password:48151623) initialized
6-0-51 |  Novator Flecktarn (ownerId:48698262 - pos <2795.266846, 69.814301, 4663.067871> - islocked:true - password:48151623) initialized
6-0-51 | Oshkosh (ownerId:197257182 - pos <2799.742920, 69.918594, 4662.979004> - islocked:true - password:48151623) initialized
6-0-51 | Sarka 120 (ownerId:119311623 - pos <3402.771729, 23.241808, 6189.960938> - islocked:true - password:7101993) initialized
6-0-51 | Gunter 2 (ownerId:218588421 - pos <3804.121338, 7.121197, 5908.880371> - islocked:true - password:3081984) initialized
6-0-51 | UH-60 Blackhawk - blackblackhawk (ownerId:88929178 - pos <4427.780762, 11.961800, 4605.452148> - islocked:true - password:371400) initialized
6-0-51 | STR_SCOUT_snik2_name (ownerId:88929178 - pos <4423.630859, 6.897033, 4606.902344> - islocked:true - password:371400) initialized
6-0-51 | Olga 24 (ownerId:526094573 - pos <3505.438965, 3.378745, 3317.119629> - islocked:true - password:77899511) initialized
