Creation Time: 2023_7_30-12-0-58
12-0-58 | Opel Astra Chrome (ownerId:127107249 - pos <5658.358398, 28.306179, 5374.205566> - islocked:true - password:12186270) initialized
12-0-58 | LUAZ 969 red (ownerId:405166905 - pos <5645.625488, 28.382107, 5434.258789> - islocked:true - password:11111111) initialized
12-0-58 | STR_SCOUT_snik2_name (ownerId:24259541 - pos <5627.049805, 29.397131, 5415.443848> - islocked:true - password:17500720) initialized
12-0-58 | BMW X5 Red (ownerId:59769977 - pos <10540.719727, 20.980572, 10806.736328> - islocked:true - password:19891604) initialized
12-0-58 | BMW X5 White  (ownerId:407766611 - pos <6061.447266, 12.869499, 4955.029297> - islocked:true - password:80081355) initialized
12-0-58 | BMW lightgreen (ownerId:407766611 - pos <6050.001953, 12.794453, 4957.398438> - islocked:true - password:80081355) initialized
12-0-58 | BMW black (ownerId:407766611 - pos <6045.813965, 12.806585, 4956.924316> - islocked:true - password:80081355) initialized
12-0-58 | Olga 24 (ownerId:407766611 - pos <6037.345703, 13.055583, 4954.377930> - islocked:true - password:80081355) initialized
12-0-58 | MUSTANG white (ownerId:407766611 - pos <5999.725098, 14.013288, 4970.766113> - islocked:true - password:55252252) initialized
12-0-58 | Chevrolet Corvette (ownerId:407766611 - pos <6000.451172, 13.610810, 4982.084473> - islocked:true - password:55252252) initialized
12-0-58 | Gelenvagen carbon (ownerId:407766611 - pos <5987.045410, 14.379896, 4969.809570> - islocked:true - password:80081355) initialized
12-0-58 | Velociraptor6x6 Camo2  (ownerId:407766611 - pos <5983.995117, 14.216506, 4965.223145> - islocked:true - password:80081355) initialized
12-0-58 | Velociraptor6x6 Camo (ownerId:407766611 - pos <5977.549316, 14.299560, 4972.379395> - islocked:true - password:80081355) initialized
12-0-58 | STR_Camaro_Sibirs_name (ownerId:407766611 - pos <5983.155273, 13.828522, 4983.386719> - islocked:true - password:55555552) initialized
12-0-58 | UAZ 3909 Beige (ownerId:795695470 - pos <5468.091309, 15.597899, 4924.887695> - islocked:true - password:8031991) initialized
12-0-58 | Ada 4x4 (ownerId:369601190 - pos <5474.475098, 15.605391, 4931.196289> - islocked:true - password:42014201) initialized
12-0-58 | Robinson R22 Helicopter - Black (ownerId:521855408 - pos <5353.459473, 10.694843, 5395.115234> - islocked:true - password:9102021) initialized
12-0-58 | MOSKVICH 2140 (ownerId:882346394 - pos <6662.094727, 15.562320, 6318.888184> - islocked:true - password:42091103) initialized
12-0-58 | MH-6M Little Bird (ownerId:442990275 - pos <5670.238770, 34.656239, 5236.857910> - islocked:true - password:37579090) initialized
12-0-58 | Gunter 2 (ownerId:48698262 - pos <5667.076660, 33.963936, 5245.088379> - islocked:true - password:48151623) initialized
12-0-58 | Olga 24 (ownerId:327529037 - pos <5656.680664, 33.720898, 5255.023926> - islocked:true - password:29292900) initialized
12-0-58 | Jeep Wrangler Camo (ownerId:526094573 - pos <5657.599609, 33.231049, 5280.386230> - islocked:true - password:11025255) initialized
12-0-58 | MH-6M Little Bird - Camo (ownerId:197257182 - pos <3947.855957, 36.709953, 4810.045898> - islocked:true - password:48151623) initialized
12-0-58 | Gaz 71 Black (ownerId:119248354 - pos <3973.919434, 25.741251, 4838.036133> - islocked:false - password:11082007) initialized
12-0-58 | Velociraptor6x6 Camo2  (ownerId:262549311 - pos <7193.150879, 61.642887, 5886.735840> - islocked:true - password:24680000) initialized
12-0-58 | UAZ 3909 Police (ownerId:60592768 - pos <3233.327881, 3.497940, 1730.804077> - islocked:true - password:13121312) initialized
12-0-58 | Offroad Range Rover police  (ownerId:60592768 - pos <3234.645508, 3.228037, 1725.417358> - islocked:true - password:13121312) initialized
12-0-58 | HAMMER_H1 (ownerId:965259563 - pos <4585.241699, 3.463049, 2661.515137> - islocked:true - password:54146888) initialized
12-0-58 | UH-60 Blackhawk - blackblackhawk (ownerId:447071218 - pos <1739.073608, 20.608953, 8906.908203> - islocked:true - password:15148636) initialized
12-0-58 | UH-60 Blackhawk - Budhawk (ownerId:511479797 - pos <1730.375854, 20.607357, 8894.673828> - islocked:true - password:27181500) initialized
12-0-58 | LUAZ 969 (ownerId:75086644 - pos <2135.371582, 14.966352, 9181.180664> - islocked:true - password:10182009) initialized
12-0-58 | UH-60 Blackhawk Cargo (ownerId:119248354 - pos <2000.765869, 45.147514, 9026.885742> - islocked:false - password:11082007) initialized
12-0-58 | AH-64 Apache Longbow (ownerId:442990275 - pos <1987.040161, 46.102463, 9025.177734> - islocked:true - password:37579090) initialized
12-0-58 | MH-6M Little Bird - Camo (ownerId:132652049 - pos <1992.871094, 45.808281, 9015.040039> - islocked:true - password:9021997) initialized
12-0-58 | STR_Camaro_Nest_name (ownerId:60592768 - pos <6081.368652, 6.340171, 14745.528320> - islocked:true - password:13121312) initialized
12-0-58 | Oshkosh grey (ownerId:64819467 - pos <4245.042969, 21.536224, 7274.150879> - islocked:true - password:7101993) initialized
12-0-58 | Toyota Land Cruiser 200 Camo (ownerId:119311623 - pos <4245.726074, 21.187654, 7293.646484> - islocked:true - password:7101993) initialized
12-0-58 | Nissan warrior Camo (ownerId:119311623 - pos <4249.225098, 21.283245, 7296.623047> - islocked:true - password:7101993) initialized
12-0-58 | BMW X5 Black (ownerId:215888376 - pos <4252.217773, 21.092598, 7298.234863> - islocked:true - password:7101993) initialized
12-0-58 | UH-60 Blackhawk - blackblackhawk (ownerId:119311623 - pos <4271.104492, 21.234697, 7298.660645> - islocked:true - password:7101993) initialized
12-0-58 | STR_EGER_GreenCamo_name (ownerId:523991778 - pos <6473.369141, 26.209623, 8384.212891> - islocked:true - password:22392239) initialized
12-0-58 | Toyota Land Cruiser 200 Camo2  (ownerId:88929178 - pos <7728.020996, 6.374517, 6790.578613> - islocked:true - password:371400) initialized
12-0-58 | Mercedes-Benz W140 Blue (ownerId:88929178 - pos <7725.357910, 6.166997, 6795.729980> - islocked:true - password:371400) initialized
12-0-58 | STR_Camaro_Veter_name (ownerId:88929178 - pos <7719.938965, 6.170793, 6786.017090> - islocked:true - password:371400) initialized
12-0-58 | MH-6M Little Bird - Camo (ownerId:88929178 - pos <7720.086914, 13.613595, 6788.978516> - islocked:true - password:371400) initialized
12-0-58 | Offroad Range Rover Yellow  (ownerId:103808025 - pos <7264.238281, 602.155884, 11730.521484> - islocked:true - password:55677777) initialized
12-0-58 | Gunter 2 (ownerId:218588421 - pos <3805.935303, 6.893347, 5906.660156> - islocked:true - password:3081984) initialized
12-0-58 | Camaro Red (ownerId:369601190 - pos <8322.606445, 5.506042, 9274.049805> - islocked:true - password:55555555) initialized
12-0-58 | Olga 24 (ownerId:40055959 - pos <8923.626953, 5.862706, 10450.851563> - islocked:true - password:19711971) initialized
12-0-58 | UAZ469 (ownerId:40055959 - pos <8935.064453, 6.384639, 10443.116211> - islocked:true - password:19711971) initialized
12-18-28 | MH-6M Little Bird - Camo (ownerId:523450192 - pos <5625.220703, 29.063850, 5360.913086> - islocked:true - password:22392239) new car claimed
12-18-28 | MH-6M Little Bird - Camo (ownerId:523450192 - pos <5625.220703, 29.055765, 5360.913086> - islocked:true - password:22392239) initialized
12-20-49 | MH-6M Little Bird - Camo (ownerId:523450192 - pos <6470.485352, 21.163372, 8309.691406> - islocked:false - password:22392239) has been deleted
12-55-40 | Opel Astra Chrome (ownerId:127107249 - pos <5658.359863, 27.777105, 5374.316895> - islocked:true - password:12186270) has been deleted
13-5-23 | Gelenvagen white_camo2 (ownerId:523450192 - pos <6374.955078, 21.178846, 8539.772461> - islocked:true - password:22392239) new car claimed
13-5-23 | Gelenvagen white_camo2 (ownerId:523450192 - pos <6374.955078, 21.178846, 8539.772461> - islocked:true - password:22392239) initialized
13-14-33 | Gelenvagen white_camo2 (ownerId:523450192 - pos <9991.028320, 14.424629, 11074.755859> - islocked:false - password:22392239) has been deleted
13-14-43 | Gelenvagen white_camo2 (ownerId:523450192 - pos <9991.151367, 14.467963, 11079.966797> - islocked:true - password:22392239) new car claimed
13-14-43 | Gelenvagen white_camo2 (ownerId:523450192 - pos <9991.151367, 14.467963, 11079.966797> - islocked:true - password:22392239) initialized
13-20-33 | Sarka 120 (ownerId:523450192 - pos <10119.326172, 21.746023, 10876.119141> - islocked:true - password:22392239) new car claimed
13-21-43 | Gelenvagen white_camo2 (ownerId:523450192 - pos <10119.091797, 21.854149, 10885.484375> - islocked:false - password:22392239) has been deleted
13-37-49 | Sarka 120 (ownerId:523450192 - pos <5600.655762, 28.686018, 5361.137695> - islocked:false - password:22392239) has been deleted
13-38-2 | MH-6M Little Bird - Camo (ownerId:523450192 - pos <5595.415039, 29.009998, 5363.291504> - islocked:true - password:22392239) new car claimed
13-38-2 | MH-6M Little Bird - Camo (ownerId:523450192 - pos <5595.415039, 29.010008, 5363.291504> - islocked:true - password:22392239) initialized
13-39-56 | ToyotaHilux Camo (ownerId:369601190 - pos <9289.611328, 8.823889, 9222.851563> - islocked:true - password:55555552) new car claimed
13-39-56 | ToyotaHilux Camo (ownerId:369601190 - pos <9289.611328, 8.823889, 9222.851563> - islocked:true - password:55555552) initialized
13-40-30 | ToyotaHilux Camo (ownerId:369601190 - pos <9289.612305, 8.560856, 9222.849609> - islocked:false - password:55555552) has been deleted
13-43-33 | MH-6M Little Bird - Camo (ownerId:523450192 - pos <10046.814453, 21.724495, 10988.869141> - islocked:true - password:22392239) has been deleted
13-44-12 | MH-6M Little Bird (ownerId:442990275 - pos <5673.033691, 33.269699, 5234.172363> - islocked:false - password:37579090) has been deleted
13-44-43 | Sikorsky CH-53e Superstallion Helicopter (ownerId:442990275 - pos <5669.330566, 33.576672, 5238.398438> - islocked:true - password:37579090) new car claimed
13-44-43 | Sikorsky CH-53e Superstallion Helicopter (ownerId:442990275 - pos <5669.330566, 33.576672, 5238.398438> - islocked:true - password:37579090) initialized
13-46-10 | ToyotaHilux Camo (ownerId:369601190 - pos <9243.680664, 9.053618, 9292.705078> - islocked:true - password:55555552) new car claimed
13-46-10 | ToyotaHilux Camo (ownerId:369601190 - pos <9243.680664, 9.053618, 9292.705078> - islocked:true - password:55555552) initialized
13-46-40 | ToyotaHilux Camo (ownerId:369601190 - pos <9243.678711, 8.814742, 9292.704102> - islocked:false - password:55555552) has been deleted
13-48-1 | ToyotaHilux Camo (ownerId:369601190 - pos <9267.069336, 5.904787, 9367.123047> - islocked:true - password:55555552) new car claimed
13-48-1 | ToyotaHilux Camo (ownerId:369601190 - pos <9267.069336, 5.904787, 9367.123047> - islocked:true - password:55555552) initialized
13-48-32 | ToyotaHilux Camo (ownerId:369601190 - pos <9267.077148, 5.537699, 9367.132813> - islocked:false - password:55555552) has been deleted
13-50-44 | MH-6M Little Bird (ownerId:442990275 - pos <5662.092773, 33.415119, 5252.262695> - islocked:true - password:37579090) new car claimed
13-50-44 | MH-6M Little Bird (ownerId:442990275 - pos <5662.092773, 33.415119, 5252.262695> - islocked:true - password:37579090) initialized
13-54-46 | BMW (ownerId:369601190 - pos <9889.491211, 22.070000, 10988.029297> - islocked:true - password:80081355) new car claimed
13-54-46 | BMW (ownerId:369601190 - pos <9889.491211, 22.070000, 10988.029297> - islocked:true - password:80081355) initialized
13-54-57 | Mercedes-Benz W140 gold (ownerId:369601190 - pos <9892.067383, 22.069939, 10981.906250> - islocked:true - password:80081355) new car claimed
13-54-57 | Mercedes-Benz W140 gold (ownerId:369601190 - pos <9892.067383, 22.069939, 10981.906250> - islocked:true - password:80081355) initialized
13-55-15 | ToyotaHilux Camo (ownerId:369601190 - pos <9898.983398, 22.070000, 10979.190430> - islocked:true - password:55555552) new car claimed
13-55-15 | ToyotaHilux Camo (ownerId:369601190 - pos <9898.983398, 22.070000, 10979.190430> - islocked:true - password:55555552) initialized
13-55-28 | Romani4 (ownerId:369601190 - pos <9893.383789, 22.070017, 10994.312500> - islocked:true - password:80081355) new car claimed
13-55-28 | Romani4 (ownerId:369601190 - pos <9893.383789, 22.062292, 10994.312500> - islocked:true - password:80081355) initialized
13-56-24 | MH-6M Little Bird (ownerId:442990275 - pos <5657.930664, 33.325031, 5244.613281> - islocked:false - password:37579090) has been deleted
14-2-15 | Chevrolet Corvette kamo (ownerId:442990275 - pos <10144.848633, 22.070005, 10902.298828> - islocked:true - password:37579090) new car claimed
14-2-15 | Chevrolet Corvette kamo (ownerId:442990275 - pos <10144.848633, 22.070005, 10902.298828> - islocked:true - password:37579090) initialized
14-8-2 | Olga 24 (ownerId:442990275 - pos <9954.779297, 22.070000, 10919.919922> - islocked:true - password:42014201) new car claimed
14-8-2 | Olga 24 (ownerId:442990275 - pos <9954.779297, 22.062996, 10919.919922> - islocked:true - password:42014201) initialized
14-8-12 | Olga 24 (ownerId:442990275 - pos <9964.136719, 22.070000, 10916.366211> - islocked:true - password:42014201) new car claimed
14-8-12 | Olga 24 (ownerId:442990275 - pos <9964.136719, 22.070000, 10916.366211> - islocked:true - password:42014201) initialized
14-8-26 | Olga 24 (ownerId:442990275 - pos <9968.679688, 22.070000, 10925.927734> - islocked:true - password:42014201) new car claimed
14-8-26 | Olga 24 (ownerId:442990275 - pos <9968.679688, 22.070000, 10925.927734> - islocked:true - password:42014201) initialized
14-8-37 | Olga 24 (ownerId:442990275 - pos <9978.197266, 22.070000, 10922.749023> - islocked:true - password:42014201) new car claimed
14-8-37 | Olga 24 (ownerId:442990275 - pos <9978.197266, 22.063732, 10922.749023> - islocked:true - password:42014201) initialized
14-8-48 | Olga 24 (ownerId:442990275 - pos <9982.835938, 22.070000, 10932.300781> - islocked:true - password:42014201) new car claimed
14-8-48 | Olga 24 (ownerId:442990275 - pos <9982.835938, 22.070000, 10932.300781> - islocked:true - password:42014201) initialized
14-20-41 | Olga 24 (ownerId:442990275 - pos <9978.189453, 21.757641, 10922.741211> - islocked:false - password:42014201) has been deleted
14-39-13 | BMW (ownerId:442990275 - pos <9937.947266, 21.966013, 10911.358398> - islocked:true - password:42014201) new car claimed
14-39-13 | BMW (ownerId:442990275 - pos <9937.947266, 21.966013, 10911.358398> - islocked:true - password:42014201) initialized
14-39-45 | BMW (ownerId:442990275 - pos <9937.954102, 21.585766, 10911.361328> - islocked:true - password:-1) new car claimed
14-40-47 | BMW (ownerId:369601190 - pos <9937.954102, 21.585794, 10911.361328> - islocked:true - password:78954545) new car claimed
14-41-1 | MUSTANG Red (ownerId:327529037 - pos <9999.131836, 21.929041, 11023.836914> - islocked:true - password:42042069) new car claimed
14-43-4 | Gelenvagen white_camo2 (ownerId:523450192 - pos <9932.370117, 21.819197, 10902.004883> - islocked:true - password:22392239) new car claimed
14-43-4 | Gelenvagen white_camo2 (ownerId:523450192 - pos <9932.370117, 21.819197, 10902.004883> - islocked:true - password:22392239) initialized
14-43-59 | MH-6M Little Bird - Camo (ownerId:523450192 - pos <9925.739258, 21.602835, 10897.319336> - islocked:true - password:22392239) new car claimed
14-43-59 | MH-6M Little Bird - Camo (ownerId:523450192 - pos <9925.739258, 21.602846, 10897.319336> - islocked:true - password:22392239) initialized
14-44-9 | Sarka 120 (ownerId:523450192 - pos <9925.652344, 21.613832, 10892.225586> - islocked:true - password:22392239) new car claimed
14-44-9 | Sarka 120 (ownerId:523450192 - pos <9925.652344, 21.613832, 10892.225586> - islocked:true - password:22392239) initialized
14-44-30 | HEMTT flecktarn (ownerId:442990275 - pos <9942.993164, 22.036243, 10911.534180> - islocked:true - password:37579090) new car claimed
14-44-30 | HEMTT flecktarn (ownerId:442990275 - pos <9942.993164, 22.036243, 10911.534180> - islocked:true - password:37579090) initialized
14-44-38 | SCOUT Black (ownerId:442990275 - pos <9938.848633, 22.004427, 10914.511719> - islocked:true - password:37579090) new car claimed
14-44-38 | SCOUT Black (ownerId:442990275 - pos <9938.848633, 22.004427, 10914.511719> - islocked:true - password:37579090) initialized
14-44-44 | MH-6M Little Bird (ownerId:442990275 - pos <9932.624023, 21.867739, 10910.526367> - islocked:true - password:37579090) new car claimed
14-44-44 | MH-6M Little Bird (ownerId:442990275 - pos <9932.624023, 21.867746, 10910.526367> - islocked:true - password:37579090) initialized
14-44-51 | Olga 24 (ownerId:442990275 - pos <9927.358398, 21.744627, 10910.583984> - islocked:true - password:42014201) new car claimed
14-44-51 | Olga 24 (ownerId:442990275 - pos <9927.358398, 21.744627, 10910.583984> - islocked:true - password:42014201) initialized
14-45-29 | Boeing CH-47 Chinook Helicopter (ownerId:442990275 - pos <9917.219727, 21.268452, 10901.108398> - islocked:true - password:37579090) new car claimed
14-45-29 | Boeing CH-47 Chinook Helicopter (ownerId:442990275 - pos <9917.219727, 21.268452, 10901.108398> - islocked:true - password:37579090) initialized
14-46-41 | UH-60 Blackhawk Cargo (ownerId:442990275 - pos <9955.019531, 22.070000, 10910.357422> - islocked:true - password:37579090) new car claimed
14-46-41 | UH-60 Blackhawk Cargo (ownerId:442990275 - pos <9955.019531, 22.070000, 10910.357422> - islocked:true - password:37579090) initialized
14-50-20 | Sarka 120 (ownerId:442990275 - pos <9938.246094, 21.971914, 10896.598633> - islocked:true - password:42014201) new car claimed
14-50-20 | Sarka 120 (ownerId:442990275 - pos <9938.246094, 21.971914, 10896.598633> - islocked:true - password:42014201) initialized
14-50-27 | Sarka 120 (ownerId:442990275 - pos <9934.875000, 21.923651, 10894.258789> - islocked:true - password:42014201) new car claimed
14-50-27 | Sarka 120 (ownerId:442990275 - pos <9934.875000, 21.923651, 10894.258789> - islocked:true - password:42014201) initialized
14-50-34 | Sarka 120 (ownerId:523450192 - pos <9925.673828, 21.293377, 10892.222656> - islocked:true - password:22392239) has been deleted
14-50-42 | Ada 4x4 (ownerId:442990275 - pos <9925.257813, 21.607040, 10890.345703> - islocked:true - password:42014201) new car claimed
14-50-42 | Ada 4x4 (ownerId:442990275 - pos <9925.257813, 21.607040, 10890.345703> - islocked:true - password:42014201) initialized
14-50-59 | M3S Covered (ownerId:442990275 - pos <9916.800781, 21.159916, 10889.164063> - islocked:true - password:42014201) new car claimed
14-50-59 | M3S Covered (ownerId:442990275 - pos <9916.800781, 21.159916, 10889.164063> - islocked:true - password:42014201) initialized
14-52-19 | Gelenvagen white_camo2 (ownerId:523450192 - pos <9932.378906, 21.599215, 10902.006836> - islocked:true - password:22392239) has been deleted
14-53-9 | MUSTANG Red (ownerId:327529037 - pos <9932.612305, 21.752682, 10920.451172> - islocked:true - password:42042069) has been deleted
15-5-58 | Gelenvagen white_camo2 (ownerId:523450192 - pos <9900.524414, 20.609951, 10905.211914> - islocked:true - password:22392239) new car claimed
15-5-58 | Gelenvagen white_camo2 (ownerId:523450192 - pos <9900.524414, 20.609951, 10905.211914> - islocked:true - password:22392239) initialized
15-8-2 | Romani4 (ownerId:369601190 - pos <9891.248047, 19.380510, 10885.586914> - islocked:true - password:80081355) has been deleted
15-9-34 | BMW (ownerId:369601190 - pos <9897.380859, 19.591810, 10883.770508> - islocked:true - password:78954545) has been deleted
15-10-5 | BMW (ownerId:369601190 - pos <9900.966797, 19.813437, 10884.097656> - islocked:true - password:80081355) has been deleted
15-10-34 | Mercedes-Benz W140 gold (ownerId:369601190 - pos <9897.914063, 19.845926, 10890.398438> - islocked:true - password:80081355) has been deleted
15-11-31 | Camaro Red (ownerId:369601190 - pos <9904.945313, 20.119152, 10884.032227> - islocked:true - password:55555555) has been deleted
15-11-59 | ToyotaHilux Camo (ownerId:369601190 - pos <9906.924805, 20.352045, 10892.379883> - islocked:true - password:55555552) has been deleted
15-14-12 | Ada 4x4 (ownerId:442990275 - pos <9931.115234, 21.568638, 10892.956055> - islocked:false - password:42014201) has been deleted
15-14-37 | Camaro Red (ownerId:369601190 - pos <9857.084961, 14.380000, 10785.786133> - islocked:true - password:55555555) new car claimed
15-14-37 | Camaro Red (ownerId:369601190 - pos <9857.084961, 14.380000, 10785.786133> - islocked:true - password:55555555) initialized
15-14-40 | Sarka 120 (ownerId:442990275 - pos <9936.406250, 21.628841, 10894.400391> - islocked:false - password:42014201) has been deleted
15-14-57 | Gelenvagen white_camo2 (ownerId:523450192 - pos <9900.542969, 20.397724, 10905.221680> - islocked:true - password:22392239) has been deleted
15-15-7 | Sarka 120 (ownerId:442990275 - pos <9940.298828, 21.683319, 10896.616211> - islocked:false - password:42014201) has been deleted
15-15-13 | Camaro Red (ownerId:369601190 - pos <9857.079102, 14.140824, 10785.777344> - islocked:true - password:55555555) has been deleted
15-16-18 | Olga 24 (ownerId:442990275 - pos <9942.799805, 21.724230, 10897.808594> - islocked:false - password:42014201) has been deleted
15-16-43 | Olga 24 (ownerId:327529037 - pos <5655.380371, 33.256039, 5250.813965> - islocked:true - password:42042069) new car claimed
15-17-9 | Olga 24 (ownerId:442990275 - pos <9945.419922, 21.757011, 10898.975586> - islocked:false - password:42014201) has been deleted
15-18-23 | SUV US (ownerId:108250772 - pos <9908.836914, 20.763086, 10908.582031> - islocked:true - password:9102021) new car claimed
15-18-28 | Olga 24 (ownerId:442990275 - pos <9947.917969, 21.757906, 10900.653320> - islocked:false - password:42014201) has been deleted
15-18-55 | Olga 24 (ownerId:442990275 - pos <9950.340820, 21.757799, 10902.549805> - islocked:false - password:42014201) has been deleted
15-20-54 | Toyota Land Cruiser 200 Camo2  (ownerId:88929178 - pos <7728.037109, 5.834344, 6790.571289> - islocked:false - password:371400) has been deleted
15-22-9 | Mercedes-Benz W140 Blue (ownerId:88929178 - pos <7725.442383, 5.814335, 6795.779297> - islocked:false - password:371400) has been deleted
15-24-28 | Olga 24 (ownerId:442990275 - pos <9946.165039, 21.744629, 10907.236328> - islocked:false - password:42014201) has been deleted
15-35-34 | M3S Covered (ownerId:442990275 - pos <9923.722656, 21.219967, 10890.951172> - islocked:true - password:42014201) has been deleted
15-36-11 | UH-60 Blackhawk Cargo (ownerId:442990275 - pos <9954.872070, 21.775505, 10910.724609> - islocked:true - password:37579090) has been deleted
15-37-21 | HEMTT flecktarn (ownerId:442990275 - pos <9956.618164, 21.875727, 10905.080078> - islocked:false - password:37579090) has been deleted
15-38-15 | Chevrolet Corvette kamo (ownerId:442990275 - pos <9933.758789, 21.504568, 10898.737305> - islocked:false - password:37579090) has been deleted
15-45-17 | Sikorsky CH-53e Superstallion Helicopter (ownerId:442990275 - pos <10122.878906, 21.692924, 10887.599609> - islocked:true - password:37579090) has been deleted
15-45-36 | MH-6M Little Bird - Camo (ownerId:523450192 - pos <6522.178223, 22.134125, 8402.826172> - islocked:false - password:22392239) has been deleted
15-47-40 | SCOUT Black (ownerId:442990275 - pos <9942.623047, 21.839434, 10925.798828> - islocked:true - password:37579090) has been deleted
15-49-41 | Boeing CH-47 Chinook Helicopter (ownerId:442990275 - pos <9893.567383, 24.772028, 10866.578125> - islocked:false - password:37579090) has been deleted
15-52-35 | MH-6M Little Bird - Camo (ownerId:523450192 - pos <6545.489258, 21.909302, 8370.252930> - islocked:true - password:22392239) new car claimed
15-52-35 | MH-6M Little Bird - Camo (ownerId:523450192 - pos <6545.489258, 21.901953, 8370.252930> - islocked:true - password:22392239) initialized
15-55-25 | MH-6M Little Bird - Camo (ownerId:523450192 - pos <5632.886719, 28.201342, 5335.815918> - islocked:false - password:22392239) has been deleted
16-3-50 | MH-6M Little Bird (ownerId:17954802 - pos <3791.622559, 18.072012, 2581.461914> - islocked:true - password:20090909) new car claimed
16-3-50 | MH-6M Little Bird (ownerId:17954802 - pos <3791.622559, 18.064407, 2581.461914> - islocked:true - password:20090909) initialized
16-11-26 | MUSTANG Red (ownerId:327529037 - pos <5660.461426, 33.528423, 5250.126953> - islocked:true - password:42042069) new car claimed
16-11-26 | MUSTANG Red (ownerId:327529037 - pos <5660.461426, 33.528423, 5250.126953> - islocked:true - password:42042069) initialized
16-11-47 | MH-6M Little Bird - Camo (ownerId:523450192 - pos <5674.171387, 32.770035, 5268.023926> - islocked:true - password:22392239) new car claimed
16-11-47 | MH-6M Little Bird - Camo (ownerId:523450192 - pos <5674.171387, 32.770046, 5268.023926> - islocked:true - password:22392239) initialized
16-14-30 | Olga 24 (ownerId:327529037 - pos <5655.412598, 33.218567, 5253.036133> - islocked:false - password:42042069) has been deleted
16-15-18 | BMW (ownerId:369601190 - pos <9888.045898, 22.070000, 11014.572266> - islocked:true - password:78954545) new car claimed
16-15-18 | BMW (ownerId:369601190 - pos <9888.045898, 22.070000, 11014.572266> - islocked:true - password:78954545) initialized
16-31-23 | Sarka 120 (ownerId:523450192 - pos <6477.447266, 25.493322, 8385.498047> - islocked:true - password:22392239) new car claimed
16-31-23 | Sarka 120 (ownerId:523450192 - pos <6477.447266, 25.493322, 8385.498047> - islocked:true - password:22392239) initialized
16-41-32 | MH-6M Little Bird - Camo (ownerId:523450192 - pos <2062.950928, 9.114497, 9044.550781> - islocked:true - password:22392239) has been deleted
16-45-58 | MH-6M Little Bird - Camo (ownerId:523450192 - pos <2067.678711, 17.792355, 9076.095703> - islocked:true - password:22392239) new car claimed
16-45-58 | MH-6M Little Bird - Camo (ownerId:523450192 - pos <2067.678711, 17.786171, 9076.095703> - islocked:true - password:22392239) initialized
16-49-5 | MH-6M Little Bird - Camo (ownerId:523450192 - pos <5611.354492, 28.634493, 5398.988770> - islocked:false - password:22392239) has been deleted
16-49-7 | STR_Camaro_Sibirs_name (ownerId:407766611 - pos <6020.542969, 12.989251, 4984.969238> - islocked:false - password:55555552) has been deleted
16-53-17 | Gelenvagen white_camo2 (ownerId:523450192 - pos <5632.258301, 29.009998, 5370.688965> - islocked:true - password:22392239) new car claimed
16-53-17 | Gelenvagen white_camo2 (ownerId:523450192 - pos <5632.258301, 29.009998, 5370.688965> - islocked:true - password:22392239) initialized
16-53-34 | Olga 24 (ownerId:407766611 - pos <6040.807129, 12.753850, 4961.522949> - islocked:true - password:42014201) new car claimed
16-53-34 | Olga 24 (ownerId:407766611 - pos <6040.807129, 12.747639, 4961.522949> - islocked:true - password:42014201) initialized
16-53-42 | Olga 24 (ownerId:407766611 - pos <6044.225098, 12.748880, 4960.988770> - islocked:true - password:42014201) new car claimed
16-53-42 | Olga 24 (ownerId:407766611 - pos <6044.225098, 12.748880, 4960.988770> - islocked:true - password:42014201) initialized
16-53-52 | Sarka 120 (ownerId:407766611 - pos <6036.917480, 12.769569, 4960.831055> - islocked:true - password:42014201) new car claimed
16-53-52 | Sarka 120 (ownerId:407766611 - pos <6036.917480, 12.769569, 4960.831055> - islocked:true - password:42014201) initialized
16-54-58 | STR_Camaro_Lesnik_name (ownerId:442990275 - pos <5991.655762, 13.393883, 4993.633301> - islocked:true - password:37579090) new car claimed
16-57-39 | Gelenvagen carbon (ownerId:407766611 - pos <5987.357422, 13.440091, 4969.648438> - islocked:true - password:-1) new car claimed
16-58-14 | Gelenvagen carbon (ownerId:88929178 - pos <5987.357422, 13.440091, 4969.648438> - islocked:true - password:371400) new car claimed
16-59-48 | Gelenvagen carbon (ownerId:88929178 - pos <6071.301270, 12.465280, 4969.125488> - islocked:false - password:371400) has been deleted
17-4-1 | STR_Camaro_Egor_name (ownerId:523450192 - pos <6016.541992, 12.983156, 4969.210449> - islocked:true - password:22392239) new car claimed
17-4-30 | Gelenvagen white_camo2 (ownerId:523450192 - pos <6007.752441, 13.178735, 4994.164551> - islocked:true - password:22392239) has been deleted
17-4-49 | Gelenvagen carbon (ownerId:88929178 - pos <7727.625000, 6.067937, 6790.170898> - islocked:true - password:371400) new car claimed
17-4-49 | Gelenvagen carbon (ownerId:88929178 - pos <7727.625000, 6.067937, 6790.170898> - islocked:true - password:371400) initialized
17-5-9 | Mercedes-Benz W140 Blue (ownerId:407766611 - pos <6048.892578, 12.735541, 4963.465332> - islocked:true - password:371400) new car claimed
17-5-9 | Mercedes-Benz W140 Blue (ownerId:407766611 - pos <6048.892578, 12.729073, 4963.465332> - islocked:true - password:371400) initialized
17-5-19 | Toyota Land Cruiser 200 Camo2  (ownerId:407766611 - pos <6058.537598, 12.693655, 4955.596191> - islocked:true - password:371400) new car claimed
17-5-19 | Toyota Land Cruiser 200 Camo2  (ownerId:407766611 - pos <6058.537598, 12.693655, 4955.596191> - islocked:true - password:371400) initialized
17-6-45 | STR_Camaro_Egor_name (ownerId:523450192 - pos <5990.823242, 10.037871, 5070.025391> - islocked:false - password:22392239) has been deleted
17-7-24 | STR_Camaro_Lesnik_name (ownerId:442990275 - pos <5658.412109, 33.263466, 5248.475098> - islocked:false - password:37579090) has been deleted
17-7-40 | STR_Camaro_Egor_name (ownerId:523450192 - pos <5896.316406, 33.065319, 5174.227539> - islocked:true - password:22392239) new car claimed
17-7-40 | STR_Camaro_Egor_name (ownerId:523450192 - pos <5896.316406, 33.058601, 5174.227539> - islocked:true - password:22392239) initialized
17-10-29 | STR_Camaro_Lesnik_name (ownerId:442990275 - pos <3963.319092, 25.323517, 4809.465332> - islocked:true - password:37579090) new car claimed
17-10-29 | STR_Camaro_Lesnik_name (ownerId:442990275 - pos <3963.319092, 25.323517, 4809.465332> - islocked:true - password:37579090) initialized
17-11-4 | STR_Camaro_Egor_name (ownerId:523450192 - pos <5613.315918, 28.698759, 5403.698730> - islocked:true - password:22392239) has been deleted
17-11-42 | MH-6M Little Bird - Camo (ownerId:523450192 - pos <5627.431152, 29.010012, 5379.044434> - islocked:true - password:22392239) new car claimed
17-11-42 | MH-6M Little Bird - Camo (ownerId:523450192 - pos <5627.431152, 29.003555, 5379.044434> - islocked:true - password:22392239) initialized
17-13-11 | STR_Camaro_Lesnik_name (ownerId:442990275 - pos <3963.317627, 25.052277, 4809.472656> - islocked:false - password:37579090) has been deleted
17-14-9 | MH-6M Little Bird - Camo (ownerId:523450192 - pos <6469.646973, 24.497164, 8368.204102> - islocked:false - password:22392239) has been deleted
17-14-29 | SUV US (ownerId:108250772 - pos <3776.304199, 5.483465, 2550.519043> - islocked:false - password:-1) new car claimed
17-14-46 | Sarka 120 (ownerId:523450192 - pos <6477.448242, 25.195690, 8385.497070> - islocked:true - password:22392239) has been deleted
17-16-43 | SUV US (ownerId:17954802 - pos <3776.304199, 5.483465, 2550.519043> - islocked:true - password:20090909) new car claimed
17-17-2 | STR_Camaro_Veter_name (ownerId:88929178 - pos <7719.891113, 5.783517, 6785.988281> - islocked:false - password:371400) has been deleted
17-19-34 | STR_EGER_GreenCamo_name (ownerId:523991778 - pos <6473.317871, 25.234880, 8384.311523> - islocked:false - password:22392239) has been deleted
17-27-47 | Sarka 120 (ownerId:369601190 - pos <10138.909180, 5.433958, 11969.991211> - islocked:true - password:54545454) new car claimed
17-28-7 | Sarka 120 (ownerId:369601190 - pos <10138.909180, 5.433958, 11969.991211> - islocked:true - password:54545454) has been deleted
17-30-11 | STR_Camaro_Egor_name (ownerId:523450192 - pos <5924.606934, 8.918595, 8406.456055> - islocked:true - password:22392239) new car claimed
17-30-11 | STR_Camaro_Egor_name (ownerId:523450192 - pos <5924.606934, 8.911364, 8406.456055> - islocked:true - password:22392239) initialized
17-31-21 | Gaz 71 Black (ownerId:119248354 - pos <3949.283936, 24.912615, 4830.995605> - islocked:false - password:11082007) has been deleted
17-34-5 | STR_Camaro_Egor_name (ownerId:523450192 - pos <6480.252930, 24.340067, 8372.613281> - islocked:false - password:22392239) has been deleted
17-34-28 | Gaz 71 Black (ownerId:93344906 - pos <3965.055664, 24.912653, 4859.668457> - islocked:true - password:29292900) new car claimed
17-55-27 | BMW (ownerId:369601190 - pos <8647.576172, 122.063652, 12543.891602> - islocked:false - password:78954545) has been deleted
17-55-53 | BMW (ownerId:407766611 - pos <9890.990234, 22.205206, 11016.853516> - islocked:true - password:78954545) new car claimed
17-55-53 | BMW (ownerId:407766611 - pos <9890.990234, 22.205206, 11016.853516> - islocked:true - password:78954545) initialized
