Creation Time: 2023_4_25-18-0-59
18-0-59 | Sarka 120 (ownerId:405166905 - pos <10489.416016, 10.005340, 4273.058105> - islocked:true - password:19910111) initialized
18-0-59 | M3S Covered (ownerId:67657702 - pos <9798.914063, 3.633991, 7868.164063> - islocked:true - password:19944991) initialized
18-0-59 | Robinson R22 Helicopter (ownerId:195214598 - pos <1114.772217, 56.352501, 10648.643555> - islocked:true - password:52528989) initialized
18-0-59 | Land Rover Defender 110 Green (ownerId:177737910 - pos <2552.130371, 57.036812, 9447.416016> - islocked:true - password:25792579) initialized
18-0-59 | Land Rover Defender 110 (ownerId:192139039 - pos <7022.927734, 7.355563, 9015.221680> - islocked:false - password:7161994) initialized
18-0-59 | Sarka 120 (ownerId:22592522 - pos <6232.373047, 5.531138, 9589.974609> - islocked:true - password:5210521) initialized
18-0-59 | M3S Covered (ownerId:8156911 - pos <6232.800781, 5.800177, 9593.156250> - islocked:false - password:15500000) initialized
18-0-59 | Robinson R22 Helicopter (ownerId:940915030 - pos <9512.575195, 102.761208, 3733.148193> - islocked:true - password:11853737) initialized
18-0-59 | Sarka 120 (ownerId:940915030 - pos <9511.229492, 102.703033, 3751.684570> - islocked:true - password:11853737) initialized
18-0-59 | Land Rover Defender 110 UN (ownerId:85319837 - pos <7572.507813, 24.168484, 3943.903564> - islocked:false - password:9151985) initialized
18-0-59 | Sarka 120 (ownerId:944065078 - pos <7728.499023, 35.775513, 6087.278809> - islocked:true - password:25082508) initialized
18-0-59 | M3S Covered (ownerId:944065078 - pos <7718.276855, 36.466980, 6089.899902> - islocked:false - password:25082508) initialized
18-0-59 | Olga 24 (ownerId:944065078 - pos <7705.338379, 36.633564, 6081.435059> - islocked:true - password:97319731) initialized
18-0-59 | Land Rover Defender 110 UN (ownerId:116364714 - pos <7707.875000, 36.516613, 6075.210449> - islocked:true - password:25082508) initialized
18-0-59 | UH-60 Blackhawk - blackblackhawk (ownerId:195214598 - pos <3224.051514, 7.616046, 1721.948853> - islocked:true - password:52528989) initialized
18-0-59 | M3S Covered (ownerId:965259563 - pos <3734.485352, 5.471831, 2555.297363> - islocked:true - password:11367275) initialized
18-0-59 | Olga 24 (ownerId:965259563 - pos <3732.497314, 5.627604, 2547.632813> - islocked:true - password:11367275) initialized
18-0-59 | Land Rover Defender 110 Red (ownerId:965259563 - pos <3756.692383, 6.175953, 2573.330078> - islocked:true - password:11367275) initialized
18-0-59 | Robinson R22 Helicopter (ownerId:965259563 - pos <3756.512451, 19.967381, 2601.171387> - islocked:true - password:11367275) initialized
18-0-59 | Land Rover Defender 110 Red (ownerId:980466132 - pos <6795.948242, 39.705761, 1802.406006> - islocked:true - password:22392239) initialized
18-0-59 | Land Rover Defender 110 Green (ownerId:62166080 - pos <6795.558594, 39.705429, 1806.658325> - islocked:true - password:22392239) initialized
18-0-59 | M3S Covered (ownerId:62166080 - pos <6795.139648, 39.137852, 1809.613159> - islocked:true - password:22392239) initialized
18-0-59 | Sarka 120 (ownerId:980466132 - pos <6801.541992, 39.738674, 1801.694946> - islocked:true - password:22392239) initialized
18-0-59 | Robinson R22 Helicopter - Black (ownerId:62166080 - pos <6773.737305, 54.635757, 1851.886475> - islocked:true - password:22392239) initialized
18-0-59 | Ada 4x4 (ownerId:62166080 - pos <6801.071289, 39.178059, 1809.611694> - islocked:true - password:22392239) initialized
18-0-59 | Robinson R22 Helicopter - Black (ownerId:980466132 - pos <7348.521973, 101.077187, 6033.944824> - islocked:true - password:22392239) initialized
18-0-59 | Land Rover Defender 110 Green (ownerId:85319837 - pos <5617.498535, 29.278484, 5378.230957> - islocked:false - password:1111110) initialized
18-0-59 | Land Rover Defender 110 (ownerId:108250772 - pos <5625.816406, 29.278484, 5376.927734> - islocked:true - password:14725836) initialized
18-0-59 | Land Rover Defender 110 Red (ownerId:108250772 - pos <5627.019531, 29.278482, 5387.046387> - islocked:true - password:14725836) initialized
18-0-59 | Land Rover Defender 110 Red (ownerId:60592768 - pos <5678.317871, 29.278484, 5386.182129> - islocked:true - password:19651965) initialized
18-0-59 | M3S Covered (ownerId:108250772 - pos <5630.347656, 29.543079, 5421.393555> - islocked:true - password:78945612) initialized
18-0-59 | Olga 24 (ownerId:288122462 - pos <5668.106934, 28.907480, 5408.230469> - islocked:true - password:12011152) initialized
18-0-59 | Ada 4x4 (ownerId:944065078 - pos <5621.929199, 28.752924, 5365.136230> - islocked:false - password:25082508) initialized
18-0-59 | Sarka 120 (ownerId:194642746 - pos <5445.449219, 5.330939, 4629.567383> - islocked:true - password:15474555) initialized
18-0-59 | Robinson R22 Helicopter (ownerId:71319946 - pos <5672.808594, 33.907436, 5245.416016> - islocked:true - password:19944991) initialized
18-0-59 | UH-60 Blackhawk - Woodland (ownerId:85319837 - pos <3985.973877, 16.854174, 3474.665283> - islocked:true - password:1111110) initialized
18-0-59 | Gunter 2 (ownerId:419387242 - pos <4506.225586, 3.308012, 3764.423584> - islocked:false - password:69694200) initialized
20-21-25 | M3S Covered (ownerId:108250772 - pos <5713.219238, 28.055838, 5219.623535> - islocked:true - password:78945612) has been deleted
22-16-12 | M3S Covered (ownerId:67657702 - pos <9799.000977, 2.755246, 7868.152832> - islocked:true - password:19944991) has been deleted
22-51-25 | Land Rover Defender 110 Red (ownerId:108250772 - pos <5627.018066, 28.729580, 5386.993164> - islocked:true - password:14725836) has been deleted
22-51-42 | Land Rover Defender 110 Green (ownerId:85319837 - pos <5617.498047, 28.729584, 5378.177734> - islocked:false - password:1111110) has been deleted
