Creation Time: 2023_4_26-18-0-50
18-0-50 | Robinson R22 Helicopter (ownerId:940915030 - pos <9512.575195, 102.761200, 3733.148193> - islocked:true - password:11853737) initialized
18-0-50 | Sarka 120 (ownerId:940915030 - pos <9511.229492, 102.703026, 3751.684570> - islocked:true - password:11853737) initialized
18-0-50 | Sarka 120 (ownerId:405166905 - pos <10489.906250, 10.002501, 4274.236816> - islocked:true - password:19910111) initialized
18-0-50 | UH-60 Blackhawk - blackblackhawk (ownerId:195214598 - pos <3224.051514, 7.616046, 1721.948486> - islocked:true - password:52528989) initialized
18-0-50 | Olga 24 (ownerId:965259563 - pos <3731.204346, 5.467786, 2554.413086> - islocked:true - password:11367275) initialized
18-0-50 | Land Rover Defender 110 Red (ownerId:965259563 - pos <3753.811768, 6.175954, 2569.325195> - islocked:true - password:11367275) initialized
18-0-50 | Robinson R22 Helicopter (ownerId:965259563 - pos <3756.512451, 19.967381, 2601.171387> - islocked:true - password:11367275) initialized
18-0-50 | Land Rover Defender 110 Red (ownerId:980466132 - pos <6795.948242, 39.705761, 1802.406006> - islocked:true - password:22392239) initialized
18-0-50 | Sarka 120 (ownerId:980466132 - pos <6801.542480, 39.738663, 1801.694946> - islocked:true - password:22392239) initialized
18-0-50 | Land Rover Defender 110 Green (ownerId:62166080 - pos <6796.582520, 39.706493, 1806.551392> - islocked:true - password:22392239) initialized
18-0-50 | Ada 4x4 (ownerId:62166080 - pos <6801.067871, 39.178059, 1809.609497> - islocked:true - password:22392239) initialized
18-0-50 | M3S Covered (ownerId:62166080 - pos <6795.136719, 39.137829, 1809.612305> - islocked:true - password:22392239) initialized
18-0-50 | Robinson R22 Helicopter (ownerId:195214598 - pos <1114.771729, 56.352501, 10648.643555> - islocked:true - password:52528989) initialized
18-0-50 | Land Rover Defender 110 Green (ownerId:177737910 - pos <2550.890137, 56.615726, 9454.166016> - islocked:true - password:25792579) initialized
18-0-50 | Land Rover Defender 110 (ownerId:192139039 - pos <3935.111816, 12.018485, 7918.748047> - islocked:true - password:7161994) initialized
18-0-50 | UH-60 Blackhawk - Woodland (ownerId:85319837 - pos <3985.973877, 16.854174, 3474.665283> - islocked:true - password:1111110) initialized
18-0-50 | Land Rover Defender 110 UN (ownerId:85319837 - pos <7571.331543, 24.168484, 3946.066895> - islocked:true - password:9151985) initialized
18-0-50 | Ada 4x4 (ownerId:944065078 - pos <7733.061035, 35.535305, 6083.734863> - islocked:false - password:25082508) initialized
18-0-50 | Sarka 120 (ownerId:944065078 - pos <7728.495117, 35.582932, 6087.273438> - islocked:true - password:25082508) initialized
18-0-50 | M3S Covered (ownerId:944065078 - pos <7718.276367, 36.466965, 6089.899902> - islocked:false - password:25082508) initialized
18-0-50 | Olga 24 (ownerId:944065078 - pos <7705.390137, 36.630039, 6081.442871> - islocked:true - password:97319731) initialized
18-0-50 | Land Rover Defender 110 UN (ownerId:116364714 - pos <7707.874023, 36.516621, 6075.209961> - islocked:true - password:25082508) initialized
18-0-50 | Robinson R22 Helicopter - Black (ownerId:62166080 - pos <7918.102539, 5.791815, 9490.148438> - islocked:true - password:22392239) initialized
18-0-50 | M3S Covered (ownerId:965259563 - pos <5630.304199, 28.678560, 5420.522461> - islocked:true - password:11367275) initialized
18-0-50 | Olga 24 (ownerId:288122462 - pos <5668.115234, 28.906939, 5408.226074> - islocked:true - password:12011152) initialized
18-0-50 | Land Rover Defender 110 Red (ownerId:60592768 - pos <5678.317871, 29.278484, 5386.182129> - islocked:true - password:19651965) initialized
18-0-50 | Land Rover Defender 110 (ownerId:108250772 - pos <5625.816406, 29.278484, 5376.927734> - islocked:true - password:14725836) initialized
18-0-50 | Gunter 2 (ownerId:419387242 - pos <5594.630371, 28.753500, 5368.228027> - islocked:true - password:69694200) initialized
18-0-50 | Sarka 120 (ownerId:194642746 - pos <5445.468262, 5.330150, 4629.559570> - islocked:true - password:15474555) initialized
18-0-50 | Gunter 2 (ownerId:984346468 - pos <6674.729492, 24.270363, 5695.316895> - islocked:true - password:83898389) initialized
18-0-50 | Robinson R22 Helicopter (ownerId:980466132 - pos <5659.287109, 34.023258, 5236.257324> - islocked:true - password:22392239) initialized
18-0-50 | Robinson R22 Helicopter (ownerId:71319946 - pos <5672.808594, 33.907433, 5245.416016> - islocked:true - password:19944991) initialized
18-0-50 | Robinson R22 Helicopter - Black (ownerId:980466132 - pos <7348.521973, 101.077187, 6033.944824> - islocked:true - password:22392239) initialized
18-0-50 | M3S Covered (ownerId:8156911 - pos <6232.800293, 5.800144, 9593.156250> - islocked:false - password:15500000) initialized
18-0-50 | Sarka 120 (ownerId:22592522 - pos <6232.373047, 5.531145, 9589.974609> - islocked:true - password:5210521) initialized
