Creation Time: 2023_6_12-18-0-53
18-0-53 | YAR_87 Camo2  (ownerId:34611550 - pos <2479.782715, 18.702709, 13963.019531> - islocked:true - password:19892004) initialized
18-0-53 | MH-6M Little Bird - Desert (ownerId:132652049 - pos <10045.665039, 8.208423, 1098.988281> - islocked:false - password:13579246) initialized
18-0-53 | ToyotaHilux Camo (ownerId:369601190 - pos <1585.868286, 10.096197, 9051.075195> - islocked:false - password:80081355) initialized
18-0-53 | STR_Camaro_Lesnik_name (ownerId:442990275 - pos <1956.189331, 9.871473, 8872.090820> - islocked:true - password:42014201) initialized
18-0-53 | MH-6M Little Bird - Camo (ownerId:369601190 - pos <9885.496094, 23.061432, 10992.030273> - islocked:true - password:80081355) initialized
18-0-53 | Olga 24 (ownerId:86564395 - pos <12785.870117, 5.458178, 9917.776367> - islocked:true - password:59005900) initialized
18-0-53 | ToyotaHilux White (ownerId:60592768 - pos <9559.650391, 4.320483, 5946.360352> - islocked:true - password:19651965) initialized
18-0-53 | LUAZ 969 black (ownerId:36527682 - pos <7718.376953, 36.262543, 6068.660645> - islocked:true - password:93991005) initialized
18-0-53 | Jeep Wrangler Blue (ownerId:34611550 - pos <4246.239258, 21.212748, 7292.730957> - islocked:true - password:19892004) initialized
18-0-53 | MH-6M Little Bird (ownerId:34611550 - pos <4271.984863, 21.744886, 7303.545410> - islocked:true - password:19892004) initialized
18-0-53 | Jeep Wrangler black  (ownerId:308099129 - pos <3929.318359, 12.055122, 7918.307129> - islocked:true - password:9131988) initialized
18-0-53 | STR_EGER_name (ownerId:980466132 - pos <3689.006348, 12.083433, 9772.873047> - islocked:true - password:22392239) initialized
18-0-53 | M3S Covered (ownerId:86564395 - pos <4550.290527, 27.460144, 7875.549805> - islocked:false - password:59005900) initialized
18-0-53 | Olga 24 (ownerId:501895347 - pos <3569.440186, 21.093716, 6543.833984> - islocked:true - password:42775920) initialized
18-0-53 | Sarka 120 (ownerId:144736642 - pos <7340.262207, 7.426128, 8406.468750> - islocked:true - password:41941941) initialized
18-0-53 | M3S Covered (ownerId:249230507 - pos <8083.496582, 12.397514, 9358.620117> - islocked:true - password:33333333) initialized
18-0-53 | Robinson R22 Helicopter (ownerId:249230507 - pos <8098.369141, 13.009299, 9340.552734> - islocked:true - password:33333333) initialized
18-0-53 | LUAZ 969 black (ownerId:88929178 - pos <4146.068848, 4.054664, 4199.203613> - islocked:true - password:371400) initialized
18-0-53 | ToyotaHilux Camo (ownerId:442990275 - pos <5645.995605, 28.502625, 5434.617676> - islocked:true - password:42014201) initialized
18-0-53 | Olga 24 (ownerId:405166905 - pos <5637.154785, 29.030678, 5339.717773> - islocked:true - password:1111991) initialized
18-0-53 | Jeep Wrangler (ownerId:944065078 - pos <5664.309082, 28.974968, 5335.381836> - islocked:false - password:97319731) initialized
18-0-53 | Ada 4x4 (ownerId:839735782 - pos <5859.894043, 44.990219, 4891.104980> - islocked:true - password:1051997) initialized
18-0-53 | UAZ_2315 Red (ownerId:405166905 - pos <4616.279297, 5.535596, 4798.643066> - islocked:true - password:1111991) initialized
18-0-53 | MOSKVICH 2140 (ownerId:54276291 - pos <5441.189941, 6.788721, 4639.566895> - islocked:true - password:12348262) initialized
18-0-53 | MOSKVICH 2140 (ownerId:288122462 - pos <6883.863281, 34.121437, 5878.004883> - islocked:true - password:12321123) initialized
18-0-53 | Audi RS6 (ownerId:85319837 - pos <5682.159180, 33.492825, 5242.700195> - islocked:true - password:1111110) initialized
18-0-53 | MOSKVICH 2140 (ownerId:137318436 - pos <4304.499512, 3.855555, 4680.524902> - islocked:true - password:20090909) initialized
18-0-53 | Olga 24 (ownerId:416867315 - pos <5378.852539, 74.598740, 3968.254150> - islocked:true - password:19993420) initialized
20-38-21 | MH-6M Little Bird - Camo (ownerId:405166905 - pos <5671.530762, 33.196663, 5245.290039> - islocked:true - password:1111991) new car claimed
