Creation Time: 2023_4_26-0-14-49
0-14-49 | M3S Covered (ownerId:965259563 - pos <4941.442383, 8.261564, 1605.987549> - islocked:false - password:11367275) initialized
0-14-49 | Sarka 120 (ownerId:194642746 - pos <5445.457520, 5.330582, 4629.564453> - islocked:true - password:15474555) initialized
0-14-49 | Robinson R22 Helicopter (ownerId:71319946 - pos <5672.808594, 33.907436, 5245.416016> - islocked:true - password:19944991) initialized
0-14-49 | Olga 24 (ownerId:288122462 - pos <5668.110352, 28.907284, 5408.229004> - islocked:true - password:12011152) initialized
0-14-49 | Land Rover Defender 110 Red (ownerId:60592768 - pos <5678.317871, 29.278486, 5386.182129> - islocked:true - password:19651965) initialized
0-14-49 | Land Rover Defender 110 (ownerId:108250772 - pos <5625.816406, 29.278484, 5376.927734> - islocked:true - password:14725836) initialized
0-14-49 | UH-60 Blackhawk - blackblackhawk (ownerId:195214598 - pos <3224.051514, 7.616046, 1721.948608> - islocked:true - password:52528989) initialized
0-14-49 | Robinson R22 Helicopter (ownerId:965259563 - pos <3756.512451, 19.967381, 2601.171387> - islocked:true - password:11367275) initialized
0-14-49 | Land Rover Defender 110 Red (ownerId:965259563 - pos <3756.692383, 6.175953, 2573.330078> - islocked:true - password:11367275) initialized
0-14-49 | Olga 24 (ownerId:965259563 - pos <3732.049805, 5.467787, 2551.283936> - islocked:true - password:11367275) initialized
0-14-49 | Robinson R22 Helicopter - Black (ownerId:62166080 - pos <6773.737305, 54.635757, 1851.886719> - islocked:true - password:22392239) initialized
0-14-49 | Sarka 120 (ownerId:980466132 - pos <6801.542480, 39.738667, 1801.694946> - islocked:true - password:22392239) initialized
0-14-49 | M3S Covered (ownerId:62166080 - pos <6795.138672, 39.137859, 1809.612671> - islocked:true - password:22392239) initialized
0-14-49 | Land Rover Defender 110 Green (ownerId:62166080 - pos <6796.582520, 39.706493, 1806.551392> - islocked:true - password:22392239) initialized
0-14-49 | Land Rover Defender 110 Red (ownerId:980466132 - pos <6795.948242, 39.705765, 1802.406006> - islocked:true - password:22392239) initialized
0-14-49 | Ada 4x4 (ownerId:62166080 - pos <6801.069824, 39.178059, 1809.610718> - islocked:true - password:22392239) initialized
0-14-49 | UH-60 Blackhawk - Woodland (ownerId:85319837 - pos <3985.973877, 16.854174, 3474.665283> - islocked:true - password:1111110) initialized
0-14-49 | Robinson R22 Helicopter (ownerId:940915030 - pos <9512.575195, 102.761208, 3733.148193> - islocked:true - password:11853737) initialized
0-14-49 | Sarka 120 (ownerId:940915030 - pos <9511.229492, 102.703041, 3751.684570> - islocked:true - password:11853737) initialized
0-14-49 | Land Rover Defender 110 Green (ownerId:177737910 - pos <2550.889648, 56.615738, 9454.164063> - islocked:true - password:25792579) initialized
0-14-49 | Robinson R22 Helicopter (ownerId:195214598 - pos <1114.771973, 56.352501, 10648.643555> - islocked:true - password:52528989) initialized
0-14-49 | Gunter 2 (ownerId:419387242 - pos <7065.105957, 45.119003, 2055.460205> - islocked:true - password:69694200) initialized
0-14-49 | Sarka 120 (ownerId:405166905 - pos <10489.906250, 10.002501, 4274.236816> - islocked:true - password:19910111) initialized
0-14-49 | M3S Covered (ownerId:8156911 - pos <6232.800781, 5.800164, 9593.156250> - islocked:false - password:15500000) initialized
0-14-49 | Sarka 120 (ownerId:22592522 - pos <6232.373047, 5.531139, 9589.974609> - islocked:true - password:5210521) initialized
0-14-49 | Land Rover Defender 110 (ownerId:192139039 - pos <3935.111816, 12.018484, 7918.748047> - islocked:true - password:7161994) initialized
0-14-49 | Land Rover Defender 110 UN (ownerId:85319837 - pos <7571.331543, 24.168484, 3946.066895> - islocked:true - password:9151985) initialized
0-14-49 | Sarka 120 (ownerId:944065078 - pos <7728.494141, 35.526184, 6087.263672> - islocked:true - password:25082508) initialized
0-14-49 | Ada 4x4 (ownerId:944065078 - pos <7733.061035, 35.535309, 6083.734863> - islocked:false - password:25082508) initialized
0-14-49 | M3S Covered (ownerId:944065078 - pos <7718.276855, 36.466969, 6089.899902> - islocked:false - password:25082508) initialized
0-14-49 | Land Rover Defender 110 UN (ownerId:116364714 - pos <7707.874512, 36.516586, 6075.210449> - islocked:true - password:25082508) initialized
0-14-49 | Olga 24 (ownerId:944065078 - pos <7705.359863, 36.632126, 6081.437500> - islocked:true - password:97319731) initialized
0-14-49 | Robinson R22 Helicopter - Black (ownerId:980466132 - pos <7348.521973, 101.077194, 6033.944824> - islocked:true - password:22392239) initialized
0-22-36 | Gunter 2 (ownerId:984346468 - pos <5600.510254, 28.844467, 5345.814453> - islocked:true - password:83898389) new car claimed
