Creation Time: 2023_4_14-18-0-55
18-0-55 | Olga 24 (ownerId:288122462 - pos <5667.716309, 28.936260, 5408.273438> - islocked:true - password:12011152) initialized
18-0-55 | Olga 24 (ownerId:116364714 - pos <5600.003906, 29.358654, 5347.017090> - islocked:true - password:2052008) initialized
18-0-55 | Sarka 120 (ownerId:980466132 - pos <3754.444824, 31.988060, 4754.369141> - islocked:true - password:22392239) initialized
18-0-55 | Robinson R22 Helicopter - Black (ownerId:980466132 - pos <7344.840820, 101.076546, 6033.530273> - islocked:true - password:22392239) initialized
18-0-55 | Robinson R22 Helicopter - Red (ownerId:71319946 - pos <5670.370117, 33.088982, 5260.223633> - islocked:true - password:19944991) initialized
18-0-55 | Robinson R22 Helicopter (ownerId:195214598 - pos <6914.962891, 2.682896, 7082.415039> - islocked:true - password:52528989) initialized
18-0-55 | UH-60 Blackhawk - Woodland (ownerId:85319837 - pos <3985.975098, 16.854156, 3474.664551> - islocked:true - password:1111110) initialized
18-0-55 | M3S Covered (ownerId:108250772 - pos <4513.166992, 10.470734, 3193.233154> - islocked:true - password:78945612) initialized
18-0-55 | Ada 4x4 (ownerId:980466132 - pos <6799.758301, 39.194134, 1804.076050> - islocked:true - password:22392239) initialized
18-0-55 | MH-6M Little Bird - Desert (ownerId:62166080 - pos <6772.994629, 55.366875, 1847.963745> - islocked:true - password:22392239) initialized
18-0-55 | UH-60 Blackhawk Cargo (ownerId:980466132 - pos <6790.510742, 38.911293, 1852.108276> - islocked:false - password:22392239) initialized
18-0-55 | Olga 24 (ownerId:965259563 - pos <3746.980469, 5.595244, 2566.004150> - islocked:true - password:11367275) initialized
18-0-55 | Gunter 2 (ownerId:965259563 - pos <3748.300537, 5.650962, 2573.670410> - islocked:true - password:11367275) initialized
18-0-55 | M3S Covered (ownerId:965259563 - pos <10790.105469, 2.641836, 3191.684326> - islocked:true - password:11367275) initialized
18-0-55 | Robinson R22 Helicopter (ownerId:940915030 - pos <9512.575195, 102.761200, 3733.148193> - islocked:true - password:11853737) initialized
18-0-55 | Sarka 120 (ownerId:940915030 - pos <9511.229492, 102.703026, 3751.685059> - islocked:true - password:11853737) initialized
18-0-55 | Robinson R22 Helicopter (ownerId:965259563 - pos <4428.255371, 6.180614, 2904.960938> - islocked:true - password:11367275) initialized
18-0-55 | Bell 429 Helicopter (ownerId:195214598 - pos <8112.444824, 214.218552, 11880.526367> - islocked:true - password:52898952) initialized
18-0-55 | UH-60 Blackhawk - blackblackhawk (ownerId:195214598 - pos <8069.666992, 215.248962, 11834.370117> - islocked:true - password:89895252) initialized
18-0-55 | Olga 24 (ownerId:62166080 - pos <9945.076172, 30.929415, 6845.574219> - islocked:true - password:22392239) initialized
18-0-55 | M3S Covered (ownerId:67657702 - pos <10219.408203, 20.370169, 7929.611328> - islocked:false - password:19944991) initialized
18-0-55 | Robinson R22 Helicopter - Black (ownerId:108250772 - pos <8696.025391, 2.231344, 5545.102539> - islocked:false - password:14789632) initialized
18-10-55 | Olga 24 (ownerId:944065078 - pos <5600.213379, 28.697756, 5359.666016> - islocked:true - password:97319731) new car claimed
23-28-28 | Ada 4x4 (ownerId:80291406 - pos <5603.936035, 28.750704, 5380.227051> - islocked:true - password:84) new car claimed
23-54-14 | Boeing CH-47 Chinook Helicopter (ownerId:108250772 - pos <5669.764160, 33.272415, 5239.715332> - islocked:true - password:78945612) new car claimed
23-59-21 | Olga 24 (ownerId:116364714 - pos <5599.769043, 28.748238, 5346.956055> - islocked:true - password:2052008) has been deleted
23-59-21 | Ada 4x4 (ownerId:80291406 - pos <5638.714844, 28.198174, 5331.259277> - islocked:false - password:84) has been deleted
