Creation Time: 2023_7_7-0-0-51
0-0-51 | Robinson R22 Helicopter - Black (ownerId:144736642 - pos <7354.542969, 7.203012, 8380.657227> - islocked:true - password:78945612) initialized
0-0-51 | Offroad Range Rover police  (ownerId:523450192 - pos <1844.734619, 9.678038, 9092.960938> - islocked:false - password:14789632) initialized
0-0-51 | MH-6M Little Bird (ownerId:132652049 - pos <5668.014160, 30.092625, 5389.296875> - islocked:true - password:17760000) initialized
0-0-51 |  Camper Red (ownerId:523991778 - pos <5853.041504, 32.131161, 5198.164551> - islocked:true - password:22392239) initialized
0-0-51 | Robinson R22 Helicopter - Red (ownerId:521855408 - pos <6050.089355, 32.140350, 5244.082520> - islocked:true - password:3181989) initialized
0-0-51 | Mil Mi-2 Helicopter - Hornet (ownerId:523450192 - pos <6678.558105, 122.803284, 5472.125977> - islocked:false - password:14789632) initialized
0-0-51 | MH-6M Little Bird (ownerId:369601190 - pos <5668.805176, 29.802191, 5497.979492> - islocked:true - password:42069420) initialized
0-0-51 | STR_Camaro_Egor134v2_name (ownerId:369601190 - pos <5669.500977, 28.854750, 5489.974609> - islocked:true - password:55555555) initialized
0-0-51 | Chevrolet Corvette Yellow (ownerId:369601190 - pos <5655.889160, 28.820082, 5500.826172> - islocked:true - password:42069420) initialized
0-3-27 | Olga 24 (ownerId:442990275 - pos <5630.598633, 29.009998, 5352.420410> - islocked:true - password:42014201) new car claimed
0-3-27 | Olga 24 (ownerId:442990275 - pos <5630.598633, 29.009998, 5352.420410> - islocked:true - password:42014201) initialized
0-33-39 | Olga 24 (ownerId:442990275 - pos <7162.799316, 7.917763, 1576.625854> - islocked:false - password:42014201) has been deleted
0-42-52 | Olga 24 (ownerId:442990275 - pos <7013.857910, 15.459622, 5721.598633> - islocked:true - password:42014201) new car claimed
0-42-52 | Olga 24 (ownerId:442990275 - pos <7013.857910, 15.451818, 5721.598633> - islocked:true - password:42014201) initialized
0-44-1 | Olga 24 (ownerId:442990275 - pos <7016.955566, 14.504522, 5717.130859> - islocked:false - password:42014201) has been deleted
0-56-2 | UAZ 3909 MCHS (ownerId:442990275 - pos <5602.383301, 28.769650, 5358.785156> - islocked:true - password:42014201) new car claimed
1-0-34 | UAZ 3909 MCHS (ownerId:442990275 - pos <5602.383301, 28.769650, 5358.785156> - islocked:false - password:42014201) has been deleted
3-54-45 | UAZ 3909 MCHS (ownerId:442990275 - pos <5642.155762, 30.574038, 5291.284180> - islocked:true - password:42014201) new car claimed
3-54-45 | UAZ 3909 MCHS (ownerId:442990275 - pos <5642.155762, 30.574038, 5291.284180> - islocked:true - password:42014201) initialized
4-7-43 | Jeep Wrangler (ownerId:442990275 - pos <4525.331543, 20.582060, 7108.385742> - islocked:true - password:42014201) new car claimed
4-10-13 | UAZ 3909 MCHS (ownerId:442990275 - pos <4574.224121, 20.571199, 7029.578125> - islocked:true - password:42014201) has been deleted
4-35-39 | Jeep Wrangler (ownerId:442990275 - pos <1964.033325, 9.342060, 8845.336914> - islocked:true - password:42014201) has been deleted
