Creation Time: 2023_6_2-0-0-49
0-0-49 | MH-6M Little Bird - Desert (ownerId:132652049 - pos <10045.665039, 8.208422, 1098.988281> - islocked:false - password:13579246) initialized
0-0-49 | Robinson R22 Helicopter (ownerId:249230507 - pos <15721.887695, 39.986401, 4669.229492> - islocked:true - password:33333333) initialized
0-0-49 | Olga 24 (ownerId:442990275 - pos <11667.243164, 6.122772, 2074.085449> - islocked:true - password:42014201) initialized
0-0-49 | Olga 24 (ownerId:369601190 - pos <1594.246948, 9.963716, 9051.949219> - islocked:true - password:4031965) initialized
0-0-49 | Olga 24 (ownerId:442990275 - pos <1974.356689, 10.094163, 8857.602539> - islocked:true - password:42014201) initialized
0-0-49 | Sarka 120 (ownerId:144736642 - pos <7340.157227, 7.426131, 8406.083984> - islocked:true - password:41941941) initialized
0-0-49 | UAZ_2315 Red (ownerId:405166905 - pos <3412.403076, 19.420685, 4543.578125> - islocked:true - password:1111991) initialized
0-0-49 | Jeep Wrangler black  (ownerId:308099129 - pos <6291.463379, 44.199207, 3068.584473> - islocked:true - password:9131988) initialized
0-0-49 | Olga 24 (ownerId:442990275 - pos <4432.084473, 5.423651, 2870.046387> - islocked:false - password:42014201) initialized
0-0-49 | LUAZ 969 black (ownerId:88929178 - pos <4143.031250, 4.151605, 4199.630859> - islocked:true - password:371400) initialized
0-0-49 | ToyotaHilux Camo (ownerId:369601190 - pos <8979.328125, 27.971798, 5174.473633> - islocked:true - password:80081355) initialized
0-0-49 | ToyotaHilux White (ownerId:60592768 - pos <9561.331055, 4.365146, 5943.982422> - islocked:true - password:19651965) initialized
0-0-49 | LUAZ 969 black (ownerId:36527682 - pos <7718.376953, 36.262550, 6068.660645> - islocked:true - password:93991005) initialized
0-0-49 | YAR_87 Camo2  (ownerId:34611550 - pos <4250.131348, 21.640238, 7294.568359> - islocked:false - password:19892004) initialized
0-0-49 | Olga 24 (ownerId:501895347 - pos <5602.788086, 29.403234, 5348.326660> - islocked:true - password:42775920) initialized
0-0-49 | Jeep Wrangler (ownerId:944065078 - pos <5667.188477, 29.414818, 5339.476563> - islocked:false - password:97319731) initialized
0-0-49 | Jeep Wrangler Blue (ownerId:34611550 - pos <5659.685547, 28.191290, 5475.273926> - islocked:true - password:19892004) initialized
0-0-49 | Olga 24 (ownerId:86564395 - pos <4548.570801, 27.188726, 7861.850586> - islocked:true - password:59005900) initialized
0-0-49 | SCOUT Black (ownerId:442990275 - pos <5685.611816, 33.512379, 5266.466309> - islocked:true - password:42014201) initialized
0-0-49 | Audi RS6 (ownerId:85319837 - pos <5681.893555, 33.506672, 5242.674805> - islocked:true - password:1111110) initialized
0-0-49 | MOSKVICH 2140 (ownerId:288122462 - pos <6883.863281, 34.121433, 5878.004883> - islocked:true - password:12321123) initialized
0-0-49 | Ada 4x4 (ownerId:839735782 - pos <5856.946289, 44.949085, 4892.953125> - islocked:true - password:1051997) initialized
0-0-49 | MOSKVICH 2140 (ownerId:54276291 - pos <5440.382324, 6.847474, 4639.800293> - islocked:true - password:12348262) initialized
0-0-49 | MOSKVICH 2140 (ownerId:137318436 - pos <4304.500488, 3.855574, 4680.526367> - islocked:true - password:20090909) initialized
