Creation Time: 2023_4_16-17-1-25
17-1-25 | Ada 4x4 (ownerId:62166080 - pos <7147.574707, 3.604840, 5193.714844> - islocked:true - password:22392239) initialized
17-1-25 | Robinson R22 Helicopter - Black (ownerId:980466132 - pos <7348.521973, 101.077194, 6033.944824> - islocked:true - password:22392239) initialized
17-1-25 | Gunter 2 (ownerId:965259563 - pos <3748.300537, 5.650942, 2573.675537> - islocked:true - password:11367275) initialized
17-1-25 | Olga 24 (ownerId:965259563 - pos <3746.980469, 5.595247, 2565.997803> - islocked:true - password:11367275) initialized
17-1-25 | M3S Covered (ownerId:108250772 - pos <8291.507813, 160.108322, 12267.613281> - islocked:true - password:78945612) initialized
17-1-25 | UH-60 Blackhawk - Woodland (ownerId:85319837 - pos <3985.974854, 16.854162, 3474.664795> - islocked:true - password:1111110) initialized
17-1-25 | Robinson R22 Helicopter (ownerId:965259563 - pos <4428.254395, 6.180655, 2904.960938> - islocked:true - password:11367275) initialized
17-1-25 | M3S Covered (ownerId:965259563 - pos <10790.105469, 2.641838, 3191.674072> - islocked:true - password:11367275) initialized
17-1-25 | Bell 429 Helicopter (ownerId:195214598 - pos <8112.444824, 214.216171, 11880.526367> - islocked:true - password:52898952) initialized
17-1-25 | UH-60 Blackhawk - blackblackhawk (ownerId:195214598 - pos <8069.666992, 215.248932, 11834.370117> - islocked:true - password:89895252) initialized
17-1-25 | M3S Covered (ownerId:67657702 - pos <10219.406250, 20.354088, 7929.282227> - islocked:false - password:19944991) initialized
17-1-25 | Sarka 120 (ownerId:980466132 - pos <6795.458984, 39.113350, 1800.737183> - islocked:true - password:22392239) initialized
17-1-25 | Olga 24 (ownerId:62166080 - pos <6795.835449, 39.125626, 1803.786255> - islocked:true - password:22392239) initialized
17-1-25 | Ada 4x4 (ownerId:980466132 - pos <6800.874512, 39.178165, 1804.936890> - islocked:true - password:22392239) initialized
17-1-25 | M3S Covered (ownerId:62166080 - pos <6796.639160, 39.129284, 1808.642822> - islocked:true - password:22392239) initialized
17-1-25 | Robinson R22 Helicopter - Black (ownerId:62166080 - pos <6767.804199, 53.509369, 1834.203735> - islocked:true - password:22392239) initialized
17-1-25 | MH-6M Little Bird - Desert (ownerId:62166080 - pos <6783.229492, 54.240791, 1835.152222> - islocked:true - password:22392239) initialized
17-1-25 | UH-60 Blackhawk Cargo (ownerId:980466132 - pos <6788.703613, 38.912247, 1852.753418> - islocked:true - password:22392239) initialized
17-1-25 | Robinson R22 Helicopter - Black (ownerId:34745177 - pos <9138.414063, 47.896309, 3793.722656> - islocked:false - password:67698687) initialized
17-1-25 | Robinson R22 Helicopter (ownerId:940915030 - pos <9512.575195, 102.761208, 3733.148193> - islocked:true - password:11853737) initialized
17-1-25 | Sarka 120 (ownerId:940915030 - pos <9511.229492, 102.703018, 3751.685059> - islocked:true - password:11853737) initialized
17-1-25 | Robinson R22 Helicopter - Black (ownerId:108250772 - pos <8696.025391, 2.231340, 5545.102539> - islocked:false - password:14789632) initialized
17-1-25 | Olga 24 (ownerId:944065078 - pos <7657.513672, 19.194666, 3870.317139> - islocked:true - password:97319731) initialized
17-1-25 | Robinson R22 Helicopter - Black (ownerId:116364714 - pos <7648.384766, 19.425713, 3884.121094> - islocked:true - password:25082508) initialized
17-1-25 | Olga 24 (ownerId:288122462 - pos <5667.914551, 28.920990, 5408.267578> - islocked:true - password:12011152) initialized
17-1-25 | Robinson R22 Helicopter (ownerId:195214598 - pos <5661.527832, 33.934753, 5246.419434> - islocked:true - password:52528989) initialized
17-20-37 | Robinson R22 Helicopter - Black (ownerId:108250772 - pos <8696.045898, 1.640539, 5544.839355> - islocked:false - password:14789632) has been deleted
17-29-1 | Robinson R22 Helicopter - Red (ownerId:71319946 - pos <5671.271973, 33.503094, 5248.421387> - islocked:true - password:19944991) new car claimed
17-29-1 | Robinson R22 Helicopter - Red (ownerId:71319946 - pos <5671.271973, 33.203094, 5248.421387> - islocked:true - password:19944991) initialized
