Creation Time: 2023_4_10-18-0-51
18-0-51 | Olga 24 (ownerId:288122462 - pos <5600.261719, 29.332027, 5349.436035> - islocked:true - password:12011152) initialized
18-0-51 | Gunter 2 (ownerId:85319837 - pos <5599.245117, 28.802794, 5346.799805> - islocked:true - password:1111110) initialized
18-0-51 | M3S Covered (ownerId:108250772 - pos <5629.739746, 29.560844, 5420.347656> - islocked:true - password:78945612) initialized
18-0-51 | Olga 24 (ownerId:195214598 - pos <5644.110840, 28.447348, 5433.217285> - islocked:true - password:52898989) initialized
18-0-51 | Robinson R22 Helicopter - Black (ownerId:71319946 - pos <5603.729980, 29.361235, 5383.711914> - islocked:false - password:19944991) initialized
18-0-51 | UH-60 Blackhawk Cargo (ownerId:980466132 - pos <13203.864258, 14.900743, 15524.166016> - islocked:true - password:22392239) initialized
18-0-51 | UH-60 Blackhawk - Woodland (ownerId:85319837 - pos <3985.975586, 16.854155, 3474.664307> - islocked:true - password:1111110) initialized
18-0-51 | Gunter 2 (ownerId:965259563 - pos <3752.477051, 5.663746, 2572.406250> - islocked:true - password:11367275) initialized
18-0-51 | Olga 24 (ownerId:965259563 - pos <3756.314209, 5.595241, 2572.486328> - islocked:true - password:11367275) initialized
18-0-51 | Robinson R22 Helicopter - Black (ownerId:108250772 - pos <8461.357422, 65.583694, 12206.628906> - islocked:true - password:12345678) initialized
18-0-51 | Robinson R22 Helicopter - Black (ownerId:980466132 - pos <7258.612793, 224.951767, 11619.481445> - islocked:true - password:22392239) initialized
18-0-51 | Sarka 120 (ownerId:67657702 - pos <5909.819824, 1.373827, 8396.506836> - islocked:true - password:19944991) initialized
18-0-51 | Sarka 120 (ownerId:980466132 - pos <6795.307617, 39.113468, 1800.526733> - islocked:true - password:22392239) initialized
18-0-51 | Ada 4x4 (ownerId:980466132 - pos <6795.198730, 39.193413, 1804.032593> - islocked:true - password:22392239) initialized
18-0-51 | Olga 24 (ownerId:62166080 - pos <6800.304199, 39.125351, 1803.360718> - islocked:false - password:22392239) initialized
18-0-51 | M3S Covered (ownerId:62166080 - pos <6796.277832, 39.129246, 1809.293457> - islocked:true - password:22392239) initialized
18-0-51 | Robinson R22 Helicopter (ownerId:940915030 - pos <9512.575195, 102.761200, 3733.148193> - islocked:true - password:11853737) initialized
18-0-51 | Sarka 120 (ownerId:940915030 - pos <9511.229492, 102.703064, 3751.685303> - islocked:true - password:11853737) initialized
18-0-51 | Robinson R22 Helicopter - Black (ownerId:108250772 - pos <8696.025391, 2.231339, 5545.102539> - islocked:false - password:14789632) initialized
18-0-51 | M3S Covered (ownerId:67657702 - pos <10219.415039, 20.400362, 7930.232422> - islocked:false - password:19944991) initialized
18-0-51 | MH-6M Little Bird - Desert (ownerId:62166080 - pos <11315.031250, 1.724140, 10937.568359> - islocked:false - password:22392239) initialized
18-26-29 | Robinson R22 Helicopter - Black (ownerId:71319946 - pos <2537.761719, 48.861351, 3294.757324> - islocked:true - password:19944991) has been deleted
19-9-39 | Robinson R22 Helicopter - Black (ownerId:71319946 - pos <2869.114014, 22.750000, 3580.019043> - islocked:true - password:19944991) new car claimed
19-9-39 | Robinson R22 Helicopter - Black (ownerId:71319946 - pos <2869.114014, 22.450001, 3580.019043> - islocked:true - password:19944991) initialized
19-27-39 | Robinson R22 Helicopter - Black (ownerId:71319946 - pos <2852.676514, 22.503441, 3576.825928> - islocked:false - password:19944991) has been deleted
20-2-28 | Robinson R22 Helicopter - Black (ownerId:71319946 - pos <2769.210938, 22.759998, 3381.820557> - islocked:true - password:19944991) new car claimed
20-2-28 | Robinson R22 Helicopter - Black (ownerId:71319946 - pos <2769.210938, 22.459999, 3381.820557> - islocked:true - password:19944991) initialized
20-4-52 | Robinson R22 Helicopter - Black (ownerId:71319946 - pos <3322.188477, 2.978445, 3608.839355> - islocked:false - password:19944991) has been deleted
23-57-6 | Robinson R22 Helicopter (ownerId:965259563 - pos <4428.257324, 5.587454, 2905.219482> - islocked:true - password:11367275) new car claimed
