Creation Time: 2023_7_29-12-0-54
12-0-54 | Offroad Range Rover Yellow  (ownerId:103808025 - pos <7264.238281, 602.155884, 11730.521484> - islocked:true - password:55677777) initialized
12-0-54 | UAZ 3909 Police (ownerId:60592768 - pos <3231.801025, 3.497941, 1732.127808> - islocked:true - password:13121312) initialized
12-0-54 | Offroad Range Rover police  (ownerId:60592768 - pos <3237.812988, 3.228037, 1733.255127> - islocked:true - password:13121312) initialized
12-0-54 | STR_Camaro_Nest_name (ownerId:60592768 - pos <3246.727051, 3.116042, 1751.047974> - islocked:true - password:13121312) initialized
12-0-54 | UAZ_2315 (ownerId:17954802 - pos <3775.153809, 6.441449, 2587.483154> - islocked:true - password:20090909) initialized
12-0-54 | MH-6M Little Bird (ownerId:17954802 - pos <3791.949951, 19.067055, 2581.704834> - islocked:true - password:20090909) initialized
12-0-54 | Robinson R22 Helicopter - Black (ownerId:521855408 - pos <9269.457031, 32.571384, 5313.591309> - islocked:true - password:9102021) initialized
12-0-54 | Olga 24 (ownerId:40055959 - pos <8929.097656, 5.862705, 10450.908203> - islocked:true - password:19711971) initialized
12-0-54 | Olga 24 (ownerId:40055959 - pos <8923.626953, 5.862738, 10450.837891> - islocked:false - password:19711971) initialized
12-0-54 | UAZ469 (ownerId:40055959 - pos <8935.064453, 6.384639, 10443.116211> - islocked:false - password:19711971) initialized
12-0-54 | Velociraptor6x6 Camo2  (ownerId:262549311 - pos <4549.414063, 22.735605, 8265.539063> - islocked:true - password:24680000) initialized
12-0-54 | STR_EGER_GreenCamo_name (ownerId:523991778 - pos <6473.370605, 26.209623, 8384.214844> - islocked:true - password:22392239) initialized
12-0-54 | Toyota Land Cruiser 200 Camo2  (ownerId:24259541 - pos <6660.840332, 29.826519, 5710.200684> - islocked:true - password:17500720) initialized
12-0-54 | MOSKVICH 2140 (ownerId:882346394 - pos <6662.094727, 15.562322, 6318.888184> - islocked:true - password:42091103) initialized
12-0-54 | Mercedes-Benz W140 Blue (ownerId:88929178 - pos <7725.358887, 6.166997, 6795.729980> - islocked:true - password:371400) initialized
12-0-54 | Toyota Land Cruiser 200 Camo2  (ownerId:88929178 - pos <7728.020020, 6.374510, 6790.578613> - islocked:true - password:371400) initialized
12-0-54 | STR_Camaro_Veter_name (ownerId:88929178 - pos <7719.935547, 6.170796, 6786.017090> - islocked:true - password:371400) initialized
12-0-54 | MH-6M Little Bird - Camo (ownerId:88929178 - pos <7720.086914, 13.613595, 6788.978516> - islocked:true - password:371400) initialized
12-0-54 | UH-60 Blackhawk - blackblackhawk (ownerId:447071218 - pos <1735.615601, 20.607269, 8901.789063> - islocked:false - password:15148636) initialized
12-0-54 | ToyotaHilux White (ownerId:511479797 - pos <1760.173584, 9.921196, 8916.376953> - islocked:false - password:27181500) initialized
12-0-54 | UH-60 Blackhawk - Budhawk (ownerId:511479797 - pos <1795.815552, 9.961430, 8885.129883> - islocked:true - password:27181500) initialized
12-0-54 | Nissan warrior Camo (ownerId:119311623 - pos <3285.329346, 21.201597, 6453.589844> - islocked:true - password:7101993) initialized
12-0-54 | BMW (ownerId:442990275 - pos <1991.412109, 10.028559, 9032.136719> - islocked:false - password:42014201) initialized
12-0-54 | UH-60 Blackhawk Cargo (ownerId:119248354 - pos <2000.010132, 45.147617, 9025.759766> - islocked:false - password:11082007) initialized
12-0-54 | MH-6M Little Bird (ownerId:442990275 - pos <1986.237793, 45.786179, 9020.421875> - islocked:true - password:37579090) initialized
12-0-54 | MH-6M Little Bird - Camo (ownerId:132652049 - pos <1992.720947, 45.808273, 9015.301758> - islocked:true - password:9021997) initialized
12-0-54 | LUAZ 969 (ownerId:75086644 - pos <2135.371582, 14.966350, 9181.180664> - islocked:true - password:10182009) initialized
12-0-54 | Ada 4x4 (ownerId:369601190 - pos <5474.475098, 15.605486, 4931.196289> - islocked:true - password:42014201) initialized
12-0-54 | UAZ 3909 Beige (ownerId:795695470 - pos <5468.091309, 15.597905, 4924.885254> - islocked:true - password:8031991) initialized
12-0-54 | Velociraptor6x6 Camo2  (ownerId:407766611 - pos <5983.995117, 14.216504, 4965.222656> - islocked:true - password:80081355) initialized
12-0-54 | Velociraptor6x6 Camo (ownerId:407766611 - pos <5977.549316, 14.299564, 4972.379883> - islocked:true - password:80081355) initialized
12-0-54 | Gelenvagen carbon (ownerId:407766611 - pos <5987.045410, 14.379897, 4969.809570> - islocked:true - password:80081355) initialized
12-0-54 | Olga 24 (ownerId:407766611 - pos <6037.345703, 13.055570, 4954.377930> - islocked:true - password:80081355) initialized
12-0-54 | BMW lightgreen (ownerId:407766611 - pos <6050.001953, 12.794458, 4957.398438> - islocked:true - password:80081355) initialized
12-0-54 | BMW black (ownerId:407766611 - pos <6045.813965, 12.806595, 4956.924316> - islocked:true - password:80081355) initialized
12-0-54 | BMW X5 White  (ownerId:407766611 - pos <6061.447266, 12.869501, 4955.029297> - islocked:true - password:80081355) initialized
12-0-54 | MUSTANG white (ownerId:407766611 - pos <5999.725098, 14.013290, 4970.766113> - islocked:true - password:55252252) initialized
12-0-54 | STR_Camaro_Sibirs_name (ownerId:407766611 - pos <5983.154785, 13.828524, 4983.387207> - islocked:true - password:55555552) initialized
12-0-54 | Chevrolet Corvette (ownerId:407766611 - pos <6000.451172, 13.610803, 4982.084473> - islocked:true - password:55252252) initialized
12-0-54 | Gunter 2 (ownerId:218588421 - pos <3805.918945, 6.893389, 5906.645508> - islocked:true - password:3081984) initialized
12-0-54 | BMW X5 Black (ownerId:215888376 - pos <4252.196777, 21.092596, 7299.462402> - islocked:true - password:7101993) initialized
12-0-54 | Toyota Land Cruiser 200 Camo (ownerId:119311623 - pos <4246.869629, 21.187662, 7294.255859> - islocked:true - password:7101993) initialized
12-0-54 | Oshkosh grey (ownerId:64819467 - pos <4245.043457, 21.536230, 7274.150879> - islocked:true - password:7101993) initialized
12-0-54 | Bell 429 Helicopter - Police (ownerId:407766611 - pos <5666.900391, 34.338631, 5238.553223> - islocked:true - password:78978978) initialized
12-0-54 | Oshkosh (ownerId:197257182 - pos <3969.651123, 25.848604, 4840.184082> - islocked:true - password:48151623) initialized
12-0-54 | MH-6M Little Bird - Camo (ownerId:197257182 - pos <3947.068848, 36.709949, 4814.137695> - islocked:true - password:48151623) initialized
12-0-54 | Gaz 71 Black (ownerId:119248354 - pos <3962.044189, 25.741253, 4838.345215> - islocked:true - password:11082007) initialized
12-0-54 | STR_EGER_GreenCamo_name (ownerId:197257182 - pos <3979.530762, 25.917404, 4834.994141> - islocked:true - password:48151623) initialized
12-0-54 |  Novator Flecktarn (ownerId:93344906 - pos <3982.683594, 25.738468, 4839.145020> - islocked:true - password:29292900) initialized
12-0-54 | Opel Astra Chrome (ownerId:127107249 - pos <5656.927734, 28.955330, 5382.028809> - islocked:true - password:12186270) initialized
12-0-54 | LUAZ 969 red (ownerId:405166905 - pos <5645.630371, 28.382526, 5434.257813> - islocked:true - password:11111111) initialized
12-0-54 | MUSTANG Red (ownerId:369601190 - pos <5642.659180, 29.258707, 5372.546875> - islocked:true - password:42069420) initialized
12-0-54 | Jeep Wrangler Camo (ownerId:526094573 - pos <5657.599609, 33.231979, 5280.386230> - islocked:true - password:11025255) initialized
12-0-54 | Gunter 2 (ownerId:48698262 - pos <5640.945801, 28.930233, 5323.296875> - islocked:true - password:48151623) initialized
12-0-54 | Bell 429 Helicopter - Medic (ownerId:407766611 - pos <5655.312988, 34.345135, 5248.177246> - islocked:true - password:78978978) initialized
12-0-54 | Olga 24 (ownerId:327529037 - pos <5613.633301, 29.323986, 5348.238281> - islocked:true - password:29292900) initialized
13-12-25 | BMW X5 Red (ownerId:59769977 - pos <5599.068359, 28.710632, 5359.770020> - islocked:true - password:19891604) new car claimed
13-16-47 | MUSTANG Red (ownerId:369601190 - pos <5642.568848, 28.541822, 5372.524902> - islocked:true - password:42069420) has been deleted
14-4-23 | STR_SCOUT_snik2_name (ownerId:24259541 - pos <12570.352539, 6.524631, 9926.526367> - islocked:true - password:17500720) new car claimed
14-7-50 | STR_SCOUT_snik2_name (ownerId:24259541 - pos <12570.352539, 6.524631, 9926.526367> - islocked:true - password:17500720) has been deleted
14-13-53 | MH-6M Little Bird - Camo (ownerId:523450192 - pos <6477.062988, 24.729031, 8368.059570> - islocked:true - password:22392239) new car claimed
14-13-53 | MH-6M Little Bird - Camo (ownerId:523450192 - pos <6477.062988, 24.729040, 8368.059570> - islocked:true - password:22392239) initialized
14-17-50 | STR_SCOUT_snik2_name (ownerId:24259541 - pos <10805.140625, 5.731717, 10606.914063> - islocked:true - password:17500720) new car claimed
14-17-50 | STR_SCOUT_snik2_name (ownerId:24259541 - pos <10805.140625, 5.731717, 10606.914063> - islocked:true - password:17500720) initialized
14-20-17 | Toyota Land Cruiser 200 Camo2  (ownerId:24259541 - pos <10805.327148, 5.437548, 10598.913086> - islocked:false - password:17500720) has been deleted
14-24-12 | MH-6M Little Bird - Camo (ownerId:523450192 - pos <6495.912109, 23.660530, 8355.391602> - islocked:true - password:22392239) has been deleted
14-32-25 | UAZ_2315 (ownerId:17954802 - pos <3774.770020, 5.864909, 2587.501465> - islocked:false - password:20090909) has been deleted
14-32-29 | MH-6M Little Bird (ownerId:442990275 - pos <5625.411133, 28.726225, 5371.339844> - islocked:false - password:37579090) has been deleted
14-33-11 | MH-6M Little Bird (ownerId:442990275 - pos <5626.878418, 29.009998, 5376.744141> - islocked:true - password:37579090) new car claimed
14-33-11 | MH-6M Little Bird (ownerId:442990275 - pos <5626.878418, 29.009998, 5376.744141> - islocked:true - password:37579090) initialized
15-34-47 | Gelenvagen white_camo2 (ownerId:523450192 - pos <6497.329590, 24.210363, 8360.223633> - islocked:true - password:22392239) new car claimed
15-34-47 | Gelenvagen white_camo2 (ownerId:523450192 - pos <6497.329590, 24.210363, 8360.223633> - islocked:true - password:22392239) initialized
