Creation Time: 2023_6_11-12-0-51
12-0-51 | YAR_87 Camo2  (ownerId:34611550 - pos <2479.785156, 18.702862, 13963.018555> - islocked:true - password:19892004) initialized
12-0-51 | MH-6M Little Bird - Desert (ownerId:132652049 - pos <10045.665039, 8.208423, 1098.988281> - islocked:false - password:13579246) initialized
12-0-51 | ToyotaHilux White (ownerId:60592768 - pos <9559.646484, 4.320532, 5946.362305> - islocked:true - password:19651965) initialized
12-0-51 | MH-6M Little Bird - Camo (ownerId:369601190 - pos <1571.527954, 10.481434, 9032.277344> - islocked:true - password:80081355) initialized
12-0-51 | MUSTANG Red (ownerId:369601190 - pos <1591.123535, 10.144396, 9048.640625> - islocked:false - password:80081355) initialized
12-0-51 | ToyotaHilux Camo (ownerId:369601190 - pos <1585.869019, 10.096198, 9051.075195> - islocked:false - password:80081355) initialized
12-0-51 | STR_Camaro_Lesnik_name (ownerId:442990275 - pos <1956.192627, 9.871473, 8872.091797> - islocked:true - password:42014201) initialized
12-0-51 | Jeep Wrangler Blue (ownerId:34611550 - pos <4246.239258, 21.212746, 7292.730957> - islocked:true - password:19892004) initialized
12-0-51 | MH-6M Little Bird (ownerId:34611550 - pos <4271.984863, 21.744886, 7303.545410> - islocked:true - password:19892004) initialized
12-0-51 | Jeep Wrangler black  (ownerId:308099129 - pos <3929.318359, 12.055122, 7918.307129> - islocked:true - password:9131988) initialized
12-0-51 | STR_EGER_name (ownerId:980466132 - pos <3689.002441, 12.084421, 9772.873047> - islocked:true - password:22392239) initialized
12-0-51 | M3S Covered (ownerId:86564395 - pos <4550.290527, 27.460112, 7875.549805> - islocked:false - password:59005900) initialized
12-0-51 | Robinson R22 Helicopter (ownerId:249230507 - pos <8098.368652, 13.009304, 9340.552734> - islocked:false - password:33333333) initialized
12-0-51 | Sarka 120 (ownerId:144736642 - pos <7340.216797, 7.426144, 8406.367188> - islocked:true - password:41941941) initialized
12-0-51 | M3S Covered (ownerId:249230507 - pos <8282.216797, 5.025841, 9352.339844> - islocked:false - password:33333333) initialized
12-0-51 | Olga 24 (ownerId:501895347 - pos <3569.447021, 21.093962, 6543.831543> - islocked:true - password:42775920) initialized
12-0-51 | LUAZ 969 black (ownerId:88929178 - pos <4146.069336, 4.054631, 4199.204102> - islocked:true - password:371400) initialized
12-0-51 | MOSKVICH 2140 (ownerId:137318436 - pos <4304.499512, 3.855557, 4680.525391> - islocked:true - password:20090909) initialized
12-0-51 | UAZ_2315 Red (ownerId:405166905 - pos <4616.379395, 5.539312, 4798.659180> - islocked:true - password:1111991) initialized
12-0-51 | Olga 24 (ownerId:405166905 - pos <4621.449219, 5.944735, 4792.485352> - islocked:true - password:1111991) initialized
12-0-51 | Olga 24 (ownerId:416867315 - pos <5378.852539, 74.598732, 3968.254150> - islocked:true - password:19993420) initialized
12-0-51 | ToyotaHilux Camo (ownerId:442990275 - pos <5645.996582, 28.503170, 5434.617676> - islocked:true - password:42014201) initialized
12-0-51 | Jeep Wrangler (ownerId:944065078 - pos <5664.309082, 28.975512, 5335.381836> - islocked:false - password:97319731) initialized
12-0-51 | Audi RS6 (ownerId:85319837 - pos <5682.157227, 33.492741, 5242.701172> - islocked:true - password:1111110) initialized
12-0-51 | MOSKVICH 2140 (ownerId:54276291 - pos <5441.166504, 6.790703, 4639.572754> - islocked:true - password:12348262) initialized
12-0-51 | MOSKVICH 2140 (ownerId:288122462 - pos <6883.863281, 34.121437, 5878.004883> - islocked:true - password:12321123) initialized
12-0-51 | LUAZ 969 black (ownerId:36527682 - pos <7718.376953, 36.262543, 6068.660645> - islocked:true - password:93991005) initialized
12-0-51 | Ada 4x4 (ownerId:839735782 - pos <5859.894043, 44.990223, 4891.104980> - islocked:true - password:1051997) initialized
12-0-51 | Olga 24 (ownerId:86564395 - pos <12785.870117, 5.458180, 9917.777344> - islocked:true - password:59005900) initialized
15-46-31 | MUSTANG Red (ownerId:369601190 - pos <1789.874634, 7.685135, 8658.405273> - islocked:false - password:80081355) has been deleted
15-47-0 | MUSTANG Red (ownerId:369601190 - pos <1786.783081, 7.422776, 8690.496094> - islocked:true - password:80081355) new car claimed
15-47-0 | MUSTANG Red (ownerId:369601190 - pos <1786.783081, 7.422775, 8690.496094> - islocked:true - password:80081355) initialized
15-49-43 | MUSTANG Red (ownerId:369601190 - pos <1586.290649, 9.249740, 9027.132813> - islocked:false - password:80081355) has been deleted
15-55-21 | Olga 24 (ownerId:369601190 - pos <5605.481445, 29.057838, 5354.559570> - islocked:true - password:80081355) new car claimed
15-55-21 | Olga 24 (ownerId:369601190 - pos <5605.481445, 29.057838, 5354.559570> - islocked:true - password:80081355) initialized
15-55-42 | Olga 24 (ownerId:369601190 - pos <5605.494629, 28.739981, 5354.560547> - islocked:true - password:80081355) has been deleted
15-56-26 | STR_Camaro_Veter_name (ownerId:369601190 - pos <5607.965332, 28.781666, 5353.976563> - islocked:true - password:80081355) new car claimed
15-58-55 | STR_Camaro_Veter_name (ownerId:369601190 - pos <5620.906738, 28.698759, 5359.681152> - islocked:false - password:80081355) has been deleted
16-4-49 | MH-6M Little Bird - Camo (ownerId:369601190 - pos <6225.540527, 4.850149, 9618.033203> - islocked:false - password:80081355) has been deleted
16-5-11 | MH-6M Little Bird - Camo (ownerId:369601190 - pos <6247.438477, 5.230000, 9588.109375> - islocked:true - password:80081355) new car claimed
16-5-11 | MH-6M Little Bird - Camo (ownerId:369601190 - pos <6247.438477, 5.230006, 9588.109375> - islocked:true - password:80081355) initialized
16-8-8 | STR_Camaro_Veter_name (ownerId:369601190 - pos <9914.293945, 21.241934, 10906.867188> - islocked:true - password:80081355) new car claimed
16-8-8 | STR_Camaro_Veter_name (ownerId:369601190 - pos <9914.293945, 21.241934, 10906.867188> - islocked:true - password:80081355) initialized
16-13-19 | STR_Camaro_Veter_name (ownerId:369601190 - pos <9896.049805, 21.264345, 10947.991211> - islocked:false - password:80081355) has been deleted
16-18-3 | Chevrolet Corvette Yellow (ownerId:369601190 - pos <5608.473633, 28.722195, 5355.688477> - islocked:true - password:80081355) new car claimed
16-20-1 | Chevrolet Corvette Yellow (ownerId:369601190 - pos <5608.473633, 28.722195, 5355.688477> - islocked:false - password:80081355) has been deleted
16-37-27 | Chevrolet Corvette Yellow (ownerId:369601190 - pos <9907.433594, 22.070000, 10975.269531> - islocked:true - password:80081355) new car claimed
16-37-27 | Chevrolet Corvette Yellow (ownerId:369601190 - pos <9907.433594, 22.070000, 10975.269531> - islocked:true - password:80081355) initialized
16-45-14 | Chevrolet Corvette Yellow (ownerId:369601190 - pos <9892.842773, 21.889091, 11021.471680> - islocked:false - password:80081355) has been deleted
