Creation Time: 2023_5_28-18-0-44
18-0-44 | SUV Camo (ownerId:34611550 - pos <4251.379395, 21.177538, 7267.467285> - islocked:false - password:19892004) initialized
18-0-44 | ToyotaHilux Camo (ownerId:442990275 - pos <5630.317383, 29.427496, 5420.120605> - islocked:true - password:42014201) initialized
18-0-44 | UAZ_2315 Red (ownerId:405166905 - pos <6388.281250, 22.334843, 1535.846069> - islocked:true - password:1111991) initialized
18-0-44 | Sarka 120 (ownerId:839735782 - pos <5674.346680, 33.233799, 5244.076660> - islocked:true - password:1051997) initialized
18-0-44 | M3S Covered (ownerId:839735782 - pos <5670.653320, 33.270065, 5239.802246> - islocked:true - password:1051997) initialized
18-0-44 | M3S Covered (ownerId:839735782 - pos <5675.893066, 33.265976, 5240.623535> - islocked:true - password:1051997) initialized
18-0-44 | Ada 4x4 (ownerId:839735782 - pos <5858.135742, 44.622536, 4865.352051> - islocked:true - password:1051997) initialized
18-0-44 | MOSKVICH 2140 (ownerId:54276291 - pos <5439.890625, 6.870565, 4639.810059> - islocked:true - password:12348262) initialized
18-0-44 | MOSKVICH 2140 (ownerId:288122462 - pos <6884.190918, 34.121220, 5877.879395> - islocked:true - password:12321123) initialized
18-0-44 | MOSKVICH 2140 (ownerId:137318436 - pos <4304.500488, 3.855534, 4680.526367> - islocked:true - password:20090909) initialized
18-0-44 | MH-6M Little Bird - Desert (ownerId:132652049 - pos <10090.315430, 4.173247, 1179.606201> - islocked:true - password:13579246) initialized
18-0-44 | LUAZ 969 black (ownerId:88929178 - pos <8476.401367, 5.716349, 8811.038086> - islocked:true - password:371400) initialized
18-0-44 | ToyotaHilux Camo2 (ownerId:369601190 - pos <3324.744629, 31.824934, 4728.544434> - islocked:true - password:4031965) initialized
18-0-44 | ToyotaHilux White (ownerId:60592768 - pos <9561.413086, 4.355155, 5944.306641> - islocked:true - password:19651965) initialized
18-0-44 | Olga 24 (ownerId:442990275 - pos <4432.069336, 5.424193, 2870.047363> - islocked:false - password:42014201) initialized
18-0-44 | LUAZ 969 black (ownerId:36527682 - pos <7726.750488, 36.111954, 6073.065918> - islocked:true - password:93991005) initialized
18-9-49 | Olga 24 (ownerId:442990275 - pos <5603.285645, 29.112537, 5349.266113> - islocked:true - password:42014201) new car claimed
18-9-49 | Olga 24 (ownerId:442990275 - pos <5603.285645, 29.112537, 5349.266113> - islocked:true - password:42014201) initialized
18-10-2 | Olga 24 (ownerId:442990275 - pos <5606.680664, 29.151649, 5348.043457> - islocked:true - password:42014201) new car claimed
18-10-2 | Olga 24 (ownerId:442990275 - pos <5606.680664, 29.144531, 5348.043457> - islocked:true - password:42014201) initialized
18-10-16 | Olga 24 (ownerId:442990275 - pos <5610.516602, 29.085983, 5348.447266> - islocked:true - password:42014201) new car claimed
18-10-16 | Olga 24 (ownerId:442990275 - pos <5610.516602, 29.085983, 5348.447266> - islocked:true - password:42014201) initialized
18-10-28 | Sarka 120 (ownerId:442990275 - pos <5614.384277, 29.008905, 5349.065430> - islocked:true - password:42014201) new car claimed
18-10-28 | Sarka 120 (ownerId:442990275 - pos <5614.384277, 29.008905, 5349.065430> - islocked:true - password:42014201) initialized
18-14-52 | Olga 24 (ownerId:442990275 - pos <5610.515137, 28.774448, 5348.459961> - islocked:false - password:42014201) has been deleted
18-20-12 | Olga 24 (ownerId:442990275 - pos <5603.302734, 28.773586, 5349.281250> - islocked:true - password:42014201) has been deleted
18-20-41 | Olga 24 (ownerId:442990275 - pos <5606.692871, 28.832701, 5348.077637> - islocked:true - password:42014201) has been deleted
18-21-7 | Sarka 120 (ownerId:442990275 - pos <5614.379395, 28.690500, 5349.065430> - islocked:true - password:42014201) has been deleted
18-51-2 | Sarka 120 (ownerId:442990275 - pos <5605.858887, 29.010014, 5394.220215> - islocked:true - password:42014201) new car claimed
18-51-2 | Sarka 120 (ownerId:442990275 - pos <5605.858887, 29.010014, 5394.220215> - islocked:true - password:42014201) initialized
18-51-51 | Sarka 120 (ownerId:442990275 - pos <5605.856445, 28.686024, 5394.217285> - islocked:true - password:-1) new car claimed
18-53-26 | Sarka 120 (ownerId:144736642 - pos <5605.856445, 28.686024, 5394.217285> - islocked:true - password:41941941) new car claimed
19-26-44 | ToyotaHilux Camo (ownerId:442990275 - pos <5887.913086, 35.032074, 5212.930664> - islocked:false - password:42014201) has been deleted
19-29-8 | Conqueror (ownerId:442990275 - pos <5609.326172, 28.825327, 5354.323242> - islocked:true - password:42014201) new car claimed
19-29-58 | Conqueror (ownerId:442990275 - pos <5609.326172, 28.825327, 5354.323242> - islocked:false - password:42014201) has been deleted
19-30-54 | Offroad Range Rover Camo (ownerId:442990275 - pos <5612.832520, 28.738350, 5353.765625> - islocked:true - password:42014201) new car claimed
19-31-25 | Offroad Range Rover Camo (ownerId:442990275 - pos <5612.832520, 28.738350, 5353.765625> - islocked:false - password:42014201) has been deleted
19-32-34 | NivaPickup Camo2  (ownerId:442990275 - pos <5615.312012, 28.768663, 5354.222656> - islocked:true - password:42014201) new car claimed
20-21-46 | SUV Camo (ownerId:34611550 - pos <5629.937500, 28.713486, 5367.069824> - islocked:false - password:19892004) has been deleted
20-26-58 | LandCruiser Skul (ownerId:34611550 - pos <5605.278809, 28.637701, 5355.449219> - islocked:true - password:19892004) new car claimed
20-27-56 | LandCruiser Skul (ownerId:34611550 - pos <5605.278809, 28.637701, 5355.449219> - islocked:false - password:19892004) has been deleted
20-28-48 | Offroad Range Rover police  (ownerId:34611550 - pos <5605.253418, 28.757553, 5354.740234> - islocked:true - password:19892004) new car claimed
20-28-55 | Olga 24 (ownerId:442990275 - pos <1942.996216, 9.755429, 8858.645508> - islocked:true - password:42014201) new car claimed
20-28-55 | Olga 24 (ownerId:442990275 - pos <1942.996216, 9.747911, 8858.645508> - islocked:true - password:42014201) initialized
20-29-5 | Olga 24 (ownerId:442990275 - pos <1947.130005, 9.755429, 8858.880859> - islocked:true - password:42014201) new car claimed
20-29-5 | Olga 24 (ownerId:442990275 - pos <1947.130005, 9.755429, 8858.880859> - islocked:true - password:42014201) initialized
20-29-17 | Offroad Range Rover police  (ownerId:34611550 - pos <5605.253418, 28.757553, 5354.740234> - islocked:false - password:19892004) has been deleted
20-30-2 | Toyota Land Cruiser 200 blood  (ownerId:34611550 - pos <5604.922363, 28.725004, 5355.035156> - islocked:true - password:19892004) new car claimed
20-30-28 | Toyota Land Cruiser 200 blood  (ownerId:34611550 - pos <5604.922363, 28.725004, 5355.035156> - islocked:false - password:19892004) has been deleted
20-31-21 | LandCruiser Skul (ownerId:34611550 - pos <5605.179688, 28.637688, 5354.900391> - islocked:true - password:19892004) new car claimed
21-32-31 | Olga 24 (ownerId:34611550 - pos <5236.558105, 4.757797, 12405.970703> - islocked:true - password:19892004) new car claimed
21-32-57 | Olga 24 (ownerId:34611550 - pos <5236.558105, 4.757797, 12405.970703> - islocked:false - password:19892004) has been deleted
22-11-42 | NivaPickup Camo2  (ownerId:442990275 - pos <5928.701660, 37.785549, 5245.145508> - islocked:false - password:42014201) has been deleted
22-14-2 | Nissan warrior Black (ownerId:442990275 - pos <5612.772949, 28.828766, 5354.050781> - islocked:true - password:42014201) new car claimed
22-14-40 | Nissan warrior Black (ownerId:442990275 - pos <5612.772949, 28.828766, 5354.050781> - islocked:false - password:42014201) has been deleted
22-21-9 | SCOUT Black (ownerId:442990275 - pos <5614.442383, 28.707230, 5354.247559> - islocked:true - password:42014201) new car claimed
22-46-3 | Olga 24 (ownerId:442990275 - pos <6187.439453, 27.089569, 14062.103516> - islocked:true - password:42014201) new car claimed
22-46-22 | Olga 24 (ownerId:442990275 - pos <6187.439453, 27.089569, 14062.103516> - islocked:true - password:42014201) has been deleted
23-53-12 | LandCruiser Skul (ownerId:34611550 - pos <4253.203613, 20.495132, 7292.765137> - islocked:false - password:19892004) has been deleted
