Creation Time: 2023_6_15-6-1-14
6-1-14 | YAR_87 Camo2  (ownerId:34611550 - pos <2479.783447, 18.703693, 13963.023438> - islocked:true - password:19892004) initialized
6-1-14 | MH-6M Little Bird - Desert (ownerId:132652049 - pos <10045.665039, 8.208423, 1098.988281> - islocked:false - password:13579246) initialized
6-1-14 | MH-6M Little Bird - Camo (ownerId:369601190 - pos <9885.496094, 23.061436, 10992.030273> - islocked:true - password:80081355) initialized
6-1-14 | ToyotaHilux Camo (ownerId:442990275 - pos <1973.551636, 10.226634, 8862.546875> - islocked:true - password:42014201) initialized
6-1-14 | STR_Camaro_Lesnik_name (ownerId:442990275 - pos <1956.945679, 9.871471, 8871.367188> - islocked:true - password:42014201) initialized
6-1-14 | ToyotaHilux Camo (ownerId:369601190 - pos <1585.865845, 10.096207, 9051.075195> - islocked:false - password:80081355) initialized
6-1-14 | ToyotaHilux White (ownerId:60592768 - pos <9559.656250, 4.320627, 5946.351563> - islocked:true - password:19651965) initialized
6-1-14 | Olga 24 (ownerId:86564395 - pos <12784.178711, 5.557113, 9917.943359> - islocked:true - password:59005900) initialized
6-1-14 | LUAZ 969 black (ownerId:88929178 - pos <4146.067383, 4.054666, 4199.202148> - islocked:true - password:371400) initialized
6-1-14 | MOSKVICH 2140 (ownerId:137318436 - pos <4304.499023, 3.855573, 4680.524902> - islocked:true - password:20090909) initialized
6-1-14 | Olga 24 (ownerId:405166905 - pos <4608.530762, 5.446136, 4793.424316> - islocked:true - password:1111991) initialized
6-1-14 | UAZ_2315 Red (ownerId:405166905 - pos <4616.155762, 5.532291, 4798.595215> - islocked:true - password:1111991) initialized
6-1-14 | MH-6M Little Bird - Camo (ownerId:405166905 - pos <4740.098633, 11.981041, 4817.239258> - islocked:true - password:1111991) initialized
6-1-14 | MOSKVICH 2140 (ownerId:54276291 - pos <5441.227051, 6.785536, 4639.557129> - islocked:true - password:12348262) initialized
6-1-14 | Ada 4x4 (ownerId:839735782 - pos <5859.894531, 44.990215, 4891.105469> - islocked:true - password:1051997) initialized
6-1-14 | LUAZ 969 black (ownerId:36527682 - pos <7718.376953, 36.262543, 6068.660645> - islocked:true - password:93991005) initialized
6-1-14 | Audi RS6 (ownerId:85319837 - pos <5682.163574, 33.493034, 5242.699219> - islocked:true - password:1111110) initialized
6-1-14 | Jeep Wrangler (ownerId:944065078 - pos <5664.309082, 28.974167, 5335.381836> - islocked:false - password:97319731) initialized
6-1-14 | MOSKVICH 2140 (ownerId:288122462 - pos <6883.862793, 34.121418, 5878.005371> - islocked:true - password:12321123) initialized
6-1-14 | Olga 24 (ownerId:501895347 - pos <5644.267578, 28.871805, 5428.939453> - islocked:true - password:42775920) initialized
6-1-14 | Jeep Wrangler Blue (ownerId:34611550 - pos <4246.239258, 21.212748, 7292.730957> - islocked:true - password:19892004) initialized
6-1-14 | MH-6M Little Bird (ownerId:34611550 - pos <4271.984863, 21.744884, 7303.545410> - islocked:true - password:19892004) initialized
6-1-14 | Jeep Wrangler black  (ownerId:308099129 - pos <3929.318359, 12.055122, 7918.307129> - islocked:true - password:9131988) initialized
6-1-14 | STR_EGER_name (ownerId:980466132 - pos <3689.013916, 12.081782, 9772.872070> - islocked:true - password:22392239) initialized
6-1-14 | M3S Covered (ownerId:86564395 - pos <4550.290527, 27.460224, 7875.549805> - islocked:false - password:59005900) initialized
6-1-14 | Sarka 120 (ownerId:144736642 - pos <7348.483887, 7.403640, 8438.595703> - islocked:true - password:41941941) initialized
6-1-14 | Robinson R22 Helicopter (ownerId:249230507 - pos <8098.369141, 13.009298, 9340.552734> - islocked:true - password:33333333) initialized
6-1-14 | M3S Covered (ownerId:249230507 - pos <8083.473145, 12.397231, 9358.617188> - islocked:true - password:33333333) initialized
10-19-33 | Chevrolet Corvette Yellow (ownerId:369601190 - pos <5660.982422, 33.581966, 5246.623535> - islocked:true - password:80081355) new car claimed
10-19-33 | Chevrolet Corvette Yellow (ownerId:369601190 - pos <5660.982422, 33.581966, 5246.623535> - islocked:true - password:80081355) initialized
