Creation Time: 2023_5_26-22-26-47
22-26-47 | Sarka 120 (ownerId:369601190 - pos <5633.337402, 29.271778, 5359.530273> - islocked:true - password:4031965) initialized
22-26-47 | MBB Bo-105m Helicopter - blackcamo (ownerId:132652049 - pos <5674.237305, 29.476894, 5388.618164> - islocked:true - password:86753099) initialized
22-26-47 | Sarka 120 (ownerId:442990275 - pos <5678.124023, 33.355396, 5271.054688> - islocked:true - password:42014201) initialized
22-26-47 | M3S Covered (ownerId:442990275 - pos <5681.013672, 32.781380, 5269.691406> - islocked:true - password:37579090) initialized
22-26-47 | LUAZ 969 rust (ownerId:88929178 - pos <5670.745605, 33.865776, 5240.569824> - islocked:true - password:371400) initialized
22-26-47 | Jeep Wrangler Camo (ownerId:85319837 - pos <5674.652344, 33.884483, 5239.634766> - islocked:false - password:1111110) initialized
22-26-47 | SUV Camo (ownerId:442990275 - pos <6979.274414, 32.639942, 5829.551270> - islocked:true - password:42014201) initialized
22-26-47 | STR_EGER_name (ownerId:6938606 - pos <4248.990234, 21.605030, 7288.755371> - islocked:false - password:20090909) initialized
22-26-47 | Gaz 71 Black (ownerId:137318436 - pos <4248.159180, 21.428879, 7293.649902> - islocked:true - password:20090909) initialized
22-26-47 | UH-60 Blackhawk - blackblackhawk (ownerId:69839805 - pos <4265.625000, 21.234705, 7309.689453> - islocked:true - password:20090909) initialized
22-26-47 | HEMTT black (ownerId:137318436 - pos <4257.228027, 21.540983, 7321.693848> - islocked:true - password:20090909) initialized
22-26-47 | HAMMER_H1 black (ownerId:405166905 - pos <5195.087891, 4.949756, 5315.449219> - islocked:true - password:1111991) initialized
22-26-47 | LUAZ 969 blue (ownerId:354151095 - pos <6972.173340, 14.597522, 5701.597656> - islocked:true - password:4250425) initialized
22-26-47 | UAZ 3909 Khaki1 (ownerId:36527682 - pos <7717.201660, 36.455605, 6070.713867> - islocked:true - password:93991005) initialized
22-26-47 | MOSKVICH 2140 (ownerId:944065078 - pos <6394.414551, 23.181303, 6686.755371> - islocked:false - password:97319731) initialized
22-26-47 | YAR_87 Camo2  (ownerId:34611550 - pos <7502.368652, 3.337732, 5639.484863> - islocked:true - password:19892004) initialized
22-26-47 | Olga 24 (ownerId:36527682 - pos <7733.397461, 36.107769, 6085.733398> - islocked:true - password:10939910) initialized
22-26-47 | MOSKVICH 2140 (ownerId:304057481 - pos <6950.713379, 14.669726, 5719.591309> - islocked:true - password:42687931) initialized
22-26-47 | Ada 4x4 (ownerId:18558559 - pos <3945.644531, 24.960699, 4846.260742> - islocked:true - password:72066666) initialized
22-26-47 | Jeep Wrangler black  (ownerId:132652049 - pos <10675.310547, 3.405123, 3158.458008> - islocked:true - password:17392468) initialized
22-26-47 | Jeep Wrangler (ownerId:288122462 - pos <8283.520508, 5.735123, 8844.367188> - islocked:true - password:12321321) initialized
22-26-47 | Sarka 120 (ownerId:18558559 - pos <9029.999023, 6.586045, 9422.952148> - islocked:true - password:72066666) initialized
22-26-47 | Cougar Camo kamo (ownerId:980466132 - pos <1447.440430, 3.095260, 6767.592285> - islocked:true - password:22392239) initialized
22-26-47 | Toyota Land Cruiser 200 (ownerId:308099129 - pos <3522.994873, 22.781887, 4590.057617> - islocked:true - password:9131988) initialized
22-26-47 | Olga 24 (ownerId:839735782 - pos <3591.364502, 10.841991, 3410.536377> - islocked:true - password:13579086) initialized
