Creation Time: 2023_4_9-0-0-50
0-0-50 | Olga 24 (ownerId:195214598 - pos <5644.634277, 28.435095, 5433.552734> - islocked:true - password:52898989) initialized
0-0-50 | Gunter 2 (ownerId:85319837 - pos <5602.362793, 28.839649, 5347.929199> - islocked:true - password:1111110) initialized
0-0-50 | Robinson R22 Helicopter - Black (ownerId:980466132 - pos <7346.799316, 101.076775, 6032.034180> - islocked:true - password:22392239) initialized
0-0-50 | MH-6M Little Bird - Desert (ownerId:62166080 - pos <11314.961914, 1.718166, 10937.467773> - islocked:false - password:22392239) initialized
0-0-50 | Robinson R22 Helicopter - Black (ownerId:108250772 - pos <8696.025391, 2.231339, 5545.102539> - islocked:false - password:14789632) initialized
0-0-50 | Sarka 120 (ownerId:67657702 - pos <5909.907227, 1.380333, 8396.410156> - islocked:true - password:19944991) initialized
0-0-50 | M3S Covered (ownerId:88929178 - pos <13264.672852, 9.352621, 4688.294434> - islocked:false - password:3070104) initialized
0-0-50 | Ada 4x4 (ownerId:980466132 - pos <6799.799316, 39.178284, 1803.343140> - islocked:true - password:22392239) initialized
0-0-50 | Sarka 120 (ownerId:62166080 - pos <6800.771484, 39.113419, 1806.384033> - islocked:true - password:22392239) initialized
0-0-50 | M3S Covered (ownerId:62166080 - pos <6796.263184, 39.129047, 1809.291748> - islocked:true - password:22392239) initialized
0-0-50 | Robinson R22 Helicopter - Red (ownerId:980466132 - pos <6785.380371, 53.509361, 1837.913452> - islocked:true - password:22392239) initialized
0-0-50 | Sarka 120 (ownerId:980466132 - pos <6795.670898, 39.113354, 1800.476563> - islocked:true - password:22392239) initialized
0-0-50 | UH-60 Blackhawk Cargo (ownerId:980466132 - pos <6771.334961, 53.645706, 1833.264038> - islocked:true - password:22392239) initialized
0-0-50 | UH-60 Blackhawk - Woodland (ownerId:85319837 - pos <3985.975586, 16.854153, 3474.664307> - islocked:true - password:1111110) initialized
0-7-28 | Robinson R22 Helicopter - Black (ownerId:108250772 - pos <5673.941406, 28.763313, 5389.103027> - islocked:true - password:42) new car claimed
0-7-55 | Robinson R22 Helicopter - Black (ownerId:108250772 - pos <5673.941406, 28.763313, 5389.103027> - islocked:true - password:42) has been deleted
0-8-53 | Robinson R22 Helicopter - Black (ownerId:108250772 - pos <5674.994629, 28.763313, 5389.174805> - islocked:true - password:12345678) new car claimed
2-41-38 | Robinson R22 Helicopter (ownerId:940915030 - pos <9511.692383, 105.400116, 3750.646729> - islocked:true - password:11853737) new car claimed
2-44-7 | Sarka 120 (ownerId:940915030 - pos <9511.380859, 102.077271, 3751.732178> - islocked:true - password:11853737) new car claimed
2-47-42 | Eurocopter EC135 Helicopter - BlackCamo (ownerId:85319837 - pos <5664.983398, 33.298115, 5236.966797> - islocked:true - password:9151985) new car claimed
3-28-39 | Eurocopter EC135 Helicopter - BlackCamo (ownerId:85319837 - pos <5664.983398, 33.298115, 5236.966797> - islocked:true - password:9151985) has been deleted
5-41-2 | M3S Covered (ownerId:67657702 - pos <5519.411133, 10.395041, 6204.507813> - islocked:true - password:19944991) new car claimed
