Creation Time: 2023_7_18-6-0-48
6-0-48 | Gunter 2 (ownerId:48698262 - pos <1999.869629, 9.873950, 9051.088867> - islocked:true - password:48151623) initialized
6-0-48 | UAZ 3909 Police (ownerId:60592768 - pos <3231.902344, 3.497940, 1731.629272> - islocked:true - password:13121312) initialized
6-0-48 | Offroad Range Rover police  (ownerId:60592768 - pos <3235.147705, 3.228037, 1724.893188> - islocked:true - password:13121312) initialized
6-0-48 | STR_Camaro_Nest_name (ownerId:60592768 - pos <3245.895752, 3.116042, 1751.001953> - islocked:true - password:13121312) initialized
6-0-48 | STR_EGER_GreenCamo_name (ownerId:197257182 - pos <2774.560059, 70.024002, 4666.657227> - islocked:true - password:48151623) initialized
6-0-48 |  Novator Flecktarn (ownerId:48698262 - pos <2795.262207, 69.814301, 4663.071289> - islocked:true - password:48151623) initialized
6-0-48 | Oshkosh (ownerId:197257182 - pos <2799.743896, 69.918594, 4662.979980> - islocked:true - password:48151623) initialized
6-0-48 | LUAZ 969 red (ownerId:405166905 - pos <6717.172852, 20.536123, 1700.230225> - islocked:true - password:11111111) initialized
6-0-48 | Sarka 120 (ownerId:119311623 - pos <3402.778076, 23.248726, 6189.948730> - islocked:true - password:7101993) initialized
6-0-48 | URAL 4320 KUNG (ownerId:88929178 - pos <4421.651855, 7.278509, 4606.827148> - islocked:true - password:371400) initialized
6-0-48 | UH-60 Blackhawk - blackblackhawk (ownerId:88929178 - pos <4425.316406, 11.961938, 4605.782227> - islocked:true - password:371400) initialized
6-0-48 | Gunter 2 (ownerId:218588421 - pos <3804.373047, 7.074002, 5908.255371> - islocked:true - password:3081984) initialized
6-0-48 | Toyota Land Cruiser 200 Camo2  (ownerId:523450192 - pos <5904.081543, 37.121716, 5221.671387> - islocked:true - password:22392239) initialized
6-0-48 | STR_EGER_GreenCamo_name (ownerId:523991778 - pos <5899.112305, 37.135513, 5221.917480> - islocked:true - password:22392239) initialized
6-0-48 | MH-6M Little Bird - Camo (ownerId:523450192 - pos <5891.178711, 41.853737, 5228.797363> - islocked:true - password:22392239) initialized
6-0-48 | UAZ_2315 Red (ownerId:369601190 - pos <5659.728516, 33.910397, 5239.604004> - islocked:true - password:45645645) initialized
6-0-48 | UH-60 Blackhawk - Budhawk (ownerId:369601190 - pos <5663.091309, 34.098660, 5232.193359> - islocked:true - password:54879586) initialized
6-0-48 | Robinson R22 Helicopter - Red (ownerId:108250772 - pos <5660.425293, 33.658649, 5254.447266> - islocked:true - password:11111111) initialized
6-0-48 | Olga 24 (ownerId:526094573 - pos <5671.993164, 33.741695, 5279.818359> - islocked:true - password:77899511) initialized
6-0-48 | UAZ 3909 Beige (ownerId:795695470 - pos <5624.190430, 29.497904, 5349.877441> - islocked:true - password:8031991) initialized
6-0-48 | Nissan warrior Camo (ownerId:48698262 - pos <5638.169922, 29.223919, 5358.595215> - islocked:true - password:48151623) initialized
6-0-48 | Velociraptor6x6 Camo2  (ownerId:407766611 - pos <5626.753906, 29.525585, 5374.711426> - islocked:true - password:55555552) initialized
6-0-48 | MH-6M Little Bird - Camo (ownerId:132652049 - pos <5679.368652, 30.092625, 5388.674805> - islocked:true - password:9021997) initialized
6-0-48 | Ada 4x4 (ownerId:369601190 - pos <5668.542969, 29.263367, 5470.100586> - islocked:true - password:42014201) initialized
6-0-48 | MOSKVICH 2140 (ownerId:882346394 - pos <6656.562988, 15.562293, 6329.310547> - islocked:true - password:42091103) initialized
6-0-48 | BMW X5 Flecktarn (ownerId:53415379 - pos <4262.794434, 20.914972, 7258.721191> - islocked:true - password:7101993) initialized
6-0-48 | Oshkosh grey (ownerId:64819467 - pos <4275.676270, 21.358603, 7271.528320> - islocked:true - password:7101993) initialized
6-0-48 | Toyota Land Cruiser 200 Camo (ownerId:119311623 - pos <4269.519531, 21.010042, 7264.751465> - islocked:true - password:7101993) initialized
6-0-48 | ToyotaHilux rust (ownerId:526094573 - pos <5360.789551, 3.341205, 7457.453125> - islocked:false - password:77899511) initialized
6-0-48 | Offroad Range Rover Yellow  (ownerId:103808025 - pos <6428.829590, 69.333969, 9578.216797> - islocked:true - password:55677777) initialized
6-0-48 | MUSTANG Red (ownerId:407766611 - pos <9997.804688, 22.648695, 11025.042969> - islocked:false - password:55555552) initialized
6-0-48 | SCOUT Black (ownerId:442990275 - pos <10797.257813, 6.246212, 10610.303711> - islocked:true - password:37579090) initialized
6-0-48 | Olga 24 (ownerId:442990275 - pos <12420.338867, 7.133776, 9929.076172> - islocked:true - password:42014201) initialized
7-0-42 | Olga 24 (ownerId:442990275 - pos <10802.957031, 5.437701, 10608.973633> - islocked:false - password:42014201) has been deleted
9-0-43 | HAMMER_H1 (ownerId:262549311 - pos <5680.395996, 33.010513, 5272.880371> - islocked:true - password:24680000) new car claimed
