Creation Time: 2023_4_12-0-0-51
0-0-51 | Gunter 2 (ownerId:85319837 - pos <5659.732422, 32.422810, 5261.849609> - islocked:false - password:1111110) has been deleted
0-0-51 | Olga 24 (ownerId:195214598 - pos <5644.250000, 28.393169, 5433.765137> - islocked:true - password:52898989) initialized
0-0-51 | M3S Covered (ownerId:108250772 - pos <5633.070313, 29.492773, 5423.004883> - islocked:true - password:78945612) initialized
0-0-51 | Olga 24 (ownerId:288122462 - pos <5667.418945, 28.958996, 5408.282715> - islocked:true - password:12011152) initialized
0-0-51 | Olga 24 (ownerId:965259563 - pos <5634.365723, 28.028494, 5329.345215> - islocked:false - password:11367275) initialized
0-0-51 | UH-60 Blackhawk - blackblackhawk (ownerId:195214598 - pos <5670.368652, 34.044292, 5239.873047> - islocked:true - password:89895252) initialized
0-0-51 | UH-60 Blackhawk - blackblackhawk (ownerId:71319946 - pos <5658.453613, 34.183880, 5233.324707> - islocked:true - password:19944991) initialized
0-0-51 | Robinson R22 Helicopter (ownerId:195214598 - pos <6914.961426, 2.684959, 7082.412109> - islocked:true - password:52528989) initialized
0-0-51 | Sarka 120 (ownerId:980466132 - pos <7344.983398, 65.536026, 6033.244141> - islocked:false - password:22392239) initialized
0-0-51 | Robinson R22 Helicopter - Black (ownerId:980466132 - pos <7344.740234, 101.076912, 6032.527344> - islocked:true - password:22392239) initialized
0-0-51 | Olga 24 (ownerId:62166080 - pos <11179.254883, 5.801239, 11238.514648> - islocked:true - password:22392239) initialized
0-0-51 | Robinson R22 Helicopter (ownerId:940915030 - pos <9512.575195, 102.761200, 3733.148193> - islocked:true - password:11853737) initialized
0-0-51 | Sarka 120 (ownerId:940915030 - pos <9511.229492, 102.703018, 3751.685303> - islocked:true - password:11853737) initialized
0-0-51 | M3S Covered (ownerId:62166080 - pos <6796.282715, 39.129261, 1809.294556> - islocked:true - password:22392239) initialized
0-0-51 | Ada 4x4 (ownerId:980466132 - pos <6795.198730, 39.193413, 1804.034546> - islocked:true - password:22392239) initialized
0-0-51 | UH-60 Blackhawk Cargo (ownerId:980466132 - pos <6789.833008, 39.259407, 1855.992432> - islocked:false - password:22392239) initialized
0-0-51 | MH-6M Little Bird - Desert (ownerId:62166080 - pos <6772.994629, 55.366890, 1847.963379> - islocked:true - password:22392239) initialized
0-0-51 | Gunter 2 (ownerId:965259563 - pos <3752.477783, 5.663723, 2572.407227> - islocked:true - password:11367275) initialized
0-0-51 | M3S Covered (ownerId:965259563 - pos <3756.729980, 5.599054, 2571.685547> - islocked:true - password:11367275) initialized
0-0-51 | Robinson R22 Helicopter (ownerId:965259563 - pos <4428.257324, 6.180542, 2904.960693> - islocked:true - password:11367275) initialized
0-0-51 | UH-60 Blackhawk - Woodland (ownerId:85319837 - pos <3985.975342, 16.854156, 3474.664307> - islocked:true - password:1111110) initialized
0-0-51 | M3S Covered (ownerId:67657702 - pos <10219.412109, 20.389994, 7930.020020> - islocked:true - password:19944991) initialized
0-0-51 | Robinson R22 Helicopter - Black (ownerId:108250772 - pos <8696.025391, 2.231342, 5545.102539> - islocked:false - password:14789632) initialized
0-0-51 | Sarka 120 (ownerId:67657702 - pos <5909.753906, 1.365199, 8396.586914> - islocked:true - password:19944991) initialized
1-33-23 | Sarka 120 (ownerId:67657702 - pos <5909.781250, 0.739757, 8396.530273> - islocked:true - password:19944991) has been deleted
2-37-32 | UH-60 Blackhawk - blackblackhawk (ownerId:71319946 - pos <10198.591797, 17.695646, 7929.666016> - islocked:false - password:19944991) has been deleted
