Creation Time: 2023_8_1-18-0-57
18-0-57 | BMW X5 Red (ownerId:59769977 - pos <4428.619629, 5.312844, 12404.168945> - islocked:true - password:19891604) initialized
18-0-57 | Offroad Range Rover police  (ownerId:60592768 - pos <3234.645508, 3.228037, 1725.416992> - islocked:true - password:13121312) initialized
18-0-57 | UAZ 3909 Police (ownerId:60592768 - pos <3233.324951, 3.497946, 1730.785156> - islocked:true - password:13121312) initialized
18-0-57 | STR_Camaro_Nest_name (ownerId:60592768 - pos <6081.368652, 6.340247, 14745.530273> - islocked:true - password:13121312) initialized
18-0-57 | Robinson R22 Helicopter - Black (ownerId:521855408 - pos <4627.403809, 5.359395, 15354.803711> - islocked:true - password:9102021) initialized
18-0-57 | LUAZ 969 red (ownerId:405166905 - pos <7539.680664, 88.256348, 4608.513672> - islocked:true - password:1111991) initialized
18-0-57 | Gelenvagen carbon (ownerId:88929178 - pos <7724.442383, 6.814730, 6788.958496> - islocked:false - password:371400) initialized
18-0-57 | MH-6M Little Bird - Camo (ownerId:88929178 - pos <7718.265625, 13.613747, 6787.904785> - islocked:true - password:371400) initialized
18-0-57 | BMW (rust) (ownerId:447071218 - pos <1741.973145, 9.759254, 8917.308594> - islocked:false - password:15148636) initialized
18-0-57 | HAMMER_H1 (ownerId:965259563 - pos <2073.788574, 9.924915, 9115.863281> - islocked:true - password:54146888) initialized
18-0-57 | AH-64 Apache Longbow (ownerId:442990275 - pos <1986.665405, 46.102470, 9025.825195> - islocked:true - password:37579090) initialized
18-0-57 | MH-6M Little Bird - Camo (ownerId:132652049 - pos <1992.576050, 45.808285, 9015.188477> - islocked:true - password:9021997) initialized
18-0-57 | MH-6M Little Bird (ownerId:442990275 - pos <2050.961182, 10.572620, 9042.864258> - islocked:true - password:37579090) initialized
18-0-57 | UAZ HUNTER (ownerId:93344906 - pos <2168.211426, 5.156847, 8242.485352> - islocked:true - password:29292900) initialized
18-0-57 | MOSKVICH 2140 (ownerId:288122462 - pos <3657.422363, 20.914583, 6515.144043> - islocked:true - password:12321123) initialized
18-0-57 | BMW X5 Red (ownerId:119311623 - pos <4246.553711, 21.092596, 7292.650879> - islocked:true - password:7101993) initialized
18-0-57 | Nissan warrior Camo (ownerId:119311623 - pos <4249.203125, 21.283245, 7296.087891> - islocked:true - password:7101993) initialized
18-0-57 | BMW X5 Black (ownerId:215888376 - pos <4253.251465, 21.092596, 7299.220215> - islocked:true - password:7101993) initialized
18-0-57 | Oshkosh grey (ownerId:64819467 - pos <4245.043457, 21.536228, 7274.150879> - islocked:true - password:7101993) initialized
18-0-57 | UH-60 Blackhawk - blackblackhawk (ownerId:119311623 - pos <4271.242188, 21.234701, 7298.812500> - islocked:true - password:7101993) initialized
18-0-57 | Gunter 2 (ownerId:218588421 - pos <3805.967773, 6.893085, 5906.687988> - islocked:true - password:3081984) initialized
18-0-57 | Velociraptor6x6 Camo2  (ownerId:262549311 - pos <7193.149902, 61.642944, 5886.734375> - islocked:true - password:24680000) initialized
18-0-57 | MUSTANG Red (ownerId:327529037 - pos <3978.945068, 25.699396, 4830.759277> - islocked:true - password:10801080) initialized
18-0-57 | URAL 4320 KUNG (ownerId:93344906 - pos <3964.005859, 26.038013, 4862.280762> - islocked:true - password:29290000) initialized
18-0-57 | Gaz 71 Black (ownerId:93344906 - pos <3965.003418, 25.741255, 4853.885254> - islocked:true - password:29292900) initialized
18-0-57 | MH-6M Little Bird - Camo (ownerId:197257182 - pos <3947.881836, 36.709953, 4811.562012> - islocked:true - password:48151623) initialized
18-0-57 | M3S Covered (ownerId:40055959 - pos <8933.007813, 5.866847, 10443.360352> - islocked:true - password:19711971) initialized
18-0-57 | UAZ 3909 Khaki2 (ownerId:60458244 - pos <8926.184570, 6.662852, 10459.575195> - islocked:false - password:19711971) initialized
18-0-57 | Offroad Range Rover Yellow  (ownerId:103808025 - pos <7264.238281, 602.155884, 11730.521484> - islocked:true - password:55677777) initialized
18-0-57 | UH-60 Blackhawk Cargo (ownerId:119248354 - pos <5629.351563, 29.416359, 5379.180664> - islocked:true - password:11082007) initialized
18-0-57 | LUAZ 969 (ownerId:75086644 - pos <5675.830566, 29.296124, 5385.397461> - islocked:true - password:10182009) initialized
18-0-57 | UH-60 Blackhawk - blackblackhawk (ownerId:447071218 - pos <8963.965820, 5.898899, 8798.579102> - islocked:true - password:15148636) initialized
18-0-57 | Gunter 2 (ownerId:48698262 - pos <5667.066895, 33.963909, 5245.087402> - islocked:true - password:48151623) initialized
18-0-57 | Ada 4x4 (ownerId:369601190 - pos <5474.474609, 15.605274, 4931.196289> - islocked:true - password:42014201) initialized
18-0-57 | UAZ 3909 Beige (ownerId:795695470 - pos <5468.091797, 15.597900, 4924.884766> - islocked:true - password:8031991) initialized
18-0-57 | Velociraptor6x6 Camo (ownerId:407766611 - pos <5977.549316, 14.299564, 4972.379883> - islocked:true - password:80081355) initialized
18-0-57 | Chevrolet Corvette (ownerId:407766611 - pos <6000.451172, 13.610808, 4982.084473> - islocked:true - password:55252252) initialized
18-0-57 | Velociraptor6x6 Camo2  (ownerId:407766611 - pos <5981.119141, 14.263227, 4965.184570> - islocked:true - password:80081355) initialized
18-0-57 | MUSTANG white (ownerId:407766611 - pos <5999.725098, 14.013288, 4970.766113> - islocked:true - password:55252252) initialized
18-0-57 | Mercedes-Benz W140 Blue (ownerId:407766611 - pos <6048.839844, 12.806667, 4962.540527> - islocked:true - password:371400) initialized
18-0-57 | BMW black (ownerId:407766611 - pos <6045.526367, 12.807506, 4956.933105> - islocked:true - password:80081355) initialized
18-0-57 | BMW X5 White  (ownerId:407766611 - pos <6061.447266, 12.869502, 4955.029297> - islocked:true - password:80081355) initialized
18-0-57 | BMW lightgreen (ownerId:407766611 - pos <6051.255371, 12.791175, 4957.365234> - islocked:true - password:80081355) initialized
18-0-57 | Jeep Wrangler Camo (ownerId:526094573 - pos <5678.822754, 33.556446, 5273.475586> - islocked:false - password:11025255) initialized
18-0-57 | MOSKVICH 2140 (ownerId:882346394 - pos <6662.157715, 15.562317, 6318.679199> - islocked:true - password:42091103) initialized
18-0-57 | Olga 24 (ownerId:327529037 - pos <6687.672852, 15.688724, 6302.988281> - islocked:false - password:29292900) initialized
18-0-57 | STR_SCOUT_snik2_name (ownerId:24259541 - pos <8453.789063, 190.722244, 12384.951172> - islocked:true - password:17500720) initialized
19-55-51 | Oshkosh (ownerId:511479797 - pos <3962.692139, 25.323517, 4803.601074> - islocked:true - password:27181500) new car claimed
19-55-51 | Oshkosh (ownerId:511479797 - pos <3962.692139, 25.323517, 4803.601074> - islocked:true - password:27181500) initialized
19-56-55 | Oshkosh (ownerId:511479797 - pos <3962.694092, 25.077246, 4803.602539> - islocked:true - password:27181500) has been deleted
20-31-42 | STR_Camaro_Sibirs_name (ownerId:369601190 - pos <5655.788574, 33.520779, 5253.319336> - islocked:true - password:55555552) new car claimed
20-31-42 | STR_Camaro_Sibirs_name (ownerId:369601190 - pos <5655.788574, 33.520779, 5253.319336> - islocked:true - password:55555552) initialized
20-43-6 | UH-60 Blackhawk - Budhawk (ownerId:511479797 - pos <5619.484375, 29.009998, 5405.991211> - islocked:true - password:27181500) new car claimed
20-43-6 | UH-60 Blackhawk - Budhawk (ownerId:511479797 - pos <5619.484375, 29.009998, 5405.991211> - islocked:true - password:27181500) initialized
20-43-35 | STR_Camaro_Sibirs_name (ownerId:369601190 - pos <9904.064453, 21.758759, 11005.400391> - islocked:false - password:55555552) has been deleted
20-49-37 |  Novator Flecktarn (ownerId:369601190 - pos <9897.560547, 22.205206, 11020.241211> - islocked:true - password:80081355) new car claimed
20-49-37 |  Novator Flecktarn (ownerId:369601190 - pos <9897.560547, 22.205206, 11020.241211> - islocked:true - password:80081355) initialized
20-50-26 | UAZ HUNTER (ownerId:93344906 - pos <5601.873047, 28.640589, 5359.182617> - islocked:false - password:29292900) has been deleted
20-52-46 |  Novator Flecktarn (ownerId:369601190 - pos <9897.562500, 22.027147, 11020.239258> - islocked:false - password:80081355) has been deleted
20-53-11 | Romani4 (ownerId:369601190 - pos <9884.753906, 22.205206, 11012.546875> - islocked:true - password:80081355) new car claimed
20-53-11 | Romani4 (ownerId:369601190 - pos <9884.753906, 22.205206, 11012.546875> - islocked:true - password:80081355) initialized
20-53-20 | UAZ HUNTER (ownerId:93344906 - pos <5603.487305, 29.010040, 5356.977051> - islocked:true - password:29292900) new car claimed
20-53-20 | UAZ HUNTER (ownerId:93344906 - pos <5603.487305, 29.010040, 5356.977051> - islocked:true - password:29292900) initialized
20-54-3 | UH-60 Blackhawk - Budhawk (ownerId:511479797 - pos <6635.886719, 129.886551, 10764.982422> - islocked:false - password:27181500) has been deleted
20-54-15 | Romani4 (ownerId:369601190 - pos <9884.752930, 21.978365, 11012.549805> - islocked:false - password:80081355) has been deleted
20-54-58 | Mercedes-Benz W140 gold (ownerId:369601190 - pos <9882.717773, 22.205206, 11011.306641> - islocked:true - password:80081355) new car claimed
20-54-58 | Mercedes-Benz W140 gold (ownerId:369601190 - pos <9882.717773, 22.205206, 11011.306641> - islocked:true - password:80081355) initialized
20-57-15 | UH-60 Blackhawk - Budhawk (ownerId:511479797 - pos <7148.964355, 184.694473, 10812.397461> - islocked:true - password:27181500) new car claimed
20-57-15 | UH-60 Blackhawk - Budhawk (ownerId:511479797 - pos <7148.964355, 184.694473, 10812.397461> - islocked:true - password:27181500) initialized
21-0-53 | UH-60 Blackhawk - Budhawk (ownerId:511479797 - pos <8205.165039, 171.878906, 11994.989258> - islocked:false - password:27181500) has been deleted
21-6-34 | Mercedes-Benz W140 gold (ownerId:369601190 - pos <9699.391602, 21.050642, 12117.097656> - islocked:false - password:80081355) has been deleted
21-10-32 | ToyotaHilux Camo (ownerId:369601190 - pos <8776.580078, 52.385265, 12249.343750> - islocked:true - password:55555552) new car claimed
21-10-32 | ToyotaHilux Camo (ownerId:369601190 - pos <8776.580078, 52.385265, 12249.343750> - islocked:true - password:55555552) initialized
21-11-12 | UAZ469 (camo1) (ownerId:93344906 - pos <5596.536133, 28.558331, 5362.258301> - islocked:true - password:29292900) new car claimed
21-22-31 | UH-60 Blackhawk - Budhawk (ownerId:511479797 - pos <8318.806641, 160.003250, 12211.134766> - islocked:true - password:27181500) new car claimed
21-22-31 | UH-60 Blackhawk - Budhawk (ownerId:511479797 - pos <8318.806641, 160.003250, 12211.134766> - islocked:true - password:27181500) initialized
21-34-0 | ToyotaHilux Camo (ownerId:369601190 - pos <8776.877930, 52.101673, 12249.174805> - islocked:false - password:55555552) has been deleted
21-42-20 | MH-6M Little Bird (ownerId:17954802 - pos <3791.481689, 18.071732, 2581.990967> - islocked:true - password:20090909) new car claimed
21-42-20 | MH-6M Little Bird (ownerId:17954802 - pos <3791.481689, 18.065619, 2581.990967> - islocked:true - password:20090909) initialized
21-43-16 | Mercedes-Benz W140 gold (ownerId:369601190 - pos <9654.160156, 30.099157, 11506.919922> - islocked:true - password:80081355) new car claimed
21-43-16 | Mercedes-Benz W140 gold (ownerId:369601190 - pos <9654.160156, 30.099157, 11506.919922> - islocked:true - password:80081355) initialized
22-35-0 | MH-6M Little Bird (ownerId:17954802 - pos <3789.497559, 17.700117, 2581.629639> - islocked:false - password:20090909) has been deleted
22-37-33 | SUV US (ownerId:17954802 - pos <3773.401611, 6.126965, 2587.678467> - islocked:true - password:20090909) new car claimed
22-37-33 | SUV US (ownerId:17954802 - pos <3773.401611, 6.126965, 2587.678467> - islocked:true - password:20090909) initialized
23-26-24 | MH-6M Little Bird (ownerId:17954802 - pos <5356.937500, 34.778214, 625.974915> - islocked:true - password:20090909) new car claimed
23-26-24 | MH-6M Little Bird (ownerId:17954802 - pos <5356.937500, 34.771988, 625.974915> - islocked:true - password:20090909) initialized
23-34-49 | MH-6M Little Bird (ownerId:17954802 - pos <5348.332031, 34.107643, 621.240540> - islocked:true - password:20090909) has been deleted
