Creation Time: 2023_7_22-7-18-56
7-18-56 | MH-6M Little Bird - Camo (ownerId:132652049 - pos <3688.912109, 12.462160, 9757.346680> - islocked:false - password:9021997) initialized
7-18-56 | UAZ HUNTER (ownerId:447071218 - pos <8285.131836, 5.814904, 8852.458984> - islocked:true - password:15148636) initialized
7-18-56 | BMW X5 Flecktarn (ownerId:53415379 - pos <9754.820313, 12.909653, 10787.258789> - islocked:true - password:7101993) initialized
7-18-56 | UAZ469 (ownerId:40055959 - pos <8929.392578, 6.384640, 10450.890625> - islocked:true - password:19711971) initialized
7-18-56 | MH-6M Little Bird - Camo (ownerId:119248354 - pos <4040.623047, 32.723637, 15521.877930> - islocked:true - password:48151623) initialized
7-18-56 | SCOUT Black (ownerId:442990275 - pos <2004.560425, 9.957123, 9029.840820> - islocked:true - password:37579090) initialized
7-18-56 | LUAZ 969 red (ownerId:405166905 - pos <5356.917969, 35.382145, 641.903687> - islocked:true - password:11111111) initialized
7-18-56 | UAZ 3909 Police (ownerId:60592768 - pos <3231.810303, 3.497946, 1732.097168> - islocked:true - password:13121312) initialized
7-18-56 | STR_Camaro_Nest_name (ownerId:60592768 - pos <3246.134521, 3.116042, 1750.852173> - islocked:true - password:13121312) initialized
7-18-56 | ToyotaHilux rust (ownerId:526094573 - pos <3590.747070, 10.953355, 3409.768066> - islocked:true - password:11012255) initialized
7-18-56 | STR_EGER_GreenCamo_name (ownerId:197257182 - pos <2802.367920, 69.987404, 4663.776855> - islocked:true - password:48151623) initialized
7-18-56 | Oshkosh (ownerId:197257182 - pos <2799.506104, 69.918602, 4663.191895> - islocked:true - password:48151623) initialized
7-18-56 |  Novator Flecktarn (ownerId:48698262 - pos <2795.422852, 69.814301, 4663.095215> - islocked:true - password:48151623) initialized
7-18-56 | Gaz 71 Black (ownerId:119248354 - pos <2782.143066, 69.946228, 4692.520996> - islocked:true - password:11082007) initialized
7-18-56 | Gunter 2 (ownerId:218588421 - pos <3803.700684, 7.098220, 5907.991211> - islocked:true - password:3081984) initialized
7-18-56 | UAZ_2315 (ownerId:442990275 - pos <3960.855225, 25.494844, 4850.236328> - islocked:true - password:42014201) initialized
7-18-56 | BMW (ownerId:442990275 - pos <3961.699219, 25.289433, 4858.007324> - islocked:true - password:42014201) initialized
7-18-56 | Mercedes-Benz W140 Blue (ownerId:88929178 - pos <4425.843262, 6.630321, 4607.331543> - islocked:true - password:371400) initialized
7-18-56 | MH-6M Little Bird - Camo (ownerId:88929178 - pos <4424.291016, 12.575536, 4603.776855> - islocked:true - password:371400) initialized
7-18-56 | ToyotaHilux rust (ownerId:407766611 - pos <5642.185547, 34.851807, 5232.143555> - islocked:true - password:55889789) initialized
7-18-56 | PONTIAC (rust) (ownerId:119248354 - pos <5676.914551, 33.593899, 5273.413574> - islocked:true - password:22940000) initialized
7-18-56 | Olga 24 (ownerId:795695470 - pos <5671.736816, 33.605686, 5277.870117> - islocked:true - password:8031991) initialized
7-18-56 | Gunter 2 (ownerId:48698262 - pos <5640.079590, 28.870579, 5330.503418> - islocked:true - password:48151623) initialized
7-18-56 | LUAZ 969 rust (ownerId:127107249 - pos <5606.220703, 29.413757, 5348.939941> - islocked:false - password:12186270) initialized
7-18-56 | Chevrolet Corvette kamo (ownerId:89279995 - pos <5612.964355, 29.188240, 5347.409668> - islocked:true - password:20090909) initialized
7-18-56 | Opel Astra Chrome (ownerId:127107249 - pos <5657.260254, 28.837442, 5380.114258> - islocked:true - password:12186270) initialized
7-18-56 | UAZ 3909 Beige (ownerId:795695470 - pos <5623.719238, 29.497898, 5350.632324> - islocked:true - password:8031991) initialized
7-18-56 | Velociraptor6x6 Camo (ownerId:407766611 - pos <5617.015625, 29.525604, 5384.520508> - islocked:true - password:55555552) initialized
7-18-56 | Velociraptor6x6 Camo2  (ownerId:407766611 - pos <5622.043457, 29.525606, 5388.284180> - islocked:true - password:55555552) initialized
7-18-56 | MH-6M Little Bird - Camo (ownerId:523450192 - pos <5891.183594, 41.853741, 5228.957031> - islocked:true - password:22392239) initialized
7-18-56 | Jeep Wrangler green  (ownerId:523450192 - pos <5904.578125, 37.192188, 5221.490723> - islocked:true - password:22392239) initialized
7-18-56 | STR_EGER_GreenCamo_name (ownerId:523991778 - pos <5898.476074, 37.082607, 5221.344238> - islocked:true - password:22392239) initialized
7-18-56 | Ada 4x4 (ownerId:369601190 - pos <5668.551270, 29.263878, 5470.107422> - islocked:true - password:42014201) initialized
7-18-56 | Velociraptor6x6 Camo2  (ownerId:262549311 - pos <7191.386230, 61.689964, 5885.649902> - islocked:true - password:24680000) initialized
7-18-56 | MOSKVICH 2140 (ownerId:882346394 - pos <6662.088867, 15.562313, 6318.776367> - islocked:true - password:42091103) initialized
7-18-56 | Toyota Land Cruiser 200 Camo (ownerId:119311623 - pos <4267.058594, 21.009899, 7262.595703> - islocked:false - password:7101993) initialized
7-18-56 | Nissan warrior Camo (ownerId:119311623 - pos <4249.213379, 21.283247, 7298.089355> - islocked:true - password:7101993) initialized
7-18-56 | Oshkosh grey (ownerId:64819467 - pos <4276.375488, 21.358604, 7272.561523> - islocked:true - password:7101993) initialized
7-18-56 | Offroad Range Rover police  (ownerId:60592768 - pos <6071.671387, 33.522228, 6949.636230> - islocked:true - password:13121312) initialized
7-18-56 | Offroad Range Rover Yellow  (ownerId:103808025 - pos <6410.423340, 68.792801, 9555.020508> - islocked:true - password:55677777) initialized
7-24-17 | Olga 24 (ownerId:40055959 - pos <10146.755859, 21.757772, 10834.549805> - islocked:true - password:19711971) new car claimed
8-8-18 | Fennek BIOHAZARD (ownerId:119248354 - pos <13955.803711, 3.734001, 2213.412842> - islocked:true - password:11082007) new car claimed
8-20-33 | Fennek BIOHAZARD (ownerId:119248354 - pos <13955.803711, 3.734001, 2213.412842> - islocked:false - password:11082007) has been deleted
8-37-51 | Fennek BIOHAZARD (ownerId:119248354 - pos <5626.352051, 29.010014, 5373.150391> - islocked:true - password:11082007) new car claimed
8-37-51 | Fennek BIOHAZARD (ownerId:119248354 - pos <5626.352051, 29.010014, 5373.150391> - islocked:true - password:11082007) initialized
9-43-31 | Sarka 120 (ownerId:442990275 - pos <5651.518066, 29.010021, 5416.633789> - islocked:true - password:42014201) new car claimed
9-43-31 | Sarka 120 (ownerId:442990275 - pos <5651.518066, 29.010021, 5416.633789> - islocked:true - password:42014201) initialized
9-43-52 | M3S Covered (ownerId:442990275 - pos <5643.776855, 28.977655, 5421.667480> - islocked:true - password:42014201) new car claimed
9-43-52 | M3S Covered (ownerId:442990275 - pos <5643.776855, 28.971369, 5421.667480> - islocked:true - password:42014201) initialized
9-44-27 | M3S Covered (ownerId:442990275 - pos <5643.775391, 28.669350, 5421.650391> - islocked:true - password:42014201) has been deleted
9-55-7 | Sarka 120 (ownerId:442990275 - pos <3973.138916, 24.896053, 4865.210449> - islocked:false - password:42014201) has been deleted
10-16-43 | BMW (ownerId:442990275 - pos <3961.690186, 24.839745, 4858.053223> - islocked:false - password:42014201) has been deleted
10-23-11 | Velociraptor6x6 Camo2  (ownerId:262549311 - pos <7191.125488, 60.902279, 5886.435547> - islocked:false - password:24680000) has been deleted
10-23-23 | Velociraptor6x6 Camo2  (ownerId:262549311 - pos <7188.022949, 61.061050, 5898.515137> - islocked:true - password:24680000) new car claimed
10-23-23 | Velociraptor6x6 Camo2  (ownerId:262549311 - pos <7188.022949, 61.061050, 5898.515137> - islocked:true - password:24680000) initialized
10-26-39 | Velociraptor6x6 Camo2  (ownerId:262549311 - pos <7188.021973, 60.790165, 5898.514648> - islocked:false - password:24680000) has been deleted
10-34-31 | Velociraptor6x6 Camo2  (ownerId:262549311 - pos <7189.176758, 61.053062, 5898.807617> - islocked:true - password:24680000) new car claimed
10-34-31 | Velociraptor6x6 Camo2  (ownerId:262549311 - pos <7189.176758, 61.053062, 5898.807617> - islocked:true - password:24680000) initialized
10-37-38 | UH-60 Blackhawk - Budhawk (ownerId:369601190 - pos <5661.835938, 33.606911, 5241.242676> - islocked:true - password:54879586) new car claimed
10-37-38 | UH-60 Blackhawk - Budhawk (ownerId:369601190 - pos <5661.835938, 33.606911, 5241.242676> - islocked:true - password:54879586) initialized
10-41-13 | Velociraptor6x6 Camo2  (ownerId:262549311 - pos <5040.147461, 13.160904, 9044.264648> - islocked:false - password:24680000) has been deleted
11-2-40 | UAZ 3909 Ambulance (ownerId:521855408 - pos <9312.724609, 31.247898, 5350.229004> - islocked:true - password:9102021) new car claimed
11-2-40 | UAZ 3909 Ambulance (ownerId:521855408 - pos <9312.724609, 31.247898, 5350.229004> - islocked:true - password:9102021) initialized
11-26-3 | ToyotaHilux rust (ownerId:407766611 - pos <5642.133789, 34.125298, 5232.152832> - islocked:false - password:55889789) has been deleted
11-29-18 | Velociraptor6x6 Camo2  (ownerId:262549311 - pos <8604.388672, 6.859006, 5023.024902> - islocked:true - password:24680000) new car claimed
11-29-18 | Velociraptor6x6 Camo2  (ownerId:262549311 - pos <8604.388672, 6.859006, 5023.024902> - islocked:true - password:24680000) initialized
