Creation Time: 2023_5_23-6-0-47
6-0-47 | Cougar Camo kamo (ownerId:980466132 - pos <1447.440674, 3.095254, 6767.592285> - islocked:true - password:22392239) initialized
6-0-47 | Jeep Wrangler black  (ownerId:132652049 - pos <10663.982422, 3.405122, 3151.652100> - islocked:false - password:17392468) initialized
6-0-47 | ToyotaHilux Red (ownerId:60592768 - pos <9562.668945, 4.356299, 5943.359863> - islocked:true - password:19651965) initialized
6-0-47 | Jeep Wrangler (ownerId:288122462 - pos <8283.956055, 5.735122, 8845.133789> - islocked:false - password:12321321) initialized
6-0-47 | UAZ_2315 Camo2 (ownerId:442990275 - pos <2124.895752, 15.129843, 9180.123047> - islocked:true - password:42014201) initialized
6-0-47 | UAZ 3909 Khaki1 (ownerId:36527682 - pos <7718.836426, 36.424042, 6070.978516> - islocked:true - password:93991005) initialized
6-0-47 | Olga 24 (ownerId:36527682 - pos <7733.397461, 36.107788, 6085.732910> - islocked:true - password:10939910) initialized
6-0-47 | YAR_87 Camo2  (ownerId:34611550 - pos <7501.578613, 3.352614, 5638.128906> - islocked:true - password:19892004) initialized
6-0-47 | LUAZ 969 blue (ownerId:354151095 - pos <6972.173340, 14.597515, 5701.598633> - islocked:true - password:4250425) initialized
6-0-47 | MOSKVICH 2140 (ownerId:304057481 - pos <6950.713379, 14.669898, 5719.605957> - islocked:true - password:42687931) initialized
6-0-47 | MOSKVICH 2140 (ownerId:944065078 - pos <6394.414551, 23.181303, 6686.755371> - islocked:true - password:97319731) initialized
6-0-47 | MBB Bo-105m Helicopter - blackcamo (ownerId:132652049 - pos <4282.284668, 3.403892, 2506.383057> - islocked:true - password:86753099) initialized
6-0-47 | Olga 24 (ownerId:839735782 - pos <3591.369385, 10.842579, 3410.572998> - islocked:true - password:13579086) initialized
6-0-47 | Toyota Land Cruiser 200 (ownerId:308099129 - pos <3522.993896, 22.781891, 4590.057617> - islocked:true - password:9131988) initialized
6-0-47 | Gaz 71 Black (ownerId:137318436 - pos <4256.841309, 21.428877, 7292.367188> - islocked:true - password:20090909) initialized
6-0-47 | STR_EGER_name (ownerId:69839805 - pos <4249.314941, 21.605030, 7295.934570> - islocked:true - password:20090909) initialized
6-0-47 | UH-60 Blackhawk - blackblackhawk (ownerId:69839805 - pos <4264.869629, 21.234608, 7312.229492> - islocked:true - password:20090909) initialized
6-0-47 | Toyota Land Cruiser 200 blood  (ownerId:62166080 - pos <5678.486816, 33.642052, 5245.503906> - islocked:true - password:22392239) initialized
6-0-47 | M3S Covered (ownerId:442990275 - pos <5680.857910, 32.801373, 5270.183594> - islocked:true - password:37579090) initialized
6-0-47 | PAZ (green) (ownerId:980466132 - pos <5631.259277, 29.526331, 5379.812012> - islocked:true - password:22392239) initialized
6-0-47 | Sarka 120 (ownerId:108250772 - pos <5617.130859, 28.686047, 5394.039063> - islocked:true - password:3181989) initialized
6-0-47 | LUAZ 969 rust (ownerId:88929178 - pos <5625.482910, 29.296350, 5419.026367> - islocked:true - password:371400) initialized
6-0-47 | HAMMER_H1 black (ownerId:405166905 - pos <5195.087891, 4.950026, 5315.442871> - islocked:true - password:1111991) initialized
