Creation Time: 2023_6_16-6-0-50
6-0-50 | MH-6M Little Bird (ownerId:34611550 - pos <4271.984863, 21.744884, 7303.545410> - islocked:true - password:19892004) initialized
6-0-50 | Jeep Wrangler Blue (ownerId:34611550 - pos <4246.239258, 21.212753, 7292.730957> - islocked:true - password:19892004) initialized
6-0-50 | MH-6M Little Bird - Camo (ownerId:288122462 - pos <3967.853027, 9.534363, 6128.953125> - islocked:true - password:12321123) initialized
6-0-50 | MH-6M Little Bird - Camo (ownerId:405166905 - pos <4739.661133, 11.892747, 4817.635254> - islocked:true - password:1111991) initialized
6-0-50 | Olga 24 (ownerId:405166905 - pos <4608.530762, 5.446147, 4793.424316> - islocked:true - password:1111991) initialized
6-0-50 | UAZ_2315 Red (ownerId:405166905 - pos <4616.095215, 5.530506, 4798.574707> - islocked:true - password:1111991) initialized
6-0-50 | Olga 24 (ownerId:501895347 - pos <5358.957031, 4.991466, 6314.547363> - islocked:true - password:42775920) initialized
6-0-50 | MOSKVICH 2140 (ownerId:137318436 - pos <4304.499023, 3.855564, 4680.524902> - islocked:true - password:20090909) initialized
6-0-50 | Jeep Wrangler black  (ownerId:308099129 - pos <3929.318359, 12.055129, 7918.307129> - islocked:true - password:9131988) initialized
6-0-50 | M3S Covered (ownerId:86564395 - pos <4550.290527, 27.460190, 7875.549805> - islocked:false - password:59005900) initialized
6-0-50 | YAR_87 Camo2  (ownerId:34611550 - pos <2479.782471, 18.703314, 13963.019531> - islocked:true - password:19892004) initialized
6-0-50 | MH-6M Little Bird - Desert (ownerId:132652049 - pos <10045.665039, 8.208430, 1098.988281> - islocked:false - password:13579246) initialized
6-0-50 | STR_EGER_name (ownerId:980466132 - pos <3689.014893, 12.081289, 9772.872070> - islocked:true - password:22392239) initialized
6-0-50 | ToyotaHilux Camo (ownerId:369601190 - pos <1585.867676, 10.096264, 9051.075195> - islocked:false - password:80081355) initialized
6-0-50 | ToyotaHilux Camo (ownerId:442990275 - pos <1973.551880, 10.226690, 8862.545898> - islocked:true - password:42014201) initialized
6-0-50 | STR_Camaro_Lesnik_name (ownerId:442990275 - pos <1956.944946, 9.871531, 8871.366211> - islocked:true - password:42014201) initialized
6-0-50 | Robinson R22 Helicopter (ownerId:249230507 - pos <8098.369141, 13.009315, 9340.552734> - islocked:true - password:33333333) initialized
6-0-50 | M3S Covered (ownerId:249230507 - pos <8083.458984, 12.468965, 9358.614258> - islocked:true - password:33333333) initialized
6-0-50 | Sarka 120 (ownerId:144736642 - pos <7348.483887, 7.403650, 8438.595703> - islocked:true - password:41941941) initialized
6-0-50 | Olga 24 (ownerId:86564395 - pos <12784.179688, 5.557088, 9917.943359> - islocked:true - password:59005900) initialized
6-0-50 | Robinson R22 Helicopter - Red (ownerId:288122462 - pos <12747.893555, 7.186197, 9919.453125> - islocked:true - password:12321123) initialized
6-0-50 | ToyotaHilux White (ownerId:60592768 - pos <9559.658203, 4.320597, 5946.352051> - islocked:true - password:19651965) initialized
6-0-50 | LUAZ 969 black (ownerId:36527682 - pos <7718.376953, 36.262547, 6068.660645> - islocked:true - password:93991005) initialized
6-0-50 | Ada 4x4 (ownerId:839735782 - pos <5859.894043, 44.989552, 4891.104980> - islocked:true - password:1051997) initialized
6-0-50 | MOSKVICH 2140 (ownerId:54276291 - pos <5441.236816, 6.784554, 4639.552246> - islocked:true - password:12348262) initialized
6-0-50 | Robinson R22 Helicopter - Black (ownerId:288122462 - pos <5678.161621, 33.258476, 5254.753906> - islocked:true - password:12321123) initialized
6-0-50 | Audi RS6 (ownerId:85319837 - pos <5682.165039, 33.493107, 5242.698242> - islocked:true - password:1111110) initialized
6-0-50 | Robinson R22 Helicopter (ownerId:288122462 - pos <5666.725586, 33.922333, 5232.857422> - islocked:true - password:12321123) initialized
6-0-50 | MOSKVICH 2140 (ownerId:288122462 - pos <5647.767090, 33.944447, 5242.518066> - islocked:false - password:12321123) initialized
6-0-50 | Chevrolet Corvette Yellow (ownerId:369601190 - pos <5655.707031, 33.831642, 5240.042480> - islocked:true - password:80081355) initialized
6-0-50 | MH-6M Little Bird - Camo (ownerId:369601190 - pos <5652.024902, 34.759109, 5238.991211> - islocked:true - password:80081355) initialized
6-0-50 | LUAZ 969 black (ownerId:88929178 - pos <4146.066895, 4.054712, 4199.201660> - islocked:true - password:371400) initialized
6-0-50 | Jeep Wrangler (ownerId:944065078 - pos <5664.309082, 28.973738, 5335.381836> - islocked:false - password:97319731) initialized
