Creation Time: 2023_8_2-12-0-56
12-0-56 | LUAZ 969 (ownerId:75086644 - pos <5675.830566, 29.296129, 5385.397461> - islocked:true - password:10182009) initialized
12-0-56 | UH-60 Blackhawk Cargo (ownerId:119248354 - pos <5629.140137, 29.416380, 5379.823730> - islocked:true - password:11082007) initialized
12-0-56 | Mercedes-Benz W140 gold (ownerId:369601190 - pos <5651.864258, 28.688423, 5483.201172> - islocked:true - password:80081355) initialized
12-0-56 | UH-60 Blackhawk - blackblackhawk (ownerId:447071218 - pos <1733.013794, 20.607332, 8898.729492> - islocked:true - password:86412964) initialized
12-0-56 | BMW (rust) (ownerId:447071218 - pos <1741.971436, 9.759257, 8917.308594> - islocked:true - password:86412964) initialized
12-0-56 | Oshkosh grey (ownerId:64819467 - pos <4245.042969, 21.536228, 7274.151367> - islocked:true - password:7101993) initialized
12-0-56 | UH-60 Blackhawk - blackblackhawk (ownerId:119311623 - pos <4271.242188, 21.234701, 7298.812500> - islocked:true - password:7101993) initialized
12-0-56 | BMW X5 Red (ownerId:119311623 - pos <4246.553711, 21.092596, 7292.650879> - islocked:true - password:7101993) initialized
12-0-56 | Nissan warrior Camo (ownerId:119311623 - pos <4249.202637, 21.283247, 7296.087402> - islocked:true - password:7101993) initialized
12-0-56 | BMW X5 Black (ownerId:215888376 - pos <4253.251465, 21.092596, 7299.220215> - islocked:true - password:7101993) initialized
12-0-56 | Jeep Wrangler Camo (ownerId:526094573 - pos <5678.822754, 33.556446, 5273.475586> - islocked:false - password:11025255) initialized
12-0-56 | UAZ HUNTER (ownerId:93344906 - pos <5650.774902, 33.934273, 5255.981445> - islocked:true - password:29292900) initialized
12-0-56 | Gunter 2 (ownerId:48698262 - pos <5667.065918, 33.963909, 5245.087402> - islocked:true - password:48151623) initialized
12-0-56 | Ada 4x4 (ownerId:369601190 - pos <5474.474609, 15.605234, 4931.196289> - islocked:true - password:42014201) initialized
12-0-56 | UAZ 3909 Beige (ownerId:795695470 - pos <5468.091797, 15.597906, 4924.883301> - islocked:true - password:8031991) initialized
12-0-56 | UH-60 Blackhawk - Budhawk (ownerId:511479797 - pos <1956.312622, 9.922540, 8762.887695> - islocked:false - password:27181500) initialized
12-0-56 | Chevrolet Corvette (ownerId:407766611 - pos <6000.451172, 13.610810, 4982.084473> - islocked:true - password:55252252) initialized
12-0-56 | Velociraptor6x6 Camo (ownerId:407766611 - pos <5977.549316, 14.299558, 4972.378418> - islocked:true - password:80081355) initialized
12-0-56 | Velociraptor6x6 Camo2  (ownerId:407766611 - pos <5981.119629, 14.263218, 4965.186035> - islocked:true - password:80081355) initialized
12-0-56 | MUSTANG white (ownerId:407766611 - pos <5999.725098, 14.013288, 4970.766113> - islocked:true - password:55252252) initialized
12-0-56 | BMW black (ownerId:407766611 - pos <6045.526367, 12.807510, 4956.933105> - islocked:true - password:80081355) initialized
12-0-56 | Mercedes-Benz W140 Blue (ownerId:407766611 - pos <6048.839844, 12.806664, 4962.540527> - islocked:true - password:371400) initialized
12-0-56 | BMW X5 White  (ownerId:407766611 - pos <6061.447266, 12.869502, 4955.029297> - islocked:true - password:80081355) initialized
12-0-56 | BMW lightgreen (ownerId:407766611 - pos <6051.255371, 12.791170, 4957.365234> - islocked:true - password:80081355) initialized
12-0-56 | G65 Chrome  (ownerId:407766611 - pos <5977.451172, 14.081797, 4984.624512> - islocked:true - password:80081355) initialized
12-0-56 | Fennek black (ownerId:407766611 - pos <5988.903809, 14.197912, 4983.507813> - islocked:true - password:80081355) initialized
12-0-56 | MUSTANG (ownerId:407766611 - pos <6000.191406, 14.011669, 4976.392578> - islocked:true - password:80081355) initialized
12-0-56 | HAMMER_H1 (ownerId:965259563 - pos <2073.788574, 9.924915, 9115.863281> - islocked:true - password:54146888) initialized
12-0-56 | MH-6M Little Bird - Camo (ownerId:132652049 - pos <1992.576782, 45.808285, 9015.188477> - islocked:true - password:9021997) initialized
12-0-56 | UH-60 Blackhawk Cargo (ownerId:442990275 - pos <1990.104126, 45.102230, 9020.770508> - islocked:true - password:37579090) initialized
12-0-56 | MOSKVICH 2140 (ownerId:288122462 - pos <3657.423096, 20.914576, 6515.144043> - islocked:true - password:12321123) initialized
12-0-56 | MOSKVICH 2140 (ownerId:882346394 - pos <6662.157715, 15.562321, 6318.678711> - islocked:true - password:42091103) initialized
12-0-56 | Velociraptor6x6 Camo2  (ownerId:262549311 - pos <7193.151855, 61.642872, 5886.736328> - islocked:true - password:24680000) initialized
12-0-56 | MH-6M Little Bird - Camo (ownerId:197257182 - pos <3947.881836, 36.709949, 4811.562012> - islocked:true - password:48151623) initialized
12-0-56 | Gaz 71 Black (ownerId:93344906 - pos <3981.905518, 25.741282, 4846.614746> - islocked:true - password:29292900) initialized
12-0-56 | MUSTANG Red (ownerId:327529037 - pos <3978.945068, 25.699394, 4830.759277> - islocked:true - password:10801080) initialized
12-0-56 | UAZ469 (camo1) (ownerId:93344906 - pos <3962.924805, 25.573210, 4798.433105> - islocked:true - password:29292900) initialized
12-0-56 | URAL 4320 KUNG (ownerId:93344906 - pos <3957.050537, 26.038006, 4862.702637> - islocked:true - password:29290000) initialized
12-0-56 | Gunter 2 (ownerId:218588421 - pos <3805.979736, 6.892947, 5906.697754> - islocked:true - password:3081984) initialized
12-0-56 | Olga 24 (ownerId:327529037 - pos <6687.672852, 15.688728, 6302.988281> - islocked:false - password:29292900) initialized
12-0-56 | STR_Camaro_Nest_name (ownerId:60592768 - pos <6081.368652, 6.340244, 14745.529297> - islocked:true - password:13121312) initialized
12-0-56 | BMW X5 Red (ownerId:59769977 - pos <4428.619629, 5.312927, 12404.168945> - islocked:true - password:19891604) initialized
12-0-56 | Offroad Range Rover police  (ownerId:60592768 - pos <3234.645508, 3.228037, 1725.417236> - islocked:true - password:13121312) initialized
12-0-56 | UAZ 3909 Police (ownerId:60592768 - pos <3233.325195, 3.497940, 1730.778687> - islocked:true - password:13121312) initialized
12-0-56 | LUAZ 969 red (ownerId:405166905 - pos <6289.283203, 32.136345, 2265.464355> - islocked:true - password:1111991) initialized
12-0-56 | Robinson R22 Helicopter - Black (ownerId:521855408 - pos <7114.392578, 3.345916, 1359.990112> - islocked:true - password:9102021) initialized
12-0-56 | Offroad Range Rover Yellow  (ownerId:103808025 - pos <7264.238281, 602.155884, 11730.521484> - islocked:true - password:55677777) initialized
12-0-56 | STR_SCOUT_snik2_name (ownerId:24259541 - pos <8453.791016, 190.723526, 12384.955078> - islocked:true - password:17500720) initialized
12-0-56 | UAZ 3909 Khaki2 (ownerId:60458244 - pos <8926.184570, 6.662846, 10459.574219> - islocked:false - password:19711971) initialized
12-0-56 | M3S Covered (ownerId:40055959 - pos <8932.994141, 5.866796, 10443.360352> - islocked:true - password:19711971) initialized
12-0-56 | Gelenvagen carbon (ownerId:88929178 - pos <7724.442383, 6.814731, 6788.958496> - islocked:false - password:371400) initialized
12-0-56 | MH-6M Little Bird - Camo (ownerId:88929178 - pos <7718.265625, 13.613746, 6787.904785> - islocked:true - password:371400) initialized
15-42-30 | Mercedes-Benz W140 gold (ownerId:369601190 - pos <9881.827148, 21.964754, 11016.250000> - islocked:false - password:80081355) has been deleted
15-55-26 | Romani4 (ownerId:369601190 - pos <9882.628906, 22.205206, 11015.290039> - islocked:true - password:80081355) new car claimed
15-55-26 | Romani4 (ownerId:369601190 - pos <9882.628906, 22.205206, 11015.290039> - islocked:true - password:80081355) initialized
16-13-11 | MH-6M Little Bird - Camo (ownerId:523450192 - pos <6476.608887, 30.219568, 8383.993164> - islocked:true - password:22392239) new car claimed
16-13-11 | MH-6M Little Bird - Camo (ownerId:523450192 - pos <6476.608887, 30.219584, 8383.993164> - islocked:true - password:22392239) initialized
16-21-39 | MH-6M Little Bird - Camo (ownerId:523450192 - pos <1929.993408, 8.773439, 8718.774414> - islocked:false - password:22392239) has been deleted
16-25-26 | Romani4 (ownerId:369601190 - pos <8627.608398, 95.901505, 12346.505859> - islocked:false - password:80081355) has been deleted
16-25-57 | Romani4 (ownerId:369601190 - pos <8568.073242, 50.260601, 12233.822266> - islocked:true - password:80081355) new car claimed
16-25-57 | Romani4 (ownerId:369601190 - pos <8568.073242, 50.260601, 12233.822266> - islocked:true - password:80081355) initialized
16-28-13 | Romani4 (ownerId:369601190 - pos <8678.547852, 24.348339, 12104.525391> - islocked:false - password:80081355) has been deleted
16-33-45 | Romani4 (ownerId:369601190 - pos <9733.626953, 25.408716, 11696.350586> - islocked:true - password:80081355) new car claimed
16-33-45 | Romani4 (ownerId:369601190 - pos <9733.626953, 25.408716, 11696.350586> - islocked:true - password:80081355) initialized
16-35-45 | Romani4 (ownerId:369601190 - pos <9903.625000, 21.803171, 11002.458984> - islocked:false - password:80081355) has been deleted
16-36-23 | MH-6M Little Bird - Camo (ownerId:523450192 - pos <6470.618652, 35.199886, 8403.885742> - islocked:true - password:22392239) new car claimed
16-36-23 | MH-6M Little Bird - Camo (ownerId:523450192 - pos <6470.618652, 35.199898, 8403.885742> - islocked:true - password:22392239) initialized
16-37-21 | BMW (ownerId:369601190 - pos <9882.649414, 22.205206, 11012.303711> - islocked:true - password:80081355) new car claimed
16-37-21 | BMW (ownerId:369601190 - pos <9882.649414, 22.205206, 11012.303711> - islocked:true - password:80081355) initialized
16-43-43 | MH-6M Little Bird - Camo (ownerId:523450192 - pos <6475.983887, 29.834768, 8387.210938> - islocked:true - password:22392239) has been deleted
16-53-43 | UH-60 Blackhawk - Budhawk (ownerId:511479797 - pos <6469.662598, 34.975498, 8412.025391> - islocked:false - password:-1) new car claimed
16-57-13 | BMW lightgreen (ownerId:407766611 - pos <6051.255859, 12.341454, 4957.318848> - islocked:true - password:80081355) has been deleted
16-59-45 | UH-60 Blackhawk - Budhawk (ownerId:523450192 - pos <6469.662598, 34.975498, 8412.025391> - islocked:true - password:22392239) new car claimed
17-0-11 | UH-60 Blackhawk - Budhawk (ownerId:523450192 - pos <6469.662598, 34.975498, 8412.025391> - islocked:true - password:22392239) has been deleted
17-6-17 | BMW (ownerId:369601190 - pos <6050.361816, 12.436656, 4982.067871> - islocked:true - password:80081355) has been deleted
17-15-59 | STR_Camaro_Egor_name (ownerId:523450192 - pos <6543.815430, 21.444679, 8426.451172> - islocked:true - password:22392239) new car claimed
17-15-59 | STR_Camaro_Egor_name (ownerId:523450192 - pos <6543.815430, 21.444679, 8426.451172> - islocked:true - password:22392239) initialized
