Creation Time: 2023_5_29-12-0-53
12-0-53 | Jeep Wrangler (ownerId:944065078 - pos <4457.745605, 29.420761, 7716.349121> - islocked:true - password:97319731) initialized
12-0-53 | ToyotaHilux Camo2 (ownerId:369601190 - pos <5948.000488, 6.611207, 14681.416992> - islocked:true - password:4031965) initialized
12-0-53 | Olga 24 (ownerId:442990275 - pos <4432.070313, 5.424230, 2870.047363> - islocked:false - password:42014201) initialized
12-0-53 | UAZ_2315 Red (ownerId:405166905 - pos <7058.499512, 8.504986, 1514.483154> - islocked:true - password:1111991) initialized
12-0-53 | SCOUT Black (ownerId:442990275 - pos <1972.187866, 10.182560, 8866.231445> - islocked:true - password:42014201) initialized
12-0-53 | Olga 24 (ownerId:442990275 - pos <1944.899536, 13.102449, 8869.790039> - islocked:true - password:42014201) initialized
12-0-53 | MH-6M Little Bird - Desert (ownerId:132652049 - pos <10045.665039, 8.208424, 1098.988281> - islocked:false - password:13579246) initialized
12-0-53 | ToyotaHilux White (ownerId:60592768 - pos <9981.952148, 21.070484, 12336.786133> - islocked:true - password:19651965) initialized
12-0-53 | MOSKVICH 2140 (ownerId:54276291 - pos <5439.973145, 6.866712, 4639.809082> - islocked:true - password:12348262) initialized
12-0-53 | Ada 4x4 (ownerId:839735782 - pos <5859.518066, 44.756817, 4869.937012> - islocked:true - password:1051997) initialized
12-0-53 | LUAZ 969 black (ownerId:88929178 - pos <5658.583496, 29.457323, 5525.528320> - islocked:true - password:371400) initialized
12-0-53 | MOSKVICH 2140 (ownerId:288122462 - pos <6883.863281, 34.121437, 5878.005371> - islocked:true - password:12321123) initialized
12-0-53 | Sarka 120 (ownerId:144736642 - pos <5672.473145, 33.553143, 5276.915527> - islocked:true - password:41941941) initialized
12-0-53 | Sarka 120 (ownerId:839735782 - pos <5674.533203, 33.224182, 5244.264160> - islocked:true - password:1051997) initialized
12-0-53 | LUAZ 969 black (ownerId:36527682 - pos <5670.615723, 33.852337, 5245.892090> - islocked:true - password:93991005) initialized
12-0-53 | M3S Covered (ownerId:839735782 - pos <5675.892578, 33.266270, 5240.624023> - islocked:true - password:1051997) initialized
12-0-53 | M3S Covered (ownerId:839735782 - pos <5670.654785, 33.270409, 5239.798828> - islocked:true - password:1051997) initialized
12-0-53 | MOSKVICH 2140 (ownerId:137318436 - pos <4304.500488, 3.855563, 4680.526367> - islocked:true - password:20090909) initialized
14-10-55 | Olga 24 (ownerId:442990275 - pos <1954.076294, 9.489984, 9101.110352> - islocked:true - password:42014201) new car claimed
14-10-55 | Olga 24 (ownerId:442990275 - pos <1954.076294, 9.489984, 9101.110352> - islocked:true - password:42014201) initialized
14-12-4 | Olga 24 (ownerId:442990275 - pos <1954.035889, 9.113831, 9101.085938> - islocked:false - password:42014201) has been deleted
14-20-47 | LandCruiser Skul (ownerId:34611550 - pos <4253.563965, 20.867624, 7293.477539> - islocked:true - password:19892004) new car claimed
14-20-47 | LandCruiser Skul (ownerId:34611550 - pos <4253.563965, 20.867624, 7293.477539> - islocked:true - password:19892004) initialized
14-40-31 | Olga 24 (ownerId:442990275 - pos <1952.811401, 9.489998, 8843.618164> - islocked:true - password:42014201) new car claimed
14-40-31 | Olga 24 (ownerId:442990275 - pos <1952.811401, 9.489998, 8843.618164> - islocked:true - password:42014201) initialized
14-41-36 | Gaz Tigr pixel (ownerId:34611550 - pos <5604.112793, 28.676678, 5355.985840> - islocked:true - password:19892004) new car claimed
14-42-44 | Gaz Tigr pixel (ownerId:34611550 - pos <5604.112793, 28.676678, 5355.985840> - islocked:true - password:19892004) has been deleted
14-43-19 | Olga 24 (ownerId:442990275 - pos <1959.483765, 9.489996, 8840.642578> - islocked:true - password:42014201) new car claimed
14-43-19 | Olga 24 (ownerId:442990275 - pos <1959.483765, 9.483688, 8840.642578> - islocked:true - password:42014201) initialized
14-43-27 | Olga 24 (ownerId:442990275 - pos <1952.100952, 9.489919, 8838.811523> - islocked:true - password:42014201) new car claimed
14-43-27 | Olga 24 (ownerId:442990275 - pos <1952.100952, 9.489919, 8838.811523> - islocked:true - password:42014201) initialized
14-43-37 | Olga 24 (ownerId:442990275 - pos <1949.250732, 9.490002, 8847.230469> - islocked:true - password:42014201) new car claimed
14-43-37 | Olga 24 (ownerId:442990275 - pos <1949.250732, 9.490002, 8847.230469> - islocked:true - password:42014201) initialized
14-44-9 | Olga 24 (ownerId:442990275 - pos <1959.476196, 9.177671, 8840.634766> - islocked:true - password:42014201) has been deleted
14-45-37 | YAR_87 black (ownerId:34611550 - pos <5603.060059, 28.817665, 5355.646973> - islocked:true - password:19892004) new car claimed
14-45-47 | Olga 24 (ownerId:442990275 - pos <1952.091675, 9.177637, 8838.806641> - islocked:false - password:42014201) has been deleted
14-46-18 | YAR_87 black (ownerId:34611550 - pos <5603.060059, 28.817665, 5355.646973> - islocked:false - password:19892004) has been deleted
14-46-31 | Olga 24 (ownerId:442990275 - pos <1949.255005, 9.177615, 8847.237305> - islocked:false - password:42014201) has been deleted
14-47-45 | Olga 24 (ownerId:442990275 - pos <1952.786865, 9.177776, 8843.611328> - islocked:false - password:42014201) has been deleted
14-48-5 | YAR_87 Camo2  (ownerId:34611550 - pos <5595.513184, 28.805981, 5384.918945> - islocked:true - password:19892004) new car claimed
14-51-8 | Olga 24 (ownerId:442990275 - pos <1945.003540, 12.524990, 8870.081055> - islocked:true - password:42014201) has been deleted
14-51-17 | Olga 24 (ownerId:442990275 - pos <1946.715820, 12.974856, 8872.688477> - islocked:true - password:42014201) new car claimed
14-51-17 | Olga 24 (ownerId:442990275 - pos <1946.715820, 12.968049, 8872.688477> - islocked:true - password:42014201) initialized
14-51-35 | Olga 24 (ownerId:442990275 - pos <1949.723389, 9.755429, 8863.169922> - islocked:true - password:42014201) new car claimed
14-51-35 | Olga 24 (ownerId:442990275 - pos <1949.723389, 9.755429, 8863.169922> - islocked:true - password:42014201) initialized
14-52-26 | LandCruiser Skul (ownerId:34611550 - pos <5589.937012, 28.597506, 5378.653809> - islocked:false - password:19892004) has been deleted
14-52-36 | Olga 24 (ownerId:442990275 - pos <1949.571289, 9.755429, 8860.150391> - islocked:true - password:42014201) new car claimed
14-52-36 | Olga 24 (ownerId:442990275 - pos <1949.571289, 9.755429, 8860.150391> - islocked:true - password:42014201) initialized
14-52-59 | Olga 24 (ownerId:442990275 - pos <1949.729858, 9.483147, 8863.170898> - islocked:true - password:42014201) has been deleted
14-57-43 | Olga 24 (ownerId:442990275 - pos <1941.421143, 12.505033, 8870.123047> - islocked:false - password:42014201) has been deleted
14-58-3 | Olga 24 (ownerId:442990275 - pos <1972.111572, 9.755429, 8856.784180> - islocked:true - password:42014201) new car claimed
14-58-3 | Olga 24 (ownerId:442990275 - pos <1972.111572, 9.747634, 8856.784180> - islocked:true - password:42014201) initialized
16-4-35 | Olga 24 (ownerId:442990275 - pos <1960.996460, 9.755429, 8862.807617> - islocked:true - password:42014201) new car claimed
16-4-35 | Olga 24 (ownerId:442990275 - pos <1960.996460, 9.755429, 8862.807617> - islocked:true - password:42014201) initialized
16-4-58 | Olga 24 (ownerId:442990275 - pos <1956.906982, 9.755429, 8861.025391> - islocked:true - password:42014201) new car claimed
16-4-58 | Olga 24 (ownerId:442990275 - pos <1956.906982, 9.755429, 8861.025391> - islocked:true - password:42014201) initialized
16-6-37 | Olga 24 (ownerId:442990275 - pos <1960.995728, 9.483140, 8862.813477> - islocked:true - password:42014201) has been deleted
16-6-58 | Olga 24 (ownerId:442990275 - pos <1956.907349, 9.483135, 8861.020508> - islocked:false - password:42014201) has been deleted
16-7-30 | Olga 24 (ownerId:442990275 - pos <1972.105957, 9.483187, 8856.783203> - islocked:true - password:42014201) has been deleted
16-8-23 | Olga 24 (ownerId:442990275 - pos <1960.428833, 9.755429, 8861.801758> - islocked:true - password:42014201) new car claimed
16-8-23 | Olga 24 (ownerId:442990275 - pos <1960.428833, 9.755429, 8861.801758> - islocked:true - password:42014201) initialized
16-8-55 | Olga 24 (ownerId:442990275 - pos <1960.437256, 9.483158, 8861.802734> - islocked:false - password:42014201) has been deleted
16-33-23 | ToyotaHilux Camo2 (ownerId:369601190 - pos <6485.514648, 20.806648, 1749.578735> - islocked:false - password:4031965) has been deleted
16-33-52 | ToyotaHilux Camo2 (ownerId:369601190 - pos <6487.940918, 21.955189, 1745.011841> - islocked:true - password:4031965) new car claimed
16-33-52 | ToyotaHilux Camo2 (ownerId:369601190 - pos <6487.940918, 21.955189, 1745.011841> - islocked:true - password:4031965) initialized
17-22-15 | YAR_87 Camo2  (ownerId:34611550 - pos <4239.095703, 20.703604, 7281.962402> - islocked:false - password:19892004) has been deleted
17-47-2 | Olga 24 (ownerId:369601190 - pos <6715.049316, 38.742695, 2017.331665> - islocked:true - password:4031965) new car claimed
17-47-24 | Olga 24 (ownerId:369601190 - pos <6715.049316, 38.742695, 2017.331665> - islocked:true - password:4031965) has been deleted
17-59-18 | M3S Covered (ownerId:839735782 - pos <5670.659180, 33.125481, 5239.796387> - islocked:false - password:1051997) has been deleted
17-59-18 | M3S Covered (ownerId:839735782 - pos <5675.900879, 33.122566, 5240.607910> - islocked:false - password:1051997) has been deleted
