Creation Time: 2023_4_14-6-0-49
6-0-49 | M3S Covered (ownerId:67657702 - pos <10219.409180, 20.374012, 7929.687988> - islocked:false - password:19944991) initialized
6-0-49 | Ada 4x4 (ownerId:980466132 - pos <6799.758301, 39.194134, 1804.076050> - islocked:true - password:22392239) initialized
6-0-49 | Sarka 120 (ownerId:980466132 - pos <6795.549316, 39.113358, 1801.231079> - islocked:true - password:22392239) initialized
6-0-49 | Olga 24 (ownerId:62166080 - pos <6796.968750, 39.125267, 1807.459351> - islocked:true - password:22392239) initialized
6-0-49 | UH-60 Blackhawk Cargo (ownerId:980466132 - pos <6790.510742, 38.911320, 1852.108276> - islocked:false - password:22392239) initialized
6-0-49 | MH-6M Little Bird - Desert (ownerId:62166080 - pos <6772.994629, 55.366875, 1847.963623> - islocked:true - password:22392239) initialized
6-0-49 | Robinson R22 Helicopter - Black (ownerId:108250772 - pos <8696.025391, 2.231339, 5545.102539> - islocked:false - password:14789632) initialized
6-0-49 | Robinson R22 Helicopter (ownerId:195214598 - pos <6914.962402, 2.682907, 7082.414551> - islocked:true - password:52528989) initialized
6-0-49 | UH-60 Blackhawk - blackblackhawk (ownerId:195214598 - pos <8069.647949, 214.850632, 11834.300781> - islocked:true - password:89895252) initialized
6-0-49 | Bell 429 Helicopter (ownerId:195214598 - pos <8112.444824, 214.219025, 11880.526367> - islocked:true - password:52898952) initialized
6-0-49 | M3S Covered (ownerId:965259563 - pos <10790.105469, 2.641833, 3191.686523> - islocked:true - password:11367275) initialized
6-0-49 | Sarka 120 (ownerId:940915030 - pos <9511.229492, 102.703033, 3751.685303> - islocked:true - password:11853737) initialized
6-0-49 | Robinson R22 Helicopter (ownerId:940915030 - pos <9512.575195, 102.761200, 3733.148193> - islocked:true - password:11853737) initialized
6-0-49 | Robinson R22 Helicopter - Black (ownerId:980466132 - pos <7344.840820, 101.076538, 6033.530273> - islocked:true - password:22392239) initialized
6-0-49 | Olga 24 (ownerId:288122462 - pos <5667.665527, 28.940001, 5408.275391> - islocked:true - password:12011152) initialized
6-0-49 | Robinson R22 Helicopter - Red (ownerId:71319946 - pos <5645.103027, 34.488712, 5234.619141> - islocked:true - password:19944991) initialized
6-0-49 | UH-60 Blackhawk - Woodland (ownerId:85319837 - pos <3985.975098, 16.854158, 3474.664551> - islocked:true - password:1111110) initialized
6-0-49 | Olga 24 (ownerId:965259563 - pos <3746.980469, 5.595245, 2566.003906> - islocked:true - password:11367275) initialized
6-0-49 | Gunter 2 (ownerId:965259563 - pos <3748.300537, 5.650981, 2573.669922> - islocked:true - password:11367275) initialized
6-0-49 | Robinson R22 Helicopter (ownerId:965259563 - pos <4428.255859, 6.180598, 2904.960693> - islocked:true - password:11367275) initialized
6-0-49 | M3S Covered (ownerId:108250772 - pos <4513.166992, 10.470725, 3193.233154> - islocked:true - password:78945612) initialized
