Creation Time: 2023_5_24-20-19-31
20-19-31 | Sarka 120 (ownerId:442990275 - pos <5673.886230, 33.355629, 5273.461914> - islocked:true - password:37579090) initialized
20-19-31 | UAZ_2315 Camo2 (ownerId:442990275 - pos <5677.415527, 33.352287, 5271.823730> - islocked:false - password:42014201) initialized
20-19-31 | M3S Covered (ownerId:442990275 - pos <5681.159668, 32.816059, 5270.238281> - islocked:false - password:37579090) initialized
20-19-31 | Toyota Land Cruiser 200 blood  (ownerId:62166080 - pos <5678.485840, 33.642330, 5245.497559> - islocked:true - password:22392239) initialized
20-19-31 | HAMMER_H1 black (ownerId:405166905 - pos <5195.087891, 4.949924, 5315.444336> - islocked:true - password:1111991) initialized
20-19-31 | LUAZ 969 rust (ownerId:88929178 - pos <5625.482910, 29.296349, 5419.026855> - islocked:true - password:371400) initialized
20-19-31 | Sarka 120 (ownerId:108250772 - pos <5617.125000, 28.686018, 5394.034180> - islocked:true - password:3181989) initialized
20-19-31 | PAZ (green) (ownerId:980466132 - pos <5631.259277, 29.526325, 5379.812012> - islocked:true - password:22392239) initialized
20-19-31 | LUAZ 969 blue (ownerId:354151095 - pos <6972.173340, 14.597514, 5701.598145> - islocked:true - password:4250425) initialized
20-19-31 | MOSKVICH 2140 (ownerId:304057481 - pos <6950.713379, 14.669834, 5719.602051> - islocked:true - password:42687931) initialized
20-19-31 | UAZ 3909 Khaki1 (ownerId:36527682 - pos <6139.903809, 35.599796, 5335.645508> - islocked:false - password:93991005) initialized
20-19-31 | MOSKVICH 2140 (ownerId:944065078 - pos <6394.414551, 23.181303, 6686.756348> - islocked:false - password:97319731) initialized
20-19-31 | YAR_87 Camo2  (ownerId:34611550 - pos <7501.578613, 3.352663, 5638.127930> - islocked:true - password:19892004) initialized
20-19-31 | Olga 24 (ownerId:36527682 - pos <7733.397461, 36.107780, 6085.732910> - islocked:true - password:10939910) initialized
20-19-31 | Toyota Land Cruiser 200 (ownerId:308099129 - pos <3522.992676, 22.781891, 4590.057617> - islocked:true - password:9131988) initialized
20-19-31 | UH-60 Blackhawk - blackblackhawk (ownerId:69839805 - pos <4264.869629, 21.234701, 7312.229492> - islocked:true - password:20090909) initialized
20-19-31 | STR_EGER_name (ownerId:69839805 - pos <4249.315430, 21.605030, 7295.935059> - islocked:true - password:20090909) initialized
20-19-31 | Gaz 71 Black (ownerId:137318436 - pos <4256.841309, 21.428879, 7292.367676> - islocked:true - password:20090909) initialized
20-19-31 | Olga 24 (ownerId:839735782 - pos <3591.368652, 10.842482, 3410.567139> - islocked:true - password:13579086) initialized
20-19-31 | Jeep Wrangler black  (ownerId:132652049 - pos <10663.982422, 3.405122, 3151.652100> - islocked:false - password:17392468) initialized
20-19-31 | Jeep Wrangler (ownerId:288122462 - pos <8283.956055, 5.735122, 8845.133789> - islocked:false - password:12321321) initialized
20-19-31 | Cougar Camo kamo (ownerId:980466132 - pos <1447.440063, 3.095235, 6767.592285> - islocked:true - password:22392239) initialized
20-19-31 | MBB Bo-105m Helicopter - blackcamo (ownerId:132652049 - pos <4282.284668, 3.403652, 2506.384766> - islocked:true - password:86753099) initialized
20-19-31 | ToyotaHilux Red (ownerId:60592768 - pos <9562.668945, 4.356362, 5943.356445> - islocked:true - password:19651965) initialized
