Creation Time: 2023_5_24-20-23-41
20-23-41 | Sarka 120 (ownerId:442990275 - pos <5673.873535, 33.353214, 5273.435547> - islocked:true - password:37579090) initialized
20-23-41 | UAZ_2315 Camo2 (ownerId:442990275 - pos <5677.415039, 33.352196, 5271.823242> - islocked:true - password:42014201) initialized
20-23-41 | M3S Covered (ownerId:442990275 - pos <5681.151855, 32.814529, 5270.215820> - islocked:false - password:37579090) initialized
20-23-41 | Toyota Land Cruiser 200 blood  (ownerId:62166080 - pos <5678.485840, 33.642422, 5245.496094> - islocked:true - password:22392239) initialized
20-23-41 | HAMMER_H1 black (ownerId:405166905 - pos <5195.087891, 4.949997, 5315.444824> - islocked:true - password:1111991) initialized
20-23-41 | LUAZ 969 rust (ownerId:88929178 - pos <5625.482910, 29.296349, 5419.026855> - islocked:true - password:371400) initialized
20-23-41 | Sarka 120 (ownerId:108250772 - pos <5617.124512, 28.686041, 5394.033691> - islocked:true - password:3181989) initialized
20-23-41 | PAZ (green) (ownerId:980466132 - pos <5631.259277, 29.526325, 5379.812012> - islocked:true - password:22392239) initialized
20-23-41 | LUAZ 969 blue (ownerId:354151095 - pos <6972.173340, 14.597527, 5701.598145> - islocked:true - password:4250425) initialized
20-23-41 | MOSKVICH 2140 (ownerId:304057481 - pos <6950.713379, 14.669827, 5719.600098> - islocked:true - password:42687931) initialized
20-23-41 | UAZ 3909 Khaki1 (ownerId:36527682 - pos <6139.904297, 35.599838, 5335.644043> - islocked:false - password:93991005) initialized
20-23-41 | MOSKVICH 2140 (ownerId:944065078 - pos <6394.414551, 23.181293, 6686.756348> - islocked:false - password:97319731) initialized
20-23-41 | YAR_87 Camo2  (ownerId:34611550 - pos <7501.579102, 3.352665, 5638.125488> - islocked:true - password:19892004) initialized
20-23-41 | Olga 24 (ownerId:36527682 - pos <7733.397461, 36.107780, 6085.732910> - islocked:true - password:10939910) initialized
20-23-41 | Toyota Land Cruiser 200 (ownerId:308099129 - pos <3522.992920, 22.781895, 4590.057617> - islocked:true - password:9131988) initialized
20-23-41 | UH-60 Blackhawk - blackblackhawk (ownerId:69839805 - pos <4264.869629, 21.234701, 7312.229492> - islocked:true - password:20090909) initialized
20-23-41 | STR_EGER_name (ownerId:69839805 - pos <4249.314941, 21.605030, 7295.934570> - islocked:true - password:20090909) initialized
20-23-41 | Gaz 71 Black (ownerId:137318436 - pos <4256.841309, 21.428881, 7292.367676> - islocked:true - password:20090909) initialized
20-23-41 | Olga 24 (ownerId:839735782 - pos <3591.368652, 10.842440, 3410.566162> - islocked:true - password:13579086) initialized
20-23-41 | Jeep Wrangler black  (ownerId:132652049 - pos <10663.982422, 3.405123, 3151.652100> - islocked:false - password:17392468) initialized
20-23-41 | Jeep Wrangler (ownerId:288122462 - pos <8283.956055, 5.735123, 8845.133789> - islocked:false - password:12321321) initialized
20-23-41 | Cougar Camo kamo (ownerId:980466132 - pos <1447.439697, 3.095260, 6767.592285> - islocked:true - password:22392239) initialized
20-23-41 | MBB Bo-105m Helicopter - blackcamo (ownerId:132652049 - pos <4282.284668, 3.403644, 2506.384766> - islocked:true - password:86753099) initialized
20-23-41 | ToyotaHilux Red (ownerId:60592768 - pos <9562.668945, 4.356396, 5943.354980> - islocked:true - password:19651965) initialized
20-34-56 | UAZ_2315 Camo2 (ownerId:442990275 - pos <5677.180664, 32.746124, 5271.581055> - islocked:false - password:42014201) has been deleted
20-37-36 | SUV Camo (ownerId:442990275 - pos <5606.915527, 28.777447, 5355.142578> - islocked:true - password:42014201) new car claimed
21-3-55 | Sarka 120 (ownerId:442990275 - pos <5673.745605, 32.707184, 5273.221191> - islocked:true - password:-1) new car claimed
21-5-52 | Sarka 120 (ownerId:369601190 - pos <5673.745605, 32.707184, 5273.221191> - islocked:true - password:4031965) new car claimed
22-24-41 | Sarka 120 (ownerId:442990275 - pos <11719.532227, 6.314340, 9928.894531> - islocked:true - password:42014201) new car claimed
22-25-6 | Sarka 120 (ownerId:442990275 - pos <11719.532227, 6.314340, 9928.894531> - islocked:true - password:42014201) has been deleted
23-1-43 | Olga 24 (ownerId:442990275 - pos <2120.961426, 18.034410, 9167.635742> - islocked:true - password:42014201) new car claimed
23-1-43 | Olga 24 (ownerId:442990275 - pos <2120.961426, 18.034410, 9167.635742> - islocked:true - password:42014201) initialized
