Creation Time: 2023_5_2-6-0-56
6-0-56 | Robinson R22 Helicopter (ownerId:965259563 - pos <3756.512451, 19.967381, 2601.171387> - islocked:true - password:11367275) initialized
6-0-56 | Sarka 120 (ownerId:965259563 - pos <3730.798096, 6.081140, 2551.065674> - islocked:true - password:72524299) initialized
6-0-56 | Land Rover Defender 110 Red (ownerId:965259563 - pos <3730.515869, 6.048485, 2554.894287> - islocked:true - password:11367275) initialized
6-0-56 | Gunter 2 (ownerId:965259563 - pos <3730.653564, 5.683277, 2547.984863> - islocked:true - password:86753099) initialized
6-0-56 | M3S Covered (ownerId:839735782 - pos <4260.004395, 2.615371, 2517.662598> - islocked:false - password:1051997) initialized
6-0-56 | Land Rover Defender 110 Red (ownerId:132652049 - pos <4264.954590, 2.625469, 2514.104736> - islocked:true - password:9031783) initialized
6-0-56 | UH-60 Blackhawk - blackblackhawk (ownerId:195214598 - pos <3224.051514, 7.616047, 1721.943970> - islocked:true - password:52528989) initialized
6-0-56 | Ada 4x4 (ownerId:16874355 - pos <10732.898438, 90.320946, 6156.009766> - islocked:true - password:15795315) initialized
6-0-56 | Sarka 120 (ownerId:405166905 - pos <10490.966797, 10.001155, 4277.304199> - islocked:true - password:19910111) initialized
6-0-56 | Robinson R22 Helicopter (ownerId:940915030 - pos <9512.575195, 102.761200, 3733.148193> - islocked:true - password:11853737) initialized
6-0-56 | Land Rover Defender 110 Red (ownerId:60592768 - pos <9561.738281, 4.179231, 5944.402344> - islocked:true - password:19651965) initialized
6-0-56 | Land Rover Defender 110 Green (ownerId:62166080 - pos <1088.963379, 7.943728, 13776.847656> - islocked:true - password:22392239) initialized
6-0-56 | Land Rover Defender 110 (ownerId:192139039 - pos <1187.251953, 27.934696, 12555.915039> - islocked:true - password:7161994) initialized
6-0-56 | Robinson R22 Helicopter (ownerId:195214598 - pos <1084.466431, 54.700226, 10695.002930> - islocked:true - password:52528989) initialized
6-0-56 | Sarka 120 (ownerId:980466132 - pos <6801.630371, 39.738674, 1801.161377> - islocked:true - password:22392239) initialized
6-0-56 | M3S Covered (ownerId:980466132 - pos <6795.287598, 40.007675, 1809.517090> - islocked:true - password:22392239) initialized
6-0-56 | MBB Bo-105m Helicopter - blackcamo (ownerId:980466132 - pos <6768.891113, 54.751770, 1849.850098> - islocked:true - password:22392239) initialized
6-0-56 | Olga 24 (ownerId:419387242 - pos <7056.483398, 45.007854, 2053.262939> - islocked:true - password:8995862) initialized
6-0-56 | Olga 24 (ownerId:108250772 - pos <7113.923340, 37.550095, 2252.850586> - islocked:true - password:12345678) initialized
6-0-56 | Sarka 120 (ownerId:85319837 - pos <7574.967285, 24.190521, 3928.489502> - islocked:true - password:1111110) initialized
6-0-56 | Land Rover Defender 110 UN (ownerId:85319837 - pos <7572.665527, 24.168484, 3940.986328> - islocked:false - password:9151985) initialized
6-0-56 | Robinson R22 Helicopter (ownerId:839735782 - pos <5448.208008, 7.477819, 8605.121094> - islocked:true - password:1051997) initialized
6-0-56 | M3S Covered (ownerId:965259563 - pos <5465.726563, 7.868584, 8577.350586> - islocked:true - password:72524299) initialized
6-0-56 | Land Rover Defender 110 Green (ownerId:177737910 - pos <2550.602783, 57.004509, 9449.896484> - islocked:false - password:25792579) initialized
6-0-56 | Olga 24 (ownerId:965259563 - pos <9325.188477, 12.767758, 9631.413086> - islocked:true - password:11367275) initialized
6-0-56 | M3S Covered (ownerId:944065078 - pos <7718.275879, 36.466980, 6089.899902> - islocked:false - password:25082508) initialized
6-0-56 | Sarka 120 (ownerId:944065078 - pos <7717.224121, 35.600266, 6074.576660> - islocked:false - password:25082508) initialized
6-0-56 | Land Rover Defender 110 UN (ownerId:116364714 - pos <7697.131836, 37.322056, 6075.831543> - islocked:false - password:25082508) initialized
6-0-56 | Robinson R22 Helicopter - Black (ownerId:980466132 - pos <7349.647949, 101.077263, 6033.751465> - islocked:false - password:22392239) initialized
6-0-56 | Gunter 2 (ownerId:36527682 - pos <7192.423340, 3.389072, 5359.115723> - islocked:false - password:93991005) initialized
6-0-56 | M3S Covered (ownerId:108250772 - pos <5656.406738, 28.701418, 5426.500488> - islocked:true - password:12345678) initialized
6-0-56 | Land Rover Defender 110 Red (ownerId:980466132 - pos <5620.325195, 29.278481, 5403.712402> - islocked:true - password:22392239) initialized
6-0-56 | Ada 4x4 (ownerId:419387242 - pos <5606.882324, 28.881708, 5348.486816> - islocked:true - password:8995862) initialized
6-0-56 | Land Rover Defender 110 Red (ownerId:6938606 - pos <5602.707520, 29.348269, 5349.037109> - islocked:true - password:20090909) initialized
6-0-56 | Robinson R22 Helicopter (ownerId:71319946 - pos <5672.808594, 33.907440, 5245.416016> - islocked:true - password:19944991) initialized
6-0-56 | Sarka 120 (ownerId:194642746 - pos <5445.567871, 5.325988, 4629.520508> - islocked:true - password:15474555) initialized
6-0-56 | Robinson R22 Helicopter - Black (ownerId:984346468 - pos <4728.883301, 12.292137, 4692.961426> - islocked:true - password:83898389) initialized
