Creation Time: 2023_4_12-6-0-48
6-0-48 | M3S Covered (ownerId:62166080 - pos <6796.284668, 39.129303, 1809.294922> - islocked:true - password:22392239) initialized
6-0-48 | Ada 4x4 (ownerId:980466132 - pos <6795.198730, 39.193413, 1804.034790> - islocked:true - password:22392239) initialized
6-0-48 | UH-60 Blackhawk Cargo (ownerId:980466132 - pos <6789.833496, 39.259407, 1855.992920> - islocked:false - password:22392239) initialized
6-0-48 | MH-6M Little Bird - Desert (ownerId:62166080 - pos <6772.994629, 55.366909, 1847.963379> - islocked:true - password:22392239) initialized
6-0-48 | M3S Covered (ownerId:965259563 - pos <3756.730957, 5.599028, 2571.685303> - islocked:true - password:11367275) initialized
6-0-48 | Olga 24 (ownerId:965259563 - pos <3753.140869, 5.595238, 2570.598389> - islocked:true - password:11367275) initialized
6-0-48 | Gunter 2 (ownerId:965259563 - pos <3748.300537, 5.650959, 2573.668213> - islocked:true - password:11367275) initialized
6-0-48 | UH-60 Blackhawk - Woodland (ownerId:85319837 - pos <3985.975342, 16.854156, 3474.664551> - islocked:true - password:1111110) initialized
6-0-48 | Robinson R22 Helicopter (ownerId:965259563 - pos <4428.256836, 6.180542, 2904.960693> - islocked:true - password:11367275) initialized
6-0-48 | Olga 24 (ownerId:62166080 - pos <11179.251953, 5.801210, 11238.514648> - islocked:true - password:22392239) initialized
6-0-48 | Olga 24 (ownerId:195214598 - pos <5644.251953, 28.389246, 5433.802734> - islocked:true - password:52898989) initialized
6-0-48 | M3S Covered (ownerId:108250772 - pos <5633.070801, 29.492802, 5423.004883> - islocked:true - password:78945612) initialized
6-0-48 | Olga 24 (ownerId:288122462 - pos <5667.449219, 28.956726, 5408.281738> - islocked:true - password:12011152) initialized
6-0-48 | Sarka 120 (ownerId:980466132 - pos <7344.983398, 65.536064, 6033.242188> - islocked:false - password:22392239) initialized
6-0-48 | Robinson R22 Helicopter - Black (ownerId:980466132 - pos <7344.740234, 101.076912, 6032.527344> - islocked:true - password:22392239) initialized
6-0-48 | Robinson R22 Helicopter - Black (ownerId:108250772 - pos <8696.025391, 2.231342, 5545.102539> - islocked:false - password:14789632) initialized
6-0-48 | UH-60 Blackhawk - blackblackhawk (ownerId:195214598 - pos <11194.048828, 16.208822, 3796.434814> - islocked:true - password:89895252) initialized
6-0-48 | Robinson R22 Helicopter (ownerId:940915030 - pos <9512.575195, 102.761200, 3733.148193> - islocked:true - password:11853737) initialized
6-0-48 | Sarka 120 (ownerId:940915030 - pos <9511.229492, 102.703041, 3751.685303> - islocked:true - password:11853737) initialized
6-0-48 | Robinson R22 Helicopter (ownerId:195214598 - pos <6914.961426, 2.683013, 7082.414551> - islocked:true - password:52528989) initialized
6-0-48 | M3S Covered (ownerId:67657702 - pos <10219.411133, 20.388140, 7929.983398> - islocked:false - password:19944991) initialized
10-58-46 | UH-60 Blackhawk - blackblackhawk (ownerId:71319946 - pos <10198.366211, 1.700471, 7571.430176> - islocked:true - password:19944991) new car claimed
10-58-46 | UH-60 Blackhawk - blackblackhawk (ownerId:71319946 - pos <10198.366211, 1.700471, 7571.430176> - islocked:true - password:19944991) initialized
