Creation Time: 2023_5_21-6-0-51
6-0-51 | Cougar Camo kamo (ownerId:980466132 - pos <1447.439575, 3.095260, 6767.592285> - islocked:true - password:22392239) initialized
6-0-51 | Jeep Wrangler black  (ownerId:132652049 - pos <10783.433594, 3.303207, 3262.018066> - islocked:false - password:17392468) initialized
6-0-51 | MH-6M Little Bird (ownerId:89279995 - pos <4271.427246, 21.848562, 7302.884766> - islocked:true - password:20090909) initialized
6-0-51 | STR_Camaro_Nest_name (ownerId:137318436 - pos <4257.215820, 20.983667, 7294.000488> - islocked:true - password:20090909) initialized
6-0-51 | Offroad Range Rover police  (ownerId:69839805 - pos <4247.650391, 21.095661, 7296.851074> - islocked:false - password:20090909) initialized
6-0-51 | MBB Bo-105m Helicopter - blackcamo (ownerId:132652049 - pos <13864.321289, 136.226501, 2750.265137> - islocked:false - password:86753099) initialized
6-0-51 | HAMMER_H1 black (ownerId:405166905 - pos <5214.485352, 4.389012, 5327.307617> - islocked:true - password:1111991) initialized
6-0-51 | Olga 24 (ownerId:839735782 - pos <5857.687988, 45.548733, 4888.927246> - islocked:true - password:13579086) initialized
6-0-51 | LUAZ 969 blue (ownerId:354151095 - pos <6966.751953, 14.667980, 5712.361328> - islocked:true - password:4250425) initialized
6-0-51 | MOSKVICH 2140 (ownerId:304057481 - pos <6950.713379, 14.669940, 5719.608887> - islocked:true - password:42687931) initialized
6-0-51 | UAZ_2315 Camo2 (ownerId:442990275 - pos <5669.542480, 33.252747, 5274.333496> - islocked:true - password:37579090) initialized
6-0-51 | Olga 24 (ownerId:442990275 - pos <5675.934082, 33.315311, 5271.757324> - islocked:true - password:37579090) initialized
6-0-51 | Sarka 120 (ownerId:442990275 - pos <5672.714844, 33.286499, 5273.015137> - islocked:true - password:37579090) initialized
6-0-51 | M3S Covered (ownerId:442990275 - pos <5679.818359, 32.703461, 5269.042480> - islocked:true - password:37579090) initialized
6-0-51 | MOSKVICH 2140 (ownerId:419387242 - pos <6394.622559, 23.181297, 6685.234863> - islocked:true - password:58625862) initialized
6-0-51 | Chevrolet Corvette White  (ownerId:157174770 - pos <7500.621094, 2.791236, 5636.865723> - islocked:true - password:19892004) initialized
6-0-51 | YAR_87 Camo2  (ownerId:34611550 - pos <7504.311523, 3.352015, 5638.243652> - islocked:true - password:19892004) initialized
6-0-51 | MOSKVICH 2140 (ownerId:944065078 - pos <6404.157227, 22.908730, 6742.474121> - islocked:true - password:97319731) initialized
6-0-51 | UAZ 3909 Khaki1 (ownerId:36527682 - pos <7718.772461, 36.460243, 6068.498047> - islocked:true - password:93991005) initialized
6-0-51 | Jeep Wrangler (ownerId:288122462 - pos <6887.381836, 34.020954, 5864.156738> - islocked:true - password:12321321) initialized
6-0-51 | Gaz 71 (ownerId:980466132 - pos <5631.483887, 29.531258, 5381.033691> - islocked:true - password:22392239) initialized
6-0-51 | LUAZ 969 rust (ownerId:88929178 - pos <5625.726563, 29.296024, 5419.068848> - islocked:true - password:371400) initialized
6-0-51 | ToyotaHilux Red (ownerId:60592768 - pos <5621.545898, 29.441200, 5410.370117> - islocked:true - password:19651965) initialized
6-20-30 | Sarka 120 (ownerId:419387242 - pos <5607.903320, 29.139992, 5350.745605> - islocked:true - password:11223344) new car claimed
6-20-30 | Sarka 120 (ownerId:419387242 - pos <5607.903320, 28.839993, 5350.745605> - islocked:true - password:11223344) initialized
6-24-12 | Sarka 120 (ownerId:419387242 - pos <5607.909668, 28.784214, 5350.746094> - islocked:false - password:11223344) has been deleted
7-15-40 | Sarka 120 (ownerId:419387242 - pos <5619.394043, 29.009998, 5361.196289> - islocked:true - password:11223344) new car claimed
7-15-40 | Sarka 120 (ownerId:419387242 - pos <5619.394043, 28.709999, 5361.196289> - islocked:true - password:11223344) initialized
7-16-33 | Sarka 120 (ownerId:419387242 - pos <5619.391602, 28.686045, 5361.194824> - islocked:false - password:11223344) has been deleted
7-16-39 | Sarka 120 (ownerId:419387242 - pos <5624.591309, 29.009998, 5358.431152> - islocked:true - password:11223344) new car claimed
7-16-39 | Sarka 120 (ownerId:419387242 - pos <5624.591309, 28.709999, 5358.431152> - islocked:true - password:11223344) initialized
7-17-38 | Sarka 120 (ownerId:419387242 - pos <5624.590820, 28.686020, 5358.432129> - islocked:false - password:-1) new car claimed
7-19-30 | Sarka 120 (ownerId:86564395 - pos <5635.031250, 28.017872, 5327.829590> - islocked:true - password:59005900) new car claimed
8-4-25 | Sarka 120 (ownerId:86564395 - pos <4873.997559, 20.689011, 7135.846191> - islocked:false - password:59005900) has been deleted
8-46-53 | Sarka 120 (ownerId:86564395 - pos <4883.503418, 20.991777, 7129.969238> - islocked:true - password:59005900) new car claimed
8-46-53 | Sarka 120 (ownerId:86564395 - pos <4883.503418, 20.691778, 7129.969238> - islocked:true - password:59005900) initialized
9-12-10 | Sarka 120 (ownerId:86564395 - pos <4874.820801, 20.705397, 7133.749023> - islocked:false - password:59005900) has been deleted
9-33-29 | Sarka 120 (ownerId:86564395 - pos <4882.653320, 16.185204, 7131.178711> - islocked:true - password:59005900) new car claimed
9-33-29 | Sarka 120 (ownerId:86564395 - pos <4882.653320, 15.885204, 7131.178711> - islocked:true - password:59005900) initialized
9-34-13 | Sarka 120 (ownerId:86564395 - pos <4878.713379, 22.291735, 7128.640625> - islocked:true - password:59005900) has been deleted
9-34-24 | Sarka 120 (ownerId:86564395 - pos <4883.318359, 20.992590, 7127.372559> - islocked:true - password:59005900) new car claimed
9-34-24 | Sarka 120 (ownerId:86564395 - pos <4883.318359, 20.692591, 7127.372559> - islocked:true - password:59005900) initialized
11-45-4 | Sarka 120 (ownerId:86564395 - pos <5462.870117, 22.538279, 6195.082520> - islocked:false - password:59005900) has been deleted
11-45-22 | Sarka 120 (ownerId:86564395 - pos <5439.745117, 33.414261, 6169.539063> - islocked:true - password:59005900) new car claimed
11-45-22 | Sarka 120 (ownerId:86564395 - pos <5439.740723, 33.126675, 6169.535156> - islocked:true - password:59005900) initialized
