Creation Time: 2023_5_2-0-0-53
0-0-53 | Ada 4x4 (ownerId:16874355 - pos <10732.898438, 90.320946, 6156.009766> - islocked:true - password:15795315) initialized
0-0-53 | Land Rover Defender 110 Green (ownerId:62166080 - pos <1088.963379, 7.943729, 13776.847656> - islocked:true - password:22392239) initialized
0-0-53 | Sarka 120 (ownerId:405166905 - pos <10490.966797, 10.001151, 4277.304199> - islocked:true - password:19910111) initialized
0-0-53 | Robinson R22 Helicopter (ownerId:940915030 - pos <9512.575195, 102.761208, 3733.148193> - islocked:true - password:11853737) initialized
0-0-53 | Land Rover Defender 110 Red (ownerId:60592768 - pos <9561.738281, 4.179224, 5944.402344> - islocked:true - password:19651965) initialized
0-0-53 | Robinson R22 Helicopter (ownerId:839735782 - pos <5448.208008, 7.477819, 8605.121094> - islocked:true - password:1051997) initialized
0-0-53 | M3S Covered (ownerId:965259563 - pos <5465.726563, 7.868549, 8577.350586> - islocked:true - password:72524299) initialized
0-0-53 | M3S Covered (ownerId:944065078 - pos <7718.275879, 36.466995, 6089.899902> - islocked:false - password:25082508) initialized
0-0-53 | Sarka 120 (ownerId:944065078 - pos <7717.218750, 35.600346, 6074.577637> - islocked:false - password:25082508) initialized
0-0-53 | Land Rover Defender 110 UN (ownerId:116364714 - pos <7697.131836, 37.322044, 6075.831543> - islocked:false - password:25082508) initialized
0-0-53 | Land Rover Defender 110 Green (ownerId:177737910 - pos <2550.602539, 57.004520, 9449.895508> - islocked:false - password:25792579) initialized
0-0-53 | Sarka 120 (ownerId:85319837 - pos <7574.967285, 24.190521, 3928.490234> - islocked:true - password:1111110) initialized
0-0-53 | Land Rover Defender 110 UN (ownerId:85319837 - pos <7572.665527, 24.168484, 3940.986328> - islocked:false - password:9151985) initialized
0-0-53 | Robinson R22 Helicopter - Black (ownerId:980466132 - pos <7349.647949, 101.077271, 6033.751465> - islocked:false - password:22392239) initialized
0-0-53 | Gunter 2 (ownerId:36527682 - pos <7192.423340, 3.389055, 5359.116211> - islocked:false - password:93991005) initialized
0-0-53 | Land Rover Defender 110 (ownerId:192139039 - pos <1187.249390, 27.934341, 12555.937500> - islocked:true - password:7161994) initialized
0-0-53 | UH-60 Blackhawk - blackblackhawk (ownerId:195214598 - pos <3224.051514, 7.616046, 1721.943970> - islocked:true - password:52528989) initialized
0-0-53 | M3S Covered (ownerId:108250772 - pos <5656.407227, 28.701445, 5426.498535> - islocked:true - password:12345678) initialized
0-0-53 | Land Rover Defender 110 Red (ownerId:980466132 - pos <5620.325195, 29.278481, 5403.712402> - islocked:true - password:22392239) initialized
0-0-53 | Olga 24 (ownerId:419387242 - pos <5614.041992, 28.708233, 5347.772949> - islocked:true - password:8995862) initialized
0-0-53 | Ada 4x4 (ownerId:419387242 - pos <7085.443848, 36.930241, 2229.945068> - islocked:false - password:8995862) initialized
0-0-53 | Sarka 120 (ownerId:980466132 - pos <6801.630371, 39.738678, 1801.161499> - islocked:true - password:22392239) initialized
0-0-53 | M3S Covered (ownerId:980466132 - pos <6795.287598, 40.007656, 1809.517090> - islocked:true - password:22392239) initialized
0-0-53 | MBB Bo-105m Helicopter - blackcamo (ownerId:980466132 - pos <6768.891113, 54.751774, 1849.850098> - islocked:true - password:22392239) initialized
0-0-53 | Olga 24 (ownerId:965259563 - pos <5514.683594, 10.377774, 6266.099609> - islocked:true - password:11367275) initialized
0-0-53 | Sarka 120 (ownerId:194642746 - pos <5445.564453, 5.326132, 4629.521484> - islocked:true - password:15474555) initialized
0-0-53 | Robinson R22 Helicopter - Black (ownerId:984346468 - pos <4728.882813, 12.292140, 4692.961426> - islocked:true - password:83898389) initialized
0-0-53 | Land Rover Defender 110 Red (ownerId:132652049 - pos <4264.954590, 2.625458, 2514.104980> - islocked:true - password:9031783) initialized
0-0-53 | M3S Covered (ownerId:839735782 - pos <4260.081055, 2.626884, 2517.700928> - islocked:false - password:1051997) initialized
0-0-53 | Robinson R22 Helicopter (ownerId:71319946 - pos <5672.808594, 33.907444, 5245.416016> - islocked:true - password:19944991) initialized
0-0-53 | Robinson R22 Helicopter (ownerId:195214598 - pos <1084.466797, 54.700237, 10695.002930> - islocked:true - password:52528989) initialized
0-0-53 | Sarka 120 (ownerId:965259563 - pos <3730.797363, 6.081141, 2551.065674> - islocked:true - password:72524299) initialized
0-0-53 | Land Rover Defender 110 Red (ownerId:965259563 - pos <3730.515869, 6.048485, 2554.894287> - islocked:true - password:11367275) initialized
0-0-53 | Robinson R22 Helicopter (ownerId:965259563 - pos <3756.512451, 19.967381, 2601.171387> - islocked:true - password:11367275) initialized
0-16-21 | Land Rover Defender 110 Red (ownerId:6938606 - pos <5622.278809, 28.729586, 5410.561035> - islocked:true - password:20090909) new car claimed
0-24-10 | Olga 24 (ownerId:108250772 - pos <7106.791992, 36.326313, 2238.590576> - islocked:true - password:12345678) new car claimed
0-24-37 | Olga 24 (ownerId:108250772 - pos <7106.791992, 36.326313, 2238.590576> - islocked:true - password:12345678) has been deleted
0-24-52 | Olga 24 (ownerId:108250772 - pos <7134.912598, 35.568604, 2236.094727> - islocked:true - password:12345678) new car claimed
0-24-52 | Olga 24 (ownerId:108250772 - pos <7134.912598, 35.268604, 2236.094727> - islocked:true - password:12345678) initialized
0-26-23 | Olga 24 (ownerId:108250772 - pos <7129.463379, 35.745132, 2255.059082> - islocked:true - password:12345678) has been deleted
0-26-34 | Olga 24 (ownerId:108250772 - pos <7113.864746, 36.668236, 2257.426758> - islocked:true - password:12345678) new car claimed
0-26-34 | Olga 24 (ownerId:108250772 - pos <7113.864746, 36.368237, 2257.426758> - islocked:true - password:12345678) initialized
4-0-39 | Gunter 2 (ownerId:965259563 - pos <9341.458008, 12.771339, 9601.172852> - islocked:true - password:86753099) new car claimed
