Creation Time: 2023_4_29-18-0-50
18-0-50 | Land Rover Defender 110 (ownerId:192139039 - pos <1187.243774, 28.267956, 12556.091797> - islocked:true - password:7161994) initialized
18-0-50 | Robinson R22 Helicopter - Black (ownerId:62166080 - pos <518.580994, 40.944073, 11901.003906> - islocked:true - password:22392239) initialized
18-0-50 | Sarka 120 (ownerId:405166905 - pos <10489.906250, 10.002503, 4274.236816> - islocked:true - password:19910111) initialized
18-0-50 | Robinson R22 Helicopter (ownerId:940915030 - pos <9512.575195, 102.761200, 3733.148193> - islocked:true - password:11853737) initialized
18-0-50 | Land Rover Defender 110 Red (ownerId:60592768 - pos <9560.937500, 4.183795, 5944.635254> - islocked:true - password:19651965) initialized
18-0-50 | Robinson R22 Helicopter (ownerId:195214598 - pos <1114.771484, 56.352501, 10648.643555> - islocked:true - password:52528989) initialized
18-0-50 | Land Rover Defender 110 Green (ownerId:177737910 - pos <2550.541016, 56.943283, 9450.666992> - islocked:true - password:25792579) initialized
18-0-50 | UH-60 Blackhawk - blackblackhawk (ownerId:195214598 - pos <3224.051514, 7.616046, 1721.946045> - islocked:true - password:52528989) initialized
18-0-50 | Ka26 Hoodlum Helicopter (ownerId:980466132 - pos <6772.266602, 54.637615, 1849.946045> - islocked:true - password:22392239) initialized
18-0-50 | Ada 4x4 (ownerId:62166080 - pos <6801.611328, 39.178020, 1808.978027> - islocked:false - password:22392239) initialized
18-0-50 | Land Rover Defender 110 Green (ownerId:62166080 - pos <6795.712402, 39.705982, 1807.071655> - islocked:true - password:22392239) initialized
18-0-50 | M3S Covered (ownerId:62166080 - pos <6812.608398, 38.908707, 1814.640991> - islocked:true - password:22392239) initialized
18-0-50 | Sarka 120 (ownerId:980466132 - pos <6801.630371, 39.738682, 1801.161499> - islocked:true - password:22392239) initialized
18-0-50 | Gunter 2 (ownerId:36527682 - pos <7127.950195, 2.425678, 5299.884277> - islocked:true - password:93991005) initialized
18-0-50 | Land Rover Defender 110 Red (ownerId:980466132 - pos <6796.332031, 39.705948, 1802.321167> - islocked:true - password:22392239) initialized
18-0-50 | Land Rover Defender 110 UN (ownerId:116364714 - pos <3286.868408, 3.308485, 1742.733887> - islocked:false - password:25082508) initialized
18-0-50 | Robinson R22 Helicopter - Black (ownerId:984346468 - pos <4728.882324, 12.292117, 4692.962891> - islocked:true - password:83898389) initialized
18-0-50 | Robinson R22 Helicopter - Black (ownerId:980466132 - pos <7349.647949, 101.077271, 6033.751465> - islocked:false - password:22392239) initialized
18-0-50 | M3S Covered (ownerId:944065078 - pos <7718.275879, 36.466976, 6089.899902> - islocked:false - password:25082508) initialized
18-0-50 | Sarka 120 (ownerId:944065078 - pos <7713.507324, 35.693115, 6073.525879> - islocked:false - password:25082508) initialized
18-0-50 | Sarka 120 (ownerId:194642746 - pos <5445.525879, 5.327841, 4629.537598> - islocked:true - password:15474555) initialized
18-0-50 | Robinson R22 Helicopter (ownerId:965259563 - pos <3756.512451, 19.967381, 2601.171387> - islocked:true - password:11367275) initialized
18-0-50 | Land Rover Defender 110 Red (ownerId:965259563 - pos <3730.991699, 6.048484, 2554.898926> - islocked:true - password:11367275) initialized
18-0-50 | Olga 24 (ownerId:965259563 - pos <4477.020020, 15.181070, 2156.043213> - islocked:true - password:11367275) initialized
18-0-50 | M3S Covered (ownerId:965259563 - pos <5465.726563, 7.868544, 8577.351563> - islocked:true - password:72524299) initialized
18-0-50 | M3S Covered (ownerId:839735782 - pos <5475.225586, 7.701350, 8611.495117> - islocked:true - password:1051997) initialized
18-0-50 | M3S Covered (ownerId:8156911 - pos <6232.799805, 5.800158, 9593.156250> - islocked:false - password:15500000) initialized
18-0-50 | Sarka 120 (ownerId:22592522 - pos <6232.372559, 5.531141, 9589.974609> - islocked:true - password:5210521) initialized
18-0-50 | Olga 24 (ownerId:419387242 - pos <7057.700684, 45.000401, 2053.504639> - islocked:true - password:8995862) initialized
18-0-50 | Robinson R22 Helicopter (ownerId:71319946 - pos <5672.808594, 33.907433, 5245.416016> - islocked:true - password:19944991) initialized
18-0-50 | Ada 4x4 (ownerId:419387242 - pos <5611.098633, 28.817961, 5347.671387> - islocked:true - password:8995862) initialized
18-0-50 | Land Rover Defender 110 UN (ownerId:85319837 - pos <7572.665527, 24.168484, 3940.986328> - islocked:true - password:9151985) initialized
18-6-28 | UH-60 Blackhawk - blackblackhawk (ownerId:944065078 - pos <3234.995361, 3.715423, 1705.990234> - islocked:true - password:25082508) new car claimed
20-51-53 | M3S Covered (ownerId:62166080 - pos <5656.403320, 28.701176, 5426.487793> - islocked:false - password:-1) new car claimed
20-57-29 | M3S Covered (ownerId:108250772 - pos <5656.403320, 28.701176, 5426.487793> - islocked:true - password:12345678) new car claimed
20-59-31 | M3S Covered (ownerId:980466132 - pos <5645.772949, 26.987394, 5449.780273> - islocked:true - password:22392239) new car claimed
21-47-24 | Ka26 Hoodlum Helicopter (ownerId:980466132 - pos <10741.300781, 99.344582, 6165.642090> - islocked:false - password:22392239) has been deleted
