Creation Time: 2023_7_16-18-0-54
18-0-54 | MH-6M Little Bird - Camo (ownerId:132652049 - pos <5679.368652, 30.092611, 5388.674805> - islocked:true - password:9021997) initialized
18-0-54 | Velociraptor6x6 Camo2  (ownerId:407766611 - pos <5627.701172, 29.525602, 5374.267578> - islocked:true - password:55555552) initialized
18-0-54 | Jeep Wrangler Camo (ownerId:85319837 - pos <5598.370117, 29.351624, 5347.109863> - islocked:true - password:77899511) initialized
18-0-54 | STR_EGER_GreenCamo_name (ownerId:197257182 - pos <5644.242676, 28.863911, 5433.101563> - islocked:true - password:48151623) initialized
18-0-54 | Toyota Land Cruiser 200 Camo2  (ownerId:523450192 - pos <5629.329102, 29.272106, 5420.381348> - islocked:true - password:22392239) initialized
18-0-54 | UAZ_2315 Red (ownerId:369601190 - pos <5663.853516, 28.573866, 5465.685547> - islocked:true - password:45645645) initialized
18-0-54 | Ada 4x4 (ownerId:369601190 - pos <5668.541016, 29.263445, 5470.098633> - islocked:true - password:42014201) initialized
18-0-54 | Nissan warrior Camo (ownerId:48698262 - pos <2975.816162, 9.589603, 6059.870605> - islocked:true - password:48151623) initialized
18-0-54 | Oshkosh (ownerId:197257182 - pos <2966.873535, 9.824042, 6063.749023> - islocked:true - password:48151623) initialized
18-0-54 |  Novator Flecktarn (ownerId:48698262 - pos <2958.466553, 8.893469, 6042.717285> - islocked:true - password:48151623) initialized
18-0-54 | SCOUT Black (ownerId:442990275 - pos <7454.724609, 35.276012, 3587.659180> - islocked:true - password:37579090) initialized
18-0-54 | UAZ 3909 Beige (ownerId:795695470 - pos <5994.958984, 41.178898, 5302.972656> - islocked:true - password:8031991) initialized
18-0-54 | STR_EGER_GreenCamo_name (ownerId:523991778 - pos <5899.110352, 37.135433, 5221.917480> - islocked:true - password:22392239) initialized
18-0-54 | Robinson R22 Helicopter - Black (ownerId:88929178 - pos <4442.763184, 6.376419, 4634.849609> - islocked:true - password:78932100) initialized
18-0-54 | UH-60 Blackhawk - blackblackhawk (ownerId:88929178 - pos <4427.780762, 11.961945, 4605.452148> - islocked:true - password:371400) initialized
18-0-54 | Gunter 2 (ownerId:218588421 - pos <3804.124268, 7.125345, 5908.958984> - islocked:true - password:3081984) initialized
18-0-54 | LUAZ 969 red (ownerId:405166905 - pos <7548.715820, 88.256348, 4641.040039> - islocked:true - password:11111111) initialized
18-0-54 | STR_SCOUT_snik2_name (ownerId:88929178 - pos <4625.778809, 17.721479, 4407.934570> - islocked:true - password:371400) initialized
18-0-54 | Offroad Range Rover Yellow  (ownerId:103808025 - pos <6997.140625, 41.474098, 5945.404785> - islocked:true - password:55677777) initialized
18-0-54 | MOSKVICH 2140 (ownerId:882346394 - pos <7098.297852, 8.217143, 5440.291504> - islocked:true - password:42091103) initialized
18-0-54 | Sarka 120 (ownerId:119311623 - pos <4272.950684, 21.031145, 7267.666016> - islocked:true - password:7101993) initialized
18-0-54 | Oshkosh grey (ownerId:64819467 - pos <4275.659668, 21.358603, 7271.511719> - islocked:true - password:7101993) initialized
18-0-54 | Toyota Land Cruiser 200 Camo (ownerId:119311623 - pos <4270.079102, 21.010029, 7265.319336> - islocked:true - password:7101993) initialized
18-0-54 | BMW X5 Flecktarn (ownerId:53415379 - pos <4265.436523, 20.914970, 7261.116211> - islocked:true - password:7101993) initialized
18-0-54 | Gunter 2 (ownerId:48698262 - pos <1999.864014, 9.873889, 9051.088867> - islocked:true - password:48151623) initialized
18-0-54 | MUSTANG Red (ownerId:407766611 - pos <9997.804688, 22.648695, 11025.042969> - islocked:false - password:55555552) initialized
18-0-54 | UAZ 3909 Police (ownerId:60592768 - pos <3231.901611, 3.497940, 1731.628174> - islocked:true - password:13121312) initialized
18-0-54 | Offroad Range Rover police  (ownerId:60592768 - pos <3235.147705, 3.228037, 1724.893433> - islocked:true - password:13121312) initialized
18-0-54 | STR_Camaro_Nest_name (ownerId:60592768 - pos <3245.895264, 3.116042, 1751.001099> - islocked:true - password:13121312) initialized
18-40-7 | Jeep Wrangler Camo (ownerId:85319837 - pos <5598.371582, 28.898941, 5347.090820> - islocked:true - password:77899511) has been deleted
18-55-27 | Toyota Land Cruiser 200 Camo2  (ownerId:523450192 - pos <4311.555664, 3.349525, 4671.508789> - islocked:true - password:22392239) has been deleted
18-58-9 | Robinson R22 Helicopter - Black (ownerId:88929178 - pos <4442.743652, 5.791937, 4634.572754> - islocked:false - password:-1) new car claimed
18-59-24 | Robinson R22 Helicopter - Black (ownerId:523450192 - pos <4442.743652, 5.791937, 4634.572754> - islocked:true - password:22392239) new car claimed
19-3-18 | Toyota Land Cruiser 200 Camo2  (ownerId:523450192 - pos <5904.967285, 36.597202, 5211.548828> - islocked:true - password:22392239) new car claimed
19-3-18 | Toyota Land Cruiser 200 Camo2  (ownerId:523450192 - pos <5904.967285, 36.589779, 5211.548828> - islocked:true - password:22392239) initialized
20-42-15 | UAZ HUNTER (ownerId:521855408 - pos <5629.465332, 29.009998, 5357.882813> - islocked:true - password:9102021) new car claimed
20-42-15 | UAZ HUNTER (ownerId:521855408 - pos <5629.465332, 29.009998, 5357.882813> - islocked:true - password:9102021) initialized
20-50-2 | UAZ HUNTER (ownerId:521855408 - pos <6839.406250, 35.827877, 5799.022949> - islocked:true - password:9102021) has been deleted
21-1-28 | Olga 24 (ownerId:442990275 - pos <3950.814697, 25.254925, 4863.821289> - islocked:true - password:42014201) new car claimed
21-1-28 | Olga 24 (ownerId:442990275 - pos <3950.814697, 25.254925, 4863.821289> - islocked:true - password:42014201) initialized
21-3-20 | UAZ HUNTER (ownerId:521855408 - pos <6815.643066, 36.517071, 5799.975098> - islocked:true - password:9102021) new car claimed
21-3-20 | UAZ HUNTER (ownerId:521855408 - pos <6815.643066, 36.517071, 5799.975098> - islocked:true - password:9102021) initialized
21-3-44 | Olga 24 (ownerId:442990275 - pos <3950.782471, 24.988413, 4863.818359> - islocked:true - password:-1) new car claimed
21-4-39 | Olga 24 (ownerId:526094573 - pos <3950.782471, 24.988413, 4863.818359> - islocked:true - password:77899511) new car claimed
21-13-41 | UAZ HUNTER (ownerId:521855408 - pos <9308.300781, 30.835850, 5351.058105> - islocked:true - password:9102021) has been deleted
21-27-52 | UAZ HUNTER (ownerId:521855408 - pos <9312.223633, 31.277607, 5348.940430> - islocked:true - password:9102021) new car claimed
21-27-52 | UAZ HUNTER (ownerId:521855408 - pos <9312.223633, 31.277605, 5348.940430> - islocked:true - password:9102021) initialized
21-28-2 | UAZ 3909 Ambulance (ownerId:521855408 - pos <9316.679688, 31.349033, 5346.785156> - islocked:true - password:9102021) new car claimed
21-28-2 | UAZ 3909 Ambulance (ownerId:521855408 - pos <9316.679688, 31.349033, 5346.785156> - islocked:true - password:9102021) initialized
21-29-32 | UAZ HUNTER (ownerId:521855408 - pos <9312.231445, 30.908342, 5348.925781> - islocked:true - password:9102021) has been deleted
21-36-33 | UAZ 3909 Ambulance (ownerId:521855408 - pos <5650.671387, 28.766005, 5420.617188> - islocked:false - password:9102021) has been deleted
21-39-30 | Olga 24 (ownerId:526094573 - pos <5603.475098, 28.775036, 5349.615723> - islocked:false - password:-1) new car claimed
21-42-11 | ToyotaHilux rust (ownerId:526094573 - pos <5656.535156, 33.300972, 5247.316406> - islocked:true - password:77899511) new car claimed
21-51-28 | UAZ 3909 Ambulance (ownerId:521855408 - pos <5618.397949, 29.009998, 5405.314941> - islocked:true - password:9102021) new car claimed
21-51-28 | UAZ 3909 Ambulance (ownerId:521855408 - pos <5618.397949, 29.009998, 5405.314941> - islocked:true - password:9102021) initialized
22-19-17 | UAZ 3909 Ambulance (ownerId:521855408 - pos <7769.302734, 39.051323, 9624.652344> - islocked:false - password:9102021) has been deleted
22-56-51 | Olga 24 (ownerId:526094573 - pos <5681.333984, 33.109085, 5243.038086> - islocked:true - password:77899511) new car claimed
23-26-10 | Sarka 120 (ownerId:442990275 - pos <2927.816895, 20.383703, 8848.014648> - islocked:true - password:42014201) new car claimed
23-53-3 | Sarka 120 (ownerId:442990275 - pos <2927.816895, 20.383703, 8848.014648> - islocked:false - password:42014201) has been deleted
