Creation Time: 2023_6_6-12-0-48
12-0-48 | MH-6M Little Bird - Desert (ownerId:132652049 - pos <10045.665039, 8.208422, 1098.988281> - islocked:false - password:13579246) initialized
12-0-48 | ToyotaHilux White (ownerId:60592768 - pos <9560.012695, 4.309826, 5946.572754> - islocked:true - password:19651965) initialized
12-0-48 | YAR_87 Camo2  (ownerId:34611550 - pos <2479.796143, 18.703718, 13963.016602> - islocked:true - password:19892004) initialized
12-0-48 | STR_EGER_name (ownerId:980466132 - pos <3688.985840, 12.083788, 9772.874023> - islocked:true - password:22392239) initialized
12-0-48 | UAZ_2315 Red (ownerId:405166905 - pos <3412.376709, 19.420666, 4543.563965> - islocked:true - password:1111991) initialized
12-0-48 | LUAZ 969 black (ownerId:36527682 - pos <7718.376953, 36.262550, 6068.660645> - islocked:true - password:93991005) initialized
12-0-48 | M3S Covered (ownerId:249230507 - pos <8282.162109, 5.025807, 9352.228516> - islocked:true - password:33333333) initialized
12-0-48 | Robinson R22 Helicopter (ownerId:249230507 - pos <8092.914063, 13.178654, 9330.942383> - islocked:true - password:33333333) initialized
12-0-48 | Olga 24 (ownerId:86564395 - pos <5683.289063, 5.538043, 9264.157227> - islocked:true - password:59005900) initialized
12-0-48 | Sarka 120 (ownerId:144736642 - pos <7340.217773, 7.426157, 8406.367188> - islocked:true - password:41941941) initialized
12-0-48 | Ada 4x4 (ownerId:839735782 - pos <4959.769043, 15.151682, 8482.845703> - islocked:true - password:1051997) initialized
12-0-48 | MOSKVICH 2140 (ownerId:288122462 - pos <6883.863281, 34.121437, 5878.004883> - islocked:true - password:12321123) initialized
12-0-48 | Olga 24 (ownerId:416867315 - pos <5378.852051, 74.598717, 3968.254150> - islocked:true - password:19993420) initialized
12-0-48 | LUAZ 969 black (ownerId:88929178 - pos <4146.072754, 4.054574, 4199.207031> - islocked:true - password:371400) initialized
12-0-48 | MOSKVICH 2140 (ownerId:54276291 - pos <5440.833008, 6.823099, 4639.786133> - islocked:true - password:12348262) initialized
12-0-48 | Audi RS6 (ownerId:85319837 - pos <5682.031738, 33.497295, 5242.730957> - islocked:true - password:1111110) initialized
12-0-48 | Jeep Wrangler (ownerId:944065078 - pos <5667.188477, 29.419006, 5339.477051> - islocked:false - password:97319731) initialized
12-0-48 | MOSKVICH 2140 (ownerId:137318436 - pos <4304.500488, 3.855568, 4680.525391> - islocked:true - password:20090909) initialized
12-0-48 | M3S Covered (ownerId:86564395 - pos <4550.290527, 27.460199, 7875.549805> - islocked:false - password:59005900) initialized
12-0-48 | Jeep Wrangler Blue (ownerId:34611550 - pos <4246.239258, 21.212746, 7292.730957> - islocked:true - password:19892004) initialized
12-0-48 | MH-6M Little Bird (ownerId:34611550 - pos <4271.984863, 21.744884, 7303.545410> - islocked:true - password:19892004) initialized
12-0-48 | Olga 24 (ownerId:501895347 - pos <3569.566406, 21.127363, 6543.795898> - islocked:true - password:42775920) initialized
12-0-48 | Jeep Wrangler black  (ownerId:308099129 - pos <3929.318359, 12.055123, 7918.307129> - islocked:true - password:9131988) initialized
12-0-48 | MH-6M Little Bird - Camo (ownerId:369601190 - pos <1575.246094, 10.572631, 9031.454102> - islocked:true - password:80081355) initialized
12-0-48 | ToyotaHilux Camo (ownerId:442990275 - pos <1972.933838, 10.226624, 8857.318359> - islocked:true - password:42014201) initialized
12-0-48 | STR_Camaro_Lesnik_name (ownerId:442990275 - pos <1963.730469, 9.871471, 8861.066406> - islocked:true - password:42014201) initialized
16-43-50 | MH-6M Little Bird - Camo (ownerId:369601190 - pos <5631.798340, 28.725784, 5407.907227> - islocked:true - password:80081355) has been deleted
16-46-13 | MH-6M Little Bird - Camo (ownerId:369601190 - pos <5607.070801, 28.719860, 5354.758301> - islocked:true - password:80081355) new car claimed
16-52-58 | Olga 24 (ownerId:405166905 - pos <3444.218018, 22.367765, 6082.102539> - islocked:true - password:1111991) new car claimed
