Creation Time: 2023_4_11-12-0-47
12-0-47 | Gunter 2 (ownerId:85319837 - pos <5599.243652, 28.802670, 5346.802246> - islocked:true - password:1111110) initialized
12-0-47 | Olga 24 (ownerId:288122462 - pos <5600.262207, 29.332041, 5349.435547> - islocked:true - password:12011152) initialized
12-0-47 | M3S Covered (ownerId:108250772 - pos <5629.740234, 29.560867, 5420.347656> - islocked:true - password:78945612) initialized
12-0-47 | Olga 24 (ownerId:195214598 - pos <5644.246094, 28.401100, 5433.689453> - islocked:true - password:52898989) initialized
12-0-47 | Robinson R22 Helicopter - Black (ownerId:980466132 - pos <7348.316406, 101.077179, 6033.846191> - islocked:true - password:22392239) initialized
12-0-47 | Ada 4x4 (ownerId:980466132 - pos <6795.198730, 39.193413, 1804.033813> - islocked:true - password:22392239) initialized
12-0-47 | Sarka 120 (ownerId:980466132 - pos <6795.562988, 39.113602, 1800.537720> - islocked:true - password:22392239) initialized
12-0-47 | Olga 24 (ownerId:62166080 - pos <6800.040527, 39.125362, 1803.331299> - islocked:false - password:22392239) initialized
12-0-47 | M3S Covered (ownerId:62166080 - pos <6796.280762, 39.129292, 1809.293701> - islocked:true - password:22392239) initialized
12-0-47 | UH-60 Blackhawk Cargo (ownerId:980466132 - pos <6789.833008, 39.259415, 1855.992432> - islocked:false - password:22392239) initialized
12-0-47 | MH-6M Little Bird - Desert (ownerId:62166080 - pos <11315.041992, 1.725582, 10937.589844> - islocked:false - password:22392239) initialized
12-0-47 | M3S Covered (ownerId:965259563 - pos <10084.879883, 21.691723, 10859.799805> - islocked:true - password:11367275) initialized
12-0-47 | Olga 24 (ownerId:965259563 - pos <6035.172363, 5.867786, 14995.447266> - islocked:true - password:11367275) initialized
12-0-47 | Robinson R22 Helicopter (ownerId:195214598 - pos <11193.184570, 16.091618, 3799.954834> - islocked:true - password:52528989) initialized
12-0-47 | Robinson R22 Helicopter (ownerId:940915030 - pos <9512.575195, 102.761208, 3733.148193> - islocked:true - password:11853737) initialized
12-0-47 | Sarka 120 (ownerId:940915030 - pos <9511.229492, 102.703018, 3751.685303> - islocked:true - password:11853737) initialized
12-0-47 | Robinson R22 Helicopter - Black (ownerId:108250772 - pos <8696.025391, 2.231343, 5545.102539> - islocked:false - password:14789632) initialized
12-0-47 | Robinson R22 Helicopter - Red (ownerId:71319946 - pos <10224.800781, 20.689856, 7921.040039> - islocked:true - password:19944991) initialized
12-0-47 | M3S Covered (ownerId:67657702 - pos <10219.413086, 20.393629, 7930.095215> - islocked:true - password:19944991) initialized
12-0-47 | Sarka 120 (ownerId:67657702 - pos <5909.782227, 1.369039, 8396.552734> - islocked:true - password:19944991) initialized
12-0-47 | Gunter 2 (ownerId:965259563 - pos <3752.477295, 5.663740, 2572.405762> - islocked:true - password:11367275) initialized
12-0-47 | Robinson R22 Helicopter (ownerId:965259563 - pos <4428.257324, 6.180525, 2904.960693> - islocked:true - password:11367275) initialized
12-0-47 | UH-60 Blackhawk - Woodland (ownerId:85319837 - pos <3985.975342, 16.854156, 3474.664307> - islocked:true - password:1111110) initialized
14-47-53 | Sarka 120 (ownerId:31876567 - pos <5639.139648, 28.727121, 5425.927246> - islocked:true - password:18675309) new car claimed
14-47-53 | Sarka 120 (ownerId:31876567 - pos <5639.139648, 28.427122, 5425.927246> - islocked:true - password:18675309) initialized
14-52-10 | Sarka 120 (ownerId:31876567 - pos <6387.756348, 15.107834, 6193.708984> - islocked:false - password:18675309) has been deleted
14-58-24 | Sarka 120 (ownerId:31876567 - pos <6479.048340, 15.389976, 6255.541504> - islocked:true - password:18675309) new car claimed
14-58-24 | Sarka 120 (ownerId:31876567 - pos <6479.048340, 15.089975, 6255.541504> - islocked:true - password:18675309) initialized
15-7-6 | Sarka 120 (ownerId:31876567 - pos <5659.433105, 28.685534, 5414.693359> - islocked:false - password:18675309) has been deleted
15-47-17 | Sarka 120 (ownerId:31876567 - pos <5651.319824, 29.010029, 5415.769043> - islocked:true - password:18675309) new car claimed
15-47-17 | Sarka 120 (ownerId:31876567 - pos <5651.319824, 28.710030, 5415.769043> - islocked:true - password:18675309) initialized
16-12-7 | Sarka 120 (ownerId:31876567 - pos <11221.630859, 2.493159, 11619.307617> - islocked:false - password:18675309) has been deleted
