Creation Time: 2023_4_16-6-1-11
6-1-11 | Gunter 2 (ownerId:965259563 - pos <3748.300537, 5.650942, 2573.672607> - islocked:true - password:11367275) initialized
6-1-11 | Olga 24 (ownerId:965259563 - pos <3746.980469, 5.595260, 2565.999512> - islocked:true - password:11367275) initialized
6-1-11 | Bell 429 Helicopter (ownerId:195214598 - pos <8112.444824, 214.216858, 11880.526367> - islocked:true - password:52898952) initialized
6-1-11 | UH-60 Blackhawk - blackblackhawk (ownerId:195214598 - pos <8069.666992, 215.248932, 11834.370117> - islocked:true - password:89895252) initialized
6-1-11 | M3S Covered (ownerId:108250772 - pos <8291.507813, 160.107544, 12267.614258> - islocked:true - password:78945612) initialized
6-1-11 | Robinson R22 Helicopter - Black (ownerId:980466132 - pos <7348.521973, 101.077194, 6033.944824> - islocked:true - password:22392239) initialized
6-1-11 | Olga 24 (ownerId:288122462 - pos <5667.871582, 28.924307, 5408.268555> - islocked:true - password:12011152) initialized
6-1-11 | Robinson R22 Helicopter (ownerId:195214598 - pos <5661.527832, 33.934753, 5246.419434> - islocked:true - password:52528989) initialized
6-1-11 | UH-60 Blackhawk - Woodland (ownerId:85319837 - pos <3985.974854, 16.854158, 3474.664551> - islocked:true - password:1111110) initialized
6-1-11 | Robinson R22 Helicopter (ownerId:965259563 - pos <4428.254395, 6.180658, 2904.960938> - islocked:true - password:11367275) initialized
6-1-11 | Olga 24 (ownerId:62166080 - pos <6269.140625, 9.787792, 1128.059570> - islocked:true - password:22392239) initialized
6-1-11 | Sarka 120 (ownerId:980466132 - pos <6795.461426, 39.113365, 1800.737183> - islocked:false - password:22392239) initialized
6-1-11 | MH-6M Little Bird - Desert (ownerId:62166080 - pos <6783.229492, 54.240791, 1835.152222> - islocked:true - password:22392239) initialized
6-1-11 | Ada 4x4 (ownerId:62166080 - pos <6800.370117, 39.178280, 1800.989746> - islocked:false - password:22392239) initialized
6-1-11 | Ada 4x4 (ownerId:980466132 - pos <6800.874512, 39.178165, 1804.936768> - islocked:false - password:22392239) initialized
6-1-11 | M3S Covered (ownerId:62166080 - pos <6796.637207, 39.129265, 1808.642578> - islocked:true - password:22392239) initialized
6-1-11 | UH-60 Blackhawk Cargo (ownerId:980466132 - pos <6790.510742, 38.911293, 1852.108276> - islocked:true - password:22392239) initialized
6-1-11 | Olga 24 (ownerId:944065078 - pos <7657.514160, 19.194641, 3870.316895> - islocked:true - password:97319731) initialized
6-1-11 | Robinson R22 Helicopter - Black (ownerId:116364714 - pos <7648.362793, 19.427450, 3884.109131> - islocked:true - password:25082508) initialized
6-1-11 | M3S Covered (ownerId:965259563 - pos <10790.105469, 2.641832, 3191.677734> - islocked:true - password:11367275) initialized
6-1-11 | Robinson R22 Helicopter - Black (ownerId:108250772 - pos <8696.025391, 2.231344, 5545.102539> - islocked:false - password:14789632) initialized
6-1-11 | Robinson R22 Helicopter (ownerId:940915030 - pos <9512.575195, 102.761208, 3733.148193> - islocked:true - password:11853737) initialized
6-1-11 | Sarka 120 (ownerId:940915030 - pos <9511.229492, 102.703026, 3751.685059> - islocked:true - password:11853737) initialized
6-1-11 | Robinson R22 Helicopter - Black (ownerId:34745177 - pos <9138.409180, 47.887463, 3793.698486> - islocked:false - password:67698687) initialized
6-1-11 | M3S Covered (ownerId:67657702 - pos <10219.407227, 20.357815, 7929.357910> - islocked:false - password:19944991) initialized
9-31-22 | Sarka 120 (ownerId:31876567 - pos <12808.966797, 4.585764, 9920.681641> - islocked:true - password:18675309) new car claimed
9-31-22 | Sarka 120 (ownerId:31876567 - pos <12808.966797, 4.285764, 9920.681641> - islocked:true - password:18675309) initialized
9-33-7 | Sarka 120 (ownerId:31876567 - pos <12347.554688, 4.993407, 9928.679688> - islocked:false - password:18675309) has been deleted
9-34-23 | Sarka 120 (ownerId:31876567 - pos <12244.567383, 6.795120, 9937.439453> - islocked:true - password:18675309) new car claimed
9-34-23 | Sarka 120 (ownerId:31876567 - pos <12244.567383, 6.495120, 9937.439453> - islocked:true - password:18675309) initialized
9-39-54 | Sarka 120 (ownerId:31876567 - pos <11011.308594, 5.709836, 10239.098633> - islocked:false - password:18675309) has been deleted
10-15-33 | Sarka 120 (ownerId:31876567 - pos <10785.450195, 5.759967, 10604.359375> - islocked:true - password:18675309) new car claimed
10-15-33 | Sarka 120 (ownerId:31876567 - pos <10785.450195, 5.473564, 10604.360352> - islocked:true - password:18675309) initialized
10-52-16 | Sarka 120 (ownerId:31876567 - pos <5596.440430, 28.692204, 5366.157227> - islocked:false - password:18675309) has been deleted
