Creation Time: 2023_4_10-17-55-48
17-55-48 | Olga 24 (ownerId:288122462 - pos <5600.261719, 29.331993, 5349.436035> - islocked:true - password:12011152) initialized
17-55-48 | Gunter 2 (ownerId:85319837 - pos <5599.246094, 28.802795, 5346.799316> - islocked:true - password:1111110) initialized
17-55-48 | M3S Covered (ownerId:108250772 - pos <5629.739746, 29.560839, 5420.347656> - islocked:true - password:78945612) initialized
17-55-48 | Olga 24 (ownerId:195214598 - pos <5644.109375, 28.451479, 5433.178223> - islocked:true - password:52898989) initialized
17-55-48 | Robinson R22 Helicopter - Black (ownerId:71319946 - pos <5603.729980, 29.361944, 5383.710938> - islocked:false - password:19944991) initialized
17-55-48 | UH-60 Blackhawk Cargo (ownerId:980466132 - pos <13203.864258, 14.901510, 15524.166016> - islocked:true - password:22392239) initialized
17-55-48 | UH-60 Blackhawk - Woodland (ownerId:85319837 - pos <3985.975586, 16.854153, 3474.664307> - islocked:true - password:1111110) initialized
17-55-48 | Gunter 2 (ownerId:965259563 - pos <3752.477295, 5.663768, 2572.405762> - islocked:true - password:11367275) initialized
17-55-48 | Olga 24 (ownerId:965259563 - pos <3756.314453, 5.595263, 2572.486816> - islocked:true - password:11367275) initialized
17-55-48 | Robinson R22 Helicopter - Black (ownerId:108250772 - pos <8461.352539, 65.577850, 12206.614258> - islocked:true - password:12345678) initialized
17-55-48 | Robinson R22 Helicopter - Black (ownerId:980466132 - pos <7258.615723, 224.951294, 11619.479492> - islocked:true - password:22392239) initialized
17-55-48 | Sarka 120 (ownerId:67657702 - pos <5909.832031, 1.374760, 8396.493164> - islocked:true - password:19944991) initialized
17-55-48 | Sarka 120 (ownerId:980466132 - pos <6795.309570, 39.113457, 1800.526611> - islocked:true - password:22392239) initialized
17-55-48 | Ada 4x4 (ownerId:980466132 - pos <6795.198730, 39.193413, 1804.032349> - islocked:true - password:22392239) initialized
17-55-48 | Olga 24 (ownerId:62166080 - pos <6800.305664, 39.125343, 1803.360596> - islocked:false - password:22392239) initialized
17-55-48 | M3S Covered (ownerId:62166080 - pos <6796.276367, 39.129280, 1809.293457> - islocked:true - password:22392239) initialized
17-55-48 | Robinson R22 Helicopter (ownerId:940915030 - pos <9512.575195, 102.761200, 3733.148193> - islocked:true - password:11853737) initialized
17-55-48 | Sarka 120 (ownerId:940915030 - pos <9511.229492, 102.703018, 3751.685303> - islocked:true - password:11853737) initialized
17-55-48 | Robinson R22 Helicopter - Black (ownerId:108250772 - pos <8696.025391, 2.231339, 5545.102539> - islocked:false - password:14789632) initialized
17-55-48 | M3S Covered (ownerId:67657702 - pos <10219.415039, 20.402157, 7930.269043> - islocked:false - password:19944991) initialized
17-55-48 | MH-6M Little Bird - Desert (ownerId:62166080 - pos <11315.026367, 1.723525, 10937.559570> - islocked:false - password:22392239) initialized
