Creation Time: 2023_4_16-21-52-39
21-52-39 | M3S Covered (ownerId:965259563 - pos <10790.105469, 2.641809, 3191.672363> - islocked:true - password:11367275) initialized
21-52-39 | Gunter 2 (ownerId:965259563 - pos <3748.300537, 5.650979, 2573.675537> - islocked:true - password:11367275) initialized
21-52-39 | Olga 24 (ownerId:965259563 - pos <3746.980469, 5.595254, 2565.996338> - islocked:true - password:11367275) initialized
21-52-39 | Robinson R22 Helicopter (ownerId:965259563 - pos <4428.253906, 6.180671, 2904.960938> - islocked:true - password:11367275) initialized
21-52-39 | UH-60 Blackhawk - Woodland (ownerId:85319837 - pos <3985.974854, 16.854162, 3474.664795> - islocked:true - password:1111110) initialized
21-52-39 | Bell 429 Helicopter (ownerId:88929178 - pos <4501.654785, 10.789583, 3188.917725> - islocked:true - password:371400) initialized
21-52-39 | M3S Covered (ownerId:67657702 - pos <10219.406250, 20.350414, 7929.207031> - islocked:false - password:19944991) initialized
21-52-39 | UH-60 Blackhawk - blackblackhawk (ownerId:195214598 - pos <8069.666992, 215.248932, 11834.370117> - islocked:true - password:89895252) initialized
21-52-39 | Bell 429 Helicopter (ownerId:195214598 - pos <8112.444824, 214.215225, 11880.526367> - islocked:true - password:52898952) initialized
21-52-39 | Robinson R22 Helicopter (ownerId:940915030 - pos <9512.575195, 102.761200, 3733.148193> - islocked:true - password:11853737) initialized
21-52-39 | Sarka 120 (ownerId:940915030 - pos <9511.229492, 102.703041, 3751.685059> - islocked:true - password:11853737) initialized
21-52-39 | M3S Covered (ownerId:108250772 - pos <5629.318848, 29.565706, 5419.864746> - islocked:true - password:78945612) initialized
21-52-39 | Olga 24 (ownerId:288122462 - pos <5667.951172, 28.918262, 5408.266113> - islocked:true - password:12011152) initialized
21-52-39 | Robinson R22 Helicopter (ownerId:195214598 - pos <5661.527832, 33.934753, 5246.419434> - islocked:true - password:52528989) initialized
21-52-39 | Robinson R22 Helicopter - Red (ownerId:71319946 - pos <5689.206543, 32.300941, 5224.738770> - islocked:true - password:19944991) initialized
21-52-39 | Robinson R22 Helicopter - Black (ownerId:980466132 - pos <7348.521973, 101.077194, 6033.944824> - islocked:true - password:22392239) initialized
21-52-39 | Robinson R22 Helicopter - Black (ownerId:34745177 - pos <9138.427734, 47.905937, 3793.742676> - islocked:false - password:67698687) initialized
21-52-39 | Robinson R22 Helicopter - Black (ownerId:116364714 - pos <7648.384766, 19.425760, 3884.121826> - islocked:true - password:25082508) initialized
21-52-39 | Olga 24 (ownerId:944065078 - pos <7657.513184, 19.194603, 3870.318115> - islocked:true - password:97319731) initialized
21-52-39 | UH-60 Blackhawk Cargo (ownerId:980466132 - pos <6788.703613, 38.911289, 1852.752808> - islocked:true - password:22392239) initialized
21-52-39 | Robinson R22 Helicopter - Black (ownerId:62166080 - pos <6770.633301, 53.509365, 1835.195801> - islocked:true - password:22392239) initialized
21-52-39 | MH-6M Little Bird - Desert (ownerId:62166080 - pos <6783.229492, 54.240791, 1835.152222> - islocked:true - password:22392239) initialized
21-52-39 | M3S Covered (ownerId:62166080 - pos <6796.640137, 39.127815, 1808.626709> - islocked:true - password:22392239) initialized
21-52-39 | Ada 4x4 (ownerId:980466132 - pos <6800.919922, 39.178162, 1804.989502> - islocked:true - password:22392239) initialized
21-52-39 | Olga 24 (ownerId:62166080 - pos <6795.728516, 39.125645, 1803.795044> - islocked:true - password:22392239) initialized
21-52-39 | M3S Covered (ownerId:8156911 - pos <5303.664551, 5.780117, 9162.763672> - islocked:true - password:15500000) initialized
21-52-39 | Ada 4x4 (ownerId:62166080 - pos <6800.196777, 39.178280, 1802.476196> - islocked:false - password:22392239) initialized
21-52-39 | Sarka 120 (ownerId:980466132 - pos <7214.709473, 8.604311, 1601.000244> - islocked:true - password:22392239) initialized
