Creation Time: 2023_5_25-6-0-53
6-0-53 | Cougar Camo kamo (ownerId:980466132 - pos <1447.439331, 3.095235, 6767.592285> - islocked:true - password:22392239) initialized
6-0-53 | Jeep Wrangler (ownerId:288122462 - pos <8283.520508, 5.735122, 8844.367188> - islocked:true - password:12321321) initialized
6-0-53 | SUV Camo (ownerId:442990275 - pos <2124.278320, 15.263947, 9180.040039> - islocked:true - password:42014201) initialized
6-0-53 | Olga 24 (ownerId:442990275 - pos <2121.612793, 18.358892, 9166.325195> - islocked:false - password:42014201) initialized
6-0-53 | Toyota Land Cruiser 200 (ownerId:308099129 - pos <3522.992920, 22.781895, 4590.057617> - islocked:true - password:9131988) initialized
6-0-53 | Olga 24 (ownerId:839735782 - pos <3591.368408, 10.842443, 3410.564209> - islocked:true - password:13579086) initialized
6-0-53 | ToyotaHilux Red (ownerId:60592768 - pos <9562.668945, 4.356402, 5943.354004> - islocked:true - password:19651965) initialized
6-0-53 | Jeep Wrangler black  (ownerId:132652049 - pos <10663.982422, 3.405123, 3151.652100> - islocked:true - password:17392468) initialized
6-0-53 | Gaz 71 Black (ownerId:137318436 - pos <4248.162109, 21.428886, 7293.649902> - islocked:true - password:20090909) initialized
6-0-53 | UH-60 Blackhawk - blackblackhawk (ownerId:69839805 - pos <4261.034668, 21.234667, 7310.648926> - islocked:true - password:20090909) initialized
6-0-53 | STR_EGER_name (ownerId:69839805 - pos <4258.303711, 21.605030, 7289.826172> - islocked:true - password:20090909) initialized
6-0-53 | MOSKVICH 2140 (ownerId:944065078 - pos <6394.414551, 23.181282, 6686.756348> - islocked:false - password:97319731) initialized
6-0-53 | Olga 24 (ownerId:36527682 - pos <7733.397461, 36.107780, 6085.732910> - islocked:true - password:10939910) initialized
6-0-53 | UAZ 3909 Khaki1 (ownerId:36527682 - pos <7717.196289, 36.455593, 6070.721680> - islocked:true - password:93991005) initialized
6-0-53 | HAMMER_H1 black (ownerId:405166905 - pos <5195.087891, 4.949988, 5315.445313> - islocked:true - password:1111991) initialized
6-0-53 | LUAZ 969 rust (ownerId:88929178 - pos <5625.482910, 29.296347, 5419.026855> - islocked:true - password:371400) initialized
6-0-53 | Sarka 120 (ownerId:108250772 - pos <5617.123535, 28.686054, 5394.031738> - islocked:true - password:3181989) initialized
6-0-53 | PAZ (green) (ownerId:980466132 - pos <5631.259277, 29.526323, 5379.812012> - islocked:true - password:22392239) initialized
6-0-53 | M3S Covered (ownerId:442990275 - pos <5681.138184, 32.809666, 5270.131836> - islocked:true - password:37579090) initialized
6-0-53 | Toyota Land Cruiser 200 blood  (ownerId:62166080 - pos <5678.486328, 33.642387, 5245.496094> - islocked:true - password:22392239) initialized
6-0-53 | MOSKVICH 2140 (ownerId:304057481 - pos <6950.713379, 14.669841, 5719.599121> - islocked:true - password:42687931) initialized
6-0-53 | LUAZ 969 blue (ownerId:354151095 - pos <6972.173340, 14.597514, 5701.598145> - islocked:true - password:4250425) initialized
6-0-53 | YAR_87 Camo2  (ownerId:34611550 - pos <7501.579102, 3.352662, 5638.125488> - islocked:true - password:19892004) initialized
6-0-53 | Sarka 120 (ownerId:369601190 - pos <8768.755859, 46.021137, 3707.005371> - islocked:true - password:4031965) initialized
6-0-53 | MBB Bo-105m Helicopter - blackcamo (ownerId:132652049 - pos <10055.801758, 4.129650, 1142.778076> - islocked:false - password:86753099) initialized
