Creation Time: 2023_6_15-18-0-52
18-0-52 | YAR_87 Camo2  (ownerId:34611550 - pos <2479.783691, 18.703838, 13963.023438> - islocked:true - password:19892004) initialized
18-0-52 | MH-6M Little Bird - Desert (ownerId:132652049 - pos <10045.665039, 8.208423, 1098.988281> - islocked:false - password:13579246) initialized
18-0-52 | ToyotaHilux White (ownerId:60592768 - pos <9559.657227, 4.320602, 5946.350586> - islocked:true - password:19651965) initialized
18-0-52 | Olga 24 (ownerId:86564395 - pos <12784.178711, 5.557158, 9917.943359> - islocked:true - password:59005900) initialized
18-0-52 | LUAZ 969 black (ownerId:36527682 - pos <7718.376953, 36.262543, 6068.660645> - islocked:true - password:93991005) initialized
18-0-52 | Sarka 120 (ownerId:144736642 - pos <7348.483887, 7.403664, 8438.595703> - islocked:true - password:41941941) initialized
18-0-52 | STR_EGER_name (ownerId:980466132 - pos <3689.014893, 12.081512, 9772.872070> - islocked:true - password:22392239) initialized
18-0-52 | ToyotaHilux Camo (ownerId:369601190 - pos <1585.865845, 10.096206, 9051.075195> - islocked:false - password:80081355) initialized
18-0-52 | ToyotaHilux Camo (ownerId:442990275 - pos <1973.551758, 10.226634, 8862.546875> - islocked:true - password:42014201) initialized
18-0-52 | STR_Camaro_Lesnik_name (ownerId:442990275 - pos <1956.945313, 9.871473, 8871.367188> - islocked:true - password:42014201) initialized
18-0-52 | Jeep Wrangler black  (ownerId:308099129 - pos <3929.318359, 12.055122, 7918.307129> - islocked:true - password:9131988) initialized
18-0-52 | LUAZ 969 black (ownerId:88929178 - pos <4146.066895, 4.054709, 4199.202148> - islocked:true - password:371400) initialized
18-0-52 | Robinson R22 Helicopter (ownerId:249230507 - pos <8098.369141, 13.009301, 9340.552734> - islocked:true - password:33333333) initialized
18-0-52 | M3S Covered (ownerId:249230507 - pos <8083.465332, 12.397234, 9358.619141> - islocked:true - password:33333333) initialized
18-0-52 | MOSKVICH 2140 (ownerId:137318436 - pos <4304.499023, 3.855544, 4680.524902> - islocked:true - password:20090909) initialized
18-0-52 | Olga 24 (ownerId:405166905 - pos <4608.530762, 5.446099, 4793.424316> - islocked:true - password:1111991) initialized
18-0-52 | UAZ_2315 Red (ownerId:405166905 - pos <4616.125977, 5.531328, 4798.585449> - islocked:true - password:1111991) initialized
18-0-52 | MH-6M Little Bird - Camo (ownerId:405166905 - pos <4739.842773, 11.935839, 4817.400879> - islocked:true - password:1111991) initialized
18-0-52 | M3S Covered (ownerId:86564395 - pos <4550.290527, 27.460140, 7875.549805> - islocked:false - password:59005900) initialized
18-0-52 | MH-6M Little Bird (ownerId:34611550 - pos <4271.984863, 21.744888, 7303.545410> - islocked:true - password:19892004) initialized
18-0-52 | Jeep Wrangler Blue (ownerId:34611550 - pos <4246.239258, 21.212746, 7292.730957> - islocked:true - password:19892004) initialized
18-0-52 | MOSKVICH 2140 (ownerId:54276291 - pos <5441.231934, 6.785077, 4639.555176> - islocked:true - password:12348262) initialized
18-0-52 | Ada 4x4 (ownerId:839735782 - pos <5859.894531, 44.990192, 4891.105469> - islocked:true - password:1051997) initialized
18-0-52 | MH-6M Little Bird - Camo (ownerId:369601190 - pos <5652.024902, 34.759163, 5238.989258> - islocked:true - password:80081355) initialized
18-0-52 | Audi RS6 (ownerId:85319837 - pos <5682.164063, 33.493092, 5242.698730> - islocked:true - password:1111110) initialized
18-0-52 | Chevrolet Corvette Yellow (ownerId:369601190 - pos <5670.635742, 33.613934, 5248.780762> - islocked:true - password:80081355) initialized
18-0-52 | Jeep Wrangler (ownerId:944065078 - pos <5664.309082, 28.974016, 5335.381836> - islocked:false - password:97319731) initialized
18-0-52 | Olga 24 (ownerId:501895347 - pos <5359.829590, 5.135691, 6316.038574> - islocked:true - password:42775920) initialized
18-0-52 | MOSKVICH 2140 (ownerId:288122462 - pos <6883.862793, 34.121414, 5878.005371> - islocked:true - password:12321123) initialized
