Creation Time: 2023_4_26-21-4-36
21-4-36 | Gunter 2 (ownerId:419387242 - pos <7065.161133, 45.118996, 2055.501465> - islocked:true - password:69694200) initialized
21-4-36 | Land Rover Defender 110 UN (ownerId:85319837 - pos <7564.276367, 24.526594, 3950.393799> - islocked:true - password:9151985) initialized
21-4-36 | Land Rover Defender 110 (ownerId:108250772 - pos <5625.816406, 29.278486, 5376.927734> - islocked:true - password:14725836) initialized
21-4-36 | Land Rover Defender 110 Red (ownerId:60592768 - pos <5678.317871, 29.278484, 5386.182129> - islocked:true - password:19651965) initialized
21-4-36 | Olga 24 (ownerId:288122462 - pos <5668.115723, 28.906950, 5408.225098> - islocked:true - password:12011152) initialized
21-4-36 | M3S Covered (ownerId:965259563 - pos <5475.150391, 6.822381, 8611.669922> - islocked:false - password:11367275) initialized
21-4-36 | Robinson R22 Helicopter - Black (ownerId:62166080 - pos <6766.822754, 54.629562, 1853.516968> - islocked:true - password:22392239) initialized
21-4-36 | Robinson R22 Helicopter (ownerId:980466132 - pos <6777.678711, 54.635899, 1845.157959> - islocked:true - password:22392239) initialized
21-4-36 | Ada 4x4 (ownerId:62166080 - pos <6801.067383, 39.178059, 1809.609375> - islocked:true - password:22392239) initialized
21-4-36 | M3S Covered (ownerId:62166080 - pos <6795.131836, 39.137508, 1809.615845> - islocked:true - password:22392239) initialized
21-4-36 | Sarka 120 (ownerId:980466132 - pos <6801.542480, 39.738678, 1801.694946> - islocked:true - password:22392239) initialized
21-4-36 | Land Rover Defender 110 Red (ownerId:980466132 - pos <6795.948242, 39.705765, 1802.406006> - islocked:true - password:22392239) initialized
21-4-36 | Sarka 120 (ownerId:22592522 - pos <6232.373047, 5.531142, 9589.974609> - islocked:true - password:5210521) initialized
21-4-36 | M3S Covered (ownerId:8156911 - pos <6232.800293, 5.800128, 9593.156250> - islocked:false - password:15500000) initialized
21-4-36 | Gunter 2 (ownerId:984346468 - pos <6674.739746, 24.277971, 5695.301758> - islocked:true - password:83898389) initialized
21-4-36 | Sarka 120 (ownerId:194642746 - pos <5445.472656, 5.329895, 4629.557617> - islocked:true - password:15474555) initialized
21-4-36 | Robinson R22 Helicopter (ownerId:71319946 - pos <5672.808594, 33.907436, 5245.416016> - islocked:true - password:19944991) initialized
21-4-36 | Robinson R22 Helicopter - Black (ownerId:980466132 - pos <7348.521973, 101.077187, 6033.944824> - islocked:true - password:22392239) initialized
21-4-36 | Olga 24 (ownerId:944065078 - pos <7705.397461, 36.629517, 6081.444336> - islocked:true - password:97319731) initialized
21-4-36 | Land Rover Defender 110 UN (ownerId:116364714 - pos <7713.597168, 36.267979, 6075.122070> - islocked:false - password:25082508) initialized
21-4-36 | M3S Covered (ownerId:944065078 - pos <7718.275879, 36.466969, 6089.899902> - islocked:false - password:25082508) initialized
21-4-36 | Sarka 120 (ownerId:944065078 - pos <7728.500977, 35.583702, 6087.282715> - islocked:false - password:25082508) initialized
21-4-36 | Ada 4x4 (ownerId:944065078 - pos <7733.061035, 35.535309, 6083.734863> - islocked:false - password:25082508) initialized
21-4-36 | Robinson R22 Helicopter (ownerId:195214598 - pos <1114.771729, 56.352501, 10648.643555> - islocked:true - password:52528989) initialized
21-4-36 | Land Rover Defender 110 Green (ownerId:177737910 - pos <2550.890381, 56.615696, 9454.166016> - islocked:true - password:25792579) initialized
21-4-36 | UH-60 Blackhawk - blackblackhawk (ownerId:195214598 - pos <3224.051514, 7.616046, 1721.948486> - islocked:true - password:52528989) initialized
21-4-36 | Olga 24 (ownerId:965259563 - pos <3731.204102, 5.467777, 2554.413086> - islocked:true - password:11367275) initialized
21-4-36 | Land Rover Defender 110 Red (ownerId:965259563 - pos <3753.811768, 6.175954, 2569.325195> - islocked:true - password:11367275) initialized
21-4-36 | Sarka 120 (ownerId:405166905 - pos <10489.906250, 10.002507, 4274.236816> - islocked:true - password:19910111) initialized
21-4-36 | Robinson R22 Helicopter (ownerId:940915030 - pos <9512.575195, 102.761208, 3733.148193> - islocked:true - password:11853737) initialized
21-4-36 | Sarka 120 (ownerId:940915030 - pos <9511.229492, 102.703056, 3751.684570> - islocked:true - password:11853737) initialized
21-4-36 | Robinson R22 Helicopter (ownerId:965259563 - pos <3756.512451, 19.967381, 2601.171387> - islocked:true - password:11367275) initialized
21-4-36 | UH-60 Blackhawk - Woodland (ownerId:85319837 - pos <3985.973877, 16.854176, 3474.665283> - islocked:true - password:1111110) initialized
21-4-36 | Land Rover Defender 110 (ownerId:192139039 - pos <5700.598145, 30.456547, 7150.004883> - islocked:false - password:7161994) initialized
21-4-36 | Land Rover Defender 110 Green (ownerId:62166080 - pos <7449.360352, 35.379059, 3564.184814> - islocked:false - password:22392239) initialized
21-14-19 | Eurocopter EC135 Helicopter - BlackCamo (ownerId:85319837 - pos <7065.766602, 5.258540, 9000.861328> - islocked:true - password:1111110) new car claimed
23-50-42 | Eurocopter EC135 Helicopter - BlackCamo (ownerId:85319837 - pos <10737.865234, 93.671341, 6169.826660> - islocked:false - password:1111110) has been deleted
