Creation Time: 2023_5_25-21-57-16
21-57-16 | STR_EGER_name (ownerId:69839805 - pos <4654.456543, 21.427406, 6880.251465> - islocked:true - password:20090909) initialized
21-57-16 | UH-60 Blackhawk - blackblackhawk (ownerId:69839805 - pos <4261.034668, 21.234703, 7310.648926> - islocked:true - password:20090909) initialized
21-57-16 | Gaz 71 Black (ownerId:137318436 - pos <4248.161621, 21.428879, 7293.649902> - islocked:true - password:20090909) initialized
21-57-16 | Sarka 120 (ownerId:369601190 - pos <4471.817871, 29.384953, 7702.909180> - islocked:true - password:4031965) initialized
21-57-16 | MOSKVICH 2140 (ownerId:944065078 - pos <6394.415039, 23.181293, 6686.756348> - islocked:false - password:97319731) initialized
21-57-16 | HAMMER_H1 black (ownerId:405166905 - pos <5195.087891, 4.949789, 5315.447754> - islocked:true - password:1111991) initialized
21-57-16 | LUAZ 969 rust (ownerId:88929178 - pos <5625.482910, 29.296349, 5419.026855> - islocked:true - password:371400) initialized
21-57-16 | Sarka 120 (ownerId:108250772 - pos <5617.115234, 28.686062, 5394.028809> - islocked:true - password:3181989) initialized
21-57-16 | Jeep Wrangler black  (ownerId:132652049 - pos <10663.982422, 3.405122, 3151.652100> - islocked:true - password:17392468) initialized
21-57-16 | MBB Bo-105m Helicopter - blackcamo (ownerId:132652049 - pos <10055.801758, 4.129517, 1142.778076> - islocked:true - password:86753099) initialized
21-57-16 | Cougar Camo kamo (ownerId:980466132 - pos <1447.440186, 3.095235, 6767.592285> - islocked:true - password:22392239) initialized
21-57-16 | Sarka 120 (ownerId:18558559 - pos <9030.025391, 6.586042, 9422.957031> - islocked:true - password:72066666) initialized
21-57-16 | Jeep Wrangler (ownerId:288122462 - pos <8283.520508, 5.735123, 8844.367188> - islocked:true - password:12321321) initialized
21-57-16 | SUV Camo (ownerId:442990275 - pos <2124.278076, 15.263945, 9180.040039> - islocked:true - password:42014201) initialized
21-57-16 | Olga 24 (ownerId:442990275 - pos <2121.612549, 18.358917, 9166.325195> - islocked:false - password:42014201) initialized
21-57-16 | Toyota Land Cruiser 200 (ownerId:308099129 - pos <3522.993652, 22.781889, 4590.057617> - islocked:true - password:9131988) initialized
21-57-16 | Olga 24 (ownerId:839735782 - pos <3591.365723, 10.842198, 3410.551270> - islocked:true - password:13579086) initialized
21-57-16 | YAR_87 Camo2  (ownerId:34611550 - pos <7501.516602, 3.344766, 5638.633301> - islocked:true - password:19892004) initialized
21-57-16 | Ada 4x4 (ownerId:18558559 - pos <3945.463867, 24.960703, 4853.160156> - islocked:true - password:72066666) initialized
21-57-16 | LUAZ 969 blue (ownerId:354151095 - pos <6972.173340, 14.597526, 5701.598145> - islocked:true - password:4250425) initialized
21-57-16 | M3S Covered (ownerId:442990275 - pos <5681.088867, 32.798534, 5269.956543> - islocked:true - password:37579090) initialized
21-57-16 | MOSKVICH 2140 (ownerId:304057481 - pos <6950.713379, 14.669781, 5719.598145> - islocked:true - password:42687931) initialized
21-57-16 | UAZ 3909 Khaki1 (ownerId:36527682 - pos <7717.198242, 36.455589, 6070.718262> - islocked:true - password:93991005) initialized
21-57-16 | Olga 24 (ownerId:36527682 - pos <7733.397461, 36.107777, 6085.732910> - islocked:true - password:10939910) initialized
