Creation Time: 2023_5_21-19-44-23
19-44-23 | MH-6M Little Bird (ownerId:89279995 - pos <5418.308105, 9.571738, 7666.706055> - islocked:true - password:20090909) initialized
19-44-23 | Olga 24 (ownerId:36527682 - pos <7717.093750, 36.206470, 6077.002930> - islocked:true - password:10939910) initialized
19-44-23 | UAZ 3909 Khaki1 (ownerId:36527682 - pos <7718.838867, 36.423912, 6070.985352> - islocked:true - password:93991005) initialized
19-44-23 | MOSKVICH 2140 (ownerId:419387242 - pos <5402.423828, 3.153960, 7592.106445> - islocked:true - password:58625862) initialized
19-44-23 | MOSKVICH 2140 (ownerId:304057481 - pos <6950.713379, 14.669952, 5719.608887> - islocked:true - password:42687931) initialized
19-44-23 | LUAZ 969 blue (ownerId:354151095 - pos <6972.173340, 14.597517, 5701.598633> - islocked:true - password:4250425) initialized
19-44-23 | Jeep Wrangler (ownerId:288122462 - pos <5600.207031, 29.315121, 5392.823730> - islocked:true - password:12321321) initialized
19-44-23 | YAR_87 Camo2  (ownerId:34611550 - pos <5604.270508, 29.817894, 5349.478027> - islocked:true - password:19892004) initialized
19-44-23 | Sarka 120 (ownerId:108250772 - pos <5617.136719, 28.686047, 5394.044922> - islocked:true - password:3181989) initialized
19-44-23 | PAZ (green) (ownerId:980466132 - pos <5631.259277, 29.526331, 5379.812012> - islocked:true - password:22392239) initialized
19-44-23 | LUAZ 969 rust (ownerId:88929178 - pos <5625.482910, 29.296370, 5419.025879> - islocked:true - password:371400) initialized
19-44-23 | Sarka 120 (ownerId:86564395 - pos <5454.715332, 2.765042, 7645.225098> - islocked:true - password:59005900) initialized
19-44-23 | Cougar Camo kamo (ownerId:980466132 - pos <1447.440063, 3.095235, 6767.592285> - islocked:true - password:22392239) initialized
19-44-23 | MBB Bo-105m Helicopter - blackcamo (ownerId:132652049 - pos <10713.200195, 3.544949, 3209.765625> - islocked:true - password:86753099) initialized
19-44-23 | Jeep Wrangler black  (ownerId:132652049 - pos <10783.433594, 3.303206, 3262.018066> - islocked:false - password:17392468) initialized
19-44-23 | Offroad Range Rover police  (ownerId:69839805 - pos <4247.650391, 21.095661, 7296.851074> - islocked:false - password:20090909) initialized
19-44-23 | STR_EGER_name (ownerId:69839805 - pos <4257.771484, 21.605030, 7293.579590> - islocked:false - password:20090909) initialized
19-44-23 | Chevrolet Corvette White  (ownerId:157174770 - pos <7500.621094, 2.791235, 5636.865723> - islocked:true - password:19892004) initialized
19-44-23 | Olga 24 (ownerId:839735782 - pos <3591.042969, 10.833251, 3410.534912> - islocked:true - password:13579086) initialized
19-44-23 | HAMMER_H1 black (ownerId:405166905 - pos <5214.485352, 4.389025, 5327.308105> - islocked:true - password:1111991) initialized
19-44-23 | MOSKVICH 2140 (ownerId:944065078 - pos <6404.156738, 22.908735, 6742.474609> - islocked:true - password:97319731) initialized
19-44-23 | Toyota Land Cruiser 200 blood  (ownerId:62166080 - pos <5632.227539, 34.670868, 5240.445801> - islocked:true - password:22392239) initialized
19-44-23 | M3S Covered (ownerId:442990275 - pos <5680.906738, 32.810371, 5270.323242> - islocked:true - password:37579090) initialized
19-44-23 | Sarka 120 (ownerId:442990275 - pos <5674.691895, 33.395985, 5273.590820> - islocked:true - password:37579090) initialized
19-44-23 | Cougar (Blood) (ownerId:85319837 - pos <5481.744629, 27.222773, 7275.933105> - islocked:true - password:9151985) initialized
19-44-23 | ToyotaHilux Red (ownerId:60592768 - pos <9562.668945, 4.356315, 5943.359863> - islocked:true - password:19651965) initialized
19-44-23 | UAZ_2315 Camo2 (ownerId:442990275 - pos <3901.975342, 18.837664, 6397.036621> - islocked:false - password:42014201) initialized
