Creation Time: 2023_5_31-18-0-48
18-0-48 | MH-6M Little Bird - Desert (ownerId:132652049 - pos <10045.665039, 8.208423, 1098.988281> - islocked:false - password:13579246) initialized
18-0-48 | Robinson R22 Helicopter (ownerId:249230507 - pos <15722.241211, 39.930180, 4669.337891> - islocked:true - password:33333333) initialized
18-0-48 | Olga 24 (ownerId:442990275 - pos <11667.243164, 6.122778, 2074.084961> - islocked:true - password:42014201) initialized
18-0-48 | Ada 4x4 (ownerId:839735782 - pos <1690.474121, 1.847655, 9889.915039> - islocked:true - password:1051997) initialized
18-0-48 | SCOUT Black (ownerId:442990275 - pos <1971.975952, 10.182558, 8863.528320> - islocked:true - password:42014201) initialized
18-0-48 | Olga 24 (ownerId:442990275 - pos <1974.354126, 10.094141, 8857.602539> - islocked:true - password:42014201) initialized
18-0-48 | Olga 24 (ownerId:442990275 - pos <4432.081055, 5.423723, 2870.046631> - islocked:false - password:42014201) initialized
18-0-48 | LUAZ 969 black (ownerId:88929178 - pos <4143.031738, 4.151584, 4199.631836> - islocked:true - password:371400) initialized
18-0-48 | MOSKVICH 2140 (ownerId:137318436 - pos <4304.500488, 3.855569, 4680.526367> - islocked:true - password:20090909) initialized
18-0-48 | UAZ_2315 Red (ownerId:405166905 - pos <4615.315430, 5.508090, 4796.731934> - islocked:true - password:1111991) initialized
18-0-48 | MOSKVICH 2140 (ownerId:54276291 - pos <5440.227539, 6.854742, 4639.804688> - islocked:true - password:12348262) initialized
18-0-48 | Sarka 120 (ownerId:839735782 - pos <5860.057617, 44.756023, 4898.004395> - islocked:true - password:1051997) initialized
18-0-48 | LUAZ 969 black (ownerId:36527682 - pos <7718.376953, 36.262547, 6068.660645> - islocked:true - password:93991005) initialized
18-0-48 | Audi RS6 (ownerId:85319837 - pos <5681.590820, 33.494736, 5243.250488> - islocked:true - password:1111110) initialized
18-0-48 | MOSKVICH 2140 (ownerId:288122462 - pos <6883.863281, 34.121414, 5878.005371> - islocked:true - password:12321123) initialized
18-0-48 | Jeep Wrangler (ownerId:944065078 - pos <5641.525391, 29.317291, 5346.990723> - islocked:false - password:97319731) initialized
18-0-48 | Jeep Wrangler Blue (ownerId:34611550 - pos <4253.295898, 21.212748, 7296.764160> - islocked:false - password:19892004) initialized
18-0-48 | YAR_87 Camo2  (ownerId:34611550 - pos <4249.261230, 21.640232, 7293.813965> - islocked:true - password:19892004) initialized
18-0-48 | MH-6M Little Bird (ownerId:34611550 - pos <4264.457520, 21.744884, 7308.838867> - islocked:true - password:19892004) initialized
18-0-48 | ToyotaHilux White (ownerId:60592768 - pos <5487.385254, 11.121197, 6252.816406> - islocked:true - password:19651965) initialized
18-0-48 | Sarka 120 (ownerId:144736642 - pos <7296.350098, 7.499532, 8400.694336> - islocked:false - password:41941941) initialized
19-58-12 | Olga 24 (ownerId:369601190 - pos <4924.823730, 25.949070, 6693.524902> - islocked:true - password:4031965) new car claimed
19-58-12 | Olga 24 (ownerId:369601190 - pos <4924.823730, 25.949070, 6693.524902> - islocked:true - password:4031965) initialized
20-1-25 | Olga 24 (ownerId:369601190 - pos <5589.291504, 28.697760, 5370.584473> - islocked:false - password:4031965) has been deleted
20-23-46 | Toyota Land Cruiser 200 Camo2  (ownerId:369601190 - pos <5606.816406, 28.768841, 5353.756348> - islocked:true - password:4031965) new car claimed
20-28-7 | Toyota Land Cruiser 200 Camo2  (ownerId:369601190 - pos <5606.816406, 28.768841, 5353.756348> - islocked:false - password:4031965) has been deleted
20-30-28 | SUV Camo (ownerId:369601190 - pos <5604.497559, 28.747299, 5354.950195> - islocked:true - password:4031965) new car claimed
20-31-23 | SUV Camo (ownerId:369601190 - pos <5604.497559, 28.747299, 5354.950195> - islocked:false - password:4031965) has been deleted
20-37-50 | ToyotaHilux Camo (ownerId:369601190 - pos <5608.984375, 28.791914, 5353.099609> - islocked:true - password:80081355) new car claimed
22-11-33 | Olga 24 (ownerId:157174770 - pos <5632.003418, 29.009998, 5417.588867> - islocked:true - password:19892004) new car claimed
22-11-33 | Olga 24 (ownerId:157174770 - pos <5632.003418, 29.009998, 5417.588867> - islocked:true - password:19892004) initialized
22-12-31 | Olga 24 (ownerId:157174770 - pos <5632.011230, 28.697601, 5417.595215> - islocked:true - password:-1) new car claimed
22-14-12 | Olga 24 (ownerId:501895347 - pos <5632.011230, 28.697601, 5417.595215> - islocked:true - password:42775920) new car claimed
