Creation Time: 2023_5_21-20-16-25
20-16-25 | MOSKVICH 2140 (ownerId:419387242 - pos <5402.423828, 3.153969, 7592.106445> - islocked:true - password:58625862) initialized
20-16-25 | Jeep Wrangler (ownerId:288122462 - pos <5600.207031, 29.315123, 5392.823730> - islocked:true - password:12321321) initialized
20-16-25 | YAR_87 Camo2  (ownerId:34611550 - pos <5604.275879, 29.818035, 5349.476563> - islocked:true - password:19892004) initialized
20-16-25 | Sarka 120 (ownerId:108250772 - pos <5617.135254, 28.686035, 5394.043945> - islocked:true - password:3181989) initialized
20-16-25 | PAZ (green) (ownerId:980466132 - pos <5631.259277, 29.526323, 5379.812012> - islocked:true - password:22392239) initialized
20-16-25 | LUAZ 969 rust (ownerId:88929178 - pos <5625.482910, 29.296347, 5419.026367> - islocked:true - password:371400) initialized
20-16-25 | MOSKVICH 2140 (ownerId:304057481 - pos <6950.713379, 14.669916, 5719.607910> - islocked:true - password:42687931) initialized
20-16-25 | LUAZ 969 blue (ownerId:354151095 - pos <6972.173340, 14.597518, 5701.598633> - islocked:true - password:4250425) initialized
20-16-25 | UAZ_2315 Camo2 (ownerId:442990275 - pos <2135.913330, 14.954849, 9173.705078> - islocked:false - password:42014201) initialized
20-16-25 | Sarka 120 (ownerId:86564395 - pos <5463.934082, 2.715681, 7635.967285> - islocked:true - password:59005900) initialized
20-16-25 | MH-6M Little Bird (ownerId:89279995 - pos <5413.344727, 9.571746, 7656.171387> - islocked:true - password:20090909) initialized
20-16-25 | Olga 24 (ownerId:36527682 - pos <5654.513184, 29.308729, 5421.065430> - islocked:true - password:10939910) initialized
20-16-25 | Chevrolet Corvette White  (ownerId:157174770 - pos <7500.621094, 2.791239, 5636.865723> - islocked:true - password:19892004) initialized
20-16-25 | MOSKVICH 2140 (ownerId:944065078 - pos <6404.156250, 22.908735, 6742.475098> - islocked:true - password:97319731) initialized
20-16-25 | Offroad Range Rover police  (ownerId:69839805 - pos <4247.650391, 21.095661, 7296.851074> - islocked:false - password:20090909) initialized
20-16-25 | STR_EGER_name (ownerId:69839805 - pos <4257.772949, 21.605032, 7293.580078> - islocked:false - password:20090909) initialized
20-16-25 | Cougar (Blood) (ownerId:85319837 - pos <5481.745117, 27.222761, 7275.932617> - islocked:true - password:9151985) initialized
20-16-25 | HAMMER_H1 black (ownerId:405166905 - pos <5214.485352, 4.389014, 5327.308105> - islocked:true - password:1111991) initialized
20-16-25 | MBB Bo-105m Helicopter - blackcamo (ownerId:132652049 - pos <5168.027832, 16.156786, 7100.282715> - islocked:true - password:86753099) initialized
20-16-25 | UAZ 3909 Khaki1 (ownerId:36527682 - pos <7718.836426, 36.424122, 6070.981934> - islocked:true - password:93991005) initialized
20-16-25 | Olga 24 (ownerId:839735782 - pos <3591.039795, 10.833158, 3410.531494> - islocked:true - password:13579086) initialized
20-16-25 | Toyota Land Cruiser 200 blood  (ownerId:62166080 - pos <5632.228516, 34.670719, 5240.446777> - islocked:true - password:22392239) initialized
20-16-25 | Sarka 120 (ownerId:442990275 - pos <5674.690430, 33.393333, 5273.554199> - islocked:true - password:37579090) initialized
20-16-25 | M3S Covered (ownerId:442990275 - pos <5680.898438, 32.809116, 5270.297852> - islocked:true - password:37579090) initialized
20-16-25 | Jeep Wrangler black  (ownerId:132652049 - pos <10783.433594, 3.303206, 3262.018066> - islocked:false - password:17392468) initialized
20-16-25 | ToyotaHilux Red (ownerId:60592768 - pos <9562.668945, 4.356246, 5943.362793> - islocked:true - password:19651965) initialized
20-16-25 | Cougar Camo kamo (ownerId:980466132 - pos <1447.440674, 3.095235, 6767.592285> - islocked:true - password:22392239) initialized
21-3-44 | Sarka 120 (ownerId:86564395 - pos <4945.016113, 20.376024, 7073.789063> - islocked:false - password:59005900) has been deleted
21-13-56 | MOSKVICH 2140 (ownerId:419387242 - pos <6640.080566, 15.075073, 6428.723145> - islocked:false - password:58625862) has been deleted
21-14-6 | MOSKVICH 2140 (ownerId:419387242 - pos <6642.349609, 15.390000, 6431.013672> - islocked:true - password:58625862) new car claimed
21-14-6 | MOSKVICH 2140 (ownerId:419387242 - pos <6642.349609, 15.090000, 6431.013672> - islocked:true - password:58625862) initialized
21-47-18 | MOSKVICH 2140 (ownerId:944065078 - pos <6432.725098, 20.326832, 6899.211914> - islocked:true - password:97319731) has been deleted
23-2-3 | Sarka 120 (ownerId:442990275 - pos <5674.612305, 32.727470, 5273.037109> - islocked:false - password:37579090) has been deleted
23-45-27 | Cougar (Blood) (ownerId:85319837 - pos <6594.542480, 14.963991, 6344.397461> - islocked:false - password:9151985) has been deleted
