Creation Time: 2023_6_13-12-0-46
12-0-46 | YAR_87 Camo2  (ownerId:34611550 - pos <2479.783447, 18.703663, 13963.024414> - islocked:true - password:19892004) initialized
12-0-46 | MH-6M Little Bird - Desert (ownerId:132652049 - pos <10045.665039, 8.208436, 1098.988281> - islocked:false - password:13579246) initialized
12-0-46 | MH-6M Little Bird - Camo (ownerId:369601190 - pos <9885.496094, 23.061434, 10992.030273> - islocked:true - password:80081355) initialized
12-0-46 | Olga 24 (ownerId:86564395 - pos <12785.870117, 5.458193, 9917.776367> - islocked:true - password:59005900) initialized
12-0-46 | ToyotaHilux White (ownerId:60592768 - pos <9559.652344, 4.320591, 5946.356934> - islocked:true - password:19651965) initialized
12-0-46 | Olga 24 (ownerId:501895347 - pos <3569.439941, 21.093454, 6543.832520> - islocked:true - password:42775920) initialized
12-0-46 | ToyotaHilux Camo (ownerId:442990275 - pos <1973.551147, 10.226697, 8862.547852> - islocked:true - password:42014201) initialized
12-0-46 | STR_Camaro_Lesnik_name (ownerId:442990275 - pos <1956.948853, 9.871526, 8871.368164> - islocked:true - password:42014201) initialized
12-0-46 | ToyotaHilux Camo (ownerId:369601190 - pos <1585.866455, 10.096270, 9051.075195> - islocked:false - password:80081355) initialized
12-0-46 | LUAZ 969 black (ownerId:88929178 - pos <4146.068848, 4.054651, 4199.203125> - islocked:true - password:371400) initialized
12-0-46 | MOSKVICH 2140 (ownerId:137318436 - pos <4304.499512, 3.855583, 4680.524902> - islocked:true - password:20090909) initialized
12-0-46 | Olga 24 (ownerId:405166905 - pos <4608.530762, 5.446129, 4793.423828> - islocked:true - password:1111991) initialized
12-0-46 | UAZ_2315 Red (ownerId:405166905 - pos <4616.254883, 5.535681, 4798.632813> - islocked:true - password:1111991) initialized
12-0-46 | MH-6M Little Bird - Camo (ownerId:405166905 - pos <5474.550781, 14.931938, 4509.717285> - islocked:true - password:1111991) initialized
12-0-46 | MOSKVICH 2140 (ownerId:54276291 - pos <5441.199707, 6.787801, 4639.563965> - islocked:true - password:12348262) initialized
12-0-46 | Ada 4x4 (ownerId:839735782 - pos <5859.894043, 44.989555, 4891.104980> - islocked:true - password:1051997) initialized
12-0-46 | Audi RS6 (ownerId:85319837 - pos <5682.160645, 33.492897, 5242.700195> - islocked:true - password:1111110) initialized
12-0-46 | Jeep Wrangler (ownerId:944065078 - pos <5664.309082, 28.974716, 5335.381836> - islocked:false - password:97319731) initialized
12-0-46 | Jeep Wrangler Blue (ownerId:34611550 - pos <4246.239258, 21.212753, 7292.730957> - islocked:true - password:19892004) initialized
12-0-46 | MH-6M Little Bird (ownerId:34611550 - pos <4271.984863, 21.744886, 7303.545410> - islocked:true - password:19892004) initialized
12-0-46 | LUAZ 969 black (ownerId:36527682 - pos <7718.376953, 36.262554, 6068.660645> - islocked:true - password:93991005) initialized
12-0-46 | MOSKVICH 2140 (ownerId:288122462 - pos <6883.863281, 34.121449, 5878.005371> - islocked:true - password:12321123) initialized
12-0-46 | Jeep Wrangler black  (ownerId:308099129 - pos <3929.318359, 12.055129, 7918.307129> - islocked:true - password:9131988) initialized
12-0-46 | STR_EGER_name (ownerId:980466132 - pos <3689.009521, 12.082950, 9772.873047> - islocked:true - password:22392239) initialized
12-0-46 | M3S Covered (ownerId:86564395 - pos <4550.290527, 27.460176, 7875.549805> - islocked:false - password:59005900) initialized
12-0-46 | Sarka 120 (ownerId:144736642 - pos <7339.821289, 7.426145, 8406.633789> - islocked:true - password:41941941) initialized
12-0-46 | Robinson R22 Helicopter (ownerId:249230507 - pos <8098.369141, 13.009291, 9340.552734> - islocked:true - password:33333333) initialized
12-0-46 | M3S Covered (ownerId:249230507 - pos <8083.494629, 12.468844, 9358.617188> - islocked:true - password:33333333) initialized
