Creation Time: 2023_4_15-12-0-50
12-0-50 | Robinson R22 Helicopter (ownerId:195214598 - pos <1139.253662, 7.651206, 13278.913086> - islocked:true - password:52528989) initialized
12-0-50 | Olga 24 (ownerId:965259563 - pos <3746.980469, 5.595269, 2566.002197> - islocked:true - password:11367275) initialized
12-0-50 | Gunter 2 (ownerId:965259563 - pos <3748.300537, 5.650945, 2573.670410> - islocked:true - password:11367275) initialized
12-0-50 | UH-60 Blackhawk - Woodland (ownerId:85319837 - pos <3985.975098, 16.854160, 3474.664551> - islocked:true - password:1111110) initialized
12-0-50 | M3S Covered (ownerId:965259563 - pos <10790.105469, 2.641794, 3191.680908> - islocked:true - password:11367275) initialized
12-0-50 | Robinson R22 Helicopter (ownerId:965259563 - pos <4428.254883, 6.180643, 2904.960938> - islocked:true - password:11367275) initialized
12-0-50 | UH-60 Blackhawk Cargo (ownerId:980466132 - pos <6790.510742, 38.911293, 1852.108276> - islocked:true - password:22392239) initialized
12-0-50 | MH-6M Little Bird - Desert (ownerId:62166080 - pos <6788.173340, 54.240791, 1834.970947> - islocked:true - password:22392239) initialized
12-0-50 | Ada 4x4 (ownerId:980466132 - pos <6799.758301, 39.194138, 1804.076050> - islocked:true - password:22392239) initialized
12-0-50 | Sarka 120 (ownerId:980466132 - pos <6795.104980, 39.113388, 1801.258301> - islocked:false - password:22392239) initialized
12-0-50 | Olga 24 (ownerId:944065078 - pos <7654.358887, 19.166019, 3875.052002> - islocked:true - password:97319731) initialized
12-0-50 | Robinson R22 Helicopter (ownerId:940915030 - pos <9512.575195, 102.761200, 3733.148193> - islocked:true - password:11853737) initialized
12-0-50 | Sarka 120 (ownerId:940915030 - pos <9511.229492, 102.703033, 3751.685059> - islocked:true - password:11853737) initialized
12-0-50 | Bell 429 Helicopter (ownerId:195214598 - pos <8112.444824, 214.217560, 11880.526367> - islocked:true - password:52898952) initialized
12-0-50 | UH-60 Blackhawk - blackblackhawk (ownerId:195214598 - pos <8069.666992, 215.248932, 11834.370117> - islocked:true - password:89895252) initialized
12-0-50 | Robinson R22 Helicopter - Black (ownerId:108250772 - pos <8696.025391, 2.231343, 5545.102539> - islocked:false - password:14789632) initialized
12-0-50 | M3S Covered (ownerId:67657702 - pos <10219.408203, 20.363443, 7929.472168> - islocked:false - password:19944991) initialized
12-0-50 | Robinson R22 Helicopter - Red (ownerId:71319946 - pos <10173.603516, 15.742106, 7923.334961> - islocked:true - password:19944991) initialized
12-0-50 | Robinson R22 Helicopter - Black (ownerId:980466132 - pos <7348.521973, 101.077187, 6033.944824> - islocked:true - password:22392239) initialized
12-0-50 | Olga 24 (ownerId:288122462 - pos <5667.788574, 28.930685, 5408.270508> - islocked:true - password:12011152) initialized
12-0-50 | Olga 24 (ownerId:62166080 - pos <5632.311523, 28.697763, 5414.681152> - islocked:true - password:22392239) initialized
12-0-50 | M3S Covered (ownerId:108250772 - pos <5631.379395, 29.530046, 5422.065430> - islocked:true - password:78945612) initialized
13-33-58 | Robinson R22 Helicopter - Red (ownerId:71319946 - pos <5691.519043, 32.302948, 5246.103027> - islocked:false - password:19944991) has been deleted
13-43-26 | Sarka 120 (ownerId:31876567 - pos <3618.058350, 20.700731, 6544.583984> - islocked:true - password:18675309) new car claimed
13-54-36 | Sarka 120 (ownerId:31876567 - pos <5602.488770, 28.686098, 5354.614258> - islocked:false - password:18675309) has been deleted
13-56-16 | Ada 4x4 (ownerId:80291406 - pos <5643.762207, 28.729124, 5421.045898> - islocked:true - password:84) new car claimed
13-56-52 | Ada 4x4 (ownerId:80291406 - pos <5643.762207, 28.729124, 5421.045898> - islocked:true - password:84) has been deleted
15-59-8 | Eurocopter EC135 Helicopter - BlackCamo (ownerId:108250772 - pos <3684.512695, 19.421469, 8671.513672> - islocked:true - password:12345678) new car claimed
16-11-25 | M3S Covered (ownerId:71319946 - pos <3697.480713, 11.411656, 8678.752930> - islocked:true - password:19944991) new car claimed
16-11-44 | M3S Covered (ownerId:71319946 - pos <3697.480713, 11.411656, 8678.752930> - islocked:true - password:19944991) has been deleted
16-23-6 | Eurocopter EC135 Helicopter - BlackCamo (ownerId:108250772 - pos <3649.435547, 17.441101, 8651.656250> - islocked:false - password:12345678) has been deleted
16-23-46 | M3S Covered (ownerId:71319946 - pos <3845.900391, 11.648501, 8723.764648> - islocked:true - password:19944991) new car claimed
16-23-46 | M3S Covered (ownerId:71319946 - pos <3845.900635, 11.358647, 8723.764648> - islocked:true - password:19944991) initialized
16-24-41 | Ada 4x4 (ownerId:80291406 - pos <3833.966553, 11.423856, 8722.290039> - islocked:true - password:84) new car claimed
16-24-41 | Ada 4x4 (ownerId:80291406 - pos <3833.966553, 11.123856, 8722.290039> - islocked:true - password:84) initialized
16-44-16 | M3S Covered (ownerId:71319946 - pos <5502.387207, 11.716279, 6203.198242> - islocked:false - password:19944991) has been deleted
16-44-38 | M3S Covered (ownerId:71319946 - pos <5434.296387, 34.393574, 6164.723145> - islocked:true - password:19944991) new car claimed
16-44-38 | M3S Covered (ownerId:71319946 - pos <5434.293945, 34.099106, 6164.720703> - islocked:true - password:19944991) initialized
16-45-52 | M3S Covered (ownerId:71319946 - pos <5434.585938, 34.031174, 6165.012695> - islocked:false - password:19944991) has been deleted
17-0-22 | Ada 4x4 (ownerId:80291406 - pos <6233.124023, 4.970412, 9607.094727> - islocked:false - password:84) has been deleted
