Creation Time: 2023_7_18-14-10-14
14-10-14 | UAZ HUNTER (ownerId:442990275 - pos <742.065674, 2.795759, 14816.083984> - islocked:true - password:37579090) initialized
14-10-14 | Gunter 2 (ownerId:48698262 - pos <1999.871094, 9.873941, 9051.088867> - islocked:true - password:48151623) initialized
14-10-14 | UAZ 3909 Police (ownerId:60592768 - pos <3231.902100, 3.497940, 1731.629517> - islocked:true - password:13121312) initialized
14-10-14 | Offroad Range Rover police  (ownerId:60592768 - pos <3235.147705, 3.228037, 1724.893311> - islocked:true - password:13121312) initialized
14-10-14 | STR_Camaro_Nest_name (ownerId:60592768 - pos <3245.895752, 3.116042, 1751.001953> - islocked:true - password:13121312) initialized
14-10-14 | LUAZ 969 red (ownerId:405166905 - pos <6717.172363, 20.536495, 1700.233276> - islocked:true - password:11111111) initialized
14-10-14 | Offroad Range Rover Yellow  (ownerId:103808025 - pos <6428.829590, 69.333969, 9578.216797> - islocked:true - password:55677777) initialized
14-10-14 | MUSTANG Red (ownerId:407766611 - pos <9997.804688, 22.648695, 11025.042969> - islocked:false - password:55555552) initialized
14-10-14 | SCOUT Black (ownerId:442990275 - pos <7169.685059, 5.621943, 13801.057617> - islocked:true - password:37579090) initialized
14-10-14 | STR_EGER_GreenCamo_name (ownerId:197257182 - pos <2774.560059, 70.024002, 4666.657227> - islocked:true - password:48151623) initialized
14-10-14 |  Novator Flecktarn (ownerId:48698262 - pos <2795.261963, 69.814308, 4663.071777> - islocked:true - password:48151623) initialized
14-10-14 | Oshkosh (ownerId:197257182 - pos <2799.743652, 69.918602, 4662.979980> - islocked:true - password:48151623) initialized
14-10-14 | UH-60 Blackhawk - Budhawk (ownerId:369601190 - pos <4713.382813, 20.683764, 4439.482910> - islocked:true - password:54879586) initialized
14-10-14 | Sarka 120 (ownerId:119311623 - pos <3402.777832, 23.252117, 6189.949707> - islocked:true - password:7101993) initialized
14-10-14 | URAL 4320 KUNG (ownerId:88929178 - pos <4421.651855, 7.278509, 4606.826172> - islocked:false - password:371400) initialized
14-10-14 | Gunter 2 (ownerId:218588421 - pos <3804.478516, 7.063086, 5908.162109> - islocked:true - password:3081984) initialized
14-10-14 | BMW X5 Flecktarn (ownerId:53415379 - pos <4262.794434, 20.914972, 7258.721191> - islocked:true - password:7101993) initialized
14-10-14 | Oshkosh grey (ownerId:64819467 - pos <4275.676270, 21.358603, 7271.528320> - islocked:true - password:7101993) initialized
14-10-14 | Toyota Land Cruiser 200 Camo (ownerId:119311623 - pos <4269.519531, 21.010038, 7264.751465> - islocked:true - password:7101993) initialized
14-10-14 | Robinson R22 Helicopter - Red (ownerId:108250772 - pos <5660.425293, 33.658161, 5254.447266> - islocked:true - password:11111111) initialized
14-10-14 | UAZ_2315 Red (ownerId:369601190 - pos <5659.728027, 33.910187, 5239.603516> - islocked:true - password:45645645) initialized
14-10-14 | Olga 24 (ownerId:526094573 - pos <5671.992676, 33.738106, 5279.739258> - islocked:true - password:77899511) initialized
14-10-14 | Nissan warrior Camo (ownerId:48698262 - pos <5638.169922, 29.223909, 5358.595703> - islocked:true - password:48151623) initialized
14-10-14 | UAZ 3909 Beige (ownerId:795695470 - pos <5624.190430, 29.497904, 5349.877441> - islocked:true - password:8031991) initialized
14-10-14 | STR_EGER_GreenCamo_name (ownerId:523991778 - pos <5899.112305, 37.135517, 5221.917480> - islocked:true - password:22392239) initialized
14-10-14 | MH-6M Little Bird - Camo (ownerId:523450192 - pos <5891.178711, 41.853737, 5228.797363> - islocked:true - password:22392239) initialized
14-10-14 | Toyota Land Cruiser 200 Camo2  (ownerId:523450192 - pos <5904.083008, 37.121845, 5221.671387> - islocked:true - password:22392239) initialized
14-10-14 | Velociraptor6x6 Camo2  (ownerId:407766611 - pos <5626.753906, 29.525602, 5374.711426> - islocked:true - password:55555552) initialized
14-10-14 | MH-6M Little Bird - Camo (ownerId:132652049 - pos <5679.368652, 30.092625, 5388.674805> - islocked:true - password:9021997) initialized
14-10-14 | Ada 4x4 (ownerId:369601190 - pos <5668.543945, 29.263475, 5470.101074> - islocked:true - password:42014201) initialized
14-10-14 | ToyotaHilux rust (ownerId:526094573 - pos <5360.789551, 3.341205, 7457.453125> - islocked:false - password:77899511) initialized
14-10-14 | HAMMER_H1 (ownerId:262549311 - pos <7189.790527, 61.635319, 5886.152832> - islocked:true - password:24680000) initialized
14-10-14 | MOSKVICH 2140 (ownerId:882346394 - pos <6656.562988, 15.562318, 6329.310547> - islocked:true - password:42091103) initialized
14-10-14 | UH-60 Blackhawk - blackblackhawk (ownerId:88929178 - pos <13824.220703, 26.395241, 9725.293945> - islocked:false - password:371400) initialized
