Creation Time: 2023_7_28-12-0-58
12-0-58 | LUAZ 969 red (ownerId:405166905 - pos <5645.635254, 28.382994, 5434.256836> - islocked:true - password:11111111) initialized
12-0-58 | Olga 24 (ownerId:327529037 - pos <5612.704590, 29.340799, 5348.395020> - islocked:true - password:29292900) initialized
12-0-58 | Chevrolet Corvette kamo (ownerId:442990275 - pos <5636.895508, 29.020187, 5360.122559> - islocked:true - password:37579090) initialized
12-0-58 | Opel Astra Chrome (ownerId:127107249 - pos <5656.832031, 28.955151, 5381.957031> - islocked:true - password:12186270) initialized
12-0-58 | BMW (ownerId:442990275 - pos <1991.420898, 10.028544, 9032.136719> - islocked:true - password:42014201) initialized
12-0-58 | Gunter 2 (ownerId:48698262 - pos <5641.017090, 28.939310, 5323.050293> - islocked:true - password:48151623) initialized
12-0-58 | LUAZ 969 (ownerId:75086644 - pos <2135.371582, 14.966351, 9181.180664> - islocked:true - password:10182009) initialized
12-0-58 | Jeep Wrangler Camo (ownerId:526094573 - pos <5695.989746, 31.555786, 5231.927246> - islocked:true - password:11025255) initialized
12-0-58 | Robinson R22 Helicopter - Black (ownerId:521855408 - pos <6062.774902, 32.809986, 5259.116211> - islocked:true - password:9102021) initialized
12-0-58 | Ada 4x4 (ownerId:369601190 - pos <5474.475098, 15.605634, 4931.196289> - islocked:true - password:42014201) initialized
12-0-58 | UAZ 3909 Beige (ownerId:795695470 - pos <5468.091309, 15.597899, 4924.886719> - islocked:true - password:8031991) initialized
12-0-58 | Mercedes-Benz W140 gold (ownerId:369601190 - pos <5444.342773, 15.182719, 4917.408691> - islocked:true - password:80081355) initialized
12-0-58 | STR_Camaro_Sibirs_name (ownerId:407766611 - pos <5983.155762, 13.828510, 4983.387207> - islocked:true - password:55555552) initialized
12-0-58 | Chevrolet Corvette (ownerId:407766611 - pos <6000.451172, 13.610808, 4982.084473> - islocked:true - password:55252252) initialized
12-0-58 | Velociraptor6x6 Camo (ownerId:407766611 - pos <5977.549316, 14.299557, 4972.378418> - islocked:true - password:80081355) initialized
12-0-58 | MUSTANG white (ownerId:407766611 - pos <5999.725098, 14.013289, 4970.766113> - islocked:true - password:55252252) initialized
12-0-58 | Gelenvagen carbon (ownerId:407766611 - pos <5987.045410, 14.379903, 4969.809570> - islocked:true - password:80081355) initialized
12-0-58 | Velociraptor6x6 Camo2  (ownerId:407766611 - pos <5983.995117, 14.216504, 4965.224121> - islocked:true - password:80081355) initialized
12-0-58 | Olga 24 (ownerId:407766611 - pos <6037.346191, 13.055587, 4954.377930> - islocked:true - password:80081355) initialized
12-0-58 | BMW lightgreen (ownerId:407766611 - pos <6050.001953, 12.794434, 4957.398438> - islocked:true - password:80081355) initialized
12-0-58 | BMW black (ownerId:407766611 - pos <6045.813965, 12.806581, 4956.924316> - islocked:true - password:80081355) initialized
12-0-58 | BMW X5 White  (ownerId:407766611 - pos <6061.447266, 12.869502, 4955.029297> - islocked:true - password:80081355) initialized
12-0-58 | MOSKVICH 2140 (ownerId:882346394 - pos <6661.078613, 15.562318, 6320.574219> - islocked:true - password:42091103) initialized
12-0-58 | MH-6M Little Bird - Camo (ownerId:447071218 - pos <1749.326538, 19.754759, 8927.409180> - islocked:true - password:15148636) initialized
12-0-58 | Olga 24 (ownerId:511479797 - pos <1755.022339, 9.788734, 8921.340820> - islocked:true - password:27181500) initialized
12-0-58 | UH-60 Blackhawk - Budhawk (ownerId:511479797 - pos <1739.608276, 20.607357, 8910.564453> - islocked:true - password:27181500) initialized
12-0-58 | UH-60 Blackhawk - blackblackhawk (ownerId:447071218 - pos <1728.294922, 20.608179, 8900.635742> - islocked:true - password:15148636) initialized
12-0-58 | ToyotaHilux White (ownerId:511479797 - pos <2001.150146, 9.921205, 8911.297852> - islocked:true - password:27181500) initialized
12-0-58 | HAMMER_H1 (ownerId:965259563 - pos <1962.524902, 9.924915, 9065.128906> - islocked:true - password:54146888) initialized
12-0-58 | MH-6M Little Bird - Camo (ownerId:132652049 - pos <1992.335815, 45.808281, 9015.568359> - islocked:true - password:9021997) initialized
12-0-58 | UH-60 Blackhawk Cargo (ownerId:119248354 - pos <2000.014282, 45.147614, 9025.759766> - islocked:false - password:11082007) initialized
12-0-58 | STR_EGER_GreenCamo_name (ownerId:197257182 - pos <3979.535400, 25.917404, 4834.985352> - islocked:true - password:48151623) initialized
12-0-58 |  Novator Flecktarn (ownerId:93344906 - pos <3979.691895, 25.744305, 4838.462402> - islocked:true - password:29292900) initialized
12-0-58 | Oshkosh (ownerId:197257182 - pos <3969.650635, 25.848602, 4840.183594> - islocked:true - password:48151623) initialized
12-0-58 | Gaz 71 Black (ownerId:119248354 - pos <3961.812256, 25.741257, 4838.065918> - islocked:false - password:11082007) initialized
12-0-58 | Robinson R22 Helicopter - Black (ownerId:197257182 - pos <3941.461914, 35.978527, 4819.106445> - islocked:true - password:48151623) initialized
12-0-58 | MH-6M Little Bird - Camo (ownerId:197257182 - pos <3949.710449, 36.709949, 4814.644531> - islocked:true - password:48151623) initialized
12-0-58 | Toyota Land Cruiser 200 Camo2  (ownerId:24259541 - pos <7853.908691, 3.342324, 3840.548096> - islocked:true - password:17500720) initialized
12-0-58 | Velociraptor6x6 Camo2  (ownerId:262549311 - pos <7894.809082, 3.571519, 5949.444824> - islocked:true - password:24680000) initialized
12-0-58 | Mercedes-Benz W140 Blue (ownerId:88929178 - pos <7725.358887, 6.166997, 6795.729980> - islocked:true - password:371400) initialized
12-0-58 | Toyota Land Cruiser 200 Camo2  (ownerId:88929178 - pos <7728.020020, 6.374517, 6790.578613> - islocked:true - password:371400) initialized
12-0-58 | STR_Camaro_Veter_name (ownerId:88929178 - pos <7719.933594, 6.170794, 6786.017090> - islocked:true - password:371400) initialized
12-0-58 | MH-6M Little Bird - Camo (ownerId:88929178 - pos <7720.086914, 13.613595, 6788.978516> - islocked:true - password:371400) initialized
12-0-58 | UAZ 3909 Police (ownerId:60592768 - pos <3231.802246, 3.497946, 1732.127563> - islocked:true - password:13121312) initialized
12-0-58 | Offroad Range Rover police  (ownerId:60592768 - pos <3241.604736, 3.228037, 1721.981323> - islocked:true - password:13121312) initialized
12-0-58 | STR_Camaro_Nest_name (ownerId:60592768 - pos <3246.729004, 3.116042, 1751.048828> - islocked:true - password:13121312) initialized
12-0-58 | MH-6M Little Bird (ownerId:17954802 - pos <3788.834229, 19.067053, 2582.115479> - islocked:true - password:20090909) initialized
12-0-58 | UAZ_2315 (ownerId:17954802 - pos <3775.150879, 6.441576, 2587.483398> - islocked:true - password:20090909) initialized
12-0-58 | Offroad Range Rover Yellow  (ownerId:103808025 - pos <7264.238281, 602.155884, 11730.521484> - islocked:true - password:55677777) initialized
12-0-58 | UAZ469 (ownerId:40055959 - pos <8935.064453, 6.384639, 10443.116211> - islocked:true - password:19711971) initialized
12-0-58 | Olga 24 (ownerId:40055959 - pos <8923.684570, 5.862724, 10450.662109> - islocked:true - password:19711971) initialized
12-0-58 | MH-6M Little Bird - Camo (ownerId:523450192 - pos <6468.672363, 36.179092, 8411.450195> - islocked:true - password:22392239) initialized
12-0-58 | Gelenvagen white_camo2 (ownerId:523450192 - pos <6477.413086, 26.239647, 8388.282227> - islocked:true - password:22392239) initialized
12-0-58 | STR_EGER_GreenCamo_name (ownerId:523991778 - pos <6472.812500, 26.201216, 8385.201172> - islocked:true - password:22392239) initialized
12-0-58 | Toyota Land Cruiser 200 Camo (ownerId:119311623 - pos <4246.874023, 21.187664, 7294.260254> - islocked:true - password:7101993) initialized
12-0-58 | BMW X5 Black (ownerId:215888376 - pos <4249.638672, 21.092598, 7297.039551> - islocked:true - password:7101993) initialized
12-0-58 | Nissan warrior Camo (ownerId:119311623 - pos <4251.785156, 21.283245, 7299.261719> - islocked:true - password:7101993) initialized
12-0-58 | Oshkosh grey (ownerId:64819467 - pos <4245.042969, 21.536226, 7274.151367> - islocked:true - password:7101993) initialized
12-0-58 | Gunter 2 (ownerId:218588421 - pos <3805.902588, 6.893250, 5906.630371> - islocked:true - password:3081984) initialized
13-55-49 | Sarka 120 (ownerId:40055959 - pos <8279.963867, 5.106035, 8600.503906> - islocked:true - password:19711971) new car claimed
14-14-51 | MH-6M Little Bird (ownerId:442990275 - pos <5616.757324, 29.009998, 5356.288086> - islocked:true - password:37579090) new car claimed
14-14-51 | MH-6M Little Bird (ownerId:442990275 - pos <5616.757324, 29.009998, 5356.288086> - islocked:true - password:37579090) initialized
14-15-37 | Chevrolet Corvette kamo (ownerId:442990275 - pos <5636.874023, 28.517857, 5360.124512> - islocked:true - password:37579090) has been deleted
15-54-23 | MUSTANG Red (ownerId:369601190 - pos <5620.083496, 28.769739, 5359.599609> - islocked:true - password:42069420) new car claimed
15-54-45 | MUSTANG Red (ownerId:369601190 - pos <5620.083496, 28.769739, 5359.599609> - islocked:true - password:42069420) has been deleted
15-58-13 | MUSTANG Red (ownerId:369601190 - pos <5642.456055, 28.764393, 5372.654785> - islocked:true - password:42069420) new car claimed
15-58-13 | MUSTANG Red (ownerId:369601190 - pos <5642.456055, 28.764393, 5372.654785> - islocked:true - password:42069420) initialized
16-40-0 | Mercedes-Benz W140 gold (ownerId:369601190 - pos <5859.076660, 44.969555, 4889.858887> - islocked:false - password:80081355) has been deleted
16-58-27 | ToyotaHilux Blue (ownerId:369601190 - pos <5857.149902, 45.209564, 4892.951660> - islocked:true - password:80081355) new car claimed
16-58-27 | ToyotaHilux Blue (ownerId:369601190 - pos <5857.149902, 45.209564, 4892.951660> - islocked:true - password:80081355) initialized
17-7-51 | ToyotaHilux Blue (ownerId:369601190 - pos <3433.445313, 21.412966, 4611.349121> - islocked:false - password:80081355) has been deleted
