Creation Time: 2023_5_25-18-0-46
18-0-46 | MBB Bo-105m Helicopter - blackcamo (ownerId:132652049 - pos <10055.801758, 4.129517, 1142.778076> - islocked:true - password:86753099) initialized
18-0-46 | Jeep Wrangler black  (ownerId:132652049 - pos <10663.982422, 3.405122, 3151.652100> - islocked:true - password:17392468) initialized
18-0-46 | Cougar Camo kamo (ownerId:980466132 - pos <1447.439575, 3.095235, 6767.592285> - islocked:true - password:22392239) initialized
18-0-46 | SUV Camo (ownerId:442990275 - pos <2124.277832, 15.263948, 9180.040039> - islocked:true - password:42014201) initialized
18-0-46 | Olga 24 (ownerId:442990275 - pos <2121.612549, 18.358908, 9166.325195> - islocked:false - password:42014201) initialized
18-0-46 | Sarka 120 (ownerId:18558559 - pos <9030.034180, 6.586060, 9422.958984> - islocked:true - password:72066666) initialized
18-0-46 | Jeep Wrangler (ownerId:288122462 - pos <8283.520508, 5.735123, 8844.367188> - islocked:true - password:12321321) initialized
18-0-46 | UH-60 Blackhawk - blackblackhawk (ownerId:69839805 - pos <4261.034668, 21.234705, 7310.648926> - islocked:true - password:20090909) initialized
18-0-46 | Gaz 71 Black (ownerId:137318436 - pos <4248.161621, 21.428894, 7293.649902> - islocked:true - password:20090909) initialized
18-0-46 | STR_EGER_name (ownerId:69839805 - pos <4258.302734, 21.605030, 7289.826172> - islocked:true - password:20090909) initialized
18-0-46 | YAR_87 Camo2  (ownerId:34611550 - pos <7501.518555, 3.344763, 5638.630859> - islocked:true - password:19892004) initialized
18-0-46 | Olga 24 (ownerId:839735782 - pos <3591.368164, 10.842365, 3410.560059> - islocked:true - password:13579086) initialized
18-0-46 | Toyota Land Cruiser 200 (ownerId:308099129 - pos <3522.993164, 22.781893, 4590.057617> - islocked:true - password:9131988) initialized
18-0-46 | Sarka 120 (ownerId:369601190 - pos <5592.975098, 29.311165, 5355.719238> - islocked:true - password:4031965) initialized
18-0-46 | Sarka 120 (ownerId:108250772 - pos <5617.119141, 28.686033, 5394.030273> - islocked:true - password:3181989) initialized
18-0-46 | LUAZ 969 rust (ownerId:88929178 - pos <5625.482910, 29.296341, 5419.026855> - islocked:true - password:371400) initialized
18-0-46 | PAZ (green) (ownerId:980466132 - pos <5631.259277, 29.526333, 5379.812012> - islocked:true - password:22392239) initialized
18-0-46 | M3S Covered (ownerId:442990275 - pos <5681.115723, 32.804363, 5270.053711> - islocked:true - password:37579090) initialized
18-0-46 | Toyota Land Cruiser 200 blood  (ownerId:62166080 - pos <5678.486328, 33.642406, 5245.494629> - islocked:true - password:22392239) initialized
18-0-46 | HAMMER_H1 black (ownerId:405166905 - pos <5195.087891, 4.949836, 5315.446777> - islocked:true - password:1111991) initialized
18-0-46 | MOSKVICH 2140 (ownerId:304057481 - pos <6950.713379, 14.669830, 5719.598633> - islocked:true - password:42687931) initialized
18-0-46 | LUAZ 969 blue (ownerId:354151095 - pos <6972.173340, 14.597512, 5701.598145> - islocked:true - password:4250425) initialized
18-0-46 | MOSKVICH 2140 (ownerId:944065078 - pos <6394.415039, 23.181299, 6686.756836> - islocked:false - password:97319731) initialized
18-0-46 | Ada 4x4 (ownerId:18558559 - pos <3945.464355, 24.960701, 4853.159668> - islocked:true - password:72066666) initialized
18-0-46 | Olga 24 (ownerId:36527682 - pos <7733.397461, 36.107773, 6085.732422> - islocked:true - password:10939910) initialized
18-0-46 | UAZ 3909 Khaki1 (ownerId:36527682 - pos <7717.197266, 36.455574, 6070.720703> - islocked:true - password:93991005) initialized
18-0-46 | ToyotaHilux Red (ownerId:60592768 - pos <9562.668945, 4.356415, 5943.353027> - islocked:true - password:19651965) initialized
18-50-2 | Sarka 120 (ownerId:86564395 - pos <4955.229004, 20.699999, 7059.087402> - islocked:true - password:59005900) new car claimed
18-50-2 | Sarka 120 (ownerId:86564395 - pos <4955.229004, 20.693081, 7059.087402> - islocked:true - password:59005900) initialized
19-5-55 | Sarka 120 (ownerId:86564395 - pos <4878.629883, 20.707359, 7127.485840> - islocked:false - password:59005900) has been deleted
19-55-23 | Toyota Land Cruiser 200 blood  (ownerId:62166080 - pos <5678.479492, 33.102261, 5245.477539> - islocked:true - password:22392239) has been deleted
20-23-6 | PAZ (green) (ownerId:980466132 - pos <5631.551758, 28.554525, 5380.129883> - islocked:true - password:22392239) has been deleted
