Creation Time: 2023_6_9-12-0-50
12-0-50 | ToyotaHilux Camo (ownerId:442990275 - pos <7248.803223, 25.022573, 1970.906982> - islocked:true - password:42014201) initialized
12-0-50 | YAR_87 Camo2  (ownerId:34611550 - pos <2479.790283, 18.703005, 13963.012695> - islocked:true - password:19892004) initialized
12-0-50 | ToyotaHilux White (ownerId:60592768 - pos <9560.019531, 4.309846, 5946.569824> - islocked:true - password:19651965) initialized
12-0-50 | LUAZ 969 black (ownerId:36527682 - pos <7718.376953, 36.262547, 6068.660645> - islocked:true - password:93991005) initialized
12-0-50 | MH-6M Little Bird - Desert (ownerId:132652049 - pos <10045.665039, 8.208423, 1098.988281> - islocked:false - password:13579246) initialized
12-0-50 | UAZ_2315 Red (ownerId:405166905 - pos <6151.449219, 6.959206, 13431.334961> - islocked:true - password:1111991) initialized
12-0-50 | STR_EGER_name (ownerId:980466132 - pos <3688.997314, 12.085234, 9772.874023> - islocked:true - password:22392239) initialized
12-0-50 | Olga 24 (ownerId:86564395 - pos <5683.289063, 5.538053, 9264.157227> - islocked:true - password:59005900) initialized
12-0-50 | Sarka 120 (ownerId:144736642 - pos <7340.216797, 7.426143, 8406.367188> - islocked:true - password:41941941) initialized
12-0-50 | Robinson R22 Helicopter (ownerId:249230507 - pos <8092.914063, 13.178655, 9330.942383> - islocked:true - password:33333333) initialized
12-0-50 | M3S Covered (ownerId:249230507 - pos <8282.191406, 5.025830, 9352.290039> - islocked:true - password:33333333) initialized
12-0-50 | STR_Camaro_Lesnik_name (ownerId:442990275 - pos <1956.196899, 9.871472, 8872.093750> - islocked:true - password:42014201) initialized
12-0-50 | Ada 4x4 (ownerId:839735782 - pos <4959.788574, 15.150564, 8482.845703> - islocked:true - password:1051997) initialized
12-0-50 | Jeep Wrangler black  (ownerId:308099129 - pos <3929.318359, 12.055122, 7918.307129> - islocked:true - password:9131988) initialized
12-0-50 | M3S Covered (ownerId:86564395 - pos <4550.290527, 27.460190, 7875.549805> - islocked:false - password:59005900) initialized
12-0-50 | Olga 24 (ownerId:501895347 - pos <3569.451904, 21.093958, 6543.829590> - islocked:true - password:42775920) initialized
12-0-50 | Jeep Wrangler Blue (ownerId:34611550 - pos <4246.239258, 21.212748, 7292.730957> - islocked:true - password:19892004) initialized
12-0-50 | MH-6M Little Bird (ownerId:34611550 - pos <4271.984863, 21.744886, 7303.545410> - islocked:true - password:19892004) initialized
12-0-50 | Olga 24 (ownerId:405166905 - pos <3425.020508, 23.085617, 6115.207520> - islocked:true - password:1111991) initialized
12-0-50 | LUAZ 969 black (ownerId:88929178 - pos <4146.070801, 4.054615, 4199.205566> - islocked:true - password:371400) initialized
12-0-50 | MOSKVICH 2140 (ownerId:137318436 - pos <4304.499512, 3.855564, 4680.525391> - islocked:true - password:20090909) initialized
12-0-50 | Olga 24 (ownerId:416867315 - pos <5378.852539, 74.598717, 3968.254150> - islocked:true - password:19993420) initialized
12-0-50 | MH-6M Little Bird - Camo (ownerId:369601190 - pos <5664.719238, 34.457458, 5250.443359> - islocked:true - password:80081355) initialized
12-0-50 | Audi RS6 (ownerId:85319837 - pos <5682.035645, 33.497490, 5242.729980> - islocked:true - password:1111110) initialized
12-0-50 | Jeep Wrangler (ownerId:944065078 - pos <5664.309082, 28.976326, 5335.381836> - islocked:false - password:97319731) initialized
12-0-50 | MOSKVICH 2140 (ownerId:54276291 - pos <5440.958496, 6.813410, 4639.774902> - islocked:true - password:12348262) initialized
12-0-50 | MOSKVICH 2140 (ownerId:288122462 - pos <6883.863281, 34.121433, 5878.004883> - islocked:true - password:12321123) initialized
12-8-12 | Gelenvagen flecktarn (ownerId:369601190 - pos <5606.062988, 28.800526, 5355.154297> - islocked:true - password:80081355) new car claimed
12-8-50 | Gelenvagen flecktarn (ownerId:369601190 - pos <5606.062988, 28.800526, 5355.154297> - islocked:false - password:80081355) has been deleted
12-9-23 | Olga 24 (ownerId:369601190 - pos <5603.926270, 29.009998, 5354.910645> - islocked:true - password:4031965) new car claimed
12-9-23 | Olga 24 (ownerId:369601190 - pos <5603.926270, 29.009998, 5354.910645> - islocked:true - password:4031965) initialized
12-9-46 | Olga 24 (ownerId:369601190 - pos <5603.930664, 28.714069, 5354.912598> - islocked:true - password:4031965) has been deleted
12-10-7 | Velociraptor6x6 Camo (ownerId:369601190 - pos <5609.424805, 28.816099, 5353.694824> - islocked:true - password:80081355) new car claimed
12-10-57 | Velociraptor6x6 Camo (ownerId:369601190 - pos <5609.424805, 28.816099, 5353.694824> - islocked:false - password:80081355) has been deleted
12-12-23 | Ford Raptor (ownerId:369601190 - pos <5607.012695, 28.719711, 5354.243164> - islocked:true - password:80081355) new car claimed
12-12-52 | Ford Raptor (ownerId:369601190 - pos <5606.995605, 28.718351, 5354.128418> - islocked:false - password:80081355) has been deleted
12-13-12 | ToyotaHilux Camo (ownerId:369601190 - pos <5607.650391, 28.805119, 5354.385254> - islocked:true - password:80081355) new car claimed
12-16-0 | Chevrolet Corvette kamo (ownerId:369601190 - pos <5603.290039, 28.663427, 5355.847168> - islocked:true - password:80081355) new car claimed
12-16-45 | Chevrolet Corvette kamo (ownerId:369601190 - pos <5603.290039, 28.663427, 5355.847168> - islocked:false - password:80081355) has been deleted
12-17-8 | ToyotaHilux Camo (ownerId:369601190 - pos <5607.648438, 28.805065, 5354.385742> - islocked:true - password:80081355) has been deleted
12-22-7 | ToyotaHilux Camo (ownerId:369601190 - pos <1585.692139, 9.490000, 9028.806641> - islocked:true - password:80081355) new car claimed
12-22-7 | ToyotaHilux Camo (ownerId:369601190 - pos <1585.692139, 9.490000, 9028.806641> - islocked:true - password:80081355) initialized
12-22-13 | Chevrolet Corvette kamo (ownerId:369601190 - pos <1581.042603, 9.490000, 9025.431641> - islocked:true - password:80081355) new car claimed
12-22-13 | Chevrolet Corvette kamo (ownerId:369601190 - pos <1581.042603, 9.490000, 9025.431641> - islocked:true - password:80081355) initialized
12-27-23 | Chevrolet Corvette kamo (ownerId:369601190 - pos <1647.186401, 9.204603, 9041.617188> - islocked:false - password:80081355) has been deleted
12-41-15 | MUSTANG Red (ownerId:369601190 - pos <5604.069824, 28.791832, 5355.182129> - islocked:true - password:80081355) new car claimed
12-44-56 | MUSTANG Red (ownerId:369601190 - pos <5613.341309, 28.769737, 5369.612793> - islocked:false - password:80081355) has been deleted
13-3-13 | MUSTANG Red (ownerId:369601190 - pos <1589.479736, 9.490000, 9032.577148> - islocked:true - password:80081355) new car claimed
13-3-13 | MUSTANG Red (ownerId:369601190 - pos <1589.479736, 9.490000, 9032.577148> - islocked:true - password:80081355) initialized
13-24-37 | MH-6M Little Bird - Camo (ownerId:369601190 - pos <1566.212402, 9.114491, 9032.212891> - islocked:false - password:80081355) has been deleted
13-24-51 | MH-6M Little Bird - Camo (ownerId:369601190 - pos <1571.539551, 9.490000, 9032.252930> - islocked:true - password:80081355) new car claimed
13-24-51 | MH-6M Little Bird - Camo (ownerId:369601190 - pos <1571.539551, 9.490006, 9032.252930> - islocked:true - password:80081355) initialized
