Creation Time: 2023_4_28-0-1-11
0-1-11 | Olga 24 (ownerId:419387242 - pos <7055.696289, 45.005276, 2053.099854> - islocked:true - password:8995862) initialized
0-1-11 | Ada 4x4 (ownerId:419387242 - pos <7056.877930, 45.011559, 2056.912842> - islocked:true - password:8995862) initialized
0-1-11 | UH-60 Blackhawk - blackblackhawk (ownerId:195214598 - pos <3224.051514, 7.616046, 1721.947876> - islocked:true - password:52528989) initialized
0-1-11 | Robinson R22 Helicopter - Black (ownerId:980466132 - pos <7348.746094, 101.077301, 6033.853516> - islocked:true - password:22392239) initialized
0-1-11 | Robinson R22 Helicopter (ownerId:71319946 - pos <5672.808594, 33.907436, 5245.416016> - islocked:true - password:19944991) initialized
0-1-11 | Olga 24 (ownerId:288122462 - pos <5668.124023, 28.906553, 5408.221191> - islocked:true - password:12011152) initialized
0-1-11 | Robinson R22 Helicopter (ownerId:965259563 - pos <3756.512451, 19.967381, 2601.171387> - islocked:true - password:11367275) initialized
0-1-11 | M3S Covered (ownerId:62166080 - pos <6795.051270, 39.137505, 1809.610474> - islocked:true - password:22392239) initialized
0-1-11 | Land Rover Defender 110 Red (ownerId:980466132 - pos <6797.821777, 39.705956, 1803.358154> - islocked:true - password:22392239) initialized
0-1-11 | Land Rover Defender 110 Green (ownerId:62166080 - pos <6795.712402, 39.705978, 1807.071655> - islocked:false - password:22392239) initialized
0-1-11 | Sarka 120 (ownerId:980466132 - pos <6801.629395, 39.738659, 1801.161499> - islocked:true - password:22392239) initialized
0-1-11 | Ada 4x4 (ownerId:62166080 - pos <6801.611328, 39.178017, 1808.978271> - islocked:false - password:22392239) initialized
0-1-11 | Robinson R22 Helicopter (ownerId:980466132 - pos <6776.817871, 54.635899, 1846.343262> - islocked:true - password:22392239) initialized
0-1-11 | Gunter 2 (ownerId:36527682 - pos <7191.770996, 3.396600, 5360.787598> - islocked:false - password:93991005) initialized
0-1-11 | Land Rover Defender 110 UN (ownerId:85319837 - pos <7572.665527, 24.168484, 3940.986328> - islocked:true - password:9151985) initialized
0-1-11 | Olga 24 (ownerId:965259563 - pos <3730.442139, 5.467788, 2554.884033> - islocked:true - password:11367275) initialized
0-1-11 | Land Rover Defender 110 Red (ownerId:965259563 - pos <3750.834961, 6.214737, 2491.358643> - islocked:true - password:11367275) initialized
0-1-11 | Land Rover Defender 110 Red (ownerId:60592768 - pos <9558.966797, 4.220794, 5944.478516> - islocked:true - password:19651965) initialized
0-1-11 | Sarka 120 (ownerId:194642746 - pos <5445.500000, 5.328907, 4629.548340> - islocked:true - password:15474555) initialized
0-1-11 | Sarka 120 (ownerId:944065078 - pos <7728.505859, 35.526138, 6087.264160> - islocked:false - password:25082508) initialized
0-1-11 | M3S Covered (ownerId:944065078 - pos <7718.275879, 36.466946, 6089.899902> - islocked:false - password:25082508) initialized
0-1-11 | Land Rover Defender 110 UN (ownerId:116364714 - pos <7713.597168, 36.267971, 6075.123047> - islocked:false - password:25082508) initialized
0-1-11 | Robinson R22 Helicopter - Black (ownerId:62166080 - pos <518.581421, 40.943573, 11901.000000> - islocked:true - password:22392239) initialized
0-1-11 | Land Rover Defender 110 (ownerId:192139039 - pos <1187.165283, 30.620790, 12557.961914> - islocked:true - password:7161994) initialized
0-1-11 | M3S Covered (ownerId:965259563 - pos <5476.109375, 6.823413, 8611.261719> - islocked:true - password:11367275) initialized
0-1-11 | Land Rover Defender 110 Green (ownerId:177737910 - pos <2550.891602, 56.615543, 9454.168945> - islocked:true - password:25792579) initialized
0-1-11 | Robinson R22 Helicopter (ownerId:195214598 - pos <1114.771606, 56.352501, 10648.643555> - islocked:true - password:52528989) initialized
0-1-11 | Sarka 120 (ownerId:22592522 - pos <6232.372559, 5.531141, 9589.974609> - islocked:true - password:5210521) initialized
0-1-11 | M3S Covered (ownerId:8156911 - pos <6232.800293, 5.800148, 9593.156250> - islocked:false - password:15500000) initialized
0-1-11 | Robinson R22 Helicopter (ownerId:940915030 - pos <9512.575195, 102.761208, 3733.148193> - islocked:true - password:11853737) initialized
0-1-11 | Sarka 120 (ownerId:940915030 - pos <9511.229492, 102.703087, 3751.684326> - islocked:true - password:11853737) initialized
0-1-11 | Sarka 120 (ownerId:405166905 - pos <10489.906250, 10.002503, 4274.236816> - islocked:true - password:19910111) initialized
0-25-25 | Robinson R22 Helicopter - Black (ownerId:58042381 - pos <5763.762695, 51.385239, 5402.335938> - islocked:true - password:83898389) new car claimed
0-44-18 | Robinson R22 Helicopter - Black (ownerId:58042381 - pos <7790.373047, 27.603365, 4372.500488> - islocked:false - password:83898389) has been deleted
0-44-28 | Sarka 120 (ownerId:58042381 - pos <7795.601563, 25.265518, 4357.813965> - islocked:true - password:83898389) new car claimed
0-44-28 | Sarka 120 (ownerId:58042381 - pos <7795.601563, 24.965519, 4357.813965> - islocked:true - password:83898389) initialized
0-44-31 | Robinson R22 Helicopter - Black (ownerId:984346468 - pos <7798.791504, 28.213865, 4379.916992> - islocked:true - password:83898389) new car claimed
0-44-31 | Robinson R22 Helicopter - Black (ownerId:984346468 - pos <7798.784180, 27.962400, 4379.917480> - islocked:true - password:83898389) initialized
0-45-10 | Sarka 120 (ownerId:58042381 - pos <7795.651855, 24.943451, 4357.818359> - islocked:true - password:83898389) has been deleted
1-57-48 | Robinson R22 Helicopter - Black (ownerId:984346468 - pos <6926.618652, 3.158814, 5106.814941> - islocked:false - password:83898389) has been deleted
1-59-29 | Robinson R22 Helicopter - Black (ownerId:984346468 - pos <6816.273926, 2.185485, 5077.069336> - islocked:true - password:83898389) new car claimed
1-59-29 | Robinson R22 Helicopter - Black (ownerId:984346468 - pos <6816.273926, 2.185485, 5077.069336> - islocked:true - password:83898389) initialized
2-7-46 | Sarka 120 (ownerId:58042381 - pos <6490.322754, 16.858807, 5444.899414> - islocked:true - password:83898389) new car claimed
2-7-46 | Sarka 120 (ownerId:58042381 - pos <6490.322754, 16.558807, 5444.899414> - islocked:true - password:83898389) initialized
2-19-11 | Sarka 120 (ownerId:58042381 - pos <6396.791016, 21.148497, 5460.837891> - islocked:false - password:83898389) has been deleted
3-12-46 | M3S Covered (ownerId:965259563 - pos <5102.942871, 73.970474, 3617.152588> - islocked:true - password:72524299) new car claimed
5-28-48 | Sarka 120 (ownerId:58042381 - pos <6375.819824, 23.488737, 5433.785156> - islocked:true - password:83898389) new car claimed
5-28-48 | Sarka 120 (ownerId:58042381 - pos <6375.819824, 23.188738, 5433.785156> - islocked:true - password:83898389) initialized
5-46-7 | Sarka 120 (ownerId:58042381 - pos <6773.049316, 2.967525, 5124.528320> - islocked:false - password:83898389) has been deleted
5-46-31 | Sarka 120 (ownerId:220657919 - pos <6788.920898, 3.266924, 5125.772461> - islocked:true - password:83898389) new car claimed
5-46-31 | Sarka 120 (ownerId:220657919 - pos <6788.920898, 2.966924, 5125.772461> - islocked:true - password:83898389) initialized
5-47-22 | Sarka 120 (ownerId:220657919 - pos <6788.924316, 2.941966, 5125.771973> - islocked:false - password:83898389) has been deleted
5-50-23 | Sarka 120 (ownerId:58042381 - pos <6852.689453, 2.311892, 5127.184570> - islocked:true - password:83898389) new car claimed
5-50-23 | Sarka 120 (ownerId:58042381 - pos <6852.689453, 2.011892, 5127.184570> - islocked:true - password:83898389) initialized
