Creation Time: 2023_7_23-0-0-52
0-0-52 | Offroad Range Rover Yellow  (ownerId:103808025 - pos <7264.238281, 602.155884, 11730.521484> - islocked:true - password:55677777) initialized
0-0-52 | Velociraptor6x6 Camo (ownerId:407766611 - pos <9999.340820, 22.684904, 11022.398438> - islocked:true - password:55555552) initialized
0-0-52 | Velociraptor6x6 Camo2  (ownerId:407766611 - pos <9991.220703, 22.684904, 11025.542969> - islocked:true - password:55555552) initialized
0-0-52 | Olga 24 (ownerId:40055959 - pos <8923.685547, 5.862716, 10450.612305> - islocked:true - password:19711971) initialized
0-0-52 | UAZ469 (ownerId:40055959 - pos <13854.536133, 10.055442, 4946.899902> - islocked:true - password:19711971) initialized
0-0-52 | LUAZ 969 red (ownerId:405166905 - pos <5356.917969, 35.382145, 641.903687> - islocked:true - password:11111111) initialized
0-0-52 | Opel Astra Chrome (ownerId:127107249 - pos <5657.587891, 28.810463, 5379.881348> - islocked:true - password:12186270) initialized
0-0-52 | Chevrolet Corvette kamo (ownerId:89279995 - pos <5612.964355, 29.188242, 5347.409668> - islocked:true - password:20090909) initialized
0-0-52 | Gunter 2 (ownerId:48698262 - pos <5640.080566, 28.870644, 5330.502930> - islocked:true - password:48151623) initialized
0-0-52 | Offroad Range Rover police  (ownerId:60592768 - pos <5629.258301, 29.188438, 5419.839355> - islocked:true - password:13121312) initialized
0-0-52 | LUAZ 969 (ownerId:75086644 - pos <5601.635742, 29.379673, 5346.650391> - islocked:true - password:10182009) initialized
0-0-52 | BMW X5 Flecktarn (ownerId:53415379 - pos <3466.371826, 2.993124, 3233.977295> - islocked:true - password:7101993) initialized
0-0-52 | Olga 24 (ownerId:511479797 - pos <2059.600830, 9.788726, 9050.123047> - islocked:true - password:27181500) initialized
0-0-52 | Nissan warrior Camo (ownerId:119311623 - pos <5622.462891, 29.385620, 5412.429688> - islocked:false - password:7101993) initialized
0-0-52 | Sarka 120 (ownerId:442990275 - pos <1991.427612, 10.260284, 9032.533203> - islocked:true - password:42014201) initialized
0-0-52 | SCOUT Black (ownerId:442990275 - pos <2017.366455, 9.957123, 9010.322266> - islocked:true - password:37579090) initialized
0-0-52 | M3S Covered (ownerId:442990275 - pos <1983.873535, 41.985641, 9028.122070> - islocked:true - password:42014201) initialized
0-0-52 | Ada 4x4 (ownerId:369601190 - pos <5474.321777, 15.604801, 4931.593750> - islocked:true - password:42014201) initialized
0-0-52 | UAZ_2315 (ownerId:442990275 - pos <5474.270996, 15.384840, 4934.611328> - islocked:true - password:42014201) initialized
0-0-52 | UAZ 3909 Beige (ownerId:795695470 - pos <5468.111816, 15.597901, 4925.073242> - islocked:true - password:8031991) initialized
0-0-52 | UAZ HUNTER (ownerId:447071218 - pos <5465.983398, 15.494906, 4918.977539> - islocked:true - password:15148636) initialized
0-0-52 | MH-6M Little Bird - Camo (ownerId:119248354 - pos <5447.921387, 16.192274, 4916.849121> - islocked:true - password:48151623) initialized
0-0-52 | Fennek BIOHAZARD (ownerId:119248354 - pos <5439.843750, 15.610703, 4914.961426> - islocked:true - password:11082007) initialized
0-0-52 | UH-60 Blackhawk - Budhawk (ownerId:369601190 - pos <5342.518555, 26.664223, 4965.855957> - islocked:true - password:54879586) initialized
0-0-52 | Gunter 2 (ownerId:218588421 - pos <3803.927490, 7.076864, 5907.817871> - islocked:true - password:3081984) initialized
0-0-52 | Toyota Land Cruiser 200 Camo (ownerId:119311623 - pos <4267.056152, 21.010031, 7262.599121> - islocked:true - password:7101993) initialized
0-0-52 | Oshkosh grey (ownerId:64819467 - pos <4276.379395, 21.358603, 7272.563965> - islocked:true - password:7101993) initialized
0-0-52 | Jeep Wrangler Camo (ownerId:526094573 - pos <3590.822998, 10.833094, 3410.253662> - islocked:true - password:11025255) initialized
0-0-52 | Jeep Wrangler green  (ownerId:523450192 - pos <5904.216797, 37.158932, 5221.806152> - islocked:true - password:22392239) initialized
0-0-52 | STR_EGER_GreenCamo_name (ownerId:523991778 - pos <5898.478027, 37.082649, 5221.344238> - islocked:true - password:22392239) initialized
0-0-52 | MH-6M Little Bird - Camo (ownerId:523450192 - pos <5891.183594, 41.853748, 5228.957031> - islocked:true - password:22392239) initialized
0-0-52 | Olga 24 (ownerId:795695470 - pos <5671.733887, 33.593777, 5277.725586> - islocked:true - password:8031991) initialized
0-0-52 | Mercedes-Benz W140 Blue (ownerId:88929178 - pos <4426.697754, 6.654063, 4607.389648> - islocked:true - password:371400) initialized
0-0-52 | Velociraptor6x6 Camo2  (ownerId:262549311 - pos <5681.919434, 33.512569, 5266.968750> - islocked:true - password:24680000) initialized
0-0-52 | MH-6M Little Bird - Camo (ownerId:88929178 - pos <4423.239746, 12.575631, 4604.397949> - islocked:true - password:371400) initialized
0-0-52 | Robinson R22 Helicopter - Black (ownerId:521855408 - pos <5663.715332, 33.939999, 5242.544434> - islocked:true - password:9102021) initialized
0-0-52 | STR_EGER_GreenCamo_name (ownerId:197257182 - pos <2802.367920, 69.987404, 4663.776855> - islocked:true - password:48151623) initialized
0-0-52 | Oshkosh (ownerId:197257182 - pos <2799.505615, 69.918594, 4663.191895> - islocked:true - password:48151623) initialized
0-0-52 |  Novator Flecktarn (ownerId:48698262 - pos <2795.422607, 69.814301, 4663.095215> - islocked:true - password:48151623) initialized
0-0-52 | Gaz 71 Black (ownerId:119248354 - pos <2782.140625, 69.946251, 4692.520996> - islocked:true - password:11082007) initialized
0-0-52 | STR_Camaro_Nest_name (ownerId:60592768 - pos <3246.134521, 3.116042, 1750.852295> - islocked:true - password:13121312) initialized
0-0-52 | UAZ 3909 Police (ownerId:60592768 - pos <3231.810059, 3.497946, 1732.097534> - islocked:true - password:13121312) initialized
0-0-52 | MH-6M Little Bird - Camo (ownerId:132652049 - pos <3688.912598, 12.462230, 9757.346680> - islocked:false - password:9021997) initialized
0-0-52 | MOSKVICH 2140 (ownerId:882346394 - pos <6662.194824, 15.562315, 6318.758789> - islocked:true - password:42091103) initialized
0-17-29 | Sarka 120 (ownerId:442990275 - pos <2022.980103, 9.489980, 9016.183594> - islocked:true - password:42014201) new car claimed
0-17-29 | Sarka 120 (ownerId:442990275 - pos <2022.980103, 9.489980, 9016.183594> - islocked:true - password:42014201) initialized
0-18-7 | Sarka 120 (ownerId:442990275 - pos <2022.981201, 9.166033, 9016.185547> - islocked:true - password:-1) new car claimed
4-11-24 | Fennek BIOHAZARD (ownerId:119248354 - pos <5439.808594, 14.779285, 4915.337402> - islocked:true - password:11082007) has been deleted
4-46-26 | Fennek BIOHAZARD (ownerId:119248354 - pos <2074.068604, 9.490005, 9056.334961> - islocked:true - password:11082007) new car claimed
4-46-26 | Fennek BIOHAZARD (ownerId:119248354 - pos <2074.068604, 9.490005, 9056.334961> - islocked:true - password:11082007) initialized
5-18-11 | Fennek BIOHAZARD (ownerId:119248354 - pos <1998.767944, 9.159285, 9051.028320> - islocked:true - password:11082007) has been deleted
