Creation Time: 2023_5_25-0-0-49
0-0-49 | Cougar Camo kamo (ownerId:980466132 - pos <1447.439453, 3.095254, 6767.592285> - islocked:true - password:22392239) initialized
0-0-49 | MBB Bo-105m Helicopter - blackcamo (ownerId:132652049 - pos <4282.284668, 3.403646, 2506.384766> - islocked:true - password:86753099) initialized
0-0-49 | ToyotaHilux Red (ownerId:60592768 - pos <9562.668945, 4.356367, 5943.355957> - islocked:true - password:19651965) initialized
0-0-49 | Sarka 120 (ownerId:369601190 - pos <8768.755859, 46.021145, 3707.005371> - islocked:true - password:4031965) initialized
0-0-49 | Jeep Wrangler black  (ownerId:132652049 - pos <10663.982422, 3.405122, 3151.652100> - islocked:false - password:17392468) initialized
0-0-49 | SUV Camo (ownerId:442990275 - pos <2124.278809, 15.263946, 9180.039063> - islocked:true - password:42014201) initialized
0-0-49 | Olga 24 (ownerId:442990275 - pos <2121.612793, 18.358908, 9166.325195> - islocked:false - password:42014201) initialized
0-0-49 | Olga 24 (ownerId:839735782 - pos <3591.368408, 10.842443, 3410.564941> - islocked:true - password:13579086) initialized
0-0-49 | Toyota Land Cruiser 200 (ownerId:308099129 - pos <3522.992676, 22.781887, 4590.057617> - islocked:true - password:9131988) initialized
0-0-49 | Olga 24 (ownerId:36527682 - pos <7733.397461, 36.107788, 6085.732910> - islocked:true - password:10939910) initialized
0-0-49 | UAZ 3909 Khaki1 (ownerId:36527682 - pos <7717.195801, 36.455624, 6070.719727> - islocked:true - password:93991005) initialized
0-0-49 | YAR_87 Camo2  (ownerId:34611550 - pos <7501.578613, 3.352664, 5638.127930> - islocked:true - password:19892004) initialized
0-0-49 | Jeep Wrangler (ownerId:288122462 - pos <8283.520508, 5.735136, 8844.367188> - islocked:true - password:12321321) initialized
0-0-49 | UH-60 Blackhawk - blackblackhawk (ownerId:69839805 - pos <4269.738770, 21.234669, 7299.312500> - islocked:true - password:20090909) initialized
0-0-49 | LUAZ 969 rust (ownerId:88929178 - pos <5625.482910, 29.296345, 5419.026855> - islocked:true - password:371400) initialized
0-0-49 | PAZ (green) (ownerId:980466132 - pos <5631.259277, 29.526325, 5379.812012> - islocked:true - password:22392239) initialized
0-0-49 | Sarka 120 (ownerId:108250772 - pos <5617.124023, 28.686049, 5394.032227> - islocked:true - password:3181989) initialized
0-0-49 | Gaz 71 Black (ownerId:137318436 - pos <4256.841309, 21.428879, 7292.367676> - islocked:true - password:20090909) initialized
0-0-49 | STR_EGER_name (ownerId:69839805 - pos <4249.315430, 21.605034, 7295.935059> - islocked:false - password:20090909) initialized
0-0-49 | HAMMER_H1 black (ownerId:405166905 - pos <5195.087891, 4.949912, 5315.444824> - islocked:true - password:1111991) initialized
0-0-49 | MOSKVICH 2140 (ownerId:304057481 - pos <6950.713379, 14.669847, 5719.600098> - islocked:true - password:42687931) initialized
0-0-49 | Toyota Land Cruiser 200 blood  (ownerId:62166080 - pos <5678.486328, 33.642460, 5245.496094> - islocked:true - password:22392239) initialized
0-0-49 | M3S Covered (ownerId:442990275 - pos <5681.143555, 32.810623, 5270.151855> - islocked:true - password:37579090) initialized
0-0-49 | LUAZ 969 blue (ownerId:354151095 - pos <6972.173340, 14.597512, 5701.598145> - islocked:true - password:4250425) initialized
0-0-49 | MOSKVICH 2140 (ownerId:944065078 - pos <6394.414551, 23.181293, 6686.756348> - islocked:false - password:97319731) initialized
0-33-4 | Olga 24 (ownerId:965259563 - pos <4265.050781, 2.787289, 2520.002197> - islocked:true - password:54146888) new car claimed
0-33-4 | Olga 24 (ownerId:965259563 - pos <4265.050781, 2.787289, 2520.002197> - islocked:true - password:54146888) initialized
1-39-20 | Olga 24 (ownerId:965259563 - pos <5627.596191, 28.697758, 5404.210449> - islocked:false - password:54146888) has been deleted
1-46-32 | Olga 24 (ownerId:965259563 - pos <5631.565430, 28.884033, 5343.129395> - islocked:true - password:54146888) new car claimed
1-46-32 | Olga 24 (ownerId:965259563 - pos <5631.565430, 28.876072, 5343.129395> - islocked:true - password:54146888) initialized
2-3-44 | Olga 24 (ownerId:965259563 - pos <5628.616211, 28.697769, 5404.603027> - islocked:false - password:54146888) has been deleted
2-33-57 | Olga 24 (ownerId:965259563 - pos <4784.323730, 17.333721, 4525.016602> - islocked:true - password:54146888) new car claimed
2-33-57 | Olga 24 (ownerId:965259563 - pos <4784.323730, 17.333721, 4525.016602> - islocked:true - password:54146888) initialized
2-42-17 | Olga 24 (ownerId:965259563 - pos <6468.094238, 31.613892, 1914.479858> - islocked:false - password:54146888) has been deleted
2-43-18 | Olga 24 (ownerId:965259563 - pos <6490.919434, 31.849998, 2048.342041> - islocked:true - password:54146888) new car claimed
2-43-18 | Olga 24 (ownerId:965259563 - pos <6490.919434, 31.849997, 2048.342041> - islocked:true - password:54146888) initialized
2-52-5 | Olga 24 (ownerId:965259563 - pos <9869.184570, 3.615425, 2952.344482> - islocked:false - password:54146888) has been deleted
2-52-26 | Olga 24 (ownerId:965259563 - pos <9882.512695, 4.214814, 2939.190430> - islocked:true - password:54146888) new car claimed
2-52-26 | Olga 24 (ownerId:965259563 - pos <9882.512695, 4.214814, 2939.190430> - islocked:true - password:54146888) initialized
2-56-6 | Olga 24 (ownerId:965259563 - pos <10744.121094, 2.637748, 3207.405029> - islocked:false - password:54146888) has been deleted
