Creation Time: 2023_5_28-12-0-50
12-0-50 | M3S Covered (ownerId:839735782 - pos <5609.170898, 28.798689, 5348.386719> - islocked:true - password:1051997) initialized
12-0-50 | M3S Covered (ownerId:839735782 - pos <5617.080078, 28.696239, 5350.002930> - islocked:true - password:1051997) initialized
12-0-50 | Sarka 120 (ownerId:839735782 - pos <5603.764648, 28.772573, 5349.442383> - islocked:true - password:1051997) initialized
12-0-50 | ToyotaHilux Camo (ownerId:442990275 - pos <5627.163574, 29.438805, 5419.170410> - islocked:true - password:42014201) initialized
12-0-50 | Ada 4x4 (ownerId:839735782 - pos <5858.135254, 44.622570, 4865.352539> - islocked:true - password:1051997) initialized
12-0-50 | MOSKVICH 2140 (ownerId:54276291 - pos <5439.861816, 6.871874, 4639.810547> - islocked:true - password:12348262) initialized
12-0-50 | MOSKVICH 2140 (ownerId:288122462 - pos <6884.190918, 34.121216, 5877.878906> - islocked:true - password:12321123) initialized
12-0-50 | MOSKVICH 2140 (ownerId:137318436 - pos <4304.500488, 3.855561, 4680.526367> - islocked:true - password:20090909) initialized
12-0-50 | MOSKVICH 2140 (ownerId:369601190 - pos <9173.169922, 5.672315, 10555.199219> - islocked:true - password:4031965) initialized
12-0-50 | LUAZ 969 black (ownerId:88929178 - pos <8476.401367, 5.716350, 8811.038086> - islocked:true - password:371400) initialized
12-0-50 | UAZ_2315 Red (ownerId:405166905 - pos <6380.272949, 22.550781, 1522.137573> - islocked:true - password:1111991) initialized
12-0-50 | ToyotaHilux White (ownerId:60592768 - pos <9560.643555, 4.345255, 5944.850586> - islocked:true - password:19651965) initialized
12-0-50 | MH-6M Little Bird - Desert (ownerId:132652049 - pos <10045.810547, 8.208410, 1099.091309> - islocked:true - password:13579246) initialized
13-6-35 | MOSKVICH 2140 (ownerId:965259563 - pos <9800.798828, 4.247040, 960.674683> - islocked:true - password:54146888) new car claimed
13-6-35 | MOSKVICH 2140 (ownerId:965259563 - pos <9800.798828, 4.247040, 960.674683> - islocked:true - password:54146888) initialized
13-16-42 | MOSKVICH 2140 (ownerId:965259563 - pos <10092.459961, 2.830518, 1170.649414> - islocked:false - password:54146888) has been deleted
14-13-21 | LUAZ 969 black (ownerId:36527682 - pos <5610.590820, 28.803278, 5352.171387> - islocked:true - password:93991005) new car claimed
15-15-41 | Olga 24 (ownerId:442990275 - pos <2522.199219, 3.478560, 7971.878906> - islocked:true - password:42014201) new car claimed
15-16-4 | Olga 24 (ownerId:442990275 - pos <2522.199219, 3.478560, 7971.878906> - islocked:true - password:42014201) has been deleted
16-18-12 | Olga 24 (ownerId:442990275 - pos <5601.720215, 29.010000, 5357.853027> - islocked:true - password:42014201) new car claimed
16-18-12 | Olga 24 (ownerId:442990275 - pos <5601.720215, 29.010000, 5357.853027> - islocked:true - password:42014201) initialized
16-19-5 | MOSKVICH 2140 (ownerId:369601190 - pos <5593.474609, 28.695049, 5389.267578> - islocked:false - password:4031965) has been deleted
16-23-37 | Olga 24 (ownerId:442990275 - pos <5608.088379, 29.115223, 5354.979492> - islocked:true - password:42014201) new car claimed
16-23-37 | Olga 24 (ownerId:442990275 - pos <5608.088379, 29.115223, 5354.979492> - islocked:true - password:42014201) initialized
16-24-14 | Olga 24 (ownerId:442990275 - pos <5608.113281, 28.771729, 5354.972656> - islocked:true - password:42014201) has been deleted
16-24-42 | Olga 24 (ownerId:442990275 - pos <5601.733887, 28.697651, 5357.850586> - islocked:false - password:42014201) has been deleted
16-50-13 | Olga 24 (ownerId:442990275 - pos <5112.179199, 9.857700, 4518.793945> - islocked:true - password:42014201) new car claimed
16-50-41 | ToyotaHilux Camo2 (ownerId:369601190 - pos <5607.692871, 28.780592, 5354.708984> - islocked:true - password:4031965) new car claimed
16-50-50 | Olga 24 (ownerId:442990275 - pos <5112.179199, 9.857700, 4518.793945> - islocked:true - password:42014201) has been deleted
17-3-1 | Olga 24 (ownerId:442990275 - pos <4432.273926, 5.116528, 2870.024902> - islocked:true - password:42014201) new car claimed
17-3-1 | Olga 24 (ownerId:442990275 - pos <4432.273926, 5.116528, 2870.024902> - islocked:true - password:42014201) initialized
17-3-24 | Toyota Land Cruiser 200 Camo (ownerId:34611550 - pos <5603.453613, 28.702219, 5355.822266> - islocked:true - password:19892004) new car claimed
17-3-59 | Toyota Land Cruiser 200 Camo (ownerId:34611550 - pos <5603.453613, 28.702219, 5355.822266> - islocked:false - password:19892004) has been deleted
17-4-41 | SUV Camo (ownerId:34611550 - pos <5605.686035, 28.766993, 5355.215332> - islocked:true - password:19892004) new car claimed
17-36-32 | Olga 24 (ownerId:442990275 - pos <7533.140137, 23.824980, 3924.196777> - islocked:true - password:42014201) new car claimed
17-36-53 | Olga 24 (ownerId:442990275 - pos <7533.140137, 23.824980, 3924.196777> - islocked:true - password:42014201) has been deleted
