Creation Time: 2023_5_26-0-0-48
0-0-48 | MBB Bo-105m Helicopter - blackcamo (ownerId:132652049 - pos <10055.801758, 4.129517, 1142.778076> - islocked:true - password:86753099) initialized
0-0-48 | Cougar Camo kamo (ownerId:980466132 - pos <1447.440430, 3.095259, 6767.592285> - islocked:true - password:22392239) initialized
0-0-48 | SUV Camo (ownerId:442990275 - pos <2124.277588, 15.263947, 9180.041016> - islocked:true - password:42014201) initialized
0-0-48 | Olga 24 (ownerId:442990275 - pos <2121.612549, 18.358904, 9166.325195> - islocked:false - password:42014201) initialized
0-0-48 | Sarka 120 (ownerId:18558559 - pos <9030.016602, 6.586035, 9422.954102> - islocked:true - password:72066666) initialized
0-0-48 | Jeep Wrangler (ownerId:288122462 - pos <8283.520508, 5.735122, 8844.367188> - islocked:true - password:12321321) initialized
0-0-48 | Olga 24 (ownerId:36527682 - pos <7733.397461, 36.107788, 6085.732910> - islocked:true - password:10939910) initialized
0-0-48 | UAZ 3909 Khaki1 (ownerId:36527682 - pos <7717.199219, 36.455589, 6070.717773> - islocked:true - password:93991005) initialized
0-0-48 | YAR_87 Camo2  (ownerId:34611550 - pos <7501.515625, 3.344789, 5638.633301> - islocked:true - password:19892004) initialized
0-0-48 | Ada 4x4 (ownerId:18558559 - pos <3960.623291, 24.960703, 4847.026855> - islocked:true - password:72066666) initialized
0-0-48 | Toyota Land Cruiser 200 (ownerId:308099129 - pos <3522.993896, 22.781889, 4590.057617> - islocked:true - password:9131988) initialized
0-0-48 | Olga 24 (ownerId:839735782 - pos <3591.365967, 10.842167, 3410.547607> - islocked:true - password:13579086) initialized
0-0-48 | Jeep Wrangler black  (ownerId:132652049 - pos <10663.982422, 3.405122, 3151.652100> - islocked:false - password:17392468) initialized
0-0-48 | Sarka 120 (ownerId:369601190 - pos <4471.817871, 29.384951, 7702.909180> - islocked:true - password:4031965) initialized
0-0-48 | STR_EGER_name (ownerId:69839805 - pos <4654.455566, 21.427395, 6880.252441> - islocked:true - password:20090909) initialized
0-0-48 | Gaz 71 Black (ownerId:137318436 - pos <4248.161133, 21.428888, 7293.649902> - islocked:true - password:20090909) initialized
0-0-48 | UH-60 Blackhawk - blackblackhawk (ownerId:69839805 - pos <4261.034668, 21.234703, 7310.648926> - islocked:true - password:20090909) initialized
0-0-48 | MOSKVICH 2140 (ownerId:944065078 - pos <6394.415039, 23.181297, 6686.756348> - islocked:false - password:97319731) initialized
0-0-48 | HAMMER_H1 black (ownerId:405166905 - pos <5195.087891, 4.949744, 5315.448730> - islocked:true - password:1111991) initialized
0-0-48 | LUAZ 969 rust (ownerId:88929178 - pos <5625.482910, 29.296349, 5419.026855> - islocked:true - password:371400) initialized
0-0-48 | Sarka 120 (ownerId:108250772 - pos <5617.112305, 28.686020, 5394.027344> - islocked:true - password:3181989) initialized
0-0-48 | M3S Covered (ownerId:442990275 - pos <5681.067383, 32.793751, 5269.881348> - islocked:true - password:37579090) initialized
0-0-48 | MOSKVICH 2140 (ownerId:304057481 - pos <6950.713379, 14.669815, 5719.595215> - islocked:true - password:42687931) initialized
0-0-48 | LUAZ 969 blue (ownerId:354151095 - pos <6972.173340, 14.597525, 5701.597656> - islocked:true - password:4250425) initialized
0-44-44 | Olga 24 (ownerId:965259563 - pos <10737.891602, 3.070090, 3217.594238> - islocked:true - password:54146888) new car claimed
0-44-44 | Olga 24 (ownerId:965259563 - pos <10737.891602, 3.070090, 3217.594238> - islocked:true - password:54146888) initialized
1-52-30 | Olga 24 (ownerId:965259563 - pos <5648.550293, 28.697859, 5384.628906> - islocked:true - password:54146888) has been deleted
