Creation Time: 2023_7_31-6-0-54
6-0-54 | MH-6M Little Bird (ownerId:442990275 - pos <5588.886230, 30.092619, 5375.270020> - islocked:false - password:37579090) initialized
6-0-54 | MH-6M Little Bird - Camo (ownerId:197257182 - pos <3943.926758, 36.709938, 4813.954102> - islocked:false - password:48151623) initialized
6-0-54 | LUAZ 969 red (ownerId:405166905 - pos <5645.622559, 28.381859, 5434.259766> - islocked:true - password:11111111) initialized
6-0-54 | LUAZ 969 (ownerId:75086644 - pos <5643.026367, 28.335102, 5433.837402> - islocked:true - password:10182009) initialized
6-0-54 | Oshkosh (ownerId:511479797 - pos <1729.901489, 10.153422, 8920.921875> - islocked:true - password:27181500) initialized
6-0-54 | UH-60 Blackhawk - Budhawk (ownerId:511479797 - pos <1730.294067, 20.607359, 8894.676758> - islocked:true - password:27181500) initialized
6-0-54 | UH-60 Blackhawk - blackblackhawk (ownerId:447071218 - pos <1740.450562, 20.607395, 8905.538086> - islocked:true - password:15148636) initialized
6-0-54 | MUSTANG Red (ownerId:327529037 - pos <3978.945068, 25.699394, 4830.759277> - islocked:true - password:10801080) initialized
6-0-54 | URAL 4320 KUNG (ownerId:965259563 - pos <3967.669189, 26.038006, 4861.955566> - islocked:true - password:29290000) initialized
6-0-54 | Gaz 71 Black (ownerId:93344906 - pos <3965.116943, 25.741251, 4853.943359> - islocked:true - password:29292900) initialized
6-0-54 | MOSKVICH 2140 (ownerId:882346394 - pos <6662.158203, 15.562320, 6318.679199> - islocked:true - password:42091103) initialized
6-0-54 | Olga 24 (ownerId:327529037 - pos <6688.970703, 15.688728, 6301.312500> - islocked:false - password:29292900) initialized
6-0-54 | Toyota Land Cruiser 200 Camo2  (ownerId:407766611 - pos <6058.549316, 12.974708, 4955.606934> - islocked:true - password:371400) initialized
6-0-54 | BMW X5 White  (ownerId:407766611 - pos <6061.447266, 12.869502, 4955.029297> - islocked:true - password:80081355) initialized
6-0-54 | BMW lightgreen (ownerId:407766611 - pos <6050.001953, 12.794463, 4957.398438> - islocked:true - password:80081355) initialized
6-0-54 | BMW black (ownerId:407766611 - pos <6045.813965, 12.806580, 4956.924316> - islocked:true - password:80081355) initialized
6-0-54 | Olga 24 (ownerId:407766611 - pos <6037.345703, 13.055593, 4954.377930> - islocked:true - password:80081355) initialized
6-0-54 | Olga 24 (ownerId:407766611 - pos <6040.757324, 13.052362, 4961.297363> - islocked:true - password:42014201) initialized
6-0-54 | Sarka 120 (ownerId:407766611 - pos <6037.000488, 13.071050, 4960.693848> - islocked:true - password:42014201) initialized
6-0-54 | Mercedes-Benz W140 Blue (ownerId:407766611 - pos <6048.899414, 12.815231, 4963.563477> - islocked:true - password:371400) initialized
6-0-54 | Olga 24 (ownerId:407766611 - pos <6044.156738, 13.046434, 4960.771484> - islocked:true - password:42014201) initialized
6-0-54 | MUSTANG white (ownerId:407766611 - pos <5999.725098, 14.013288, 4970.766113> - islocked:true - password:55252252) initialized
6-0-54 | Chevrolet Corvette (ownerId:407766611 - pos <6000.451172, 13.610808, 4982.084473> - islocked:true - password:55252252) initialized
6-0-54 | Velociraptor6x6 Camo2  (ownerId:407766611 - pos <5981.119141, 14.263227, 4965.184570> - islocked:true - password:80081355) initialized
6-0-54 | Velociraptor6x6 Camo (ownerId:407766611 - pos <5977.549316, 14.299565, 4972.380371> - islocked:true - password:80081355) initialized
6-0-54 | UAZ 3909 Beige (ownerId:795695470 - pos <5468.091309, 15.597905, 4924.886230> - islocked:true - password:8031991) initialized
6-0-54 | Ada 4x4 (ownerId:369601190 - pos <5474.475098, 15.605207, 4931.196289> - islocked:true - password:42014201) initialized
6-0-54 | Gunter 2 (ownerId:48698262 - pos <5667.066895, 33.963955, 5245.087402> - islocked:true - password:48151623) initialized
6-0-54 | Robinson R22 Helicopter - Black (ownerId:521855408 - pos <5531.110352, 13.210503, 5500.391113> - islocked:true - password:9102021) initialized
6-0-54 | ToyotaHilux White (ownerId:108250772 - pos <5488.205566, 10.863411, 5524.611328> - islocked:true - password:9102021) initialized
6-0-54 | AH-64 Apache Longbow (ownerId:442990275 - pos <1986.712646, 46.102470, 9025.830078> - islocked:true - password:37579090) initialized
6-0-54 | MH-6M Little Bird - Camo (ownerId:132652049 - pos <1992.870239, 45.808277, 9015.020508> - islocked:true - password:9021997) initialized
6-0-54 | UH-60 Blackhawk Cargo (ownerId:119248354 - pos <2000.783569, 45.147514, 9026.887695> - islocked:false - password:11082007) initialized
6-0-54 | M3S Covered (ownerId:40055959 - pos <8282.110352, 5.068583, 9352.206055> - islocked:false - password:19711971) initialized
6-0-54 | Gunter 2 (ownerId:218588421 - pos <3805.946289, 6.893354, 5906.669922> - islocked:true - password:3081984) initialized
6-0-54 | Velociraptor6x6 Camo2  (ownerId:262549311 - pos <7193.149414, 61.642948, 5886.734863> - islocked:true - password:24680000) initialized
6-0-54 | MH-6M Little Bird - Camo (ownerId:88929178 - pos <7718.265625, 13.613747, 6787.904785> - islocked:true - password:371400) initialized
6-0-54 | Gelenvagen carbon (ownerId:88929178 - pos <7724.442383, 6.814731, 6788.958496> - islocked:false - password:371400) initialized
6-0-54 | Jeep Wrangler Camo (ownerId:526094573 - pos <5657.599609, 33.230446, 5280.386230> - islocked:false - password:11025255) initialized
6-0-54 | MOSKVICH 2140 (ownerId:288122462 - pos <3657.418457, 20.914566, 6515.144043> - islocked:true - password:12321123) initialized
6-0-54 | Olga 24 (ownerId:40055959 - pos <8923.626953, 5.862726, 10450.857422> - islocked:true - password:19711971) initialized
6-0-54 | UAZ469 (ownerId:40055959 - pos <8935.064453, 6.384639, 10443.116211> - islocked:true - password:19711971) initialized
6-0-54 | UAZ 3909 Police (ownerId:60592768 - pos <3233.326416, 3.497946, 1730.798096> - islocked:true - password:13121312) initialized
6-0-54 | Offroad Range Rover police  (ownerId:60592768 - pos <3234.645508, 3.228037, 1725.417114> - islocked:true - password:13121312) initialized
6-0-54 | STR_Camaro_Nest_name (ownerId:60592768 - pos <6081.369629, 6.340248, 14745.530273> - islocked:true - password:13121312) initialized
6-0-54 | STR_SCOUT_snik2_name (ownerId:24259541 - pos <8453.786133, 190.720398, 12384.945313> - islocked:true - password:17500720) initialized
6-0-54 | Offroad Range Rover Yellow  (ownerId:103808025 - pos <7264.238281, 602.155823, 11730.521484> - islocked:true - password:55677777) initialized
6-0-54 | BMW X5 Red (ownerId:59769977 - pos <4428.619629, 5.312659, 12404.168945> - islocked:true - password:19891604) initialized
6-0-54 | BMW (ownerId:407766611 - pos <9890.951172, 22.314646, 11016.826172> - islocked:true - password:78954545) initialized
6-0-54 | Nissan warrior Camo (ownerId:119311623 - pos <4249.204102, 21.283245, 7296.088867> - islocked:true - password:7101993) initialized
6-0-54 | BMW X5 Red (ownerId:119311623 - pos <4246.027832, 21.092598, 7293.663574> - islocked:true - password:7101993) initialized
6-0-54 | Oshkosh grey (ownerId:64819467 - pos <4245.043457, 21.536226, 7274.150391> - islocked:true - password:7101993) initialized
6-0-54 | BMW X5 Black (ownerId:215888376 - pos <4253.251465, 21.092596, 7299.220215> - islocked:true - password:7101993) initialized
6-0-54 | UH-60 Blackhawk - blackblackhawk (ownerId:119311623 - pos <4271.121582, 21.234697, 7298.647461> - islocked:true - password:7101993) initialized
6-52-34 | UAZ469 (ownerId:40055959 - pos <8935.154297, 5.723278, 10443.111328> - islocked:false - password:19711971) has been deleted
11-2-58 | UAZ 3909 Khaki2 (ownerId:60458244 - pos <8946.490234, 5.789608, 10444.833984> - islocked:true - password:19711971) new car claimed
11-21-44 | Romani4 (ownerId:369601190 - pos <9894.094727, 22.205206, 11024.358398> - islocked:true - password:80081355) new car claimed
11-21-44 | Romani4 (ownerId:369601190 - pos <9894.094727, 22.205206, 11024.358398> - islocked:true - password:80081355) initialized
11-22-20 | Romani4 (ownerId:369601190 - pos <9894.095703, 21.978374, 11024.359375> - islocked:true - password:80081355) has been deleted
11-26-23 | BMW (ownerId:407766611 - pos <9890.989258, 21.864954, 11016.853516> - islocked:false - password:-1) new car claimed
11-32-40 | Sarka 120 (ownerId:407766611 - pos <6036.913086, 12.447105, 4960.833496> - islocked:true - password:42014201) has been deleted
11-32-45 | Olga 24 (ownerId:407766611 - pos <6040.808594, 12.441817, 4961.534180> - islocked:true - password:42014201) has been deleted
11-32-57 | Olga 24 (ownerId:407766611 - pos <6044.231445, 12.366887, 4961.006348> - islocked:true - password:42014201) has been deleted
11-34-37 | Toyota Land Cruiser 200 Camo2  (ownerId:407766611 - pos <6058.531250, 12.434570, 4955.594727> - islocked:false - password:371400) has been deleted
