Creation Time: 2023_4_22-6-0-52
6-0-52 | UH-60 Blackhawk Cargo (ownerId:980466132 - pos <1464.497070, 11.134020, 15309.327148> - islocked:true - password:22392239) initialized
6-0-52 | UH-60 Blackhawk - blackblackhawk (ownerId:195214598 - pos <8069.666992, 215.248917, 11834.370117> - islocked:true - password:89895252) initialized
6-0-52 | Bell 429 Helicopter (ownerId:195214598 - pos <8112.442871, 214.221100, 11880.533203> - islocked:true - password:52898952) initialized
6-0-52 | M3S Covered (ownerId:67657702 - pos <9798.914063, 3.633996, 7868.164063> - islocked:true - password:19944991) initialized
6-0-52 | Robinson R22 Helicopter (ownerId:940915030 - pos <9512.575195, 102.761208, 3733.148193> - islocked:true - password:11853737) initialized
6-0-52 | Sarka 120 (ownerId:940915030 - pos <9511.229492, 102.703026, 3751.684814> - islocked:true - password:11853737) initialized
6-0-52 | Robinson R22 Helicopter - Black (ownerId:34745177 - pos <9138.471680, 47.963058, 3793.883789> - islocked:false - password:67698687) initialized
6-0-52 | M3S Covered (ownerId:8156911 - pos <6232.800781, 5.800109, 9593.156250> - islocked:false - password:15500000) initialized
6-0-52 | Sarka 120 (ownerId:22592522 - pos <6232.373047, 5.531143, 9589.974609> - islocked:true - password:5210521) initialized
6-0-52 | Sarka 120 (ownerId:194642746 - pos <3356.845947, 20.406040, 6466.570313> - islocked:true - password:15474555) initialized
6-0-52 | UH-60 Blackhawk - blackblackhawk (ownerId:195214598 - pos <3224.051514, 7.616046, 1721.951050> - islocked:true - password:52528989) initialized
6-0-52 | Robinson R22 Helicopter - Red (ownerId:71319946 - pos <2665.577637, 35.751202, 3317.651611> - islocked:true - password:19944991) initialized
6-0-52 | Olga 24 (ownerId:944065078 - pos <7656.255371, 19.606743, 3866.164795> - islocked:true - password:97319731) initialized
6-0-52 | Sarka 120 (ownerId:944065078 - pos <7657.274414, 18.558456, 3870.743164> - islocked:true - password:25082508) initialized
6-0-52 | M3S Covered (ownerId:944065078 - pos <7709.270020, 36.712284, 6078.281738> - islocked:false - password:25082508) initialized
6-0-52 | Olga 24 (ownerId:965259563 - pos <3757.750732, 5.467764, 2553.034668> - islocked:true - password:11367275) initialized
6-0-52 | M3S Covered (ownerId:965259563 - pos <3757.232178, 5.599292, 2565.202637> - islocked:false - password:11367275) initialized
6-0-52 | Robinson R22 Helicopter (ownerId:965259563 - pos <3756.512451, 19.967381, 2601.171387> - islocked:true - password:11367275) initialized
6-0-52 | Gunter 2 (ownerId:965259563 - pos <3734.644043, 5.683315, 2547.140137> - islocked:true - password:11367275) initialized
6-0-52 | Ada 4x4 (ownerId:980466132 - pos <6800.919922, 39.178162, 1804.991211> - islocked:true - password:22392239) initialized
6-0-52 | Ada 4x4 (ownerId:62166080 - pos <6801.051758, 39.178257, 1800.987427> - islocked:true - password:22392239) initialized
6-0-52 | Olga 24 (ownerId:62166080 - pos <6795.439453, 39.125088, 1803.797607> - islocked:true - password:22392239) initialized
6-0-52 | Sarka 120 (ownerId:980466132 - pos <6795.106445, 39.738491, 1800.802979> - islocked:true - password:22392239) initialized
6-0-52 | M3S Covered (ownerId:62166080 - pos <6795.894043, 39.129280, 1808.996094> - islocked:false - password:22392239) initialized
6-0-52 | Robinson R22 Helicopter - Black (ownerId:62166080 - pos <6786.493164, 53.509369, 1834.473999> - islocked:true - password:22392239) initialized
6-0-52 | MH-6M Little Bird - Desert (ownerId:62166080 - pos <6773.009766, 54.240791, 1834.931885> - islocked:true - password:22392239) initialized
6-0-52 | UH-60 Blackhawk - Woodland (ownerId:85319837 - pos <3985.974121, 16.854172, 3474.665039> - islocked:true - password:1111110) initialized
6-0-52 | Land Rover Defender 110 Green (ownerId:85319837 - pos <5617.498535, 29.278484, 5378.230957> - islocked:true - password:1111110) initialized
6-0-52 | Land Rover Defender 110 UN (ownerId:108250772 - pos <5622.215332, 29.278486, 5381.246582> - islocked:true - password:14725836) initialized
6-0-52 | Land Rover Defender 110 (ownerId:108250772 - pos <5625.816406, 29.278484, 5376.927734> - islocked:true - password:14725836) initialized
6-0-52 | Land Rover Defender 110 Red (ownerId:108250772 - pos <5627.019531, 29.278482, 5387.046387> - islocked:true - password:14725836) initialized
6-0-52 | M3S Covered (ownerId:108250772 - pos <5632.614746, 29.508278, 5422.646973> - islocked:true - password:78945612) initialized
6-0-52 | Sarka 120 (ownerId:405166905 - pos <5628.688965, 29.306011, 5419.512207> - islocked:true - password:19910111) initialized
6-0-52 | Land Rover Defender 110 Red (ownerId:60592768 - pos <5678.934082, 29.278484, 5386.366211> - islocked:true - password:19651965) initialized
6-0-52 | Olga 24 (ownerId:288122462 - pos <5668.076172, 28.909529, 5408.242188> - islocked:true - password:12011152) initialized
6-0-52 | Land Rover Defender 110 (ownerId:192139039 - pos <5446.166504, 6.454814, 4559.894043> - islocked:true - password:7161994) initialized
6-0-52 | Robinson R22 Helicopter (ownerId:195214598 - pos <5671.535156, 33.241108, 5256.133301> - islocked:true - password:52528989) initialized
6-0-52 | Robinson R22 Helicopter - Black (ownerId:980466132 - pos <7348.521973, 101.077187, 6033.944824> - islocked:true - password:22392239) initialized
