Creation Time: 2023_4_21-18-0-53
18-0-53 | Land Rover Defender 110 (ownerId:192139039 - pos <5447.600098, 6.434435, 4557.902344> - islocked:true - password:7161994) initialized
18-0-53 | M3S Covered (ownerId:8156911 - pos <6232.800781, 5.800257, 9593.156250> - islocked:false - password:15500000) initialized
18-0-53 | Sarka 120 (ownerId:22592522 - pos <6230.259277, 5.536870, 9588.876953> - islocked:true - password:5210521) initialized
18-0-53 | Sarka 120 (ownerId:405166905 - pos <5628.688965, 29.306009, 5419.512207> - islocked:true - password:19910111) initialized
18-0-53 | Olga 24 (ownerId:288122462 - pos <5668.067383, 28.910051, 5408.244141> - islocked:true - password:12011152) initialized
18-0-53 | Land Rover Defender 110 Red (ownerId:108250772 - pos <5627.019531, 29.278482, 5387.046387> - islocked:true - password:14725836) initialized
18-0-53 | Land Rover Defender 110 (ownerId:108250772 - pos <5625.816406, 29.278484, 5376.927734> - islocked:true - password:14725836) initialized
18-0-53 | Land Rover Defender 110 UN (ownerId:108250772 - pos <5622.215332, 29.278484, 5381.246582> - islocked:true - password:14725836) initialized
18-0-53 | Land Rover Defender 110 Green (ownerId:85319837 - pos <5617.498535, 29.278484, 5378.230957> - islocked:true - password:1111110) initialized
18-0-53 | Robinson R22 Helicopter (ownerId:195214598 - pos <5671.535156, 33.241108, 5256.132324> - islocked:true - password:52528989) initialized
18-0-53 | UH-60 Blackhawk - Woodland (ownerId:85319837 - pos <3985.974121, 16.854172, 3474.665039> - islocked:true - password:1111110) initialized
18-0-53 | M3S Covered (ownerId:108250772 - pos <4523.926270, 10.408428, 3205.794678> - islocked:true - password:78945612) initialized
18-0-53 | UH-60 Blackhawk Cargo (ownerId:980466132 - pos <1464.533813, 11.453045, 15309.579102> - islocked:true - password:22392239) initialized
18-0-53 | UH-60 Blackhawk - blackblackhawk (ownerId:195214598 - pos <8069.666992, 215.248932, 11834.370117> - islocked:true - password:89895252) initialized
18-0-53 | Bell 429 Helicopter (ownerId:195214598 - pos <8112.442871, 214.221115, 11880.533203> - islocked:true - password:52898952) initialized
18-0-53 | M3S Covered (ownerId:67657702 - pos <10219.401367, 20.307386, 7928.309570> - islocked:false - password:19944991) initialized
18-0-53 | Ada 4x4 (ownerId:62166080 - pos <6801.051758, 39.178257, 1800.987305> - islocked:true - password:22392239) initialized
18-0-53 | Ada 4x4 (ownerId:980466132 - pos <6800.919922, 39.178165, 1804.990845> - islocked:true - password:22392239) initialized
18-0-53 | Olga 24 (ownerId:62166080 - pos <6795.437988, 39.125080, 1803.797729> - islocked:true - password:22392239) initialized
18-0-53 | Sarka 120 (ownerId:980466132 - pos <6795.105957, 39.738483, 1800.803101> - islocked:true - password:22392239) initialized
18-0-53 | M3S Covered (ownerId:62166080 - pos <6795.891113, 39.129284, 1808.996338> - islocked:false - password:22392239) initialized
18-0-53 | Robinson R22 Helicopter - Black (ownerId:62166080 - pos <6786.493164, 53.509369, 1834.474121> - islocked:true - password:22392239) initialized
18-0-53 | MH-6M Little Bird - Desert (ownerId:62166080 - pos <6773.009766, 54.240791, 1834.931885> - islocked:true - password:22392239) initialized
18-0-53 | Sarka 120 (ownerId:194642746 - pos <3356.868164, 20.406034, 6466.544922> - islocked:true - password:15474555) initialized
18-0-53 | UH-60 Blackhawk - blackblackhawk (ownerId:195214598 - pos <3224.051514, 7.616047, 1721.951294> - islocked:true - password:52528989) initialized
18-0-53 | Robinson R22 Helicopter - Red (ownerId:71319946 - pos <2665.577637, 35.751202, 3317.651611> - islocked:true - password:19944991) initialized
18-0-53 | Gunter 2 (ownerId:965259563 - pos <3734.644287, 5.683305, 2547.140137> - islocked:true - password:11367275) initialized
18-0-53 | Olga 24 (ownerId:965259563 - pos <3749.002197, 5.467791, 2554.737305> - islocked:true - password:11367275) initialized
18-0-53 | M3S Covered (ownerId:965259563 - pos <3757.229492, 5.599309, 2565.204590> - islocked:true - password:11367275) initialized
18-0-53 | Robinson R22 Helicopter (ownerId:965259563 - pos <3756.512451, 19.967381, 2601.171387> - islocked:true - password:11367275) initialized
18-0-53 | Robinson R22 Helicopter - Black (ownerId:980466132 - pos <7348.521973, 101.077187, 6033.944824> - islocked:true - password:22392239) initialized
18-0-53 | M3S Covered (ownerId:944065078 - pos <7651.873047, 20.319984, 3864.101807> - islocked:true - password:25082508) initialized
18-0-53 | Olga 24 (ownerId:944065078 - pos <7656.255859, 19.607378, 3866.157715> - islocked:true - password:97319731) initialized
18-0-53 | Sarka 120 (ownerId:944065078 - pos <7660.289063, 18.664118, 3866.965332> - islocked:false - password:25082508) initialized
18-0-53 | Robinson R22 Helicopter - Black (ownerId:34745177 - pos <9138.471680, 47.961452, 3793.879150> - islocked:false - password:67698687) initialized
18-0-53 | Sarka 120 (ownerId:940915030 - pos <9511.229492, 102.703041, 3751.684814> - islocked:true - password:11853737) initialized
18-0-53 | Robinson R22 Helicopter (ownerId:940915030 - pos <9512.575195, 102.761200, 3733.148193> - islocked:true - password:11853737) initialized
18-0-53 | Bell 429 Helicopter (ownerId:88929178 - pos <1193.580078, 56.632053, 10624.247070> - islocked:true - password:371400) initialized
18-38-19 | Land Rover Defender 110 (ownerId:192139039 - pos <5651.650879, 13.476088, 5027.129883> - islocked:false - password:7161994) has been deleted
18-42-17 | Land Rover Defender 110 (ownerId:192139039 - pos <5651.084961, 13.602573, 5025.096680> - islocked:true - password:7161994) new car claimed
19-9-19 | Bell 429 Helicopter (ownerId:88929178 - pos <5552.038574, 22.801598, 4824.605957> - islocked:false - password:371400) has been deleted
