Creation Time: 2023_7_28-6-0-58
6-0-58 | Offroad Range Rover Yellow  (ownerId:103808025 - pos <7264.238281, 602.155884, 11730.521484> - islocked:true - password:55677777) initialized
6-0-58 | Toyota Land Cruiser 200 Camo2  (ownerId:24259541 - pos <7853.908203, 3.342315, 3840.549316> - islocked:true - password:17500720) initialized
6-0-58 | Olga 24 (ownerId:40055959 - pos <8923.684570, 5.862711, 10450.660156> - islocked:true - password:19711971) initialized
6-0-58 | UAZ469 (ownerId:40055959 - pos <8935.064453, 6.384639, 10443.116211> - islocked:true - password:19711971) initialized
6-0-58 | Velociraptor6x6 Camo2  (ownerId:262549311 - pos <7894.809082, 3.571525, 5949.445801> - islocked:true - password:24680000) initialized
6-0-58 | Mercedes-Benz W140 Blue (ownerId:88929178 - pos <7725.359375, 6.166997, 6795.729980> - islocked:true - password:371400) initialized
6-0-58 | Toyota Land Cruiser 200 Camo2  (ownerId:88929178 - pos <7728.019531, 6.374509, 6790.578613> - islocked:true - password:371400) initialized
6-0-58 | STR_Camaro_Veter_name (ownerId:88929178 - pos <7719.933105, 6.170800, 6786.017090> - islocked:true - password:371400) initialized
6-0-58 | MH-6M Little Bird - Camo (ownerId:88929178 - pos <7720.086914, 13.613595, 6788.978516> - islocked:true - password:371400) initialized
6-0-58 | MH-6M Little Bird - Camo (ownerId:523450192 - pos <6468.672363, 36.179028, 8411.450195> - islocked:true - password:22392239) initialized
6-0-58 | STR_EGER_GreenCamo_name (ownerId:523991778 - pos <6472.811523, 26.201218, 8385.201172> - islocked:true - password:22392239) initialized
6-0-58 | Gelenvagen white_camo2 (ownerId:523450192 - pos <6477.413086, 26.239647, 8388.282227> - islocked:true - password:22392239) initialized
6-0-58 | Nissan warrior Camo (ownerId:119311623 - pos <4251.784668, 21.283245, 7299.261230> - islocked:true - password:7101993) initialized
6-0-58 | Oshkosh grey (ownerId:64819467 - pos <4245.043457, 21.536232, 7274.150879> - islocked:true - password:7101993) initialized
6-0-58 | Toyota Land Cruiser 200 Camo (ownerId:119311623 - pos <4246.873535, 21.187654, 7294.259766> - islocked:true - password:7101993) initialized
6-0-58 | BMW X5 Black (ownerId:215888376 - pos <4249.638672, 21.092596, 7297.039551> - islocked:true - password:7101993) initialized
6-0-58 | MOSKVICH 2140 (ownerId:882346394 - pos <6661.078613, 15.562318, 6320.574219> - islocked:true - password:42091103) initialized
6-0-58 | Gunter 2 (ownerId:218588421 - pos <3805.899414, 6.893674, 5906.626953> - islocked:true - password:3081984) initialized
6-0-58 | Robinson R22 Helicopter - Black (ownerId:521855408 - pos <6062.774902, 32.809994, 5259.116211> - islocked:true - password:9102021) initialized
6-0-58 | LUAZ 969 red (ownerId:405166905 - pos <5645.636230, 28.383076, 5434.256836> - islocked:true - password:11111111) initialized
6-0-58 | BMW X5 White  (ownerId:407766611 - pos <6061.447266, 12.869501, 4955.029297> - islocked:true - password:80081355) initialized
6-0-58 | Olga 24 (ownerId:407766611 - pos <6037.346191, 13.055589, 4954.377930> - islocked:true - password:80081355) initialized
6-0-58 | BMW lightgreen (ownerId:407766611 - pos <6050.001953, 12.794434, 4957.398438> - islocked:true - password:80081355) initialized
6-0-58 | BMW black (ownerId:407766611 - pos <6045.813965, 12.806603, 4956.924316> - islocked:true - password:80081355) initialized
6-0-58 | Opel Astra Chrome (ownerId:127107249 - pos <5656.832031, 28.955122, 5381.956543> - islocked:true - password:12186270) initialized
6-0-58 | Chevrolet Corvette kamo (ownerId:442990275 - pos <5636.895508, 29.020195, 5360.122559> - islocked:true - password:37579090) initialized
6-0-58 | Chevrolet Corvette (ownerId:407766611 - pos <6000.451172, 13.610805, 4982.084473> - islocked:true - password:55252252) initialized
6-0-58 | MUSTANG white (ownerId:407766611 - pos <5999.725098, 14.013290, 4970.766113> - islocked:true - password:55252252) initialized
6-0-58 | Gelenvagen carbon (ownerId:407766611 - pos <5987.045410, 14.379903, 4969.809570> - islocked:true - password:80081355) initialized
6-0-58 | Velociraptor6x6 Camo (ownerId:407766611 - pos <5977.549316, 14.299562, 4972.379395> - islocked:true - password:80081355) initialized
6-0-58 | Velociraptor6x6 Camo2  (ownerId:407766611 - pos <5983.995117, 14.216503, 4965.223145> - islocked:true - password:80081355) initialized
6-0-58 | STR_Camaro_Sibirs_name (ownerId:407766611 - pos <5983.155762, 13.828515, 4983.387207> - islocked:true - password:55555552) initialized
6-0-58 | Gunter 2 (ownerId:48698262 - pos <5641.030273, 28.941109, 5323.011230> - islocked:true - password:48151623) initialized
6-0-58 | Olga 24 (ownerId:327529037 - pos <5612.704590, 29.340801, 5348.395020> - islocked:true - password:29292900) initialized
6-0-58 | Jeep Wrangler Camo (ownerId:526094573 - pos <5695.989746, 31.555759, 5231.927246> - islocked:true - password:11025255) initialized
6-0-58 | UAZ 3909 Beige (ownerId:795695470 - pos <5468.091309, 15.597906, 4924.885254> - islocked:true - password:8031991) initialized
6-0-58 | Ada 4x4 (ownerId:369601190 - pos <5474.475098, 15.605652, 4931.196289> - islocked:true - password:42014201) initialized
6-0-58 | Mercedes-Benz W140 gold (ownerId:369601190 - pos <5444.342773, 15.182719, 4917.408691> - islocked:true - password:80081355) initialized
6-0-58 | Gaz 71 Black (ownerId:119248354 - pos <3961.812988, 25.741253, 4838.065918> - islocked:false - password:11082007) initialized
6-0-58 | Oshkosh (ownerId:197257182 - pos <3969.650635, 25.848602, 4840.182617> - islocked:true - password:48151623) initialized
6-0-58 | STR_EGER_GreenCamo_name (ownerId:197257182 - pos <3979.535156, 25.917406, 4834.987305> - islocked:true - password:48151623) initialized
6-0-58 |  Novator Flecktarn (ownerId:93344906 - pos <3979.690430, 25.744307, 4838.463867> - islocked:true - password:29292900) initialized
6-0-58 | Robinson R22 Helicopter - Black (ownerId:197257182 - pos <3941.461914, 35.978531, 4819.106445> - islocked:true - password:48151623) initialized
6-0-58 | MH-6M Little Bird - Camo (ownerId:197257182 - pos <3949.710449, 36.709953, 4814.644531> - islocked:true - password:48151623) initialized
6-0-58 | MH-6M Little Bird (ownerId:17954802 - pos <3790.736572, 19.067051, 2579.106934> - islocked:true - password:20090909) initialized
6-0-58 | UAZ_2315 (ownerId:17954802 - pos <3765.239014, 6.054813, 2584.317383> - islocked:true - password:20090909) initialized
6-0-58 | Olga 24 (ownerId:511479797 - pos <1755.021973, 9.788725, 8921.340820> - islocked:true - password:27181500) initialized
6-0-58 | UAZ HUNTER (ownerId:447071218 - pos <1761.510254, 9.874904, 8941.975586> - islocked:true - password:15148636) initialized
6-0-58 | UH-60 Blackhawk - Budhawk (ownerId:511479797 - pos <1739.608765, 20.607586, 8910.564453> - islocked:true - password:27181500) initialized
6-0-58 | MH-6M Little Bird - Camo (ownerId:447071218 - pos <1723.946899, 21.221233, 8895.350586> - islocked:true - password:15148636) initialized
6-0-58 | LUAZ 969 (ownerId:75086644 - pos <2135.371582, 14.966349, 9181.180664> - islocked:true - password:10182009) initialized
6-0-58 | HAMMER_H1 (ownerId:965259563 - pos <1962.524902, 9.924915, 9065.128906> - islocked:true - password:54146888) initialized
6-0-58 | ToyotaHilux White (ownerId:511479797 - pos <2085.457764, 9.937344, 9089.570313> - islocked:true - password:27181500) initialized
6-0-58 | STR_Camaro_Nest_name (ownerId:60592768 - pos <3246.728027, 3.116042, 1751.048096> - islocked:true - password:13121312) initialized
6-0-58 | UAZ 3909 Police (ownerId:60592768 - pos <3231.801514, 3.497940, 1732.127197> - islocked:true - password:13121312) initialized
6-0-58 | Offroad Range Rover police  (ownerId:60592768 - pos <3241.604736, 3.228037, 1721.981323> - islocked:true - password:13121312) initialized
6-0-58 | BMW (ownerId:442990275 - pos <1991.421265, 10.028561, 9032.136719> - islocked:true - password:42014201) initialized
6-0-58 | UH-60 Blackhawk Cargo (ownerId:119248354 - pos <2000.014648, 45.147614, 9025.759766> - islocked:false - password:11082007) initialized
6-0-58 | MH-6M Little Bird - Camo (ownerId:132652049 - pos <1992.336670, 45.808281, 9015.568359> - islocked:true - password:9021997) initialized
9-38-7 | UH-60 Blackhawk - blackblackhawk (ownerId:447071218 - pos <5668.867676, 33.354134, 5242.579102> - islocked:true - password:15148636) new car claimed
10-5-0 | UAZ HUNTER (ownerId:447071218 - pos <1761.574097, 9.120591, 8941.917969> - islocked:false - password:15148636) has been deleted
