Creation Time: 2023_5_3-0-0-53
0-0-53 | Robinson R22 Helicopter - Black (ownerId:980466132 - pos <7348.608398, 101.076813, 6032.674805> - islocked:false - password:22392239) initialized
0-0-53 | Land Rover Defender 110 Red (ownerId:980466132 - pos <7342.301758, 66.128479, 6040.872070> - islocked:true - password:22392239) initialized
0-0-53 | M3S Covered (ownerId:108250772 - pos <5656.407227, 28.701416, 5426.502441> - islocked:true - password:12345678) initialized
0-0-53 | Land Rover Defender 110 UN (ownerId:116364714 - pos <5590.918457, 29.278484, 5379.015625> - islocked:false - password:25082508) initialized
0-0-53 | Land Rover Defender 110 Green (ownerId:62166080 - pos <5628.425781, 29.278484, 5411.275391> - islocked:true - password:22392239) initialized
0-0-53 | Ada 4x4 (ownerId:419387242 - pos <5620.703613, 28.750700, 5404.979980> - islocked:false - password:8995862) initialized
0-0-53 | Robinson R22 Helicopter - Black (ownerId:984346468 - pos <4728.883301, 12.292152, 4692.960938> - islocked:true - password:83898389) initialized
0-0-53 | Robinson R22 Helicopter (ownerId:965259563 - pos <6262.100098, 26.561205, 14046.541992> - islocked:true - password:11367275) initialized
0-0-53 | M3S Covered (ownerId:944065078 - pos <7718.275879, 36.466984, 6089.899902> - islocked:false - password:25082508) initialized
0-0-53 | Sarka 120 (ownerId:944065078 - pos <7728.567871, 35.543720, 6089.082520> - islocked:true - password:25082508) initialized
0-0-53 | Sarka 120 (ownerId:194642746 - pos <5445.577148, 5.325556, 4629.515625> - islocked:true - password:15474555) initialized
0-0-53 | Gunter 2 (ownerId:36527682 - pos <7192.423340, 3.389054, 5359.116211> - islocked:true - password:93991005) initialized
0-0-53 | Robinson R22 Helicopter (ownerId:71319946 - pos <5672.808594, 33.907440, 5245.416016> - islocked:true - password:19944991) initialized
0-0-53 | Land Rover Defender 110 Red (ownerId:132652049 - pos <4264.954590, 2.625450, 2514.104736> - islocked:true - password:9031783) initialized
0-0-53 | Land Rover Defender 110 Red (ownerId:60592768 - pos <9561.738281, 4.179227, 5944.402344> - islocked:true - password:19651965) initialized
0-0-53 | Ada 4x4 (ownerId:16874355 - pos <10732.898438, 90.320938, 6156.009766> - islocked:true - password:15795315) initialized
0-0-53 | Robinson R22 Helicopter (ownerId:195214598 - pos <1189.234863, 56.231640, 10623.712891> - islocked:true - password:52528989) initialized
0-0-53 | Robinson R22 Helicopter (ownerId:839735782 - pos <5448.208008, 7.477819, 8605.121094> - islocked:true - password:1051997) initialized
0-0-53 | M3S Covered (ownerId:965259563 - pos <5465.688965, 7.827022, 8577.381836> - islocked:true - password:72524299) initialized
0-0-53 | M3S Covered (ownerId:839735782 - pos <5477.230469, 7.706944, 8608.794922> - islocked:true - password:1051997) initialized
0-0-53 | Land Rover Defender 110 Green (ownerId:177737910 - pos <2550.603271, 57.004337, 9449.896484> - islocked:false - password:25792579) initialized
0-0-53 | UH-60 Blackhawk - blackblackhawk (ownerId:195214598 - pos <3224.051514, 7.616046, 1721.943481> - islocked:true - password:52528989) initialized
0-0-53 | Gunter 2 (ownerId:965259563 - pos <3730.653320, 5.683279, 2547.984863> - islocked:true - password:86753099) initialized
0-0-53 | Sarka 120 (ownerId:965259563 - pos <3730.800049, 6.081156, 2551.065674> - islocked:true - password:72524299) initialized
0-0-53 | Land Rover Defender 110 Red (ownerId:965259563 - pos <3730.515869, 6.048485, 2554.894287> - islocked:true - password:11367275) initialized
0-0-53 | Olga 24 (ownerId:965259563 - pos <3737.235596, 5.467771, 2554.813232> - islocked:true - password:11367275) initialized
0-0-53 | Sarka 120 (ownerId:405166905 - pos <10490.966797, 10.001150, 4277.304199> - islocked:true - password:19910111) initialized
0-0-53 | Robinson R22 Helicopter (ownerId:940915030 - pos <9512.575195, 102.761200, 3733.148193> - islocked:true - password:11853737) initialized
0-0-53 | Sarka 120 (ownerId:980466132 - pos <6801.629883, 39.738670, 1801.161377> - islocked:true - password:22392239) initialized
0-0-53 | M3S Covered (ownerId:980466132 - pos <6795.363770, 39.992870, 1809.554810> - islocked:false - password:22392239) initialized
0-0-53 | MH-6M Little Bird - Desert (ownerId:62166080 - pos <6786.257813, 54.240784, 1835.743286> - islocked:true - password:22392239) initialized
0-0-53 | MBB Bo-105m Helicopter - blackcamo (ownerId:980466132 - pos <6768.891113, 54.751770, 1849.850464> - islocked:true - password:22392239) initialized
0-0-53 | Olga 24 (ownerId:419387242 - pos <7056.489746, 45.007870, 2053.263428> - islocked:true - password:8995862) initialized
0-0-53 | Olga 24 (ownerId:108250772 - pos <7113.923828, 37.535431, 2252.846924> - islocked:true - password:12345678) initialized
0-0-53 | Sarka 120 (ownerId:85319837 - pos <7574.907227, 24.190317, 3928.432129> - islocked:true - password:1111110) initialized
0-0-53 | Land Rover Defender 110 UN (ownerId:85319837 - pos <7572.665527, 24.168484, 3940.986328> - islocked:false - password:9151985) initialized
0-0-53 | M3S Covered (ownerId:965259563 - pos <4479.263672, 4.766194, 10897.113281> - islocked:false - password:2061963) initialized
0-0-53 | Land Rover Defender 110 Red (ownerId:6938606 - pos <8762.047852, 5.698693, 8948.333008> - islocked:false - password:20090909) initialized
0-6-54 | Ka26 Hoodlum Helicopter (ownerId:89279995 - pos <8465.014648, 53.767166, 9134.283203> - islocked:true - password:20090909) new car claimed
0-7-16 | Ka26 Hoodlum Helicopter (ownerId:89279995 - pos <8465.014648, 53.767166, 9134.283203> - islocked:true - password:20090909) has been deleted
0-11-41 | Bell 429 Helicopter - Medic (ownerId:6938606 - pos <8259.371094, 5.244108, 9176.064453> - islocked:true - password:20090909) new car claimed
0-12-6 | Bell 429 Helicopter - Medic (ownerId:6938606 - pos <8259.371094, 5.244108, 9176.064453> - islocked:true - password:20090909) has been deleted
0-12-10 | M3S Covered (ownerId:108250772 - pos <5656.407715, 28.701416, 5426.503418> - islocked:true - password:-1) new car claimed
0-12-39 | M3S Covered (ownerId:108250772 - pos <5656.407715, 28.701416, 5426.503418> - islocked:true - password:12345678) new car claimed
0-13-1 | M3S Covered (ownerId:108250772 - pos <5656.407715, 28.701416, 5426.503418> - islocked:false - password:12345678) has been deleted
0-17-24 | Mil Mi-2 Helicopter - Hornet (ownerId:965259563 - pos <3779.449463, 5.589661, 2507.606201> - islocked:true - password:11367275) new car claimed
0-23-22 | Robinson R22 Helicopter - Black (ownerId:419387242 - pos <7684.663574, 17.497355, 3867.919434> - islocked:true - password:8995862) new car claimed
0-49-50 | Ka26 Hoodlum Helicopter (ownerId:89279995 - pos <5622.541992, 29.009998, 5360.007324> - islocked:true - password:20090909) new car claimed
0-49-50 | Ka26 Hoodlum Helicopter (ownerId:89279995 - pos <5622.541992, 28.743450, 5360.007324> - islocked:true - password:20090909) initialized
0-54-3 | Ka26 Hoodlum Helicopter (ownerId:89279995 - pos <5602.652344, 28.737143, 5380.500977> - islocked:true - password:20090909) has been deleted
2-50-26 | Robinson R22 Helicopter - Black (ownerId:132652049 - pos <4290.848145, 2.820790, 2507.181641> - islocked:true - password:9031783) new car claimed
