Creation Time: 2023_7_25-18-0-57
18-0-57 | Gunter 2 (ownerId:48698262 - pos <5640.135742, 28.878956, 5330.795898> - islocked:false - password:48151623) initialized
18-0-57 | Chevrolet Corvette kamo (ownerId:89279995 - pos <5609.680176, 29.253607, 5348.327637> - islocked:true - password:20090909) initialized
18-0-57 | Opel Astra Chrome (ownerId:127107249 - pos <5656.683105, 28.961502, 5381.954102> - islocked:true - password:12186270) initialized
18-0-57 | ToyotaHilux White (ownerId:511479797 - pos <5620.766602, 29.441196, 5406.444336> - islocked:true - password:27181500) initialized
18-0-57 |  Novator Flecktarn (ownerId:93344906 - pos <5644.354492, 28.531826, 5434.624512> - islocked:false - password:29292900) initialized
18-0-57 | STR_EGER_GreenCamo_name (ownerId:197257182 - pos <5647.370117, 29.601715, 5425.239258> - islocked:true - password:48151623) initialized
18-0-57 | Gelenvagen white_camo2 (ownerId:523450192 - pos <6721.328125, 39.839970, 1841.348267> - islocked:true - password:22392239) initialized
18-0-57 | Velociraptor6x6 Camo (ownerId:369601190 - pos <5850.722168, 45.669270, 4896.120117> - islocked:true - password:55555552) initialized
18-0-57 | MOSKVICH 2140 (ownerId:882346394 - pos <6661.078125, 15.562321, 6320.577148> - islocked:true - password:42091103) initialized
18-0-57 | MH-6M Little Bird - Camo (ownerId:523450192 - pos <5890.479492, 41.853622, 5228.574707> - islocked:true - password:22392239) initialized
18-0-57 | STR_EGER_GreenCamo_name (ownerId:523991778 - pos <5897.861816, 37.045040, 5224.135742> - islocked:true - password:22392239) initialized
18-0-57 | UAZ 3909 Beige (ownerId:795695470 - pos <5468.115234, 15.597906, 4925.075684> - islocked:true - password:8031991) initialized
18-0-57 | SCOUT Black (ownerId:442990275 - pos <5474.078125, 15.577123, 4935.667480> - islocked:true - password:37579090) initialized
18-0-57 | Ada 4x4 (ownerId:369601190 - pos <5474.475586, 15.606060, 4931.196289> - islocked:true - password:42014201) initialized
18-0-57 | STR_Camaro_Sibirs_name (ownerId:407766611 - pos <5480.655273, 15.164770, 4976.343262> - islocked:true - password:55555552) initialized
18-0-57 | Jeep Wrangler Camo (ownerId:526094573 - pos <5695.989746, 31.555580, 5231.927246> - islocked:true - password:11025255) initialized
18-0-57 | MH-6M Little Bird (ownerId:442990275 - pos <5668.530762, 34.635437, 5233.134766> - islocked:true - password:37579090) initialized
18-0-57 | Robinson R22 Helicopter - Black (ownerId:521855408 - pos <5663.715332, 33.940002, 5242.544434> - islocked:true - password:9102021) initialized
18-0-57 | Cougar (Fox) (ownerId:108250772 - pos <5656.563477, 34.102169, 5250.316895> - islocked:true - password:78995112) initialized
18-0-57 | Velociraptor6x6 Camo2  (ownerId:262549311 - pos <7192.795410, 61.652576, 5886.410645> - islocked:true - password:24680000) initialized
18-0-57 | Offroad Range Rover Yellow  (ownerId:103808025 - pos <7264.238281, 602.155823, 11730.521484> - islocked:true - password:55677777) initialized
18-0-57 | Robinson R22 Helicopter - Black (ownerId:197257182 - pos <7248.348633, 225.471222, 11619.498047> - islocked:true - password:48151623) initialized
18-0-57 | UAZ469 (ownerId:40055959 - pos <8935.064453, 6.384639, 10443.116211> - islocked:true - password:19711971) initialized
18-0-57 | Ada 4x4 (ownerId:40055959 - pos <8929.367188, 5.915648, 10451.268555> - islocked:true - password:19711971) initialized
18-0-57 | Olga 24 (ownerId:40055959 - pos <8923.685547, 5.862717, 10450.637695> - islocked:true - password:19711971) initialized
18-0-57 | Velociraptor6x6 Camo2  (ownerId:407766611 - pos <9992.777344, 22.684902, 11025.113281> - islocked:true - password:55555552) initialized
18-0-57 | Sarka 120 (ownerId:89279995 - pos <7738.920410, 15.235854, 9810.031250> - islocked:true - password:20090909) initialized
18-0-57 | Toyota Land Cruiser 200 Camo2  (ownerId:24259541 - pos <7851.705078, 3.360447, 3841.262451> - islocked:true - password:17500720) initialized
18-0-57 | Offroad Range Rover police  (ownerId:60592768 - pos <3240.920898, 3.228037, 1718.943604> - islocked:true - password:13121312) initialized
18-0-57 | UAZ 3909 Police (ownerId:60592768 - pos <3231.894287, 3.497946, 1731.676636> - islocked:true - password:13121312) initialized
18-0-57 | STR_Camaro_Nest_name (ownerId:60592768 - pos <3246.333252, 3.116042, 1751.296753> - islocked:true - password:13121312) initialized
18-0-57 | Toyota Land Cruiser 200 Camo2  (ownerId:88929178 - pos <7728.019531, 6.374508, 6790.577637> - islocked:true - password:371400) initialized
18-0-57 | Mercedes-Benz W140 Blue (ownerId:88929178 - pos <7725.359863, 6.166998, 6795.730469> - islocked:true - password:371400) initialized
18-0-57 | HEMTT flecktarn (ownerId:88929178 - pos <7718.920898, 6.640538, 6804.869629> - islocked:true - password:371400) initialized
18-0-57 | STR_Camaro_Veter_name (ownerId:88929178 - pos <7719.932617, 6.170793, 6786.017090> - islocked:false - password:371400) initialized
18-0-57 | MH-6M Little Bird - Camo (ownerId:88929178 - pos <7718.418457, 13.613725, 6788.499512> - islocked:false - password:371400) initialized
18-0-57 | HAMMER_H1 (ownerId:965259563 - pos <3764.887451, 6.389235, 2491.192627> - islocked:true - password:54146888) initialized
18-0-57 | LUAZ 969 red (ownerId:405166905 - pos <4802.159668, 18.572527, 7577.117676> - islocked:true - password:11111111) initialized
18-0-57 | Oshkosh grey (ownerId:64819467 - pos <4245.042969, 21.536228, 7274.150879> - islocked:true - password:7101993) initialized
18-0-57 | Toyota Land Cruiser 200 Camo (ownerId:119311623 - pos <4246.868164, 21.187653, 7294.254395> - islocked:true - password:7101993) initialized
18-0-57 | BMW X5 Black (ownerId:215888376 - pos <4250.064941, 21.092596, 7296.986328> - islocked:true - password:7101993) initialized
18-0-57 | Nissan warrior Camo (ownerId:119311623 - pos <4252.930176, 21.283245, 7298.982422> - islocked:true - password:7101993) initialized
18-0-57 | UAZ_2315 (ownerId:89279995 - pos <3774.869629, 6.414804, 2592.672363> - islocked:true - password:20090909) initialized
18-0-57 | Oshkosh (ownerId:197257182 - pos <2799.405273, 69.918602, 4663.852539> - islocked:true - password:48151623) initialized
18-0-57 | Olga 24 (ownerId:327529037 - pos <2868.650635, 23.223717, 3916.135742> - islocked:false - password:29292900) initialized
18-0-57 | Gaz 71 Black (ownerId:119248354 - pos <2871.814697, 23.446257, 3922.154541> - islocked:false - password:11082007) initialized
18-0-57 | Olga 24 (ownerId:511479797 - pos <1742.365234, 9.988557, 8908.454102> - islocked:true - password:27181500) initialized
18-0-57 | UAZ HUNTER (ownerId:447071218 - pos <1732.635132, 10.074717, 8912.143555> - islocked:false - password:15148636) initialized
18-0-57 | UH-60 Blackhawk - Budhawk (ownerId:511479797 - pos <1775.678955, 9.956583, 8939.425781> - islocked:true - password:27181500) initialized
18-0-57 | LUAZ 969 (ownerId:75086644 - pos <2135.371338, 14.966347, 9181.180664> - islocked:true - password:10182009) initialized
18-0-57 | Sarka 120 (ownerId:442990275 - pos <1991.245972, 10.260275, 9032.504883> - islocked:true - password:42014201) initialized
18-0-57 | UH-60 Blackhawk Cargo (ownerId:442990275 - pos <1989.773193, 45.101009, 9027.337891> - islocked:true - password:37579090) initialized
18-0-57 | UH-60 Blackhawk Cargo (ownerId:119248354 - pos <2000.020874, 45.147617, 9025.759766> - islocked:false - password:11082007) initialized
18-0-57 | MH-6M Little Bird - Camo (ownerId:132652049 - pos <1992.326538, 45.808277, 9015.568359> - islocked:false - password:9021997) initialized
18-0-57 | Gunter 2 (ownerId:218588421 - pos <3805.863037, 6.896505, 5906.664551> - islocked:true - password:3081984) initialized
19-55-54 | Robinson R22 Helicopter - Black (ownerId:442990275 - pos <5638.019531, 32.913704, 5368.370117> - islocked:true - password:42014201) new car claimed
20-0-27 | Robinson R22 Helicopter - Black (ownerId:442990275 - pos <5604.174805, 28.789446, 5351.933105> - islocked:false - password:42014201) has been deleted
20-3-5 | URAL 4320 KUNG (ownerId:442990275 - pos <5613.001465, 28.797377, 5354.806641> - islocked:true - password:37579090) new car claimed
20-24-14 | Velociraptor6x6 Camo (ownerId:369601190 - pos <5795.681152, 8.367254, 4633.232910> - islocked:false - password:55555552) has been deleted
20-25-57 | Velociraptor6x6 Camo (ownerId:369601190 - pos <5814.372559, 45.119049, 4689.783203> - islocked:true - password:55555552) new car claimed
20-25-57 | Velociraptor6x6 Camo (ownerId:369601190 - pos <5814.372559, 45.119049, 4689.783203> - islocked:true - password:55555552) initialized
21-8-48 | Gunter 2 (ownerId:510682810 - pos <6040.860840, 34.191399, 5292.707031> - islocked:true - password:11111111) new car claimed
21-8-48 | Gunter 2 (ownerId:510682810 - pos <6040.860840, 34.191399, 5292.707031> - islocked:true - password:11111111) initialized
21-10-25 | Gunter 2 (ownerId:510682810 - pos <5681.937988, 32.622570, 5262.258789> - islocked:false - password:11111111) has been deleted
21-29-20 | Gunter 2 (ownerId:510682810 - pos <5660.922852, 32.712559, 5268.861328> - islocked:true - password:11111111) new car claimed
21-29-20 | Gunter 2 (ownerId:510682810 - pos <5660.922852, 32.712559, 5268.861328> - islocked:true - password:11111111) initialized
21-30-5 | MH-6M Little Bird - Camo (ownerId:197257182 - pos <7603.841797, 58.128521, 9836.627930> - islocked:true - password:48151623) new car claimed
21-35-48 | Gunter 2 (ownerId:510682810 - pos <6074.780762, 31.889959, 5251.677734> - islocked:false - password:11111111) has been deleted
22-9-0 | Cougar (Fox) (ownerId:108250772 - pos <5656.584961, 33.093716, 5250.022949> - islocked:true - password:78995112) has been deleted
22-51-29 | Camaro Red (ownerId:407766611 - pos <6767.321777, 28.829880, 1857.952026> - islocked:true - password:55555555) new car claimed
22-53-29 | Camaro Red (ownerId:407766611 - pos <6767.321777, 28.829880, 1857.952026> - islocked:false - password:55555555) has been deleted
22-53-59 | Romani4 (ownerId:407766611 - pos <7959.558105, 9.362538, 6187.333008> - islocked:true - password:80081355) new car claimed
22-53-59 | Romani4 (ownerId:407766611 - pos <7959.558105, 9.362538, 6187.333008> - islocked:true - password:80081355) initialized
22-54-44 | Romani4 (ownerId:407766611 - pos <7959.041992, 9.470686, 6185.703613> - islocked:true - password:80081355) has been deleted
23-8-18 | URAL 4320 KUNG (ownerId:442990275 - pos <5608.203613, 29.009998, 5395.947266> - islocked:true - password:37579090) new car claimed
23-8-18 | URAL 4320 KUNG (ownerId:442990275 - pos <5608.203613, 29.003773, 5395.947266> - islocked:true - password:37579090) initialized
23-17-13 | Romani4 (ownerId:407766611 - pos <5371.744141, 15.187860, 4945.222168> - islocked:true - password:80081355) new car claimed
23-17-13 | Romani4 (ownerId:407766611 - pos <5371.744141, 15.187860, 4945.222168> - islocked:true - password:80081355) initialized
23-19-31 | Velociraptor6x6 Camo (ownerId:369601190 - pos <5369.937012, 14.985348, 4938.761719> - islocked:false - password:55555552) has been deleted
23-44-26 | Velociraptor6x6 Camo (ownerId:407766611 - pos <9999.270508, 22.169300, 11024.063477> - islocked:true - password:55555552) new car claimed
23-44-26 | Velociraptor6x6 Camo (ownerId:407766611 - pos <9999.270508, 22.169300, 11024.063477> - islocked:true - password:55555552) initialized
