Creation Time: 2023_4_20-6-0-52
6-0-52 | UH-60 Blackhawk Cargo (ownerId:980466132 - pos <1464.490234, 11.497286, 15309.610352> - islocked:true - password:22392239) initialized
6-0-52 | Bell 429 Helicopter (ownerId:195214598 - pos <8112.443359, 214.221146, 11880.533203> - islocked:true - password:52898952) initialized
6-0-52 | UH-60 Blackhawk - blackblackhawk (ownerId:195214598 - pos <8069.666992, 215.248917, 11834.370117> - islocked:true - password:89895252) initialized
6-0-52 | Sarka 120 (ownerId:940915030 - pos <9511.229492, 102.703018, 3751.685059> - islocked:true - password:11853737) initialized
6-0-52 | Robinson R22 Helicopter (ownerId:940915030 - pos <9512.575195, 102.761200, 3733.148193> - islocked:true - password:11853737) initialized
6-0-52 | M3S Covered (ownerId:67657702 - pos <10219.402344, 20.325169, 7928.680176> - islocked:false - password:19944991) initialized
6-0-52 | Robinson R22 Helicopter - Black (ownerId:34745177 - pos <9138.466797, 47.948544, 3793.844482> - islocked:false - password:67698687) initialized
6-0-52 | M3S Covered (ownerId:8156911 - pos <6232.801758, 5.800163, 9593.156250> - islocked:false - password:15500000) initialized
6-0-52 | MH-6M Little Bird - Desert (ownerId:62166080 - pos <6773.009766, 54.240791, 1834.931885> - islocked:true - password:22392239) initialized
6-0-52 | Robinson R22 Helicopter - Black (ownerId:62166080 - pos <6786.493164, 53.509369, 1834.474365> - islocked:true - password:22392239) initialized
6-0-52 | Olga 24 (ownerId:62166080 - pos <6795.431152, 39.125088, 1803.797852> - islocked:true - password:22392239) initialized
6-0-52 | M3S Covered (ownerId:62166080 - pos <6795.884766, 39.129269, 1808.994873> - islocked:false - password:22392239) initialized
6-0-52 | Ada 4x4 (ownerId:980466132 - pos <6800.919922, 39.178162, 1804.990356> - islocked:true - password:22392239) initialized
6-0-52 | Ada 4x4 (ownerId:62166080 - pos <6801.051758, 39.178257, 1800.987671> - islocked:true - password:22392239) initialized
6-0-52 | Sarka 120 (ownerId:980466132 - pos <6795.105957, 39.738480, 1800.802856> - islocked:true - password:22392239) initialized
6-0-52 | Sarka 120 (ownerId:405166905 - pos <3351.135986, 14.511716, 7579.616699> - islocked:true - password:19910111) initialized
6-0-52 | Sarka 120 (ownerId:944065078 - pos <7658.118164, 18.594465, 3869.324219> - islocked:true - password:25082508) initialized
6-0-52 | Olga 24 (ownerId:944065078 - pos <7655.445801, 19.534521, 3867.466553> - islocked:true - password:97319731) initialized
6-0-52 | M3S Covered (ownerId:944065078 - pos <7651.871094, 20.341465, 3863.819824> - islocked:true - password:25082508) initialized
6-0-52 | Robinson R22 Helicopter - Red (ownerId:71319946 - pos <2665.577637, 35.751202, 3317.651611> - islocked:true - password:19944991) initialized
6-0-52 | UH-60 Blackhawk - blackblackhawk (ownerId:195214598 - pos <3224.051514, 7.616047, 1721.952637> - islocked:true - password:52528989) initialized
6-0-52 | Gunter 2 (ownerId:965259563 - pos <3734.648682, 5.683281, 2547.140137> - islocked:true - password:11367275) initialized
6-0-52 | M3S Covered (ownerId:965259563 - pos <3757.223877, 5.599266, 2565.213379> - islocked:true - password:11367275) initialized
6-0-52 | Olga 24 (ownerId:965259563 - pos <3750.340820, 5.595222, 2577.205811> - islocked:true - password:11367275) initialized
6-0-52 | Robinson R22 Helicopter (ownerId:965259563 - pos <3801.725342, 6.128541, 2550.129639> - islocked:true - password:11367275) initialized
6-0-52 | Robinson R22 Helicopter - Black (ownerId:980466132 - pos <7348.521973, 101.077187, 6033.944824> - islocked:true - password:22392239) initialized
6-0-52 | Sarka 120 (ownerId:194642746 - pos <5452.018066, 5.274667, 4626.814453> - islocked:true - password:15474555) initialized
6-0-52 | Olga 24 (ownerId:288122462 - pos <5668.034668, 28.912188, 5408.254395> - islocked:true - password:12011152) initialized
6-0-52 | Robinson R22 Helicopter (ownerId:195214598 - pos <5671.535156, 33.241238, 5256.129395> - islocked:true - password:52528989) initialized
6-0-52 | M3S Covered (ownerId:108250772 - pos <4521.240234, 10.389803, 3203.360107> - islocked:true - password:78945612) initialized
6-0-52 | Bell 429 Helicopter (ownerId:88929178 - pos <4535.771973, 17.384232, 3159.236572> - islocked:true - password:371400) initialized
6-0-52 | UH-60 Blackhawk - Woodland (ownerId:85319837 - pos <3985.974609, 16.854168, 3474.664795> - islocked:true - password:1111110) initialized
