Creation Time: 2023_7_19-12-0-51
12-0-51 | LUAZ 969 red (ownerId:405166905 - pos <5356.917969, 35.382145, 641.903625> - islocked:true - password:11111111) initialized
12-0-51 | Offroad Range Rover police  (ownerId:60592768 - pos <3235.147705, 3.228037, 1724.893311> - islocked:true - password:13121312) initialized
12-0-51 | UAZ 3909 Police (ownerId:60592768 - pos <3231.902100, 3.497940, 1731.630005> - islocked:true - password:13121312) initialized
12-0-51 | STR_Camaro_Nest_name (ownerId:60592768 - pos <3245.895752, 3.116042, 1751.002197> - islocked:true - password:13121312) initialized
12-0-51 | MUSTANG Red (ownerId:407766611 - pos <9997.804688, 22.648697, 11025.042969> - islocked:false - password:55555552) initialized
12-0-51 |  Novator Flecktarn (ownerId:48698262 - pos <2795.422607, 69.814308, 4663.095215> - islocked:true - password:48151623) initialized
12-0-51 | Oshkosh (ownerId:197257182 - pos <2799.743652, 69.918602, 4662.980957> - islocked:true - password:48151623) initialized
12-0-51 | STR_EGER_GreenCamo_name (ownerId:197257182 - pos <2774.560059, 70.024002, 4666.657715> - islocked:true - password:48151623) initialized
12-0-51 | Offroad Range Rover Yellow  (ownerId:103808025 - pos <3635.527832, 16.122355, 9634.206055> - islocked:true - password:55677777) initialized
12-0-51 | Sarka 120 (ownerId:119311623 - pos <3402.779785, 23.253716, 6189.940918> - islocked:true - password:7101993) initialized
12-0-51 | Oshkosh grey (ownerId:64819467 - pos <4275.676758, 21.358603, 7271.528320> - islocked:true - password:7101993) initialized
12-0-51 | Toyota Land Cruiser 200 Camo (ownerId:119311623 - pos <4269.522949, 21.010031, 7264.749512> - islocked:true - password:7101993) initialized
12-0-51 | BMW X5 Flecktarn (ownerId:53415379 - pos <4265.506836, 20.914974, 7261.179199> - islocked:true - password:7101993) initialized
12-0-51 | ToyotaHilux rust (ownerId:526094573 - pos <5360.789063, 3.341197, 7457.451172> - islocked:false - password:77899511) initialized
12-0-51 | Gunter 2 (ownerId:218588421 - pos <3802.995850, 7.164803, 5908.551758> - islocked:true - password:3081984) initialized
12-0-51 | Toyota Land Cruiser 200 Camo2  (ownerId:93344906 - pos <5601.037109, 74.646004, 3699.021973> - islocked:true - password:48151623) initialized
12-0-51 | MH-6M Little Bird (ownerId:442990275 - pos <3978.020264, 26.211433, 4857.777832> - islocked:true - password:37579090) initialized
12-0-51 | SCOUT Black (ownerId:442990275 - pos <3951.448730, 25.783735, 4845.721191> - islocked:true - password:37579090) initialized
12-0-51 | URAL 4320 KUNG (ownerId:88929178 - pos <4421.796875, 7.271968, 4607.150391> - islocked:true - password:371400) initialized
12-0-51 | UH-60 Blackhawk - blackblackhawk (ownerId:88929178 - pos <4427.373535, 11.961778, 4606.234863> - islocked:true - password:371400) initialized
12-0-51 | Ada 4x4 (ownerId:369601190 - pos <5668.545410, 29.263573, 5470.103027> - islocked:true - password:42014201) initialized
12-0-51 | MH-6M Little Bird - Camo (ownerId:132652049 - pos <5677.182617, 30.092926, 5390.799805> - islocked:true - password:9021997) initialized
12-0-51 | Nissan warrior Camo (ownerId:526094573 - pos <5647.477539, 28.326864, 5436.359375> - islocked:true - password:77899511) initialized
12-0-51 | Gunter 2 (ownerId:48698262 - pos <5641.038574, 28.916098, 5330.087891> - islocked:true - password:48151623) initialized
12-0-51 | Velociraptor6x6 Camo2  (ownerId:407766611 - pos <5617.958984, 29.525604, 5391.389160> - islocked:true - password:55555552) initialized
12-0-51 | UAZ 3909 Beige (ownerId:795695470 - pos <5623.899414, 29.497864, 5349.654297> - islocked:true - password:8031991) initialized
12-0-51 | MOSKVICH 2140 (ownerId:882346394 - pos <6661.942383, 15.562319, 6318.884766> - islocked:true - password:42091103) initialized
12-0-51 | STR_EGER_GreenCamo_name (ownerId:523991778 - pos <5899.112305, 37.135429, 5221.916992> - islocked:true - password:22392239) initialized
12-0-51 | Jeep Wrangler green  (ownerId:523450192 - pos <5904.621094, 37.197464, 5221.705078> - islocked:false - password:22392239) initialized
12-0-51 | MH-6M Little Bird - Camo (ownerId:523450192 - pos <5891.236328, 41.853733, 5228.727051> - islocked:true - password:22392239) initialized
12-0-51 | Gunter 2 (ownerId:442990275 - pos <5687.659668, 33.536179, 5265.072266> - islocked:true - password:42014201) initialized
12-0-51 | UAZ HUNTER (ownerId:442990275 - pos <5683.728027, 33.470539, 5267.361328> - islocked:true - password:37579090) initialized
12-0-51 | HAMMER_H1 (ownerId:262549311 - pos <5673.556641, 33.372936, 5271.667480> - islocked:false - password:24680000) initialized
12-51-10 | UH-60 Blackhawk - Budhawk (ownerId:369601190 - pos <5639.760742, 27.712780, 5436.664063> - islocked:true - password:54879586) new car claimed
12-51-10 | UH-60 Blackhawk - Budhawk (ownerId:369601190 - pos <5639.760742, 27.712780, 5436.664063> - islocked:true - password:54879586) initialized
12-55-19 | UH-60 Blackhawk - Budhawk (ownerId:369601190 - pos <7236.868164, 2.744283, 13688.125977> - islocked:true - password:54879586) has been deleted
12-55-30 | UAZ_2315 Red (ownerId:369601190 - pos <7231.683594, 2.978604, 13690.809570> - islocked:true - password:45645645) new car claimed
12-55-30 | UAZ_2315 Red (ownerId:369601190 - pos <7231.683594, 2.978604, 13690.809570> - islocked:true - password:45645645) initialized
15-19-3 | UH-60 Blackhawk - Budhawk (ownerId:369601190 - pos <5678.319336, 32.856178, 5256.315430> - islocked:true - password:54879586) new car claimed
15-19-3 | UH-60 Blackhawk - Budhawk (ownerId:369601190 - pos <5678.319336, 32.856178, 5256.315430> - islocked:true - password:54879586) initialized
16-11-47 | Olga 24 (ownerId:795695470 - pos <5671.769043, 33.056126, 5278.637207> - islocked:true - password:8031991) new car claimed
16-15-44 | LUAZ 969 rust (ownerId:127107249 - pos <6817.337891, 9.719419, 4401.420410> - islocked:true - password:12186270) new car claimed
17-5-10 | Olga 24 (ownerId:442990275 - pos <5374.931152, 2.910003, 7464.266113> - islocked:true - password:42014201) new car claimed
17-5-10 | Olga 24 (ownerId:442990275 - pos <5374.931152, 2.910003, 7464.266113> - islocked:true - password:42014201) initialized
17-5-45 | Olga 24 (ownerId:442990275 - pos <5374.941895, 2.586252, 7464.270020> - islocked:true - password:42014201) has been deleted
17-25-52 | MUSTANG Red (ownerId:407766611 - pos <9997.848633, 21.929039, 11025.096680> - islocked:false - password:-1) new car claimed
17-47-50 | MUSTANG Red (ownerId:262549311 - pos <9997.848633, 21.929039, 11025.096680> - islocked:true - password:24680000) new car claimed
17-52-56 | MUSTANG Red (ownerId:262549311 - pos <10109.043945, 21.829741, 10889.352539> - islocked:false - password:24680000) has been deleted
17-58-54 | Velociraptor6x6 Camo (ownerId:407766611 - pos <5619.673340, 28.743168, 5383.489746> - islocked:true - password:55555552) new car claimed
