Creation Time: 2023_5_4-18-1-10
18-1-10 | Robinson R22 Helicopter (ownerId:195214598 - pos <1189.234863, 56.231636, 10623.712891> - islocked:true - password:52528989) initialized
18-1-10 | Land Rover Defender 110 Green (ownerId:177737910 - pos <2550.604248, 57.004101, 9449.898438> - islocked:false - password:25792579) initialized
18-1-10 | Robinson R22 Helicopter (ownerId:940915030 - pos <9512.575195, 102.761208, 3733.148193> - islocked:true - password:11853737) initialized
18-1-10 | Sarka 120 (ownerId:405166905 - pos <10490.982422, 10.001154, 4277.311523> - islocked:false - password:19910111) initialized
18-1-10 | Ada 4x4 (ownerId:16874355 - pos <10732.898438, 90.320946, 6156.010254> - islocked:true - password:15795315) initialized
18-1-10 | Land Rover Defender 110 Red (ownerId:60592768 - pos <9561.738281, 4.179223, 5944.402344> - islocked:true - password:19651965) initialized
18-1-10 | M3S Covered (ownerId:965259563 - pos <5467.955078, 7.855026, 8578.822266> - islocked:true - password:72524299) initialized
18-1-10 | Sarka 120 (ownerId:980466132 - pos <6801.630371, 39.738655, 1801.161499> - islocked:true - password:22392239) initialized
18-1-10 | M3S Covered (ownerId:980466132 - pos <6795.375000, 40.007576, 1809.530273> - islocked:true - password:22392239) initialized
18-1-10 | MH-6M Little Bird - Camo (ownerId:62166080 - pos <6786.428223, 54.240791, 1834.988281> - islocked:true - password:22392239) initialized
18-1-10 | MBB Bo-105m Helicopter - blackcamo (ownerId:980466132 - pos <6765.912598, 54.744450, 1845.098877> - islocked:true - password:22392239) initialized
18-1-10 | Ka26 Hoodlum Helicopter (ownerId:980466132 - pos <6778.616699, 54.637421, 1849.730103> - islocked:true - password:22392239) initialized
18-1-10 | Olga 24 (ownerId:419387242 - pos <7056.514648, 45.007973, 2053.265137> - islocked:false - password:8995862) initialized
18-1-10 | Ada 4x4 (ownerId:419387242 - pos <7056.271484, 45.000397, 2056.960938> - islocked:false - password:8995862) initialized
18-1-10 | Olga 24 (ownerId:108250772 - pos <7113.927734, 37.535412, 2252.848633> - islocked:true - password:12345678) initialized
18-1-10 | Sarka 120 (ownerId:85319837 - pos <7574.907227, 24.190290, 3928.429199> - islocked:true - password:1111110) initialized
18-1-10 | Land Rover Defender 110 UN (ownerId:85319837 - pos <7572.665527, 24.168484, 3940.986328> - islocked:false - password:9151985) initialized
18-1-10 | Gunter 2 (ownerId:36527682 - pos <7189.166016, 1.594097, 5371.422852> - islocked:true - password:93991005) initialized
18-1-10 | Robinson R22 Helicopter - Black (ownerId:980466132 - pos <7347.331543, 101.076942, 6033.897461> - islocked:true - password:22392239) initialized
18-1-10 | Land Rover Defender 110 UN (ownerId:116364714 - pos <7696.226563, 37.402302, 6075.553223> - islocked:false - password:25082508) initialized
18-1-10 | M3S Covered (ownerId:944065078 - pos <7718.275879, 36.466999, 6089.899902> - islocked:false - password:25082508) initialized
18-1-10 | M3S Covered (ownerId:18558559 - pos <4029.557617, 23.258614, 4823.461914> - islocked:true - password:72066666) initialized
18-1-10 | Robinson R22 Helicopter - Black (ownerId:984346468 - pos <4728.883789, 12.292179, 4692.959961> - islocked:true - password:83898389) initialized
18-1-10 | Sarka 120 (ownerId:194642746 - pos <5445.601563, 5.324506, 4629.504883> - islocked:true - password:15474555) initialized
18-1-10 | Robinson R22 Helicopter - Black (ownerId:419387242 - pos <5662.044922, 33.949253, 5242.511230> - islocked:true - password:8995862) initialized
18-1-10 | Robinson R22 Helicopter (ownerId:71319946 - pos <5672.808594, 33.907433, 5245.416016> - islocked:true - password:19944991) initialized
18-1-10 | Sarka 120 (ownerId:944065078 - pos <5612.857422, 28.702808, 5357.410156> - islocked:true - password:25082508) initialized
18-1-10 | Land Rover Defender 110 Red (ownerId:6938606 - pos <5592.865723, 29.277290, 5385.634277> - islocked:true - password:20090909) initialized
18-1-10 | M3S Covered (ownerId:965259563 - pos <3771.238037, 5.576906, 2545.762695> - islocked:true - password:2061963) initialized
18-1-10 | Gunter 2 (ownerId:965259563 - pos <3730.659180, 5.683292, 2547.984863> - islocked:true - password:86753099) initialized
18-1-10 | Land Rover Defender 110 Red (ownerId:965259563 - pos <3730.508301, 6.048485, 2554.895264> - islocked:true - password:11367275) initialized
18-1-10 | Robinson R22 Helicopter (ownerId:965259563 - pos <3760.882324, 19.991440, 2594.415283> - islocked:true - password:11367275) initialized
18-1-10 | Olga 24 (ownerId:965259563 - pos <3736.758057, 5.627573, 2547.730225> - islocked:true - password:11367275) initialized
18-1-10 | Sarka 120 (ownerId:965259563 - pos <3742.510254, 6.240945, 2547.562012> - islocked:true - password:72524299) initialized
18-1-10 | Robinson R22 Helicopter (ownerId:839735782 - pos <7775.051270, 46.182571, 8131.031738> - islocked:true - password:1051997) initialized
18-1-10 | Mil Mi-2 Helicopter - Hornet (ownerId:965259563 - pos <3769.468018, 6.726131, 2491.805908> - islocked:true - password:11367275) initialized
18-1-10 | Land Rover Defender 110 Green (ownerId:62166080 - pos <7806.467773, 43.667217, 8081.580566> - islocked:false - password:22392239) initialized
18-1-10 | Robinson R22 Helicopter - Black (ownerId:132652049 - pos <4270.229980, 3.439751, 2517.687988> - islocked:true - password:9031783) initialized
18-1-10 | Land Rover Defender 110 Red (ownerId:132652049 - pos <4274.079590, 3.227643, 2511.625732> - islocked:true - password:9031783) initialized
18-1-10 | UH-60 Blackhawk - blackblackhawk (ownerId:195214598 - pos <3224.051514, 7.616046, 1721.942383> - islocked:true - password:52528989) initialized
18-1-10 | Land Rover Defender 110 Red (ownerId:980466132 - pos <7849.997559, 39.652126, 8045.439453> - islocked:true - password:22392239) initialized
19-19-4 | Land Rover Defender 110 Red (ownerId:839735782 - pos <7809.613770, 44.499847, 8101.530273> - islocked:true - password:1051997) new car claimed
21-1-55 | Robinson R22 Helicopter - Black (ownerId:132652049 - pos <3776.224854, -0.121828, 2460.536621> - islocked:false - password:9031783) has been deleted
21-35-51 | Land Rover Defender 110 Red (ownerId:69867734 - pos <4623.231445, 17.053469, 4410.587402> - islocked:true - password:69696969) new car claimed
