Creation Time: 2023_6_4-6-0-59
6-0-59 | MH-6M Little Bird - Desert (ownerId:132652049 - pos <10045.665039, 8.208423, 1098.988281> - islocked:false - password:13579246) initialized
6-0-59 | Robinson R22 Helicopter (ownerId:249230507 - pos <15721.625977, 39.984516, 4669.136719> - islocked:true - password:33333333) initialized
6-0-59 | Olga 24 (ownerId:442990275 - pos <11667.243164, 6.122775, 2074.085938> - islocked:true - password:42014201) initialized
6-0-59 | YAR_87 Camo2  (ownerId:34611550 - pos <2479.809326, 18.707211, 13963.034180> - islocked:true - password:19892004) initialized
6-0-59 | MH-6M Little Bird - Camo (ownerId:369601190 - pos <1588.420776, 10.481434, 9021.157227> - islocked:true - password:80081355) initialized
6-0-59 | Olga 24 (ownerId:442990275 - pos <1974.361816, 10.094161, 8857.602539> - islocked:true - password:42014201) initialized
6-0-59 | LUAZ 969 black (ownerId:88929178 - pos <4142.233398, 4.172173, 4201.198242> - islocked:true - password:371400) initialized
6-0-59 | UAZ_2315 Red (ownerId:405166905 - pos <3412.391602, 19.420670, 4543.569336> - islocked:true - password:1111991) initialized
6-0-59 | MOSKVICH 2140 (ownerId:137318436 - pos <4304.500488, 3.855568, 4680.525391> - islocked:true - password:20090909) initialized
6-0-59 | STR_EGER_name (ownerId:980466132 - pos <3688.976563, 12.082476, 9772.874023> - islocked:true - password:22392239) initialized
6-0-59 | Sarka 120 (ownerId:144736642 - pos <7340.156250, 7.426173, 8406.083984> - islocked:true - password:41941941) initialized
6-0-59 | Jeep Wrangler black  (ownerId:308099129 - pos <3929.318359, 12.055122, 7918.307129> - islocked:true - password:9131988) initialized
6-0-59 | Jeep Wrangler Blue (ownerId:34611550 - pos <4246.239258, 21.212746, 7292.730957> - islocked:true - password:19892004) initialized
6-0-59 | MH-6M Little Bird (ownerId:34611550 - pos <4271.984863, 21.744884, 7303.545410> - islocked:true - password:19892004) initialized
6-0-59 | Olga 24 (ownerId:86564395 - pos <4547.627930, 27.188730, 7863.291992> - islocked:true - password:59005900) initialized
6-0-59 | Olga 24 (ownerId:416867315 - pos <5378.852051, 74.598740, 3968.254395> - islocked:true - password:19993420) initialized
6-0-59 | MOSKVICH 2140 (ownerId:54276291 - pos <5440.607910, 6.836855, 4639.793457> - islocked:true - password:12348262) initialized
6-0-59 | Olga 24 (ownerId:501895347 - pos <5601.798340, 29.374241, 5348.817383> - islocked:true - password:42775920) initialized
6-0-59 | Jeep Wrangler (ownerId:944065078 - pos <5667.188477, 29.417088, 5339.477051> - islocked:false - password:97319731) initialized
6-0-59 | SCOUT Black (ownerId:442990275 - pos <5681.517578, 33.752579, 5273.711426> - islocked:true - password:42014201) initialized
6-0-59 | Audi RS6 (ownerId:85319837 - pos <5681.896484, 33.506783, 5242.673828> - islocked:true - password:1111110) initialized
6-0-59 | Ada 4x4 (ownerId:839735782 - pos <5860.714355, 44.856007, 4895.188477> - islocked:true - password:1051997) initialized
6-0-59 | MOSKVICH 2140 (ownerId:288122462 - pos <6883.863281, 34.121445, 5878.004883> - islocked:true - password:12321123) initialized
6-0-59 | LUAZ 969 black (ownerId:36527682 - pos <7718.376953, 36.262550, 6068.660645> - islocked:true - password:93991005) initialized
6-0-59 | ToyotaHilux White (ownerId:60592768 - pos <9561.148438, 4.352690, 5944.464355> - islocked:true - password:19651965) initialized
10-51-4 | Olga 24 (ownerId:442990275 - pos <11667.410156, 5.510193, 2074.254150> - islocked:false - password:42014201) has been deleted
11-23-20 | M3S Covered (ownerId:86564395 - pos <7375.704102, 2.713840, 1440.569946> - islocked:true - password:59005900) new car claimed
11-43-42 | M3S Covered (ownerId:86564395 - pos <7375.705078, 2.752336, 1440.579590> - islocked:false - password:59005900) has been deleted
