Creation Time: 2023_4_11-18-0-52
18-0-52 | Olga 24 (ownerId:965259563 - pos <6035.172363, 5.867783, 14995.449219> - islocked:true - password:11367275) initialized
18-0-52 | MH-6M Little Bird - Desert (ownerId:62166080 - pos <11315.043945, 1.726068, 10937.596680> - islocked:false - password:22392239) initialized
18-0-52 | M3S Covered (ownerId:965259563 - pos <10084.875000, 21.691584, 10859.802734> - islocked:true - password:11367275) initialized
18-0-52 | Robinson R22 Helicopter (ownerId:940915030 - pos <9512.575195, 102.761200, 3733.148193> - islocked:true - password:11853737) initialized
18-0-52 | Sarka 120 (ownerId:940915030 - pos <9511.229492, 102.703011, 3751.685303> - islocked:true - password:11853737) initialized
18-0-52 | Robinson R22 Helicopter - Black (ownerId:108250772 - pos <8696.025391, 2.231342, 5545.102539> - islocked:false - password:14789632) initialized
18-0-52 | Robinson R22 Helicopter - Red (ownerId:71319946 - pos <10201.190430, 27.495447, 7947.954590> - islocked:false - password:19944991) initialized
18-0-52 | M3S Covered (ownerId:67657702 - pos <10219.413086, 20.391825, 7930.057617> - islocked:true - password:19944991) initialized
18-0-52 | Sarka 120 (ownerId:67657702 - pos <5909.770508, 1.367172, 8396.567383> - islocked:true - password:19944991) initialized
18-0-52 | M3S Covered (ownerId:62166080 - pos <6796.281250, 39.129272, 1809.294189> - islocked:true - password:22392239) initialized
18-0-52 | Olga 24 (ownerId:62166080 - pos <6800.039551, 39.125366, 1803.331177> - islocked:false - password:22392239) initialized
18-0-52 | Ada 4x4 (ownerId:980466132 - pos <6795.198730, 39.193409, 1804.034180> - islocked:true - password:22392239) initialized
18-0-52 | UH-60 Blackhawk Cargo (ownerId:980466132 - pos <6789.833008, 39.259403, 1855.992920> - islocked:false - password:22392239) initialized
18-0-52 | Gunter 2 (ownerId:965259563 - pos <3752.477539, 5.663762, 2572.406250> - islocked:true - password:11367275) initialized
18-0-52 | Robinson R22 Helicopter (ownerId:965259563 - pos <4428.257324, 6.180545, 2904.960693> - islocked:true - password:11367275) initialized
18-0-52 | UH-60 Blackhawk - Woodland (ownerId:85319837 - pos <3985.975342, 16.854155, 3474.664307> - islocked:true - password:1111110) initialized
18-0-52 | Robinson R22 Helicopter (ownerId:195214598 - pos <5656.543457, 29.361204, 5419.658691> - islocked:true - password:52528989) initialized
18-0-52 | Olga 24 (ownerId:288122462 - pos <5600.262207, 29.332043, 5349.435547> - islocked:true - password:12011152) initialized
18-0-52 | Gunter 2 (ownerId:85319837 - pos <5599.242676, 28.802647, 5346.803223> - islocked:true - password:1111110) initialized
18-0-52 | Olga 24 (ownerId:195214598 - pos <5644.248047, 28.397160, 5433.727539> - islocked:true - password:52898989) initialized
18-0-52 | M3S Covered (ownerId:108250772 - pos <5629.740234, 29.560871, 5420.347656> - islocked:true - password:78945612) initialized
18-0-52 | Sarka 120 (ownerId:980466132 - pos <4070.944580, 34.516029, 7502.389648> - islocked:true - password:22392239) initialized
18-0-52 | Robinson R22 Helicopter - Black (ownerId:980466132 - pos <7345.518066, 101.076889, 6033.942871> - islocked:true - password:22392239) initialized
18-52-31 | Sarka 120 (ownerId:980466132 - pos <8342.631836, 5.106020, 9117.704102> - islocked:true - password:22392239) new car claimed
20-3-27 | Sarka 120 (ownerId:980466132 - pos <7543.339844, 4.822922, 8781.785156> - islocked:false - password:22392239) has been deleted
22-3-29 | Bell 429 Helicopter - Zombie Slayer (ownerId:195214598 - pos <5676.161621, 32.758106, 5252.860840> - islocked:true - password:52528989) new car claimed
22-35-27 | Bell 429 Helicopter - Zombie Slayer (ownerId:195214598 - pos <5676.161133, 32.754211, 5252.862305> - islocked:true - password:52528989) has been deleted
22-48-16 | UH-60 Blackhawk - blackblackhawk (ownerId:195214598 - pos <5670.389160, 33.350422, 5239.547363> - islocked:true - password:89895252) new car claimed
23-25-29 | UH-60 Blackhawk - blackblackhawk (ownerId:71319946 - pos <5658.458984, 33.493305, 5232.991699> - islocked:true - password:19944991) new car claimed
23-36-15 | Robinson R22 Helicopter - Red (ownerId:71319946 - pos <5619.012695, 28.763474, 5405.678223> - islocked:false - password:19944991) has been deleted
23-59-19 | Gunter 2 (ownerId:85319837 - pos <5659.732422, 32.422810, 5261.849609> - islocked:false - password:1111110) has been deleted
