Creation Time: 2023_7_29-7-10-38
7-10-38 | Oshkosh grey (ownerId:64819467 - pos <4245.042969, 21.536226, 7274.151367> - islocked:true - password:7101993) initialized
7-10-38 | BMW X5 Black (ownerId:215888376 - pos <4252.196777, 21.092596, 7299.462402> - islocked:true - password:7101993) initialized
7-10-38 | Toyota Land Cruiser 200 Camo (ownerId:119311623 - pos <4246.871094, 21.187664, 7294.257324> - islocked:true - password:7101993) initialized
7-10-38 | Nissan warrior Camo (ownerId:119311623 - pos <4249.303711, 21.283245, 7296.419434> - islocked:true - password:7101993) initialized
7-10-38 | UH-60 Blackhawk - blackblackhawk (ownerId:447071218 - pos <4341.193359, 29.657452, 6709.217773> - islocked:true - password:15148636) initialized
7-10-38 | MH-6M Little Bird (ownerId:442990275 - pos <4040.133545, 32.722244, 15523.883789> - islocked:false - password:37579090) initialized
7-10-38 | Gunter 2 (ownerId:218588421 - pos <3805.916260, 6.893429, 5906.643066> - islocked:true - password:3081984) initialized
7-10-38 | Robinson R22 Helicopter - Black (ownerId:521855408 - pos <9269.457031, 32.571381, 5313.591309> - islocked:true - password:9102021) initialized
7-10-38 | Toyota Land Cruiser 200 Camo2  (ownerId:24259541 - pos <7849.570801, 3.368860, 3841.101074> - islocked:true - password:17500720) initialized
7-10-38 | Velociraptor6x6 Camo2  (ownerId:262549311 - pos <7553.234863, 24.415604, 3926.437012> - islocked:true - password:24680000) initialized
7-10-38 | Offroad Range Rover Yellow  (ownerId:103808025 - pos <7264.238281, 602.155884, 11730.521484> - islocked:true - password:55677777) initialized
7-10-38 | MH-6M Little Bird (ownerId:17954802 - pos <3791.949951, 19.067055, 2581.704834> - islocked:true - password:20090909) initialized
7-10-38 | UAZ_2315 (ownerId:17954802 - pos <3775.152832, 6.441480, 2587.483154> - islocked:true - password:20090909) initialized
7-10-38 | STR_Camaro_Nest_name (ownerId:60592768 - pos <3246.728516, 3.116041, 1751.048828> - islocked:true - password:13121312) initialized
7-10-38 | UAZ 3909 Police (ownerId:60592768 - pos <3231.802002, 3.497946, 1732.128052> - islocked:true - password:13121312) initialized
7-10-38 | Offroad Range Rover police  (ownerId:60592768 - pos <3237.812988, 3.228037, 1733.255127> - islocked:true - password:13121312) initialized
7-10-38 | Olga 24 (ownerId:40055959 - pos <8923.626953, 5.862721, 10450.835938> - islocked:true - password:19711971) initialized
7-10-38 | UAZ469 (ownerId:40055959 - pos <8935.064453, 6.384639, 10443.116211> - islocked:true - password:19711971) initialized
7-10-38 | Sarka 120 (ownerId:40055959 - pos <8928.980469, 5.850972, 10450.778320> - islocked:true - password:19711971) initialized
7-10-38 | MH-6M Little Bird - Camo (ownerId:197257182 - pos <3947.068848, 36.709953, 4814.137695> - islocked:true - password:48151623) initialized
7-10-38 | Gaz 71 Black (ownerId:119248354 - pos <3962.044922, 25.741259, 4838.345215> - islocked:true - password:11082007) initialized
7-10-38 | STR_EGER_GreenCamo_name (ownerId:197257182 - pos <3979.530762, 25.917406, 4834.992188> - islocked:true - password:48151623) initialized
7-10-38 |  Novator Flecktarn (ownerId:93344906 - pos <3982.684082, 25.738464, 4839.146484> - islocked:true - password:29292900) initialized
7-10-38 | Oshkosh (ownerId:197257182 - pos <3969.651123, 25.848602, 4840.182129> - islocked:true - password:48151623) initialized
7-10-38 | UAZ 3909 Beige (ownerId:795695470 - pos <5468.091309, 15.597899, 4924.886719> - islocked:true - password:8031991) initialized
7-10-38 | Ada 4x4 (ownerId:369601190 - pos <5474.475098, 15.605552, 4931.196289> - islocked:true - password:42014201) initialized
7-10-38 | BMW lightgreen (ownerId:407766611 - pos <6050.001953, 12.794436, 4957.398438> - islocked:true - password:80081355) initialized
7-10-38 | BMW black (ownerId:407766611 - pos <6045.813965, 12.806592, 4956.924316> - islocked:true - password:80081355) initialized
7-10-38 | BMW X5 White  (ownerId:407766611 - pos <6061.447266, 12.869501, 4955.029297> - islocked:true - password:80081355) initialized
7-10-38 | Olga 24 (ownerId:407766611 - pos <6037.345703, 13.055611, 4954.377930> - islocked:true - password:80081355) initialized
7-10-38 | Chevrolet Corvette (ownerId:407766611 - pos <6000.451172, 13.610810, 4982.084473> - islocked:true - password:55252252) initialized
7-10-38 | STR_Camaro_Sibirs_name (ownerId:407766611 - pos <5983.154785, 13.828954, 4983.387207> - islocked:true - password:55555552) initialized
7-10-38 | MUSTANG white (ownerId:407766611 - pos <5999.725098, 14.013289, 4970.766113> - islocked:true - password:55252252) initialized
7-10-38 | Velociraptor6x6 Camo2  (ownerId:407766611 - pos <5983.995117, 14.216502, 4965.224121> - islocked:true - password:80081355) initialized
7-10-38 | Gelenvagen carbon (ownerId:407766611 - pos <5987.045410, 14.379900, 4969.809570> - islocked:true - password:80081355) initialized
7-10-38 | Velociraptor6x6 Camo (ownerId:407766611 - pos <5977.549316, 14.299559, 4972.378418> - islocked:true - password:80081355) initialized
7-10-38 | Bell 429 Helicopter - Police (ownerId:407766611 - pos <5666.900391, 34.338631, 5238.553223> - islocked:true - password:78978978) initialized
7-10-38 | Bell 429 Helicopter - Medic (ownerId:407766611 - pos <5655.312988, 34.345142, 5248.177246> - islocked:true - password:78978978) initialized
7-10-38 | Jeep Wrangler Camo (ownerId:526094573 - pos <5657.599609, 33.232059, 5280.386230> - islocked:true - password:11025255) initialized
7-10-38 | STR_Camaro_Veter_name (ownerId:88929178 - pos <7719.934570, 6.170794, 6786.017090> - islocked:true - password:371400) initialized
7-10-38 | MH-6M Little Bird - Camo (ownerId:88929178 - pos <7720.086914, 13.613595, 6788.978516> - islocked:true - password:371400) initialized
7-10-38 | Toyota Land Cruiser 200 Camo2  (ownerId:88929178 - pos <7728.020020, 6.374517, 6790.578613> - islocked:true - password:371400) initialized
7-10-38 | Mercedes-Benz W140 Blue (ownerId:88929178 - pos <7725.358887, 6.166997, 6795.729980> - islocked:true - password:371400) initialized
7-10-38 | MOSKVICH 2140 (ownerId:882346394 - pos <6662.094727, 15.562327, 6318.888184> - islocked:true - password:42091103) initialized
7-10-38 | STR_EGER_GreenCamo_name (ownerId:523991778 - pos <6473.370117, 26.209621, 8384.214844> - islocked:true - password:22392239) initialized
7-10-38 | Olga 24 (ownerId:511479797 - pos <1755.022461, 9.788734, 8921.340820> - islocked:true - password:27181500) initialized
7-10-38 | MH-6M Little Bird - Camo (ownerId:447071218 - pos <1750.888184, 19.754770, 8927.183594> - islocked:true - password:15148636) initialized
7-10-38 | UH-60 Blackhawk - Budhawk (ownerId:511479797 - pos <1739.607056, 20.607357, 8910.564453> - islocked:true - password:27181500) initialized
7-10-38 | BMW (ownerId:442990275 - pos <1991.412720, 10.028553, 9032.136719> - islocked:false - password:42014201) initialized
7-10-38 | LUAZ 969 (ownerId:75086644 - pos <2135.371582, 14.966350, 9181.180664> - islocked:true - password:10182009) initialized
7-10-38 | MH-6M Little Bird - Camo (ownerId:132652049 - pos <1992.720947, 45.808277, 9015.301758> - islocked:true - password:9021997) initialized
7-10-38 | UH-60 Blackhawk Cargo (ownerId:119248354 - pos <2000.010620, 45.147614, 9025.759766> - islocked:false - password:11082007) initialized
7-10-38 | ToyotaHilux White (ownerId:511479797 - pos <2001.150391, 9.921204, 8911.297852> - islocked:true - password:27181500) initialized
7-10-38 | Gunter 2 (ownerId:48698262 - pos <5640.954102, 28.931458, 5323.257324> - islocked:true - password:48151623) initialized
7-10-38 | Olga 24 (ownerId:327529037 - pos <5613.632813, 29.323999, 5348.238281> - islocked:true - password:29292900) initialized
7-10-38 | MUSTANG Red (ownerId:369601190 - pos <5642.659180, 29.258650, 5372.546875> - islocked:true - password:42069420) initialized
7-10-38 | Opel Astra Chrome (ownerId:127107249 - pos <5656.928223, 28.955326, 5382.028320> - islocked:true - password:12186270) initialized
7-10-38 | LUAZ 969 red (ownerId:405166905 - pos <5645.631348, 28.382656, 5434.257813> - islocked:true - password:11111111) initialized
8-55-5 | Olga 24 (ownerId:40055959 - pos <8937.448242, 5.117779, 8836.614258> - islocked:true - password:19711971) new car claimed
9-10-41 | MH-6M Little Bird - Camo (ownerId:447071218 - pos <1750.914185, 18.387917, 8927.166992> - islocked:false - password:15148636) has been deleted
9-11-4 | Sarka 120 (ownerId:40055959 - pos <8928.980469, 5.851001, 10450.780273> - islocked:true - password:-1) new car claimed
9-24-8 | Olga 24 (ownerId:511479797 - pos <1754.896851, 9.177779, 8921.134766> - islocked:false - password:27181500) has been deleted
