Creation Time: 2023_7_22-6-0-56
6-0-56 | STR_Camaro_Nest_name (ownerId:60592768 - pos <3246.135010, 3.116042, 1750.852661> - islocked:true - password:13121312) initialized
6-0-56 | UAZ 3909 Police (ownerId:60592768 - pos <3231.809814, 3.497940, 1732.096680> - islocked:true - password:13121312) initialized
6-0-56 | BMW X5 Flecktarn (ownerId:53415379 - pos <9754.820313, 12.909616, 10787.258789> - islocked:true - password:7101993) initialized
6-0-56 | UAZ469 (ownerId:40055959 - pos <8929.392578, 6.384640, 10450.890625> - islocked:true - password:19711971) initialized
6-0-56 | Offroad Range Rover Yellow  (ownerId:103808025 - pos <6410.423340, 68.792801, 9555.020508> - islocked:true - password:55677777) initialized
6-0-56 | LUAZ 969 red (ownerId:405166905 - pos <5356.917969, 35.382145, 641.903687> - islocked:true - password:11111111) initialized
6-0-56 | SCOUT Black (ownerId:442990275 - pos <2004.559937, 9.957123, 9029.840820> - islocked:true - password:37579090) initialized
6-0-56 | STR_EGER_GreenCamo_name (ownerId:197257182 - pos <2802.366943, 69.987404, 4663.773926> - islocked:true - password:48151623) initialized
6-0-56 |  Novator Flecktarn (ownerId:48698262 - pos <2795.422363, 69.814308, 4663.095215> - islocked:true - password:48151623) initialized
6-0-56 | Oshkosh (ownerId:197257182 - pos <2799.505371, 69.918602, 4663.191895> - islocked:true - password:48151623) initialized
6-0-56 | Gaz 71 Black (ownerId:119248354 - pos <2782.144287, 69.946205, 4692.520996> - islocked:true - password:11082007) initialized
6-0-56 | Nissan warrior Camo (ownerId:119311623 - pos <4249.212891, 21.283245, 7298.089355> - islocked:true - password:7101993) initialized
6-0-56 | Oshkosh grey (ownerId:64819467 - pos <4276.377441, 21.358583, 7272.564453> - islocked:true - password:7101993) initialized
6-0-56 | Toyota Land Cruiser 200 Camo (ownerId:119311623 - pos <4267.058594, 21.009989, 7262.595215> - islocked:false - password:7101993) initialized
6-0-56 | ToyotaHilux rust (ownerId:526094573 - pos <3590.746338, 10.953334, 3409.767578> - islocked:true - password:11012255) initialized
6-0-56 | Gunter 2 (ownerId:218588421 - pos <3803.641846, 7.103640, 5908.034668> - islocked:true - password:3081984) initialized
6-0-56 | Chevrolet Corvette kamo (ownerId:89279995 - pos <5612.964355, 29.188238, 5347.409668> - islocked:true - password:20090909) initialized
6-0-56 | LUAZ 969 rust (ownerId:127107249 - pos <5606.220703, 29.413748, 5348.939941> - islocked:false - password:12186270) initialized
6-0-56 | UAZ 3909 Beige (ownerId:795695470 - pos <5623.719238, 29.498167, 5350.631836> - islocked:true - password:8031991) initialized
6-0-56 | MH-6M Little Bird - Camo (ownerId:119248354 - pos <5626.551270, 30.092609, 5376.721680> - islocked:true - password:48151623) initialized
6-0-56 | Opel Astra Chrome (ownerId:127107249 - pos <5657.260254, 28.837479, 5380.114258> - islocked:true - password:12186270) initialized
6-0-56 | Velociraptor6x6 Camo (ownerId:407766611 - pos <5617.015137, 29.525606, 5384.517578> - islocked:true - password:55555552) initialized
6-0-56 | MH-6M Little Bird - Camo (ownerId:132652049 - pos <5677.182617, 30.092627, 5390.803223> - islocked:true - password:9021997) initialized
6-0-56 | Velociraptor6x6 Camo2  (ownerId:407766611 - pos <5622.041016, 29.525600, 5388.284668> - islocked:true - password:55555552) initialized
6-0-56 | Gunter 2 (ownerId:48698262 - pos <5640.079590, 28.870588, 5330.503906> - islocked:true - password:48151623) initialized
6-0-56 | Ada 4x4 (ownerId:369601190 - pos <5668.550781, 29.263819, 5470.107422> - islocked:true - password:42014201) initialized
6-0-56 | Olga 24 (ownerId:795695470 - pos <5671.737305, 33.609184, 5277.909668> - islocked:true - password:8031991) initialized
6-0-56 | PONTIAC (rust) (ownerId:119248354 - pos <5676.914063, 33.593880, 5273.413574> - islocked:true - password:22940000) initialized
6-0-56 | ToyotaHilux rust (ownerId:407766611 - pos <5642.187500, 34.851685, 5232.143555> - islocked:true - password:55889789) initialized
6-0-56 | MH-6M Little Bird - Camo (ownerId:523450192 - pos <5891.183594, 41.853745, 5228.957031> - islocked:true - password:22392239) initialized
6-0-56 | Jeep Wrangler green  (ownerId:523450192 - pos <5904.578125, 37.192169, 5221.490723> - islocked:true - password:22392239) initialized
6-0-56 | STR_EGER_GreenCamo_name (ownerId:523991778 - pos <5898.477539, 37.082760, 5221.344727> - islocked:true - password:22392239) initialized
6-0-56 | MOSKVICH 2140 (ownerId:882346394 - pos <6662.088867, 15.562316, 6318.776367> - islocked:true - password:42091103) initialized
6-0-56 | Offroad Range Rover police  (ownerId:60592768 - pos <6071.671387, 33.522224, 6949.636230> - islocked:true - password:13121312) initialized
6-0-56 | Velociraptor6x6 Camo2  (ownerId:262549311 - pos <7191.387695, 61.689899, 5885.651855> - islocked:true - password:24680000) initialized
6-0-56 | BMW (ownerId:442990275 - pos <3961.699219, 25.289436, 4858.007324> - islocked:true - password:42014201) initialized
6-0-56 | UAZ_2315 (ownerId:442990275 - pos <3960.855713, 25.494827, 4850.236328> - islocked:true - password:42014201) initialized
6-0-56 | MH-6M Little Bird - Camo (ownerId:88929178 - pos <4424.291016, 12.575537, 4603.776855> - islocked:true - password:371400) initialized
6-0-56 | Mercedes-Benz W140 Blue (ownerId:88929178 - pos <4425.843262, 6.630312, 4607.331543> - islocked:true - password:371400) initialized
6-0-56 | UAZ HUNTER (ownerId:447071218 - pos <5679.997559, 33.661251, 5246.693848> - islocked:false - password:15148636) initialized
