Creation Time: 2023_7_26-12-0-54
12-0-54 | Toyota Land Cruiser 200 Camo2  (ownerId:24259541 - pos <7857.536621, 3.288876, 3839.367432> - islocked:true - password:17500720) initialized
12-0-54 | Offroad Range Rover police  (ownerId:60592768 - pos <3240.920898, 3.228037, 1718.943604> - islocked:true - password:13121312) initialized
12-0-54 | UAZ 3909 Police (ownerId:60592768 - pos <3231.893555, 3.497940, 1731.676758> - islocked:true - password:13121312) initialized
12-0-54 | STR_Camaro_Nest_name (ownerId:60592768 - pos <3246.334229, 3.116042, 1751.297852> - islocked:true - password:13121312) initialized
12-0-54 | Olga 24 (ownerId:511479797 - pos <1742.366577, 9.988531, 8908.454102> - islocked:true - password:27181500) initialized
12-0-54 | UAZ HUNTER (ownerId:447071218 - pos <1734.073608, 10.074715, 8910.608398> - islocked:true - password:15148636) initialized
12-0-54 | UH-60 Blackhawk - Budhawk (ownerId:511479797 - pos <1780.583984, 10.200727, 8929.366211> - islocked:true - password:27181500) initialized
12-0-54 | HAMMER_H1 (ownerId:965259563 - pos <1962.525024, 9.924916, 9065.128906> - islocked:true - password:54146888) initialized
12-0-54 | Sarka 120 (ownerId:442990275 - pos <1991.244507, 10.260299, 9032.504883> - islocked:true - password:42014201) initialized
12-0-54 | LUAZ 969 (ownerId:75086644 - pos <2135.371338, 14.966347, 9181.180664> - islocked:true - password:10182009) initialized
12-0-54 | UH-60 Blackhawk Cargo (ownerId:119248354 - pos <2000.019165, 45.147617, 9025.759766> - islocked:false - password:11082007) initialized
12-0-54 | MH-6M Little Bird - Camo (ownerId:132652049 - pos <1992.332886, 45.808281, 9015.568359> - islocked:true - password:9021997) initialized
12-0-54 | Oshkosh (ownerId:197257182 - pos <2799.406738, 69.918594, 4663.852539> - islocked:true - password:48151623) initialized
12-0-54 | Offroad Range Rover Yellow  (ownerId:103808025 - pos <7264.238281, 602.155823, 11730.521484> - islocked:true - password:55677777) initialized
12-0-54 | Toyota Land Cruiser 200 Camo2  (ownerId:88929178 - pos <7728.020020, 6.374517, 6790.578125> - islocked:true - password:371400) initialized
12-0-54 | STR_Camaro_Veter_name (ownerId:88929178 - pos <7719.932129, 6.170793, 6786.016602> - islocked:true - password:371400) initialized
12-0-54 | Mercedes-Benz W140 Blue (ownerId:88929178 - pos <7725.359375, 6.166997, 6795.730469> - islocked:true - password:371400) initialized
12-0-54 | MH-6M Little Bird - Camo (ownerId:88929178 - pos <7720.086914, 13.613598, 6788.978516> - islocked:true - password:371400) initialized
12-0-54 | Nissan warrior Camo (ownerId:119311623 - pos <4252.936523, 21.283245, 7298.988770> - islocked:true - password:7101993) initialized
12-0-54 | BMW X5 Black (ownerId:215888376 - pos <4249.638672, 21.092594, 7297.039551> - islocked:true - password:7101993) initialized
12-0-54 | Toyota Land Cruiser 200 Camo (ownerId:119311623 - pos <4246.875488, 21.187662, 7294.261719> - islocked:true - password:7101993) initialized
12-0-54 | Oshkosh grey (ownerId:64819467 - pos <4245.042480, 21.536226, 7274.150879> - islocked:true - password:7101993) initialized
12-0-54 | LUAZ 969 red (ownerId:405166905 - pos <4802.159668, 18.572525, 7577.117676> - islocked:true - password:11111111) initialized
12-0-54 | Sarka 120 (ownerId:89279995 - pos <7738.920898, 15.235874, 9810.031250> - islocked:true - password:20090909) initialized
12-0-54 | Olga 24 (ownerId:40055959 - pos <8923.685547, 5.862720, 10450.643555> - islocked:true - password:19711971) initialized
12-0-54 | Ada 4x4 (ownerId:40055959 - pos <8928.569336, 5.915650, 10450.500977> - islocked:true - password:19711971) initialized
12-0-54 | UAZ469 (ownerId:40055959 - pos <8935.064453, 6.384639, 10443.116211> - islocked:true - password:19711971) initialized
12-0-54 | MH-6M Little Bird - Camo (ownerId:447071218 - pos <5617.729980, 30.092634, 5358.572266> - islocked:true - password:15148636) initialized
12-0-54 | UAZ_2315 (ownerId:89279995 - pos <5602.514160, 29.352440, 5349.403320> - islocked:true - password:20090909) initialized
12-0-54 | PONTIAC (rust) (ownerId:6938606 - pos <5623.875977, 29.435257, 5350.713379> - islocked:true - password:20090909) initialized
12-0-54 | Opel Astra Chrome (ownerId:127107249 - pos <5656.833496, 28.954672, 5381.954102> - islocked:true - password:12186270) initialized
12-0-54 | Gunter 2 (ownerId:48698262 - pos <5640.136230, 28.878901, 5330.786621> - islocked:false - password:48151623) initialized
12-0-54 | ToyotaHilux White (ownerId:511479797 - pos <5637.939453, 27.893526, 5445.568848> - islocked:true - password:27181500) initialized
12-0-54 | Romani4 (ownerId:407766611 - pos <10009.803711, 21.553768, 12428.003906> - islocked:true - password:80081355) initialized
12-0-54 | STR_Camaro_Sibirs_name (ownerId:407766611 - pos <5480.655273, 15.164762, 4976.340820> - islocked:true - password:55555552) initialized
12-0-54 | Ada 4x4 (ownerId:369601190 - pos <5474.475586, 15.605934, 4931.196289> - islocked:true - password:42014201) initialized
12-0-54 | UAZ 3909 Beige (ownerId:795695470 - pos <5468.116211, 15.597900, 4925.078125> - islocked:true - password:8031991) initialized
12-0-54 | MH-6M Little Bird - Camo (ownerId:523450192 - pos <5890.479492, 41.853706, 5228.574707> - islocked:true - password:22392239) initialized
12-0-54 | Gelenvagen white_camo2 (ownerId:523450192 - pos <5893.693848, 36.753712, 5222.082520> - islocked:true - password:22392239) initialized
12-0-54 | STR_EGER_GreenCamo_name (ownerId:523991778 - pos <5897.905273, 37.048115, 5224.135742> - islocked:true - password:22392239) initialized
12-0-54 | Sarka 120 (ownerId:59719645 - pos <5990.692383, 26.225857, 4794.594238> - islocked:true - password:11257611) initialized
12-0-54 | Robinson R22 Helicopter - Black (ownerId:521855408 - pos <5649.187012, 34.011799, 5246.353516> - islocked:true - password:9102021) initialized
12-0-54 | MH-6M Little Bird (ownerId:89279995 - pos <5662.363281, 34.592609, 5241.779785> - islocked:true - password:20090909) initialized
12-0-54 | MH-6M Little Bird (ownerId:442990275 - pos <5666.689453, 34.579842, 5227.390625> - islocked:true - password:37579090) initialized
12-0-54 | Jeep Wrangler Camo (ownerId:526094573 - pos <5695.989746, 31.555634, 5231.927246> - islocked:true - password:11025255) initialized
12-0-54 | MH-6M Little Bird - Camo (ownerId:197257182 - pos <3945.383301, 36.709953, 4809.374023> - islocked:true - password:48151623) initialized
12-0-54 | Robinson R22 Helicopter - Black (ownerId:197257182 - pos <3941.476318, 35.978527, 4819.010742> - islocked:true - password:48151623) initialized
12-0-54 | Gaz 71 Black (ownerId:119248354 - pos <3961.902588, 25.741262, 4837.951660> - islocked:false - password:11082007) initialized
12-0-54 | STR_EGER_GreenCamo_name (ownerId:197257182 - pos <3979.137695, 25.917406, 4834.974121> - islocked:true - password:48151623) initialized
12-0-54 |  Novator Flecktarn (ownerId:93344906 - pos <3981.621582, 25.744305, 4838.098145> - islocked:false - password:29292900) initialized
12-0-54 | Olga 24 (ownerId:327529037 - pos <3982.311035, 25.518730, 4830.125977> - islocked:true - password:29292900) initialized
12-0-54 | Velociraptor6x6 Camo2  (ownerId:262549311 - pos <7192.799316, 61.652493, 5886.410645> - islocked:true - password:24680000) initialized
12-0-54 | MOSKVICH 2140 (ownerId:882346394 - pos <6661.078125, 15.562320, 6320.576660> - islocked:true - password:42091103) initialized
12-0-54 | Velociraptor6x6 Camo2  (ownerId:407766611 - pos <9992.777344, 22.684904, 11025.114258> - islocked:true - password:55555552) initialized
12-0-54 | Velociraptor6x6 Camo (ownerId:407766611 - pos <9999.925781, 22.684904, 11024.580078> - islocked:true - password:55555552) initialized
12-0-54 | Gunter 2 (ownerId:218588421 - pos <3806.031250, 6.883888, 5906.619141> - islocked:true - password:3081984) initialized
12-5-3 | Sarka 120 (ownerId:59719645 - pos <5990.675781, 25.591785, 4794.429688> - islocked:true - password:11257611) has been deleted
12-39-31 | Sarka 120 (ownerId:59719645 - pos <5723.330566, 26.793566, 5214.548828> - islocked:true - password:11257611) new car claimed
12-39-31 | Sarka 120 (ownerId:59719645 - pos <5723.330566, 26.786905, 5214.548828> - islocked:true - password:11257611) initialized
12-46-23 | Sarka 120 (ownerId:59719645 - pos <5984.375000, 27.177740, 4802.651855> - islocked:false - password:11257611) has been deleted
16-12-11 | Olga 24 (ownerId:442990275 - pos <5598.812012, 29.010023, 5360.388184> - islocked:true - password:42014201) new car claimed
16-12-11 | Olga 24 (ownerId:442990275 - pos <5598.812012, 29.003370, 5360.388184> - islocked:true - password:42014201) initialized
16-16-14 | Olga 24 (ownerId:442990275 - pos <5623.504395, 28.697773, 5364.342285> - islocked:false - password:42014201) has been deleted
16-25-29 | Oshkosh (ownerId:197257182 - pos <2799.399170, 69.003723, 4663.989746> - islocked:false - password:48151623) has been deleted
16-29-36 | Oshkosh (ownerId:197257182 - pos <3969.500244, 25.219999, 4840.568848> - islocked:true - password:48151623) new car claimed
16-29-36 | Oshkosh (ownerId:197257182 - pos <3969.500488, 25.214088, 4840.549805> - islocked:true - password:48151623) initialized
16-38-8 | BMW (ownerId:369601190 - pos <4149.033203, 3.731591, 4306.649414> - islocked:true - password:80081355) new car claimed
16-38-45 | BMW (ownerId:369601190 - pos <4149.033203, 3.731591, 4306.649414> - islocked:false - password:80081355) has been deleted
16-40-56 | ToyotaHilux Blue (ownerId:369601190 - pos <4199.656738, 3.891264, 4243.476074> - islocked:true - password:80081355) new car claimed
16-40-56 | ToyotaHilux Blue (ownerId:369601190 - pos <4199.656738, 3.891264, 4243.476074> - islocked:true - password:80081355) initialized
16-42-50 | ToyotaHilux Blue (ownerId:369601190 - pos <4851.201172, 19.865881, 4376.743164> - islocked:false - password:80081355) has been deleted
17-3-11 | Romani4 (ownerId:407766611 - pos <5472.994141, 14.843160, 4941.133789> - islocked:false - password:80081355) has been deleted
17-3-38 | BMW (ownerId:369601190 - pos <5467.324707, 15.110001, 4944.467285> - islocked:true - password:80081355) new car claimed
17-3-38 | BMW (ownerId:369601190 - pos <5467.324707, 15.110001, 4944.467285> - islocked:true - password:80081355) initialized
