Creation Time: 2023_4_24-12-1-13
12-1-13 | M3S Covered (ownerId:67657702 - pos <9798.914063, 3.634001, 7868.164063> - islocked:true - password:19944991) initialized
12-1-13 | M3S Covered (ownerId:8156911 - pos <6232.800781, 5.800111, 9593.156250> - islocked:false - password:15500000) initialized
12-1-13 | Sarka 120 (ownerId:22592522 - pos <6232.373047, 5.531140, 9589.974609> - islocked:true - password:5210521) initialized
12-1-13 | UH-60 Blackhawk - blackblackhawk (ownerId:195214598 - pos <3224.051514, 7.616046, 1721.949829> - islocked:true - password:52528989) initialized
12-1-13 | Robinson R22 Helicopter (ownerId:965259563 - pos <3756.512451, 19.967381, 2601.171387> - islocked:true - password:11367275) initialized
12-1-13 | M3S Covered (ownerId:965259563 - pos <3734.479248, 5.471806, 2555.294678> - islocked:false - password:11367275) initialized
12-1-13 | Olga 24 (ownerId:965259563 - pos <3732.497559, 5.627574, 2547.633057> - islocked:true - password:11367275) initialized
12-1-13 | UH-60 Blackhawk - Woodland (ownerId:85319837 - pos <3985.974121, 16.854172, 3474.665283> - islocked:true - password:1111110) initialized
12-1-13 | Land Rover Defender 110 Green (ownerId:177737910 - pos <2549.578857, 57.044922, 9450.604492> - islocked:false - password:25792579) initialized
12-1-13 | Robinson R22 Helicopter (ownerId:195214598 - pos <1114.772339, 56.352501, 10648.643555> - islocked:true - password:52528989) initialized
12-1-13 | Robinson R22 Helicopter (ownerId:940915030 - pos <9512.575195, 102.761200, 3733.148193> - islocked:true - password:11853737) initialized
12-1-13 | Sarka 120 (ownerId:940915030 - pos <9511.229492, 102.703041, 3751.684570> - islocked:true - password:11853737) initialized
12-1-13 | Sarka 120 (ownerId:405166905 - pos <9759.555664, 6.697041, 4286.109863> - islocked:true - password:19910111) initialized
12-1-13 | Land Rover Defender 110 Red (ownerId:60592768 - pos <9560.965820, 4.180210, 5944.767578> - islocked:true - password:19651965) initialized
12-1-13 | Olga 24 (ownerId:944065078 - pos <7705.273926, 36.638035, 6081.425293> - islocked:true - password:97319731) initialized
12-1-13 | Land Rover Defender 110 UN (ownerId:116364714 - pos <7707.875000, 36.516674, 6075.210938> - islocked:true - password:25082508) initialized
12-1-13 | M3S Covered (ownerId:944065078 - pos <7718.276855, 36.466961, 6089.898438> - islocked:true - password:25082508) initialized
12-1-13 | Sarka 120 (ownerId:944065078 - pos <7728.501465, 35.526226, 6087.270508> - islocked:true - password:25082508) initialized
12-1-13 | Land Rover Defender 110 (ownerId:192139039 - pos <5625.308105, 29.278484, 5416.438477> - islocked:true - password:7161994) initialized
12-1-13 | M3S Covered (ownerId:108250772 - pos <5632.483398, 29.510227, 5422.616699> - islocked:true - password:78945612) initialized
12-1-13 | Olga 24 (ownerId:288122462 - pos <5668.096680, 28.908163, 5408.234863> - islocked:true - password:12011152) initialized
12-1-13 | Land Rover Defender 110 Red (ownerId:108250772 - pos <5627.019531, 29.278482, 5387.046387> - islocked:true - password:14725836) initialized
12-1-13 | Land Rover Defender 110 Green (ownerId:85319837 - pos <5617.498535, 29.278488, 5378.230957> - islocked:false - password:1111110) initialized
12-1-13 | Land Rover Defender 110 (ownerId:108250772 - pos <5625.816406, 29.278484, 5376.927734> - islocked:true - password:14725836) initialized
12-1-13 | Ada 4x4 (ownerId:944065078 - pos <5616.043457, 28.753532, 5358.675293> - islocked:true - password:25082508) initialized
12-1-13 | Gunter 2 (ownerId:419387242 - pos <5600.469727, 28.753492, 5363.231934> - islocked:true - password:69694200) initialized
12-1-13 | Ada 4x4 (ownerId:62166080 - pos <6794.646973, 39.178280, 1806.061523> - islocked:true - password:22392239) initialized
12-1-13 | Land Rover Defender 110 Red (ownerId:980466132 - pos <6795.155762, 39.705826, 1801.707031> - islocked:true - password:22392239) initialized
12-1-13 | Sarka 120 (ownerId:980466132 - pos <6800.770020, 39.738701, 1800.404175> - islocked:true - password:22392239) initialized
12-1-13 | M3S Covered (ownerId:62166080 - pos <6795.000488, 39.133102, 1809.591553> - islocked:true - password:22392239) initialized
12-1-13 | Land Rover Defender 110 Green (ownerId:62166080 - pos <6800.856445, 39.705826, 1807.104004> - islocked:true - password:22392239) initialized
12-1-13 | Robinson R22 Helicopter - Black (ownerId:62166080 - pos <6786.493164, 53.509369, 1834.473999> - islocked:true - password:22392239) initialized
12-1-13 | Robinson R22 Helicopter (ownerId:71319946 - pos <5672.808594, 33.907436, 5245.416016> - islocked:true - password:19944991) initialized
12-1-13 | Sarka 120 (ownerId:194642746 - pos <5445.428711, 5.331749, 4629.575195> - islocked:true - password:15474555) initialized
12-1-13 | Land Rover Defender 110 Red (ownerId:965259563 - pos <4967.578125, 4.458483, 2092.822998> - islocked:true - password:11367275) initialized
12-1-13 | Robinson R22 Helicopter - Black (ownerId:980466132 - pos <7348.521973, 101.077187, 6033.944824> - islocked:true - password:22392239) initialized
