Creation Time: 2023_4_18-12-0-54
12-0-54 | Sarka 120 (ownerId:940915030 - pos <9511.229492, 102.703064, 3751.685059> - islocked:true - password:11853737) initialized
12-0-54 | Robinson R22 Helicopter (ownerId:940915030 - pos <9512.575195, 102.761208, 3733.148193> - islocked:true - password:11853737) initialized
12-0-54 | Robinson R22 Helicopter - Black (ownerId:34745177 - pos <9138.459961, 47.933449, 3793.804688> - islocked:false - password:67698687) initialized
12-0-54 | M3S Covered (ownerId:67657702 - pos <10219.404297, 20.337620, 7928.942383> - islocked:false - password:19944991) initialized
12-0-54 | UH-60 Blackhawk - blackblackhawk (ownerId:195214598 - pos <8069.666992, 215.248932, 11834.370117> - islocked:true - password:89895252) initialized
12-0-54 | Bell 429 Helicopter (ownerId:195214598 - pos <8112.444824, 214.210587, 11880.526367> - islocked:true - password:52898952) initialized
12-0-54 | UH-60 Blackhawk Cargo (ownerId:980466132 - pos <1464.510498, 11.498379, 15309.609375> - islocked:true - password:22392239) initialized
12-0-54 | M3S Covered (ownerId:108250772 - pos <4521.240234, 10.389232, 3203.365723> - islocked:false - password:78945612) initialized
12-0-54 | Olga 24 (ownerId:62166080 - pos <6795.731934, 39.125648, 1803.794067> - islocked:true - password:22392239) initialized
12-0-54 | MH-6M Little Bird - Desert (ownerId:62166080 - pos <6773.009766, 54.240784, 1834.931885> - islocked:true - password:22392239) initialized
12-0-54 | Sarka 120 (ownerId:980466132 - pos <6795.424805, 39.113342, 1800.740967> - islocked:true - password:22392239) initialized
12-0-54 | Ada 4x4 (ownerId:980466132 - pos <6800.919922, 39.178165, 1804.989990> - islocked:true - password:22392239) initialized
12-0-54 | Ada 4x4 (ownerId:62166080 - pos <6801.277832, 39.178246, 1801.917603> - islocked:true - password:22392239) initialized
12-0-54 | M3S Covered (ownerId:62166080 - pos <6795.875000, 39.129314, 1808.994629> - islocked:true - password:22392239) initialized
12-0-54 | Robinson R22 Helicopter - Black (ownerId:62166080 - pos <6789.350586, 53.509369, 1834.122314> - islocked:true - password:22392239) initialized
12-0-54 | Bell 429 Helicopter (ownerId:88929178 - pos <4501.653809, 10.793755, 3188.922607> - islocked:true - password:371400) initialized
12-0-54 | UH-60 Blackhawk - Woodland (ownerId:85319837 - pos <3985.974609, 16.854164, 3474.664795> - islocked:true - password:1111110) initialized
12-0-54 | UH-60 Blackhawk - blackblackhawk (ownerId:195214598 - pos <3224.051514, 7.616046, 1721.953247> - islocked:true - password:52528989) initialized
12-0-54 | Olga 24 (ownerId:965259563 - pos <3751.191895, 5.606662, 2569.747070> - islocked:true - password:11367275) initialized
12-0-54 | Gunter 2 (ownerId:965259563 - pos <3748.300293, 5.650961, 2573.679688> - islocked:true - password:11367275) initialized
12-0-54 | M3S Covered (ownerId:965259563 - pos <3757.217773, 5.599261, 2565.217773> - islocked:true - password:11367275) initialized
12-0-54 | Robinson R22 Helicopter - Red (ownerId:71319946 - pos <2665.577637, 35.751205, 3317.651611> - islocked:true - password:19944991) initialized
12-0-54 | Robinson R22 Helicopter (ownerId:965259563 - pos <4428.252930, 6.180714, 2904.961182> - islocked:true - password:11367275) initialized
12-0-54 | Olga 24 (ownerId:944065078 - pos <7657.512207, 19.194635, 3870.318848> - islocked:true - password:97319731) initialized
12-0-54 | Robinson R22 Helicopter - Black (ownerId:116364714 - pos <7652.233887, 19.087309, 3893.170166> - islocked:true - password:25082508) initialized
12-0-54 | Robinson R22 Helicopter (ownerId:195214598 - pos <6883.340332, 3.029745, 7095.375000> - islocked:false - password:52528989) initialized
12-0-54 | Robinson R22 Helicopter - Black (ownerId:980466132 - pos <7348.521973, 101.077194, 6033.944824> - islocked:true - password:22392239) initialized
12-0-54 | Olga 24 (ownerId:288122462 - pos <5668.011719, 28.913822, 5408.259766> - islocked:true - password:12011152) initialized
12-0-54 | M3S Covered (ownerId:8156911 - pos <5594.663086, 29.580145, 5363.344238> - islocked:true - password:15500000) initialized
