Creation Time: 2023_4_15-6-0-47
6-0-47 | Robinson R22 Helicopter (ownerId:195214598 - pos <1139.253662, 7.651206, 13278.913086> - islocked:true - password:52528989) initialized
6-0-47 | Olga 24 (ownerId:965259563 - pos <3746.980469, 5.595257, 2566.003662> - islocked:true - password:11367275) initialized
6-0-47 | Gunter 2 (ownerId:965259563 - pos <3748.300537, 5.650942, 2573.669922> - islocked:true - password:11367275) initialized
6-0-47 | UH-60 Blackhawk - Woodland (ownerId:85319837 - pos <3985.975098, 16.854158, 3474.664551> - islocked:true - password:1111110) initialized
6-0-47 | M3S Covered (ownerId:965259563 - pos <10790.105469, 2.641812, 3191.682129> - islocked:true - password:11367275) initialized
6-0-47 | Robinson R22 Helicopter (ownerId:965259563 - pos <4428.254883, 6.180616, 2904.960938> - islocked:true - password:11367275) initialized
6-0-47 | UH-60 Blackhawk Cargo (ownerId:980466132 - pos <6790.510742, 38.911293, 1852.108276> - islocked:true - password:22392239) initialized
6-0-47 | MH-6M Little Bird - Desert (ownerId:62166080 - pos <6788.173340, 54.240791, 1834.970947> - islocked:true - password:22392239) initialized
6-0-47 | Ada 4x4 (ownerId:980466132 - pos <6799.758301, 39.194134, 1804.076050> - islocked:true - password:22392239) initialized
6-0-47 | Sarka 120 (ownerId:980466132 - pos <6795.106934, 39.113369, 1801.258423> - islocked:false - password:22392239) initialized
6-0-47 | Robinson R22 Helicopter - Black (ownerId:108250772 - pos <8696.025391, 2.231344, 5545.102539> - islocked:false - password:14789632) initialized
6-0-47 | Robinson R22 Helicopter - Black (ownerId:980466132 - pos <7348.521973, 101.077187, 6033.944824> - islocked:true - password:22392239) initialized
6-0-47 | Olga 24 (ownerId:288122462 - pos <5667.763184, 28.932669, 5408.271484> - islocked:true - password:12011152) initialized
6-0-47 | M3S Covered (ownerId:108250772 - pos <5631.379395, 29.530128, 5422.065430> - islocked:true - password:78945612) initialized
6-0-47 | Olga 24 (ownerId:62166080 - pos <5632.311523, 28.697760, 5414.683105> - islocked:true - password:22392239) initialized
6-0-47 | Olga 24 (ownerId:944065078 - pos <7654.359375, 19.166042, 3875.052246> - islocked:true - password:97319731) initialized
6-0-47 | Robinson R22 Helicopter (ownerId:940915030 - pos <9512.575195, 102.761200, 3733.148193> - islocked:true - password:11853737) initialized
6-0-47 | Sarka 120 (ownerId:940915030 - pos <9511.229492, 102.703125, 3751.685059> - islocked:true - password:11853737) initialized
6-0-47 | M3S Covered (ownerId:67657702 - pos <10219.408203, 20.365223, 7929.509766> - islocked:true - password:19944991) initialized
6-0-47 | Robinson R22 Helicopter - Red (ownerId:71319946 - pos <10173.604492, 15.742105, 7923.333984> - islocked:true - password:19944991) initialized
6-0-47 | Bell 429 Helicopter (ownerId:195214598 - pos <8112.444824, 214.217896, 11880.526367> - islocked:true - password:52898952) initialized
6-0-47 | UH-60 Blackhawk - blackblackhawk (ownerId:195214598 - pos <8069.666992, 215.248917, 11834.370117> - islocked:true - password:89895252) initialized
