Creation Time: 2023_4_27-6-0-52
6-0-52 | Sarka 120 (ownerId:940915030 - pos <9511.229492, 102.703125, 3751.684570> - islocked:true - password:11853737) initialized
6-0-52 | Robinson R22 Helicopter (ownerId:940915030 - pos <9512.575195, 102.761200, 3733.148193> - islocked:true - password:11853737) initialized
6-0-52 | Robinson R22 Helicopter (ownerId:195214598 - pos <1114.771606, 56.352501, 10648.643555> - islocked:true - password:52528989) initialized
6-0-52 | Robinson R22 Helicopter - Black (ownerId:62166080 - pos <483.096680, 7.925451, 11816.084961> - islocked:true - password:22392239) initialized
6-0-52 | Land Rover Defender 110 Green (ownerId:177737910 - pos <2550.891113, 56.615631, 9454.167969> - islocked:true - password:25792579) initialized
6-0-52 | Sarka 120 (ownerId:405166905 - pos <10489.906250, 10.002514, 4274.236816> - islocked:true - password:19910111) initialized
6-0-52 | Sarka 120 (ownerId:22592522 - pos <6232.372559, 5.531147, 9589.974609> - islocked:true - password:5210521) initialized
6-0-52 | M3S Covered (ownerId:8156911 - pos <6232.800293, 5.800128, 9593.156250> - islocked:false - password:15500000) initialized
6-0-52 | M3S Covered (ownerId:965259563 - pos <5477.545410, 6.828568, 8608.791992> - islocked:true - password:11367275) initialized
6-0-52 | Gunter 2 (ownerId:419387242 - pos <7065.159180, 45.118999, 2055.501465> - islocked:true - password:69694200) initialized
6-0-52 | Ada 4x4 (ownerId:62166080 - pos <6801.064453, 39.178059, 1809.609009> - islocked:true - password:22392239) initialized
6-0-52 | Land Rover Defender 110 Red (ownerId:980466132 - pos <6797.821777, 39.705956, 1803.358154> - islocked:true - password:22392239) initialized
6-0-52 | M3S Covered (ownerId:62166080 - pos <6795.131348, 39.137836, 1809.613037> - islocked:true - password:22392239) initialized
6-0-52 | Land Rover Defender 110 Green (ownerId:62166080 - pos <6795.712402, 39.705978, 1807.071655> - islocked:true - password:22392239) initialized
6-0-52 | Robinson R22 Helicopter (ownerId:980466132 - pos <6777.678711, 54.635899, 1845.157959> - islocked:true - password:22392239) initialized
6-0-52 | Land Rover Defender 110 UN (ownerId:85319837 - pos <7564.276367, 24.526596, 3950.393799> - islocked:true - password:9151985) initialized
6-0-52 | Ada 4x4 (ownerId:944065078 - pos <7733.061035, 35.535316, 6083.734863> - islocked:false - password:25082508) initialized
6-0-52 | Land Rover Defender 110 UN (ownerId:116364714 - pos <7713.597168, 36.267963, 6075.123047> - islocked:false - password:25082508) initialized
6-0-52 | M3S Covered (ownerId:944065078 - pos <7718.275879, 36.466953, 6089.899902> - islocked:false - password:25082508) initialized
6-0-52 | Sarka 120 (ownerId:944065078 - pos <7728.510742, 35.526157, 6087.269043> - islocked:false - password:25082508) initialized
6-0-52 | Olga 24 (ownerId:944065078 - pos <7705.435547, 36.626945, 6081.454590> - islocked:true - password:97319731) initialized
6-0-52 | Robinson R22 Helicopter - Black (ownerId:980466132 - pos <7348.746094, 101.077301, 6033.853516> - islocked:true - password:22392239) initialized
6-0-52 | UH-60 Blackhawk - blackblackhawk (ownerId:195214598 - pos <3224.051514, 7.616046, 1721.948364> - islocked:true - password:52528989) initialized
6-0-52 | Olga 24 (ownerId:965259563 - pos <3730.443359, 5.467788, 2554.884033> - islocked:true - password:11367275) initialized
6-0-52 | Land Rover Defender 110 Red (ownerId:965259563 - pos <3753.811768, 6.175953, 2569.325195> - islocked:true - password:11367275) initialized
6-0-52 | Robinson R22 Helicopter (ownerId:965259563 - pos <3756.512451, 19.967381, 2601.171387> - islocked:true - password:11367275) initialized
6-0-52 | Gunter 2 (ownerId:984346468 - pos <4639.351563, 17.793476, 4608.529785> - islocked:false - password:83898389) initialized
6-0-52 | UH-60 Blackhawk - Woodland (ownerId:85319837 - pos <3985.973633, 16.854177, 3474.665527> - islocked:true - password:1111110) initialized
6-0-52 | Sarka 120 (ownerId:194642746 - pos <5445.485840, 5.329445, 4629.553223> - islocked:true - password:15474555) initialized
6-0-52 | Robinson R22 Helicopter (ownerId:71319946 - pos <5672.808594, 33.907436, 5245.416016> - islocked:true - password:19944991) initialized
6-0-52 | Land Rover Defender 110 (ownerId:108250772 - pos <5625.816406, 29.278484, 5376.927734> - islocked:true - password:14725836) initialized
6-0-52 | Olga 24 (ownerId:288122462 - pos <5668.120117, 28.906761, 5408.223633> - islocked:true - password:12011152) initialized
6-0-52 | Land Rover Defender 110 Red (ownerId:60592768 - pos <5678.317871, 29.278484, 5386.182129> - islocked:true - password:19651965) initialized
6-0-52 | Land Rover Defender 110 (ownerId:192139039 - pos <5914.121094, 35.385963, 5193.933105> - islocked:true - password:7161994) initialized
6-0-52 | Sarka 120 (ownerId:980466132 - pos <3583.578125, 10.619286, 3408.807373> - islocked:true - password:22392239) initialized
6-34-22 | Sarka 120 (ownerId:58042381 - pos <6770.938477, 3.013200, 5083.745605> - islocked:true - password:83898389) new car claimed
9-29-12 | Gunter 2 (ownerId:419387242 - pos <5648.794434, 28.753483, 5387.692383> - islocked:false - password:69694200) has been deleted
9-29-31 | Gunter 2 (ownerId:419387242 - pos <5654.495117, 29.009998, 5389.549316> - islocked:true - password:69694200) new car claimed
9-29-31 | Gunter 2 (ownerId:419387242 - pos <5654.495117, 28.709999, 5389.549316> - islocked:true - password:69694200) initialized
10-49-1 | Gunter 2 (ownerId:419387242 - pos <5858.319336, 31.630692, 5202.292969> - islocked:false - password:69694200) has been deleted
