Creation Time: 2023_5_27-6-0-57
6-0-57 | Cougar Camo kamo (ownerId:980466132 - pos <1447.439331, 3.095235, 6767.592285> - islocked:true - password:22392239) initialized
6-0-57 | Sarka 120 (ownerId:18558559 - pos <9029.993164, 6.586036, 9422.949219> - islocked:true - password:72066666) initialized
6-0-57 | Jeep Wrangler black  (ownerId:132652049 - pos <10675.310547, 3.405123, 3158.458008> - islocked:true - password:17392468) initialized
6-0-57 | UAZ 3909 Khaki1 (ownerId:36527682 - pos <7717.202637, 36.455563, 6070.715332> - islocked:true - password:93991005) initialized
6-0-57 | Olga 24 (ownerId:36527682 - pos <7733.397461, 36.107780, 6085.733398> - islocked:true - password:10939910) initialized
6-0-57 | YAR_87 Camo2  (ownerId:34611550 - pos <7502.368164, 3.337784, 5639.488281> - islocked:true - password:19892004) initialized
6-0-57 | LUAZ 969 blue (ownerId:354151095 - pos <6972.173340, 14.597521, 5701.597656> - islocked:true - password:4250425) initialized
6-0-57 | MOSKVICH 2140 (ownerId:944065078 - pos <6394.414551, 23.181292, 6686.755859> - islocked:true - password:97319731) initialized
6-0-57 | MOSKVICH 2140 (ownerId:304057481 - pos <6950.713379, 14.669702, 5719.589355> - islocked:true - password:42687931) initialized
6-0-57 | MH-6M Little Bird (ownerId:288122462 - pos <6883.849121, 34.927967, 5874.518555> - islocked:true - password:12321123) initialized
6-0-57 | MBB Bo-105m Helicopter - blackcamo (ownerId:132652049 - pos <5674.237305, 29.476894, 5388.618164> - islocked:true - password:86753099) initialized
6-0-57 | Sarka 120 (ownerId:369601190 - pos <5633.336914, 29.271837, 5359.530273> - islocked:true - password:4031965) initialized
6-0-57 | M3S Covered (ownerId:442990275 - pos <5680.999512, 32.777653, 5269.630859> - islocked:true - password:37579090) initialized
6-0-57 | Sarka 120 (ownerId:442990275 - pos <5678.123535, 33.331329, 5270.673340> - islocked:true - password:42014201) initialized
6-0-57 | ToyotaHilux Camo (ownerId:442990275 - pos <5675.656738, 33.546024, 5273.291504> - islocked:true - password:42014201) initialized
6-0-57 | Jeep Wrangler Camo (ownerId:85319837 - pos <5681.109375, 33.650982, 5244.822266> - islocked:false - password:1111110) initialized
6-0-57 | LUAZ 969 rust (ownerId:88929178 - pos <5670.745605, 33.865772, 5240.569824> - islocked:true - password:371400) initialized
6-0-57 | MH-6M Little Bird - Camo (ownerId:442990275 - pos <5661.924805, 34.624557, 5236.464844> - islocked:true - password:42014201) initialized
6-0-57 | Ada 4x4 (ownerId:18558559 - pos <3945.643555, 24.960703, 4846.260742> - islocked:true - password:72066666) initialized
6-0-57 | Toyota Land Cruiser 200 (ownerId:308099129 - pos <3522.995117, 22.781895, 4590.057617> - islocked:true - password:9131988) initialized
6-0-57 | Olga 24 (ownerId:839735782 - pos <3591.362793, 10.841870, 3410.530762> - islocked:true - password:13579086) initialized
6-0-57 | HAMMER_H1 black (ownerId:405166905 - pos <5445.201172, 6.927647, 1008.119507> - islocked:true - password:1111991) initialized
6-0-57 | STR_EGER_name (ownerId:6938606 - pos <4260.843750, 21.428944, 7264.829590> - islocked:true - password:20090909) initialized
6-0-57 | UH-60 Blackhawk - blackblackhawk (ownerId:69839805 - pos <4269.089844, 21.234678, 7305.919922> - islocked:true - password:20090909) initialized
6-0-57 | HEMTT black (ownerId:137318436 - pos <4257.158203, 21.540983, 7302.570801> - islocked:false - password:20090909) initialized
