Creation Time: 2023_6_10-6-0-50
6-0-50 | Ada 4x4 (ownerId:839735782 - pos <5859.894043, 44.990227, 4891.105469> - islocked:true - password:1051997) initialized
6-0-50 | Olga 24 (ownerId:416867315 - pos <5378.852539, 74.598740, 3968.254150> - islocked:true - password:19993420) initialized
6-0-50 | Audi RS6 (ownerId:85319837 - pos <5682.155762, 33.492634, 5242.702148> - islocked:true - password:1111110) initialized
6-0-50 | MOSKVICH 2140 (ownerId:137318436 - pos <4304.499512, 3.855576, 4680.525391> - islocked:true - password:20090909) initialized
6-0-50 | Jeep Wrangler (ownerId:944065078 - pos <5664.309082, 28.975962, 5335.381836> - islocked:false - password:97319731) initialized
6-0-50 | MOSKVICH 2140 (ownerId:54276291 - pos <5441.154785, 6.791837, 4639.578125> - islocked:true - password:12348262) initialized
6-0-50 | LUAZ 969 black (ownerId:88929178 - pos <4146.070801, 4.054605, 4199.204590> - islocked:true - password:371400) initialized
6-0-50 | ToyotaHilux Camo (ownerId:442990275 - pos <7248.803223, 25.022568, 1970.906738> - islocked:true - password:42014201) initialized
6-0-50 | YAR_87 Camo2  (ownerId:34611550 - pos <2479.788330, 18.703110, 13963.015625> - islocked:true - password:19892004) initialized
6-0-50 | MH-6M Little Bird - Desert (ownerId:132652049 - pos <10045.665039, 8.208423, 1098.988281> - islocked:false - password:13579246) initialized
6-0-50 | ToyotaHilux White (ownerId:60592768 - pos <9559.644531, 4.320656, 5946.359863> - islocked:true - password:19651965) initialized
6-0-50 | Jeep Wrangler black  (ownerId:308099129 - pos <3929.318359, 12.055122, 7918.307129> - islocked:true - password:9131988) initialized
6-0-50 | M3S Covered (ownerId:86564395 - pos <4550.290527, 27.460197, 7875.549805> - islocked:false - password:59005900) initialized
6-0-50 | Olga 24 (ownerId:501895347 - pos <3569.449463, 21.093950, 6543.831055> - islocked:true - password:42775920) initialized
6-0-50 | Jeep Wrangler Blue (ownerId:34611550 - pos <4246.239258, 21.212746, 7292.730957> - islocked:true - password:19892004) initialized
6-0-50 | MH-6M Little Bird (ownerId:34611550 - pos <4271.984863, 21.744886, 7303.545410> - islocked:true - password:19892004) initialized
6-0-50 | STR_EGER_name (ownerId:980466132 - pos <3689.000488, 12.085268, 9772.873047> - islocked:true - password:22392239) initialized
6-0-50 | MH-6M Little Bird - Camo (ownerId:369601190 - pos <1571.527954, 10.481433, 9032.277344> - islocked:true - password:80081355) initialized
6-0-50 | MUSTANG Red (ownerId:369601190 - pos <1591.123535, 10.144395, 9048.640625> - islocked:false - password:80081355) initialized
6-0-50 | ToyotaHilux Camo (ownerId:369601190 - pos <1585.868774, 10.096206, 9051.075195> - islocked:false - password:80081355) initialized
6-0-50 | STR_Camaro_Lesnik_name (ownerId:442990275 - pos <1956.194702, 9.871474, 8872.093750> - islocked:true - password:42014201) initialized
6-0-50 | Olga 24 (ownerId:405166905 - pos <3425.019531, 23.085617, 6115.207520> - islocked:true - password:1111991) initialized
6-0-50 | LUAZ 969 black (ownerId:36527682 - pos <7718.376953, 36.262547, 6068.660645> - islocked:true - password:93991005) initialized
6-0-50 | MOSKVICH 2140 (ownerId:288122462 - pos <6883.863281, 34.121449, 5878.004883> - islocked:true - password:12321123) initialized
6-0-50 | Olga 24 (ownerId:86564395 - pos <5683.289063, 5.538044, 9264.157227> - islocked:true - password:59005900) initialized
6-0-50 | Sarka 120 (ownerId:144736642 - pos <7340.216797, 7.426143, 8406.367188> - islocked:true - password:41941941) initialized
6-0-50 | Robinson R22 Helicopter (ownerId:249230507 - pos <8092.914063, 13.178655, 9330.942383> - islocked:true - password:33333333) initialized
6-0-50 | M3S Covered (ownerId:249230507 - pos <8282.203125, 5.025924, 9352.311523> - islocked:true - password:33333333) initialized
6-0-50 | UAZ_2315 Red (ownerId:405166905 - pos <8922.058594, 6.449744, 10456.121094> - islocked:true - password:1111991) initialized
