Creation Time: 2023_5_3-18-0-51
18-0-51 | Ada 4x4 (ownerId:16874355 - pos <10732.898438, 90.320953, 6156.009766> - islocked:true - password:15795315) initialized
18-0-51 | Sarka 120 (ownerId:405166905 - pos <10490.966797, 10.001146, 4277.304199> - islocked:true - password:19910111) initialized
18-0-51 | Robinson R22 Helicopter (ownerId:940915030 - pos <9512.575195, 102.761208, 3733.148193> - islocked:true - password:11853737) initialized
18-0-51 | Land Rover Defender 110 Red (ownerId:60592768 - pos <9561.738281, 4.179221, 5944.402344> - islocked:true - password:19651965) initialized
18-0-51 | Mil Mi-2 Helicopter - Hornet (ownerId:965259563 - pos <5701.172363, 143.930801, 12674.361328> - islocked:true - password:11367275) initialized
18-0-51 | Robinson R22 Helicopter (ownerId:195214598 - pos <1189.234741, 56.231636, 10623.712891> - islocked:true - password:52528989) initialized
18-0-51 | M3S Covered (ownerId:944065078 - pos <7718.275879, 36.466984, 6089.899902> - islocked:false - password:25082508) initialized
18-0-51 | M3S Covered (ownerId:839735782 - pos <5477.230469, 7.706932, 8608.794922> - islocked:true - password:1051997) initialized
18-0-51 | M3S Covered (ownerId:965259563 - pos <5465.733887, 7.868756, 8577.347656> - islocked:true - password:72524299) initialized
18-0-51 | Land Rover Defender 110 Green (ownerId:177737910 - pos <2550.603760, 57.004208, 9449.897461> - islocked:false - password:25792579) initialized
18-0-51 | Sarka 120 (ownerId:85319837 - pos <7574.907227, 24.190298, 3928.430908> - islocked:true - password:1111110) initialized
18-0-51 | Land Rover Defender 110 UN (ownerId:85319837 - pos <7572.665527, 24.168486, 3940.986328> - islocked:false - password:9151985) initialized
18-0-51 | Olga 24 (ownerId:419387242 - pos <7056.500488, 45.007915, 2053.264160> - islocked:false - password:8995862) initialized
18-0-51 | Ada 4x4 (ownerId:419387242 - pos <7056.273438, 45.000519, 2056.958496> - islocked:false - password:8995862) initialized
18-0-51 | Olga 24 (ownerId:108250772 - pos <7113.925781, 37.535393, 2252.848389> - islocked:true - password:12345678) initialized
18-0-51 | UH-60 Blackhawk - blackblackhawk (ownerId:195214598 - pos <3224.051514, 7.616047, 1721.943481> - islocked:true - password:52528989) initialized
18-0-51 | MBB Bo-105m Helicopter - blackcamo (ownerId:980466132 - pos <6765.833496, 54.748085, 1846.701538> - islocked:true - password:22392239) initialized
18-0-51 | Ka26 Hoodlum Helicopter (ownerId:980466132 - pos <6778.616699, 54.637421, 1849.730225> - islocked:true - password:22392239) initialized
18-0-51 | Land Rover Defender 110 Green (ownerId:62166080 - pos <6795.650391, 39.705780, 1801.526733> - islocked:true - password:22392239) initialized
18-0-51 | M3S Covered (ownerId:980466132 - pos <6795.366699, 39.991890, 1809.550781> - islocked:true - password:22392239) initialized
18-0-51 | Sarka 120 (ownerId:980466132 - pos <6801.629883, 39.738670, 1801.161499> - islocked:true - password:22392239) initialized
18-0-51 | Land Rover Defender 110 Red (ownerId:132652049 - pos <4277.322266, 3.686850, 2515.763672> - islocked:true - password:9031783) initialized
18-0-51 | Gunter 2 (ownerId:965259563 - pos <3730.655762, 5.683277, 2547.984863> - islocked:true - password:86753099) initialized
18-0-51 | Robinson R22 Helicopter - Black (ownerId:132652049 - pos <4270.229492, 3.439753, 2517.689209> - islocked:true - password:9031783) initialized
18-0-51 | Sarka 120 (ownerId:965259563 - pos <3730.800781, 6.081156, 2551.065674> - islocked:true - password:72524299) initialized
18-0-51 | M3S Covered (ownerId:965259563 - pos <3771.238525, 5.576908, 2545.760986> - islocked:true - password:2061963) initialized
18-0-51 | Land Rover Defender 110 Red (ownerId:965259563 - pos <3730.515869, 6.048485, 2554.894287> - islocked:true - password:11367275) initialized
18-0-51 | Olga 24 (ownerId:965259563 - pos <3737.235352, 5.467786, 2554.813232> - islocked:true - password:11367275) initialized
18-0-51 | Robinson R22 Helicopter (ownerId:965259563 - pos <3761.067871, 19.991447, 2596.919922> - islocked:false - password:11367275) initialized
18-0-51 | Robinson R22 Helicopter (ownerId:839735782 - pos <1539.244263, 13.123348, 15480.147461> - islocked:true - password:1051997) initialized
18-0-51 | Land Rover Defender 110 Red (ownerId:6938606 - pos <5599.400879, 29.297667, 5348.746582> - islocked:true - password:20090909) initialized
18-0-51 | Land Rover Defender 110 Red (ownerId:980466132 - pos <5629.468750, 29.278484, 5411.640625> - islocked:true - password:22392239) initialized
18-0-51 | Sarka 120 (ownerId:194642746 - pos <5445.588379, 5.325091, 4629.511230> - islocked:true - password:15474555) initialized
18-0-51 | Land Rover Defender 110 UN (ownerId:116364714 - pos <6680.661133, 28.405764, 5722.714355> - islocked:false - password:25082508) initialized
18-0-51 | Robinson R22 Helicopter - Black (ownerId:984346468 - pos <4728.883301, 12.292153, 4692.960449> - islocked:true - password:83898389) initialized
18-0-51 | Robinson R22 Helicopter - Black (ownerId:419387242 - pos <5662.044922, 33.949261, 5242.511230> - islocked:true - password:8995862) initialized
18-0-51 | Robinson R22 Helicopter (ownerId:71319946 - pos <5672.808594, 33.907436, 5245.416016> - islocked:true - password:19944991) initialized
18-0-51 | Sarka 120 (ownerId:944065078 - pos <7139.902832, 2.702008, 5239.971191> - islocked:true - password:25082508) initialized
18-0-51 | Gunter 2 (ownerId:36527682 - pos <7192.423340, 3.389068, 5359.116211> - islocked:true - password:93991005) initialized
18-0-51 | Robinson R22 Helicopter - Black (ownerId:980466132 - pos <7347.331543, 101.076942, 6033.897461> - islocked:true - password:22392239) initialized
19-0-2 | MH-6M Little Bird - Camo (ownerId:62166080 - pos <2487.132813, 35.115772, 3357.946289> - islocked:true - password:22392239) new car claimed
21-40-44 | M3S Covered (ownerId:839735782 - pos <5341.315430, 3.014509, 6309.555176> - islocked:true - password:1051997) has been deleted
22-34-0 | Bell 429 Helicopter - Medic (ownerId:6938606 - pos <5601.151855, 29.009998, 5383.364258> - islocked:true - password:20090909) new car claimed
22-34-0 | Bell 429 Helicopter - Medic (ownerId:6938606 - pos <5601.151855, 28.709999, 5383.364258> - islocked:true - password:20090909) initialized
23-37-33 | Ka26 Hoodlum Helicopter (ownerId:89279995 - pos <5215.387695, 183.878189, 5791.543945> - islocked:true - password:20090909) new car claimed
23-37-33 | Ka26 Hoodlum Helicopter (ownerId:89279995 - pos <5215.387695, 183.878189, 5791.543945> - islocked:true - password:20090909) initialized
23-45-32 | Ka26 Hoodlum Helicopter (ownerId:89279995 - pos <5215.143555, 183.561340, 5799.152344> - islocked:false - password:20090909) has been deleted
23-55-40 | Bell 429 Helicopter - Medic (ownerId:6938606 - pos <5201.994629, 183.582520, 5783.790527> - islocked:false - password:20090909) has been deleted
