Creation Time: 2023_7_22-12-0-50
12-0-50 | UAZ 3909 Police (ownerId:60592768 - pos <3231.809570, 3.497941, 1732.096924> - islocked:true - password:13121312) initialized
12-0-50 | STR_Camaro_Nest_name (ownerId:60592768 - pos <3246.135010, 3.116042, 1750.852783> - islocked:true - password:13121312) initialized
12-0-50 | LUAZ 969 red (ownerId:405166905 - pos <5356.917969, 35.382145, 641.903687> - islocked:true - password:11111111) initialized
12-0-50 | MH-6M Little Bird - Camo (ownerId:132652049 - pos <3688.912354, 12.462180, 9757.346680> - islocked:false - password:9021997) initialized
12-0-50 | Ada 4x4 (ownerId:369601190 - pos <3776.511230, 16.862974, 9052.003906> - islocked:true - password:42014201) initialized
12-0-50 | UAZ469 (ownerId:40055959 - pos <8928.346680, 6.384642, 10451.653320> - islocked:true - password:19711971) initialized
12-0-50 | Olga 24 (ownerId:40055959 - pos <8924.163086, 5.862705, 10451.514648> - islocked:true - password:19711971) initialized
12-0-50 | Offroad Range Rover Yellow  (ownerId:103808025 - pos <6413.007324, 69.090057, 9564.058594> - islocked:false - password:55677777) initialized
12-0-50 | Gunter 2 (ownerId:48698262 - pos <5640.079590, 28.870642, 5330.502441> - islocked:true - password:48151623) initialized
12-0-50 | Chevrolet Corvette kamo (ownerId:89279995 - pos <5612.964355, 29.188242, 5347.409668> - islocked:true - password:20090909) initialized
12-0-50 | UAZ 3909 Beige (ownerId:795695470 - pos <5623.721680, 29.497864, 5350.632324> - islocked:true - password:8031991) initialized
12-0-50 | LUAZ 969 rust (ownerId:127107249 - pos <5606.220703, 29.413757, 5348.939941> - islocked:false - password:12186270) initialized
12-0-50 | Fennek BIOHAZARD (ownerId:119248354 - pos <5623.955566, 29.510689, 5373.312012> - islocked:true - password:11082007) initialized
12-0-50 | Velociraptor6x6 Camo (ownerId:407766611 - pos <5616.962402, 29.525602, 5384.516113> - islocked:true - password:55555552) initialized
12-0-50 | Velociraptor6x6 Camo2  (ownerId:407766611 - pos <5621.984863, 29.525600, 5388.323242> - islocked:true - password:55555552) initialized
12-0-50 | MH-6M Little Bird - Camo (ownerId:119248354 - pos <5633.218262, 30.092619, 5382.920898> - islocked:true - password:48151623) initialized
12-0-50 | Opel Astra Chrome (ownerId:127107249 - pos <5657.587891, 28.810581, 5379.881348> - islocked:true - password:12186270) initialized
12-0-50 | UH-60 Blackhawk - Budhawk (ownerId:369601190 - pos <5671.500488, 29.478630, 5389.525879> - islocked:true - password:54879586) initialized
12-0-50 | Gaz 71 Black (ownerId:119248354 - pos <2782.142090, 69.946213, 4692.520996> - islocked:true - password:11082007) initialized
12-0-50 |  Novator Flecktarn (ownerId:48698262 - pos <2795.422119, 69.814301, 4663.095215> - islocked:true - password:48151623) initialized
12-0-50 | Oshkosh (ownerId:197257182 - pos <2799.504883, 69.918602, 4663.191895> - islocked:true - password:48151623) initialized
12-0-50 | STR_EGER_GreenCamo_name (ownerId:197257182 - pos <2802.366943, 69.987404, 4663.773926> - islocked:true - password:48151623) initialized
12-0-50 | UAZ HUNTER (ownerId:447071218 - pos <5600.962402, 29.470760, 5346.557129> - islocked:true - password:15148636) initialized
12-0-50 | SCOUT Black (ownerId:442990275 - pos <5336.000977, 7.836761, 6345.553711> - islocked:true - password:37579090) initialized
12-0-50 | BMW X5 Flecktarn (ownerId:53415379 - pos <9754.820313, 12.909544, 10787.258789> - islocked:true - password:7101993) initialized
12-0-50 | MOSKVICH 2140 (ownerId:882346394 - pos <6662.088867, 15.562316, 6318.776367> - islocked:true - password:42091103) initialized
12-0-50 | MH-6M Little Bird - Camo (ownerId:523450192 - pos <5891.183594, 41.853741, 5228.957031> - islocked:true - password:22392239) initialized
12-0-50 | STR_EGER_GreenCamo_name (ownerId:523991778 - pos <5898.478516, 37.082745, 5221.344238> - islocked:true - password:22392239) initialized
12-0-50 | Jeep Wrangler green  (ownerId:523450192 - pos <5904.216797, 37.158920, 5221.806152> - islocked:true - password:22392239) initialized
12-0-50 | UAZ_2315 (ownerId:442990275 - pos <3960.855469, 25.494862, 4850.236328> - islocked:true - password:42014201) initialized
12-0-50 | PONTIAC (rust) (ownerId:119248354 - pos <5676.915039, 33.593903, 5273.413574> - islocked:true - password:22940000) initialized
12-0-50 | Offroad Range Rover police  (ownerId:60592768 - pos <6071.671387, 33.522228, 6949.636230> - islocked:true - password:13121312) initialized
12-0-50 | Olga 24 (ownerId:795695470 - pos <5671.735840, 33.602322, 5277.830566> - islocked:true - password:8031991) initialized
12-0-50 | MH-6M Little Bird - Camo (ownerId:88929178 - pos <4424.291016, 12.575536, 4603.776855> - islocked:true - password:371400) initialized
12-0-50 | Mercedes-Benz W140 Blue (ownerId:88929178 - pos <4425.843262, 6.630317, 4607.331543> - islocked:true - password:371400) initialized
12-0-50 | ToyotaHilux rust (ownerId:526094573 - pos <3590.745850, 10.953333, 3409.768066> - islocked:true - password:11012255) initialized
12-0-50 | Gunter 2 (ownerId:218588421 - pos <3803.758545, 7.092821, 5907.948242> - islocked:true - password:3081984) initialized
12-0-50 | Nissan warrior Camo (ownerId:119311623 - pos <4249.212891, 21.283245, 7298.089355> - islocked:true - password:7101993) initialized
12-0-50 | Toyota Land Cruiser 200 Camo (ownerId:119311623 - pos <4267.058594, 21.009937, 7262.595215> - islocked:false - password:7101993) initialized
12-0-50 | Oshkosh grey (ownerId:64819467 - pos <4276.377441, 21.358604, 7272.564453> - islocked:true - password:7101993) initialized
12-0-50 | Velociraptor6x6 Camo2  (ownerId:262549311 - pos <7191.870117, 61.650360, 5888.407227> - islocked:true - password:24680000) initialized
12-14-33 | UAZ 3909 Ambulance (ownerId:521855408 - pos <6240.358398, 5.230000, 9543.506836> - islocked:true - password:9102021) new car claimed
12-14-33 | UAZ 3909 Ambulance (ownerId:521855408 - pos <6240.358398, 5.230000, 9543.506836> - islocked:true - password:9102021) initialized
12-16-0 | Sarka 120 (ownerId:442990275 - pos <5633.392090, 28.975653, 5355.981445> - islocked:true - password:42014201) new car claimed
12-16-0 | Sarka 120 (ownerId:442990275 - pos <5633.392090, 28.975653, 5355.981445> - islocked:true - password:42014201) initialized
12-33-46 | Sarka 120 (ownerId:442990275 - pos <3963.308594, 24.906372, 4762.388672> - islocked:false - password:42014201) has been deleted
14-35-28 | Sarka 120 (ownerId:442990275 - pos <1991.064819, 9.919118, 9032.109375> - islocked:true - password:42014201) new car claimed
14-35-28 | Sarka 120 (ownerId:442990275 - pos <1991.064819, 9.919118, 9032.109375> - islocked:true - password:42014201) initialized
15-13-49 | UAZ_2315 (ownerId:521855408 - pos <3768.006836, 9.006924, 9109.160156> - islocked:true - password:11111111) new car claimed
15-14-31 | UAZ_2315 (ownerId:521855408 - pos <3768.006836, 9.006924, 9109.160156> - islocked:true - password:11111111) has been deleted
15-21-36 | ToyotaHilux rust (ownerId:526094573 - pos <5599.944336, 28.714741, 5363.062988> - islocked:false - password:11012255) has been deleted
15-22-6 | M3S Covered (ownerId:442990275 - pos <1983.942017, 41.375492, 9028.172852> - islocked:true - password:42014201) new car claimed
15-22-6 | M3S Covered (ownerId:442990275 - pos <1983.942017, 41.375492, 9028.172852> - islocked:true - password:42014201) initialized
15-24-23 | Jeep Wrangler Camo (ownerId:526094573 - pos <5614.496582, 28.869701, 5358.550293> - islocked:true - password:11025255) new car claimed
15-51-55 | UAZ_2315 (ownerId:521855408 - pos <5663.497559, 33.616276, 5233.490234> - islocked:true - password:11111111) new car claimed
15-51-55 | UAZ_2315 (ownerId:521855408 - pos <5663.497559, 33.616276, 5233.490234> - islocked:true - password:11111111) initialized
15-52-37 | UAZ_2315 (ownerId:521855408 - pos <5663.535645, 33.314705, 5233.452148> - islocked:true - password:11111111) has been deleted
16-25-45 | Robinson R22 Helicopter - Black (ownerId:521855408 - pos <5595.057617, 26.525452, 5451.550781> - islocked:true - password:9102021) new car claimed
16-37-17 | Olga 24 (ownerId:442990275 - pos <5656.061523, 29.009996, 5412.939453> - islocked:true - password:42014201) new car claimed
16-37-17 | Olga 24 (ownerId:442990275 - pos <5656.061523, 29.002333, 5412.939453> - islocked:true - password:42014201) initialized
16-38-54 | Olga 24 (ownerId:442990275 - pos <5656.066895, 28.697645, 5412.931641> - islocked:false - password:-1) new car claimed
16-41-1 | Olga 24 (ownerId:511479797 - pos <5656.066895, 28.697781, 5412.931641> - islocked:true - password:27181500) new car claimed
17-3-18 | Jeep Wrangler Camo (ownerId:526094573 - pos <5669.488281, 13.296581, 5032.861328> - islocked:false - password:11025255) has been deleted
17-3-35 | Jeep Wrangler Camo (ownerId:526094573 - pos <5667.998535, 13.175441, 5035.895508> - islocked:true - password:11025255) new car claimed
17-3-35 | Jeep Wrangler Camo (ownerId:526094573 - pos <5667.998535, 13.175441, 5035.895508> - islocked:true - password:11025255) initialized
