Creation Time: 2023_4_16-0-0-50
0-0-50 | UH-60 Blackhawk - Woodland (ownerId:85319837 - pos <3985.975098, 16.854160, 3474.664551> - islocked:true - password:1111110) initialized
0-0-50 | Gunter 2 (ownerId:965259563 - pos <3748.300537, 5.650945, 2573.671631> - islocked:true - password:11367275) initialized
0-0-50 | Olga 24 (ownerId:965259563 - pos <3746.980469, 5.595256, 2566.000244> - islocked:true - password:11367275) initialized
0-0-50 | Robinson R22 Helicopter (ownerId:965259563 - pos <4428.254395, 6.180641, 2904.960938> - islocked:true - password:11367275) initialized
0-0-50 | UH-60 Blackhawk Cargo (ownerId:980466132 - pos <6790.510742, 38.911289, 1852.108276> - islocked:true - password:22392239) initialized
0-0-50 | MH-6M Little Bird - Desert (ownerId:62166080 - pos <6783.229492, 54.240791, 1835.152222> - islocked:true - password:22392239) initialized
0-0-50 | Ada 4x4 (ownerId:62166080 - pos <6800.370117, 39.178280, 1800.989746> - islocked:false - password:22392239) initialized
0-0-50 | Sarka 120 (ownerId:980466132 - pos <6795.463867, 39.113335, 1800.737183> - islocked:false - password:22392239) initialized
0-0-50 | Ada 4x4 (ownerId:980466132 - pos <6800.874512, 39.178165, 1804.936523> - islocked:false - password:22392239) initialized
0-0-50 | M3S Covered (ownerId:62166080 - pos <6796.635742, 39.129009, 1808.642334> - islocked:true - password:22392239) initialized
0-0-50 | Olga 24 (ownerId:62166080 - pos <6269.139648, 9.787751, 1128.060181> - islocked:true - password:22392239) initialized
0-0-50 | M3S Covered (ownerId:108250772 - pos <8291.507813, 160.107269, 12267.614258> - islocked:true - password:78945612) initialized
0-0-50 | M3S Covered (ownerId:965259563 - pos <10790.105469, 2.641792, 3191.678223> - islocked:true - password:11367275) initialized
0-0-50 | UH-60 Blackhawk - blackblackhawk (ownerId:195214598 - pos <8069.666992, 215.248932, 11834.370117> - islocked:true - password:89895252) initialized
0-0-50 | Bell 429 Helicopter (ownerId:195214598 - pos <8112.444824, 214.217300, 11880.526367> - islocked:true - password:52898952) initialized
0-0-50 | M3S Covered (ownerId:67657702 - pos <10219.407227, 20.359634, 7929.396484> - islocked:false - password:19944991) initialized
0-0-50 | Robinson R22 Helicopter (ownerId:940915030 - pos <9512.575195, 102.761208, 3733.148193> - islocked:true - password:11853737) initialized
0-0-50 | Sarka 120 (ownerId:940915030 - pos <9511.229492, 102.703026, 3751.685059> - islocked:true - password:11853737) initialized
0-0-50 | Robinson R22 Helicopter - Black (ownerId:108250772 - pos <8696.025391, 2.231343, 5545.102539> - islocked:false - password:14789632) initialized
0-0-50 | Olga 24 (ownerId:288122462 - pos <5667.835938, 28.927099, 5408.269043> - islocked:true - password:12011152) initialized
0-0-50 | Olga 24 (ownerId:944065078 - pos <5603.061523, 29.308716, 5382.543457> - islocked:false - password:97319731) initialized
0-0-50 | Robinson R22 Helicopter (ownerId:195214598 - pos <5661.527832, 33.934784, 5246.419434> - islocked:true - password:52528989) initialized
0-0-50 | Robinson R22 Helicopter - Black (ownerId:980466132 - pos <7348.521973, 101.077187, 6033.944824> - islocked:true - password:22392239) initialized
1-32-8 | Robinson R22 Helicopter - Black (ownerId:116364714 - pos <5677.878906, 33.134804, 5246.396484> - islocked:true - password:25082508) new car claimed
4-19-56 | Robinson R22 Helicopter - Black (ownerId:34745177 - pos <1129.729370, 21.686993, 15258.035156> - islocked:true - password:67698687) new car claimed
