Creation Time: 2023_4_9-12-0-50
12-0-50 | M3S Covered (ownerId:88929178 - pos <13264.672852, 9.352253, 4688.312988> - islocked:false - password:3070104) initialized
12-0-50 | Robinson R22 Helicopter (ownerId:940915030 - pos <9512.575195, 102.761208, 3733.148193> - islocked:true - password:11853737) initialized
12-0-50 | Sarka 120 (ownerId:940915030 - pos <9511.229492, 102.703140, 3751.685303> - islocked:true - password:11853737) initialized
12-0-50 | UH-60 Blackhawk - Woodland (ownerId:85319837 - pos <3985.975586, 16.854155, 3474.664307> - islocked:true - password:1111110) initialized
12-0-50 | Ada 4x4 (ownerId:980466132 - pos <6796.080566, 39.191582, 1804.229736> - islocked:true - password:22392239) initialized
12-0-50 | Sarka 120 (ownerId:62166080 - pos <6800.770020, 39.113411, 1806.384521> - islocked:true - password:22392239) initialized
12-0-50 | M3S Covered (ownerId:62166080 - pos <6796.266113, 39.129303, 1809.292480> - islocked:true - password:22392239) initialized
12-0-50 | Robinson R22 Helicopter - Red (ownerId:980466132 - pos <6784.648926, 53.509369, 1834.198853> - islocked:false - password:22392239) initialized
12-0-50 | UH-60 Blackhawk Cargo (ownerId:980466132 - pos <6772.557617, 54.686176, 1850.049194> - islocked:true - password:22392239) initialized
12-0-50 | Robinson R22 Helicopter - Black (ownerId:108250772 - pos <8696.025391, 2.231339, 5545.102539> - islocked:false - password:14789632) initialized
12-0-50 | Robinson R22 Helicopter - Black (ownerId:980466132 - pos <7346.799316, 101.076775, 6032.034180> - islocked:true - password:22392239) initialized
12-0-50 | Gunter 2 (ownerId:85319837 - pos <5602.360840, 28.839611, 5347.929688> - islocked:true - password:1111110) initialized
12-0-50 | Robinson R22 Helicopter - Black (ownerId:108250772 - pos <5674.999023, 29.361204, 5389.422363> - islocked:true - password:12345678) initialized
12-0-50 | Olga 24 (ownerId:195214598 - pos <5644.631836, 28.421375, 5433.670410> - islocked:true - password:52898989) initialized
12-0-50 | M3S Covered (ownerId:67657702 - pos <5519.386719, 11.273372, 6204.594727> - islocked:true - password:19944991) initialized
12-0-50 | Sarka 120 (ownerId:67657702 - pos <5909.891602, 1.379301, 8396.426758> - islocked:true - password:19944991) initialized
12-0-50 | Sarka 120 (ownerId:980466132 - pos <10094.632813, 21.791248, 10858.729492> - islocked:true - password:22392239) initialized
12-0-50 | Olga 24 (ownerId:62166080 - pos <10048.548828, 21.892878, 10816.317383> - islocked:true - password:22392239) initialized
12-0-50 | MH-6M Little Bird - Desert (ownerId:62166080 - pos <11314.990234, 1.719165, 10937.492188> - islocked:false - password:22392239) initialized
12-14-11 | Sarka 120 (ownerId:31876567 - pos <2928.952881, 20.728699, 8858.262695> - islocked:true - password:18675309) new car claimed
12-14-11 | Sarka 120 (ownerId:31876567 - pos <2928.952881, 20.441830, 8858.261719> - islocked:true - password:18675309) initialized
12-14-48 | Sarka 120 (ownerId:31876567 - pos <2928.953369, 20.405016, 8858.260742> - islocked:false - password:18675309) has been deleted
12-35-56 | Sarka 120 (ownerId:31876567 - pos <5601.107910, 28.686035, 5359.532227> - islocked:true - password:18765309) new car claimed
12-38-55 | Sarka 120 (ownerId:31876567 - pos <5671.547363, 29.883848, 5438.176270> - islocked:true - password:18675309) new car claimed
12-38-55 | Sarka 120 (ownerId:31876567 - pos <5671.553223, 29.597454, 5438.178711> - islocked:true - password:18675309) initialized
12-39-42 | Sarka 120 (ownerId:31876567 - pos <5671.501953, 29.557837, 5438.131348> - islocked:false - password:18675309) has been deleted
14-33-28 | Sarka 120 (ownerId:31876567 - pos <3192.219482, 30.257915, 4563.018066> - islocked:true - password:18765309) has been deleted
15-56-14 | Sarka 120 (ownerId:31876567 - pos <3262.392334, 26.691542, 4561.312500> - islocked:true - password:18675309) new car claimed
15-56-14 | Sarka 120 (ownerId:31876567 - pos <3262.392334, 26.391542, 4561.312500> - islocked:true - password:18675309) initialized
16-5-27 | Sarka 120 (ownerId:31876567 - pos <5657.997559, 28.686018, 5418.691895> - islocked:false - password:18675309) has been deleted
