Creation Time: 2023_4_20-12-0-54
12-0-54 | Robinson R22 Helicopter - Black (ownerId:34745177 - pos <9138.468750, 47.951885, 3793.855957> - islocked:false - password:67698687) initialized
12-0-54 | UH-60 Blackhawk Cargo (ownerId:980466132 - pos <1464.484009, 11.497168, 15309.610352> - islocked:true - password:22392239) initialized
12-0-54 | Bell 429 Helicopter (ownerId:195214598 - pos <8112.443359, 214.221161, 11880.533203> - islocked:true - password:52898952) initialized
12-0-54 | UH-60 Blackhawk - blackblackhawk (ownerId:195214598 - pos <8069.666992, 215.248947, 11834.370117> - islocked:true - password:89895252) initialized
12-0-54 | Sarka 120 (ownerId:940915030 - pos <9511.229492, 102.703049, 3751.684814> - islocked:true - password:11853737) initialized
12-0-54 | Robinson R22 Helicopter (ownerId:940915030 - pos <9512.575195, 102.761208, 3733.148193> - islocked:true - password:11853737) initialized
12-0-54 | M3S Covered (ownerId:67657702 - pos <10219.401367, 20.321241, 7928.603516> - islocked:false - password:19944991) initialized
12-0-54 | Olga 24 (ownerId:62166080 - pos <6795.434082, 39.133488, 1803.798096> - islocked:true - password:22392239) initialized
12-0-54 | M3S Covered (ownerId:62166080 - pos <6795.886719, 39.151894, 1808.994995> - islocked:false - password:22392239) initialized
12-0-54 | Ada 4x4 (ownerId:980466132 - pos <6800.919922, 39.177490, 1804.990479> - islocked:true - password:22392239) initialized
12-0-54 | Ada 4x4 (ownerId:62166080 - pos <6801.051270, 39.177586, 1800.987427> - islocked:true - password:22392239) initialized
12-0-54 | Sarka 120 (ownerId:980466132 - pos <6795.105957, 39.738522, 1800.802979> - islocked:true - password:22392239) initialized
12-0-54 | Sarka 120 (ownerId:405166905 - pos <3351.135742, 14.511735, 7579.616699> - islocked:true - password:19910111) initialized
12-0-54 | Robinson R22 Helicopter - Red (ownerId:71319946 - pos <2665.577637, 35.751205, 3317.651611> - islocked:true - password:19944991) initialized
12-0-54 | UH-60 Blackhawk - blackblackhawk (ownerId:195214598 - pos <3224.051514, 7.616056, 1721.952637> - islocked:true - password:52528989) initialized
12-0-54 | Gunter 2 (ownerId:965259563 - pos <3734.647705, 5.696760, 2547.140137> - islocked:true - password:11367275) initialized
12-0-54 | M3S Covered (ownerId:965259563 - pos <3757.224609, 5.621888, 2565.212158> - islocked:true - password:11367275) initialized
12-0-54 | Olga 24 (ownerId:965259563 - pos <3750.341309, 5.603656, 2577.205322> - islocked:true - password:11367275) initialized
12-0-54 | Robinson R22 Helicopter (ownerId:965259563 - pos <3801.712891, 6.131207, 2550.119629> - islocked:true - password:11367275) initialized
12-0-54 | M3S Covered (ownerId:108250772 - pos <4521.240234, 10.390021, 3203.358398> - islocked:true - password:78945612) initialized
12-0-54 | Bell 429 Helicopter (ownerId:88929178 - pos <4535.771973, 17.384178, 3159.236572> - islocked:true - password:371400) initialized
12-0-54 | UH-60 Blackhawk - Woodland (ownerId:85319837 - pos <3985.974365, 16.854181, 3474.665039> - islocked:true - password:1111110) initialized
12-0-54 | Robinson R22 Helicopter - Black (ownerId:980466132 - pos <7348.521973, 101.077171, 6033.944824> - islocked:true - password:22392239) initialized
12-0-54 | Olga 24 (ownerId:288122462 - pos <5668.041504, 28.911732, 5408.251953> - islocked:true - password:12011152) initialized
12-0-54 | Robinson R22 Helicopter (ownerId:195214598 - pos <5671.535156, 33.241245, 5256.130371> - islocked:true - password:52528989) initialized
12-0-54 | Sarka 120 (ownerId:194642746 - pos <5451.912598, 5.279330, 4626.821289> - islocked:true - password:15474555) initialized
12-0-54 | MH-6M Little Bird - Desert (ownerId:62166080 - pos <6773.009766, 54.240913, 1834.931763> - islocked:true - password:22392239) initialized
12-0-54 | Robinson R22 Helicopter - Black (ownerId:62166080 - pos <6786.493164, 53.509373, 1834.474243> - islocked:true - password:22392239) initialized
12-0-54 | M3S Covered (ownerId:944065078 - pos <7651.871094, 20.340544, 3863.831543> - islocked:true - password:25082508) initialized
12-0-54 | Sarka 120 (ownerId:944065078 - pos <7658.119141, 18.604856, 3869.330322> - islocked:true - password:25082508) initialized
12-0-54 | Olga 24 (ownerId:944065078 - pos <7655.445313, 19.534529, 3867.467041> - islocked:true - password:97319731) initialized
12-0-54 | M3S Covered (ownerId:8156911 - pos <6232.801758, 5.800196, 9593.156250> - islocked:false - password:15500000) initialized
