Creation Time: 2023_6_5-6-0-49
6-0-49 | MH-6M Little Bird - Desert (ownerId:132652049 - pos <10045.665039, 8.208423, 1098.988281> - islocked:false - password:13579246) initialized
6-0-49 | YAR_87 Camo2  (ownerId:34611550 - pos <2479.803223, 18.705570, 13963.025391> - islocked:true - password:19892004) initialized
6-0-49 | STR_Camaro_Lesnik_name (ownerId:442990275 - pos <1955.567505, 9.871471, 8871.879883> - islocked:false - password:42014201) initialized
6-0-49 | ToyotaHilux Camo (ownerId:442990275 - pos <1970.969238, 10.226634, 8862.417969> - islocked:true - password:42014201) initialized
6-0-49 | ToyotaHilux White (ownerId:60592768 - pos <9560.009766, 4.309813, 5946.573242> - islocked:true - password:19651965) initialized
6-0-49 | M3S Covered (ownerId:249230507 - pos <8282.144531, 4.975741, 9352.204102> - islocked:true - password:33333333) initialized
6-0-49 | Robinson R22 Helicopter (ownerId:249230507 - pos <8092.914063, 13.178655, 9330.942383> - islocked:true - password:33333333) initialized
6-0-49 | STR_EGER_name (ownerId:980466132 - pos <3688.979492, 12.083063, 9772.874023> - islocked:true - password:22392239) initialized
6-0-49 | Sarka 120 (ownerId:144736642 - pos <7340.154785, 7.426157, 8406.083984> - islocked:true - password:41941941) initialized
6-0-49 | Olga 24 (ownerId:86564395 - pos <5683.289063, 5.538031, 9264.157227> - islocked:true - password:59005900) initialized
6-0-49 | Ada 4x4 (ownerId:839735782 - pos <4959.759766, 15.152241, 8482.845703> - islocked:true - password:1051997) initialized
6-0-49 | LUAZ 969 black (ownerId:36527682 - pos <7718.376953, 36.262543, 6068.660645> - islocked:true - password:93991005) initialized
6-0-49 | MOSKVICH 2140 (ownerId:288122462 - pos <6883.863281, 34.121441, 5878.004883> - islocked:true - password:12321123) initialized
6-0-49 | M3S Covered (ownerId:86564395 - pos <4550.290527, 27.460148, 7875.549805> - islocked:false - password:59005900) initialized
6-0-49 | Jeep Wrangler black  (ownerId:308099129 - pos <3929.318359, 12.055122, 7918.307129> - islocked:true - password:9131988) initialized
6-0-49 | MH-6M Little Bird (ownerId:34611550 - pos <4271.984863, 21.744884, 7303.545410> - islocked:true - password:19892004) initialized
6-0-49 | Jeep Wrangler Blue (ownerId:34611550 - pos <4246.239258, 21.212748, 7292.730957> - islocked:true - password:19892004) initialized
6-0-49 | Olga 24 (ownerId:501895347 - pos <3569.561768, 21.127201, 6543.793945> - islocked:true - password:42775920) initialized
6-0-49 | Jeep Wrangler (ownerId:944065078 - pos <5667.188477, 29.417984, 5339.477051> - islocked:false - password:97319731) initialized
6-0-49 | Audi RS6 (ownerId:85319837 - pos <5682.029785, 33.497173, 5242.732422> - islocked:true - password:1111110) initialized
6-0-49 | Olga 24 (ownerId:369601190 - pos <5686.163086, 33.443775, 5266.452637> - islocked:true - password:80081355) initialized
6-0-49 | LUAZ 969 black (ownerId:88929178 - pos <4146.072754, 4.054575, 4199.207031> - islocked:true - password:371400) initialized
6-0-49 | UAZ_2315 Red (ownerId:405166905 - pos <3412.382813, 19.420675, 4543.567383> - islocked:true - password:1111991) initialized
6-0-49 | MOSKVICH 2140 (ownerId:54276291 - pos <5440.695313, 6.832764, 4639.790527> - islocked:true - password:12348262) initialized
6-0-49 | Olga 24 (ownerId:416867315 - pos <5378.852051, 74.598732, 3968.254395> - islocked:true - password:19993420) initialized
6-0-49 | MOSKVICH 2140 (ownerId:137318436 - pos <4304.500488, 3.855573, 4680.525391> - islocked:true - password:20090909) initialized
