Creation Time: 2023_7_21-12-0-51
12-0-51 | LUAZ 969 red (ownerId:405166905 - pos <5356.917969, 35.382145, 641.903687> - islocked:true - password:11111111) initialized
12-0-51 | Nissan warrior Camo (ownerId:526094573 - pos <9844.184570, 14.827803, 10807.081055> - islocked:false - password:77899511) initialized
12-0-51 | UAZ 3909 Police (ownerId:60592768 - pos <3231.810303, 3.497946, 1732.096680> - islocked:true - password:13121312) initialized
12-0-51 | STR_Camaro_Nest_name (ownerId:60592768 - pos <3246.134521, 3.116042, 1750.852173> - islocked:true - password:13121312) initialized
12-0-51 | Offroad Range Rover police  (ownerId:60592768 - pos <3239.770752, 3.228037, 1719.024536> - islocked:true - password:13121312) initialized
12-0-51 | MH-6M Little Bird - Camo (ownerId:119248354 - pos <2785.052979, 70.433380, 4634.787598> - islocked:true - password:48151623) initialized
12-0-51 | Oshkosh (ownerId:197257182 - pos <2799.506104, 69.918602, 4663.191406> - islocked:true - password:48151623) initialized
12-0-51 | STR_EGER_GreenCamo_name (ownerId:197257182 - pos <2802.367432, 69.987411, 4663.776855> - islocked:true - password:48151623) initialized
12-0-51 |  Novator Flecktarn (ownerId:48698262 - pos <2795.422852, 69.814301, 4663.095215> - islocked:true - password:48151623) initialized
12-0-51 | MH-6M Little Bird - Camo (ownerId:132652049 - pos <5677.182617, 30.092625, 5390.803223> - islocked:true - password:9021997) initialized
12-0-51 | Velociraptor6x6 Camo2  (ownerId:407766611 - pos <5622.966797, 29.525606, 5388.081055> - islocked:true - password:55555552) initialized
12-0-51 | Velociraptor6x6 Camo (ownerId:407766611 - pos <5618.784180, 29.525600, 5384.137695> - islocked:true - password:55555552) initialized
12-0-51 | UAZ 3909 Beige (ownerId:795695470 - pos <5623.590820, 29.498135, 5350.581543> - islocked:true - password:8031991) initialized
12-0-51 | Gunter 2 (ownerId:48698262 - pos <5639.049316, 28.903137, 5333.078125> - islocked:true - password:48151623) initialized
12-0-51 | LUAZ 969 rust (ownerId:127107249 - pos <5615.891113, 29.287172, 5349.461914> - islocked:true - password:12186270) initialized
12-0-51 | Ada 4x4 (ownerId:369601190 - pos <5668.549316, 29.263680, 5470.106445> - islocked:true - password:42014201) initialized
12-0-51 | BMW X5 Flecktarn (ownerId:53415379 - pos <4264.653809, 20.914972, 7260.538574> - islocked:true - password:7101993) initialized
12-0-51 | Oshkosh grey (ownerId:64819467 - pos <4275.676270, 21.358603, 7271.527832> - islocked:true - password:7101993) initialized
12-0-51 | Toyota Land Cruiser 200 Camo (ownerId:119311623 - pos <4269.525391, 21.010038, 7264.752441> - islocked:true - password:7101993) initialized
12-0-51 | UAZ_2315 Red (ownerId:369601190 - pos <3777.649414, 16.643005, 9055.050781> - islocked:true - password:45645645) initialized
12-0-51 | MOSKVICH 2140 (ownerId:882346394 - pos <6661.942383, 15.562332, 6318.885254> - islocked:true - password:42091103) initialized
12-0-51 | Offroad Range Rover Yellow  (ownerId:103808025 - pos <3635.527344, 16.122482, 9634.207031> - islocked:true - password:55677777) initialized
12-0-51 | STR_EGER_GreenCamo_name (ownerId:523991778 - pos <5897.891113, 37.047966, 5222.829102> - islocked:false - password:22392239) initialized
12-0-51 | Jeep Wrangler green  (ownerId:523450192 - pos <5904.747559, 37.209141, 5221.330078> - islocked:true - password:22392239) initialized
12-0-51 | MH-6M Little Bird - Camo (ownerId:523450192 - pos <5891.183594, 41.853741, 5228.957031> - islocked:true - password:22392239) initialized
12-0-51 | Toyota Land Cruiser 200 Camo2  (ownerId:93344906 - pos <5675.304199, 33.515644, 5275.217773> - islocked:true - password:48151623) initialized
12-0-51 | Olga 24 (ownerId:795695470 - pos <5671.740234, 33.659817, 5278.510742> - islocked:true - password:8031991) initialized
12-0-51 | MH-6M Little Bird - Camo (ownerId:88929178 - pos <4424.508789, 12.575641, 4605.745117> - islocked:true - password:371400) initialized
12-0-51 | Mercedes-Benz W140 Blue (ownerId:88929178 - pos <4427.227539, 6.679066, 4607.086914> - islocked:true - password:371400) initialized
12-0-51 | M3S Covered (ownerId:442990275 - pos <3920.354736, 25.790152, 4839.752441> - islocked:true - password:42014201) initialized
12-0-51 | UAZ HUNTER (ownerId:442990275 - pos <3922.226807, 25.604904, 4828.161133> - islocked:true - password:37579090) initialized
12-0-51 | Olga 24 (ownerId:442990275 - pos <3923.053955, 25.437380, 4804.560547> - islocked:true - password:42014201) initialized
12-0-51 | Olga 24 (ownerId:442990275 - pos <3922.755371, 25.518726, 4800.962891> - islocked:true - password:42014201) initialized
12-0-51 | Olga 24 (ownerId:442990275 - pos <3922.905273, 25.518759, 4797.623535> - islocked:true - password:42014201) initialized
12-0-51 | Gunter 2 (ownerId:442990275 - pos <3922.709229, 25.603891, 4793.147949> - islocked:true - password:42014201) initialized
12-0-51 | UAZ_2315 (ownerId:442990275 - pos <3960.855225, 25.494823, 4850.235840> - islocked:true - password:42014201) initialized
12-0-51 | SCOUT Black (ownerId:442990275 - pos <3951.522461, 25.773998, 4851.550293> - islocked:true - password:37579090) initialized
12-0-51 | MH-6M Little Bird (ownerId:442990275 - pos <3973.468262, 26.211430, 4863.990234> - islocked:true - password:37579090) initialized
12-0-51 | Gunter 2 (ownerId:218588421 - pos <3803.470215, 7.119914, 5908.168945> - islocked:true - password:3081984) initialized
12-0-51 | Sarka 120 (ownerId:119311623 - pos <3402.774902, 23.253851, 6189.946289> - islocked:true - password:7101993) initialized
12-0-51 | Velociraptor6x6 Camo2  (ownerId:262549311 - pos <7192.206543, 61.650349, 5887.838379> - islocked:true - password:24680000) initialized
12-0-51 | BMW (ownerId:447071218 - pos <5590.676270, 29.079435, 5376.495117> - islocked:false - password:15148636) initialized
12-20-17 | UH-60 Blackhawk - Budhawk (ownerId:369601190 - pos <5622.444824, 29.009998, 5359.256836> - islocked:true - password:54879586) new car claimed
12-20-17 | UH-60 Blackhawk - Budhawk (ownerId:369601190 - pos <5622.444824, 29.009998, 5359.256836> - islocked:true - password:54879586) initialized
12-28-30 | UH-60 Blackhawk - Budhawk (ownerId:369601190 - pos <5622.447754, 28.785419, 5359.259766> - islocked:true - password:54879586) has been deleted
16-5-1 | Opel Astra Chrome (ownerId:127107249 - pos <5425.148438, 73.887306, 3751.571533> - islocked:true - password:12186270) new car claimed
