Creation Time: 2023_7_30-6-0-57
6-0-57 | BMW X5 Red (ownerId:59769977 - pos <14095.336914, 4.708544, 5464.803223> - islocked:true - password:19891604) initialized
6-0-57 | Camaro Red (ownerId:369601190 - pos <9968.046875, 22.246040, 11010.371094> - islocked:true - password:55555555) initialized
6-0-57 | Offroad Range Rover police  (ownerId:60592768 - pos <3234.645508, 3.228037, 1725.417236> - islocked:true - password:13121312) initialized
6-0-57 | UAZ 3909 Police (ownerId:60592768 - pos <3233.327148, 3.497946, 1730.806885> - islocked:true - password:13121312) initialized
6-0-57 | STR_Camaro_Nest_name (ownerId:60592768 - pos <6081.369141, 6.340226, 14745.529297> - islocked:true - password:13121312) initialized
6-0-57 | Olga 24 (ownerId:40055959 - pos <8923.626953, 5.862735, 10450.849609> - islocked:true - password:19711971) initialized
6-0-57 | UAZ469 (ownerId:40055959 - pos <8935.064453, 6.384639, 10443.116211> - islocked:false - password:19711971) initialized
6-0-57 | Olga 24 (ownerId:40055959 - pos <8929.097656, 5.862722, 10450.916992> - islocked:true - password:19711971) initialized
6-0-57 | MOSKVICH 2140 (ownerId:882346394 - pos <6662.094727, 15.562322, 6318.888184> - islocked:true - password:42091103) initialized
6-0-57 | Velociraptor6x6 Camo2  (ownerId:262549311 - pos <7193.149414, 61.642944, 5886.734375> - islocked:true - password:24680000) initialized
6-0-57 | STR_Camaro_Veter_name (ownerId:88929178 - pos <7719.938477, 6.170794, 6786.017090> - islocked:true - password:371400) initialized
6-0-57 | MH-6M Little Bird - Camo (ownerId:88929178 - pos <7720.086914, 13.613595, 6788.978516> - islocked:true - password:371400) initialized
6-0-57 | Toyota Land Cruiser 200 Camo2  (ownerId:88929178 - pos <7728.020508, 6.374509, 6790.578613> - islocked:true - password:371400) initialized
6-0-57 | Mercedes-Benz W140 Blue (ownerId:88929178 - pos <7725.358398, 6.166998, 6795.729980> - islocked:true - password:371400) initialized
6-0-57 | UH-60 Blackhawk - Budhawk (ownerId:511479797 - pos <1730.376221, 20.607357, 8894.673828> - islocked:true - password:27181500) initialized
6-0-57 | UH-60 Blackhawk - blackblackhawk (ownerId:447071218 - pos <1738.420044, 20.607357, 8908.575195> - islocked:true - password:15148636) initialized
6-0-57 | AH-64 Apache Longbow (ownerId:442990275 - pos <1987.040283, 46.102459, 9025.177734> - islocked:true - password:37579090) initialized
6-0-57 | MH-6M Little Bird - Camo (ownerId:132652049 - pos <1992.722778, 45.808277, 9015.301758> - islocked:true - password:9021997) initialized
6-0-57 | UH-60 Blackhawk Cargo (ownerId:119248354 - pos <2000.766357, 45.147511, 9026.885742> - islocked:false - password:11082007) initialized
6-0-57 | LUAZ 969 (ownerId:75086644 - pos <2135.371582, 14.966352, 9181.180664> - islocked:true - password:10182009) initialized
6-0-57 | STR_SCOUT_snik2_name (ownerId:24259541 - pos <7852.693359, 3.461517, 3841.670898> - islocked:true - password:17500720) initialized
6-0-57 | HAMMER_H1 (ownerId:965259563 - pos <4585.241699, 3.463038, 2661.515137> - islocked:true - password:54146888) initialized
6-0-57 | Olga 24 (ownerId:407766611 - pos <6037.345703, 13.055607, 4954.377930> - islocked:true - password:80081355) initialized
6-0-57 | BMW black (ownerId:407766611 - pos <6045.813965, 12.806580, 4956.924316> - islocked:true - password:80081355) initialized
6-0-57 | BMW lightgreen (ownerId:407766611 - pos <6050.001953, 12.794464, 4957.398438> - islocked:true - password:80081355) initialized
6-0-57 | BMW X5 White  (ownerId:407766611 - pos <6061.447266, 12.869501, 4955.029297> - islocked:true - password:80081355) initialized
6-0-57 | STR_EGER_GreenCamo_name (ownerId:523991778 - pos <6473.370117, 26.209623, 8384.213867> - islocked:true - password:22392239) initialized
6-0-57 | Velociraptor6x6 Camo2  (ownerId:407766611 - pos <5983.995117, 14.216504, 4965.222656> - islocked:true - password:80081355) initialized
6-0-57 | Velociraptor6x6 Camo (ownerId:407766611 - pos <5977.549316, 14.299562, 4972.379883> - islocked:true - password:80081355) initialized
6-0-57 | Gelenvagen carbon (ownerId:407766611 - pos <5987.045410, 14.379898, 4969.809570> - islocked:true - password:80081355) initialized
6-0-57 | MUSTANG white (ownerId:407766611 - pos <5999.725098, 14.013288, 4970.766113> - islocked:true - password:55252252) initialized
6-0-57 | STR_Camaro_Sibirs_name (ownerId:407766611 - pos <5983.155273, 13.828519, 4983.386719> - islocked:true - password:55555552) initialized
6-0-57 | Chevrolet Corvette (ownerId:407766611 - pos <6000.451172, 13.610808, 4982.084473> - islocked:true - password:55252252) initialized
6-0-57 | ToyotaHilux Camo (ownerId:407766611 - pos <9691.777344, 30.274799, 11499.625000> - islocked:true - password:55555552) initialized
6-0-57 | UH-60 Blackhawk - blackblackhawk (ownerId:119311623 - pos <4271.104492, 21.234703, 7298.660645> - islocked:true - password:7101993) initialized
6-0-57 | Nissan warrior Camo (ownerId:119311623 - pos <4249.224609, 21.283245, 7296.622559> - islocked:true - password:7101993) initialized
6-0-57 | BMW X5 Black (ownerId:215888376 - pos <4252.217773, 21.092596, 7298.234863> - islocked:true - password:7101993) initialized
6-0-57 | Toyota Land Cruiser 200 Camo (ownerId:119311623 - pos <4245.726563, 21.187666, 7293.646973> - islocked:true - password:7101993) initialized
6-0-57 | Oshkosh grey (ownerId:64819467 - pos <4245.043457, 21.536228, 7274.150391> - islocked:true - password:7101993) initialized
6-0-57 | LUAZ 969 red (ownerId:405166905 - pos <5645.626465, 28.382242, 5434.258789> - islocked:true - password:11111111) initialized
6-0-57 | Opel Astra Chrome (ownerId:127107249 - pos <5658.357910, 28.305758, 5374.205566> - islocked:true - password:12186270) initialized
6-0-57 | Jeep Wrangler Camo (ownerId:526094573 - pos <5657.599609, 33.231243, 5280.386230> - islocked:true - password:11025255) initialized
6-0-57 | Gunter 2 (ownerId:48698262 - pos <5667.076660, 33.963940, 5245.088379> - islocked:true - password:48151623) initialized
6-0-57 | Olga 24 (ownerId:327529037 - pos <5656.680176, 33.722668, 5254.986328> - islocked:true - password:29292900) initialized
6-0-57 | Robinson R22 Helicopter - Black (ownerId:521855408 - pos <5353.459473, 10.694800, 5395.115723> - islocked:true - password:9102021) initialized
6-0-57 | UAZ 3909 Beige (ownerId:795695470 - pos <5468.091309, 15.597904, 4924.886719> - islocked:true - password:8031991) initialized
6-0-57 | Ada 4x4 (ownerId:369601190 - pos <5474.475098, 15.605408, 4931.196289> - islocked:true - password:42014201) initialized
6-0-57 | MH-6M Little Bird (ownerId:442990275 - pos <3963.705322, 26.446157, 4812.400879> - islocked:false - password:37579090) initialized
6-0-57 | Gaz 71 Black (ownerId:119248354 - pos <3973.920410, 25.741245, 4838.036133> - islocked:false - password:11082007) initialized
6-0-57 | MH-6M Little Bird - Camo (ownerId:197257182 - pos <3947.855713, 36.709938, 4810.045898> - islocked:true - password:48151623) initialized
6-0-57 | Offroad Range Rover Yellow  (ownerId:103808025 - pos <7264.238281, 602.155884, 11730.521484> - islocked:true - password:55677777) initialized
6-0-57 | Gunter 2 (ownerId:218588421 - pos <3805.932373, 6.893280, 5906.657715> - islocked:true - password:3081984) initialized
11-30-46 | Olga 24 (ownerId:40055959 - pos <8929.097656, 5.862725, 10450.918945> - islocked:false - password:19711971) has been deleted
11-43-23 | Camaro Red (ownerId:369601190 - pos <9962.924805, 21.858757, 11023.654297> - islocked:false - password:55555555) has been deleted
11-51-38 | ToyotaHilux Camo (ownerId:407766611 - pos <9691.722656, 29.550251, 11499.572266> - islocked:true - password:55555552) has been deleted
11-52-7 | Camaro Red (ownerId:369601190 - pos <9617.131836, 33.008751, 11393.683594> - islocked:true - password:55555555) new car claimed
11-52-7 | Camaro Red (ownerId:369601190 - pos <9617.131836, 33.008751, 11393.683594> - islocked:true - password:55555555) initialized
