Creation Time: 2023_7_31-0-0-57
0-0-57 | Gaz 71 Black (ownerId:93344906 - pos <3965.116943, 25.741262, 4853.943359> - islocked:true - password:29292900) initialized
0-0-57 | MUSTANG Red (ownerId:327529037 - pos <3978.945068, 25.699394, 4830.759277> - islocked:true - password:10801080) initialized
0-0-57 | URAL 4320 KUNG (ownerId:965259563 - pos <3967.669189, 26.038006, 4861.955566> - islocked:false - password:29290000) initialized
0-0-57 | LUAZ 969 red (ownerId:405166905 - pos <5645.623535, 28.381937, 5434.259277> - islocked:true - password:11111111) initialized
0-0-57 | LUAZ 969 (ownerId:75086644 - pos <5643.027344, 28.335119, 5433.837402> - islocked:true - password:10182009) initialized
0-0-57 | STR_SCOUT_snik2_name (ownerId:24259541 - pos <8453.860352, 190.714264, 12385.110352> - islocked:true - password:17500720) initialized
0-0-57 | MH-6M Little Bird (ownerId:17954802 - pos <8553.461914, 186.988922, 12394.945313> - islocked:true - password:20090909) initialized
0-0-57 | MH-6M Little Bird - Camo (ownerId:197257182 - pos <4833.179688, 23.302618, 8338.271484> - islocked:true - password:48151623) initialized
0-0-57 | Olga 24 (ownerId:407766611 - pos <6037.345703, 13.055586, 4954.377930> - islocked:true - password:80081355) initialized
0-0-57 | Olga 24 (ownerId:407766611 - pos <6040.757324, 13.052370, 4961.297363> - islocked:true - password:42014201) initialized
0-0-57 | Sarka 120 (ownerId:407766611 - pos <6037.000488, 13.071074, 4960.693848> - islocked:true - password:42014201) initialized
0-0-57 | Velociraptor6x6 Camo2  (ownerId:407766611 - pos <5981.119141, 14.263259, 4965.185547> - islocked:true - password:80081355) initialized
0-0-57 | Velociraptor6x6 Camo (ownerId:407766611 - pos <5977.549316, 14.299560, 4972.379395> - islocked:true - password:80081355) initialized
0-0-57 | MUSTANG white (ownerId:407766611 - pos <5999.725098, 14.013288, 4970.766113> - islocked:true - password:55252252) initialized
0-0-57 | Chevrolet Corvette (ownerId:407766611 - pos <6000.451172, 13.610802, 4982.084473> - islocked:true - password:55252252) initialized
0-0-57 | BMW X5 White  (ownerId:407766611 - pos <6061.447266, 12.869501, 4955.029297> - islocked:true - password:80081355) initialized
0-0-57 | Toyota Land Cruiser 200 Camo2  (ownerId:407766611 - pos <6058.545898, 12.974709, 4955.606934> - islocked:true - password:371400) initialized
0-0-57 | BMW lightgreen (ownerId:407766611 - pos <6050.001953, 12.794456, 4957.398438> - islocked:true - password:80081355) initialized
0-0-57 | BMW black (ownerId:407766611 - pos <6045.813965, 12.806602, 4956.924316> - islocked:true - password:80081355) initialized
0-0-57 | Olga 24 (ownerId:407766611 - pos <6044.156738, 13.046446, 4960.771484> - islocked:true - password:42014201) initialized
0-0-57 | Mercedes-Benz W140 Blue (ownerId:407766611 - pos <6048.899414, 12.815228, 4963.563477> - islocked:true - password:371400) initialized
0-0-57 | Gunter 2 (ownerId:218588421 - pos <3805.942627, 6.893419, 5906.666992> - islocked:true - password:3081984) initialized
0-0-57 | Robinson R22 Helicopter - Black (ownerId:521855408 - pos <5531.109863, 13.210571, 5500.392578> - islocked:true - password:9102021) initialized
0-0-57 | ToyotaHilux White (ownerId:108250772 - pos <5488.203613, 10.863392, 5524.611816> - islocked:true - password:9102021) initialized
0-0-57 | Olga 24 (ownerId:327529037 - pos <6688.970703, 15.688730, 6301.312500> - islocked:false - password:29292900) initialized
0-0-57 | MOSKVICH 2140 (ownerId:882346394 - pos <6662.158203, 15.562310, 6318.679199> - islocked:true - password:42091103) initialized
0-0-57 | UAZ 3909 Beige (ownerId:795695470 - pos <5468.091309, 15.597900, 4924.887695> - islocked:true - password:8031991) initialized
0-0-57 | Ada 4x4 (ownerId:369601190 - pos <5474.475098, 15.605225, 4931.196289> - islocked:true - password:42014201) initialized
0-0-57 | Gunter 2 (ownerId:48698262 - pos <5667.067383, 33.963902, 5245.087402> - islocked:true - password:48151623) initialized
0-0-57 | MOSKVICH 2140 (ownerId:288122462 - pos <3657.418213, 20.914568, 6515.144043> - islocked:true - password:12321123) initialized
0-0-57 | Jeep Wrangler Camo (ownerId:526094573 - pos <5657.599609, 33.230659, 5280.386230> - islocked:true - password:11025255) initialized
0-0-57 | Oshkosh grey (ownerId:64819467 - pos <4245.042969, 21.536226, 7274.150879> - islocked:true - password:7101993) initialized
0-0-57 | BMW X5 Red (ownerId:119311623 - pos <4246.027832, 21.092596, 7293.663574> - islocked:true - password:7101993) initialized
0-0-57 | UH-60 Blackhawk - blackblackhawk (ownerId:119311623 - pos <4271.121582, 21.234671, 7298.647461> - islocked:true - password:7101993) initialized
0-0-57 | BMW X5 Black (ownerId:215888376 - pos <4253.251465, 21.092596, 7299.220215> - islocked:true - password:7101993) initialized
0-0-57 | Nissan warrior Camo (ownerId:119311623 - pos <4249.204590, 21.283245, 7296.089355> - islocked:true - password:7101993) initialized
0-0-57 | Offroad Range Rover Yellow  (ownerId:103808025 - pos <7264.238281, 602.155823, 11730.521484> - islocked:true - password:55677777) initialized
0-0-57 | Velociraptor6x6 Camo2  (ownerId:262549311 - pos <7193.150879, 61.642883, 5886.736328> - islocked:true - password:24680000) initialized
0-0-57 | BMW X5 Red (ownerId:59769977 - pos <4428.619629, 5.312579, 12404.168945> - islocked:true - password:19891604) initialized
0-0-57 | STR_Camaro_Nest_name (ownerId:60592768 - pos <6081.369141, 6.340249, 14745.529297> - islocked:true - password:13121312) initialized
0-0-57 | Offroad Range Rover police  (ownerId:60592768 - pos <3234.645508, 3.228037, 1725.417236> - islocked:true - password:13121312) initialized
0-0-57 | UAZ 3909 Police (ownerId:60592768 - pos <3233.327148, 3.497940, 1730.800049> - islocked:true - password:13121312) initialized
0-0-57 | SUV US (ownerId:17954802 - pos <3768.499023, 6.188965, 2601.694092> - islocked:false - password:20090909) initialized
0-0-57 | MH-6M Little Bird - Camo (ownerId:88929178 - pos <7718.265625, 13.613757, 6787.904785> - islocked:true - password:371400) initialized
0-0-57 | Gelenvagen carbon (ownerId:88929178 - pos <7724.442383, 6.814731, 6788.958496> - islocked:false - password:371400) initialized
0-0-57 | UAZ469 (ownerId:40055959 - pos <8935.064453, 6.384639, 10443.116211> - islocked:true - password:19711971) initialized
0-0-57 | Olga 24 (ownerId:40055959 - pos <8923.626953, 5.862726, 10450.855469> - islocked:true - password:19711971) initialized
0-0-57 | BMW (ownerId:407766611 - pos <9890.951172, 22.314651, 11016.826172> - islocked:true - password:78954545) initialized
0-0-57 | UH-60 Blackhawk - Budhawk (ownerId:511479797 - pos <1730.294189, 20.607361, 8894.676758> - islocked:false - password:27181500) initialized
0-0-57 | Oshkosh (ownerId:511479797 - pos <1729.901123, 10.153421, 8920.922852> - islocked:true - password:27181500) initialized
0-0-57 | UH-60 Blackhawk - blackblackhawk (ownerId:447071218 - pos <1740.449707, 20.608358, 8905.538086> - islocked:true - password:15148636) initialized
0-0-57 | AH-64 Apache Longbow (ownerId:442990275 - pos <1987.021484, 46.102463, 9025.179688> - islocked:true - password:37579090) initialized
0-0-57 | MH-6M Little Bird (ownerId:442990275 - pos <1989.713257, 45.797436, 9018.436523> - islocked:true - password:37579090) initialized
0-0-57 | MH-6M Little Bird - Camo (ownerId:132652049 - pos <1992.870239, 45.808281, 9015.020508> - islocked:true - password:9021997) initialized
0-0-57 | UH-60 Blackhawk Cargo (ownerId:119248354 - pos <2000.784546, 45.147514, 9026.887695> - islocked:false - password:11082007) initialized
1-44-11 | SUV US (ownerId:17954802 - pos <3768.234131, 5.483489, 2601.207031> - islocked:false - password:20090909) has been deleted
1-49-27 | MH-6M Little Bird (ownerId:17954802 - pos <3790.922363, 17.700117, 2582.510742> - islocked:false - password:20090909) has been deleted
2-39-54 | SUV US (ownerId:17954802 - pos <3811.206299, 5.780001, 2602.150391> - islocked:true - password:20090909) new car claimed
2-39-54 | SUV US (ownerId:17954802 - pos <3811.206299, 5.780001, 2602.150391> - islocked:true - password:20090909) initialized
3-54-11 | SUV US (ownerId:17954802 - pos <3807.798828, 5.483465, 2591.457520> - islocked:false - password:20090909) has been deleted
5-47-22 | M3S Covered (ownerId:40055959 - pos <8282.110352, 5.068583, 9352.206055> - islocked:true - password:19711971) new car claimed
