Creation Time: 2023_6_4-0-0-48
0-0-48 | MH-6M Little Bird - Desert (ownerId:132652049 - pos <10045.665039, 8.208423, 1098.988281> - islocked:false - password:13579246) initialized
0-0-48 | Robinson R22 Helicopter (ownerId:249230507 - pos <15721.632813, 39.989208, 4669.141602> - islocked:true - password:33333333) initialized
0-0-48 | Olga 24 (ownerId:442990275 - pos <11667.243164, 6.122770, 2074.086182> - islocked:true - password:42014201) initialized
0-0-48 | Sarka 120 (ownerId:144736642 - pos <7340.156250, 7.426137, 8406.083984> - islocked:true - password:41941941) initialized
0-0-48 | YAR_87 Camo2  (ownerId:34611550 - pos <2479.809570, 18.707205, 13963.035156> - islocked:true - password:19892004) initialized
0-0-48 | ToyotaHilux White (ownerId:60592768 - pos <10551.953125, 18.814447, 10766.350586> - islocked:true - password:19651965) initialized
0-0-48 | LUAZ 969 black (ownerId:36527682 - pos <7718.376953, 36.262547, 6068.660645> - islocked:true - password:93991005) initialized
0-0-48 | UAZ_2315 Red (ownerId:405166905 - pos <3412.393066, 19.420725, 4543.570313> - islocked:true - password:1111991) initialized
0-0-48 | STR_EGER_name (ownerId:980466132 - pos <3688.973877, 12.082439, 9772.874023> - islocked:true - password:22392239) initialized
0-0-48 | MH-6M Little Bird - Camo (ownerId:369601190 - pos <1588.420776, 10.481431, 9021.157227> - islocked:true - password:80081355) initialized
0-0-48 | Olga 24 (ownerId:442990275 - pos <1974.361084, 10.094146, 8857.602539> - islocked:true - password:42014201) initialized
0-0-48 | Jeep Wrangler black  (ownerId:308099129 - pos <3929.318359, 12.055122, 7918.307129> - islocked:true - password:9131988) initialized
0-0-48 | Olga 24 (ownerId:86564395 - pos <4547.627930, 27.188728, 7863.291992> - islocked:true - password:59005900) initialized
0-0-48 | Jeep Wrangler Blue (ownerId:34611550 - pos <4246.239258, 21.212746, 7292.730957> - islocked:true - password:19892004) initialized
0-0-48 | MH-6M Little Bird (ownerId:34611550 - pos <4271.984863, 21.744886, 7303.545410> - islocked:true - password:19892004) initialized
0-0-48 | LUAZ 969 black (ownerId:88929178 - pos <4142.233398, 4.172173, 4201.198242> - islocked:true - password:371400) initialized
0-0-48 | Olga 24 (ownerId:501895347 - pos <5601.865234, 29.377590, 5348.706543> - islocked:true - password:42775920) initialized
0-0-48 | SCOUT Black (ownerId:442990275 - pos <5598.245605, 29.397131, 5391.022949> - islocked:true - password:42014201) initialized
0-0-48 | Jeep Wrangler (ownerId:944065078 - pos <5667.188477, 29.416901, 5339.477051> - islocked:false - password:97319731) initialized
0-0-48 | Audi RS6 (ownerId:85319837 - pos <5681.895996, 33.506763, 5242.673828> - islocked:true - password:1111110) initialized
0-0-48 | Ada 4x4 (ownerId:839735782 - pos <5860.714355, 44.855980, 4895.187988> - islocked:true - password:1051997) initialized
0-0-48 | MOSKVICH 2140 (ownerId:54276291 - pos <5440.582031, 6.838039, 4639.793945> - islocked:true - password:12348262) initialized
0-0-48 | MOSKVICH 2140 (ownerId:288122462 - pos <6883.863281, 34.121433, 5878.004883> - islocked:true - password:12321123) initialized
0-0-48 | MOSKVICH 2140 (ownerId:137318436 - pos <4304.500488, 3.855560, 4680.525391> - islocked:true - password:20090909) initialized
0-0-48 | Olga 24 (ownerId:416867315 - pos <5378.852051, 74.598724, 3968.254395> - islocked:true - password:19993420) initialized
