Creation Time: 2023_6_16-3-23-49
3-23-49 | MH-6M Little Bird (ownerId:34611550 - pos <4271.984863, 21.744884, 7303.545410> - islocked:true - password:19892004) initialized
3-23-49 | Jeep Wrangler Blue (ownerId:34611550 - pos <4246.239258, 21.212746, 7292.730957> - islocked:true - password:19892004) initialized
3-23-49 | MH-6M Little Bird - Camo (ownerId:288122462 - pos <3967.853027, 9.535634, 6128.953125> - islocked:true - password:12321123) initialized
3-23-49 | MH-6M Little Bird - Camo (ownerId:405166905 - pos <4739.666016, 11.896302, 4817.575195> - islocked:true - password:1111991) initialized
3-23-49 | Olga 24 (ownerId:405166905 - pos <4608.530762, 5.446142, 4793.424316> - islocked:true - password:1111991) initialized
3-23-49 | UAZ_2315 Red (ownerId:405166905 - pos <4616.096191, 5.530411, 4798.574219> - islocked:true - password:1111991) initialized
3-23-49 | Olga 24 (ownerId:501895347 - pos <5358.979980, 4.853356, 6314.961426> - islocked:true - password:42775920) initialized
3-23-49 | MOSKVICH 2140 (ownerId:137318436 - pos <4304.499023, 3.855551, 4680.524902> - islocked:true - password:20090909) initialized
3-23-49 | Jeep Wrangler black  (ownerId:308099129 - pos <3929.318359, 12.055122, 7918.307129> - islocked:true - password:9131988) initialized
3-23-49 | M3S Covered (ownerId:86564395 - pos <4550.290527, 27.460152, 7875.549805> - islocked:false - password:59005900) initialized
3-23-49 | YAR_87 Camo2  (ownerId:34611550 - pos <2479.783936, 18.704000, 13963.024414> - islocked:true - password:19892004) initialized
3-23-49 | MH-6M Little Bird - Desert (ownerId:132652049 - pos <10045.665039, 8.208422, 1098.988281> - islocked:false - password:13579246) initialized
3-23-49 | STR_EGER_name (ownerId:980466132 - pos <3689.015869, 12.081216, 9772.872070> - islocked:true - password:22392239) initialized
3-23-49 | ToyotaHilux Camo (ownerId:369601190 - pos <1585.865845, 10.096206, 9051.075195> - islocked:false - password:80081355) initialized
3-23-49 | ToyotaHilux Camo (ownerId:442990275 - pos <1973.551880, 10.226634, 8862.546875> - islocked:true - password:42014201) initialized
3-23-49 | STR_Camaro_Lesnik_name (ownerId:442990275 - pos <1956.945068, 9.871473, 8871.367188> - islocked:true - password:42014201) initialized
3-23-49 | Robinson R22 Helicopter (ownerId:249230507 - pos <8098.369141, 13.009309, 9340.552734> - islocked:true - password:33333333) initialized
3-23-49 | M3S Covered (ownerId:249230507 - pos <8083.457520, 12.397237, 9358.619141> - islocked:true - password:33333333) initialized
3-23-49 | Sarka 120 (ownerId:144736642 - pos <7348.483887, 7.403656, 8438.595703> - islocked:true - password:41941941) initialized
3-23-49 | Olga 24 (ownerId:86564395 - pos <12784.179688, 5.557081, 9917.943359> - islocked:true - password:59005900) initialized
3-23-49 | Robinson R22 Helicopter - Red (ownerId:288122462 - pos <12747.893555, 7.186200, 9919.453125> - islocked:true - password:12321123) initialized
3-23-49 | ToyotaHilux White (ownerId:60592768 - pos <9559.658203, 4.320611, 5946.349121> - islocked:true - password:19651965) initialized
3-23-49 | LUAZ 969 black (ownerId:36527682 - pos <7718.376953, 36.262543, 6068.660645> - islocked:true - password:93991005) initialized
3-23-49 | Ada 4x4 (ownerId:839735782 - pos <5859.894531, 44.990215, 4891.105469> - islocked:true - password:1051997) initialized
3-23-49 | MOSKVICH 2140 (ownerId:54276291 - pos <5441.235840, 6.784704, 4639.553223> - islocked:true - password:12348262) initialized
3-23-49 | Robinson R22 Helicopter - Black (ownerId:288122462 - pos <5678.161621, 33.258961, 5254.753906> - islocked:true - password:12321123) initialized
3-23-49 | Audi RS6 (ownerId:85319837 - pos <5682.165039, 33.493114, 5242.698730> - islocked:true - password:1111110) initialized
3-23-49 | Robinson R22 Helicopter (ownerId:288122462 - pos <5666.725586, 33.922298, 5232.857422> - islocked:true - password:12321123) initialized
3-23-49 | MOSKVICH 2140 (ownerId:288122462 - pos <5647.766602, 33.944473, 5242.518066> - islocked:false - password:12321123) initialized
3-23-49 | Chevrolet Corvette Yellow (ownerId:369601190 - pos <5655.707031, 33.831638, 5240.042480> - islocked:true - password:80081355) initialized
3-23-49 | MH-6M Little Bird - Camo (ownerId:369601190 - pos <5652.024902, 34.759163, 5238.989258> - islocked:true - password:80081355) initialized
3-23-49 | LUAZ 969 black (ownerId:88929178 - pos <4146.066895, 4.054711, 4199.202148> - islocked:true - password:371400) initialized
3-23-49 | Jeep Wrangler (ownerId:944065078 - pos <5664.309082, 28.973837, 5335.381836> - islocked:false - password:97319731) initialized
