Creation Time: 2023_5_31-12-0-48
12-0-48 | YAR_87 Camo2  (ownerId:34611550 - pos <4241.729004, 21.640234, 7283.323242> - islocked:false - password:19892004) initialized
12-0-48 | ToyotaHilux Camo2 (ownerId:369601190 - pos <3613.265137, 14.674059, 8936.228516> - islocked:true - password:4031965) initialized
12-0-48 | ToyotaHilux White (ownerId:60592768 - pos <5487.383301, 11.121204, 6252.816895> - islocked:true - password:19651965) initialized
12-0-48 | SCOUT Black (ownerId:442990275 - pos <1971.975952, 10.182560, 8863.528320> - islocked:true - password:42014201) initialized
12-0-48 | Olga 24 (ownerId:442990275 - pos <1974.352905, 10.094160, 8857.602539> - islocked:true - password:42014201) initialized
12-0-48 | MH-6M Little Bird - Desert (ownerId:132652049 - pos <10045.665039, 8.208422, 1098.988281> - islocked:false - password:13579246) initialized
12-0-48 | Robinson R22 Helicopter (ownerId:249230507 - pos <15722.324219, 39.913666, 4669.354980> - islocked:true - password:33333333) initialized
12-0-48 | Olga 24 (ownerId:442990275 - pos <11667.243164, 6.122765, 2074.084717> - islocked:true - password:42014201) initialized
12-0-48 | Olga 24 (ownerId:442990275 - pos <4432.080078, 5.423810, 2870.046631> - islocked:false - password:42014201) initialized
12-0-48 | LUAZ 969 black (ownerId:36527682 - pos <7718.376953, 36.262547, 6068.660645> - islocked:true - password:93991005) initialized
12-0-48 | LUAZ 969 black (ownerId:88929178 - pos <4143.032227, 4.151588, 4199.631836> - islocked:true - password:371400) initialized
12-0-48 | MOSKVICH 2140 (ownerId:288122462 - pos <6883.863281, 34.121433, 5878.005371> - islocked:true - password:12321123) initialized
12-0-48 | MOSKVICH 2140 (ownerId:137318436 - pos <4304.500488, 3.855570, 4680.526367> - islocked:true - password:20090909) initialized
12-0-48 | MOSKVICH 2140 (ownerId:54276291 - pos <5440.202637, 6.855884, 4639.805176> - islocked:true - password:12348262) initialized
12-0-48 | Sarka 120 (ownerId:839735782 - pos <5860.060059, 44.756020, 4898.004395> - islocked:true - password:1051997) initialized
12-0-48 | UAZ_2315 Red (ownerId:405166905 - pos <4615.323242, 5.508267, 4796.731934> - islocked:true - password:1111991) initialized
12-0-48 | Audi RS6 (ownerId:85319837 - pos <5665.602539, 33.541592, 5222.259766> - islocked:true - password:1111110) initialized
12-0-48 | Sarka 120 (ownerId:144736642 - pos <5672.431641, 33.517658, 5276.474609> - islocked:true - password:41941941) initialized
12-0-48 | Jeep Wrangler (ownerId:944065078 - pos <5641.525391, 29.317293, 5346.990723> - islocked:false - password:97319731) initialized
12-0-48 | Ada 4x4 (ownerId:839735782 - pos <1690.472656, 1.847591, 9889.915039> - islocked:true - password:1051997) initialized
14-50-24 | Jeep Wrangler Blue (ownerId:34611550 - pos <4252.594238, 20.759686, 7296.954102> - islocked:true - password:19892004) new car claimed
14-52-4 | MH-6M Little Bird (ownerId:34611550 - pos <4266.412598, 20.377943, 7304.900391> - islocked:true - password:19892004) new car claimed
17-38-56 | ToyotaHilux Camo2 (ownerId:369601190 - pos <4846.223633, 20.434742, 6944.238281> - islocked:true - password:4031965) has been deleted
