Creation Time: 2023_6_2-18-0-48
18-0-48 | MH-6M Little Bird - Desert (ownerId:132652049 - pos <10045.665039, 8.208422, 1098.988281> - islocked:false - password:13579246) initialized
18-0-48 | Robinson R22 Helicopter (ownerId:249230507 - pos <15721.769531, 39.998001, 4669.197266> - islocked:true - password:33333333) initialized
18-0-48 | Olga 24 (ownerId:442990275 - pos <11667.243164, 6.122765, 2074.085693> - islocked:true - password:42014201) initialized
18-0-48 | ToyotaHilux White (ownerId:60592768 - pos <9561.331055, 4.365252, 5943.979004> - islocked:true - password:19651965) initialized
18-0-48 | Olga 24 (ownerId:442990275 - pos <4432.087402, 5.423616, 2870.046387> - islocked:false - password:42014201) initialized
18-0-48 | UAZ_2315 Red (ownerId:405166905 - pos <3412.400146, 19.420681, 4543.575684> - islocked:true - password:1111991) initialized
18-0-48 | Jeep Wrangler black  (ownerId:308099129 - pos <6291.463379, 44.199200, 3068.584473> - islocked:true - password:9131988) initialized
18-0-48 | MOSKVICH 2140 (ownerId:137318436 - pos <4304.500488, 3.855567, 4680.526367> - islocked:true - password:20090909) initialized
18-0-48 | MOSKVICH 2140 (ownerId:54276291 - pos <5440.464355, 6.843582, 4639.797363> - islocked:true - password:12348262) initialized
18-0-48 | Ada 4x4 (ownerId:839735782 - pos <5856.946289, 44.949013, 4892.954590> - islocked:true - password:1051997) initialized
18-0-48 | LUAZ 969 black (ownerId:36527682 - pos <7718.376953, 36.262547, 6068.660645> - islocked:true - password:93991005) initialized
18-0-48 | Audi RS6 (ownerId:85319837 - pos <5681.894531, 33.506699, 5242.674316> - islocked:true - password:1111110) initialized
18-0-48 | LUAZ 969 black (ownerId:88929178 - pos <5676.352051, 33.856239, 5242.002930> - islocked:true - password:371400) initialized
18-0-48 | Olga 24 (ownerId:501895347 - pos <5602.785645, 29.403166, 5348.327148> - islocked:true - password:42775920) initialized
18-0-48 | Jeep Wrangler (ownerId:944065078 - pos <5667.188477, 29.415611, 5339.476563> - islocked:false - password:97319731) initialized
18-0-48 | MOSKVICH 2140 (ownerId:288122462 - pos <6883.863281, 34.121445, 5878.004883> - islocked:true - password:12321123) initialized
18-0-48 | Olga 24 (ownerId:442990275 - pos <1974.358765, 10.094171, 8857.602539> - islocked:true - password:42014201) initialized
18-0-48 | SCOUT Black (ownerId:442990275 - pos <1973.155884, 10.182559, 8862.458984> - islocked:false - password:42014201) initialized
18-0-48 | Sarka 120 (ownerId:144736642 - pos <7340.157227, 7.426141, 8406.083984> - islocked:true - password:41941941) initialized
18-0-48 | YAR_87 Camo2  (ownerId:34611550 - pos <2479.819824, 18.709381, 13963.043945> - islocked:true - password:19892004) initialized
18-0-48 | Olga 24 (ownerId:86564395 - pos <4548.570801, 27.188734, 7861.850586> - islocked:true - password:59005900) initialized
18-0-48 | MH-6M Little Bird (ownerId:34611550 - pos <4271.984863, 21.744881, 7303.545410> - islocked:true - password:19892004) initialized
18-0-48 | Jeep Wrangler Blue (ownerId:34611550 - pos <4246.239258, 21.212748, 7292.730957> - islocked:true - password:19892004) initialized
18-0-48 | STR_EGER_name (ownerId:980466132 - pos <5547.751465, 3.698171, 7816.709961> - islocked:true - password:22392239) initialized
