Creation Time: 2023_6_8-0-0-50
0-0-50 | ToyotaHilux White (ownerId:60592768 - pos <9560.016602, 4.309818, 5946.571289> - islocked:true - password:19651965) initialized
0-0-50 | YAR_87 Camo2  (ownerId:34611550 - pos <2479.794678, 18.703249, 13963.011719> - islocked:true - password:19892004) initialized
0-0-50 | MH-6M Little Bird - Desert (ownerId:132652049 - pos <10045.665039, 8.208423, 1098.988281> - islocked:false - password:13579246) initialized
0-0-50 | ToyotaHilux Camo (ownerId:442990275 - pos <7248.803223, 25.022581, 1970.907349> - islocked:true - password:42014201) initialized
0-0-50 | M3S Covered (ownerId:249230507 - pos <8282.174805, 5.025820, 9352.258789> - islocked:true - password:33333333) initialized
0-0-50 | Robinson R22 Helicopter (ownerId:249230507 - pos <8092.914063, 13.178654, 9330.942383> - islocked:true - password:33333333) initialized
0-0-50 | Olga 24 (ownerId:86564395 - pos <5683.289063, 5.538043, 9264.157227> - islocked:true - password:59005900) initialized
0-0-50 | Sarka 120 (ownerId:144736642 - pos <7340.216797, 7.426157, 8406.367188> - islocked:true - password:41941941) initialized
0-0-50 | UAZ_2315 Red (ownerId:405166905 - pos <5947.332031, 14.544463, 8610.934570> - islocked:true - password:1111991) initialized
0-0-50 | LUAZ 969 black (ownerId:36527682 - pos <7718.376953, 36.262543, 6068.660645> - islocked:true - password:93991005) initialized
0-0-50 | LUAZ 969 black (ownerId:88929178 - pos <4146.071777, 4.054576, 4199.206055> - islocked:true - password:371400) initialized
0-0-50 | Olga 24 (ownerId:416867315 - pos <5378.852539, 74.598740, 3968.254150> - islocked:true - password:19993420) initialized
0-0-50 | MOSKVICH 2140 (ownerId:288122462 - pos <6883.863281, 34.121437, 5878.004883> - islocked:true - password:12321123) initialized
0-0-50 | MOSKVICH 2140 (ownerId:137318436 - pos <4304.500000, 3.855562, 4680.525391> - islocked:true - password:20090909) initialized
0-0-50 | MOSKVICH 2140 (ownerId:54276291 - pos <5440.925293, 6.816093, 4639.780762> - islocked:true - password:12348262) initialized
0-0-50 | Audi RS6 (ownerId:85319837 - pos <5682.033691, 33.497368, 5242.730957> - islocked:true - password:1111110) initialized
0-0-50 | Jeep Wrangler (ownerId:944065078 - pos <5667.188477, 29.419819, 5339.477051> - islocked:false - password:97319731) initialized
0-0-50 | Olga 24 (ownerId:405166905 - pos <3425.020264, 23.085608, 6115.207520> - islocked:true - password:1111991) initialized
0-0-50 | Ada 4x4 (ownerId:839735782 - pos <4959.779785, 15.151027, 8482.845703> - islocked:true - password:1051997) initialized
0-0-50 | Olga 24 (ownerId:501895347 - pos <3569.569092, 21.127241, 6543.797363> - islocked:true - password:42775920) initialized
0-0-50 | M3S Covered (ownerId:86564395 - pos <4550.290527, 27.460192, 7875.549805> - islocked:false - password:59005900) initialized
0-0-50 | Jeep Wrangler Blue (ownerId:34611550 - pos <4246.239258, 21.212746, 7292.730957> - islocked:true - password:19892004) initialized
0-0-50 | MH-6M Little Bird (ownerId:34611550 - pos <4271.984863, 21.744884, 7303.545410> - islocked:true - password:19892004) initialized
0-0-50 | Jeep Wrangler black  (ownerId:308099129 - pos <3929.318359, 12.055122, 7918.307129> - islocked:true - password:9131988) initialized
0-0-50 | STR_EGER_name (ownerId:980466132 - pos <3688.991943, 12.084632, 9772.874023> - islocked:true - password:22392239) initialized
0-0-50 | MH-6M Little Bird - Camo (ownerId:369601190 - pos <1578.123535, 10.481434, 9028.335938> - islocked:true - password:80081355) initialized
0-0-50 | STR_Camaro_Lesnik_name (ownerId:442990275 - pos <1956.199585, 9.871471, 8872.093750> - islocked:true - password:42014201) initialized
