Creation Time: 2023_8_2-6-0-57
6-0-57 | STR_Camaro_Nest_name (ownerId:60592768 - pos <6081.368652, 6.340247, 14745.530273> - islocked:true - password:13121312) initialized
6-0-57 | Offroad Range Rover Yellow  (ownerId:103808025 - pos <7264.238281, 602.155884, 11730.521484> - islocked:true - password:55677777) initialized
6-0-57 | STR_SCOUT_snik2_name (ownerId:24259541 - pos <8453.791016, 190.722992, 12384.953125> - islocked:true - password:17500720) initialized
6-0-57 | UAZ 3909 Khaki2 (ownerId:60458244 - pos <8926.184570, 6.662852, 10459.575195> - islocked:false - password:19711971) initialized
6-0-57 | M3S Covered (ownerId:40055959 - pos <8932.998047, 5.866810, 10443.360352> - islocked:true - password:19711971) initialized
6-0-57 | Gelenvagen carbon (ownerId:88929178 - pos <7724.442383, 6.814731, 6788.958496> - islocked:false - password:371400) initialized
6-0-57 | MH-6M Little Bird - Camo (ownerId:88929178 - pos <7718.265625, 13.613746, 6787.904785> - islocked:true - password:371400) initialized
6-0-57 | Robinson R22 Helicopter - Black (ownerId:521855408 - pos <7114.392578, 3.346317, 1359.989746> - islocked:true - password:9102021) initialized
6-0-57 | BMW X5 Red (ownerId:59769977 - pos <4428.619629, 5.312834, 12404.168945> - islocked:true - password:19891604) initialized
6-0-57 | LUAZ 969 red (ownerId:405166905 - pos <7539.680664, 88.256348, 4608.513672> - islocked:true - password:1111991) initialized
6-0-57 | Jeep Wrangler Camo (ownerId:526094573 - pos <5678.822754, 33.556458, 5273.475586> - islocked:false - password:11025255) initialized
6-0-57 | UAZ HUNTER (ownerId:93344906 - pos <5650.772461, 33.934299, 5255.980957> - islocked:true - password:29292900) initialized
6-0-57 | UH-60 Blackhawk Cargo (ownerId:442990275 - pos <5673.049316, 33.867893, 5246.895508> - islocked:true - password:37579090) initialized
6-0-57 | Gunter 2 (ownerId:48698262 - pos <5667.066895, 33.963924, 5245.087402> - islocked:true - password:48151623) initialized
6-0-57 | Ada 4x4 (ownerId:369601190 - pos <5474.474609, 15.605246, 4931.196289> - islocked:true - password:42014201) initialized
6-0-57 | UAZ 3909 Beige (ownerId:795695470 - pos <5468.091797, 15.597899, 4924.884766> - islocked:true - password:8031991) initialized
6-0-57 | Chevrolet Corvette (ownerId:407766611 - pos <6000.451172, 13.610807, 4982.084473> - islocked:true - password:55252252) initialized
6-0-57 | MUSTANG white (ownerId:407766611 - pos <5999.725098, 14.013290, 4970.766113> - islocked:true - password:55252252) initialized
6-0-57 | Velociraptor6x6 Camo (ownerId:407766611 - pos <5977.549316, 14.299563, 4972.379883> - islocked:true - password:80081355) initialized
6-0-57 | Velociraptor6x6 Camo2  (ownerId:407766611 - pos <5981.119629, 14.263219, 4965.184570> - islocked:true - password:80081355) initialized
6-0-57 | BMW X5 White  (ownerId:407766611 - pos <6061.447266, 12.869503, 4955.029297> - islocked:true - password:80081355) initialized
6-0-57 | Mercedes-Benz W140 Blue (ownerId:407766611 - pos <6048.839844, 12.806667, 4962.540527> - islocked:true - password:371400) initialized
6-0-57 | BMW lightgreen (ownerId:407766611 - pos <6051.255371, 12.791182, 4957.365234> - islocked:true - password:80081355) initialized
6-0-57 | BMW black (ownerId:407766611 - pos <6045.526367, 12.807487, 4956.933105> - islocked:true - password:80081355) initialized
6-0-57 | Mercedes-Benz W140 gold (ownerId:369601190 - pos <5651.864746, 28.689182, 5483.202148> - islocked:true - password:80081355) initialized
6-0-57 | LUAZ 969 (ownerId:75086644 - pos <5675.830566, 29.296127, 5385.397461> - islocked:true - password:10182009) initialized
6-0-57 | UH-60 Blackhawk Cargo (ownerId:119248354 - pos <5629.140137, 29.417280, 5379.823730> - islocked:true - password:11082007) initialized
6-0-57 | Velociraptor6x6 Camo2  (ownerId:262549311 - pos <7193.149902, 61.642925, 5886.734375> - islocked:true - password:24680000) initialized
6-0-57 | Olga 24 (ownerId:327529037 - pos <6687.672852, 15.688743, 6302.988281> - islocked:false - password:29292900) initialized
6-0-57 | MOSKVICH 2140 (ownerId:882346394 - pos <6662.157715, 15.562328, 6318.678711> - islocked:true - password:42091103) initialized
6-0-57 | Offroad Range Rover police  (ownerId:60592768 - pos <3234.645508, 3.228037, 1725.416992> - islocked:true - password:13121312) initialized
6-0-57 | UAZ 3909 Police (ownerId:60592768 - pos <3233.324463, 3.497946, 1730.781006> - islocked:true - password:13121312) initialized
6-0-57 | UAZ469 (camo1) (ownerId:93344906 - pos <3962.924805, 25.573214, 4798.433105> - islocked:true - password:29292900) initialized
6-0-57 | Gaz 71 Black (ownerId:93344906 - pos <3981.905518, 25.741255, 4846.614746> - islocked:true - password:29292900) initialized
6-0-57 | MUSTANG Red (ownerId:327529037 - pos <3978.945068, 25.699394, 4830.759277> - islocked:true - password:10801080) initialized
6-0-57 | MH-6M Little Bird - Camo (ownerId:197257182 - pos <3947.881836, 36.709953, 4811.562012> - islocked:true - password:48151623) initialized
6-0-57 | URAL 4320 KUNG (ownerId:93344906 - pos <3957.050537, 26.038006, 4862.702637> - islocked:true - password:29290000) initialized
6-0-57 | Gunter 2 (ownerId:218588421 - pos <3805.975586, 6.893200, 5906.694336> - islocked:true - password:3081984) initialized
6-0-57 | MOSKVICH 2140 (ownerId:288122462 - pos <3657.423584, 20.914551, 6515.144043> - islocked:true - password:12321123) initialized
6-0-57 | UH-60 Blackhawk - blackblackhawk (ownerId:119311623 - pos <4271.242188, 21.234701, 7298.812500> - islocked:true - password:7101993) initialized
6-0-57 | Nissan warrior Camo (ownerId:119311623 - pos <4249.203125, 21.283245, 7296.087891> - islocked:true - password:7101993) initialized
6-0-57 | BMW X5 Red (ownerId:119311623 - pos <4246.553711, 21.092596, 7292.650879> - islocked:true - password:7101993) initialized
6-0-57 | Oshkosh grey (ownerId:64819467 - pos <4245.043457, 21.536228, 7274.150879> - islocked:true - password:7101993) initialized
6-0-57 | BMW X5 Black (ownerId:215888376 - pos <4253.251465, 21.092596, 7299.220215> - islocked:true - password:7101993) initialized
6-0-57 | MH-6M Little Bird (ownerId:17954802 - pos <2364.531982, 3.831770, 9598.866211> - islocked:true - password:20090909) initialized
6-0-57 | UH-60 Blackhawk - Budhawk (ownerId:511479797 - pos <1956.312622, 9.922600, 8762.887695> - islocked:true - password:27181500) initialized
6-0-57 | MH-6M Little Bird - Camo (ownerId:132652049 - pos <1992.575317, 45.808289, 9015.188477> - islocked:true - password:9021997) initialized
6-0-57 | HAMMER_H1 (ownerId:965259563 - pos <2073.788574, 9.924915, 9115.863281> - islocked:true - password:54146888) initialized
6-0-57 | AH-64 Apache Longbow (ownerId:442990275 - pos <1986.280151, 46.102470, 9026.230469> - islocked:true - password:37579090) initialized
6-0-57 | UH-60 Blackhawk - blackblackhawk (ownerId:447071218 - pos <1735.900146, 20.607384, 8901.263672> - islocked:true - password:15148636) initialized
6-0-57 | BMW (rust) (ownerId:447071218 - pos <1741.971680, 9.759250, 8917.308594> - islocked:true - password:15148636) initialized
7-56-57 | UH-60 Blackhawk - blackblackhawk (ownerId:447071218 - pos <1735.651855, 19.914103, 8901.050781> - islocked:false - password:-1) new car claimed
8-0-17 | UH-60 Blackhawk - blackblackhawk (ownerId:447071218 - pos <1735.651855, 19.914103, 8901.050781> - islocked:true - password:86412964) new car claimed
8-1-58 | MH-6M Little Bird (ownerId:17954802 - pos <3789.823730, 17.700111, 2583.730225> - islocked:false - password:20090909) has been deleted
8-2-39 | BMW (rust) (ownerId:447071218 - pos <1741.941528, 9.309544, 8917.272461> - islocked:true - password:-1) new car claimed
8-3-17 | BMW (rust) (ownerId:447071218 - pos <1741.941528, 9.309544, 8917.272461> - islocked:true - password:86412964) new car claimed
9-50-58 | AH-64 Apache Longbow (ownerId:442990275 - pos <1986.774780, 44.460102, 9026.627930> - islocked:true - password:37579090) has been deleted
11-9-48 | G65 Chrome  (ownerId:407766611 - pos <6021.669434, 12.922938, 4987.662109> - islocked:true - password:80081355) new car claimed
11-10-13 | MUSTANG (ownerId:407766611 - pos <6016.043457, 13.100628, 4986.730469> - islocked:true - password:80081355) new car claimed
11-10-38 | Fennek black (ownerId:407766611 - pos <6011.363770, 13.042321, 4987.232422> - islocked:true - password:80081355) new car claimed
