Creation Time: 2023_7_24-12-0-56
12-0-56 | Gunter 2 (ownerId:48698262 - pos <5640.135742, 28.879169, 5330.804688> - islocked:true - password:48151623) initialized
12-0-56 | UAZ_2315 (ownerId:89279995 - pos <5618.600586, 29.282734, 5350.250488> - islocked:true - password:20090909) initialized
12-0-56 | Opel Astra Chrome (ownerId:127107249 - pos <5656.682617, 28.961105, 5381.950684> - islocked:true - password:12186270) initialized
12-0-56 | UAZ HUNTER (ownerId:447071218 - pos <5626.329590, 29.394903, 5389.427246> - islocked:true - password:15148636) initialized
12-0-56 | STR_Camaro_Sibirs_name (ownerId:407766611 - pos <5480.655762, 15.164755, 4976.346191> - islocked:true - password:55555552) initialized
12-0-56 | SCOUT Black (ownerId:442990275 - pos <5474.078125, 15.577124, 4935.667480> - islocked:true - password:37579090) initialized
12-0-56 | Ada 4x4 (ownerId:369601190 - pos <5474.476074, 15.606688, 4931.196289> - islocked:true - password:42014201) initialized
12-0-56 | UAZ 3909 Beige (ownerId:795695470 - pos <5468.113770, 15.597900, 4925.076660> - islocked:true - password:8031991) initialized
12-0-56 | Jeep Wrangler green  (ownerId:523450192 - pos <5904.261230, 37.164944, 5222.274414> - islocked:false - password:22392239) initialized
12-0-56 | STR_EGER_GreenCamo_name (ownerId:523991778 - pos <5898.478027, 37.082512, 5221.343750> - islocked:false - password:22392239) initialized
12-0-56 | MH-6M Little Bird - Camo (ownerId:523450192 - pos <5890.479492, 41.853714, 5228.574707> - islocked:true - password:22392239) initialized
12-0-56 | Jeep Wrangler Camo (ownerId:526094573 - pos <5695.989746, 31.555515, 5231.927246> - islocked:true - password:11025255) initialized
12-0-56 | ToyotaHilux White (ownerId:511479797 - pos <5663.282715, 34.023327, 5225.622559> - islocked:true - password:27181500) initialized
12-0-56 |  Novator Flecktarn (ownerId:93344906 - pos <5677.392090, 33.753166, 5249.122559> - islocked:true - password:29292900) initialized
12-0-56 | Robinson R22 Helicopter - Black (ownerId:521855408 - pos <5663.715332, 33.939999, 5242.544434> - islocked:true - password:9102021) initialized
12-0-56 | Velociraptor6x6 Camo2  (ownerId:262549311 - pos <7192.797363, 61.652538, 5886.409180> - islocked:true - password:24680000) initialized
12-0-56 | MOSKVICH 2140 (ownerId:882346394 - pos <6661.187500, 15.562319, 6320.548340> - islocked:true - password:42091103) initialized
12-0-56 | Velociraptor6x6 Camo (ownerId:369601190 - pos <4697.261719, 21.245602, 6923.323730> - islocked:true - password:55555552) initialized
12-0-56 | Offroad Range Rover Yellow  (ownerId:103808025 - pos <7264.238281, 602.155823, 11730.521484> - islocked:true - password:55677777) initialized
12-0-56 | Offroad Range Rover police  (ownerId:60592768 - pos <3240.920898, 3.228037, 1718.943604> - islocked:true - password:13121312) initialized
12-0-56 | UAZ 3909 Police (ownerId:60592768 - pos <3231.894043, 3.497940, 1731.675781> - islocked:true - password:13121312) initialized
12-0-56 | STR_Camaro_Nest_name (ownerId:60592768 - pos <3246.335449, 3.116041, 1751.297241> - islocked:true - password:13121312) initialized
12-0-56 | Chevrolet Corvette kamo (ownerId:89279995 - pos <3768.710938, 5.926556, 2601.715820> - islocked:true - password:20090909) initialized
12-0-56 | STR_EGER_GreenCamo_name (ownerId:197257182 - pos <2802.370605, 69.987404, 4663.779785> - islocked:true - password:48151623) initialized
12-0-56 | Gaz 71 Black (ownerId:119248354 - pos <2781.522949, 69.731865, 4655.937012> - islocked:true - password:11082007) initialized
12-0-56 | Oshkosh (ownerId:197257182 - pos <2799.507813, 69.918602, 4663.191895> - islocked:true - password:48151623) initialized
12-0-56 | Olga 24 (ownerId:327529037 - pos <2793.505859, 69.612770, 4660.238281> - islocked:true - password:29292900) initialized
12-0-56 | MH-6M Little Bird (ownerId:442990275 - pos <1983.145264, 45.808331, 9022.333008> - islocked:true - password:37579090) initialized
12-0-56 | UH-60 Blackhawk Cargo (ownerId:119248354 - pos <2000.024780, 45.148132, 9025.763672> - islocked:false - password:11082007) initialized
12-0-56 | MH-6M Little Bird - Camo (ownerId:132652049 - pos <1992.329224, 45.808281, 9015.568359> - islocked:false - password:9021997) initialized
12-0-56 | Sarka 120 (ownerId:442990275 - pos <1991.248169, 10.260271, 9032.504883> - islocked:true - password:42014201) initialized
12-0-56 | LUAZ 969 (ownerId:75086644 - pos <2053.534668, 9.776348, 9038.392578> - islocked:true - password:10182009) initialized
12-0-56 | HAMMER_H1 (ownerId:965259563 - pos <1891.736328, 9.924915, 9076.977539> - islocked:true - password:54146888) initialized
12-0-56 | Olga 24 (ownerId:511479797 - pos <1742.365356, 9.988543, 8908.454102> - islocked:false - password:27181500) initialized
12-0-56 | Olga 24 (ownerId:40055959 - pos <8923.685547, 5.862726, 10450.626953> - islocked:true - password:19711971) initialized
12-0-56 | UAZ469 (ownerId:40055959 - pos <8928.013672, 6.384642, 10451.108398> - islocked:true - password:19711971) initialized
12-0-56 | Velociraptor6x6 Camo2  (ownerId:407766611 - pos <9992.777344, 22.684906, 11025.114258> - islocked:true - password:55555552) initialized
12-0-56 | LUAZ 969 red (ownerId:405166905 - pos <5356.917969, 35.382145, 641.903687> - islocked:true - password:11111111) initialized
12-0-56 | Toyota Land Cruiser 200 Camo2  (ownerId:24259541 - pos <7851.705566, 3.360457, 3841.261475> - islocked:true - password:17500720) initialized
12-0-56 | Toyota Land Cruiser 200 Camo2  (ownerId:88929178 - pos <7723.262207, 6.128191, 6802.252930> - islocked:true - password:371400) initialized
12-0-56 | HEMTT flecktarn (ownerId:88929178 - pos <7718.920410, 6.640546, 6804.869629> - islocked:true - password:371400) initialized
12-0-56 | Mercedes-Benz W140 Blue (ownerId:88929178 - pos <7716.661133, 5.937030, 6798.234863> - islocked:true - password:371400) initialized
12-0-56 | STR_Camaro_Veter_name (ownerId:88929178 - pos <7707.080078, 5.926042, 6774.540527> - islocked:true - password:371400) initialized
12-0-56 | Oshkosh grey (ownerId:64819467 - pos <4245.042480, 21.536226, 7274.151367> - islocked:true - password:7101993) initialized
12-0-56 | Toyota Land Cruiser 200 Camo (ownerId:119311623 - pos <4246.868652, 21.187664, 7294.254883> - islocked:true - password:7101993) initialized
12-0-56 | BMW X5 Black (ownerId:215888376 - pos <4250.064941, 21.092596, 7296.986328> - islocked:true - password:7101993) initialized
12-0-56 | Nissan warrior Camo (ownerId:119311623 - pos <4252.930664, 21.283247, 7298.983398> - islocked:true - password:7101993) initialized
12-0-56 | Gunter 2 (ownerId:218588421 - pos <3805.830322, 6.898895, 5906.673828> - islocked:true - password:3081984) initialized
12-24-53 | ToyotaHilux Blue (ownerId:369601190 - pos <3769.226807, 6.320000, 9106.874023> - islocked:true - password:55889789) new car claimed
12-24-53 | ToyotaHilux Blue (ownerId:369601190 - pos <3769.226807, 6.320000, 9106.874023> - islocked:true - password:55889789) initialized
12-31-33 | ToyotaHilux Blue (ownerId:369601190 - pos <3769.285400, 5.938191, 9106.919922> - islocked:false - password:55889789) has been deleted
12-35-30 | ToyotaHilux Blue (ownerId:369601190 - pos <3768.510498, 9.015676, 9109.749023> - islocked:true - password:80081355) new car claimed
12-38-44 | ToyotaHilux Blue (ownerId:369601190 - pos <3768.510498, 9.015676, 9109.749023> - islocked:false - password:80081355) has been deleted
13-15-55 | Fennek BIOHAZARD (ownerId:93344906 - pos <2790.858154, 69.465919, 4643.508301> - islocked:true - password:11082007) new car claimed
13-15-55 | Fennek BIOHAZARD (ownerId:93344906 - pos <2790.858154, 69.465919, 4643.508301> - islocked:true - password:11082007) initialized
13-17-2 | Fennek BIOHAZARD (ownerId:93344906 - pos <2790.859375, 69.134834, 4643.511230> - islocked:true - password:11082007) has been deleted
16-24-55 | Gelenvagen white_camo2 (ownerId:523450192 - pos <5676.543457, 32.700150, 5262.918945> - islocked:true - password:22392239) new car claimed
16-24-55 | Gelenvagen white_camo2 (ownerId:523450192 - pos <5676.543457, 32.700150, 5262.918945> - islocked:true - password:22392239) initialized
16-44-43 | Sarka 120 (ownerId:75086644 - pos <5602.864746, 28.760454, 5349.186035> - islocked:true - password:10182009) new car claimed
17-55-54 | Gelenvagen white_camo2 (ownerId:523450192 - pos <6612.752441, 15.476649, 6504.037109> - islocked:false - password:22392239) has been deleted
