Creation Time: 2023_4_22-18-0-54
18-0-54 | Land Rover Defender 110 Green (ownerId:177737910 - pos <2538.678955, 58.423885, 9435.318359> - islocked:false - password:25792579) initialized
18-0-54 | Robinson R22 Helicopter - Black (ownerId:980466132 - pos <7348.521973, 101.077194, 6033.944824> - islocked:true - password:22392239) initialized
18-0-54 | M3S Covered (ownerId:8156911 - pos <6232.800781, 5.800203, 9593.156250> - islocked:false - password:15500000) initialized
18-0-54 | Sarka 120 (ownerId:22592522 - pos <6232.373047, 5.531151, 9589.974609> - islocked:true - password:5210521) initialized
18-0-54 | M3S Covered (ownerId:944065078 - pos <7715.219238, 36.505650, 6078.136719> - islocked:false - password:25082508) initialized
18-0-54 | Land Rover Defender 110 Green (ownerId:85319837 - pos <5617.498535, 29.278484, 5378.230957> - islocked:true - password:1111110) initialized
18-0-54 | Robinson R22 Helicopter - Red (ownerId:71319946 - pos <5674.667480, 33.922596, 5242.834473> - islocked:true - password:19944991) initialized
18-0-54 | Land Rover Defender 110 UN (ownerId:108250772 - pos <5622.215332, 29.278484, 5381.246582> - islocked:true - password:14725836) initialized
18-0-54 | Land Rover Defender 110 (ownerId:108250772 - pos <5625.816406, 29.278484, 5376.927734> - islocked:true - password:14725836) initialized
18-0-54 | Land Rover Defender 110 Red (ownerId:108250772 - pos <5627.019531, 29.278482, 5387.046387> - islocked:true - password:14725836) initialized
18-0-54 | M3S Covered (ownerId:108250772 - pos <5632.614746, 29.508333, 5422.646973> - islocked:true - password:78945612) initialized
18-0-54 | Olga 24 (ownerId:288122462 - pos <5668.082520, 28.909050, 5408.240234> - islocked:true - password:12011152) initialized
18-0-54 | UH-60 Blackhawk Cargo (ownerId:980466132 - pos <1464.424316, 10.838305, 15309.057617> - islocked:true - password:22392239) initialized
18-0-54 | M3S Covered (ownerId:67657702 - pos <9798.914063, 3.634001, 7868.164063> - islocked:true - password:19944991) initialized
18-0-54 | UH-60 Blackhawk - blackblackhawk (ownerId:195214598 - pos <3224.051514, 7.616047, 1721.950806> - islocked:true - password:52528989) initialized
18-0-54 | Gunter 2 (ownerId:965259563 - pos <3734.642822, 5.683310, 2547.140137> - islocked:true - password:11367275) initialized
18-0-54 | Olga 24 (ownerId:965259563 - pos <3757.750488, 5.467797, 2553.035645> - islocked:true - password:11367275) initialized
18-0-54 | M3S Covered (ownerId:965259563 - pos <3757.233398, 5.599308, 2565.201416> - islocked:false - password:11367275) initialized
18-0-54 | Robinson R22 Helicopter (ownerId:965259563 - pos <3756.512451, 19.967381, 2601.171387> - islocked:true - password:11367275) initialized
18-0-54 | UH-60 Blackhawk - Woodland (ownerId:85319837 - pos <3985.974121, 16.854172, 3474.665039> - islocked:true - password:1111110) initialized
18-0-54 | Sarka 120 (ownerId:194642746 - pos <3356.850830, 20.406023, 6466.573242> - islocked:true - password:15474555) initialized
18-0-54 | Bell 429 Helicopter (ownerId:195214598 - pos <8112.442871, 214.221100, 11880.533203> - islocked:true - password:52898952) initialized
18-0-54 | UH-60 Blackhawk - blackblackhawk (ownerId:195214598 - pos <8069.666992, 215.248917, 11834.370117> - islocked:true - password:89895252) initialized
18-0-54 | Robinson R22 Helicopter - Black (ownerId:34745177 - pos <9138.473633, 47.964161, 3793.886719> - islocked:false - password:67698687) initialized
18-0-54 | Robinson R22 Helicopter (ownerId:940915030 - pos <9512.575195, 102.761208, 3733.148193> - islocked:true - password:11853737) initialized
18-0-54 | Sarka 120 (ownerId:940915030 - pos <9511.229492, 102.703033, 3751.684814> - islocked:true - password:11853737) initialized
18-0-54 | Land Rover Defender 110 Red (ownerId:60592768 - pos <9560.993164, 4.157924, 5945.721680> - islocked:true - password:19651965) initialized
18-0-54 | Ada 4x4 (ownerId:980466132 - pos <6800.919922, 39.178165, 1804.991333> - islocked:true - password:22392239) initialized
18-0-54 | Ada 4x4 (ownerId:62166080 - pos <6801.051758, 39.178257, 1800.987427> - islocked:true - password:22392239) initialized
18-0-54 | Olga 24 (ownerId:62166080 - pos <6795.439941, 39.125095, 1803.797852> - islocked:true - password:22392239) initialized
18-0-54 | Sarka 120 (ownerId:980466132 - pos <6795.105957, 39.738491, 1800.802979> - islocked:true - password:22392239) initialized
18-0-54 | M3S Covered (ownerId:62166080 - pos <6795.895020, 39.129295, 1808.996216> - islocked:false - password:22392239) initialized
18-0-54 | Robinson R22 Helicopter - Black (ownerId:62166080 - pos <6786.493164, 53.509369, 1834.473999> - islocked:true - password:22392239) initialized
18-0-54 | MH-6M Little Bird - Desert (ownerId:62166080 - pos <6773.009766, 54.240791, 1834.931885> - islocked:true - password:22392239) initialized
18-0-54 | Sarka 120 (ownerId:944065078 - pos <7657.274902, 18.558271, 3870.746338> - islocked:true - password:25082508) initialized
18-0-54 | Olga 24 (ownerId:944065078 - pos <7656.254883, 19.606907, 3866.164307> - islocked:true - password:97319731) initialized
18-0-54 | Sarka 120 (ownerId:405166905 - pos <6527.688965, 33.296608, 4097.806152> - islocked:true - password:19910111) initialized
18-0-54 | Robinson R22 Helicopter (ownerId:195214598 - pos <1114.772339, 56.352501, 10648.643555> - islocked:true - password:52528989) initialized
18-0-54 | Land Rover Defender 110 (ownerId:192139039 - pos <5262.390137, 5.478153, 9141.112305> - islocked:false - password:7161994) initialized
19-22-48 | Robinson R22 Helicopter - Red (ownerId:71319946 - pos <3259.476318, 12.045899, 8703.393555> - islocked:false - password:19944991) has been deleted
20-48-2 | UH-60 Blackhawk - Budhawk (ownerId:71319946 - pos <5664.568359, 33.357655, 5243.290527> - islocked:true - password:19944991) new car claimed
20-49-5 | UH-60 Blackhawk - Budhawk (ownerId:71319946 - pos <5664.568359, 33.357655, 5243.290527> - islocked:true - password:19944991) has been deleted
