Creation Time: 2023_4_4-18-0-53
18-0-53 | Olga 24 (ownerId:88929178 - pos <5836.192871, 6.478711, 14926.307617> - islocked:true - password:371400) initialized
18-0-53 | Gunter 2 (ownerId:85319837 - pos <3966.463135, 16.286659, 3460.307861> - islocked:true - password:1111110) initialized
18-0-53 | UH-60 Blackhawk - Woodland (ownerId:85319837 - pos <3985.976074, 16.854149, 3474.664063> - islocked:true - password:1111110) initialized
18-0-53 | Olga 24 (ownerId:85319837 - pos <4767.839844, 20.860806, 4338.945801> - islocked:false - password:1111110) initialized
18-0-53 | M3S Covered (ownerId:62166080 - pos <6796.221680, 39.129238, 1809.221924> - islocked:false - password:22392239) initialized
18-0-53 | Sarka 120 (ownerId:62166080 - pos <6797.806641, 39.113461, 1806.250122> - islocked:true - password:22392239) initialized
18-0-53 | Sarka 120 (ownerId:980466132 - pos <6794.845703, 39.113434, 1800.886597> - islocked:true - password:22392239) initialized
18-0-53 | Olga 24 (ownerId:980466132 - pos <6799.085938, 39.125153, 1803.365723> - islocked:false - password:22392239) initialized
18-0-53 | Robinson R22 Helicopter - Red (ownerId:980466132 - pos <6790.104004, 53.509369, 1834.751953> - islocked:true - password:22392239) initialized
18-0-53 | Olga 24 (ownerId:980466132 - pos <10140.494141, 21.897110, 10828.082031> - islocked:false - password:22392239) initialized
18-0-53 | MH-6M Little Bird - Desert (ownerId:62166080 - pos <9597.637695, 5.371628, 12908.500977> - islocked:false - password:22392239) initialized
18-0-53 | M3S Covered (ownerId:88929178 - pos <5628.947266, 28.688038, 5419.828613> - islocked:true - password:3070104) initialized
18-0-53 | Robinson R22 Helicopter - Black (ownerId:108250772 - pos <8696.025391, 2.231339, 5545.102539> - islocked:false - password:14789632) initialized
18-0-53 | Robinson R22 Helicopter - Black (ownerId:980466132 - pos <7344.014160, 101.076492, 6034.531250> - islocked:true - password:22392239) initialized
21-27-46 | Sarka 120 (ownerId:31876567 - pos <8572.096680, 11.936721, 5102.474609> - islocked:true - password:18675309) new car claimed
21-27-46 | Sarka 120 (ownerId:31876567 - pos <8572.094727, 11.648751, 5102.480957> - islocked:true - password:18675309) initialized
21-39-29 | Sarka 120 (ownerId:31876567 - pos <5693.054688, 12.234036, 5065.548828> - islocked:false - password:18675309) has been deleted
21-39-55 | Sarka 120 (ownerId:31876567 - pos <5696.034668, 13.855150, 5081.397461> - islocked:true - password:18675309) new car claimed
21-39-55 | Sarka 120 (ownerId:31876567 - pos <5696.034668, 13.555150, 5081.397461> - islocked:true - password:18675309) initialized
21-42-13 | Sarka 120 (ownerId:31876567 - pos <5647.374512, 28.683750, 5419.586914> - islocked:false - password:18675309) has been deleted
