Creation Time: 2023_7_26-0-0-57
0-0-57 | Toyota Land Cruiser 200 Camo2  (ownerId:24259541 - pos <7857.536133, 3.288884, 3839.367188> - islocked:true - password:17500720) initialized
0-0-57 | Velociraptor6x6 Camo2  (ownerId:407766611 - pos <9992.777344, 22.684906, 11025.113281> - islocked:true - password:55555552) initialized
0-0-57 | Velociraptor6x6 Camo (ownerId:407766611 - pos <9999.925781, 22.684904, 11024.579102> - islocked:true - password:55555552) initialized
0-0-57 | Ada 4x4 (ownerId:40055959 - pos <8928.569336, 5.915649, 10450.500977> - islocked:true - password:19711971) initialized
0-0-57 | UAZ469 (ownerId:40055959 - pos <8935.064453, 6.384639, 10443.116211> - islocked:true - password:19711971) initialized
0-0-57 | Olga 24 (ownerId:40055959 - pos <8923.685547, 5.862725, 10450.639648> - islocked:true - password:19711971) initialized
0-0-57 | UAZ_2315 (ownerId:89279995 - pos <3774.869629, 6.414783, 2592.672363> - islocked:true - password:20090909) initialized
0-0-57 | STR_Camaro_Nest_name (ownerId:60592768 - pos <3246.334717, 3.116042, 1751.297852> - islocked:true - password:13121312) initialized
0-0-57 | UAZ 3909 Police (ownerId:60592768 - pos <3231.893066, 3.497942, 1731.676270> - islocked:true - password:13121312) initialized
0-0-57 | Offroad Range Rover police  (ownerId:60592768 - pos <3240.920898, 3.228037, 1718.943604> - islocked:true - password:13121312) initialized
0-0-57 | Sarka 120 (ownerId:89279995 - pos <7738.920410, 15.235848, 9810.031250> - islocked:true - password:20090909) initialized
0-0-57 | Offroad Range Rover Yellow  (ownerId:103808025 - pos <7264.238281, 602.155884, 11730.521484> - islocked:true - password:55677777) initialized
0-0-57 | STR_Camaro_Veter_name (ownerId:88929178 - pos <7719.932617, 6.170794, 6786.017578> - islocked:false - password:371400) initialized
0-0-57 | MH-6M Little Bird - Camo (ownerId:88929178 - pos <7718.418457, 13.613725, 6788.499512> - islocked:false - password:371400) initialized
0-0-57 | Toyota Land Cruiser 200 Camo2  (ownerId:88929178 - pos <7728.019531, 6.374515, 6790.578613> - islocked:true - password:371400) initialized
0-0-57 | Mercedes-Benz W140 Blue (ownerId:88929178 - pos <7725.359863, 6.166997, 6795.729980> - islocked:true - password:371400) initialized
0-0-57 | HEMTT flecktarn (ownerId:88929178 - pos <7718.920898, 6.640539, 6804.869629> - islocked:true - password:371400) initialized
0-0-57 | Oshkosh grey (ownerId:64819467 - pos <4245.042969, 21.536226, 7274.150391> - islocked:true - password:7101993) initialized
0-0-57 | Toyota Land Cruiser 200 Camo (ownerId:119311623 - pos <4246.875000, 21.187666, 7294.261230> - islocked:true - password:7101993) initialized
0-0-57 | Nissan warrior Camo (ownerId:119311623 - pos <4252.936035, 21.283245, 7298.988281> - islocked:true - password:7101993) initialized
0-0-57 | BMW X5 Black (ownerId:215888376 - pos <4249.638672, 21.092596, 7297.039551> - islocked:true - password:7101993) initialized
0-0-57 | MH-6M Little Bird (ownerId:442990275 - pos <5610.440918, 30.145136, 5354.753906> - islocked:true - password:37579090) initialized
0-0-57 | ToyotaHilux White (ownerId:511479797 - pos <5634.562500, 28.969923, 5427.991211> - islocked:true - password:27181500) initialized
0-0-57 | Chevrolet Corvette kamo (ownerId:89279995 - pos <5609.680176, 29.253609, 5348.327637> - islocked:true - password:20090909) initialized
0-0-57 | Opel Astra Chrome (ownerId:127107249 - pos <5656.833496, 28.954370, 5381.950195> - islocked:true - password:12186270) initialized
0-0-57 | Gunter 2 (ownerId:48698262 - pos <5640.135742, 28.878922, 5330.790039> - islocked:false - password:48151623) initialized
0-0-57 | Robinson R22 Helicopter - Black (ownerId:197257182 - pos <5373.670898, 15.611907, 4984.482910> - islocked:true - password:48151623) initialized
0-0-57 | UH-60 Blackhawk Cargo (ownerId:119248354 - pos <2000.020386, 45.147621, 9025.759766> - islocked:false - password:11082007) initialized
0-0-57 | Sarka 120 (ownerId:442990275 - pos <1991.245239, 10.260277, 9032.504883> - islocked:true - password:42014201) initialized
0-0-57 | UH-60 Blackhawk Cargo (ownerId:442990275 - pos <1989.817017, 45.101009, 9027.368164> - islocked:true - password:37579090) initialized
0-0-57 | MH-6M Little Bird - Camo (ownerId:132652049 - pos <1992.329956, 45.808277, 9015.568359> - islocked:true - password:9021997) initialized
0-0-57 | HAMMER_H1 (ownerId:965259563 - pos <1962.524902, 9.924916, 9065.128906> - islocked:true - password:54146888) initialized
0-0-57 | STR_EGER_GreenCamo_name (ownerId:197257182 - pos <3979.138672, 25.917406, 4834.976563> - islocked:true - password:48151623) initialized
0-0-57 | MH-6M Little Bird - Camo (ownerId:197257182 - pos <3959.506836, 36.709934, 4783.929688> - islocked:true - password:48151623) initialized
0-0-57 |  Novator Flecktarn (ownerId:93344906 - pos <3981.621826, 25.744303, 4838.095215> - islocked:false - password:29292900) initialized
0-0-57 | Olga 24 (ownerId:327529037 - pos <3973.182129, 25.518736, 4840.167480> - islocked:true - password:29292900) initialized
0-0-57 | Gaz 71 Black (ownerId:119248354 - pos <3961.905029, 25.741261, 4837.951660> - islocked:false - password:11082007) initialized
0-0-57 | LUAZ 969 red (ownerId:405166905 - pos <4802.159668, 18.572527, 7577.117676> - islocked:true - password:11111111) initialized
0-0-57 | Olga 24 (ownerId:511479797 - pos <1742.365356, 9.988557, 8908.454102> - islocked:true - password:27181500) initialized
0-0-57 | UH-60 Blackhawk - Budhawk (ownerId:511479797 - pos <1780.585693, 10.202018, 8929.367188> - islocked:true - password:27181500) initialized
0-0-57 | UAZ HUNTER (ownerId:447071218 - pos <1732.635620, 10.074717, 8912.143555> - islocked:false - password:15148636) initialized
0-0-57 | UAZ 3909 Beige (ownerId:795695470 - pos <5468.115723, 15.597902, 4925.078125> - islocked:true - password:8031991) initialized
0-0-57 | Ada 4x4 (ownerId:369601190 - pos <5474.475586, 15.606014, 4931.196289> - islocked:true - password:42014201) initialized
0-0-57 | SCOUT Black (ownerId:442990275 - pos <5474.078125, 15.577124, 4935.667480> - islocked:true - password:37579090) initialized
0-0-57 | STR_Camaro_Sibirs_name (ownerId:407766611 - pos <5480.654785, 15.164775, 4976.340820> - islocked:true - password:55555552) initialized
0-0-57 | Romani4 (ownerId:407766611 - pos <3694.838379, 21.482758, 6466.419922> - islocked:true - password:80081355) initialized
0-0-57 | STR_EGER_GreenCamo_name (ownerId:523991778 - pos <5897.904785, 37.048115, 5224.135742> - islocked:true - password:22392239) initialized
0-0-57 | Gelenvagen white_camo2 (ownerId:523450192 - pos <5893.695801, 36.753899, 5222.083496> - islocked:true - password:22392239) initialized
0-0-57 | MH-6M Little Bird - Camo (ownerId:523450192 - pos <5890.479492, 41.853699, 5228.574707> - islocked:true - password:22392239) initialized
0-0-57 | Jeep Wrangler Camo (ownerId:526094573 - pos <5695.989746, 31.555618, 5231.927246> - islocked:true - password:11025255) initialized
0-0-57 | Robinson R22 Helicopter - Black (ownerId:521855408 - pos <5663.578125, 33.940243, 5242.627441> - islocked:true - password:9102021) initialized
0-0-57 | LUAZ 969 (ownerId:75086644 - pos <2135.371338, 14.966346, 9181.180664> - islocked:true - password:10182009) initialized
0-0-57 | Gunter 2 (ownerId:218588421 - pos <3806.019287, 6.884713, 5906.622070> - islocked:true - password:3081984) initialized
0-0-57 | Oshkosh (ownerId:197257182 - pos <2799.406982, 69.918602, 4663.852539> - islocked:true - password:48151623) initialized
0-0-57 | MOSKVICH 2140 (ownerId:882346394 - pos <6661.078125, 15.562323, 6320.576660> - islocked:true - password:42091103) initialized
0-0-57 | Velociraptor6x6 Camo2  (ownerId:262549311 - pos <7192.797852, 61.652504, 5886.411621> - islocked:true - password:24680000) initialized
0-7-39 | MH-6M Little Bird - Camo (ownerId:88929178 - pos <7718.388184, 12.246865, 6788.506348> - islocked:false - password:371400) has been deleted
0-42-43 | HEMTT flecktarn (ownerId:88929178 - pos <6276.479492, 15.435757, 6193.072266> - islocked:false - password:371400) has been deleted
0-42-55 | HEMTT flecktarn (ownerId:88929178 - pos <6280.192383, 15.390000, 6196.565918> - islocked:true - password:371400) new car claimed
0-42-55 | HEMTT flecktarn (ownerId:88929178 - pos <6280.192383, 15.390001, 6196.565918> - islocked:true - password:371400) initialized
0-50-0 | HEMTT flecktarn (ownerId:88929178 - pos <5630.014160, 28.291367, 5329.840332> - islocked:false - password:-1) new car claimed
0-50-43 | HEMTT flecktarn (ownerId:442990275 - pos <5630.014160, 28.291367, 5329.840332> - islocked:true - password:37579090) new car claimed
0-53-27 | MH-6M Little Bird - Camo (ownerId:88929178 - pos <5638.409180, 27.750372, 5436.690430> - islocked:true - password:371400) new car claimed
0-53-27 | MH-6M Little Bird - Camo (ownerId:88929178 - pos <5638.409180, 27.750378, 5436.690430> - islocked:true - password:371400) initialized
0-55-9 | HEMTT flecktarn (ownerId:442990275 - pos <5660.552246, 27.704844, 5474.273438> - islocked:false - password:37579090) has been deleted
0-56-13 | HEMTT flecktarn (ownerId:442990275 - pos <5677.191406, 29.009998, 5390.479004> - islocked:true - password:37579090) new car claimed
0-56-13 | HEMTT flecktarn (ownerId:442990275 - pos <5677.191406, 29.009998, 5390.479004> - islocked:true - password:37579090) initialized
0-58-57 | HEMTT flecktarn (ownerId:442990275 - pos <5677.193359, 28.809288, 5390.476563> - islocked:true - password:37579090) has been deleted
1-11-58 | Chevrolet Corvette kamo (ownerId:89279995 - pos <5624.238281, 28.653883, 5350.433105> - islocked:true - password:-1) new car claimed
1-14-37 | PONTIAC (rust) (ownerId:442990275 - pos <5659.809082, 29.010010, 5397.133789> - islocked:true - password:37579090) new car claimed
1-14-37 | PONTIAC (rust) (ownerId:442990275 - pos <5659.809082, 29.010010, 5397.133789> - islocked:true - password:37579090) initialized
1-18-21 | PONTIAC (rust) (ownerId:442990275 - pos <5659.808594, 28.680883, 5397.130859> - islocked:false - password:-1) new car claimed
1-20-27 | Chevrolet Corvette kamo (ownerId:442990275 - pos <5653.936523, 28.653887, 5389.885254> - islocked:true - password:37579090) new car claimed
1-22-12 | PONTIAC (rust) (ownerId:6938606 - pos <5623.909668, 28.681429, 5350.578125> - islocked:true - password:20090909) new car claimed
1-26-41 | MH-6M Little Bird (ownerId:89279995 - pos <5614.096680, 28.644009, 5353.928223> - islocked:true - password:20090909) new car claimed
1-58-17 | Chevrolet Corvette kamo (ownerId:442990275 - pos <5666.150879, 28.648335, 5392.640625> - islocked:false - password:37579090) has been deleted
2-19-7 | HEMTT flecktarn (ownerId:442990275 - pos <5476.275879, 15.106551, 4944.957520> - islocked:true - password:37579090) new car claimed
2-19-7 | HEMTT flecktarn (ownerId:442990275 - pos <5476.275879, 15.106551, 4944.957520> - islocked:true - password:37579090) initialized
2-19-21 | BMW (ownerId:442990275 - pos <5469.235840, 15.109991, 4948.565430> - islocked:true - password:42014201) new car claimed
2-19-21 | BMW (ownerId:442990275 - pos <5469.235840, 15.109991, 4948.565430> - islocked:true - password:42014201) initialized
2-19-31 | Chevrolet Corvette kamo (ownerId:442990275 - pos <5468.500000, 15.110001, 4942.777344> - islocked:true - password:37579090) new car claimed
2-19-31 | Chevrolet Corvette kamo (ownerId:442990275 - pos <5468.500000, 15.110001, 4942.777344> - islocked:true - password:37579090) initialized
2-25-35 | SCOUT Black (ownerId:442990275 - pos <5469.417480, 14.879438, 4945.698730> - islocked:false - password:37579090) has been deleted
2-25-53 | BMW (ownerId:442990275 - pos <5470.807129, 14.729740, 4948.818359> - islocked:false - password:42014201) has been deleted
2-26-14 | HEMTT flecktarn (ownerId:442990275 - pos <5476.312012, 14.902408, 4944.941895> - islocked:false - password:37579090) has been deleted
2-26-34 | Chevrolet Corvette kamo (ownerId:442990275 - pos <5469.870605, 14.753889, 4942.451172> - islocked:false - password:37579090) has been deleted
2-31-40 | UH-60 Blackhawk Cargo (ownerId:442990275 - pos <1990.026733, 44.397675, 9027.747070> - islocked:false - password:37579090) has been deleted
2-33-12 | UH-60 Blackhawk Cargo (ownerId:442990275 - pos <1950.895874, 9.490001, 8841.640625> - islocked:true - password:37579090) new car claimed
2-33-12 | UH-60 Blackhawk Cargo (ownerId:442990275 - pos <1950.895874, 9.490001, 8841.640625> - islocked:true - password:37579090) initialized
2-33-22 | SCOUT Black (ownerId:442990275 - pos <1957.566528, 9.489958, 8841.682617> - islocked:true - password:37579090) new car claimed
2-33-22 | SCOUT Black (ownerId:442990275 - pos <1957.566528, 9.489958, 8841.682617> - islocked:true - password:37579090) initialized
2-33-32 | Chevrolet Corvette kamo (ownerId:442990275 - pos <1959.083252, 9.489994, 8835.713867> - islocked:true - password:37579090) new car claimed
2-33-32 | Chevrolet Corvette kamo (ownerId:442990275 - pos <1959.083252, 9.489994, 8835.713867> - islocked:true - password:37579090) initialized
2-34-11 | HEMTT flecktarn (ownerId:442990275 - pos <1956.077271, 9.490001, 8848.322266> - islocked:true - password:37579090) new car claimed
2-34-11 | HEMTT flecktarn (ownerId:442990275 - pos <1956.077271, 9.490001, 8848.322266> - islocked:true - password:37579090) initialized
2-34-44 | BMW (ownerId:442990275 - pos <1963.551514, 9.489985, 8839.999023> - islocked:true - password:42014201) new car claimed
2-34-44 | BMW (ownerId:442990275 - pos <1963.551514, 9.489985, 8839.999023> - islocked:true - password:42014201) initialized
2-40-0 | Chevrolet Corvette kamo (ownerId:442990275 - pos <1959.076172, 9.133885, 8835.708984> - islocked:true - password:37579090) has been deleted
2-40-27 | BMW (ownerId:442990275 - pos <1963.550537, 9.109707, 8839.993164> - islocked:true - password:42014201) has been deleted
2-40-50 | SCOUT Black (ownerId:442990275 - pos <1957.568726, 9.259439, 8841.679688> - islocked:true - password:37579090) has been deleted
2-41-11 | HEMTT flecktarn (ownerId:442990275 - pos <1956.135376, 9.295724, 8848.558594> - islocked:true - password:37579090) has been deleted
2-41-47 | UH-60 Blackhawk Cargo (ownerId:442990275 - pos <1950.894409, 9.195500, 8841.642578> - islocked:true - password:37579090) has been deleted
2-52-3 | Robinson R22 Helicopter - Red (ownerId:327529037 - pos <4166.833984, 4.893144, 15469.037109> - islocked:true - password:29029089) new car claimed
2-59-50 | Robinson R22 Helicopter - Red (ownerId:327529037 - pos <4110.262207, -9.935193, 15475.487305> - islocked:false - password:29029089) has been deleted
4-32-34 | Olga 24 (ownerId:442990275 - pos <2118.606689, 12.719049, 11091.403320> - islocked:true - password:42014201) new car claimed
4-33-28 | Olga 24 (ownerId:442990275 - pos <2118.606689, 12.719049, 11091.403320> - islocked:true - password:42014201) has been deleted
