Creation Time: 2023_4_12-12-0-48
12-0-48 | M3S Covered (ownerId:62166080 - pos <6796.285156, 39.129314, 1809.295044> - islocked:true - password:22392239) initialized
12-0-48 | Ada 4x4 (ownerId:980466132 - pos <6795.198730, 39.193413, 1804.035278> - islocked:true - password:22392239) initialized
12-0-48 | UH-60 Blackhawk Cargo (ownerId:980466132 - pos <6789.833496, 39.259407, 1855.992554> - islocked:false - password:22392239) initialized
12-0-48 | MH-6M Little Bird - Desert (ownerId:62166080 - pos <6772.994629, 55.366905, 1847.963379> - islocked:true - password:22392239) initialized
12-0-48 | M3S Covered (ownerId:965259563 - pos <3756.731689, 5.599270, 2571.684326> - islocked:true - password:11367275) initialized
12-0-48 | Olga 24 (ownerId:965259563 - pos <3753.140869, 5.595252, 2570.598389> - islocked:true - password:11367275) initialized
12-0-48 | Gunter 2 (ownerId:965259563 - pos <3748.300537, 5.650971, 2573.667480> - islocked:true - password:11367275) initialized
12-0-48 | UH-60 Blackhawk - Woodland (ownerId:85319837 - pos <3985.975342, 16.854155, 3474.664551> - islocked:true - password:1111110) initialized
12-0-48 | Robinson R22 Helicopter (ownerId:965259563 - pos <4428.256836, 6.180568, 2904.960693> - islocked:true - password:11367275) initialized
12-0-48 | UH-60 Blackhawk - blackblackhawk (ownerId:195214598 - pos <11194.048828, 16.208912, 3796.434814> - islocked:true - password:89895252) initialized
12-0-48 | Robinson R22 Helicopter (ownerId:940915030 - pos <9512.575195, 102.761200, 3733.148193> - islocked:true - password:11853737) initialized
12-0-48 | Sarka 120 (ownerId:940915030 - pos <9511.229492, 102.703026, 3751.685303> - islocked:true - password:11853737) initialized
12-0-48 | Robinson R22 Helicopter - Black (ownerId:108250772 - pos <8696.025391, 2.231342, 5545.102539> - islocked:false - password:14789632) initialized
12-0-48 | Sarka 120 (ownerId:980466132 - pos <7344.983398, 65.536049, 6033.240234> - islocked:false - password:22392239) initialized
12-0-48 | Robinson R22 Helicopter - Black (ownerId:980466132 - pos <7344.740234, 101.076912, 6032.527344> - islocked:true - password:22392239) initialized
12-0-48 | Olga 24 (ownerId:288122462 - pos <5667.477051, 28.954525, 5408.281250> - islocked:true - password:12011152) initialized
12-0-48 | Olga 24 (ownerId:195214598 - pos <5644.253418, 28.383806, 5433.855469> - islocked:true - password:52898989) initialized
12-0-48 | Robinson R22 Helicopter (ownerId:195214598 - pos <6914.961426, 2.682920, 7082.414551> - islocked:true - password:52528989) initialized
12-0-48 | M3S Covered (ownerId:108250772 - pos <6236.732910, 5.800161, 9596.695313> - islocked:false - password:78945612) initialized
12-0-48 | UH-60 Blackhawk - blackblackhawk (ownerId:71319946 - pos <10198.069336, 2.165243, 7571.532715> - islocked:false - password:19944991) initialized
12-0-48 | M3S Covered (ownerId:67657702 - pos <10219.411133, 20.386320, 7929.946777> - islocked:false - password:19944991) initialized
12-0-48 | Olga 24 (ownerId:62166080 - pos <11179.249023, 5.801185, 11238.514648> - islocked:true - password:22392239) initialized
12-18-3 | UH-60 Blackhawk - blackblackhawk (ownerId:71319946 - pos <5649.224609, 29.343363, 5335.592285> - islocked:false - password:19944991) has been deleted
12-19-12 | UH-60 Blackhawk - blackblackhawk (ownerId:71319946 - pos <5618.937500, 29.009998, 5358.835449> - islocked:true - password:19944991) new car claimed
12-19-12 | UH-60 Blackhawk - blackblackhawk (ownerId:71319946 - pos <5618.937500, 28.758301, 5358.834961> - islocked:true - password:19944991) initialized
12-21-18 | UH-60 Blackhawk - blackblackhawk (ownerId:71319946 - pos <5618.933594, 28.784647, 5358.843262> - islocked:false - password:19944991) has been deleted
