Creation Time: 2023_6_12-0-0-52
0-0-52 | Sarka 120 (ownerId:144736642 - pos <7339.914063, 7.426139, 8406.831055> - islocked:false - password:41941941) initialized
0-0-52 | Robinson R22 Helicopter (ownerId:249230507 - pos <8098.369141, 13.009299, 9340.552734> - islocked:true - password:33333333) initialized
0-0-52 | M3S Covered (ownerId:249230507 - pos <8079.347656, 12.678354, 9362.015625> - islocked:true - password:33333333) initialized
0-0-52 | YAR_87 Camo2  (ownerId:34611550 - pos <2479.783936, 18.702799, 13963.018555> - islocked:true - password:19892004) initialized
0-0-52 | MH-6M Little Bird - Desert (ownerId:132652049 - pos <10045.665039, 8.208423, 1098.988281> - islocked:false - password:13579246) initialized
0-0-52 | ToyotaHilux White (ownerId:60592768 - pos <9559.647461, 4.320498, 5946.361816> - islocked:true - password:19651965) initialized
0-0-52 | ToyotaHilux Camo (ownerId:369601190 - pos <1585.869019, 10.096197, 9051.075195> - islocked:false - password:80081355) initialized
0-0-52 | STR_Camaro_Lesnik_name (ownerId:442990275 - pos <1956.191284, 9.871473, 8872.091797> - islocked:true - password:42014201) initialized
0-0-52 | MH-6M Little Bird - Camo (ownerId:369601190 - pos <9885.496094, 23.061436, 10992.030273> - islocked:true - password:80081355) initialized
0-0-52 | Olga 24 (ownerId:86564395 - pos <12785.870117, 5.458175, 9917.777344> - islocked:true - password:59005900) initialized
0-0-52 | LUAZ 969 black (ownerId:88929178 - pos <4146.069336, 4.054658, 4199.204102> - islocked:true - password:371400) initialized
0-0-52 | Olga 24 (ownerId:501895347 - pos <3569.444092, 21.093908, 6543.832520> - islocked:true - password:42775920) initialized
0-0-52 | LUAZ 969 black (ownerId:36527682 - pos <7718.376953, 36.262547, 6068.660645> - islocked:true - password:93991005) initialized
0-0-52 | Jeep Wrangler Blue (ownerId:34611550 - pos <4246.239258, 21.212746, 7292.730957> - islocked:true - password:19892004) initialized
0-0-52 | MH-6M Little Bird (ownerId:34611550 - pos <4271.984863, 21.744884, 7303.545410> - islocked:true - password:19892004) initialized
0-0-52 | Jeep Wrangler black  (ownerId:308099129 - pos <3929.318359, 12.055122, 7918.307129> - islocked:true - password:9131988) initialized
0-0-52 | STR_EGER_name (ownerId:980466132 - pos <3689.003906, 12.084078, 9772.873047> - islocked:true - password:22392239) initialized
0-0-52 | M3S Covered (ownerId:86564395 - pos <4550.290527, 27.460199, 7875.549805> - islocked:false - password:59005900) initialized
0-0-52 | ToyotaHilux Camo (ownerId:442990275 - pos <5645.995605, 28.502956, 5434.617676> - islocked:true - password:42014201) initialized
0-0-52 | Jeep Wrangler (ownerId:944065078 - pos <5664.309082, 28.975334, 5335.381836> - islocked:false - password:97319731) initialized
0-0-52 | Ada 4x4 (ownerId:839735782 - pos <5859.894043, 44.990219, 4891.104980> - islocked:true - password:1051997) initialized
0-0-52 | UAZ_2315 Red (ownerId:405166905 - pos <4616.346680, 5.538244, 4798.652832> - islocked:true - password:1111991) initialized
0-0-52 | Olga 24 (ownerId:405166905 - pos <4621.452148, 5.944806, 4792.484375> - islocked:true - password:1111991) initialized
0-0-52 | MOSKVICH 2140 (ownerId:54276291 - pos <5441.173340, 6.790074, 4639.570801> - islocked:true - password:12348262) initialized
0-0-52 | MOSKVICH 2140 (ownerId:288122462 - pos <6883.863281, 34.121433, 5878.004883> - islocked:true - password:12321123) initialized
0-0-52 | Audi RS6 (ownerId:85319837 - pos <5682.158203, 33.492756, 5242.701172> - islocked:true - password:1111110) initialized
0-0-52 | MOSKVICH 2140 (ownerId:137318436 - pos <4304.499512, 3.855543, 4680.525391> - islocked:true - password:20090909) initialized
0-0-52 | Olga 24 (ownerId:416867315 - pos <5378.852539, 74.598732, 3968.254150> - islocked:true - password:19993420) initialized
