Creation Time: 2023_5_13-15-52-6
15-52-6 | Olga 24 (ownerId:36774377 - pos <5615.750488, 29.300632, 5348.815430> - islocked:true - password:0) initialized
15-52-6 | Ada 4x4 (ownerId:36774377 - pos <5609.556152, 29.612698, 5346.926270> - islocked:true - password:0) initialized
15-52-6 | Gunter 2 (ownerId:36774377 - pos <5612.557129, 29.425274, 5348.291016> - islocked:true - password:0) initialized
15-52-6 | Sarka 120 (ownerId:36774377 - pos <5618.896484, 29.308722, 5349.019531> - islocked:true - password:0) initialized
15-52-6 | M3S Covered (ownerId:36774377 - pos <5624.173828, 29.580153, 5351.558105> - islocked:true - password:0) initialized
20-21-40 | Buggy Red (ownerId:85319837 - pos <5605.573730, 28.770269, 5355.133789> - islocked:true - password:1111110) new car claimed
20-29-17 | Buggy Red (ownerId:85319837 - pos <5648.369141, 28.718542, 5420.589844> - islocked:false - password:1111110) has been deleted
20-30-52 | Buggy Red (ownerId:108250772 - pos <5633.267578, 28.973053, 5359.433105> - islocked:true - password:1111110) new car claimed
20-30-52 | Buggy Red (ownerId:108250772 - pos <5633.267578, 28.673054, 5359.433105> - islocked:true - password:1111110) initialized
20-31-20 | Buggy Red (ownerId:108250772 - pos <5633.269043, 28.684319, 5359.433105> - islocked:true - password:1111110) has been deleted
20-33-16 | VAZ_2109 (ownerId:85319837 - pos <5606.911621, 28.786524, 5354.546875> - islocked:true - password:1111110) new car claimed
20-34-48 | VAZ_2109 (ownerId:85319837 - pos <5620.770996, 28.708857, 5362.595215> - islocked:true - password:1111110) has been deleted
20-37-17 | Audi RS6 Chrome  (ownerId:85319837 - pos <5613.551758, 28.635618, 5355.702637> - islocked:true - password:9151985) new car claimed
20-44-35 | Audi RS6 Chrome  (ownerId:85319837 - pos <5604.671387, 11.579597, 5718.359375> - islocked:false - password:9151985) has been deleted
20-48-23 | Jeep Wrangler Camo (ownerId:85319837 - pos <5605.612305, 28.905533, 5355.777344> - islocked:true - password:0) new car claimed
21-27-24 | Jeep Wrangler Camo (ownerId:85319837 - pos <3238.223145, 3.324642, 5488.763672> - islocked:false - password:0) has been deleted
21-29-30 | Jeep Wrangler Camo (ownerId:85319837 - pos <3250.644531, 2.678754, 5516.255371> - islocked:true - password:-1) new car claimed
23-58-12 | Ada 4x4 (ownerId:36774377 - pos <10049.159180, 16.356007, 11189.520508> - islocked:false - password:0) has been deleted
4-16-13 | Jeep Wrangler black  (ownerId:88929178 - pos <5626.440430, 28.862059, 5413.578125> - islocked:true - password:371400) new car claimed
4-19-8 | Jeep Wrangler black  (ownerId:88929178 - pos <5626.440430, 28.862059, 5413.578125> - islocked:false - password:371400) has been deleted
4-20-14 | MH-6M Little Bird (ownerId:132652049 - pos <5622.926758, 28.676952, 5360.648926> - islocked:true - password:17392468) new car claimed
