Creation Time: 2023_6_7-18-0-48
18-0-48 | ToyotaHilux White (ownerId:60592768 - pos <9560.015625, 4.309740, 5946.575195> - islocked:true - password:19651965) initialized
18-0-48 | LUAZ 969 black (ownerId:36527682 - pos <7718.376953, 36.262543, 6068.660645> - islocked:true - password:93991005) initialized
18-0-48 | Ada 4x4 (ownerId:839735782 - pos <4959.777832, 15.151151, 8482.845703> - islocked:true - password:1051997) initialized
18-0-48 | Olga 24 (ownerId:86564395 - pos <5683.289063, 5.538032, 9264.157227> - islocked:true - password:59005900) initialized
18-0-48 | UAZ_2315 Red (ownerId:405166905 - pos <7584.202637, 5.464851, 9458.130859> - islocked:true - password:1111991) initialized
18-0-48 | Robinson R22 Helicopter (ownerId:249230507 - pos <8092.914063, 13.178654, 9330.942383> - islocked:true - password:33333333) initialized
18-0-48 | M3S Covered (ownerId:249230507 - pos <8282.173828, 5.025832, 9352.252930> - islocked:true - password:33333333) initialized
18-0-48 | Sarka 120 (ownerId:144736642 - pos <7340.216797, 7.426133, 8406.367188> - islocked:true - password:41941941) initialized
18-0-48 | YAR_87 Camo2  (ownerId:34611550 - pos <2479.793945, 18.702805, 13963.010742> - islocked:true - password:19892004) initialized
18-0-48 | STR_EGER_name (ownerId:980466132 - pos <3688.989990, 12.084511, 9772.874023> - islocked:true - password:22392239) initialized
18-0-48 | MH-6M Little Bird - Desert (ownerId:132652049 - pos <10045.665039, 8.208424, 1098.988281> - islocked:false - password:13579246) initialized
18-0-48 | ToyotaHilux Camo (ownerId:442990275 - pos <7248.804688, 25.022591, 1970.907227> - islocked:true - password:42014201) initialized
18-0-48 | MOSKVICH 2140 (ownerId:288122462 - pos <6883.863281, 34.121437, 5878.004883> - islocked:true - password:12321123) initialized
18-0-48 | Olga 24 (ownerId:416867315 - pos <5378.852539, 74.598740, 3968.254150> - islocked:true - password:19993420) initialized
18-0-48 | MOSKVICH 2140 (ownerId:54276291 - pos <5440.910156, 6.817315, 4639.781738> - islocked:true - password:12348262) initialized
18-0-48 | LUAZ 969 black (ownerId:88929178 - pos <4146.072266, 4.054572, 4199.206055> - islocked:true - password:371400) initialized
18-0-48 | Audi RS6 (ownerId:85319837 - pos <5682.033203, 33.497341, 5242.730957> - islocked:true - password:1111110) initialized
18-0-48 | Jeep Wrangler (ownerId:944065078 - pos <5667.188477, 29.419710, 5339.477051> - islocked:false - password:97319731) initialized
18-0-48 | MOSKVICH 2140 (ownerId:137318436 - pos <4304.500000, 3.855566, 4680.525391> - islocked:true - password:20090909) initialized
18-0-48 | M3S Covered (ownerId:86564395 - pos <4550.290527, 27.460207, 7875.549805> - islocked:false - password:59005900) initialized
18-0-48 | MH-6M Little Bird (ownerId:34611550 - pos <4271.984863, 21.744884, 7303.545410> - islocked:true - password:19892004) initialized
18-0-48 | Olga 24 (ownerId:405166905 - pos <3424.073975, 23.085716, 6116.763184> - islocked:true - password:1111991) initialized
18-0-48 | Jeep Wrangler Blue (ownerId:34611550 - pos <4246.239258, 21.212746, 7292.730957> - islocked:true - password:19892004) initialized
18-0-48 | Olga 24 (ownerId:501895347 - pos <3569.568848, 21.127243, 6543.797363> - islocked:true - password:42775920) initialized
18-0-48 | Jeep Wrangler black  (ownerId:308099129 - pos <3929.318359, 12.055122, 7918.307129> - islocked:true - password:9131988) initialized
18-0-48 | MH-6M Little Bird - Camo (ownerId:369601190 - pos <1578.081055, 10.481434, 9021.290039> - islocked:true - password:80081355) initialized
18-0-48 | STR_Camaro_Lesnik_name (ownerId:442990275 - pos <1956.199829, 9.871473, 8872.092773> - islocked:true - password:42014201) initialized
