Creation Time: 2023_4_17-18-0-54
18-0-54 | Olga 24 (ownerId:944065078 - pos <7657.513184, 19.194611, 3870.318604> - islocked:true - password:97319731) initialized
18-0-54 | Robinson R22 Helicopter - Black (ownerId:116364714 - pos <7648.383789, 19.425791, 3884.123047> - islocked:true - password:25082508) initialized
18-0-54 | Olga 24 (ownerId:965259563 - pos <3779.174316, 5.569847, 2509.310791> - islocked:true - password:11367275) initialized
18-0-54 | Bell 429 Helicopter (ownerId:88929178 - pos <4501.654297, 10.794111, 3188.922607> - islocked:true - password:371400) initialized
18-0-54 | UH-60 Blackhawk - Woodland (ownerId:85319837 - pos <3985.974854, 16.854164, 3474.664795> - islocked:true - password:1111110) initialized
18-0-54 | Robinson R22 Helicopter (ownerId:965259563 - pos <4428.253418, 6.180693, 2904.960938> - islocked:true - password:11367275) initialized
18-0-54 | Gunter 2 (ownerId:965259563 - pos <3748.300537, 5.650943, 2573.677490> - islocked:true - password:11367275) initialized
18-0-54 | M3S Covered (ownerId:965259563 - pos <3757.192627, 5.599074, 2565.221436> - islocked:true - password:11367275) initialized
18-0-54 | UH-60 Blackhawk Cargo (ownerId:980466132 - pos <6788.688965, 38.912727, 1852.732178> - islocked:true - password:22392239) initialized
18-0-54 | Robinson R22 Helicopter - Black (ownerId:62166080 - pos <6770.633301, 53.509365, 1835.195923> - islocked:true - password:22392239) initialized
18-0-54 | MH-6M Little Bird - Desert (ownerId:62166080 - pos <6783.229492, 54.240791, 1835.152222> - islocked:true - password:22392239) initialized
18-0-54 | Ada 4x4 (ownerId:980466132 - pos <6800.919922, 39.178162, 1804.989624> - islocked:true - password:22392239) initialized
18-0-54 | M3S Covered (ownerId:62166080 - pos <6796.645020, 39.129284, 1808.627441> - islocked:false - password:22392239) initialized
18-0-54 | Sarka 120 (ownerId:980466132 - pos <6795.429199, 39.113350, 1800.741089> - islocked:true - password:22392239) initialized
18-0-54 | Olga 24 (ownerId:62166080 - pos <6795.729492, 39.125626, 1803.794312> - islocked:true - password:22392239) initialized
18-0-54 | Ada 4x4 (ownerId:62166080 - pos <6801.277832, 39.178246, 1801.917603> - islocked:true - password:22392239) initialized
18-0-54 | Sarka 120 (ownerId:940915030 - pos <9511.229492, 102.703033, 3751.685059> - islocked:true - password:11853737) initialized
18-0-54 | Robinson R22 Helicopter - Black (ownerId:34745177 - pos <9138.452148, 47.923794, 3793.780762> - islocked:false - password:67698687) initialized
18-0-54 | Robinson R22 Helicopter (ownerId:940915030 - pos <9512.575195, 102.761200, 3733.148193> - islocked:true - password:11853737) initialized
18-0-54 | M3S Covered (ownerId:67657702 - pos <10219.405273, 20.343067, 7929.056152> - islocked:false - password:19944991) initialized
18-0-54 | Bell 429 Helicopter (ownerId:195214598 - pos <8112.444824, 214.213120, 11880.526367> - islocked:true - password:52898952) initialized
18-0-54 | UH-60 Blackhawk - blackblackhawk (ownerId:195214598 - pos <8069.666992, 215.248932, 11834.370117> - islocked:true - password:89895252) initialized
18-0-54 | M3S Covered (ownerId:108250772 - pos <5629.318848, 29.565678, 5419.864746> - islocked:true - password:78945612) initialized
18-0-54 | Olga 24 (ownerId:288122462 - pos <5667.997559, 28.914772, 5408.262207> - islocked:true - password:12011152) initialized
18-0-54 | Robinson R22 Helicopter (ownerId:195214598 - pos <5661.527832, 33.934757, 5246.419434> - islocked:true - password:52528989) initialized
18-0-54 | Robinson R22 Helicopter - Red (ownerId:71319946 - pos <5689.203125, 32.301769, 5224.743164> - islocked:true - password:19944991) initialized
18-0-54 | Robinson R22 Helicopter - Black (ownerId:980466132 - pos <7348.521973, 101.077194, 6033.944824> - islocked:true - password:22392239) initialized
18-0-54 | M3S Covered (ownerId:8156911 - pos <6809.606445, 36.378117, 5786.281250> - islocked:true - password:15500000) initialized
21-14-47 | Bell 429 Helicopter (ownerId:195214598 - pos <3223.378662, 6.872389, 1721.881836> - islocked:true - password:52525252) new car claimed
23-12-42 | Bell 429 Helicopter (ownerId:195214598 - pos <3223.378662, 6.872389, 1721.881836> - islocked:true - password:52525252) has been deleted
23-24-24 | Ada 4x4 (ownerId:80291406 - pos <5629.812500, 29.009998, 5356.781250> - islocked:true - password:84) new car claimed
23-24-24 | Ada 4x4 (ownerId:80291406 - pos <5629.812500, 28.709999, 5356.781250> - islocked:true - password:84) initialized
23-29-16 | Ada 4x4 (ownerId:80291406 - pos <7092.620117, 8.928079, 5460.662109> - islocked:false - password:84) has been deleted
