Creation Time: 2023_5_22-12-0-53
12-0-53 | MBB Bo-105m Helicopter - blackcamo (ownerId:132652049 - pos <10716.896484, 3.544948, 3207.638672> - islocked:true - password:86753099) initialized
12-0-53 | Jeep Wrangler black  (ownerId:132652049 - pos <10692.896484, 3.383175, 3208.724609> - islocked:false - password:17392468) initialized
12-0-53 | Cougar Camo kamo (ownerId:980466132 - pos <1447.440186, 3.095259, 6767.592285> - islocked:true - password:22392239) initialized
12-0-53 | ToyotaHilux Red (ownerId:60592768 - pos <9562.668945, 4.356302, 5943.360352> - islocked:true - password:19651965) initialized
12-0-53 | Olga 24 (ownerId:839735782 - pos <5859.011230, 45.548733, 4886.847168> - islocked:true - password:13579086) initialized
12-0-53 | YAR_87 Camo2  (ownerId:34611550 - pos <7504.334473, 3.340491, 5638.859863> - islocked:true - password:19892004) initialized
12-0-53 | Chevrolet Corvette White  (ownerId:157174770 - pos <7500.621094, 2.791232, 5636.865723> - islocked:true - password:19892004) initialized
12-0-53 | Olga 24 (ownerId:36527682 - pos <7733.397461, 36.107811, 6085.732910> - islocked:false - password:10939910) initialized
12-0-53 | UAZ 3909 Khaki1 (ownerId:36527682 - pos <7718.837402, 36.424007, 6070.980469> - islocked:true - password:93991005) initialized
12-0-53 | LUAZ 969 blue (ownerId:354151095 - pos <6972.173340, 14.597517, 5701.598633> - islocked:true - password:4250425) initialized
12-0-53 | MOSKVICH 2140 (ownerId:304057481 - pos <6950.713379, 14.669948, 5719.607422> - islocked:true - password:42687931) initialized
12-0-53 | Toyota Land Cruiser 200 blood  (ownerId:62166080 - pos <5678.061523, 33.599380, 5246.401855> - islocked:true - password:22392239) initialized
12-0-53 | Jeep Wrangler (ownerId:288122462 - pos <6882.477051, 34.255123, 5889.201172> - islocked:true - password:12321321) initialized
12-0-53 | M3S Covered (ownerId:442990275 - pos <5680.877441, 32.805187, 5270.241699> - islocked:true - password:37579090) initialized
12-0-53 | PAZ (green) (ownerId:980466132 - pos <5631.259277, 29.526323, 5379.812012> - islocked:true - password:22392239) initialized
12-0-53 | Sarka 120 (ownerId:108250772 - pos <5617.133301, 28.686020, 5394.041992> - islocked:true - password:3181989) initialized
12-0-53 | LUAZ 969 rust (ownerId:88929178 - pos <5625.482910, 29.296350, 5419.026367> - islocked:true - password:371400) initialized
12-0-53 | HAMMER_H1 black (ownerId:405166905 - pos <5195.087891, 4.950011, 5315.441895> - islocked:true - password:1111991) initialized
12-0-53 | STR_EGER_name (ownerId:69839805 - pos <4249.273926, 21.605030, 7295.800293> - islocked:true - password:20090909) initialized
12-0-53 | Gaz 71 WINTER (ownerId:137318436 - pos <4240.989746, 21.428877, 7282.318359> - islocked:true - password:20090909) initialized
12-0-53 | UAZ_2315 Camo2 (ownerId:442990275 - pos <1847.114014, 2.448178, 15999.281250> - islocked:true - password:42014201) initialized
