Creation Time: 2023_7_22-18-0-49
18-0-49 | LUAZ 969 red (ownerId:405166905 - pos <5356.917969, 35.382145, 641.903687> - islocked:true - password:11111111) initialized
18-0-49 | Offroad Range Rover Yellow  (ownerId:103808025 - pos <7264.238281, 602.155884, 11730.521484> - islocked:true - password:55677777) initialized
18-0-49 | Olga 24 (ownerId:40055959 - pos <8924.164063, 5.862728, 10451.518555> - islocked:true - password:19711971) initialized
18-0-49 | UAZ469 (ownerId:40055959 - pos <8928.346680, 6.384642, 10451.653320> - islocked:true - password:19711971) initialized
18-0-49 | STR_Camaro_Nest_name (ownerId:60592768 - pos <3246.135010, 3.116042, 1750.852783> - islocked:true - password:13121312) initialized
18-0-49 | UAZ 3909 Police (ownerId:60592768 - pos <3231.809570, 3.497940, 1732.097046> - islocked:true - password:13121312) initialized
18-0-49 | Gaz 71 Black (ownerId:119248354 - pos <2782.140869, 69.946213, 4692.520996> - islocked:true - password:11082007) initialized
18-0-49 |  Novator Flecktarn (ownerId:48698262 - pos <2795.422119, 69.814301, 4663.095215> - islocked:true - password:48151623) initialized
18-0-49 | Oshkosh (ownerId:197257182 - pos <2799.504639, 69.918594, 4663.191895> - islocked:true - password:48151623) initialized
18-0-49 | STR_EGER_GreenCamo_name (ownerId:197257182 - pos <2802.366943, 69.987411, 4663.773926> - islocked:true - password:48151623) initialized
18-0-49 | MH-6M Little Bird - Camo (ownerId:119248354 - pos <2769.416992, 70.294174, 4630.593750> - islocked:true - password:48151623) initialized
18-0-49 | Jeep Wrangler Camo (ownerId:526094573 - pos <3590.822998, 10.833090, 3410.253662> - islocked:true - password:11025255) initialized
18-0-49 | Olga 24 (ownerId:511479797 - pos <2059.664063, 9.788720, 9050.017578> - islocked:true - password:27181500) initialized
18-0-49 | Sarka 120 (ownerId:442990275 - pos <1991.427734, 10.260279, 9032.533203> - islocked:true - password:42014201) initialized
18-0-49 | M3S Covered (ownerId:442990275 - pos <1983.873535, 41.985676, 9028.122070> - islocked:true - password:42014201) initialized
18-0-49 | SCOUT Black (ownerId:442990275 - pos <2005.778076, 10.004721, 9028.188477> - islocked:true - password:37579090) initialized
18-0-49 | MH-6M Little Bird - Camo (ownerId:132652049 - pos <3688.912354, 12.462207, 9757.346680> - islocked:false - password:9021997) initialized
18-0-49 | Velociraptor6x6 Camo (ownerId:407766611 - pos <5616.962402, 29.525602, 5384.516113> - islocked:true - password:55555552) initialized
18-0-49 | Fennek BIOHAZARD (ownerId:119248354 - pos <5628.129395, 29.510658, 5374.829102> - islocked:true - password:11082007) initialized
18-0-49 | Velociraptor6x6 Camo2  (ownerId:407766611 - pos <5622.149902, 29.525604, 5388.018555> - islocked:true - password:55555552) initialized
18-0-49 | Opel Astra Chrome (ownerId:127107249 - pos <5657.587891, 28.810532, 5379.881348> - islocked:true - password:12186270) initialized
18-0-49 | UH-60 Blackhawk - Budhawk (ownerId:369601190 - pos <5671.500488, 29.478752, 5389.525879> - islocked:true - password:54879586) initialized
18-0-49 | UAZ HUNTER (ownerId:447071218 - pos <5599.931152, 29.447849, 5346.917969> - islocked:true - password:15148636) initialized
18-0-49 | Chevrolet Corvette kamo (ownerId:89279995 - pos <5612.964355, 29.188242, 5347.409668> - islocked:true - password:20090909) initialized
18-0-49 | UAZ_2315 (ownerId:442990275 - pos <5638.313477, 29.127483, 5357.094727> - islocked:true - password:42014201) initialized
18-0-49 | Gunter 2 (ownerId:48698262 - pos <5640.080566, 28.870594, 5330.501953> - islocked:true - password:48151623) initialized
18-0-49 | Toyota Land Cruiser 200 Camo (ownerId:119311623 - pos <4267.042969, 21.010038, 7262.589355> - islocked:true - password:7101993) initialized
18-0-49 | BMW X5 Flecktarn (ownerId:53415379 - pos <4264.210449, 20.914974, 7260.139160> - islocked:true - password:7101993) initialized
18-0-49 | Oshkosh grey (ownerId:64819467 - pos <4276.380859, 21.358603, 7272.566895> - islocked:true - password:7101993) initialized
18-0-49 | Nissan warrior Camo (ownerId:119311623 - pos <4271.219727, 21.132856, 7267.316895> - islocked:true - password:7101993) initialized
18-0-49 | LUAZ 969 (ownerId:75086644 - pos <5667.184570, 29.197609, 5386.357910> - islocked:true - password:10182009) initialized
18-0-49 | UAZ 3909 Beige (ownerId:795695470 - pos <5468.111816, 15.597901, 4925.074707> - islocked:true - password:8031991) initialized
18-0-49 | Ada 4x4 (ownerId:369601190 - pos <5473.916504, 15.604799, 4932.725098> - islocked:true - password:42014201) initialized
18-0-49 | MOSKVICH 2140 (ownerId:882346394 - pos <6662.088867, 15.562325, 6318.776367> - islocked:true - password:42091103) initialized
18-0-49 | MH-6M Little Bird - Camo (ownerId:523450192 - pos <5891.183594, 41.853745, 5228.957031> - islocked:true - password:22392239) initialized
18-0-49 | STR_EGER_GreenCamo_name (ownerId:523991778 - pos <5898.479492, 37.082787, 5221.344238> - islocked:true - password:22392239) initialized
18-0-49 | Jeep Wrangler green  (ownerId:523450192 - pos <5904.216797, 37.158916, 5221.806152> - islocked:true - password:22392239) initialized
18-0-49 | PONTIAC (rust) (ownerId:119248354 - pos <5676.916016, 33.593956, 5273.413574> - islocked:true - password:22940000) initialized
18-0-49 | Velociraptor6x6 Camo2  (ownerId:262549311 - pos <5682.345703, 33.516586, 5266.576172> - islocked:true - password:24680000) initialized
18-0-49 | Robinson R22 Helicopter - Black (ownerId:521855408 - pos <5663.715332, 33.940025, 5242.544434> - islocked:true - password:9102021) initialized
18-0-49 | Olga 24 (ownerId:795695470 - pos <5671.734375, 33.596584, 5277.760742> - islocked:true - password:8031991) initialized
18-0-49 | Mercedes-Benz W140 Blue (ownerId:88929178 - pos <4426.697754, 6.654045, 4607.389648> - islocked:false - password:371400) initialized
18-0-49 | MH-6M Little Bird - Camo (ownerId:88929178 - pos <4422.874512, 12.575635, 4604.007813> - islocked:false - password:371400) initialized
18-0-49 | Gunter 2 (ownerId:218588421 - pos <3803.872559, 7.082125, 5907.862305> - islocked:true - password:3081984) initialized
18-0-49 | Offroad Range Rover police  (ownerId:60592768 - pos <6071.671387, 33.522232, 6949.636230> - islocked:true - password:13121312) initialized
18-59-24 | Velociraptor6x6 Camo (ownerId:407766611 - pos <5449.500000, 14.840520, 4915.914551> - islocked:false - password:55555552) has been deleted
18-59-57 | Velociraptor6x6 Camo2  (ownerId:407766611 - pos <5453.723145, 14.840467, 4915.883789> - islocked:false - password:55555552) has been deleted
19-1-12 | Velociraptor6x6 Camo (ownerId:407766611 - pos <9999.082031, 22.070000, 11021.903320> - islocked:true - password:55555552) new car claimed
19-1-12 | Velociraptor6x6 Camo (ownerId:407766611 - pos <9999.082031, 22.070000, 11021.903320> - islocked:true - password:55555552) initialized
19-1-18 | Velociraptor6x6 Camo2  (ownerId:407766611 - pos <9993.043945, 22.070000, 11025.692383> - islocked:true - password:55555552) new car claimed
19-1-18 | Velociraptor6x6 Camo2  (ownerId:407766611 - pos <9993.043945, 22.070000, 11025.692383> - islocked:true - password:55555552) initialized
20-2-51 | Sarka 120 (ownerId:442990275 - pos <5105.117676, 10.001760, 4516.795898> - islocked:true - password:42014201) new car claimed
20-3-10 | Sarka 120 (ownerId:442990275 - pos <5105.117676, 10.001760, 4516.795898> - islocked:true - password:42014201) has been deleted
20-10-31 | PONTIAC (rust) (ownerId:119248354 - pos <5444.221191, 14.780864, 4915.249512> - islocked:false - password:-1) new car claimed
20-11-6 | PONTIAC (rust) (ownerId:442990275 - pos <5444.221191, 14.780864, 4915.249512> - islocked:true - password:37579090) new car claimed
20-18-45 | PONTIAC (rust) (ownerId:442990275 - pos <5442.702148, 14.781430, 4939.565918> - islocked:false - password:37579090) has been deleted
20-28-15 | Sarka 120 (ownerId:442990275 - pos <5600.263672, 29.010052, 5358.552734> - islocked:true - password:42014201) new car claimed
20-28-15 | Sarka 120 (ownerId:442990275 - pos <5600.263672, 29.010052, 5358.552734> - islocked:true - password:42014201) initialized
20-30-3 | Sarka 120 (ownerId:442990275 - pos <5618.017578, 28.686041, 5353.152832> - islocked:false - password:42014201) has been deleted
20-59-58 | STR_Camaro_Veter_name (ownerId:407766611 - pos <10047.027344, 14.310806, 11095.723633> - islocked:true - password:55555552) new car claimed
21-0-27 | STR_Camaro_Sibirs_name (ownerId:407766611 - pos <10036.301758, 14.298402, 11092.617188> - islocked:true - password:55555552) new car claimed
21-1-8 | STR_Camaro_Sibirs_name (ownerId:407766611 - pos <10036.301758, 14.298402, 11092.617188> - islocked:false - password:55555552) has been deleted
21-1-48 | STR_Camaro_Veter_name (ownerId:407766611 - pos <10047.027344, 14.310806, 11095.723633> - islocked:false - password:55555552) has been deleted
22-13-46 | Sarka 120 (ownerId:442990275 - pos <10364.179688, 7.443793, 11184.978516> - islocked:true - password:42014201) new car claimed
22-13-46 | Sarka 120 (ownerId:442990275 - pos <10364.179688, 7.443793, 11184.978516> - islocked:true - password:42014201) initialized
22-16-42 | Sarka 120 (ownerId:442990275 - pos <10359.887695, 7.306325, 11194.487305> - islocked:false - password:42014201) has been deleted
22-18-38 | Sarka 120 (ownerId:442990275 - pos <10347.271484, 7.473693, 11178.969727> - islocked:true - password:42014201) new car claimed
22-18-38 | Sarka 120 (ownerId:442990275 - pos <10347.271484, 7.473693, 11178.969727> - islocked:true - password:42014201) initialized
22-19-50 | Sarka 120 (ownerId:442990275 - pos <10354.882813, 7.279556, 11191.082031> - islocked:false - password:42014201) has been deleted
22-30-27 | SCOUT Black (ownerId:442990275 - pos <10358.682617, 7.433819, 11195.896484> - islocked:false - password:37579090) has been deleted
22-30-33 | SCOUT Black (ownerId:442990275 - pos <10352.340820, 7.623230, 11191.187500> - islocked:true - password:37579090) new car claimed
22-30-33 | SCOUT Black (ownerId:442990275 - pos <10352.340820, 7.623230, 11191.187500> - islocked:true - password:37579090) initialized
23-49-29 | Sarka 120 (ownerId:442990275 - pos <1994.018921, 41.375488, 9032.112305> - islocked:true - password:42014201) new car claimed
23-49-29 | Sarka 120 (ownerId:442990275 - pos <1994.018921, 41.375488, 9032.112305> - islocked:true - password:42014201) initialized
23-50-25 | Sarka 120 (ownerId:442990275 - pos <1994.019043, 41.091515, 9032.112305> - islocked:true - password:42014201) has been deleted
23-51-0 | Sarka 120 (ownerId:75086644 - pos <1989.729858, 41.375492, 9034.322266> - islocked:true - password:42014201) new car claimed
23-51-0 | Sarka 120 (ownerId:75086644 - pos <1989.729858, 41.375492, 9034.322266> - islocked:true - password:42014201) initialized
23-51-33 | Sarka 120 (ownerId:75086644 - pos <1989.729858, 41.091518, 9034.321289> - islocked:false - password:42014201) has been deleted
