Creation Time: 2023_4_28-6-0-58
6-0-58 | Sarka 120 (ownerId:405166905 - pos <10489.906250, 10.002509, 4274.236816> - islocked:true - password:19910111) initialized
6-0-58 | Land Rover Defender 110 Red (ownerId:60592768 - pos <9558.966797, 4.220782, 5944.478027> - islocked:true - password:19651965) initialized
6-0-58 | Sarka 120 (ownerId:940915030 - pos <9511.229492, 102.703026, 3751.684326> - islocked:true - password:11853737) initialized
6-0-58 | Robinson R22 Helicopter (ownerId:940915030 - pos <9512.575195, 102.761208, 3733.148193> - islocked:true - password:11853737) initialized
6-0-58 | Ada 4x4 (ownerId:419387242 - pos <7056.877930, 45.011539, 2056.913818> - islocked:true - password:8995862) initialized
6-0-58 | Olga 24 (ownerId:419387242 - pos <7057.678223, 45.000801, 2053.507568> - islocked:false - password:8995862) initialized
6-0-58 | Robinson R22 Helicopter (ownerId:980466132 - pos <6776.817871, 54.635899, 1846.343262> - islocked:true - password:22392239) initialized
6-0-58 | M3S Covered (ownerId:62166080 - pos <6795.051270, 39.137772, 1809.610474> - islocked:true - password:22392239) initialized
6-0-58 | Land Rover Defender 110 Red (ownerId:980466132 - pos <6797.821777, 39.705959, 1803.358154> - islocked:true - password:22392239) initialized
6-0-58 | Land Rover Defender 110 Green (ownerId:62166080 - pos <6795.712402, 39.705982, 1807.071655> - islocked:false - password:22392239) initialized
6-0-58 | Sarka 120 (ownerId:980466132 - pos <6801.629395, 39.738678, 1801.161499> - islocked:true - password:22392239) initialized
6-0-58 | Ada 4x4 (ownerId:62166080 - pos <6801.611328, 39.178017, 1808.978394> - islocked:false - password:22392239) initialized
6-0-58 | Sarka 120 (ownerId:22592522 - pos <6232.372559, 5.531137, 9589.974609> - islocked:true - password:5210521) initialized
6-0-58 | M3S Covered (ownerId:8156911 - pos <6232.800293, 5.800117, 9593.156250> - islocked:false - password:15500000) initialized
6-0-58 | Robinson R22 Helicopter (ownerId:965259563 - pos <3756.512451, 19.967381, 2601.171387> - islocked:true - password:11367275) initialized
6-0-58 | Olga 24 (ownerId:965259563 - pos <3730.207520, 5.467747, 2551.072510> - islocked:true - password:11367275) initialized
6-0-58 | Land Rover Defender 110 Red (ownerId:965259563 - pos <3730.660400, 6.048484, 2554.942139> - islocked:true - password:11367275) initialized
6-0-58 | M3S Covered (ownerId:965259563 - pos <3771.024658, 6.350099, 2538.793945> - islocked:true - password:72524299) initialized
6-0-58 | UH-60 Blackhawk - blackblackhawk (ownerId:195214598 - pos <3224.051514, 7.616046, 1721.947510> - islocked:true - password:52528989) initialized
6-0-58 | Robinson R22 Helicopter - Black (ownerId:62166080 - pos <518.581360, 40.943668, 11901.000000> - islocked:true - password:22392239) initialized
6-0-58 | Land Rover Defender 110 (ownerId:192139039 - pos <1187.174438, 30.644224, 12557.941406> - islocked:true - password:7161994) initialized
6-0-58 | Robinson R22 Helicopter (ownerId:195214598 - pos <1114.771606, 56.352501, 10648.643555> - islocked:true - password:52528989) initialized
6-0-58 | Land Rover Defender 110 Green (ownerId:177737910 - pos <2550.891846, 56.615547, 9454.169922> - islocked:true - password:25792579) initialized
6-0-58 | M3S Covered (ownerId:965259563 - pos <5476.108887, 6.823666, 8611.258789> - islocked:true - password:11367275) initialized
6-0-58 | M3S Covered (ownerId:944065078 - pos <7718.275879, 36.466976, 6089.899902> - islocked:false - password:25082508) initialized
6-0-58 | Sarka 120 (ownerId:944065078 - pos <7728.502930, 35.526138, 6087.262207> - islocked:false - password:25082508) initialized
6-0-58 | Land Rover Defender 110 UN (ownerId:116364714 - pos <7713.597168, 36.267960, 6075.123047> - islocked:false - password:25082508) initialized
6-0-58 | Robinson R22 Helicopter - Black (ownerId:980466132 - pos <7348.746094, 101.077309, 6033.853516> - islocked:true - password:22392239) initialized
6-0-58 | Land Rover Defender 110 UN (ownerId:85319837 - pos <7572.665527, 24.168486, 3940.986328> - islocked:true - password:9151985) initialized
6-0-58 | Gunter 2 (ownerId:36527682 - pos <7191.770996, 3.396614, 5360.787598> - islocked:false - password:93991005) initialized
6-0-58 | Sarka 120 (ownerId:194642746 - pos <5445.504395, 5.328725, 4629.546875> - islocked:true - password:15474555) initialized
6-0-58 | Robinson R22 Helicopter (ownerId:71319946 - pos <5672.808594, 33.907436, 5245.416016> - islocked:true - password:19944991) initialized
6-0-58 | Olga 24 (ownerId:288122462 - pos <5668.125488, 28.906481, 5408.220703> - islocked:true - password:12011152) initialized
6-0-58 | Robinson R22 Helicopter - Black (ownerId:984346468 - pos <4552.067383, 12.879223, 4672.950195> - islocked:false - password:83898389) initialized
6-0-58 | Sarka 120 (ownerId:58042381 - pos <5649.110840, 6.925601, 4460.522461> - islocked:false - password:83898389) initialized
6-6-34 | Sarka 120 (ownerId:58042381 - pos <4649.504883, 17.726048, 4600.628418> - islocked:false - password:83898389) has been deleted
6-52-57 | Sarka 120 (ownerId:58042381 - pos <4638.177246, 18.049999, 4601.558105> - islocked:true - password:83898389) new car claimed
6-52-57 | Sarka 120 (ownerId:58042381 - pos <4638.177246, 17.750000, 4601.558105> - islocked:true - password:83898389) initialized
6-58-28 | Robinson R22 Helicopter - Black (ownerId:984346468 - pos <4551.929199, 12.264137, 4673.096191> - islocked:false - password:83898389) has been deleted
7-16-23 | Sarka 120 (ownerId:58042381 - pos <3142.446777, 11.425329, 8741.976563> - islocked:false - password:83898389) has been deleted
9-10-3 | Robinson R22 Helicopter - Black (ownerId:984346468 - pos <3835.776611, 11.750000, 9779.781250> - islocked:true - password:83898389) new car claimed
9-10-3 | Robinson R22 Helicopter - Black (ownerId:984346468 - pos <3835.776611, 11.750000, 9779.781250> - islocked:true - password:83898389) initialized
