Creation Time: 2023_5_27-12-0-47
12-0-47 | Cougar Camo kamo (ownerId:980466132 - pos <1447.438721, 3.095237, 6767.592285> - islocked:true - password:22392239) initialized
12-0-47 | Jeep Wrangler black  (ownerId:132652049 - pos <10675.310547, 3.405123, 3158.458008> - islocked:true - password:17392468) initialized
12-0-47 | HAMMER_H1 black (ownerId:405166905 - pos <8141.681152, 10.324320, 1780.683716> - islocked:true - password:1111991) initialized
12-0-47 | Sarka 120 (ownerId:18558559 - pos <9029.991211, 6.586019, 9422.949219> - islocked:true - password:72066666) initialized
12-0-47 | HEMTT black (ownerId:137318436 - pos <4257.158203, 21.540983, 7302.570801> - islocked:false - password:20090909) initialized
12-0-47 | UH-60 Blackhawk - blackblackhawk (ownerId:69839805 - pos <4269.089844, 21.234701, 7305.919922> - islocked:true - password:20090909) initialized
12-0-47 | STR_EGER_name (ownerId:6938606 - pos <4260.843262, 21.428946, 7264.829102> - islocked:true - password:20090909) initialized
12-0-47 | Olga 24 (ownerId:36527682 - pos <7733.397461, 36.107796, 6085.733398> - islocked:true - password:10939910) initialized
12-0-47 | UAZ 3909 Khaki1 (ownerId:36527682 - pos <7717.202637, 36.455582, 6070.713379> - islocked:true - password:93991005) initialized
12-0-47 | Olga 24 (ownerId:839735782 - pos <3591.362793, 10.841855, 3410.530273> - islocked:true - password:13579086) initialized
12-0-47 | Toyota Land Cruiser 200 (ownerId:308099129 - pos <3522.995117, 22.781889, 4590.057617> - islocked:true - password:9131988) initialized
12-0-47 | MBB Bo-105m Helicopter - blackcamo (ownerId:132652049 - pos <5674.237305, 29.476894, 5388.618164> - islocked:true - password:86753099) initialized
12-0-47 | Sarka 120 (ownerId:369601190 - pos <5647.689453, 28.113256, 5437.830078> - islocked:true - password:4031965) initialized
12-0-47 | MOSKVICH 2140 (ownerId:304057481 - pos <6950.713379, 14.669739, 5719.588379> - islocked:true - password:42687931) initialized
12-0-47 | MH-6M Little Bird (ownerId:288122462 - pos <6883.849121, 34.927933, 5874.518555> - islocked:true - password:12321123) initialized
12-0-47 | LUAZ 969 blue (ownerId:354151095 - pos <6972.173340, 14.597521, 5701.597656> - islocked:true - password:4250425) initialized
12-0-47 | ToyotaHilux Camo (ownerId:442990275 - pos <5379.866211, 15.541205, 4932.951172> - islocked:false - password:42014201) initialized
12-0-47 | MH-6M Little Bird - Camo (ownerId:442990275 - pos <5472.545410, 16.101431, 4951.599609> - islocked:false - password:42014201) initialized
12-0-47 | Jeep Wrangler Camo (ownerId:85319837 - pos <5681.109375, 33.650948, 5244.822266> - islocked:false - password:1111110) initialized
12-0-47 | LUAZ 969 rust (ownerId:88929178 - pos <5670.745605, 33.865776, 5240.569824> - islocked:true - password:371400) initialized
12-0-47 | M3S Covered (ownerId:442990275 - pos <5680.994629, 32.776344, 5269.609863> - islocked:true - password:37579090) initialized
12-0-47 | Sarka 120 (ownerId:442990275 - pos <5678.123535, 33.314137, 5270.381836> - islocked:true - password:42014201) initialized
12-0-47 | MOSKVICH 2140 (ownerId:944065078 - pos <6394.414551, 23.181290, 6686.755859> - islocked:true - password:97319731) initialized
12-0-47 | YAR_87 Camo2  (ownerId:34611550 - pos <7502.369141, 3.337766, 5639.485840> - islocked:true - password:19892004) initialized
12-0-47 | Ada 4x4 (ownerId:18558559 - pos <3945.643799, 24.960701, 4846.260742> - islocked:true - password:72066666) initialized
16-50-59 | MH-6M Little Bird - Camo (ownerId:442990275 - pos <11243.536133, -9.339543, 3358.846191> - islocked:false - password:42014201) has been deleted
