Creation Time: 2023_4_29-0-0-58
0-0-58 | Land Rover Defender 110 (ownerId:192139039 - pos <1187.172729, 30.568649, 12557.610352> - islocked:true - password:7161994) initialized
0-0-58 | Robinson R22 Helicopter - Black (ownerId:62166080 - pos <518.581177, 40.943863, 11901.001953> - islocked:true - password:22392239) initialized
0-0-58 | Sarka 120 (ownerId:980466132 - pos <6801.630371, 39.738686, 1801.161499> - islocked:true - password:22392239) initialized
0-0-58 | Land Rover Defender 110 Red (ownerId:980466132 - pos <6796.373047, 39.705948, 1800.937134> - islocked:true - password:22392239) initialized
0-0-58 | M3S Covered (ownerId:62166080 - pos <6795.052734, 39.137737, 1809.610718> - islocked:true - password:22392239) initialized
0-0-58 | Land Rover Defender 110 Green (ownerId:62166080 - pos <6795.712402, 39.705982, 1807.071655> - islocked:true - password:22392239) initialized
0-0-58 | Ada 4x4 (ownerId:62166080 - pos <6801.611328, 39.178020, 1808.978027> - islocked:true - password:22392239) initialized
0-0-58 | Ka26 Hoodlum Helicopter (ownerId:980466132 - pos <6772.266602, 54.637650, 1849.945679> - islocked:true - password:22392239) initialized
0-0-58 | Olga 24 (ownerId:419387242 - pos <7057.688965, 45.000626, 2053.506104> - islocked:true - password:8995862) initialized
0-0-58 | Robinson R22 Helicopter (ownerId:195214598 - pos <1114.771606, 56.352501, 10648.643555> - islocked:true - password:52528989) initialized
0-0-58 | Robinson R22 Helicopter (ownerId:940915030 - pos <9512.575195, 102.761208, 3733.148193> - islocked:true - password:11853737) initialized
0-0-58 | Sarka 120 (ownerId:940915030 - pos <9511.229492, 102.703033, 3751.684326> - islocked:true - password:11853737) initialized
0-0-58 | Sarka 120 (ownerId:405166905 - pos <10489.906250, 10.002516, 4274.236816> - islocked:true - password:19910111) initialized
0-0-58 | Land Rover Defender 110 UN (ownerId:85319837 - pos <7572.665527, 24.168484, 3940.986328> - islocked:true - password:9151985) initialized
0-0-58 | Land Rover Defender 110 Red (ownerId:60592768 - pos <9560.937500, 4.183807, 5944.635254> - islocked:true - password:19651965) initialized
0-0-58 | Land Rover Defender 110 Green (ownerId:177737910 - pos <2550.892578, 56.615456, 9454.170898> - islocked:true - password:25792579) initialized
0-0-58 | Robinson R22 Helicopter - Black (ownerId:980466132 - pos <7349.647949, 101.077271, 6033.751465> - islocked:false - password:22392239) initialized
0-0-58 | Land Rover Defender 110 UN (ownerId:116364714 - pos <7704.391602, 36.711735, 6078.258789> - islocked:false - password:25082508) initialized
0-0-58 | Sarka 120 (ownerId:944065078 - pos <7716.396484, 35.618484, 6074.423340> - islocked:false - password:25082508) initialized
0-0-58 | M3S Covered (ownerId:944065078 - pos <7718.275879, 36.466976, 6089.899902> - islocked:false - password:25082508) initialized
0-0-58 | Gunter 2 (ownerId:36527682 - pos <7190.432129, 3.389953, 5362.130371> - islocked:false - password:93991005) initialized
0-0-58 | Land Rover Defender 110 Red (ownerId:965259563 - pos <3778.104736, 6.150560, 2512.599121> - islocked:true - password:11367275) initialized
0-0-58 | UH-60 Blackhawk - blackblackhawk (ownerId:195214598 - pos <3224.051514, 7.616046, 1721.946777> - islocked:true - password:52528989) initialized
0-0-58 | M3S Covered (ownerId:839735782 - pos <5475.211914, 7.606501, 8611.503906> - islocked:true - password:1051997) initialized
0-0-58 | Robinson R22 Helicopter (ownerId:965259563 - pos <3756.512451, 19.967381, 2601.171387> - islocked:true - password:11367275) initialized
0-0-58 | Ada 4x4 (ownerId:419387242 - pos <5611.097168, 28.817991, 5347.671387> - islocked:true - password:8995862) initialized
0-0-58 | Olga 24 (ownerId:288122462 - pos <5668.129883, 28.906254, 5408.219238> - islocked:true - password:12011152) initialized
0-0-58 | Robinson R22 Helicopter (ownerId:71319946 - pos <5672.808594, 33.907436, 5245.416016> - islocked:true - password:19944991) initialized
0-0-58 | Robinson R22 Helicopter - Black (ownerId:984346468 - pos <4728.881836, 12.292095, 4692.963379> - islocked:true - password:83898389) initialized
0-0-58 | Sarka 120 (ownerId:194642746 - pos <5445.514648, 5.328279, 4629.542480> - islocked:true - password:15474555) initialized
0-0-58 | Olga 24 (ownerId:965259563 - pos <3730.207275, 5.467775, 2551.072510> - islocked:true - password:11367275) initialized
0-0-58 | M3S Covered (ownerId:965259563 - pos <3771.024170, 6.350168, 2538.794434> - islocked:true - password:72524299) initialized
0-0-58 | Sarka 120 (ownerId:22592522 - pos <6232.372559, 5.531146, 9589.974609> - islocked:true - password:5210521) initialized
0-0-58 | M3S Covered (ownerId:8156911 - pos <6232.800293, 5.800199, 9593.156250> - islocked:false - password:15500000) initialized
