Creation Time: 2023_7_23-12-0-54
12-0-54 | MH-6M Little Bird - Camo (ownerId:88929178 - pos <10190.079102, 6.157109, 12020.320313> - islocked:true - password:371400) initialized
12-0-54 | Velociraptor6x6 Camo (ownerId:407766611 - pos <9999.340820, 22.684904, 11022.397461> - islocked:true - password:55555552) initialized
12-0-54 | Velociraptor6x6 Camo2  (ownerId:407766611 - pos <9991.220703, 22.684904, 11025.543945> - islocked:true - password:55555552) initialized
12-0-54 | LUAZ 969 red (ownerId:405166905 - pos <5356.917969, 35.382145, 641.903687> - islocked:true - password:11111111) initialized
12-0-54 | Offroad Range Rover police  (ownerId:60592768 - pos <3240.920898, 3.228037, 1718.943604> - islocked:true - password:13121312) initialized
12-0-54 | UAZ 3909 Police (ownerId:60592768 - pos <3231.894043, 3.497941, 1731.675415> - islocked:true - password:13121312) initialized
12-0-54 | STR_Camaro_Nest_name (ownerId:60592768 - pos <3246.353516, 3.116042, 1750.719238> - islocked:true - password:13121312) initialized
12-0-54 | UAZ469 (ownerId:40055959 - pos <13854.536133, 10.055442, 4946.899902> - islocked:true - password:19711971) initialized
12-0-54 | Jeep Wrangler Camo (ownerId:526094573 - pos <3590.822998, 10.833097, 3410.253662> - islocked:true - password:11025255) initialized
12-0-54 | Offroad Range Rover Yellow  (ownerId:103808025 - pos <7264.238281, 602.155823, 11730.521484> - islocked:true - password:55677777) initialized
12-0-54 |  Novator Flecktarn (ownerId:48698262 - pos <2795.423096, 69.814301, 4663.095215> - islocked:true - password:48151623) initialized
12-0-54 | Oshkosh (ownerId:197257182 - pos <2799.505859, 69.918594, 4663.191895> - islocked:true - password:48151623) initialized
12-0-54 | STR_EGER_GreenCamo_name (ownerId:197257182 - pos <2802.368408, 69.987404, 4663.776855> - islocked:true - password:48151623) initialized
12-0-54 | Gaz 71 Black (ownerId:119248354 - pos <2782.139648, 69.946243, 4692.520996> - islocked:true - password:11082007) initialized
12-0-54 | ToyotaHilux Blue (ownerId:369601190 - pos <6015.400391, 6.611197, 15209.998047> - islocked:true - password:55889789) initialized
12-0-54 | Olga 24 (ownerId:511479797 - pos <1742.364624, 9.988531, 8908.454102> - islocked:false - password:27181500) initialized
12-0-54 | MH-6M Little Bird - Camo (ownerId:523450192 - pos <5891.183594, 41.853752, 5228.957031> - islocked:true - password:22392239) initialized
12-0-54 | STR_EGER_GreenCamo_name (ownerId:523991778 - pos <5898.478516, 37.082611, 5221.344238> - islocked:true - password:22392239) initialized
12-0-54 | Jeep Wrangler green  (ownerId:523450192 - pos <5904.625000, 37.182987, 5220.419922> - islocked:true - password:22392239) initialized
12-0-54 | UAZ HUNTER (ownerId:447071218 - pos <1749.381226, 10.074719, 8913.337891> - islocked:false - password:15148636) initialized
12-0-54 | UH-60 Blackhawk - Budhawk (ownerId:369601190 - pos <5342.497070, 26.673666, 4965.800293> - islocked:true - password:54879586) initialized
12-0-54 | Ada 4x4 (ownerId:369601190 - pos <5474.321777, 15.604801, 4931.593750> - islocked:true - password:42014201) initialized
12-0-54 | UAZ_2315 (ownerId:442990275 - pos <5474.274902, 15.384789, 4934.612305> - islocked:true - password:42014201) initialized
12-0-54 | UAZ 3909 Beige (ownerId:795695470 - pos <5468.112305, 15.597901, 4925.076660> - islocked:true - password:8031991) initialized
12-0-54 | Oshkosh grey (ownerId:64819467 - pos <4244.768555, 21.536226, 7273.870117> - islocked:true - password:7101993) initialized
12-0-54 | Toyota Land Cruiser 200 Camo (ownerId:119311623 - pos <4246.944824, 21.187656, 7294.539063> - islocked:true - password:7101993) initialized
12-0-54 | BMW X5 Flecktarn (ownerId:53415379 - pos <4249.955078, 21.092598, 7296.834473> - islocked:true - password:7101993) initialized
12-0-54 | Nissan warrior Camo (ownerId:119311623 - pos <4252.959473, 21.283245, 7299.683594> - islocked:true - password:7101993) initialized
12-0-54 | MOSKVICH 2140 (ownerId:882346394 - pos <6662.194824, 15.562303, 6318.758301> - islocked:true - password:42091103) initialized
12-0-54 | LUAZ 969 (ownerId:75086644 - pos <5675.692383, 33.861702, 5241.118652> - islocked:true - password:10182009) initialized
12-0-54 | Robinson R22 Helicopter - Black (ownerId:521855408 - pos <5663.715332, 33.940002, 5242.544434> - islocked:true - password:9102021) initialized
12-0-54 | Olga 24 (ownerId:795695470 - pos <5671.732910, 33.588455, 5277.657715> - islocked:true - password:8031991) initialized
12-0-54 | MH-6M Little Bird - Camo (ownerId:119248354 - pos <1995.064697, 10.572696, 9048.679688> - islocked:true - password:48151623) initialized
12-0-54 | M3S Covered (ownerId:442990275 - pos <1983.874390, 41.985668, 9028.122070> - islocked:true - password:42014201) initialized
12-0-54 | Sarka 120 (ownerId:442990275 - pos <1991.250000, 10.260282, 9032.504883> - islocked:true - password:42014201) initialized
12-0-54 | SCOUT Black (ownerId:442990275 - pos <2005.075928, 9.957123, 9029.689453> - islocked:true - password:37579090) initialized
12-0-54 | MH-6M Little Bird - Camo (ownerId:132652049 - pos <2003.915771, 42.498119, 9022.552734> - islocked:false - password:9021997) initialized
12-0-54 | Chevrolet Corvette kamo (ownerId:89279995 - pos <5613.677734, 29.170164, 5348.651855> - islocked:true - password:20090909) initialized
12-0-54 | Gunter 2 (ownerId:48698262 - pos <5640.080566, 28.870628, 5330.502441> - islocked:true - password:48151623) initialized
12-0-54 | Opel Astra Chrome (ownerId:127107249 - pos <5657.587891, 28.810440, 5379.881348> - islocked:true - password:12186270) initialized
12-0-54 | Olga 24 (ownerId:40055959 - pos <8923.685547, 5.862739, 10450.616211> - islocked:true - password:19711971) initialized
12-0-54 | Mercedes-Benz W140 Blue (ownerId:88929178 - pos <4426.697754, 6.654045, 4607.389160> - islocked:true - password:371400) initialized
12-0-54 | Velociraptor6x6 Camo2  (ownerId:262549311 - pos <7192.538574, 61.656010, 5886.554199> - islocked:false - password:24680000) initialized
12-0-54 | Gunter 2 (ownerId:218588421 - pos <3804.038574, 7.066186, 5907.728027> - islocked:true - password:3081984) initialized
12-7-14 | Sarka 120 (ownerId:59719645 - pos <5994.895508, 24.955103, 4788.672363> - islocked:true - password:11257611) new car claimed
14-34-8 | Toyota Land Cruiser 200 Camo2  (ownerId:24259541 - pos <5608.242676, 28.828449, 5354.117676> - islocked:true - password:17500720) new car claimed
15-20-1 | HEMTT flecktarn (ownerId:88929178 - pos <15778.740234, 39.845776, 4671.718262> - islocked:true - password:371400) new car claimed
15-21-18 | Olga 24 (ownerId:442990275 - pos <2931.290283, 20.335300, 8853.789063> - islocked:true - password:42014201) new car claimed
15-21-42 | Olga 24 (ownerId:442990275 - pos <2927.117676, 20.375610, 8850.715820> - islocked:true - password:42014201) new car claimed
15-22-3 | Olga 24 (ownerId:442990275 - pos <2927.117676, 20.375610, 8850.715820> - islocked:true - password:42014201) has been deleted
15-22-22 | Olga 24 (ownerId:442990275 - pos <2931.290283, 20.335300, 8853.789063> - islocked:true - password:42014201) has been deleted
15-25-3 | Fennek BIOHAZARD (ownerId:119248354 - pos <5656.452637, 28.248831, 5367.442383> - islocked:true - password:11082007) new car claimed
15-25-3 | Fennek BIOHAZARD (ownerId:119248354 - pos <5656.452637, 28.248831, 5367.442383> - islocked:true - password:11082007) initialized
15-31-20 | UAZ_2315 (ownerId:442990275 - pos <5473.908691, 14.806006, 4934.719727> - islocked:false - password:42014201) has been deleted
15-39-27 | Olga 24 (ownerId:442990275 - pos <5597.717285, 29.010002, 5361.736816> - islocked:true - password:42014201) new car claimed
15-39-27 | Olga 24 (ownerId:442990275 - pos <5597.717285, 29.010002, 5361.736816> - islocked:true - password:42014201) initialized
15-41-17 | Olga 24 (ownerId:442990275 - pos <5603.206055, 29.010004, 5356.877441> - islocked:true - password:42014201) new car claimed
15-41-17 | Olga 24 (ownerId:442990275 - pos <5603.206055, 29.010004, 5356.877441> - islocked:true - password:42014201) initialized
15-43-59 | Olga 24 (ownerId:442990275 - pos <5603.216797, 28.705898, 5356.878906> - islocked:false - password:42014201) has been deleted
15-45-2 | Olga 24 (ownerId:442990275 - pos <5597.753906, 28.697811, 5361.755371> - islocked:false - password:42014201) has been deleted
16-39-39 | Sarka 120 (ownerId:442990275 - pos <2927.424316, 20.421719, 8853.728516> - islocked:true - password:42014201) new car claimed
16-39-57 | Sarka 120 (ownerId:442990275 - pos <2927.424316, 20.421719, 8853.728516> - islocked:true - password:42014201) has been deleted
17-10-10 | Sarka 120 (ownerId:89279995 - pos <5106.033691, 10.044556, 4514.577637> - islocked:true - password:20090909) new car claimed
17-10-32 | Sarka 120 (ownerId:89279995 - pos <5106.033691, 10.044556, 4514.577637> - islocked:true - password:20090909) has been deleted
17-14-6 | Sarka 120 (ownerId:89279995 - pos <5617.369141, 29.010015, 5353.918945> - islocked:true - password:20090909) new car claimed
17-14-6 | Sarka 120 (ownerId:89279995 - pos <5617.369141, 29.010015, 5353.918945> - islocked:true - password:20090909) initialized
17-19-35 | MH-6M Little Bird - Camo (ownerId:523450192 - pos <15786.791016, 39.664555, 4710.681641> - islocked:true - password:22392239) has been deleted
17-24-35 | Gelenvagen white_camo2 (ownerId:523450192 - pos <15769.459961, 16.869844, 4870.875488> - islocked:true - password:22392239) new car claimed
17-26-35 | Gelenvagen white_camo2 (ownerId:523450192 - pos <15769.459961, 16.869844, 4870.875488> - islocked:false - password:-1) new car claimed
17-35-26 | Gelenvagen white_camo2 (ownerId:523450192 - pos <15769.495117, 16.893820, 4872.279785> - islocked:true - password:22392239) new car claimed
17-36-19 | Sarka 120 (ownerId:59719645 - pos <5990.883301, 25.423859, 4788.794434> - islocked:false - password:11257611) has been deleted
17-37-34 | Gelenvagen white_camo2 (ownerId:523450192 - pos <15769.495117, 16.893820, 4872.279785> - islocked:false - password:22392239) has been deleted
17-43-20 | MH-6M Little Bird - Camo (ownerId:523450192 - pos <15746.318359, 57.815010, 4726.339844> - islocked:true - password:22392239) new car claimed
17-43-20 | MH-6M Little Bird - Camo (ownerId:523450192 - pos <15746.318359, 57.815010, 4726.339844> - islocked:true - password:22392239) initialized
17-47-8 | UAZ_2315 (ownerId:442990275 - pos <5656.778320, 33.737335, 5234.750000> - islocked:true - password:42014201) new car claimed
17-47-8 | UAZ_2315 (ownerId:442990275 - pos <5656.778320, 33.737335, 5234.750000> - islocked:true - password:42014201) initialized
17-47-38 | UAZ_2315 (ownerId:442990275 - pos <5656.775391, 33.434040, 5234.746582> - islocked:false - password:-1) new car claimed
17-48-32 | UAZ_2315 (ownerId:108250772 - pos <5656.775391, 33.434040, 5234.746582> - islocked:true - password:11111111) new car claimed
17-48-53 | UAZ_2315 (ownerId:108250772 - pos <5656.775391, 33.434040, 5234.746582> - islocked:true - password:11111111) has been deleted
17-49-16 | Gelenvagen white_camo2 (ownerId:523450192 - pos <5915.549316, 34.725517, 5188.759277> - islocked:true - password:22392239) new car claimed
17-49-16 | Gelenvagen white_camo2 (ownerId:523450192 - pos <5915.549316, 34.725517, 5188.759277> - islocked:true - password:22392239) initialized
17-50-17 | MH-6M Little Bird (ownerId:442990275 - pos <5657.491699, 33.464447, 5232.567383> - islocked:true - password:37579090) new car claimed
