Creation Time: 2023_4_30-0-6-51
0-6-51 | Ada 4x4 (ownerId:419387242 - pos <10718.973633, 90.320496, 6150.570313> - islocked:false - password:8995862) initialized
0-6-51 | Gunter 2 (ownerId:36527682 - pos <7127.653809, 2.111471, 5379.486816> - islocked:true - password:93991005) initialized
0-6-51 | Land Rover Defender 110 Red (ownerId:60592768 - pos <9560.937500, 4.183797, 5944.635254> - islocked:true - password:19651965) initialized
0-6-51 | Robinson R22 Helicopter - Black (ownerId:980466132 - pos <7349.647949, 101.077263, 6033.751465> - islocked:false - password:22392239) initialized
0-6-51 | UH-60 Blackhawk - blackblackhawk (ownerId:944065078 - pos <7700.163574, 36.802525, 6101.979980> - islocked:false - password:25082508) initialized
0-6-51 | M3S Covered (ownerId:944065078 - pos <7718.275879, 36.466976, 6089.899902> - islocked:false - password:25082508) initialized
0-6-51 | Sarka 120 (ownerId:944065078 - pos <7710.905762, 35.742832, 6077.489746> - islocked:false - password:25082508) initialized
0-6-51 | Robinson R22 Helicopter (ownerId:71319946 - pos <5672.808594, 33.907440, 5245.416016> - islocked:true - password:19944991) initialized
0-6-51 | M3S Covered (ownerId:108250772 - pos <5656.402344, 28.701450, 5426.488770> - islocked:true - password:12345678) initialized
0-6-51 | Land Rover Defender 110 UN (ownerId:116364714 - pos <5592.692871, 29.278482, 5379.937012> - islocked:false - password:25082508) initialized
0-6-51 | Robinson R22 Helicopter - Black (ownerId:984346468 - pos <4728.882324, 12.292110, 4692.962402> - islocked:true - password:83898389) initialized
0-6-51 | Sarka 120 (ownerId:194642746 - pos <5445.532715, 5.327475, 4629.534668> - islocked:true - password:15474555) initialized
0-6-51 | Land Rover Defender 110 UN (ownerId:85319837 - pos <7572.665527, 24.168484, 3940.986328> - islocked:true - password:9151985) initialized
0-6-51 | Land Rover Defender 110 (ownerId:192139039 - pos <1187.279297, 27.918270, 12556.089844> - islocked:true - password:7161994) initialized
0-6-51 | Robinson R22 Helicopter - Black (ownerId:62166080 - pos <518.580872, 40.944164, 11901.005859> - islocked:true - password:22392239) initialized
0-6-51 | M3S Covered (ownerId:8156911 - pos <6232.799805, 5.800189, 9593.156250> - islocked:false - password:15500000) initialized
0-6-51 | Sarka 120 (ownerId:22592522 - pos <6232.372559, 5.531140, 9589.974609> - islocked:true - password:5210521) initialized
0-6-51 | Ada 4x4 (ownerId:62166080 - pos <6902.654297, 38.440704, 2104.054199> - islocked:true - password:22392239) initialized
0-6-51 | Olga 24 (ownerId:419387242 - pos <7057.708984, 45.000244, 2053.503662> - islocked:true - password:8995862) initialized
0-6-51 | Land Rover Defender 110 Red (ownerId:980466132 - pos <6796.332031, 39.705948, 1802.321167> - islocked:true - password:22392239) initialized
0-6-51 | Sarka 120 (ownerId:980466132 - pos <6801.630371, 39.738670, 1801.161377> - islocked:true - password:22392239) initialized
0-6-51 | Land Rover Defender 110 Green (ownerId:62166080 - pos <6795.712402, 39.705978, 1807.071655> - islocked:true - password:22392239) initialized
0-6-51 | M3S Covered (ownerId:980466132 - pos <6785.151855, 39.982059, 1806.425903> - islocked:true - password:22392239) initialized
0-6-51 | M3S Covered (ownerId:839735782 - pos <5472.988281, 7.844167, 8580.834961> - islocked:true - password:1051997) initialized
0-6-51 | M3S Covered (ownerId:965259563 - pos <5465.726563, 7.868539, 8577.351563> - islocked:true - password:72524299) initialized
0-6-51 | Robinson R22 Helicopter (ownerId:940915030 - pos <9512.575195, 102.761208, 3733.148193> - islocked:true - password:11853737) initialized
0-6-51 | Land Rover Defender 110 Green (ownerId:177737910 - pos <2551.128662, 56.708313, 9452.718750> - islocked:true - password:25792579) initialized
0-6-51 | Robinson R22 Helicopter (ownerId:195214598 - pos <1114.771484, 56.352501, 10648.643555> - islocked:true - password:52528989) initialized
0-6-51 | UH-60 Blackhawk - blackblackhawk (ownerId:195214598 - pos <3224.051514, 7.616046, 1721.945801> - islocked:true - password:52528989) initialized
0-6-51 | Olga 24 (ownerId:965259563 - pos <3729.998291, 5.467795, 2551.069092> - islocked:false - password:11367275) initialized
0-6-51 | Robinson R22 Helicopter (ownerId:965259563 - pos <3756.512451, 19.967381, 2601.171387> - islocked:true - password:11367275) initialized
0-6-51 | Sarka 120 (ownerId:405166905 - pos <10489.906250, 10.002508, 4274.236816> - islocked:true - password:19910111) initialized
0-6-51 | Land Rover Defender 110 Red (ownerId:965259563 - pos <8884.785156, 10.438458, 7091.983398> - islocked:false - password:11367275) initialized
0-29-10 | UH-60 Blackhawk - blackblackhawk (ownerId:944065078 - pos <12938.223633, 20.442026, 1322.955200> - islocked:false - password:25082508) has been deleted
0-53-12 | MBB Bo-105m Helicopter - blackcamo (ownerId:980466132 - pos <5605.395508, 28.753220, 5356.901367> - islocked:true - password:22392239) new car claimed
1-11-12 | Land Rover Defender 110 Red (ownerId:132652049 - pos <5601.194824, 28.729584, 5359.457031> - islocked:true - password:9031783) new car claimed
