Creation Time: 2023_6_3-0-0-47
0-0-47 | MH-6M Little Bird - Desert (ownerId:132652049 - pos <10045.665039, 8.208423, 1098.988281> - islocked:false - password:13579246) initialized
0-0-47 | Robinson R22 Helicopter (ownerId:249230507 - pos <15721.721680, 39.990585, 4669.184570> - islocked:true - password:33333333) initialized
0-0-47 | Olga 24 (ownerId:442990275 - pos <11667.243164, 6.122760, 2074.086182> - islocked:true - password:42014201) initialized
0-0-47 | YAR_87 Camo2  (ownerId:34611550 - pos <2479.816895, 18.708773, 13963.042969> - islocked:true - password:19892004) initialized
0-0-47 | ToyotaHilux White (ownerId:60592768 - pos <9561.331055, 4.365139, 5943.980957> - islocked:true - password:19651965) initialized
0-0-47 | Sarka 120 (ownerId:144736642 - pos <7340.157227, 7.426135, 8406.083984> - islocked:true - password:41941941) initialized
0-0-47 | LUAZ 969 black (ownerId:36527682 - pos <7718.376953, 36.262550, 6068.660645> - islocked:true - password:93991005) initialized
0-0-47 | SCOUT Black (ownerId:442990275 - pos <1973.155884, 10.182559, 8862.458984> - islocked:false - password:42014201) initialized
0-0-47 | Olga 24 (ownerId:442990275 - pos <1974.359131, 10.094160, 8857.602539> - islocked:true - password:42014201) initialized
0-0-47 | Olga 24 (ownerId:442990275 - pos <4432.087891, 5.423608, 2870.046143> - islocked:false - password:42014201) initialized
0-0-47 | UAZ_2315 Red (ownerId:405166905 - pos <3412.400879, 19.420708, 4543.573242> - islocked:true - password:1111991) initialized
0-0-47 | LUAZ 969 black (ownerId:88929178 - pos <4142.233398, 4.172167, 4201.197754> - islocked:true - password:371400) initialized
0-0-47 | MOSKVICH 2140 (ownerId:288122462 - pos <6883.863281, 34.121437, 5878.004883> - islocked:true - password:12321123) initialized
0-0-47 | MOSKVICH 2140 (ownerId:137318436 - pos <4304.500488, 3.855560, 4680.524902> - islocked:true - password:20090909) initialized
0-0-47 | MOSKVICH 2140 (ownerId:54276291 - pos <5440.485352, 6.842582, 4639.796875> - islocked:true - password:12348262) initialized
0-0-47 | Ada 4x4 (ownerId:839735782 - pos <5856.946289, 44.949028, 4892.955078> - islocked:true - password:1051997) initialized
0-0-47 | Audi RS6 (ownerId:85319837 - pos <5681.895020, 33.506729, 5242.674316> - islocked:true - password:1111110) initialized
0-0-47 | Jeep Wrangler (ownerId:944065078 - pos <5667.188477, 29.415894, 5339.476563> - islocked:false - password:97319731) initialized
0-0-47 | Olga 24 (ownerId:501895347 - pos <5602.784180, 29.403135, 5348.327148> - islocked:true - password:42775920) initialized
0-0-47 | Jeep Wrangler black  (ownerId:308099129 - pos <3929.318359, 12.055122, 7918.307129> - islocked:true - password:9131988) initialized
0-0-47 | MH-6M Little Bird (ownerId:34611550 - pos <4271.984863, 21.744884, 7303.545410> - islocked:true - password:19892004) initialized
0-0-47 | Jeep Wrangler Blue (ownerId:34611550 - pos <4246.239258, 21.212746, 7292.730957> - islocked:true - password:19892004) initialized
0-0-47 | Olga 24 (ownerId:86564395 - pos <4548.658691, 27.188732, 7863.088379> - islocked:true - password:59005900) initialized
0-0-47 | STR_EGER_name (ownerId:980466132 - pos <3688.970459, 12.081921, 9772.874023> - islocked:true - password:22392239) initialized
1-19-53 | SUV (ownerId:369601190 - pos <3613.686523, 14.244390, 8935.688477> - islocked:true - password:80081355) new car claimed
1-19-53 | SUV (ownerId:369601190 - pos <3613.686523, 14.244390, 8935.688477> - islocked:true - password:80081355) initialized
