Creation Time: 2023_5_19-18-0-48
18-0-48 | MBB Bo-105m Helicopter - blackcamo (ownerId:132652049 - pos <10845.917969, 3.627496, 3274.582520> - islocked:true - password:86753099) initialized
18-0-48 | Jeep Wrangler black  (ownerId:132652049 - pos <10786.249023, 3.303206, 3262.110596> - islocked:true - password:17392468) initialized
18-0-48 | Cougar Camo kamo (ownerId:980466132 - pos <1430.431396, 3.097312, 6773.623535> - islocked:true - password:22392239) initialized
18-0-48 | STR_Camaro_Nest_name (ownerId:137318436 - pos <4251.773926, 20.983667, 7300.036133> - islocked:true - password:20090909) initialized
18-0-48 | Offroad Range Rover police  (ownerId:6938606 - pos <4247.775391, 21.095659, 7296.859863> - islocked:true - password:20090909) initialized
18-0-48 | LUAZ 969 rust (ownerId:88929178 - pos <5628.406738, 29.291821, 5419.655762> - islocked:true - password:371400) initialized
18-0-48 | Olga 24 (ownerId:108250772 - pos <5666.770996, 29.308731, 5390.467285> - islocked:true - password:12345678) initialized
18-0-48 | MOSKVICH 2140 (ownerId:944065078 - pos <5638.228516, 29.016636, 5359.971680> - islocked:true - password:97319731) initialized
18-0-48 | Cougar (Fox) (ownerId:980466132 - pos <5632.084961, 29.487085, 5381.782715> - islocked:true - password:22392239) initialized
18-0-48 | LUAZ 969 (ownerId:442990275 - pos <2133.803223, 14.966351, 9179.434570> - islocked:false - password:37579090) initialized
18-0-48 | Ford Raptor Red (ownerId:157174770 - pos <7504.826660, 3.163924, 5639.226074> - islocked:false - password:19892004) initialized
18-0-48 | MH-6M Little Bird (ownerId:89279995 - pos <8221.973633, 5.394524, 8703.537109> - islocked:true - password:20090909) initialized
18-0-48 | UAZ 3909 Khaki1 (ownerId:36527682 - pos <7720.330078, 36.341476, 6079.043457> - islocked:true - password:93991005) initialized
18-0-48 | MOSKVICH 2140 (ownerId:419387242 - pos <6922.935547, 42.668793, 2336.698730> - islocked:true - password:58625862) initialized
18-0-48 | MOSKVICH 2140 (ownerId:304057481 - pos <6950.713867, 14.669953, 5719.611328> - islocked:true - password:42687931) initialized
21-25-0 | Cougar (Blood) (ownerId:34611550 - pos <5607.944336, 28.649956, 5354.446289> - islocked:true - password:19892004) new car claimed
21-26-58 | Cougar (Blood) (ownerId:34611550 - pos <5607.943848, 28.649817, 5354.446289> - islocked:false - password:19892004) has been deleted
21-28-47 | Oshkosh pixel (ownerId:34611550 - pos <5606.787109, 28.788176, 5354.253418> - islocked:true - password:19892004) new car claimed
21-30-0 | Oshkosh pixel (ownerId:34611550 - pos <5606.787109, 28.788176, 5354.253418> - islocked:false - password:19892004) has been deleted
21-31-20 | YAR_87 black (ownerId:34611550 - pos <5606.089844, 28.861004, 5354.812500> - islocked:true - password:19892004) new car claimed
21-33-26 | YAR_87 black (ownerId:34611550 - pos <5602.494141, 28.810425, 5358.101074> - islocked:false - password:19892004) has been deleted
21-35-26 | Gaz Tigr flecktarn (ownerId:34611550 - pos <5604.929688, 28.690235, 5355.452148> - islocked:true - password:19892004) new car claimed
21-36-2 | Gaz Tigr flecktarn (ownerId:34611550 - pos <5604.929688, 28.690235, 5355.452148> - islocked:false - password:19892004) has been deleted
22-3-11 | Olga 24 (ownerId:108250772 - pos <5667.012695, 28.697773, 5390.467285> - islocked:true - password:-1) new car claimed
22-12-36 | Olga 24 (ownerId:839735782 - pos <5667.012695, 28.697773, 5390.467285> - islocked:true - password:13579086) new car claimed
23-0-21 | Toyota Land Cruiser 200 Camo2  (ownerId:34611550 - pos <5604.990234, 28.725998, 5354.926758> - islocked:true - password:19892004) new car claimed
23-0-55 | Toyota Land Cruiser 200 Camo2  (ownerId:34611550 - pos <5604.990234, 28.725998, 5354.926758> - islocked:false - password:19892004) has been deleted
23-1-51 | Nissan warrior White kamo (ownerId:34611550 - pos <5604.373047, 28.834459, 5355.234863> - islocked:true - password:19892004) new car claimed
23-3-24 | Gelenvagen white_camo2 (ownerId:34611550 - pos <5613.791992, 28.763350, 5353.966797> - islocked:true - password:19892004) new car claimed
23-5-2 | Gelenvagen white_camo2 (ownerId:34611550 - pos <5613.799805, 28.807217, 5353.986816> - islocked:false - password:19892004) has been deleted
23-6-39 | Velociraptor6x6 Camo (ownerId:34611550 - pos <5596.981445, 28.743160, 5362.015137> - islocked:true - password:19892004) new car claimed
23-8-10 | Velociraptor6x6 Camo (ownerId:34611550 - pos <5596.981445, 28.743160, 5362.015137> - islocked:false - password:19892004) has been deleted
23-9-29 | LandCruiser Skul (ownerId:34611550 - pos <5595.530762, 28.597502, 5362.532715> - islocked:true - password:19892004) new car claimed
23-12-37 | LandCruiser Skul (ownerId:34611550 - pos <5612.860840, 28.615927, 5354.040039> - islocked:false - password:19892004) has been deleted
23-14-16 | Toyota Land Cruiser 200 blood  (ownerId:34611550 - pos <5596.973145, 28.692013, 5361.556152> - islocked:true - password:19892004) new car claimed
23-14-53 | Toyota Land Cruiser 200 blood  (ownerId:34611550 - pos <5596.973145, 28.692013, 5361.556152> - islocked:false - password:19892004) has been deleted
23-17-58 | ToyotaHilux Red (ownerId:60592768 - pos <5593.030762, 28.714746, 5365.512695> - islocked:true - password:19651965) new car claimed
