Creation Time: 2023_4_11-6-0-49
6-0-49 | Robinson R22 Helicopter - Red (ownerId:71319946 - pos <6134.161621, 166.419357, 5695.928223> - islocked:true - password:19944991) initialized
6-0-49 | Robinson R22 Helicopter - Black (ownerId:980466132 - pos <7348.316406, 101.077187, 6033.846191> - islocked:true - password:22392239) initialized
6-0-49 | Gunter 2 (ownerId:85319837 - pos <5599.244141, 28.802744, 5346.801758> - islocked:true - password:1111110) initialized
6-0-49 | Olga 24 (ownerId:288122462 - pos <5600.262207, 29.332047, 5349.436035> - islocked:true - password:12011152) initialized
6-0-49 | M3S Covered (ownerId:108250772 - pos <5629.740234, 29.560858, 5420.347656> - islocked:true - password:78945612) initialized
6-0-49 | Olga 24 (ownerId:195214598 - pos <5644.244141, 28.405106, 5433.651855> - islocked:true - password:52898989) initialized
6-0-49 | UH-60 Blackhawk - Woodland (ownerId:85319837 - pos <3985.975342, 16.854155, 3474.664307> - islocked:true - password:1111110) initialized
6-0-49 | Gunter 2 (ownerId:965259563 - pos <3752.477051, 5.663738, 2572.406494> - islocked:true - password:11367275) initialized
6-0-49 | Robinson R22 Helicopter (ownerId:965259563 - pos <4428.257813, 6.180529, 2904.960693> - islocked:true - password:11367275) initialized
6-0-49 | Ada 4x4 (ownerId:980466132 - pos <6795.198730, 39.193409, 1804.033325> - islocked:true - password:22392239) initialized
6-0-49 | Sarka 120 (ownerId:980466132 - pos <6795.564453, 39.113605, 1800.538330> - islocked:true - password:22392239) initialized
6-0-49 | Olga 24 (ownerId:62166080 - pos <6800.041504, 39.125370, 1803.331299> - islocked:false - password:22392239) initialized
6-0-49 | M3S Covered (ownerId:62166080 - pos <6796.279297, 39.129303, 1809.293945> - islocked:true - password:22392239) initialized
6-0-49 | UH-60 Blackhawk Cargo (ownerId:980466132 - pos <6789.833008, 39.259396, 1855.990479> - islocked:false - password:22392239) initialized
6-0-49 | M3S Covered (ownerId:67657702 - pos <10219.413086, 20.395517, 7930.132324> - islocked:false - password:19944991) initialized
6-0-49 | MH-6M Little Bird - Desert (ownerId:62166080 - pos <11315.040039, 1.724912, 10937.583008> - islocked:false - password:22392239) initialized
6-0-49 | M3S Covered (ownerId:965259563 - pos <10084.884766, 21.697004, 10859.793945> - islocked:true - password:11367275) initialized
6-0-49 | Olga 24 (ownerId:965259563 - pos <6035.172363, 5.867765, 14995.444336> - islocked:true - password:11367275) initialized
6-0-49 | Robinson R22 Helicopter - Black (ownerId:108250772 - pos <8696.025391, 2.231343, 5545.102539> - islocked:false - password:14789632) initialized
6-0-49 | Robinson R22 Helicopter (ownerId:195214598 - pos <11193.184570, 16.091619, 3799.954834> - islocked:true - password:52528989) initialized
6-0-49 | Robinson R22 Helicopter (ownerId:940915030 - pos <9512.575195, 102.761208, 3733.148193> - islocked:true - password:11853737) initialized
6-0-49 | Sarka 120 (ownerId:940915030 - pos <9511.229492, 102.703026, 3751.685303> - islocked:true - password:11853737) initialized
6-0-49 | Sarka 120 (ownerId:67657702 - pos <5909.796875, 1.370541, 8396.536133> - islocked:true - password:19944991) initialized
