Creation Time: 2023_6_12-6-0-52
6-0-52 | YAR_87 Camo2  (ownerId:34611550 - pos <2479.784912, 18.703569, 13963.022461> - islocked:true - password:19892004) initialized
6-0-52 | MH-6M Little Bird - Desert (ownerId:132652049 - pos <10045.665039, 8.208424, 1098.988281> - islocked:false - password:13579246) initialized
6-0-52 | ToyotaHilux Camo (ownerId:369601190 - pos <1585.867920, 10.096205, 9051.075195> - islocked:false - password:80081355) initialized
6-0-52 | STR_Camaro_Lesnik_name (ownerId:442990275 - pos <1956.190430, 9.871470, 8872.091797> - islocked:true - password:42014201) initialized
6-0-52 | MH-6M Little Bird - Camo (ownerId:369601190 - pos <9885.496094, 23.061434, 10992.030273> - islocked:true - password:80081355) initialized
6-0-52 | Olga 24 (ownerId:86564395 - pos <12785.870117, 5.458186, 9917.777344> - islocked:true - password:59005900) initialized
6-0-52 | LUAZ 969 black (ownerId:88929178 - pos <4146.068848, 4.054648, 4199.204102> - islocked:true - password:371400) initialized
6-0-52 | ToyotaHilux White (ownerId:60592768 - pos <9559.649414, 4.320619, 5946.357910> - islocked:true - password:19651965) initialized
6-0-52 | Olga 24 (ownerId:416867315 - pos <5378.852539, 74.598740, 3968.254150> - islocked:true - password:19993420) initialized
6-0-52 | MOSKVICH 2140 (ownerId:137318436 - pos <4304.499512, 3.855572, 4680.525391> - islocked:true - password:20090909) initialized
6-0-52 | Olga 24 (ownerId:501895347 - pos <3569.441895, 21.093964, 6543.833008> - islocked:true - password:42775920) initialized
6-0-52 | Olga 24 (ownerId:405166905 - pos <4621.452637, 5.944790, 4792.483887> - islocked:true - password:1111991) initialized
6-0-52 | UAZ_2315 Red (ownerId:405166905 - pos <4616.329590, 5.537808, 4798.648926> - islocked:true - password:1111991) initialized
6-0-52 | MOSKVICH 2140 (ownerId:54276291 - pos <5441.176270, 6.789805, 4639.569336> - islocked:true - password:12348262) initialized
6-0-52 | Ada 4x4 (ownerId:839735782 - pos <5859.894043, 44.990223, 4891.105469> - islocked:true - password:1051997) initialized
6-0-52 | LUAZ 969 black (ownerId:36527682 - pos <7718.376953, 36.262539, 6068.660645> - islocked:true - password:93991005) initialized
6-0-52 | Audi RS6 (ownerId:85319837 - pos <5682.158203, 33.492775, 5242.700684> - islocked:true - password:1111110) initialized
6-0-52 | Jeep Wrangler (ownerId:944065078 - pos <5664.309082, 28.975210, 5335.381836> - islocked:false - password:97319731) initialized
6-0-52 | MOSKVICH 2140 (ownerId:288122462 - pos <6883.863281, 34.121426, 5878.004883> - islocked:true - password:12321123) initialized
6-0-52 | ToyotaHilux Camo (ownerId:442990275 - pos <5645.997559, 28.502937, 5434.617676> - islocked:true - password:42014201) initialized
6-0-52 | Jeep Wrangler Blue (ownerId:34611550 - pos <4246.239258, 21.212746, 7292.730957> - islocked:true - password:19892004) initialized
6-0-52 | MH-6M Little Bird (ownerId:34611550 - pos <4271.984863, 21.744888, 7303.545410> - islocked:true - password:19892004) initialized
6-0-52 | Jeep Wrangler black  (ownerId:308099129 - pos <3929.318359, 12.055122, 7918.307129> - islocked:true - password:9131988) initialized
6-0-52 | STR_EGER_name (ownerId:980466132 - pos <3689.005371, 12.083850, 9772.873047> - islocked:true - password:22392239) initialized
6-0-52 | M3S Covered (ownerId:86564395 - pos <4550.290527, 27.460140, 7875.549805> - islocked:false - password:59005900) initialized
6-0-52 | Sarka 120 (ownerId:144736642 - pos <7340.262207, 7.426150, 8406.468750> - islocked:true - password:41941941) initialized
6-0-52 | M3S Covered (ownerId:249230507 - pos <8081.576660, 12.659462, 9362.436523> - islocked:true - password:33333333) initialized
6-0-52 | Robinson R22 Helicopter (ownerId:249230507 - pos <8098.369141, 13.009300, 9340.552734> - islocked:true - password:33333333) initialized
