Creation Time: 2023_6_3-12-0-49
12-0-49 | Ada 4x4 (ownerId:839735782 - pos <9127.407227, 12.047226, 8040.598145> - islocked:true - password:1051997) initialized
12-0-49 | Sarka 120 (ownerId:144736642 - pos <7340.157227, 7.426141, 8406.083984> - islocked:true - password:41941941) initialized
12-0-49 | MH-6M Little Bird - Desert (ownerId:132652049 - pos <10045.665039, 8.208423, 1098.988281> - islocked:false - password:13579246) initialized
12-0-49 | Robinson R22 Helicopter (ownerId:249230507 - pos <15721.662109, 39.995342, 4669.158203> - islocked:true - password:33333333) initialized
12-0-49 | Olga 24 (ownerId:442990275 - pos <11667.243164, 6.122741, 2074.086182> - islocked:true - password:42014201) initialized
12-0-49 | YAR_87 Camo2  (ownerId:34611550 - pos <2479.812744, 18.707771, 13963.037109> - islocked:true - password:19892004) initialized
12-0-49 | ToyotaHilux White (ownerId:60592768 - pos <9561.331055, 4.365145, 5943.980469> - islocked:true - password:19651965) initialized
12-0-49 | Olga 24 (ownerId:442990275 - pos <1974.360352, 10.094154, 8857.602539> - islocked:true - password:42014201) initialized
12-0-49 | STR_EGER_name (ownerId:980466132 - pos <3688.971924, 12.082215, 9772.874023> - islocked:true - password:22392239) initialized
12-0-49 | Jeep Wrangler black  (ownerId:308099129 - pos <3929.318359, 12.055123, 7918.307129> - islocked:true - password:9131988) initialized
12-0-49 | Jeep Wrangler Blue (ownerId:34611550 - pos <4246.239258, 21.212748, 7292.730957> - islocked:true - password:19892004) initialized
12-0-49 | MH-6M Little Bird (ownerId:34611550 - pos <4271.984863, 21.744884, 7303.545410> - islocked:true - password:19892004) initialized
12-0-49 | Olga 24 (ownerId:86564395 - pos <4548.658691, 27.188734, 7863.088379> - islocked:true - password:59005900) initialized
12-0-49 | MOSKVICH 2140 (ownerId:288122462 - pos <6883.863281, 34.121414, 5878.004883> - islocked:true - password:12321123) initialized
12-0-49 | SCOUT Black (ownerId:442990275 - pos <4638.823730, 20.373917, 4498.222168> - islocked:true - password:42014201) initialized
12-0-49 | MOSKVICH 2140 (ownerId:137318436 - pos <4304.500488, 3.855566, 4680.525391> - islocked:true - password:20090909) initialized
12-0-49 | LUAZ 969 black (ownerId:88929178 - pos <4142.233398, 4.172169, 4201.197754> - islocked:true - password:371400) initialized
12-0-49 | MOSKVICH 2140 (ownerId:54276291 - pos <5440.532227, 6.840405, 4639.795410> - islocked:true - password:12348262) initialized
12-0-49 | UAZ_2315 Red (ownerId:405166905 - pos <3412.397949, 19.420713, 4543.571289> - islocked:true - password:1111991) initialized
12-0-49 | SUV (ownerId:369601190 - pos <5671.938965, 33.703648, 5250.680664> - islocked:true - password:80081355) initialized
12-0-49 | Audi RS6 (ownerId:85319837 - pos <5681.895508, 33.506737, 5242.674316> - islocked:true - password:1111110) initialized
12-0-49 | Olga 24 (ownerId:501895347 - pos <5602.780762, 29.403017, 5348.327148> - islocked:true - password:42775920) initialized
12-0-49 | Jeep Wrangler (ownerId:944065078 - pos <5667.188477, 29.416407, 5339.476563> - islocked:false - password:97319731) initialized
12-0-49 | Olga 24 (ownerId:442990275 - pos <4432.088379, 5.423553, 2870.046143> - islocked:false - password:42014201) initialized
12-0-49 | LUAZ 969 black (ownerId:36527682 - pos <7718.376953, 36.262547, 6068.660645> - islocked:true - password:93991005) initialized
14-57-13 | SUV (ownerId:369601190 - pos <5601.004395, 28.713463, 5360.022949> - islocked:false - password:80081355) has been deleted
14-59-56 | MotorHome woodland (ownerId:369601190 - pos <5604.395996, 28.912146, 5355.755371> - islocked:true - password:80081355) new car claimed
15-1-40 | MotorHome woodland (ownerId:369601190 - pos <5604.395996, 28.912146, 5355.755371> - islocked:false - password:80081355) has been deleted
15-2-57 | Chevrolet Corvette kamo (ownerId:369601190 - pos <5603.453125, 28.666897, 5356.423828> - islocked:true - password:80081355) new car claimed
15-4-29 | Chevrolet Corvette kamo (ownerId:369601190 - pos <5601.626465, 28.653887, 5356.203613> - islocked:false - password:80081355) has been deleted
15-6-14 | MH-6M Little Bird - Camo (ownerId:369601190 - pos <5601.960449, 28.634497, 5357.471680> - islocked:true - password:80081355) new car claimed
16-3-15 | Olga 24 (ownerId:86564395 - pos <4262.784668, 11.564693, 9163.235352> - islocked:false - password:59005900) has been deleted
16-3-25 | Olga 24 (ownerId:86564395 - pos <4264.884766, 11.739951, 9167.928711> - islocked:true - password:59005900) new car claimed
16-3-25 | Olga 24 (ownerId:86564395 - pos <4264.884766, 11.739951, 9167.928711> - islocked:true - password:59005900) initialized
16-44-28 | Olga 24 (ownerId:86564395 - pos <7307.184570, 38.747135, 2697.114990> - islocked:false - password:59005900) has been deleted
16-44-36 | MH-6M Little Bird - Camo (ownerId:369601190 - pos <723.700806, 8.241134, 15078.081055> - islocked:false - password:80081355) has been deleted
16-44-43 | Olga 24 (ownerId:86564395 - pos <7301.136230, 42.900227, 2655.118408> - islocked:true - password:59005900) new car claimed
16-44-43 | Olga 24 (ownerId:86564395 - pos <7301.136230, 42.900227, 2655.118408> - islocked:true - password:59005900) initialized
16-44-47 | MH-6M Little Bird - Camo (ownerId:369601190 - pos <709.785034, 8.420000, 15069.852539> - islocked:true - password:80081355) new car claimed
16-44-47 | MH-6M Little Bird - Camo (ownerId:369601190 - pos <709.785034, 8.420007, 15069.852539> - islocked:true - password:80081355) initialized
17-12-32 | Olga 24 (ownerId:86564395 - pos <6889.831543, 39.265320, 1903.796265> - islocked:false - password:59005900) has been deleted
17-13-3 | Olga 24 (ownerId:86564395 - pos <6893.682617, 39.120003, 1895.531738> - islocked:true - password:59005900) new car claimed
17-13-3 | Olga 24 (ownerId:86564395 - pos <6893.682617, 39.120003, 1895.531738> - islocked:true - password:59005900) initialized
17-24-17 | Olga 24 (ownerId:442990275 - pos <5667.592773, 32.775692, 5269.337891> - islocked:true - password:42014201) new car claimed
17-24-17 | Olga 24 (ownerId:442990275 - pos <5667.592773, 32.775692, 5269.337891> - islocked:true - password:42014201) initialized
17-27-16 | Olga 24 (ownerId:442990275 - pos <5667.575195, 32.455048, 5269.339355> - islocked:true - password:-1) new car claimed
17-29-59 | Olga 24 (ownerId:442990275 - pos <4432.307617, 4.804312, 2870.027344> - islocked:false - password:42014201) has been deleted
17-37-13 | Olga 24 (ownerId:416867315 - pos <5667.575195, 32.455048, 5269.339355> - islocked:true - password:19993420) new car claimed
