Creation Time: 2023_6_15-0-0-52
0-0-52 | Sarka 120 (ownerId:144736642 - pos <7348.483887, 7.403654, 8438.595703> - islocked:true - password:41941941) initialized
0-0-52 | Robinson R22 Helicopter (ownerId:249230507 - pos <8098.369141, 13.009297, 9340.552734> - islocked:true - password:33333333) initialized
0-0-52 | M3S Covered (ownerId:249230507 - pos <8083.476563, 12.397294, 9358.616211> - islocked:true - password:33333333) initialized
0-0-52 | YAR_87 Camo2  (ownerId:34611550 - pos <2479.782471, 18.703094, 13963.020508> - islocked:true - password:19892004) initialized
0-0-52 | MH-6M Little Bird - Desert (ownerId:132652049 - pos <10045.665039, 8.208423, 1098.988281> - islocked:false - password:13579246) initialized
0-0-52 | MH-6M Little Bird - Camo (ownerId:369601190 - pos <9885.496094, 23.061436, 10992.030273> - islocked:true - password:80081355) initialized
0-0-52 | ToyotaHilux Camo (ownerId:442990275 - pos <1973.551514, 10.226625, 8862.547852> - islocked:true - password:42014201) initialized
0-0-52 | STR_Camaro_Lesnik_name (ownerId:442990275 - pos <1956.946411, 9.871472, 8871.368164> - islocked:true - password:42014201) initialized
0-0-52 | ToyotaHilux Camo (ownerId:369601190 - pos <1585.866699, 10.096197, 9051.075195> - islocked:false - password:80081355) initialized
0-0-52 | ToyotaHilux White (ownerId:60592768 - pos <9559.655273, 4.320501, 5946.355469> - islocked:true - password:19651965) initialized
0-0-52 | Olga 24 (ownerId:86564395 - pos <12784.178711, 5.557145, 9917.944336> - islocked:true - password:59005900) initialized
0-0-52 | LUAZ 969 black (ownerId:88929178 - pos <4146.067871, 4.054677, 4199.202148> - islocked:true - password:371400) initialized
0-0-52 | MOSKVICH 2140 (ownerId:137318436 - pos <4304.499023, 3.855561, 4680.524902> - islocked:true - password:20090909) initialized
0-0-52 | Olga 24 (ownerId:405166905 - pos <4608.530762, 5.446149, 4793.424316> - islocked:true - password:1111991) initialized
0-0-52 | UAZ_2315 Red (ownerId:405166905 - pos <4616.169434, 5.531152, 4798.602539> - islocked:true - password:1111991) initialized
0-0-52 | MH-6M Little Bird - Camo (ownerId:405166905 - pos <4740.076172, 11.997689, 4817.011719> - islocked:true - password:1111991) initialized
0-0-52 | MOSKVICH 2140 (ownerId:54276291 - pos <5441.222656, 6.785878, 4639.558105> - islocked:true - password:12348262) initialized
0-0-52 | Ada 4x4 (ownerId:839735782 - pos <5859.894043, 44.990223, 4891.104980> - islocked:true - password:1051997) initialized
0-0-52 | LUAZ 969 black (ownerId:36527682 - pos <7718.376953, 36.262543, 6068.660645> - islocked:true - password:93991005) initialized
0-0-52 | Audi RS6 (ownerId:85319837 - pos <5682.163086, 33.493023, 5242.699219> - islocked:true - password:1111110) initialized
0-0-52 | Jeep Wrangler (ownerId:944065078 - pos <5664.309082, 28.974239, 5335.381836> - islocked:false - password:97319731) initialized
0-0-52 | MOSKVICH 2140 (ownerId:288122462 - pos <6883.862793, 34.121437, 5878.005371> - islocked:true - password:12321123) initialized
0-0-52 | Olga 24 (ownerId:501895347 - pos <5644.267090, 28.873262, 5428.921387> - islocked:true - password:42775920) initialized
0-0-52 | Jeep Wrangler Blue (ownerId:34611550 - pos <4246.239258, 21.212746, 7292.730957> - islocked:true - password:19892004) initialized
0-0-52 | MH-6M Little Bird (ownerId:34611550 - pos <4271.984863, 21.744884, 7303.545410> - islocked:true - password:19892004) initialized
0-0-52 | Jeep Wrangler black  (ownerId:308099129 - pos <3929.318359, 12.055122, 7918.307129> - islocked:true - password:9131988) initialized
0-0-52 | STR_EGER_name (ownerId:980466132 - pos <3689.012451, 12.081926, 9772.872070> - islocked:true - password:22392239) initialized
0-0-52 | M3S Covered (ownerId:86564395 - pos <4550.290527, 27.460178, 7875.549805> - islocked:false - password:59005900) initialized
