Creation Time: 2023_4_13-18-0-56
18-0-56 | Sarka 120 (ownerId:940915030 - pos <9511.229492, 102.703011, 3751.685303> - islocked:true - password:11853737) initialized
18-0-56 | Robinson R22 Helicopter (ownerId:940915030 - pos <9512.575195, 102.761208, 3733.148193> - islocked:true - password:11853737) initialized
18-0-56 | M3S Covered (ownerId:67657702 - pos <10219.409180, 20.377548, 7929.761719> - islocked:false - password:19944991) initialized
18-0-56 | M3S Covered (ownerId:965259563 - pos <3756.736572, 5.599278, 2571.684814> - islocked:true - password:11367275) initialized
18-0-56 | Olga 24 (ownerId:965259563 - pos <3752.986328, 5.595248, 2569.696533> - islocked:true - password:11367275) initialized
18-0-56 | Gunter 2 (ownerId:965259563 - pos <3748.300537, 5.650973, 2573.668945> - islocked:true - password:11367275) initialized
18-0-56 | Robinson R22 Helicopter (ownerId:195214598 - pos <6914.962402, 2.682916, 7082.414551> - islocked:true - password:52528989) initialized
18-0-56 | Sarka 120 (ownerId:980466132 - pos <7341.763672, 65.536018, 6039.561523> - islocked:true - password:22392239) initialized
18-0-56 | Robinson R22 Helicopter - Black (ownerId:108250772 - pos <8696.025391, 2.231339, 5545.102539> - islocked:false - password:14789632) initialized
18-0-56 | Olga 24 (ownerId:195214598 - pos <5304.249023, 74.598717, 3990.646484> - islocked:false - password:52898989) initialized
18-0-56 | Robinson R22 Helicopter - Red (ownerId:71319946 - pos <5645.103516, 34.488815, 5234.618164> - islocked:true - password:19944991) initialized
18-0-56 | M3S Covered (ownerId:108250772 - pos <4513.166992, 10.470732, 3193.233154> - islocked:true - password:78945612) initialized
18-0-56 | UH-60 Blackhawk - Woodland (ownerId:85319837 - pos <3985.975098, 16.854156, 3474.664551> - islocked:true - password:1111110) initialized
18-0-56 | Olga 24 (ownerId:288122462 - pos <5667.614258, 28.943987, 5408.276855> - islocked:true - password:12011152) initialized
18-0-56 | Robinson R22 Helicopter (ownerId:965259563 - pos <4428.255859, 6.180576, 2904.960693> - islocked:true - password:11367275) initialized
18-0-56 | MH-6M Little Bird - Desert (ownerId:62166080 - pos <6772.994629, 55.366924, 1847.963501> - islocked:true - password:22392239) initialized
18-0-56 | UH-60 Blackhawk Cargo (ownerId:980466132 - pos <6789.954590, 38.901272, 1856.258179> - islocked:false - password:22392239) initialized
18-0-56 | Ada 4x4 (ownerId:980466132 - pos <6795.198730, 39.193413, 1804.037109> - islocked:true - password:22392239) initialized
18-0-56 | Olga 24 (ownerId:62166080 - pos <6798.504883, 39.125122, 1801.722534> - islocked:false - password:22392239) initialized
18-0-56 | Robinson R22 Helicopter - Black (ownerId:980466132 - pos <6784.177246, 53.509365, 1831.809937> - islocked:true - password:22392239) initialized
18-0-56 | UH-60 Blackhawk - blackblackhawk (ownerId:195214598 - pos <8069.651855, 215.262024, 11834.333008> - islocked:true - password:89895252) initialized
22-34-11 | Olga 24 (ownerId:195214598 - pos <5745.674316, 24.264595, 5203.152832> - islocked:false - password:52898989) has been deleted
