Creation Time: 2023_6_6-6-0-49
6-0-49 | MH-6M Little Bird - Desert (ownerId:132652049 - pos <10045.665039, 8.208423, 1098.988281> - islocked:false - password:13579246) initialized
6-0-49 | ToyotaHilux White (ownerId:60592768 - pos <9560.011719, 4.309814, 5946.573242> - islocked:true - password:19651965) initialized
6-0-49 | Ada 4x4 (ownerId:839735782 - pos <4959.765625, 15.151874, 8482.845703> - islocked:true - password:1051997) initialized
6-0-49 | M3S Covered (ownerId:249230507 - pos <8282.156250, 5.025766, 9352.216797> - islocked:true - password:33333333) initialized
6-0-49 | Robinson R22 Helicopter (ownerId:249230507 - pos <8092.914063, 13.178654, 9330.942383> - islocked:true - password:33333333) initialized
6-0-49 | Sarka 120 (ownerId:144736642 - pos <7340.217773, 7.426143, 8406.367188> - islocked:true - password:41941941) initialized
6-0-49 | Olga 24 (ownerId:86564395 - pos <5683.289063, 5.538039, 9264.157227> - islocked:true - password:59005900) initialized
6-0-49 | YAR_87 Camo2  (ownerId:34611550 - pos <2479.798584, 18.704165, 13963.018555> - islocked:true - password:19892004) initialized
6-0-49 | STR_EGER_name (ownerId:980466132 - pos <3688.983887, 12.083539, 9772.874023> - islocked:true - password:22392239) initialized
6-0-49 | ToyotaHilux Camo (ownerId:442990275 - pos <1972.933838, 10.226624, 8857.318359> - islocked:true - password:42014201) initialized
6-0-49 | STR_Camaro_Lesnik_name (ownerId:442990275 - pos <1963.730347, 9.871470, 8861.066406> - islocked:true - password:42014201) initialized
6-0-49 | Jeep Wrangler black  (ownerId:308099129 - pos <3929.318359, 12.055122, 7918.307129> - islocked:true - password:9131988) initialized
6-0-49 | M3S Covered (ownerId:86564395 - pos <4550.290527, 27.460165, 7875.549805> - islocked:false - password:59005900) initialized
6-0-49 | UAZ_2315 Red (ownerId:405166905 - pos <3412.378662, 19.420696, 4543.566406> - islocked:true - password:1111991) initialized
6-0-49 | Jeep Wrangler Blue (ownerId:34611550 - pos <4246.239258, 21.212748, 7292.730957> - islocked:true - password:19892004) initialized
6-0-49 | MH-6M Little Bird (ownerId:34611550 - pos <4271.984863, 21.744884, 7303.545410> - islocked:true - password:19892004) initialized
6-0-49 | Olga 24 (ownerId:501895347 - pos <3569.564453, 21.127207, 6543.794922> - islocked:true - password:42775920) initialized
6-0-49 | LUAZ 969 black (ownerId:36527682 - pos <7718.376953, 36.262547, 6068.660645> - islocked:true - password:93991005) initialized
6-0-49 | Jeep Wrangler (ownerId:944065078 - pos <5667.188477, 29.418655, 5339.477051> - islocked:false - password:97319731) initialized
6-0-49 | MOSKVICH 2140 (ownerId:54276291 - pos <5440.792480, 6.826144, 4639.787598> - islocked:true - password:12348262) initialized
6-0-49 | MH-6M Little Bird - Camo (ownerId:369601190 - pos <5672.891113, 34.534157, 5248.140137> - islocked:true - password:80081355) initialized
6-0-49 | Audi RS6 (ownerId:85319837 - pos <5682.031250, 33.497265, 5242.731445> - islocked:true - password:1111110) initialized
6-0-49 | MOSKVICH 2140 (ownerId:288122462 - pos <6883.863281, 34.121445, 5878.004883> - islocked:true - password:12321123) initialized
6-0-49 | MOSKVICH 2140 (ownerId:137318436 - pos <4304.500488, 3.855569, 4680.525391> - islocked:true - password:20090909) initialized
6-0-49 | Olga 24 (ownerId:416867315 - pos <5378.852051, 74.598732, 3968.254150> - islocked:true - password:19993420) initialized
6-0-49 | LUAZ 969 black (ownerId:88929178 - pos <4146.072754, 4.054573, 4199.207031> - islocked:true - password:371400) initialized
