Creation Time: 2023_6_16-12-0-50
12-0-50 | MH-6M Little Bird (ownerId:34611550 - pos <4271.984863, 21.744884, 7303.545410> - islocked:true - password:19892004) initialized
12-0-50 | Jeep Wrangler Blue (ownerId:34611550 - pos <4246.239258, 21.212753, 7292.730957> - islocked:true - password:19892004) initialized
12-0-50 | MH-6M Little Bird - Camo (ownerId:288122462 - pos <3967.853027, 9.534503, 6128.953125> - islocked:true - password:12321123) initialized
12-0-50 | MH-6M Little Bird - Camo (ownerId:405166905 - pos <4739.650879, 11.888609, 4817.697754> - islocked:true - password:1111991) initialized
12-0-50 | Olga 24 (ownerId:405166905 - pos <4608.531250, 5.446138, 4793.424316> - islocked:true - password:1111991) initialized
12-0-50 | UAZ_2315 Red (ownerId:405166905 - pos <4616.094727, 5.530530, 4798.574707> - islocked:true - password:1111991) initialized
12-0-50 | Olga 24 (ownerId:501895347 - pos <5358.951172, 4.731633, 6314.502930> - islocked:true - password:42775920) initialized
12-0-50 | MOSKVICH 2140 (ownerId:137318436 - pos <4304.499023, 3.855579, 4680.524902> - islocked:true - password:20090909) initialized
12-0-50 | Jeep Wrangler black  (ownerId:308099129 - pos <3929.318359, 12.055129, 7918.307129> - islocked:true - password:9131988) initialized
12-0-50 | M3S Covered (ownerId:86564395 - pos <4550.290527, 27.460178, 7875.549805> - islocked:false - password:59005900) initialized
12-0-50 | YAR_87 Camo2  (ownerId:34611550 - pos <2479.781006, 18.702599, 13963.016602> - islocked:true - password:19892004) initialized
12-0-50 | MH-6M Little Bird - Desert (ownerId:132652049 - pos <10045.665039, 8.208428, 1098.988281> - islocked:false - password:13579246) initialized
12-0-50 | STR_EGER_name (ownerId:980466132 - pos <3689.013916, 12.081272, 9772.872070> - islocked:true - password:22392239) initialized
12-0-50 | ToyotaHilux Camo (ownerId:369601190 - pos <1585.869019, 10.096267, 9051.075195> - islocked:false - password:80081355) initialized
12-0-50 | ToyotaHilux Camo (ownerId:442990275 - pos <1973.551880, 10.226694, 8862.544922> - islocked:true - password:42014201) initialized
12-0-50 | STR_Camaro_Lesnik_name (ownerId:442990275 - pos <1956.945190, 9.871537, 8871.365234> - islocked:true - password:42014201) initialized
12-0-50 | Robinson R22 Helicopter (ownerId:249230507 - pos <8098.369141, 13.009297, 9340.552734> - islocked:true - password:33333333) initialized
12-0-50 | M3S Covered (ownerId:249230507 - pos <8083.458008, 12.477474, 9358.610352> - islocked:true - password:33333333) initialized
12-0-50 | Sarka 120 (ownerId:144736642 - pos <7348.483887, 7.403677, 8438.595703> - islocked:true - password:41941941) initialized
12-0-50 | Olga 24 (ownerId:86564395 - pos <12784.179688, 5.557099, 9917.943359> - islocked:true - password:59005900) initialized
12-0-50 | Robinson R22 Helicopter - Red (ownerId:288122462 - pos <12747.893555, 7.186185, 9919.453125> - islocked:true - password:12321123) initialized
12-0-50 | ToyotaHilux White (ownerId:60592768 - pos <9559.658203, 4.320530, 5946.354004> - islocked:true - password:19651965) initialized
12-0-50 | LUAZ 969 black (ownerId:36527682 - pos <7718.376953, 36.262547, 6068.660645> - islocked:true - password:93991005) initialized
12-0-50 | Ada 4x4 (ownerId:839735782 - pos <5859.894043, 44.989658, 4891.104980> - islocked:true - password:1051997) initialized
12-0-50 | MOSKVICH 2140 (ownerId:54276291 - pos <5441.237305, 6.784458, 4639.551270> - islocked:true - password:12348262) initialized
12-0-50 | Robinson R22 Helicopter - Black (ownerId:288122462 - pos <5678.161133, 33.258541, 5254.753906> - islocked:true - password:12321123) initialized
12-0-50 | Audi RS6 (ownerId:85319837 - pos <5682.165527, 33.493176, 5242.698242> - islocked:true - password:1111110) initialized
12-0-50 | Robinson R22 Helicopter (ownerId:288122462 - pos <5666.725586, 33.922287, 5232.857422> - islocked:true - password:12321123) initialized
12-0-50 | MOSKVICH 2140 (ownerId:288122462 - pos <5647.767090, 33.944450, 5242.518066> - islocked:false - password:12321123) initialized
12-0-50 | Chevrolet Corvette Yellow (ownerId:369601190 - pos <5655.707031, 33.831642, 5240.042480> - islocked:true - password:80081355) initialized
12-0-50 | MH-6M Little Bird - Camo (ownerId:369601190 - pos <5652.024902, 34.759140, 5238.992188> - islocked:true - password:80081355) initialized
12-0-50 | LUAZ 969 black (ownerId:88929178 - pos <4146.066895, 4.054700, 4199.201660> - islocked:true - password:371400) initialized
12-0-50 | Jeep Wrangler (ownerId:944065078 - pos <5664.309082, 28.973629, 5335.381836> - islocked:false - password:97319731) initialized
