Creation Time: 2023_5_1-0-0-52
0-0-52 | Robinson R22 Helicopter (ownerId:940915030 - pos <9512.575195, 102.761208, 3733.148193> - islocked:true - password:11853737) initialized
0-0-52 | Sarka 120 (ownerId:405166905 - pos <10489.906250, 10.002526, 4274.236816> - islocked:true - password:19910111) initialized
0-0-52 | Land Rover Defender 110 Red (ownerId:60592768 - pos <9561.738281, 4.179234, 5944.402344> - islocked:true - password:19651965) initialized
0-0-52 | M3S Covered (ownerId:944065078 - pos <7718.275879, 36.466980, 6089.899902> - islocked:false - password:25082508) initialized
0-0-52 | Sarka 120 (ownerId:944065078 - pos <7710.948242, 35.741344, 6077.467773> - islocked:false - password:25082508) initialized
0-0-52 | Land Rover Defender 110 UN (ownerId:116364714 - pos <7704.690430, 36.730225, 6074.511230> - islocked:false - password:25082508) initialized
0-0-52 | Sarka 120 (ownerId:980466132 - pos <6801.630859, 39.738651, 1801.161377> - islocked:true - password:22392239) initialized
0-0-52 | Land Rover Defender 110 Green (ownerId:62166080 - pos <6795.774414, 39.706364, 1806.612793> - islocked:false - password:22392239) initialized
0-0-52 | M3S Covered (ownerId:980466132 - pos <6795.287598, 40.007622, 1809.516968> - islocked:true - password:22392239) initialized
0-0-52 | MBB Bo-105m Helicopter - blackcamo (ownerId:980466132 - pos <6768.891113, 54.751770, 1849.850220> - islocked:true - password:22392239) initialized
0-0-52 | Olga 24 (ownerId:419387242 - pos <7057.727051, 44.999905, 2053.501221> - islocked:true - password:8995862) initialized
0-0-52 | Ada 4x4 (ownerId:62166080 - pos <6902.654297, 38.440704, 2104.053955> - islocked:true - password:22392239) initialized
0-0-52 | Land Rover Defender 110 (ownerId:192139039 - pos <1187.245605, 27.930990, 12556.015625> - islocked:true - password:7161994) initialized
0-0-52 | Robinson R22 Helicopter - Black (ownerId:980466132 - pos <7349.647949, 101.077263, 6033.751465> - islocked:false - password:22392239) initialized
0-0-52 | Land Rover Defender 110 UN (ownerId:85319837 - pos <7572.665527, 24.168486, 3940.986328> - islocked:true - password:9151985) initialized
0-0-52 | Sarka 120 (ownerId:85319837 - pos <7574.966797, 24.190561, 3928.494385> - islocked:true - password:1111110) initialized
0-0-52 | Ada 4x4 (ownerId:419387242 - pos <5608.952637, 28.855576, 5349.512207> - islocked:true - password:8995862) initialized
0-0-52 | Land Rover Defender 110 Red (ownerId:132652049 - pos <5593.791504, 29.278484, 5362.921875> - islocked:true - password:9031783) initialized
0-0-52 | M3S Covered (ownerId:108250772 - pos <5656.404785, 28.701414, 5426.494141> - islocked:true - password:12345678) initialized
0-0-52 | Land Rover Defender 110 Red (ownerId:980466132 - pos <7556.994629, 24.168486, 3937.774658> - islocked:true - password:22392239) initialized
0-0-52 | Robinson R22 Helicopter (ownerId:195214598 - pos <1084.466553, 54.700871, 10695.003906> - islocked:true - password:52528989) initialized
0-0-52 | UH-60 Blackhawk - blackblackhawk (ownerId:195214598 - pos <3224.051514, 7.616046, 1721.944702> - islocked:true - password:52528989) initialized
0-0-52 | Sarka 120 (ownerId:194642746 - pos <5445.550781, 5.326708, 4629.527344> - islocked:true - password:15474555) initialized
0-0-52 | Robinson R22 Helicopter - Black (ownerId:984346468 - pos <4728.882813, 12.292137, 4692.961914> - islocked:true - password:83898389) initialized
0-0-52 | Robinson R22 Helicopter (ownerId:71319946 - pos <5672.808594, 33.907436, 5245.416016> - islocked:true - password:19944991) initialized
0-0-52 | M3S Covered (ownerId:839735782 - pos <5477.969238, 7.706894, 8608.755859> - islocked:true - password:1051997) initialized
0-0-52 | M3S Covered (ownerId:965259563 - pos <5465.726563, 7.868563, 8577.350586> - islocked:true - password:72524299) initialized
0-0-52 | Robinson R22 Helicopter (ownerId:965259563 - pos <3756.512451, 19.967381, 2601.171387> - islocked:true - password:11367275) initialized
0-0-52 | Land Rover Defender 110 Red (ownerId:965259563 - pos <3730.515869, 6.048484, 2554.894287> - islocked:true - password:11367275) initialized
0-0-52 | Olga 24 (ownerId:965259563 - pos <3731.967529, 5.467811, 2551.064453> - islocked:true - password:11367275) initialized
0-0-52 | Gunter 2 (ownerId:36527682 - pos <7192.423340, 3.389057, 5359.115234> - islocked:true - password:93991005) initialized
0-0-52 | Robinson R22 Helicopter - Black (ownerId:62166080 - pos <518.580566, 40.944447, 11901.008789> - islocked:true - password:22392239) initialized
0-0-52 | Land Rover Defender 110 Green (ownerId:177737910 - pos <2550.602295, 57.004669, 9449.894531> - islocked:false - password:25792579) initialized
3-7-35 | Ada 4x4 (ownerId:62166080 - pos <6784.558105, 39.142323, 1801.888916> - islocked:false - password:-1) new car claimed
3-22-8 | Ada 4x4 (ownerId:16874355 - pos <5655.460938, 28.688101, 5383.486816> - islocked:true - password:15795315) new car claimed
