Creation Time: 2023_5_26-19-2-36
19-2-36 | UH-60 Blackhawk - blackblackhawk (ownerId:69839805 - pos <5608.144531, 29.554255, 5352.064453> - islocked:true - password:20090909) initialized
19-2-36 | HAMMER_H1 black (ownerId:405166905 - pos <5195.087891, 4.949667, 5315.449219> - islocked:true - password:1111991) initialized
19-2-36 | LUAZ 969 rust (ownerId:88929178 - pos <5625.482910, 29.296349, 5419.026855> - islocked:true - password:371400) initialized
19-2-36 | Sarka 120 (ownerId:108250772 - pos <5617.104492, 28.686047, 5394.022461> - islocked:true - password:3181989) initialized
19-2-36 | MBB Bo-105m Helicopter - blackcamo (ownerId:132652049 - pos <5674.237305, 29.476894, 5388.618164> - islocked:true - password:86753099) initialized
19-2-36 | Sarka 120 (ownerId:369601190 - pos <5633.337402, 29.271797, 5359.529785> - islocked:true - password:4031965) initialized
19-2-36 | M3S Covered (ownerId:442990275 - pos <5681.019043, 32.782623, 5269.710449> - islocked:true - password:37579090) initialized
19-2-36 | Sarka 120 (ownerId:442990275 - pos <5678.124023, 33.358356, 5271.100586> - islocked:true - password:42014201) initialized
19-2-36 | Ada 4x4 (ownerId:18558559 - pos <3945.644043, 24.960703, 4846.260742> - islocked:true - password:72066666) initialized
19-2-36 | Sarka 120 (ownerId:18558559 - pos <9030.000977, 6.586083, 9422.952148> - islocked:true - password:72066666) initialized
19-2-36 | LUAZ 969 blue (ownerId:354151095 - pos <6972.173340, 14.597522, 5701.597656> - islocked:true - password:4250425) initialized
19-2-36 | MOSKVICH 2140 (ownerId:304057481 - pos <6950.713379, 14.669731, 5719.591309> - islocked:true - password:42687931) initialized
19-2-36 | Jeep Wrangler (ownerId:288122462 - pos <8283.520508, 5.735122, 8844.367188> - islocked:true - password:12321321) initialized
19-2-36 | MOSKVICH 2140 (ownerId:944065078 - pos <6394.414551, 23.181316, 6686.755371> - islocked:false - password:97319731) initialized
19-2-36 | Toyota Land Cruiser 200 (ownerId:308099129 - pos <3522.995117, 22.781893, 4590.057617> - islocked:true - password:9131988) initialized
19-2-36 | Cougar Camo kamo (ownerId:980466132 - pos <1447.439941, 3.095235, 6767.592285> - islocked:true - password:22392239) initialized
19-2-36 | Olga 24 (ownerId:442990275 - pos <2121.612549, 18.358913, 9166.325195> - islocked:false - password:42014201) initialized
19-2-36 | UAZ 3909 Khaki1 (ownerId:36527682 - pos <7717.201660, 36.455582, 6070.715332> - islocked:true - password:93991005) initialized
19-2-36 | Olga 24 (ownerId:36527682 - pos <7733.397461, 36.107792, 6085.733398> - islocked:true - password:10939910) initialized
19-2-36 | Jeep Wrangler black  (ownerId:132652049 - pos <10675.310547, 3.405123, 3158.458008> - islocked:true - password:17392468) initialized
19-2-36 | Gaz 71 Black (ownerId:137318436 - pos <4248.160156, 21.428877, 7293.649902> - islocked:true - password:20090909) initialized
19-2-36 | STR_EGER_name (ownerId:6938606 - pos <4249.000000, 21.581696, 7288.722168> - islocked:true - password:20090909) initialized
19-2-36 | Olga 24 (ownerId:839735782 - pos <3591.364258, 10.841988, 3410.536621> - islocked:true - password:13579086) initialized
19-2-36 | YAR_87 Camo2  (ownerId:34611550 - pos <8281.838867, 6.162614, 9352.593750> - islocked:false - password:19892004) initialized
19-2-36 | SUV Camo (ownerId:442990275 - pos <5270.988770, 9.140433, 4579.761230> - islocked:false - password:42014201) initialized
19-24-5 | Sarka 120 (ownerId:108250772 - pos <5617.103516, 28.686039, 5394.021973> - islocked:true - password:3181989) has been deleted
19-24-12 | Olga 24 (ownerId:34611550 - pos <10133.463867, 5.451874, 11968.100586> - islocked:true - password:19892004) new car claimed
19-24-32 | Olga 24 (ownerId:34611550 - pos <10133.463867, 5.451874, 11968.100586> - islocked:true - password:19892004) has been deleted
19-32-9 | Olga 24 (ownerId:442990275 - pos <2121.602783, 17.747942, 9166.566406> - islocked:false - password:42014201) has been deleted
19-36-16 | M3S Covered (ownerId:34611550 - pos <5825.661621, 5.844687, 14934.296875> - islocked:true - password:19892004) new car claimed
19-36-33 | M3S Covered (ownerId:34611550 - pos <5825.661621, 5.844687, 14934.296875> - islocked:true - password:19892004) has been deleted
19-57-48 | Jeep Wrangler Camo (ownerId:85319837 - pos <5604.590332, 28.943634, 5349.927246> - islocked:true - password:1111110) new car claimed
20-13-54 | GAZ_69 GRAY (ownerId:137318436 - pos <728.461182, 8.308169, 15051.820313> - islocked:true - password:20090909) new car claimed
20-14-18 | GAZ_69 GRAY (ownerId:137318436 - pos <728.461182, 8.308169, 15051.820313> - islocked:true - password:20090909) has been deleted
20-19-33 | GAZ_69 GRAY (ownerId:137318436 - pos <4248.724609, 20.867624, 7282.968262> - islocked:true - password:20090909) new car claimed
20-19-33 | GAZ_69 GRAY (ownerId:137318436 - pos <4248.724609, 20.867624, 7282.968262> - islocked:true - password:20090909) initialized
20-31-57 | GAZ_69 GRAY (ownerId:137318436 - pos <5625.188477, 28.813971, 5414.081055> - islocked:false - password:20090909) has been deleted
20-40-2 | PAZprison (Blue) (ownerId:137318436 - pos <5606.815918, 28.498093, 5355.130371> - islocked:true - password:20090909) new car claimed
20-41-4 | PAZprison (Blue) (ownerId:137318436 - pos <5606.815918, 28.498104, 5355.130371> - islocked:false - password:20090909) has been deleted
20-41-15 | PAZprison (Blue) (ownerId:137318436 - pos <5619.605957, 29.010002, 5356.981445> - islocked:true - password:20090909) new car claimed
20-41-15 | PAZprison (Blue) (ownerId:137318436 - pos <5619.605957, 29.010002, 5356.981445> - islocked:true - password:20090909) initialized
20-45-17 | PAZprison (Blue) (ownerId:137318436 - pos <5619.605469, 28.434599, 5356.980469> - islocked:false - password:20090909) has been deleted
20-50-8 | HEMTT black (ownerId:137318436 - pos <5603.790527, 28.815746, 5390.758789> - islocked:true - password:20090909) new car claimed
20-59-47 | Sarka 120 (ownerId:34611550 - pos <5112.311035, 9.856634, 4519.319824> - islocked:true - password:19892004) new car claimed
21-0-8 | Sarka 120 (ownerId:34611550 - pos <5112.311035, 9.856634, 4519.319824> - islocked:true - password:19892004) has been deleted
