Creation Time: 2023_5_20-6-0-46
6-0-46 | MOSKVICH 2140 (ownerId:419387242 - pos <6386.171875, 23.181240, 6685.270996> - islocked:true - password:58625862) initialized
6-0-46 | MOSKVICH 2140 (ownerId:944065078 - pos <6404.186523, 22.910440, 6742.444824> - islocked:true - password:97319731) initialized
6-0-46 | MBB Bo-105m Helicopter - blackcamo (ownerId:132652049 - pos <6260.319336, 31.892294, 7036.590820> - islocked:false - password:86753099) initialized
6-0-46 | UAZ 3909 Khaki1 (ownerId:36527682 - pos <7718.639160, 36.435696, 6070.383301> - islocked:true - password:93991005) initialized
6-0-46 | Buggy (ownerId:85319837 - pos <5605.895020, 29.404938, 5349.771484> - islocked:false - password:9151985) initialized
6-0-46 | Cougar (Fox) (ownerId:980466132 - pos <5630.791992, 29.487085, 5381.388672> - islocked:true - password:22392239) initialized
6-0-46 | Jeep Wrangler black  (ownerId:132652049 - pos <5624.561035, 29.315121, 5409.925293> - islocked:true - password:17392468) initialized
6-0-46 | MOSKVICH 2140 (ownerId:304057481 - pos <6950.713379, 14.669897, 5719.609863> - islocked:true - password:42687931) initialized
6-0-46 | LUAZ 969 rust (ownerId:88929178 - pos <5628.406738, 29.291824, 5419.655762> - islocked:true - password:371400) initialized
6-0-46 | Jeep Wrangler (ownerId:85319837 - pos <5631.687988, 29.254879, 5422.513672> - islocked:true - password:9151985) initialized
6-0-46 | UAZ_2315 Camo2 (ownerId:442990275 - pos <2123.608154, 15.129815, 9181.036133> - islocked:true - password:37579090) initialized
6-0-46 | Cougar Camo kamo (ownerId:980466132 - pos <1430.430542, 3.097317, 6773.623535> - islocked:true - password:22392239) initialized
6-0-46 | ToyotaHilux Red (ownerId:60592768 - pos <9561.834961, 4.365448, 5943.567871> - islocked:true - password:19651965) initialized
6-0-46 | Olga 24 (ownerId:839735782 - pos <5989.634277, 13.939018, 4957.108398> - islocked:true - password:13579086) initialized
6-0-46 | Offroad Range Rover police  (ownerId:6938606 - pos <4247.775391, 21.095661, 7296.859863> - islocked:true - password:20090909) initialized
6-0-46 | STR_Camaro_Nest_name (ownerId:137318436 - pos <4251.773926, 20.983667, 7300.036133> - islocked:true - password:20090909) initialized
6-0-46 | MH-6M Little Bird (ownerId:89279995 - pos <4268.140625, 21.848562, 7299.724609> - islocked:true - password:20090909) initialized
6-0-46 | Ford Raptor Red (ownerId:157174770 - pos <7506.018555, 3.206812, 5637.977051> - islocked:true - password:19892004) initialized
8-15-19 | LUAZ 969 blue (ownerId:354151095 - pos <5609.991699, 28.745411, 5370.641113> - islocked:true - password:4250425) new car claimed
11-21-19 | Cougar (Fox) (ownerId:980466132 - pos <5631.021973, 28.583988, 5381.558594> - islocked:true - password:22392239) has been deleted
11-23-19 | Gaz 71 (ownerId:980466132 - pos <5631.340820, 28.702610, 5381.053223> - islocked:true - password:22392239) new car claimed
