Creation Time: 2023_5_1-6-0-57
6-0-57 | Ada 4x4 (ownerId:16874355 - pos <3163.607178, 22.490702, 4315.708008> - islocked:false - password:15795315) initialized
6-0-57 | Land Rover Defender 110 Red (ownerId:965259563 - pos <3730.515869, 6.048485, 2554.894287> - islocked:true - password:11367275) initialized
6-0-57 | Olga 24 (ownerId:965259563 - pos <3731.968994, 5.467782, 2551.063965> - islocked:true - password:11367275) initialized
6-0-57 | Robinson R22 Helicopter (ownerId:965259563 - pos <3756.512451, 19.967381, 2601.171387> - islocked:true - password:11367275) initialized
6-0-57 | Robinson R22 Helicopter - Black (ownerId:984346468 - pos <4728.882813, 12.292135, 4692.961426> - islocked:true - password:83898389) initialized
6-0-57 | Land Rover Defender 110 (ownerId:192139039 - pos <1187.244263, 27.932272, 12555.998047> - islocked:true - password:7161994) initialized
6-0-57 | Robinson R22 Helicopter (ownerId:195214598 - pos <1084.467407, 54.700291, 10695.003906> - islocked:true - password:52528989) initialized
6-0-57 | Robinson R22 Helicopter - Black (ownerId:62166080 - pos <518.580505, 40.944565, 11901.008789> - islocked:true - password:22392239) initialized
6-0-57 | Land Rover Defender 110 Green (ownerId:177737910 - pos <2550.602295, 57.004620, 9449.895508> - islocked:false - password:25792579) initialized
6-0-57 | Sarka 120 (ownerId:405166905 - pos <10489.906250, 10.002506, 4274.236816> - islocked:true - password:19910111) initialized
6-0-57 | Land Rover Defender 110 Red (ownerId:60592768 - pos <9561.738281, 4.179227, 5944.402344> - islocked:true - password:19651965) initialized
6-0-57 | Robinson R22 Helicopter (ownerId:940915030 - pos <9512.575195, 102.761200, 3733.148193> - islocked:true - password:11853737) initialized
6-0-57 | M3S Covered (ownerId:980466132 - pos <6795.287598, 40.007607, 1809.516968> - islocked:true - password:22392239) initialized
6-0-57 | Land Rover Defender 110 Red (ownerId:980466132 - pos <6796.070313, 39.706661, 1806.542114> - islocked:true - password:22392239) initialized
6-0-57 | Land Rover Defender 110 Green (ownerId:62166080 - pos <6796.028809, 39.705757, 1801.399658> - islocked:true - password:22392239) initialized
6-0-57 | Sarka 120 (ownerId:980466132 - pos <6801.630371, 39.738686, 1801.161377> - islocked:true - password:22392239) initialized
6-0-57 | Olga 24 (ownerId:419387242 - pos <7057.728027, 44.999866, 2053.500732> - islocked:true - password:8995862) initialized
6-0-57 | MBB Bo-105m Helicopter - blackcamo (ownerId:980466132 - pos <6768.891113, 54.751770, 1849.850098> - islocked:true - password:22392239) initialized
6-0-57 | Sarka 120 (ownerId:194642746 - pos <5445.554199, 5.326559, 4629.525879> - islocked:true - password:15474555) initialized
6-0-57 | Sarka 120 (ownerId:85319837 - pos <7574.966797, 24.190536, 3928.493408> - islocked:true - password:1111110) initialized
6-0-57 | Land Rover Defender 110 UN (ownerId:85319837 - pos <7572.665527, 24.168484, 3940.986328> - islocked:true - password:9151985) initialized
6-0-57 | Gunter 2 (ownerId:36527682 - pos <7192.423340, 3.389081, 5359.115723> - islocked:true - password:93991005) initialized
6-0-57 | M3S Covered (ownerId:944065078 - pos <7718.275879, 36.466953, 6089.899902> - islocked:false - password:25082508) initialized
6-0-57 | Land Rover Defender 110 UN (ownerId:116364714 - pos <7704.690430, 36.730221, 6074.511230> - islocked:false - password:25082508) initialized
6-0-57 | Robinson R22 Helicopter - Black (ownerId:980466132 - pos <7349.647949, 101.077263, 6033.751465> - islocked:false - password:22392239) initialized
6-0-57 | Robinson R22 Helicopter (ownerId:71319946 - pos <5672.808594, 33.907440, 5245.416016> - islocked:true - password:19944991) initialized
6-0-57 | Sarka 120 (ownerId:944065078 - pos <6395.115234, 20.895441, 8532.871094> - islocked:true - password:25082508) initialized
6-0-57 | M3S Covered (ownerId:839735782 - pos <5477.969238, 7.706939, 8608.755859> - islocked:true - password:1051997) initialized
6-0-57 | M3S Covered (ownerId:965259563 - pos <5465.726563, 7.868556, 8577.350586> - islocked:true - password:72524299) initialized
6-0-57 | Ada 4x4 (ownerId:419387242 - pos <5608.952637, 28.855570, 5349.512207> - islocked:true - password:8995862) initialized
6-0-57 | M3S Covered (ownerId:108250772 - pos <5656.405762, 28.701447, 5426.495605> - islocked:true - password:12345678) initialized
6-0-57 | UH-60 Blackhawk - blackblackhawk (ownerId:195214598 - pos <3224.051514, 7.616046, 1721.944336> - islocked:true - password:52528989) initialized
6-0-57 | Land Rover Defender 110 Red (ownerId:132652049 - pos <4264.954590, 2.625454, 2514.104980> - islocked:true - password:9031783) initialized
