Creation Time: 2023_4_2-18-0-56
18-0-56 | Olga 24 (ownerId:980466132 - pos <10140.524414, 21.897110, 10828.089844> - islocked:false - password:22392239) initialized
18-0-56 | UH-60 Blackhawk - Woodland (ownerId:85319837 - pos <3985.976318, 16.854143, 3474.663818> - islocked:true - password:1111110) initialized
18-0-56 | Gunter 2 (ownerId:85319837 - pos <3966.461670, 16.286638, 3460.304443> - islocked:true - password:1111110) initialized
18-0-56 | Olga 24 (ownerId:88929178 - pos <5836.192871, 6.478721, 14926.307617> - islocked:true - password:371400) initialized
18-0-56 | MH-6M Little Bird - Desert (ownerId:62166080 - pos <875.138977, 8.632628, 15470.831055> - islocked:true - password:22392239) initialized
18-0-56 | M3S Covered (ownerId:88929178 - pos <5022.957520, 11.811555, 9091.891602> - islocked:false - password:3070104) initialized
18-0-56 | Olga 24 (ownerId:85319837 - pos <5602.232422, 29.369398, 5348.996582> - islocked:false - password:1111110) initialized
18-0-56 | Robinson R22 Helicopter - Black (ownerId:980466132 - pos <7344.014160, 101.076492, 6034.531250> - islocked:true - password:22392239) initialized
18-0-56 | Robinson R22 Helicopter - Black (ownerId:108250772 - pos <8696.025391, 2.231342, 5545.102539> - islocked:false - password:14789632) initialized
18-0-56 | Sarka 120 (ownerId:980466132 - pos <1681.711792, 3.965271, 11300.088867> - islocked:true - password:22392239) initialized
18-0-56 | Sarka 120 (ownerId:31876567 - pos <5584.539063, 7.746407, 1116.710083> - islocked:true - password:18675309) initialized
18-0-56 | Olga 24 (ownerId:980466132 - pos <6798.847168, 39.125179, 1803.310913> - islocked:true - password:22392239) initialized
18-0-56 | M3S Covered (ownerId:62166080 - pos <6796.678223, 39.129292, 1808.976685> - islocked:true - password:22392239) initialized
18-0-56 | Sarka 120 (ownerId:62166080 - pos <6798.696289, 39.114105, 1806.071899> - islocked:true - password:22392239) initialized
18-0-56 | Robinson R22 Helicopter - Red (ownerId:980466132 - pos <6790.104004, 53.509369, 1834.751831> - islocked:true - password:22392239) initialized
19-59-25 | Sarka 120 (ownerId:31876567 - pos <6157.518555, 7.870519, 13408.299805> - islocked:false - password:18675309) has been deleted
20-0-1 | Sarka 120 (ownerId:31876567 - pos <6156.557617, 6.600000, 13405.626953> - islocked:true - password:18675309) new car claimed
20-0-1 | Sarka 120 (ownerId:31876567 - pos <6156.557617, 6.313118, 13405.626953> - islocked:true - password:18675309) initialized
20-28-39 | Sarka 120 (ownerId:31876567 - pos <5671.510254, 29.270132, 5433.442871> - islocked:false - password:18675309) has been deleted
21-0-45 | Sarka 120 (ownerId:31876567 - pos <5648.942383, 29.009998, 5418.032715> - islocked:true - password:18675309) new car claimed
21-0-45 | Sarka 120 (ownerId:31876567 - pos <5648.942383, 28.709999, 5418.032715> - islocked:true - password:18675309) initialized
21-11-54 | Sarka 120 (ownerId:31876567 - pos <2998.913330, 19.412678, 8978.017578> - islocked:false - password:18675309) has been deleted
