Creation Time: 2023_4_9-17-28-31
17-28-31 | M3S Covered (ownerId:88929178 - pos <13264.672852, 9.351859, 4688.324219> - islocked:false - password:3070104) initialized
17-28-31 | Robinson R22 Helicopter (ownerId:940915030 - pos <9512.575195, 102.761208, 3733.148193> - islocked:true - password:11853737) initialized
17-28-31 | Sarka 120 (ownerId:940915030 - pos <9511.229492, 102.703018, 3751.685303> - islocked:true - password:11853737) initialized
17-28-31 | Sarka 120 (ownerId:980466132 - pos <10094.632813, 21.791210, 10858.726563> - islocked:true - password:22392239) initialized
17-28-31 | Ada 4x4 (ownerId:980466132 - pos <6795.208496, 39.192169, 1804.182861> - islocked:true - password:22392239) initialized
17-28-31 | Sarka 120 (ownerId:62166080 - pos <6800.768066, 39.113419, 1806.384155> - islocked:true - password:22392239) initialized
17-28-31 | M3S Covered (ownerId:62166080 - pos <6796.269531, 39.129272, 1809.292969> - islocked:true - password:22392239) initialized
17-28-31 | Robinson R22 Helicopter - Black (ownerId:980466132 - pos <6784.155762, 53.509373, 1837.173340> - islocked:true - password:22392239) initialized
17-28-31 | UH-60 Blackhawk Cargo (ownerId:980466132 - pos <6772.554688, 54.690872, 1850.049561> - islocked:true - password:22392239) initialized
17-28-31 | UH-60 Blackhawk - Woodland (ownerId:85319837 - pos <3985.975586, 16.854155, 3474.664307> - islocked:true - password:1111110) initialized
17-28-31 | Sarka 120 (ownerId:67657702 - pos <5909.882813, 1.378685, 8396.435547> - islocked:true - password:19944991) initialized
17-28-31 | Robinson R22 Helicopter - Black (ownerId:108250772 - pos <8696.025391, 2.231339, 5545.102539> - islocked:false - password:14789632) initialized
17-28-31 | Olga 24 (ownerId:195214598 - pos <5644.630859, 28.416805, 5433.709961> - islocked:true - password:52898989) initialized
17-28-31 | Robinson R22 Helicopter - Black (ownerId:108250772 - pos <5674.999023, 29.361204, 5389.423340> - islocked:true - password:12345678) initialized
17-28-31 | Gunter 2 (ownerId:85319837 - pos <5599.254395, 28.802828, 5346.795898> - islocked:true - password:1111110) initialized
17-28-31 | Olga 24 (ownerId:62166080 - pos <5655.339844, 28.697771, 5393.188965> - islocked:true - password:22392239) initialized
17-28-31 | M3S Covered (ownerId:67657702 - pos <5519.386719, 11.273409, 6204.594727> - islocked:true - password:19944991) initialized
17-28-31 | Robinson R22 Helicopter - Red (ownerId:980466132 - pos <7344.974609, 101.225517, 6038.467773> - islocked:true - password:22392239) initialized
17-28-31 | MH-6M Little Bird - Desert (ownerId:62166080 - pos <11314.998047, 1.719811, 10937.503906> - islocked:false - password:22392239) initialized
