Creation Time: 2023_7_15-0-0-51
0-0-51 | Robinson R22 Helicopter - Black (ownerId:88929178 - pos <13672.812500, 13.591206, 9993.557617> - islocked:true - password:78932100) initialized
0-0-51 | Bell 429 Helicopter - Police (ownerId:60592768 - pos <3263.529541, 3.795399, 1743.062744> - islocked:true - password:13121312) initialized
0-0-51 | UAZ 3909 Police (ownerId:60592768 - pos <3246.048828, 3.497939, 1742.331543> - islocked:true - password:13121312) initialized
0-0-51 | STR_Camaro_Nest_name (ownerId:60592768 - pos <3255.559814, 3.116041, 1744.131836> - islocked:true - password:13121312) initialized
0-0-51 | Offroad Range Rover police  (ownerId:60592768 - pos <3250.147949, 3.228037, 1743.295410> - islocked:true - password:13121312) initialized
0-0-51 | Gunter 2 (ownerId:218588421 - pos <3805.959229, 7.085978, 5910.346680> - islocked:true - password:3081984) initialized
0-0-51 | UAZ 3909 Beige (ownerId:795695470 - pos <5659.827637, 29.497898, 5419.420898> - islocked:true - password:8031991) initialized
0-0-51 | Ada 4x4 (ownerId:442990275 - pos <5664.242676, 33.550526, 5255.815430> - islocked:true - password:42014201) initialized
0-0-51 | STR_EGER_GreenCamo_name (ownerId:523991778 - pos <5898.611328, 37.097977, 5221.808105> - islocked:false - password:22392239) initialized
0-0-51 | Ada 4x4 (ownerId:523991778 - pos <5904.844727, 36.653458, 5221.790039> - islocked:true - password:22392239) initialized
0-0-51 | Sarka 120 (ownerId:119311623 - pos <3608.630127, 14.579643, 8161.249512> - islocked:true - password:7101993) initialized
0-0-51 | M3S Covered (ownerId:442990275 - pos <5671.327637, 33.618820, 5274.517578> - islocked:true - password:42014201) initialized
0-0-51 | Audi RS6 (ownerId:442990275 - pos <5675.037109, 33.200256, 5273.433105> - islocked:true - password:37579090) initialized
0-0-51 | ToyotaHilux rust (ownerId:442990275 - pos <6911.283203, 3.491205, 1514.331299> - islocked:true - password:42014201) initialized
0-0-51 | UH-60 Blackhawk - blackblackhawk (ownerId:88929178 - pos <4447.078613, 8.357947, 4588.246582> - islocked:true - password:371400) initialized
0-0-51 | STR_SCOUT_snik2_name (ownerId:88929178 - pos <4423.238770, 6.837573, 4608.474609> - islocked:true - password:371400) initialized
0-0-51 | Nissan warrior Camo (ownerId:48698262 - pos <2975.794922, 9.584817, 6059.804688> - islocked:true - password:48151623) initialized
0-0-51 | Gunter 2 (ownerId:48698262 - pos <2971.481689, 10.157750, 6069.834473> - islocked:true - password:48151623) initialized
0-0-51 | Sarka 120 (ownerId:132652049 - pos <5035.536133, 12.430243, 9082.862305> - islocked:true - password:9021997) initialized
0-7-21 | Bell 429 Helicopter - Police (ownerId:60592768 - pos <3263.514404, 2.768764, 1743.133545> - islocked:true - password:13121312) has been deleted
0-43-7 | Robinson R22 Helicopter (ownerId:197257182 - pos <1991.403442, 44.436047, 9023.503906> - islocked:true - password:48151623) new car claimed
0-47-33 | Robinson R22 Helicopter (ownerId:197257182 - pos <1991.403442, 44.436047, 9023.503906> - islocked:false - password:48151623) has been deleted
1-8-45 | STR_EGER_GreenCamo_name (ownerId:197257182 - pos <5604.794922, 28.719870, 5355.701172> - islocked:true - password:48151623) new car claimed
2-15-1 | UH-60 Blackhawk - blackblackhawk (ownerId:88929178 - pos <13590.844727, 13.015450, 9644.653320> - islocked:false - password:371400) has been deleted
3-0-42 | UH-60 Blackhawk - blackblackhawk (ownerId:88929178 - pos <4429.407227, 11.482205, 4607.969238> - islocked:true - password:371400) new car claimed
3-0-42 | UH-60 Blackhawk - blackblackhawk (ownerId:88929178 - pos <4429.407227, 11.482205, 4607.969238> - islocked:true - password:371400) initialized
3-4-17 | ToyotaHilux rust (ownerId:442990275 - pos <5669.682129, 32.830677, 5276.303223> - islocked:false - password:42014201) has been deleted
3-6-35 | STR_SCOUT_snik2_name (ownerId:442990275 - pos <5610.687012, 28.748537, 5354.634277> - islocked:true - password:37579090) new car claimed
4-43-26 | Robinson R22 Helicopter - Red (ownerId:197257182 - pos <6394.443848, 83.997559, 14897.469727> - islocked:true - password:48151623) new car claimed
4-53-2 | Robinson R22 Helicopter - Red (ownerId:197257182 - pos <6395.858887, 83.890999, 14897.555664> - islocked:true - password:48151623) has been deleted
