Creation Time: 2023_7_28-18-0-56
18-0-56 | Offroad Range Rover Yellow  (ownerId:103808025 - pos <7264.238281, 602.155823, 11730.521484> - islocked:true - password:55677777) initialized
18-0-56 | Olga 24 (ownerId:40055959 - pos <8923.684570, 5.862734, 10450.664063> - islocked:false - password:19711971) initialized
18-0-56 | UAZ469 (ownerId:40055959 - pos <8935.064453, 6.384639, 10443.116211> - islocked:true - password:19711971) initialized
18-0-56 | MH-6M Little Bird - Camo (ownerId:88929178 - pos <7720.086914, 13.613595, 6788.978516> - islocked:true - password:371400) initialized
18-0-56 | Toyota Land Cruiser 200 Camo2  (ownerId:88929178 - pos <7728.019531, 6.374508, 6790.578613> - islocked:true - password:371400) initialized
18-0-56 | Mercedes-Benz W140 Blue (ownerId:88929178 - pos <7725.359375, 6.166998, 6795.729980> - islocked:true - password:371400) initialized
18-0-56 | STR_Camaro_Veter_name (ownerId:88929178 - pos <7719.934082, 6.170796, 6786.017090> - islocked:true - password:371400) initialized
18-0-56 | Velociraptor6x6 Camo2  (ownerId:262549311 - pos <7894.809082, 3.571527, 5949.445801> - islocked:true - password:24680000) initialized
18-0-56 | Sarka 120 (ownerId:40055959 - pos <8110.993164, 17.304926, 2226.462158> - islocked:true - password:19711971) initialized
18-0-56 | Toyota Land Cruiser 200 Camo2  (ownerId:24259541 - pos <7853.908203, 3.342314, 3840.549316> - islocked:true - password:17500720) initialized
18-0-56 | MH-6M Little Bird - Camo (ownerId:523450192 - pos <6468.672363, 36.179047, 8411.450195> - islocked:true - password:22392239) initialized
18-0-56 | STR_EGER_GreenCamo_name (ownerId:523991778 - pos <6472.811523, 26.201227, 8385.201172> - islocked:true - password:22392239) initialized
18-0-56 | Gelenvagen white_camo2 (ownerId:523450192 - pos <6477.895508, 26.239647, 8387.335938> - islocked:true - password:22392239) initialized
18-0-56 | MH-6M Little Bird (ownerId:442990275 - pos <1986.142456, 45.808220, 9025.955078> - islocked:true - password:37579090) initialized
18-0-56 | MH-6M Little Bird (ownerId:17954802 - pos <5601.132813, 30.001434, 5386.094727> - islocked:true - password:20090909) initialized
18-0-56 | UH-60 Blackhawk Cargo (ownerId:119248354 - pos <2000.013428, 45.147614, 9025.759766> - islocked:false - password:11082007) initialized
18-0-56 | MH-6M Little Bird - Camo (ownerId:132652049 - pos <1992.480225, 45.808266, 9015.593750> - islocked:true - password:9021997) initialized
18-0-56 | BMW (ownerId:442990275 - pos <1991.420410, 10.028566, 9032.136719> - islocked:true - password:42014201) initialized
18-0-56 | HAMMER_H1 (ownerId:965259563 - pos <1962.524780, 9.924917, 9065.128906> - islocked:true - password:54146888) initialized
18-0-56 | Olga 24 (ownerId:327529037 - pos <5612.704590, 29.340771, 5348.395020> - islocked:true - password:29292900) initialized
18-0-56 | MUSTANG Red (ownerId:369601190 - pos <5642.527344, 29.281754, 5372.687500> - islocked:true - password:42069420) initialized
18-0-56 | Opel Astra Chrome (ownerId:127107249 - pos <5656.928223, 28.954721, 5382.027832> - islocked:true - password:12186270) initialized
18-0-56 | Gunter 2 (ownerId:48698262 - pos <5640.998535, 28.937208, 5323.089844> - islocked:true - password:48151623) initialized
18-0-56 | LUAZ 969 red (ownerId:405166905 - pos <5645.634277, 28.382938, 5434.257324> - islocked:true - password:11111111) initialized
18-0-56 | UH-60 Blackhawk - blackblackhawk (ownerId:447071218 - pos <2579.734863, 2.475773, 8004.299805> - islocked:false - password:15148636) initialized
18-0-56 | UAZ_2315 (ownerId:17954802 - pos <3775.150635, 6.441526, 2587.483887> - islocked:true - password:20090909) initialized
18-0-56 | ToyotaHilux White (ownerId:511479797 - pos <2001.150146, 9.921196, 8911.298828> - islocked:true - password:27181500) initialized
18-0-56 | LUAZ 969 (ownerId:75086644 - pos <2135.371582, 14.966348, 9181.180664> - islocked:true - password:10182009) initialized
18-0-56 | BMW X5 White  (ownerId:407766611 - pos <6061.447266, 12.869502, 4955.029297> - islocked:true - password:80081355) initialized
18-0-56 | Olga 24 (ownerId:407766611 - pos <6037.346191, 13.055586, 4954.377930> - islocked:true - password:80081355) initialized
18-0-56 | BMW black (ownerId:407766611 - pos <6045.813965, 12.806607, 4956.924316> - islocked:true - password:80081355) initialized
18-0-56 | BMW lightgreen (ownerId:407766611 - pos <6050.001953, 12.794463, 4957.398438> - islocked:true - password:80081355) initialized
18-0-56 | Gelenvagen carbon (ownerId:407766611 - pos <5987.045410, 14.379902, 4969.809570> - islocked:true - password:80081355) initialized
18-0-56 | Velociraptor6x6 Camo2  (ownerId:407766611 - pos <5983.995117, 14.216503, 4965.223145> - islocked:true - password:80081355) initialized
18-0-56 | Velociraptor6x6 Camo (ownerId:407766611 - pos <5977.549316, 14.299562, 4972.379395> - islocked:true - password:80081355) initialized
18-0-56 | STR_Camaro_Sibirs_name (ownerId:407766611 - pos <5983.155762, 13.828475, 4983.387207> - islocked:true - password:55555552) initialized
18-0-56 | Chevrolet Corvette (ownerId:407766611 - pos <6000.451172, 13.610803, 4982.084473> - islocked:true - password:55252252) initialized
18-0-56 | MUSTANG white (ownerId:407766611 - pos <5999.725098, 14.013292, 4970.766113> - islocked:true - password:55252252) initialized
18-0-56 | UAZ 3909 Beige (ownerId:795695470 - pos <5468.091309, 15.597906, 4924.885742> - islocked:true - password:8031991) initialized
18-0-56 | Ada 4x4 (ownerId:369601190 - pos <5474.475098, 15.605610, 4931.196289> - islocked:true - password:42014201) initialized
18-0-56 | Robinson R22 Helicopter - Black (ownerId:521855408 - pos <6062.774902, 32.809994, 5259.116211> - islocked:true - password:9102021) initialized
18-0-56 | Jeep Wrangler Camo (ownerId:526094573 - pos <5695.989746, 31.555840, 5231.927246> - islocked:true - password:11025255) initialized
18-0-56 | Offroad Range Rover police  (ownerId:60592768 - pos <3241.604736, 3.228037, 1721.981323> - islocked:true - password:13121312) initialized
18-0-56 | UAZ 3909 Police (ownerId:60592768 - pos <3231.801758, 3.497940, 1732.127441> - islocked:true - password:13121312) initialized
18-0-56 | STR_Camaro_Nest_name (ownerId:60592768 - pos <3246.727539, 3.116042, 1751.048218> - islocked:true - password:13121312) initialized
18-0-56 | Olga 24 (ownerId:511479797 - pos <1755.022705, 9.788730, 8921.340820> - islocked:true - password:27181500) initialized
18-0-56 | MH-6M Little Bird - Camo (ownerId:447071218 - pos <1717.322021, 16.677444, 8908.462891> - islocked:true - password:15148636) initialized
18-0-56 | UH-60 Blackhawk - Budhawk (ownerId:511479797 - pos <1739.607422, 20.607357, 8910.564453> - islocked:true - password:27181500) initialized
18-0-56 | Robinson R22 Helicopter - Black (ownerId:197257182 - pos <3941.461914, 35.978527, 4819.106445> - islocked:true - password:48151623) initialized
18-0-56 | MH-6M Little Bird - Camo (ownerId:197257182 - pos <3949.710449, 36.709953, 4814.644531> - islocked:true - password:48151623) initialized
18-0-56 |  Novator Flecktarn (ownerId:93344906 - pos <3979.690430, 25.744307, 4838.463379> - islocked:true - password:29292900) initialized
18-0-56 | STR_EGER_GreenCamo_name (ownerId:197257182 - pos <3979.535156, 25.917404, 4834.986328> - islocked:true - password:48151623) initialized
18-0-56 | Oshkosh (ownerId:197257182 - pos <3969.650635, 25.848602, 4840.182617> - islocked:true - password:48151623) initialized
18-0-56 | Gaz 71 Black (ownerId:119248354 - pos <3961.811279, 25.741274, 4838.065918> - islocked:false - password:11082007) initialized
18-0-56 | MOSKVICH 2140 (ownerId:882346394 - pos <6661.078613, 15.562317, 6320.574219> - islocked:true - password:42091103) initialized
18-0-56 | Gunter 2 (ownerId:218588421 - pos <3805.905762, 6.893512, 5906.632813> - islocked:true - password:3081984) initialized
18-0-56 | BMW X5 Black (ownerId:215888376 - pos <4249.638672, 21.092596, 7297.039551> - islocked:true - password:7101993) initialized
18-0-56 | Toyota Land Cruiser 200 Camo (ownerId:119311623 - pos <4246.873535, 21.187654, 7294.259766> - islocked:true - password:7101993) initialized
18-0-56 | Nissan warrior Camo (ownerId:119311623 - pos <4251.784668, 21.283245, 7299.261230> - islocked:true - password:7101993) initialized
18-0-56 | Oshkosh grey (ownerId:64819467 - pos <4245.043457, 21.536226, 7274.150879> - islocked:true - password:7101993) initialized
19-22-12 | UAZ HUNTER (ownerId:447071218 - pos <1735.569214, 9.632821, 8914.788086> - islocked:true - password:15148636) new car claimed
19-22-12 | UAZ HUNTER (ownerId:447071218 - pos <1735.569214, 9.632821, 8914.788086> - islocked:true - password:15148636) initialized
19-53-16 | UAZ HUNTER (ownerId:447071218 - pos <1735.570923, 9.320235, 8914.797852> - islocked:true - password:15148636) has been deleted
20-1-32 | MH-6M Little Bird (ownerId:17954802 - pos <5589.896973, 30.183226, 5320.867188> - islocked:false - password:20090909) has been deleted
20-8-39 | MH-6M Little Bird (ownerId:17954802 - pos <5599.478516, 29.009998, 5385.427246> - islocked:true - password:20090909) new car claimed
20-8-39 | MH-6M Little Bird (ownerId:17954802 - pos <5599.478516, 29.010000, 5385.427246> - islocked:true - password:20090909) initialized
22-25-54 | Gelenvagen white_camo2 (ownerId:523450192 - pos <6478.057617, 25.303843, 8387.012695> - islocked:true - password:22392239) has been deleted
22-27-13 | MH-6M Little Bird - Camo (ownerId:523450192 - pos <6470.912598, 34.817177, 8414.366211> - islocked:true - password:22392239) has been deleted
23-52-8 | Robinson R22 Helicopter - Black (ownerId:197257182 - pos <3941.500488, 35.380764, 4819.351074> - islocked:false - password:48151623) has been deleted
23-53-47 | HAMMER_H1 (ownerId:965259563 - pos <1969.694092, 9.230350, 9025.695313> - islocked:false - password:54146888) has been deleted
