Creation Time: 2023_7_27-18-0-56
18-0-56 | Offroad Range Rover Yellow  (ownerId:103808025 - pos <7264.238281, 602.155884, 11730.521484> - islocked:true - password:55677777) initialized
18-0-56 | UAZ469 (ownerId:40055959 - pos <8935.064453, 6.384639, 10443.116211> - islocked:true - password:19711971) initialized
18-0-56 | Olga 24 (ownerId:40055959 - pos <8923.685547, 5.862727, 10450.655273> - islocked:true - password:19711971) initialized
18-0-56 | MH-6M Little Bird - Camo (ownerId:523450192 - pos <6472.839355, 36.179016, 8414.653320> - islocked:true - password:22392239) initialized
18-0-56 | Toyota Land Cruiser 200 Camo2  (ownerId:24259541 - pos <7853.908203, 3.342319, 3840.549316> - islocked:true - password:17500720) initialized
18-0-56 | Mercedes-Benz W140 Blue (ownerId:88929178 - pos <7725.359863, 6.166997, 6795.729980> - islocked:true - password:371400) initialized
18-0-56 | Toyota Land Cruiser 200 Camo2  (ownerId:88929178 - pos <7728.019043, 6.374510, 6790.578613> - islocked:true - password:371400) initialized
18-0-56 | STR_Camaro_Veter_name (ownerId:88929178 - pos <7719.932617, 6.170792, 6786.017090> - islocked:true - password:371400) initialized
18-0-56 | MH-6M Little Bird - Camo (ownerId:88929178 - pos <7720.086914, 13.613594, 6788.978516> - islocked:true - password:371400) initialized
18-0-56 | Velociraptor6x6 Camo2  (ownerId:262549311 - pos <7894.809082, 3.571527, 5949.445313> - islocked:true - password:24680000) initialized
18-0-56 | Toyota Land Cruiser 200 Camo (ownerId:119311623 - pos <4246.872559, 21.187653, 7294.258789> - islocked:true - password:7101993) initialized
18-0-56 | BMW X5 Black (ownerId:215888376 - pos <4249.638672, 21.092596, 7297.039551> - islocked:true - password:7101993) initialized
18-0-56 | Oshkosh grey (ownerId:64819467 - pos <4245.043457, 21.536226, 7274.150391> - islocked:true - password:7101993) initialized
18-0-56 | Gunter 2 (ownerId:218588421 - pos <3805.893555, 6.893570, 5906.622070> - islocked:true - password:3081984) initialized
18-0-56 |  Novator Flecktarn (ownerId:93344906 - pos <3981.621094, 25.744305, 4838.099609> - islocked:false - password:29292900) initialized
18-0-56 | STR_EGER_GreenCamo_name (ownerId:197257182 - pos <3979.177734, 25.917406, 4835.044434> - islocked:true - password:48151623) initialized
18-0-56 | Olga 24 (ownerId:327529037 - pos <3979.342041, 25.518742, 4831.332031> - islocked:true - password:29292900) initialized
18-0-56 | Oshkosh (ownerId:197257182 - pos <3969.649902, 25.848604, 4840.184082> - islocked:true - password:48151623) initialized
18-0-56 | Gaz 71 Black (ownerId:119248354 - pos <3961.894775, 25.741270, 4837.951660> - islocked:false - password:11082007) initialized
18-0-56 | MH-6M Little Bird - Camo (ownerId:197257182 - pos <3949.710449, 36.709942, 4814.644531> - islocked:true - password:48151623) initialized
18-0-56 | Robinson R22 Helicopter - Black (ownerId:197257182 - pos <3941.461914, 35.978527, 4819.106445> - islocked:true - password:48151623) initialized
18-0-56 | LUAZ 969 red (ownerId:405166905 - pos <4802.159668, 18.572527, 7577.117676> - islocked:true - password:11111111) initialized
18-0-56 | Nissan warrior Camo (ownerId:119311623 - pos <4196.302246, 10.871530, 6278.553711> - islocked:false - password:7101993) initialized
18-0-56 | Sarka 120 (ownerId:89279995 - pos <3775.936523, 6.440424, 2592.876221> - islocked:true - password:20090909) initialized
18-0-56 | MH-6M Little Bird (ownerId:89279995 - pos <3789.361084, 19.067051, 2582.579590> - islocked:true - password:20090909) initialized
18-0-56 | UAZ_2315 (ownerId:17954802 - pos <3807.550049, 6.054843, 2589.866211> - islocked:true - password:20090909) initialized
18-0-56 | UAZ HUNTER (ownerId:447071218 - pos <1761.510620, 9.874902, 8941.977539> - islocked:true - password:15148636) initialized
18-0-56 | ToyotaHilux White (ownerId:511479797 - pos <1758.814453, 9.921203, 8917.701172> - islocked:true - password:27181500) initialized
18-0-56 | Olga 24 (ownerId:511479797 - pos <1755.018311, 9.788716, 8921.340820> - islocked:true - password:27181500) initialized
18-0-56 | UH-60 Blackhawk - Budhawk (ownerId:511479797 - pos <1739.394409, 20.607357, 8910.640625> - islocked:true - password:27181500) initialized
18-0-56 | MH-6M Little Bird - Camo (ownerId:447071218 - pos <1726.892578, 21.221226, 8891.552734> - islocked:true - password:15148636) initialized
18-0-56 | Robinson R22 Helicopter - Black (ownerId:521855408 - pos <6062.774414, 32.809990, 5259.116211> - islocked:true - password:9102021) initialized
18-0-56 | STR_Camaro_Nest_name (ownerId:60592768 - pos <3246.332764, 3.116042, 1751.297729> - islocked:true - password:13121312) initialized
18-0-56 | UAZ 3909 Police (ownerId:60592768 - pos <3231.893311, 3.497945, 1731.677246> - islocked:true - password:13121312) initialized
18-0-56 | Offroad Range Rover police  (ownerId:60592768 - pos <3240.920898, 3.228037, 1718.943604> - islocked:true - password:13121312) initialized
18-0-56 | MOSKVICH 2140 (ownerId:882346394 - pos <6661.078613, 15.562305, 6320.574219> - islocked:true - password:42091103) initialized
18-0-56 | BMW X5 White  (ownerId:407766611 - pos <6061.447266, 12.869501, 4955.029297> - islocked:true - password:80081355) initialized
18-0-56 | BMW lightgreen (ownerId:407766611 - pos <6050.001953, 12.794443, 4957.398438> - islocked:true - password:80081355) initialized
18-0-56 | BMW black (ownerId:407766611 - pos <6045.813965, 12.806580, 4956.925293> - islocked:true - password:80081355) initialized
18-0-56 | Olga 24 (ownerId:407766611 - pos <6037.346191, 13.055586, 4954.377930> - islocked:true - password:80081355) initialized
18-0-56 | Chevrolet Corvette (ownerId:407766611 - pos <6000.451172, 13.610811, 4982.084473> - islocked:true - password:55252252) initialized
18-0-56 | MUSTANG white (ownerId:407766611 - pos <5999.725098, 14.013290, 4970.766113> - islocked:true - password:55252252) initialized
18-0-56 | Gelenvagen carbon (ownerId:407766611 - pos <5987.045410, 14.379902, 4969.809570> - islocked:true - password:80081355) initialized
18-0-56 | Velociraptor6x6 Camo2  (ownerId:407766611 - pos <5983.995117, 14.216503, 4965.222656> - islocked:true - password:80081355) initialized
18-0-56 | STR_Camaro_Sibirs_name (ownerId:407766611 - pos <5983.155762, 13.828933, 4983.387695> - islocked:true - password:55555552) initialized
18-0-56 | Velociraptor6x6 Camo (ownerId:407766611 - pos <5977.549316, 14.299564, 4972.379395> - islocked:true - password:80081355) initialized
18-0-56 | Jeep Wrangler Camo (ownerId:526094573 - pos <5695.989746, 31.555717, 5231.927246> - islocked:true - password:11025255) initialized
18-0-56 | Opel Astra Chrome (ownerId:127107249 - pos <5656.833008, 28.954973, 5381.956055> - islocked:true - password:12186270) initialized
18-0-56 | Gunter 2 (ownerId:48698262 - pos <5641.045898, 28.943892, 5322.933105> - islocked:true - password:48151623) initialized
18-0-56 | Ada 4x4 (ownerId:369601190 - pos <5474.475098, 15.605697, 4931.196289> - islocked:true - password:42014201) initialized
18-0-56 | UAZ 3909 Beige (ownerId:795695470 - pos <5468.091309, 15.597880, 4924.884766> - islocked:true - password:8031991) initialized
18-0-56 | Mercedes-Benz W140 gold (ownerId:369601190 - pos <5444.342773, 15.182719, 4917.408691> - islocked:true - password:80081355) initialized
18-0-56 | LUAZ 969 (ownerId:75086644 - pos <2135.371582, 14.966347, 9181.180664> - islocked:true - password:10182009) initialized
18-0-56 | MH-6M Little Bird - Camo (ownerId:132652049 - pos <1992.334473, 45.808277, 9015.568359> - islocked:true - password:9021997) initialized
18-0-56 | UH-60 Blackhawk Cargo (ownerId:119248354 - pos <2000.015991, 45.147614, 9025.759766> - islocked:false - password:11082007) initialized
18-0-56 | MH-6M Little Bird (ownerId:442990275 - pos <1987.986328, 45.786190, 9018.291016> - islocked:true - password:37579090) initialized
18-0-56 | BMW (ownerId:442990275 - pos <1991.422485, 10.028554, 9032.136719> - islocked:true - password:42014201) initialized
18-0-56 | HAMMER_H1 (ownerId:965259563 - pos <1962.524780, 9.924916, 9065.128906> - islocked:true - password:54146888) initialized
18-0-56 | STR_EGER_GreenCamo_name (ownerId:523991778 - pos <5897.923828, 37.049297, 5224.135742> - islocked:true - password:22392239) initialized
18-0-56 | Gelenvagen white_camo2 (ownerId:523450192 - pos <5894.025879, 36.782482, 5222.446777> - islocked:true - password:22392239) initialized
18-9-46 | Olga 24 (ownerId:510682810 - pos <5959.967285, 37.078991, 5220.831543> - islocked:true - password:55965596) new car claimed
19-27-25 | MH-6M Little Bird (ownerId:89279995 - pos <3790.195068, 17.700115, 2582.440430> - islocked:true - password:20090909) has been deleted
19-27-47 | MH-6M Little Bird (ownerId:17954802 - pos <3789.583984, 18.071730, 2582.152344> - islocked:true - password:20090909) new car claimed
19-27-47 | MH-6M Little Bird (ownerId:17954802 - pos <3789.583984, 18.064791, 2582.152344> - islocked:true - password:20090909) initialized
20-27-45 | MH-6M Little Bird - Camo (ownerId:523450192 - pos <5887.556641, 40.486645, 5225.854492> - islocked:true - password:22392239) has been deleted
20-57-41 | MH-6M Little Bird - Camo (ownerId:523450192 - pos <6468.645508, 35.199890, 8411.453125> - islocked:true - password:22392239) new car claimed
20-57-41 | MH-6M Little Bird - Camo (ownerId:523450192 - pos <6468.645508, 35.193096, 8411.453125> - islocked:true - password:22392239) initialized
21-34-15 | MH-6M Little Bird (ownerId:442990275 - pos <1983.751465, 44.441479, 9022.046875> - islocked:false - password:37579090) has been deleted
21-51-12 | AH-64 Apache Longbow (ownerId:442990275 - pos <1986.772339, 44.682610, 9022.667969> - islocked:true - password:37579090) new car claimed
21-51-12 | AH-64 Apache Longbow (ownerId:442990275 - pos <1986.772339, 44.682610, 9022.667969> - islocked:true - password:37579090) initialized
21-54-54 | AH-64 Apache Longbow (ownerId:442990275 - pos <1765.831421, 9.224881, 8924.589844> - islocked:false - password:37579090) has been deleted
21-55-40 | MH-6M Little Bird (ownerId:442990275 - pos <1763.831909, 9.490050, 8928.496094> - islocked:true - password:37579090) new car claimed
21-55-40 | MH-6M Little Bird (ownerId:442990275 - pos <1763.831909, 9.490059, 8928.496094> - islocked:true - password:37579090) initialized
21-56-52 | Sarka 120 (ownerId:89279995 - pos <3775.776855, 5.815292, 2592.881104> - islocked:false - password:20090909) has been deleted
22-1-11 | Sarka 120 (ownerId:89279995 - pos <7801.853516, 10.740126, 4206.611328> - islocked:true - password:20090909) new car claimed
22-1-11 | Sarka 120 (ownerId:89279995 - pos <7801.853516, 10.740126, 4206.611328> - islocked:true - password:20090909) initialized
22-24-51 | AH-64 Apache Longbow (ownerId:442990275 - pos <1764.515869, 9.490001, 8930.575195> - islocked:true - password:37579090) new car claimed
22-24-51 | AH-64 Apache Longbow (ownerId:442990275 - pos <1764.515869, 9.490001, 8930.575195> - islocked:true - password:37579090) initialized
22-26-55 | AH-64 Apache Longbow (ownerId:442990275 - pos <1738.856079, 19.883875, 8898.831055> - islocked:false - password:37579090) has been deleted
22-34-50 | Sarka 120 (ownerId:89279995 - pos <9725.954102, 6.073118, 4313.715332> - islocked:false - password:20090909) has been deleted
22-35-8 | Sarka 120 (ownerId:17954802 - pos <9729.153320, 6.354962, 4309.445313> - islocked:true - password:20090909) new car claimed
22-35-8 | Sarka 120 (ownerId:17954802 - pos <9729.153320, 6.354962, 4309.445313> - islocked:true - password:20090909) initialized
22-45-33 | Sarka 120 (ownerId:17954802 - pos <9657.494141, 6.764866, 4360.133301> - islocked:false - password:20090909) has been deleted
22-46-6 | Sarka 120 (ownerId:89279995 - pos <9647.989258, 6.209425, 4339.995117> - islocked:true - password:20090909) new car claimed
22-46-6 | Sarka 120 (ownerId:89279995 - pos <9647.989258, 6.209425, 4339.995117> - islocked:true - password:20090909) initialized
22-50-5 | Sarka 120 (ownerId:89279995 - pos <7799.456543, 10.747069, 4212.411133> - islocked:false - password:20090909) has been deleted
23-24-28 | Olga 24 (ownerId:510682810 - pos <5905.192383, 36.620689, 5220.477051> - islocked:false - password:55965596) has been deleted
23-27-52 | Olga 24 (ownerId:442990275 - pos <9996.442383, 15.439120, 11153.235352> - islocked:true - password:42014201) new car claimed
23-27-52 | Olga 24 (ownerId:442990275 - pos <9996.442383, 15.439120, 11153.235352> - islocked:true - password:42014201) initialized
23-28-0 | Olga 24 (ownerId:442990275 - pos <9999.546875, 15.520614, 11155.389648> - islocked:true - password:42014201) new car claimed
23-28-0 | Olga 24 (ownerId:442990275 - pos <9999.546875, 15.520614, 11155.389648> - islocked:true - password:42014201) initialized
23-28-11 | Olga 24 (ownerId:442990275 - pos <10001.834961, 15.591575, 11157.898438> - islocked:true - password:42014201) new car claimed
23-28-11 | Olga 24 (ownerId:442990275 - pos <10001.834961, 15.591575, 11157.898438> - islocked:true - password:42014201) initialized
23-28-21 | Olga 24 (ownerId:442990275 - pos <10004.733398, 15.671263, 11160.119141> - islocked:true - password:42014201) new car claimed
23-28-21 | Olga 24 (ownerId:442990275 - pos <10004.733398, 15.671263, 11160.119141> - islocked:true - password:42014201) initialized
23-28-31 | Olga 24 (ownerId:442990275 - pos <10006.478516, 15.742386, 11162.937500> - islocked:true - password:42014201) new car claimed
23-28-31 | Olga 24 (ownerId:442990275 - pos <10006.478516, 15.742386, 11162.937500> - islocked:true - password:42014201) initialized
23-29-11 | Boeing CH-47 Chinook Helicopter (ownerId:442990275 - pos <9996.614258, 15.640497, 11163.218750> - islocked:true - password:37579090) new car claimed
23-29-11 | Boeing CH-47 Chinook Helicopter (ownerId:442990275 - pos <9996.614258, 15.640512, 11163.218750> - islocked:true - password:37579090) initialized
23-29-41 | Chevrolet Corvette kamo (ownerId:442990275 - pos <10004.744141, 15.529678, 11152.485352> - islocked:true - password:37579090) new car claimed
23-29-41 | Chevrolet Corvette kamo (ownerId:442990275 - pos <10004.744141, 15.529678, 11152.485352> - islocked:true - password:37579090) initialized
23-30-30 | Boeing CH-47 Chinook Helicopter (ownerId:442990275 - pos <9996.609375, 15.331187, 11163.224609> - islocked:true - password:37579090) has been deleted
23-30-53 | Olga 24 (ownerId:442990275 - pos <10006.487305, 15.430337, 11162.936523> - islocked:true - password:42014201) has been deleted
23-31-12 | Olga 24 (ownerId:442990275 - pos <10004.745117, 15.359161, 11160.118164> - islocked:true - password:42014201) has been deleted
23-31-30 | Olga 24 (ownerId:442990275 - pos <10001.846680, 15.280502, 11157.893555> - islocked:true - password:42014201) has been deleted
23-31-49 | Olga 24 (ownerId:442990275 - pos <9999.573242, 15.208094, 11155.371094> - islocked:false - password:42014201) has been deleted
23-32-9 | Olga 24 (ownerId:442990275 - pos <9996.454102, 15.127348, 11153.229492> - islocked:false - password:42014201) has been deleted
23-32-31 | MH-6M Little Bird (ownerId:442990275 - pos <10011.196289, 15.620201, 11169.590820> - islocked:false - password:37579090) has been deleted
23-44-45 |  Novator Flecktarn (ownerId:93344906 - pos <3979.838623, 25.001944, 4838.487305> - islocked:false - password:-1) new car claimed
23-45-31 |  Novator Flecktarn (ownerId:93344906 - pos <3979.838623, 25.001944, 4838.487305> - islocked:true - password:29292900) new car claimed
23-57-44 | MH-6M Little Bird (ownerId:442990275 - pos <5635.632324, 28.914762, 5356.958496> - islocked:true - password:37579090) new car claimed
23-57-44 | MH-6M Little Bird (ownerId:442990275 - pos <5635.632324, 28.914762, 5356.958496> - islocked:true - password:37579090) initialized
