Creation Time: 2023_7_29-16-10-37
16-10-37 | MH-6M Little Bird - Camo (ownerId:197257182 - pos <3947.068848, 36.709949, 4814.137695> - islocked:true - password:48151623) initialized
16-10-37 | MH-6M Little Bird (ownerId:17954802 - pos <3790.502686, 19.067057, 2579.660889> - islocked:true - password:20090909) initialized
16-10-37 | Gaz 71 Black (ownerId:119248354 - pos <3962.043457, 25.741274, 4838.345215> - islocked:true - password:11082007) initialized
16-10-37 | Oshkosh (ownerId:197257182 - pos <3969.651367, 25.848602, 4840.182617> - islocked:true - password:48151623) initialized
16-10-37 | STR_EGER_GreenCamo_name (ownerId:197257182 - pos <3979.530762, 25.917406, 4834.992188> - islocked:true - password:48151623) initialized
16-10-37 |  Novator Flecktarn (ownerId:93344906 - pos <3982.683594, 25.738472, 4839.146484> - islocked:true - password:29292900) initialized
16-10-37 | UH-60 Blackhawk - blackblackhawk (ownerId:447071218 - pos <4424.074219, 29.601114, 7710.703613> - islocked:false - password:15148636) initialized
16-10-37 | MH-6M Little Bird (ownerId:442990275 - pos <4402.487793, 391.997223, 9520.177734> - islocked:false - password:37579090) initialized
16-10-37 | ToyotaHilux White (ownerId:511479797 - pos <4450.932129, 29.551195, 7703.619141> - islocked:false - password:27181500) initialized
16-10-37 | Gunter 2 (ownerId:218588421 - pos <3805.922363, 6.893579, 5906.647949> - islocked:true - password:3081984) initialized
16-10-37 | UAZ 3909 Beige (ownerId:795695470 - pos <5468.091309, 15.597901, 4924.887207> - islocked:true - password:8031991) initialized
16-10-37 | Ada 4x4 (ownerId:369601190 - pos <5474.475098, 15.605462, 4931.196289> - islocked:true - password:42014201) initialized
16-10-37 | Bell 429 Helicopter - Police (ownerId:407766611 - pos <5666.900391, 34.338631, 5238.553223> - islocked:true - password:78978978) initialized
16-10-37 | Bell 429 Helicopter - Medic (ownerId:407766611 - pos <5655.312988, 34.345139, 5248.177246> - islocked:true - password:78978978) initialized
16-10-37 | Jeep Wrangler Camo (ownerId:526094573 - pos <5657.599609, 33.231892, 5280.386230> - islocked:true - password:11025255) initialized
16-10-37 | Offroad Range Rover police  (ownerId:60592768 - pos <3237.812988, 3.228037, 1733.255127> - islocked:true - password:13121312) initialized
16-10-37 | STR_Camaro_Nest_name (ownerId:60592768 - pos <3246.728027, 3.116042, 1751.049072> - islocked:true - password:13121312) initialized
16-10-37 | UAZ 3909 Police (ownerId:60592768 - pos <3231.802002, 3.497944, 1732.128174> - islocked:true - password:13121312) initialized
16-10-37 | MOSKVICH 2140 (ownerId:882346394 - pos <6662.094727, 15.562314, 6318.888184> - islocked:true - password:42091103) initialized
16-10-37 | Toyota Land Cruiser 200 Camo (ownerId:119311623 - pos <4246.870117, 21.187653, 7294.256348> - islocked:true - password:7101993) initialized
16-10-37 | Oshkosh grey (ownerId:64819467 - pos <4245.043457, 21.536226, 7274.150391> - islocked:true - password:7101993) initialized
16-10-37 | Nissan warrior Camo (ownerId:119311623 - pos <4250.095215, 21.283245, 7297.645508> - islocked:true - password:7101993) initialized
16-10-37 | BMW X5 Black (ownerId:215888376 - pos <4251.848633, 21.092596, 7300.980469> - islocked:true - password:7101993) initialized
16-10-37 | Velociraptor6x6 Camo2  (ownerId:262549311 - pos <4549.414063, 22.735603, 8265.539063> - islocked:true - password:24680000) initialized
16-10-37 | Gunter 2 (ownerId:48698262 - pos <5640.935547, 28.928848, 5323.334961> - islocked:true - password:48151623) initialized
16-10-37 | Olga 24 (ownerId:327529037 - pos <5613.633789, 29.323994, 5348.238281> - islocked:true - password:29292900) initialized
16-10-37 | Opel Astra Chrome (ownerId:127107249 - pos <5656.927246, 28.955379, 5382.028320> - islocked:true - password:12186270) initialized
16-10-37 | STR_EGER_GreenCamo_name (ownerId:523991778 - pos <6473.369141, 26.209620, 8384.213867> - islocked:true - password:22392239) initialized
16-10-37 | STR_Camaro_Veter_name (ownerId:88929178 - pos <7719.936035, 6.170794, 6786.017578> - islocked:true - password:371400) initialized
16-10-37 | Toyota Land Cruiser 200 Camo2  (ownerId:88929178 - pos <7728.020020, 6.374515, 6790.579102> - islocked:true - password:371400) initialized
16-10-37 | MH-6M Little Bird - Camo (ownerId:88929178 - pos <7720.086914, 13.613594, 6788.978516> - islocked:true - password:371400) initialized
16-10-37 | Mercedes-Benz W140 Blue (ownerId:88929178 - pos <7725.358887, 6.166997, 6795.729492> - islocked:true - password:371400) initialized
16-10-37 | BMW X5 White  (ownerId:407766611 - pos <6061.447266, 12.869501, 4955.029297> - islocked:true - password:80081355) initialized
16-10-37 | BMW lightgreen (ownerId:407766611 - pos <6050.001953, 12.794445, 4957.398438> - islocked:true - password:80081355) initialized
16-10-37 | BMW black (ownerId:407766611 - pos <6045.813965, 12.806594, 4956.924316> - islocked:true - password:80081355) initialized
16-10-37 | Chevrolet Corvette (ownerId:407766611 - pos <6000.451172, 13.610809, 4982.084473> - islocked:true - password:55252252) initialized
16-10-37 | Gelenvagen carbon (ownerId:407766611 - pos <5987.045410, 14.379897, 4969.809570> - islocked:true - password:80081355) initialized
16-10-37 | Velociraptor6x6 Camo (ownerId:407766611 - pos <5977.549316, 14.299561, 4972.378418> - islocked:true - password:80081355) initialized
16-10-37 | Olga 24 (ownerId:407766611 - pos <6037.345703, 13.055584, 4954.377930> - islocked:true - password:80081355) initialized
16-10-37 | MUSTANG white (ownerId:407766611 - pos <5999.725098, 14.013290, 4970.766113> - islocked:true - password:55252252) initialized
16-10-37 | Velociraptor6x6 Camo2  (ownerId:407766611 - pos <5983.995117, 14.216503, 4965.224121> - islocked:true - password:80081355) initialized
16-10-37 | STR_Camaro_Sibirs_name (ownerId:407766611 - pos <5983.155273, 13.828567, 4983.387207> - islocked:true - password:55555552) initialized
16-10-37 | LUAZ 969 red (ownerId:405166905 - pos <5645.629395, 28.382473, 5434.258301> - islocked:true - password:11111111) initialized
16-10-37 | Robinson R22 Helicopter - Black (ownerId:521855408 - pos <9269.457031, 32.571384, 5313.591309> - islocked:true - password:9102021) initialized
16-10-37 | Offroad Range Rover Yellow  (ownerId:103808025 - pos <7264.238281, 602.155884, 11730.521484> - islocked:true - password:55677777) initialized
16-10-37 | BMW X5 Red (ownerId:59769977 - pos <14090.002930, 6.440816, 5462.044922> - islocked:true - password:19891604) initialized
16-10-37 | Olga 24 (ownerId:40055959 - pos <8923.626953, 5.862717, 10450.841797> - islocked:false - password:19711971) initialized
16-10-37 | Olga 24 (ownerId:40055959 - pos <8929.097656, 5.862741, 10450.911133> - islocked:true - password:19711971) initialized
16-10-37 | UAZ469 (ownerId:40055959 - pos <8935.064453, 6.384639, 10443.116211> - islocked:false - password:19711971) initialized
16-10-37 | UH-60 Blackhawk - Budhawk (ownerId:511479797 - pos <1730.376465, 20.607357, 8894.673828> - islocked:true - password:27181500) initialized
16-10-37 | LUAZ 969 (ownerId:75086644 - pos <2135.371582, 14.966350, 9181.180664> - islocked:true - password:10182009) initialized
16-10-37 | BMW (ownerId:442990275 - pos <1991.411865, 10.028560, 9032.136719> - islocked:false - password:42014201) initialized
16-10-37 | MH-6M Little Bird - Camo (ownerId:132652049 - pos <1992.721436, 45.808277, 9015.301758> - islocked:true - password:9021997) initialized
16-10-37 | UH-60 Blackhawk Cargo (ownerId:119248354 - pos <2000.010010, 45.147617, 9025.759766> - islocked:false - password:11082007) initialized
16-10-37 | STR_SCOUT_snik2_name (ownerId:24259541 - pos <5351.189941, 35.370869, 637.263550> - islocked:false - password:17500720) initialized
16-10-37 | Gelenvagen white_camo2 (ownerId:523450192 - pos <6064.037598, 33.990166, 6945.908691> - islocked:false - password:22392239) initialized
16-22-17 | Gelenvagen white_camo2 (ownerId:523450192 - pos <5665.993164, 28.542826, 5407.615234> - islocked:false - password:22392239) has been deleted
16-37-52 | ToyotaHilux White (ownerId:511479797 - pos <4450.905273, 28.824759, 7703.571777> - islocked:false - password:27181500) has been deleted
16-40-3 | BMW (ownerId:442990275 - pos <1991.378052, 9.578863, 9032.103516> - islocked:false - password:42014201) has been deleted
17-7-56 | MH-6M Little Bird (ownerId:17954802 - pos <6617.772461, 21.380413, 6433.881348> - islocked:false - password:20090909) has been deleted
17-8-8 | MH-6M Little Bird (ownerId:17954802 - pos <6622.781250, 21.733717, 6432.466309> - islocked:true - password:20090909) new car claimed
17-8-8 | MH-6M Little Bird (ownerId:17954802 - pos <6622.781250, 21.725588, 6432.466309> - islocked:true - password:20090909) initialized
17-10-59 | Camaro Red (ownerId:369601190 - pos <5638.047363, 14.465233, 5019.809570> - islocked:true - password:55555555) new car claimed
17-10-59 | Camaro Red (ownerId:369601190 - pos <5638.047363, 14.465233, 5019.809570> - islocked:true - password:55555555) initialized
