Creation Time: 2023_7_25-12-0-55
12-0-55 | UAZ HUNTER (ownerId:447071218 - pos <7177.249023, 3.705034, 5612.944824> - islocked:true - password:15148636) initialized
12-0-55 | Velociraptor6x6 Camo2  (ownerId:262549311 - pos <7192.797363, 61.652527, 5886.410156> - islocked:true - password:24680000) initialized
12-0-55 | Gelenvagen white_camo2 (ownerId:523450192 - pos <5894.194824, 36.787361, 5221.761230> - islocked:true - password:22392239) initialized
12-0-55 | MH-6M Little Bird - Camo (ownerId:523450192 - pos <5890.479492, 41.853703, 5228.574707> - islocked:true - password:22392239) initialized
12-0-55 | STR_EGER_GreenCamo_name (ownerId:523991778 - pos <5897.872559, 37.045868, 5224.135742> - islocked:true - password:22392239) initialized
12-0-55 | ToyotaHilux White (ownerId:511479797 - pos <7965.789063, 3.112657, 5965.312500> - islocked:true - password:27181500) initialized
12-0-55 | MOSKVICH 2140 (ownerId:882346394 - pos <6661.078125, 15.562321, 6320.577148> - islocked:true - password:42091103) initialized
12-0-55 | MH-6M Little Bird - Camo (ownerId:88929178 - pos <7718.418457, 13.613725, 6788.499512> - islocked:false - password:371400) initialized
12-0-55 | STR_Camaro_Veter_name (ownerId:88929178 - pos <7719.931641, 6.170790, 6786.017090> - islocked:false - password:371400) initialized
12-0-55 | Mercedes-Benz W140 Blue (ownerId:88929178 - pos <7725.359375, 6.166997, 6795.730469> - islocked:true - password:371400) initialized
12-0-55 | Toyota Land Cruiser 200 Camo2  (ownerId:88929178 - pos <7728.020020, 6.374516, 6790.577637> - islocked:true - password:371400) initialized
12-0-55 | HEMTT flecktarn (ownerId:88929178 - pos <7718.920898, 6.640539, 6804.869629> - islocked:true - password:371400) initialized
12-0-55 | Olga 24 (ownerId:511479797 - pos <1742.365479, 9.988538, 8908.454102> - islocked:false - password:27181500) initialized
12-0-55 | MH-6M Little Bird - Camo (ownerId:132652049 - pos <1992.326782, 45.808281, 9015.568359> - islocked:false - password:9021997) initialized
12-0-55 | UH-60 Blackhawk Cargo (ownerId:119248354 - pos <2000.023315, 45.147617, 9025.763672> - islocked:false - password:11082007) initialized
12-0-55 | Sarka 120 (ownerId:442990275 - pos <1991.246460, 10.260276, 9032.504883> - islocked:true - password:42014201) initialized
12-0-55 | LUAZ 969 (ownerId:75086644 - pos <2112.260498, 15.141332, 9178.431641> - islocked:true - password:10182009) initialized
12-0-55 | HAMMER_H1 (ownerId:965259563 - pos <2920.315918, 20.572990, 8449.454102> - islocked:true - password:54146888) initialized
12-0-55 | UAZ 3909 Beige (ownerId:795695470 - pos <5468.115234, 15.597900, 4925.077148> - islocked:true - password:8031991) initialized
12-0-55 | Ada 4x4 (ownerId:369601190 - pos <5474.475586, 15.606104, 4931.196289> - islocked:true - password:42014201) initialized
12-0-55 | SCOUT Black (ownerId:442990275 - pos <5474.078125, 15.577124, 4935.667480> - islocked:true - password:37579090) initialized
12-0-55 | STR_Camaro_Sibirs_name (ownerId:407766611 - pos <5480.655273, 15.164766, 4976.341309> - islocked:true - password:55555552) initialized
12-0-55 | Velociraptor6x6 Camo (ownerId:369601190 - pos <5403.443359, 15.625605, 4918.452148> - islocked:true - password:55555552) initialized
12-0-55 | Opel Astra Chrome (ownerId:127107249 - pos <5656.682617, 28.961468, 5381.953125> - islocked:true - password:12186270) initialized
12-0-55 |  Novator Flecktarn (ownerId:93344906 - pos <5644.351563, 28.531612, 5434.624512> - islocked:false - password:29292900) initialized
12-0-55 | Cougar (Fox) (ownerId:108250772 - pos <5656.563477, 34.102161, 5250.316895> - islocked:true - password:78995112) initialized
12-0-55 | Robinson R22 Helicopter - Black (ownerId:521855408 - pos <5663.715332, 33.940002, 5242.544434> - islocked:true - password:9102021) initialized
12-0-55 | Gunter 2 (ownerId:48698262 - pos <5640.135742, 28.879057, 5330.797363> - islocked:false - password:48151623) initialized
12-0-55 | Jeep Wrangler Camo (ownerId:526094573 - pos <5695.989746, 31.555567, 5231.927246> - islocked:true - password:11025255) initialized
12-0-55 | STR_Camaro_Nest_name (ownerId:60592768 - pos <3246.334717, 3.116042, 1751.297363> - islocked:true - password:13121312) initialized
12-0-55 | UAZ 3909 Police (ownerId:60592768 - pos <3231.893799, 3.497940, 1731.676270> - islocked:true - password:13121312) initialized
12-0-55 | Offroad Range Rover police  (ownerId:60592768 - pos <3240.920898, 3.228037, 1718.943604> - islocked:true - password:13121312) initialized
12-0-55 | Toyota Land Cruiser 200 Camo2  (ownerId:24259541 - pos <7851.705566, 3.360456, 3841.261475> - islocked:true - password:17500720) initialized
12-0-55 | Velociraptor6x6 Camo2  (ownerId:407766611 - pos <9992.777344, 22.684906, 11025.114258> - islocked:true - password:55555552) initialized
12-0-55 | UAZ_2315 (ownerId:89279995 - pos <3774.869385, 6.414790, 2592.671875> - islocked:true - password:20090909) initialized
12-0-55 | Chevrolet Corvette kamo (ownerId:89279995 - pos <3769.482910, 5.926557, 2602.140381> - islocked:true - password:20090909) initialized
12-0-55 | Gaz 71 Black (ownerId:119248354 - pos <2871.816162, 23.446260, 3922.152832> - islocked:false - password:11082007) initialized
12-0-55 | Oshkosh (ownerId:197257182 - pos <2799.404053, 69.918594, 4663.852539> - islocked:true - password:48151623) initialized
12-0-55 | Olga 24 (ownerId:327529037 - pos <2790.618896, 69.613449, 4663.141113> - islocked:true - password:29292900) initialized
12-0-55 | STR_EGER_GreenCamo_name (ownerId:197257182 - pos <2803.277100, 69.987404, 4664.730957> - islocked:true - password:48151623) initialized
12-0-55 | Offroad Range Rover Yellow  (ownerId:103808025 - pos <7264.238281, 602.155884, 11730.521484> - islocked:true - password:55677777) initialized
12-0-55 | MH-6M Little Bird (ownerId:442990275 - pos <7634.221680, 43.783314, 9956.217773> - islocked:true - password:37579090) initialized
12-0-55 | UH-60 Blackhawk - blackblackhawk (ownerId:407766611 - pos <7622.685547, 42.089058, 9898.392578> - islocked:true - password:99871420) initialized
12-0-55 | Sarka 120 (ownerId:89279995 - pos <7738.920410, 15.235959, 9810.031250> - islocked:true - password:20090909) initialized
12-0-55 | Robinson R22 Helicopter - Black (ownerId:197257182 - pos <7248.348633, 225.471222, 11619.498047> - islocked:true - password:48151623) initialized
12-0-55 | Ada 4x4 (ownerId:40055959 - pos <8942.959961, 5.780703, 10433.758789> - islocked:true - password:19711971) initialized
12-0-55 | UAZ469 (ownerId:40055959 - pos <8928.157227, 6.384640, 10452.190430> - islocked:true - password:19711971) initialized
12-0-55 | Olga 24 (ownerId:40055959 - pos <8923.685547, 5.862721, 10450.635742> - islocked:false - password:19711971) initialized
12-0-55 | LUAZ 969 red (ownerId:405166905 - pos <4802.159668, 18.572527, 7577.117676> - islocked:true - password:11111111) initialized
12-0-55 | Oshkosh grey (ownerId:64819467 - pos <4245.042480, 21.536226, 7274.151367> - islocked:true - password:7101993) initialized
12-0-55 | Nissan warrior Camo (ownerId:119311623 - pos <4252.930664, 21.283245, 7298.982910> - islocked:true - password:7101993) initialized
12-0-55 | BMW X5 Black (ownerId:215888376 - pos <4250.064941, 21.092596, 7296.986328> - islocked:true - password:7101993) initialized
12-0-55 | Toyota Land Cruiser 200 Camo (ownerId:119311623 - pos <4246.868652, 21.187662, 7294.254883> - islocked:true - password:7101993) initialized
12-0-55 | Gunter 2 (ownerId:218588421 - pos <3805.857422, 6.896881, 5906.666016> - islocked:true - password:3081984) initialized
12-23-38 | ToyotaHilux Blue (ownerId:369601190 - pos <5398.659668, 15.110001, 4924.162598> - islocked:true - password:80081355) new car claimed
12-23-38 | ToyotaHilux Blue (ownerId:369601190 - pos <5398.659668, 15.110001, 4924.162598> - islocked:true - password:80081355) initialized
12-24-50 | ToyotaHilux Blue (ownerId:369601190 - pos <5398.660156, 14.814739, 4924.164551> - islocked:false - password:80081355) has been deleted
12-41-13 | MH-6M Little Bird (ownerId:442990275 - pos <7614.165527, 41.578732, 9903.290039> - islocked:false - password:37579090) has been deleted
12-46-23 | MH-6M Little Bird (ownerId:442990275 - pos <1987.565674, 44.716240, 9019.418945> - islocked:true - password:37579090) new car claimed
12-46-23 | MH-6M Little Bird (ownerId:442990275 - pos <1987.565674, 44.716240, 9019.418945> - islocked:true - password:37579090) initialized
12-59-6 | MH-6M Little Bird (ownerId:442990275 - pos <1987.619873, 44.419941, 9019.408203> - islocked:true - password:37579090) has been deleted
13-1-14 | UH-60 Blackhawk Cargo (ownerId:442990275 - pos <1985.408203, 44.431164, 9023.935547> - islocked:true - password:37579090) new car claimed
13-1-30 | UH-60 Blackhawk - blackblackhawk (ownerId:407766611 - pos <1972.598755, 10.425040, 9017.940430> - islocked:false - password:99871420) has been deleted
13-4-34 | MH-6M Little Bird (ownerId:442990275 - pos <2011.148560, 9.490000, 9003.963867> - islocked:true - password:37579090) new car claimed
13-4-34 | MH-6M Little Bird (ownerId:442990275 - pos <2011.148560, 9.482595, 9003.963867> - islocked:true - password:37579090) initialized
15-38-35 | MH-6M Little Bird (ownerId:447071218 - pos <5616.275391, 28.637375, 5356.094727> - islocked:true - password:15148636) new car claimed
15-57-26 | MH-6M Little Bird (ownerId:442990275 - pos <1989.040283, 44.419895, 9019.116211> - islocked:true - password:37579090) has been deleted
16-12-46 | MH-6M Little Bird (ownerId:447071218 - pos <7369.068359, -3.844175, 6380.377930> - islocked:false - password:15148636) has been deleted
16-14-2 | MH-6M Little Bird (ownerId:442990275 - pos <1987.799805, 44.716240, 9018.772461> - islocked:true - password:37579090) new car claimed
16-14-2 | MH-6M Little Bird (ownerId:442990275 - pos <1987.799805, 44.716255, 9018.772461> - islocked:true - password:37579090) initialized
17-45-23 | UH-60 Blackhawk - Budhawk (ownerId:511479797 - pos <1775.699463, 9.262873, 8939.099609> - islocked:true - password:27181500) new car claimed
