Creation Time: 2023_5_20-18-0-52
18-0-52 | Cougar Camo kamo (ownerId:980466132 - pos <1430.430664, 3.097339, 6773.623535> - islocked:true - password:22392239) initialized
18-0-52 | MH-6M Little Bird (ownerId:89279995 - pos <4269.323242, 21.848564, 7299.969238> - islocked:true - password:20090909) initialized
18-0-52 | Offroad Range Rover police  (ownerId:6938606 - pos <4247.775391, 21.095659, 7296.859863> - islocked:true - password:20090909) initialized
18-0-52 | STR_Camaro_Nest_name (ownerId:137318436 - pos <4251.773926, 20.983665, 7300.036133> - islocked:true - password:20090909) initialized
18-0-52 | UAZ_2315 Camo2 (ownerId:442990275 - pos <2136.462891, 14.954863, 9180.125977> - islocked:false - password:37579090) initialized
18-0-52 | Buggy (ownerId:85319837 - pos <5605.895020, 29.404968, 5349.770996> - islocked:true - password:9151985) initialized
18-0-52 | Gaz 71 (ownerId:980466132 - pos <5631.529785, 29.531281, 5381.229004> - islocked:true - password:22392239) initialized
18-0-52 | MBB Bo-105m Helicopter - blackcamo (ownerId:132652049 - pos <5673.023438, 29.476894, 5388.885254> - islocked:true - password:86753099) initialized
18-0-52 | LUAZ 969 rust (ownerId:88929178 - pos <5628.406738, 29.291824, 5419.655762> - islocked:true - password:371400) initialized
18-0-52 | Jeep Wrangler (ownerId:85319837 - pos <5631.687500, 29.254875, 5422.513672> - islocked:true - password:9151985) initialized
18-0-52 | Olga 24 (ownerId:839735782 - pos <7242.334961, 3.347657, 1428.489136> - islocked:true - password:13579086) initialized
18-0-52 | Jeep Wrangler black  (ownerId:132652049 - pos <4409.240234, 7.942123, 3376.244629> - islocked:true - password:17392468) initialized
18-0-52 | LUAZ 969 blue (ownerId:354151095 - pos <6966.751953, 14.667980, 5712.361328> - islocked:true - password:4250425) initialized
18-0-52 | MOSKVICH 2140 (ownerId:304057481 - pos <6950.713379, 14.669979, 5719.609375> - islocked:true - password:42687931) initialized
18-0-52 | UAZ 3909 Khaki1 (ownerId:36527682 - pos <7721.299316, 36.402828, 6069.992676> - islocked:true - password:93991005) initialized
18-0-52 | ToyotaHilux Red (ownerId:60592768 - pos <9561.834961, 4.365440, 5943.567871> - islocked:true - password:19651965) initialized
18-0-52 | HAMMER_H1 black (ownerId:405166905 - pos <7228.487793, 21.926394, 1730.936279> - islocked:true - password:1111991) initialized
18-0-52 | Ford Raptor Red (ownerId:157174770 - pos <4548.465332, 7.486935, 3873.385010> - islocked:true - password:19892004) initialized
18-0-52 | MOSKVICH 2140 (ownerId:944065078 - pos <6404.186035, 22.910498, 6742.445313> - islocked:true - password:97319731) initialized
18-0-52 | MOSKVICH 2140 (ownerId:419387242 - pos <6386.171875, 23.181295, 6685.270508> - islocked:true - password:58625862) initialized
21-38-46 | Chevrolet Corvette White  (ownerId:34611550 - pos <5604.680664, 28.682281, 5355.930176> - islocked:true - password:19892004) new car claimed
21-39-4 | YAR_87 White  (ownerId:34611550 - pos <5597.225098, 28.805973, 5361.892578> - islocked:true - password:19892004) new car claimed
21-40-52 | YAR_87 White  (ownerId:34611550 - pos <5597.225098, 28.805973, 5361.892578> - islocked:true - password:19892004) has been deleted
21-44-16 | YAR_87 Camo2  (ownerId:34611550 - pos <5597.372559, 28.805973, 5361.185059> - islocked:true - password:19892004) new car claimed
21-51-41 | Ford Raptor Red (ownerId:157174770 - pos <5620.916016, 28.650890, 5352.547852> - islocked:false - password:19892004) has been deleted
22-4-52 | Chevrolet Corvette White  (ownerId:34611550 - pos <7107.159180, 2.284617, 5320.605957> - islocked:false - password:19892004) has been deleted
22-5-4 | Chevrolet Corvette White  (ownerId:157174770 - pos <7106.822266, 2.642385, 5325.220215> - islocked:true - password:19892004) new car claimed
22-5-4 | Chevrolet Corvette White  (ownerId:157174770 - pos <7106.822266, 2.342385, 5325.220215> - islocked:true - password:19892004) initialized
22-5-51 | Chevrolet Corvette White  (ownerId:157174770 - pos <7106.819336, 2.286808, 5325.220215> - islocked:false - password:19892004) has been deleted
22-6-4 | Ford Raptor Red (ownerId:157174770 - pos <7103.426270, 2.743816, 5330.074707> - islocked:true - password:19892004) new car claimed
22-6-4 | Ford Raptor Red (ownerId:157174770 - pos <7103.426270, 2.443816, 5330.074707> - islocked:true - password:19892004) initialized
22-10-51 | Chevrolet Corvette White  (ownerId:157174770 - pos <5615.104004, 29.014502, 5353.439453> - islocked:true - password:19892004) new car claimed
22-10-51 | Chevrolet Corvette White  (ownerId:157174770 - pos <5615.104004, 28.714502, 5353.439453> - islocked:true - password:19892004) initialized
22-11-48 | Ford Raptor Red (ownerId:157174770 - pos <5605.148926, 28.688871, 5356.355957> - islocked:true - password:19892004) has been deleted
23-42-21 | M3S Covered (ownerId:442990275 - pos <6531.661621, 21.487339, 1670.803711> - islocked:true - password:37579090) new car claimed
