Creation Time: 2023_4_13-0-0-53
0-0-53 | Olga 24 (ownerId:288122462 - pos <5667.532715, 28.950247, 5408.279785> - islocked:true - password:12011152) initialized
0-0-53 | Sarka 120 (ownerId:980466132 - pos <7344.983398, 65.536034, 6033.235352> - islocked:false - password:22392239) initialized
0-0-53 | Robinson R22 Helicopter - Black (ownerId:980466132 - pos <7346.187500, 101.076897, 6033.225586> - islocked:true - password:22392239) initialized
0-0-53 | Olga 24 (ownerId:62166080 - pos <1899.668579, 9.177779, 8987.581055> - islocked:true - password:22392239) initialized
0-0-53 | M3S Covered (ownerId:62166080 - pos <1894.514648, 9.181533, 8986.755859> - islocked:false - password:22392239) initialized
0-0-53 | Robinson R22 Helicopter (ownerId:195214598 - pos <6914.961914, 2.682907, 7082.414551> - islocked:true - password:52528989) initialized
0-0-53 | Robinson R22 Helicopter - Black (ownerId:108250772 - pos <8696.025391, 2.231344, 5545.102539> - islocked:false - password:14789632) initialized
0-0-53 | Sarka 120 (ownerId:940915030 - pos <9511.229492, 102.703018, 3751.685303> - islocked:true - password:11853737) initialized
0-0-53 | Robinson R22 Helicopter (ownerId:940915030 - pos <9512.575195, 102.761208, 3733.148193> - islocked:true - password:11853737) initialized
0-0-53 | Olga 24 (ownerId:195214598 - pos <5304.372070, 74.598717, 3990.730713> - islocked:false - password:52898989) initialized
0-0-53 | UH-60 Blackhawk - Woodland (ownerId:85319837 - pos <3985.975342, 16.854156, 3474.664551> - islocked:true - password:1111110) initialized
0-0-53 | MH-6M Little Bird - Desert (ownerId:62166080 - pos <6772.994629, 55.366920, 1847.963501> - islocked:true - password:22392239) initialized
0-0-53 | UH-60 Blackhawk Cargo (ownerId:980466132 - pos <6789.833984, 39.259399, 1855.992432> - islocked:false - password:22392239) initialized
0-0-53 | Ada 4x4 (ownerId:980466132 - pos <6795.198730, 39.193413, 1804.036011> - islocked:true - password:22392239) initialized
0-0-53 | UH-60 Blackhawk - blackblackhawk (ownerId:195214598 - pos <8130.902344, 209.400284, 11845.176758> - islocked:true - password:89895252) initialized
0-0-53 | M3S Covered (ownerId:67657702 - pos <10219.411133, 20.382803, 7929.872070> - islocked:true - password:19944991) initialized
0-0-53 | UH-60 Blackhawk - blackblackhawk (ownerId:71319946 - pos <10149.043945, 12.851731, 7922.335449> - islocked:true - password:19944991) initialized
0-0-53 | Olga 24 (ownerId:965259563 - pos <4978.799316, 3.877764, 2087.260498> - islocked:true - password:11367275) initialized
0-0-53 | M3S Covered (ownerId:108250772 - pos <4513.166992, 10.470732, 3193.233643> - islocked:true - password:78945612) initialized
0-0-53 | Gunter 2 (ownerId:965259563 - pos <3748.300537, 5.650944, 2573.668457> - islocked:true - password:11367275) initialized
0-0-53 | M3S Covered (ownerId:965259563 - pos <3756.733887, 5.599003, 2571.685303> - islocked:true - password:11367275) initialized
0-0-53 | Robinson R22 Helicopter (ownerId:965259563 - pos <4428.256348, 6.180558, 2904.960693> - islocked:true - password:11367275) initialized
1-32-59 | M3S Covered (ownerId:62166080 - pos <3556.558350, 28.609379, 7229.264648> - islocked:true - password:22392239) has been deleted
