Creation Time: 2023_6_3-18-0-47
18-0-47 | Jeep Wrangler (ownerId:944065078 - pos <5667.188477, 29.416628, 5339.477051> - islocked:false - password:97319731) initialized
18-0-47 | Olga 24 (ownerId:501895347 - pos <5601.865234, 29.377607, 5348.706543> - islocked:true - password:42775920) initialized
18-0-47 | Ada 4x4 (ownerId:839735782 - pos <5860.714355, 44.856018, 4895.187500> - islocked:true - password:1051997) initialized
18-0-47 | MOSKVICH 2140 (ownerId:54276291 - pos <5440.561035, 6.839057, 4639.794434> - islocked:true - password:12348262) initialized
18-0-47 | MOSKVICH 2140 (ownerId:288122462 - pos <6883.863281, 34.121441, 5878.004883> - islocked:true - password:12321123) initialized
18-0-47 | Audi RS6 (ownerId:85319837 - pos <5681.895996, 33.506733, 5242.673828> - islocked:true - password:1111110) initialized
18-0-47 | SCOUT Black (ownerId:442990275 - pos <5679.231934, 33.500340, 5271.261719> - islocked:true - password:42014201) initialized
18-0-47 | Olga 24 (ownerId:416867315 - pos <5667.809570, 33.068558, 5269.356934> - islocked:true - password:19993420) initialized
18-0-47 | MOSKVICH 2140 (ownerId:137318436 - pos <4304.500488, 3.855553, 4680.525391> - islocked:true - password:20090909) initialized
18-0-47 | MH-6M Little Bird - Desert (ownerId:132652049 - pos <10045.665039, 8.208422, 1098.988281> - islocked:false - password:13579246) initialized
18-0-47 | Robinson R22 Helicopter (ownerId:249230507 - pos <15721.648438, 39.987858, 4669.151367> - islocked:true - password:33333333) initialized
18-0-47 | Olga 24 (ownerId:442990275 - pos <11667.243164, 6.122751, 2074.086182> - islocked:true - password:42014201) initialized
18-0-47 | UAZ_2315 Red (ownerId:405166905 - pos <3412.395020, 19.420692, 4543.570801> - islocked:true - password:1111991) initialized
18-0-47 | LUAZ 969 black (ownerId:36527682 - pos <7718.376953, 36.262547, 6068.660645> - islocked:true - password:93991005) initialized
18-0-47 | ToyotaHilux White (ownerId:60592768 - pos <10551.952148, 18.814600, 10766.350586> - islocked:true - password:19651965) initialized
18-0-47 | STR_EGER_name (ownerId:980466132 - pos <3688.973877, 12.082243, 9772.874023> - islocked:true - password:22392239) initialized
18-0-47 | Sarka 120 (ownerId:144736642 - pos <7340.157227, 7.426152, 8406.083984> - islocked:true - password:41941941) initialized
18-0-47 | YAR_87 Camo2  (ownerId:34611550 - pos <2479.812256, 18.707655, 13963.036133> - islocked:true - password:19892004) initialized
18-0-47 | LUAZ 969 black (ownerId:88929178 - pos <4142.233398, 4.172168, 4201.197754> - islocked:true - password:371400) initialized
18-0-47 | Olga 24 (ownerId:86564395 - pos <4547.627930, 27.188709, 7863.291992> - islocked:true - password:59005900) initialized
18-0-47 | MH-6M Little Bird (ownerId:34611550 - pos <4271.984863, 21.744884, 7303.545410> - islocked:true - password:19892004) initialized
18-0-47 | Jeep Wrangler Blue (ownerId:34611550 - pos <4246.239258, 21.212748, 7292.730957> - islocked:true - password:19892004) initialized
18-0-47 | Jeep Wrangler black  (ownerId:308099129 - pos <3929.318359, 12.055122, 7918.307129> - islocked:true - password:9131988) initialized
18-0-47 | MH-6M Little Bird - Camo (ownerId:369601190 - pos <1588.420776, 10.481433, 9021.157227> - islocked:true - password:80081355) initialized
18-0-47 | Olga 24 (ownerId:442990275 - pos <1974.360718, 10.094160, 8857.602539> - islocked:true - password:42014201) initialized
