Creation Time: 2023_7_30-18-0-58
18-0-58 | BMW X5 Red (ownerId:59769977 - pos <4428.619629, 5.312603, 12404.168945> - islocked:true - password:19891604) initialized
18-0-58 | STR_Camaro_Nest_name (ownerId:60592768 - pos <6081.368652, 6.340247, 14745.529297> - islocked:true - password:13121312) initialized
18-0-58 | UH-60 Blackhawk - blackblackhawk (ownerId:119311623 - pos <4271.104492, 21.234701, 7298.660645> - islocked:true - password:7101993) initialized
18-0-58 | Toyota Land Cruiser 200 Camo (ownerId:119311623 - pos <4245.728516, 21.187664, 7293.648926> - islocked:true - password:7101993) initialized
18-0-58 | BMW X5 Black (ownerId:215888376 - pos <4252.217773, 21.092598, 7298.234863> - islocked:true - password:7101993) initialized
18-0-58 | Nissan warrior Camo (ownerId:119311623 - pos <4248.916504, 21.283245, 7296.711426> - islocked:true - password:7101993) initialized
18-0-58 | Oshkosh grey (ownerId:64819467 - pos <4245.043457, 21.536226, 7274.150391> - islocked:true - password:7101993) initialized
18-0-58 | MH-6M Little Bird (ownerId:442990275 - pos <1989.713867, 45.797485, 9018.436523> - islocked:true - password:37579090) initialized
18-0-58 | MH-6M Little Bird - Camo (ownerId:132652049 - pos <1992.870239, 45.808277, 9015.020508> - islocked:true - password:9021997) initialized
18-0-58 | UH-60 Blackhawk Cargo (ownerId:119248354 - pos <2000.784668, 45.147514, 9026.887695> - islocked:false - password:11082007) initialized
18-0-58 | AH-64 Apache Longbow (ownerId:442990275 - pos <1987.021362, 46.102459, 9025.179688> - islocked:true - password:37579090) initialized
18-0-58 | UH-60 Blackhawk - blackblackhawk (ownerId:447071218 - pos <1738.416748, 20.608963, 8906.624023> - islocked:false - password:15148636) initialized
18-0-58 | UH-60 Blackhawk - Budhawk (ownerId:511479797 - pos <1730.375488, 20.607357, 8894.673828> - islocked:true - password:27181500) initialized
18-0-58 | MH-6M Little Bird - Camo (ownerId:88929178 - pos <7718.431641, 13.613767, 6787.847656> - islocked:true - password:371400) initialized
18-0-58 | Gelenvagen carbon (ownerId:88929178 - pos <7721.146973, 6.814817, 6786.594727> - islocked:true - password:371400) initialized
18-0-58 | Offroad Range Rover Yellow  (ownerId:103808025 - pos <7264.238281, 602.155884, 11730.521484> - islocked:true - password:55677777) initialized
18-0-58 | STR_SCOUT_snik2_name (ownerId:24259541 - pos <8453.859375, 190.714706, 12385.108398> - islocked:true - password:17500720) initialized
18-0-58 | BMW (ownerId:407766611 - pos <9890.951172, 22.314642, 11016.826172> - islocked:true - password:78954545) initialized
18-0-58 | Olga 24 (ownerId:40055959 - pos <8923.626953, 5.862737, 10450.853516> - islocked:true - password:19711971) initialized
18-0-58 | UAZ469 (ownerId:40055959 - pos <8935.064453, 6.384639, 10443.116211> - islocked:true - password:19711971) initialized
18-0-58 | LUAZ 969 (ownerId:75086644 - pos <5643.027832, 28.335136, 5433.837402> - islocked:true - password:10182009) initialized
18-0-58 | LUAZ 969 red (ownerId:405166905 - pos <5645.624512, 28.382057, 5434.259277> - islocked:true - password:11111111) initialized
18-0-58 | Olga 24 (ownerId:327529037 - pos <5609.473145, 29.308739, 5399.460938> - islocked:false - password:29292900) initialized
18-0-58 | SUV US (ownerId:17954802 - pos <5655.730469, 29.418966, 5422.564453> - islocked:true - password:20090909) initialized
18-0-58 | MH-6M Little Bird - Camo (ownerId:197257182 - pos <3947.855957, 36.709946, 4810.045898> - islocked:true - password:48151623) initialized
18-0-58 | Gaz 71 Black (ownerId:93344906 - pos <3965.055176, 25.741251, 4859.410645> - islocked:true - password:29292900) initialized
18-0-58 | MUSTANG Red (ownerId:327529037 - pos <3979.933838, 25.699394, 4835.811523> - islocked:true - password:42042069) initialized
18-0-58 | HAMMER_H1 (ownerId:965259563 - pos <3981.708984, 25.654917, 4858.507813> - islocked:false - password:54146888) initialized
18-0-58 | MH-6M Little Bird (ownerId:17954802 - pos <3791.437744, 19.067055, 2581.102051> - islocked:true - password:20090909) initialized
18-0-58 | BMW X5 White  (ownerId:407766611 - pos <6061.447266, 12.869502, 4955.029297> - islocked:true - password:80081355) initialized
18-0-58 | Toyota Land Cruiser 200 Camo2  (ownerId:407766611 - pos <6058.549805, 12.974705, 4955.606934> - islocked:true - password:371400) initialized
18-0-58 | BMW lightgreen (ownerId:407766611 - pos <6050.001953, 12.794455, 4957.398438> - islocked:true - password:80081355) initialized
18-0-58 | BMW black (ownerId:407766611 - pos <6045.813965, 12.806602, 4956.924316> - islocked:true - password:80081355) initialized
18-0-58 | Olga 24 (ownerId:407766611 - pos <6037.345703, 13.055590, 4954.377930> - islocked:true - password:80081355) initialized
18-0-58 | Olga 24 (ownerId:407766611 - pos <6040.757324, 13.052363, 4961.297363> - islocked:true - password:42014201) initialized
18-0-58 | Olga 24 (ownerId:407766611 - pos <6044.156738, 13.046425, 4960.771484> - islocked:true - password:42014201) initialized
18-0-58 | Sarka 120 (ownerId:407766611 - pos <6037.000488, 13.071050, 4960.693848> - islocked:true - password:42014201) initialized
18-0-58 | Mercedes-Benz W140 Blue (ownerId:407766611 - pos <6048.899414, 12.815232, 4963.563477> - islocked:true - password:371400) initialized
18-0-58 | Velociraptor6x6 Camo2  (ownerId:407766611 - pos <5981.119141, 14.263231, 4965.184082> - islocked:true - password:80081355) initialized
18-0-58 | Velociraptor6x6 Camo (ownerId:407766611 - pos <5977.549316, 14.299565, 4972.380859> - islocked:true - password:80081355) initialized
18-0-58 | MUSTANG white (ownerId:407766611 - pos <5999.725098, 14.013288, 4970.766113> - islocked:true - password:55252252) initialized
18-0-58 | Chevrolet Corvette (ownerId:407766611 - pos <6000.451172, 13.610815, 4982.084473> - islocked:true - password:55252252) initialized
18-0-58 | MOSKVICH 2140 (ownerId:882346394 - pos <6662.094727, 15.562295, 6318.888184> - islocked:true - password:42091103) initialized
18-0-58 | UAZ 3909 Beige (ownerId:795695470 - pos <5468.091309, 15.597906, 4924.886230> - islocked:true - password:8031991) initialized
18-0-58 | Ada 4x4 (ownerId:369601190 - pos <5474.475098, 15.605374, 4931.196289> - islocked:true - password:42014201) initialized
18-0-58 | Gunter 2 (ownerId:48698262 - pos <5667.067383, 33.963890, 5245.087402> - islocked:true - password:48151623) initialized
18-0-58 | Offroad Range Rover police  (ownerId:60592768 - pos <3234.645508, 3.228037, 1725.417114> - islocked:true - password:13121312) initialized
18-0-58 | UAZ 3909 Police (ownerId:60592768 - pos <3233.326660, 3.497945, 1730.802734> - islocked:true - password:13121312) initialized
18-0-58 | Robinson R22 Helicopter - Black (ownerId:521855408 - pos <5531.109863, 13.210639, 5500.393555> - islocked:true - password:9102021) initialized
18-0-58 | Gunter 2 (ownerId:218588421 - pos <3805.938477, 6.893482, 5906.662598> - islocked:true - password:3081984) initialized
18-0-58 | Jeep Wrangler Camo (ownerId:526094573 - pos <5657.599609, 33.230862, 5280.386230> - islocked:true - password:11025255) initialized
18-0-58 | Velociraptor6x6 Camo2  (ownerId:262549311 - pos <7193.148926, 61.642944, 5886.734375> - islocked:true - password:24680000) initialized
18-3-9 | URAL 4320 KUNG (ownerId:965259563 - pos <3978.351074, 24.986000, 4867.274902> - islocked:true - password:29290000) new car claimed
18-18-43 | STR_Camaro_Egor_name (ownerId:523450192 - pos <6495.146484, 24.012051, 8384.003906> - islocked:true - password:22392239) new car claimed
18-18-43 | STR_Camaro_Egor_name (ownerId:523450192 - pos <6495.146484, 24.012051, 8384.003906> - islocked:true - password:22392239) initialized
18-32-16 | STR_Camaro_Egor_name (ownerId:523450192 - pos <5616.718262, 28.698759, 5403.034180> - islocked:true - password:22392239) has been deleted
18-32-23 | UAZ_2315 (ownerId:17954802 - pos <3772.248779, 6.116786, 2592.726074> - islocked:true - password:20090909) new car claimed
18-32-23 | UAZ_2315 (ownerId:17954802 - pos <3772.248779, 6.116786, 2592.726074> - islocked:true - password:20090909) initialized
18-33-39 | UAZ_2315 (ownerId:17954802 - pos <3772.245850, 5.845015, 2592.726807> - islocked:false - password:20090909) has been deleted
18-36-45 | Gelenvagen carbon (ownerId:88929178 - pos <5646.083496, 28.090321, 5455.888672> - islocked:false - password:371400) has been deleted
18-36-56 | Gelenvagen carbon (ownerId:88929178 - pos <5645.264648, 27.351978, 5451.839355> - islocked:true - password:371400) new car claimed
18-36-56 | Gelenvagen carbon (ownerId:88929178 - pos <5645.264648, 27.351978, 5451.839355> - islocked:true - password:371400) initialized
18-40-7 | STR_Camaro_Egor_name (ownerId:523450192 - pos <5627.064941, 29.009998, 5358.208496> - islocked:true - password:22392239) new car claimed
18-40-7 | STR_Camaro_Egor_name (ownerId:523450192 - pos <5627.064941, 29.009998, 5358.208496> - islocked:true - password:22392239) initialized
18-59-59 | STR_Camaro_Egor_name (ownerId:523450192 - pos <3531.812744, 20.843267, 4872.739258> - islocked:false - password:22392239) has been deleted
19-2-9 | Gelenvagen white_camo2 (ownerId:523450192 - pos <3723.346191, 4.753631, 5208.111328> - islocked:true - password:22392239) new car claimed
19-2-9 | Gelenvagen white_camo2 (ownerId:523450192 - pos <3723.346191, 4.753631, 5208.111328> - islocked:true - password:22392239) initialized
19-4-58 | Gelenvagen white_camo2 (ownerId:523450192 - pos <5644.735352, 29.105450, 5520.382324> - islocked:false - password:22392239) has been deleted
19-17-23 | STR_Camaro_Egor_name (ownerId:523450192 - pos <5680.865723, 32.982483, 5251.705078> - islocked:true - password:22392239) new car claimed
19-17-23 | STR_Camaro_Egor_name (ownerId:523450192 - pos <5680.865723, 32.982483, 5251.705078> - islocked:true - password:22392239) initialized
19-28-13 | UAZ HUNTER (ownerId:447071218 - pos <1760.775391, 9.490000, 8929.976563> - islocked:true - password:15148636) new car claimed
19-28-13 | UAZ HUNTER (ownerId:447071218 - pos <1760.775391, 9.490000, 8929.976563> - islocked:true - password:15148636) initialized
19-28-57 | UAZ HUNTER (ownerId:447071218 - pos <1760.776245, 9.120420, 8929.974609> - islocked:true - password:-1) new car claimed
19-30-55 | MH-6M Little Bird - Camo (ownerId:447071218 - pos <1795.308594, 9.490000, 8921.198242> - islocked:true - password:15148636) new car claimed
19-30-55 | MH-6M Little Bird - Camo (ownerId:447071218 - pos <1795.308594, 9.490000, 8921.198242> - islocked:true - password:15148636) initialized
19-33-50 | Ada 4x4 (ownerId:523450192 - pos <7215.966797, 21.630701, 1786.903564> - islocked:true - password:22392239) new car claimed
19-34-14 | Ada 4x4 (ownerId:523450192 - pos <7215.966797, 21.630701, 1786.903564> - islocked:true - password:22392239) has been deleted
19-35-44 | BMW (rust) (ownerId:447071218 - pos <9527.265625, 102.214241, 3721.467041> - islocked:true - password:15148636) new car claimed
19-36-4 | BMW (rust) (ownerId:447071218 - pos <9527.265625, 102.214241, 3721.467041> - islocked:true - password:15148636) has been deleted
19-45-13 | MH-6M Little Bird - Camo (ownerId:447071218 - pos <1778.468262, 9.205772, 8939.504883> - islocked:false - password:15148636) has been deleted
19-48-24 | STR_Camaro_Egor_name (ownerId:523450192 - pos <4603.375977, 4.761282, 4791.766113> - islocked:false - password:22392239) has been deleted
19-48-35 | MH-6M Little Bird - Camo (ownerId:523450192 - pos <4605.328613, 5.094775, 4792.244141> - islocked:true - password:22392239) new car claimed
19-48-35 | MH-6M Little Bird - Camo (ownerId:523450192 - pos <4605.328613, 5.094783, 4792.244141> - islocked:true - password:22392239) initialized
19-51-38 | BMW (rust) (ownerId:447071218 - pos <1839.587280, 9.490000, 8826.624023> - islocked:true - password:15148636) new car claimed
19-51-38 | BMW (rust) (ownerId:447071218 - pos <1839.587280, 9.490000, 8826.624023> - islocked:true - password:15148636) initialized
19-59-1 | MH-6M Little Bird - Camo (ownerId:523450192 - pos <5510.852051, 15.881056, 8460.807617> - islocked:true - password:22392239) has been deleted
19-59-32 | MH-6M Little Bird - Camo (ownerId:523450192 - pos <5508.955566, 16.250168, 8460.177734> - islocked:true - password:22392239) new car claimed
19-59-32 | MH-6M Little Bird - Camo (ownerId:523450192 - pos <5508.955566, 16.243927, 8460.177734> - islocked:true - password:22392239) initialized
20-1-47 | MH-6M Little Bird - Camo (ownerId:523450192 - pos <5433.151855, 10.346659, 5418.535156> - islocked:false - password:22392239) has been deleted
20-20-32 | Oshkosh (ownerId:197257182 - pos <5473.988770, 10.210000, 5486.829102> - islocked:true - password:48151623) new car claimed
20-20-32 | Oshkosh (ownerId:197257182 - pos <5473.988770, 10.210000, 5486.829102> - islocked:true - password:48151623) initialized
20-21-33 | STR_Camaro_Egor_name (ownerId:523450192 - pos <5484.352539, 10.221780, 5487.566895> - islocked:true - password:22392239) new car claimed
20-21-33 | STR_Camaro_Egor_name (ownerId:523450192 - pos <5484.352539, 10.221780, 5487.566895> - islocked:true - password:22392239) initialized
20-22-9 | Gelenvagen white_camo2 (ownerId:523450192 - pos <5490.479004, 10.258600, 5488.638184> - islocked:true - password:22392239) new car claimed
20-22-9 | Gelenvagen white_camo2 (ownerId:523450192 - pos <5490.479004, 10.258600, 5488.638184> - islocked:true - password:22392239) initialized
20-23-15 | STR_Camaro_Egor_name (ownerId:523450192 - pos <5484.213867, 9.913008, 5487.511719> - islocked:true - password:22392239) has been deleted
20-24-39 | Gelenvagen white_camo2 (ownerId:523450192 - pos <5640.625000, 27.476892, 5437.260742> - islocked:false - password:22392239) has been deleted
20-25-2 | Oshkosh (ownerId:197257182 - pos <5473.987305, 9.923856, 5486.765137> - islocked:false - password:-1) new car claimed
20-26-52 | Oshkosh (ownerId:108250772 - pos <5473.987305, 9.923856, 5486.765137> - islocked:true - password:9102021) new car claimed
20-27-24 | Oshkosh (ownerId:108250772 - pos <5473.987305, 9.923856, 5486.765137> - islocked:true - password:9102021) has been deleted
20-36-1 | BMW (rust) (ownerId:447071218 - pos <1743.159058, 9.309560, 8920.420898> - islocked:false - password:15148636) has been deleted
20-37-42 | ToyotaHilux White (ownerId:511479797 - pos <5488.244141, 10.420417, 5524.582520> - islocked:true - password:27181500) new car claimed
20-37-42 | ToyotaHilux White (ownerId:511479797 - pos <5488.244141, 10.420417, 5524.582520> - islocked:true - password:27181500) initialized
20-38-3 | Oshkosh (ownerId:108250772 - pos <5496.236816, 10.662515, 5523.611816> - islocked:true - password:9102021) new car claimed
20-38-3 | Oshkosh (ownerId:108250772 - pos <5496.236816, 10.662515, 5523.611816> - islocked:true - password:9102021) initialized
20-39-18 | STR_Camaro_Egor_name (ownerId:523450192 - pos <5627.562988, 29.010019, 5413.849121> - islocked:true - password:22392239) new car claimed
20-39-18 | STR_Camaro_Egor_name (ownerId:523450192 - pos <5627.562988, 29.010019, 5413.849121> - islocked:true - password:22392239) initialized
20-42-13 | Oshkosh (ownerId:108250772 - pos <5501.588867, 10.543714, 5519.042969> - islocked:false - password:-1) new car claimed
20-42-18 | ToyotaHilux White (ownerId:511479797 - pos <5488.250488, 10.137039, 5524.584473> - islocked:false - password:-1) new car claimed
20-44-22 | Oshkosh (ownerId:511479797 - pos <5501.588867, 10.543714, 5519.042969> - islocked:true - password:27181500) new car claimed
20-44-53 | Oshkosh (ownerId:511479797 - pos <5501.588867, 10.543714, 5519.042969> - islocked:true - password:27181500) has been deleted
20-46-22 | ToyotaHilux White (ownerId:108250772 - pos <5488.250488, 10.137039, 5524.584473> - islocked:true - password:9102021) new car claimed
20-52-9 | STR_Camaro_Egor_name (ownerId:523450192 - pos <6472.350098, 24.612751, 8374.135742> - islocked:false - password:22392239) has been deleted
21-4-4 | Toyota Land Cruiser 200 Camo (ownerId:119311623 - pos <4245.729004, 20.647491, 7293.666504> - islocked:false - password:7101993) has been deleted
21-5-21 | BMW X5 Red (ownerId:119311623 - pos <4246.028320, 20.867624, 7293.670898> - islocked:true - password:7101993) new car claimed
21-5-21 | BMW X5 Red (ownerId:119311623 - pos <4246.028320, 20.867624, 7293.670898> - islocked:true - password:7101993) initialized
21-5-51 | AH-64 Apache Longbow (ownerId:197257182 - pos <3976.243896, 35.587322, 4790.627930> - islocked:true - password:14881366) new car claimed
21-5-51 | AH-64 Apache Longbow (ownerId:197257182 - pos <3976.243896, 35.587330, 4790.627930> - islocked:true - password:14881366) initialized
21-6-10 | Boeing CH-47 Chinook Helicopter (ownerId:197257182 - pos <3976.610352, 35.587322, 4782.969238> - islocked:true - password:14881366) new car claimed
21-6-10 | Boeing CH-47 Chinook Helicopter (ownerId:197257182 - pos <3976.610352, 35.587322, 4782.969238> - islocked:true - password:14881366) initialized
21-10-32 | Boeing CH-47 Chinook Helicopter (ownerId:197257182 - pos <3976.610596, 35.322693, 4782.969238> - islocked:true - password:14881366) has been deleted
21-11-0 | AH-64 Apache Longbow (ownerId:197257182 - pos <3976.243896, 35.361401, 4790.628906> - islocked:true - password:14881366) has been deleted
21-36-4 | Oshkosh (ownerId:511479797 - pos <1729.945190, 9.524820, 8920.971680> - islocked:true - password:27181500) new car claimed
21-36-4 | Oshkosh (ownerId:511479797 - pos <1729.945190, 9.524820, 8920.971680> - islocked:true - password:27181500) initialized
21-40-5 | MOSKVICH 2140 (ownerId:288122462 - pos <5609.148438, 28.778524, 5353.169922> - islocked:true - password:12321123) new car claimed
22-46-13 | MUSTANG Red (ownerId:327529037 - pos <3979.013916, 24.979740, 4830.758301> - islocked:true - password:-1) new car claimed
22-47-7 | MUSTANG Red (ownerId:327529037 - pos <3979.013916, 24.979740, 4830.758301> - islocked:true - password:10801080) new car claimed
22-47-23 | HAMMER_H1 (ownerId:965259563 - pos <3981.566895, 24.960352, 4858.510254> - islocked:false - password:54146888) has been deleted
