Creation Time: 2023_4_21-9-52-44
9-52-44 | UH-60 Blackhawk Cargo (ownerId:980466132 - pos <1464.508545, 11.453549, 15309.586914> - islocked:true - password:22392239) initialized
9-52-44 | M3S Covered (ownerId:67657702 - pos <10219.401367, 20.312456, 7928.418457> - islocked:false - password:19944991) initialized
9-52-44 | UH-60 Blackhawk - blackblackhawk (ownerId:195214598 - pos <8069.666992, 215.248947, 11834.370117> - islocked:true - password:89895252) initialized
9-52-44 | Bell 429 Helicopter (ownerId:195214598 - pos <8112.442871, 214.221115, 11880.533203> - islocked:true - password:52898952) initialized
9-52-44 | Robinson R22 Helicopter (ownerId:965259563 - pos <3756.512451, 19.967363, 2601.171387> - islocked:true - password:11367275) initialized
9-52-44 | M3S Covered (ownerId:965259563 - pos <3757.228027, 5.621887, 2565.207764> - islocked:true - password:11367275) initialized
9-52-44 | Gunter 2 (ownerId:965259563 - pos <3734.644775, 5.696760, 2547.140137> - islocked:true - password:11367275) initialized
9-52-44 | Olga 24 (ownerId:965259563 - pos <3749.001953, 5.476184, 2554.737549> - islocked:true - password:11367275) initialized
9-52-44 | UH-60 Blackhawk - blackblackhawk (ownerId:195214598 - pos <3224.051514, 7.616007, 1721.952026> - islocked:true - password:52528989) initialized
9-52-44 | Robinson R22 Helicopter - Red (ownerId:71319946 - pos <2665.577637, 35.751205, 3317.651611> - islocked:true - password:19944991) initialized
9-52-44 | MH-6M Little Bird - Desert (ownerId:62166080 - pos <6773.009766, 54.240906, 1834.931885> - islocked:true - password:22392239) initialized
9-52-44 | Robinson R22 Helicopter - Black (ownerId:62166080 - pos <6786.493164, 53.509369, 1834.474121> - islocked:true - password:22392239) initialized
9-52-44 | Olga 24 (ownerId:62166080 - pos <6795.436523, 39.133488, 1803.797852> - islocked:true - password:22392239) initialized
9-52-44 | M3S Covered (ownerId:62166080 - pos <6795.889160, 39.151894, 1808.995972> - islocked:false - password:22392239) initialized
9-52-44 | Ada 4x4 (ownerId:980466132 - pos <6800.919922, 39.177490, 1804.990845> - islocked:true - password:22392239) initialized
9-52-44 | Ada 4x4 (ownerId:62166080 - pos <6801.051270, 39.177586, 1800.987305> - islocked:true - password:22392239) initialized
9-52-44 | Sarka 120 (ownerId:980466132 - pos <6795.105957, 39.738487, 1800.803101> - islocked:true - password:22392239) initialized
9-52-44 | M3S Covered (ownerId:108250772 - pos <4521.240234, 10.390542, 3203.352539> - islocked:true - password:78945612) initialized
9-52-44 | Bell 429 Helicopter (ownerId:88929178 - pos <4535.771973, 17.384161, 3159.236572> - islocked:true - password:371400) initialized
9-52-44 | UH-60 Blackhawk - Woodland (ownerId:85319837 - pos <3985.974121, 16.854187, 3474.665039> - islocked:true - password:1111110) initialized
9-52-44 | Sarka 120 (ownerId:22592522 - pos <6230.294922, 5.540479, 9589.271484> - islocked:true - password:5210521) initialized
9-52-44 | M3S Covered (ownerId:8156911 - pos <6232.801758, 5.800165, 9593.156250> - islocked:false - password:15500000) initialized
9-52-44 | Olga 24 (ownerId:288122462 - pos <5668.060059, 28.910526, 5408.247070> - islocked:true - password:12011152) initialized
9-52-44 | Sarka 120 (ownerId:405166905 - pos <5628.688965, 29.306042, 5419.512207> - islocked:true - password:19910111) initialized
9-52-44 | Sarka 120 (ownerId:194642746 - pos <5657.130859, 28.696793, 5393.930176> - islocked:true - password:15474555) initialized
9-52-44 | Land Rover Defender 110 UN (ownerId:108250772 - pos <5622.215332, 29.278488, 5381.246582> - islocked:true - password:14725836) initialized
9-52-44 | Land Rover Defender 110 Red (ownerId:108250772 - pos <5627.019531, 29.278486, 5387.046387> - islocked:true - password:14725836) initialized
9-52-44 | Land Rover Defender 110 (ownerId:108250772 - pos <5625.816406, 29.278488, 5376.927734> - islocked:true - password:14725836) initialized
9-52-44 | Land Rover Defender 110 Green (ownerId:85319837 - pos <5617.498535, 29.278486, 5378.230957> - islocked:true - password:1111110) initialized
9-52-44 | Robinson R22 Helicopter (ownerId:195214598 - pos <5671.535156, 33.241173, 5256.131836> - islocked:true - password:52528989) initialized
9-52-44 | Land Rover Defender 110 (ownerId:192139039 - pos <5159.459473, 7.174146, 4603.088379> - islocked:true - password:7161994) initialized
9-52-44 | Robinson R22 Helicopter - Black (ownerId:980466132 - pos <7348.521973, 101.077171, 6033.944824> - islocked:true - password:22392239) initialized
9-52-44 | M3S Covered (ownerId:944065078 - pos <7651.871094, 20.329817, 3863.973145> - islocked:true - password:25082508) initialized
9-52-44 | Olga 24 (ownerId:944065078 - pos <7655.444336, 19.534367, 3867.470459> - islocked:true - password:97319731) initialized
9-52-44 | Sarka 120 (ownerId:944065078 - pos <7658.262695, 18.549597, 3870.256592> - islocked:true - password:25082508) initialized
9-52-44 | Robinson R22 Helicopter - Black (ownerId:34745177 - pos <9138.470703, 47.958172, 3793.873047> - islocked:false - password:67698687) initialized
9-52-44 | Sarka 120 (ownerId:940915030 - pos <9511.229492, 102.703049, 3751.684814> - islocked:true - password:11853737) initialized
9-52-44 | Robinson R22 Helicopter (ownerId:940915030 - pos <9512.575195, 102.761200, 3733.148193> - islocked:true - password:11853737) initialized
