Creation Time: 2023_4_23-12-0-53
12-0-53 | Land Rover Defender 110 (ownerId:192139039 - pos <7023.291504, 7.355579, 9015.370117> - islocked:false - password:7161994) initialized
12-0-53 | Land Rover Defender 110 Green (ownerId:177737910 - pos <2086.668213, 9.737875, 9084.405273> - islocked:true - password:25792579) initialized
12-0-53 | M3S Covered (ownerId:8156911 - pos <6232.800781, 5.800210, 9593.156250> - islocked:false - password:15500000) initialized
12-0-53 | Sarka 120 (ownerId:22592522 - pos <6232.373047, 5.531145, 9589.974609> - islocked:true - password:5210521) initialized
12-0-53 | Robinson R22 Helicopter (ownerId:195214598 - pos <1114.772339, 56.352501, 10648.643555> - islocked:true - password:52528989) initialized
12-0-53 | UH-60 Blackhawk Cargo (ownerId:980466132 - pos <1464.352783, 10.236379, 15308.759766> - islocked:true - password:22392239) initialized
12-0-53 | M3S Covered (ownerId:67657702 - pos <9798.914063, 3.634003, 7868.164063> - islocked:true - password:19944991) initialized
12-0-53 | Bell 429 Helicopter (ownerId:195214598 - pos <8112.442871, 214.221085, 11880.533203> - islocked:true - password:52898952) initialized
12-0-53 | UH-60 Blackhawk - blackblackhawk (ownerId:195214598 - pos <8069.666992, 215.248932, 11834.370117> - islocked:true - password:89895252) initialized
12-0-53 | Sarka 120 (ownerId:194642746 - pos <3356.854492, 20.406017, 6466.575684> - islocked:true - password:15474555) initialized
12-0-53 | Ada 4x4 (ownerId:980466132 - pos <6800.919922, 39.178162, 1804.991455> - islocked:true - password:22392239) initialized
12-0-53 | Sarka 120 (ownerId:980466132 - pos <6795.105957, 39.738476, 1800.802979> - islocked:true - password:22392239) initialized
12-0-53 | M3S Covered (ownerId:62166080 - pos <6795.899414, 39.129311, 1808.995605> - islocked:false - password:22392239) initialized
12-0-53 | Olga 24 (ownerId:62166080 - pos <6795.439941, 39.125088, 1803.797729> - islocked:true - password:22392239) initialized
12-0-53 | Robinson R22 Helicopter - Black (ownerId:62166080 - pos <6786.493164, 53.509369, 1834.474121> - islocked:true - password:22392239) initialized
12-0-53 | MH-6M Little Bird - Desert (ownerId:62166080 - pos <6773.009766, 54.240791, 1834.931885> - islocked:true - password:22392239) initialized
12-0-53 | Land Rover Defender 110 Red (ownerId:60592768 - pos <9560.965820, 4.180222, 5944.767578> - islocked:true - password:19651965) initialized
12-0-53 | Robinson R22 Helicopter (ownerId:940915030 - pos <9512.575195, 102.761208, 3733.148193> - islocked:true - password:11853737) initialized
12-0-53 | Sarka 120 (ownerId:940915030 - pos <9511.229492, 102.703056, 3751.684570> - islocked:true - password:11853737) initialized
12-0-53 | Robinson R22 Helicopter - Black (ownerId:34745177 - pos <9138.473633, 47.965481, 3793.890137> - islocked:false - password:67698687) initialized
12-0-53 | Sarka 120 (ownerId:405166905 - pos <8353.689453, 3.312835, 3409.356445> - islocked:true - password:19910111) initialized
12-0-53 | M3S Covered (ownerId:965259563 - pos <3757.235352, 5.599320, 2565.198975> - islocked:false - password:11367275) initialized
12-0-53 | Gunter 2 (ownerId:965259563 - pos <3730.357178, 5.523480, 2550.934814> - islocked:true - password:11367275) initialized
12-0-53 | Olga 24 (ownerId:965259563 - pos <3730.920654, 5.627573, 2547.686768> - islocked:true - password:11367275) initialized
12-0-53 | Robinson R22 Helicopter (ownerId:965259563 - pos <3756.512451, 19.967381, 2601.171387> - islocked:true - password:11367275) initialized
12-0-53 | UH-60 Blackhawk - Woodland (ownerId:85319837 - pos <3985.974121, 16.854172, 3474.665283> - islocked:true - password:1111110) initialized
12-0-53 | UH-60 Blackhawk - blackblackhawk (ownerId:195214598 - pos <3224.051514, 7.616047, 1721.950439> - islocked:true - password:52528989) initialized
12-0-53 | Sarka 120 (ownerId:944065078 - pos <7728.510254, 35.526360, 6087.276367> - islocked:true - password:25082508) initialized
12-0-53 | Olga 24 (ownerId:944065078 - pos <7705.093262, 36.650436, 6081.404297> - islocked:true - password:97319731) initialized
12-0-53 | M3S Covered (ownerId:944065078 - pos <7718.276855, 36.466972, 6089.898438> - islocked:true - password:25082508) initialized
12-0-53 | Robinson R22 Helicopter - Black (ownerId:980466132 - pos <7348.521973, 101.077187, 6033.944824> - islocked:true - password:22392239) initialized
12-0-53 | Land Rover Defender 110 (ownerId:108250772 - pos <5625.816406, 29.278484, 5376.927734> - islocked:true - password:14725836) initialized
12-0-53 | Land Rover Defender 110 Green (ownerId:85319837 - pos <5617.498535, 29.278484, 5378.230957> - islocked:true - password:1111110) initialized
12-0-53 | Land Rover Defender 110 UN (ownerId:108250772 - pos <5622.215332, 29.278484, 5381.246582> - islocked:true - password:14725836) initialized
12-0-53 | Land Rover Defender 110 Red (ownerId:108250772 - pos <5627.019531, 29.278482, 5387.046387> - islocked:true - password:14725836) initialized
12-0-53 | Olga 24 (ownerId:288122462 - pos <5668.087891, 28.908703, 5408.238281> - islocked:true - password:12011152) initialized
12-0-53 | M3S Covered (ownerId:108250772 - pos <5632.615234, 29.508318, 5422.646973> - islocked:true - password:78945612) initialized
12-0-53 | Ada 4x4 (ownerId:62166080 - pos <4696.075195, 4.481505, 9524.694336> - islocked:false - password:22392239) initialized
12-39-59 | Robinson R22 Helicopter (ownerId:71319946 - pos <5670.066895, 33.197636, 5249.456055> - islocked:true - password:19944991) new car claimed
14-26-21 | Olga 24 (ownerId:192139039 - pos <5599.010254, 28.697742, 5358.529785> - islocked:true - password:7161994) new car claimed
15-28-40 | Ada 4x4 (ownerId:980466132 - pos <6800.919922, 39.178177, 1804.990845> - islocked:false - password:-1) new car claimed
15-31-12 | Ada 4x4 (ownerId:944065078 - pos <6812.214844, 38.962200, 1806.308472> - islocked:true - password:25082508) new car claimed
17-30-2 | Olga 24 (ownerId:192139039 - pos <6682.181641, 15.077771, 6260.488281> - islocked:false - password:-1) new car claimed
17-55-22 | Gunter 2 (ownerId:419387242 - pos <5655.399414, 28.753481, 5394.865723> - islocked:true - password:69694200) new car claimed
17-59-19 | Gunter 2 (ownerId:419387242 - pos <5655.399414, 28.753481, 5394.865723> - islocked:true - password:69694200) has been deleted
