Creation Time: 2023_4_23-18-0-55
18-0-55 | UH-60 Blackhawk Cargo (ownerId:980466132 - pos <1464.353027, 10.229392, 15308.759766> - islocked:true - password:22392239) initialized
18-0-55 | Sarka 120 (ownerId:194642746 - pos <3356.855713, 20.406036, 6466.576172> - islocked:true - password:15474555) initialized
18-0-55 | Robinson R22 Helicopter (ownerId:940915030 - pos <9512.575195, 102.761200, 3733.148193> - islocked:true - password:11853737) initialized
18-0-55 | Sarka 120 (ownerId:940915030 - pos <9511.229492, 102.703026, 3751.684570> - islocked:true - password:11853737) initialized
18-0-55 | Robinson R22 Helicopter - Black (ownerId:34745177 - pos <9138.473633, 47.965805, 3793.891113> - islocked:false - password:67698687) initialized
18-0-55 | Sarka 120 (ownerId:405166905 - pos <8353.689453, 3.312816, 3409.356445> - islocked:true - password:19910111) initialized
18-0-55 | UH-60 Blackhawk - blackblackhawk (ownerId:195214598 - pos <3224.051514, 7.616047, 1721.950317> - islocked:true - password:52528989) initialized
18-0-55 | Olga 24 (ownerId:965259563 - pos <3730.918945, 5.627580, 2547.686768> - islocked:true - password:11367275) initialized
18-0-55 | Gunter 2 (ownerId:965259563 - pos <3730.357666, 5.523496, 2550.934814> - islocked:true - password:11367275) initialized
18-0-55 | Robinson R22 Helicopter (ownerId:965259563 - pos <3756.512451, 19.967381, 2601.171387> - islocked:true - password:11367275) initialized
18-0-55 | M3S Covered (ownerId:965259563 - pos <3757.236328, 5.599305, 2565.197998> - islocked:true - password:11367275) initialized
18-0-55 | UH-60 Blackhawk - Woodland (ownerId:85319837 - pos <3985.974121, 16.854170, 3474.665283> - islocked:true - password:1111110) initialized
18-0-55 | Robinson R22 Helicopter (ownerId:195214598 - pos <1114.772339, 56.352501, 10648.643555> - islocked:true - password:52528989) initialized
18-0-55 | Bell 429 Helicopter (ownerId:195214598 - pos <8112.442871, 214.221069, 11880.533203> - islocked:true - password:52898952) initialized
18-0-55 | UH-60 Blackhawk - blackblackhawk (ownerId:195214598 - pos <8069.666992, 215.248917, 11834.370117> - islocked:true - password:89895252) initialized
18-0-55 | Land Rover Defender 110 (ownerId:192139039 - pos <7025.734375, 7.355352, 9012.455078> - islocked:false - password:7161994) initialized
18-0-55 | M3S Covered (ownerId:8156911 - pos <6232.800781, 5.800167, 9593.156250> - islocked:false - password:15500000) initialized
18-0-55 | Sarka 120 (ownerId:22592522 - pos <6232.373047, 5.531142, 9589.974609> - islocked:true - password:5210521) initialized
18-0-55 | Land Rover Defender 110 Red (ownerId:60592768 - pos <9560.965820, 4.180203, 5944.767578> - islocked:true - password:19651965) initialized
18-0-55 | Robinson R22 Helicopter (ownerId:71319946 - pos <10187.473633, 16.857782, 7936.726563> - islocked:true - password:19944991) initialized
18-0-55 | Olga 24 (ownerId:944065078 - pos <7705.110352, 36.649296, 6081.406250> - islocked:true - password:97319731) initialized
18-0-55 | M3S Covered (ownerId:944065078 - pos <7718.276855, 36.466953, 6089.898438> - islocked:false - password:25082508) initialized
18-0-55 | Sarka 120 (ownerId:944065078 - pos <7728.507813, 35.526348, 6087.276367> - islocked:true - password:25082508) initialized
18-0-55 | Ada 4x4 (ownerId:944065078 - pos <7712.240234, 35.725063, 6081.797852> - islocked:false - password:25082508) initialized
18-0-55 | Olga 24 (ownerId:288122462 - pos <5668.090820, 28.908552, 5408.237793> - islocked:true - password:12011152) initialized
18-0-55 | M3S Covered (ownerId:108250772 - pos <5632.615234, 29.508329, 5422.647461> - islocked:true - password:78945612) initialized
18-0-55 | Land Rover Defender 110 Red (ownerId:108250772 - pos <5627.019531, 29.278482, 5387.046387> - islocked:true - password:14725836) initialized
18-0-55 | Land Rover Defender 110 (ownerId:108250772 - pos <5625.816406, 29.278484, 5376.927734> - islocked:true - password:14725836) initialized
18-0-55 | Land Rover Defender 110 UN (ownerId:108250772 - pos <5622.215332, 29.278484, 5381.246582> - islocked:true - password:14725836) initialized
18-0-55 | Land Rover Defender 110 Green (ownerId:85319837 - pos <5617.498535, 29.278484, 5378.230957> - islocked:true - password:1111110) initialized
18-0-55 | Sarka 120 (ownerId:980466132 - pos <6795.606934, 39.738827, 1800.613037> - islocked:true - password:22392239) initialized
18-0-55 | Ada 4x4 (ownerId:62166080 - pos <6801.308594, 39.178246, 1802.261841> - islocked:true - password:22392239) initialized
18-0-55 | Olga 24 (ownerId:62166080 - pos <6795.370117, 39.125072, 1803.795776> - islocked:true - password:22392239) initialized
18-0-55 | M3S Covered (ownerId:62166080 - pos <6795.900879, 39.129292, 1808.995728> - islocked:true - password:22392239) initialized
18-0-55 | Robinson R22 Helicopter - Black (ownerId:62166080 - pos <6786.493164, 53.509369, 1834.473999> - islocked:true - password:22392239) initialized
18-0-55 | MH-6M Little Bird - Desert (ownerId:62166080 - pos <6770.924316, 54.240784, 1834.289795> - islocked:true - password:22392239) initialized
18-0-55 | M3S Covered (ownerId:67657702 - pos <9798.914063, 3.634011, 7868.164063> - islocked:true - password:19944991) initialized
18-0-55 | Robinson R22 Helicopter - Black (ownerId:980466132 - pos <7348.521973, 101.077194, 6033.944824> - islocked:true - password:22392239) initialized
18-0-55 | Land Rover Defender 110 Green (ownerId:177737910 - pos <2551.031494, 56.992195, 9449.458008> - islocked:true - password:25792579) initialized
18-47-9 | Gunter 2 (ownerId:419387242 - pos <5630.066406, 28.753481, 5373.559082> - islocked:true - password:69694200) new car claimed
20-45-55 | Land Rover Defender 110 Green (ownerId:62166080 - pos <5654.962891, 33.546265, 5232.098145> - islocked:true - password:22392239) new car claimed
20-49-25 | Land Rover Defender 110 Red (ownerId:965259563 - pos <3239.837402, 3.664180, 1709.346558> - islocked:true - password:11367275) new car claimed
20-54-57 | Gunter 2 (ownerId:965259563 - pos <3244.958008, 2.783483, 1745.751709> - islocked:false - password:11367275) has been deleted
21-7-6 | Land Rover Defender 110 UN (ownerId:108250772 - pos <5622.214844, 28.729584, 5381.193359> - islocked:true - password:-1) new car claimed
21-7-37 | Land Rover Defender 110 UN (ownerId:116364714 - pos <5622.214844, 28.729584, 5381.193359> - islocked:true - password:25082508) new car claimed
21-24-17 | Olga 24 (ownerId:62166080 - pos <4938.847656, 15.928001, 7488.680664> - islocked:false - password:-1) new car claimed
