Creation Time: 2023_4_25-12-1-11
12-1-11 | Robinson R22 Helicopter (ownerId:940915030 - pos <9512.575195, 102.761200, 3733.148193> - islocked:true - password:11853737) initialized
12-1-11 | Sarka 120 (ownerId:940915030 - pos <9511.229492, 102.703064, 3751.684570> - islocked:true - password:11853737) initialized
12-1-11 | Land Rover Defender 110 Green (ownerId:177737910 - pos <2552.130371, 57.036896, 9447.416016> - islocked:true - password:25792579) initialized
12-1-11 | Robinson R22 Helicopter (ownerId:195214598 - pos <1114.772339, 56.352501, 10648.643555> - islocked:true - password:52528989) initialized
12-1-11 | UH-60 Blackhawk - blackblackhawk (ownerId:195214598 - pos <3224.051514, 7.616047, 1721.948975> - islocked:true - password:52528989) initialized
12-1-11 | UH-60 Blackhawk - Woodland (ownerId:85319837 - pos <3985.973877, 16.854174, 3474.665283> - islocked:true - password:1111110) initialized
12-1-11 | Robinson R22 Helicopter (ownerId:965259563 - pos <3756.512451, 19.967381, 2601.171387> - islocked:true - password:11367275) initialized
12-1-11 | M3S Covered (ownerId:965259563 - pos <3734.484619, 5.471811, 2555.297363> - islocked:true - password:11367275) initialized
12-1-11 | Olga 24 (ownerId:965259563 - pos <3732.496582, 5.627593, 2547.632813> - islocked:true - password:11367275) initialized
12-1-11 | Land Rover Defender 110 Red (ownerId:965259563 - pos <3756.692383, 6.175953, 2573.330078> - islocked:true - password:11367275) initialized
12-1-11 | Sarka 120 (ownerId:405166905 - pos <10489.416016, 10.005334, 4273.058105> - islocked:true - password:19910111) initialized
12-1-11 | M3S Covered (ownerId:8156911 - pos <6232.800781, 5.800169, 9593.156250> - islocked:false - password:15500000) initialized
12-1-11 | Sarka 120 (ownerId:22592522 - pos <6232.373047, 5.531138, 9589.974609> - islocked:true - password:5210521) initialized
12-1-11 | Sarka 120 (ownerId:980466132 - pos <6801.541992, 39.738678, 1801.694946> - islocked:true - password:22392239) initialized
12-1-11 | Land Rover Defender 110 Green (ownerId:62166080 - pos <6795.558594, 39.705429, 1806.658325> - islocked:true - password:22392239) initialized
12-1-11 | Ada 4x4 (ownerId:62166080 - pos <6801.074219, 39.178055, 1809.612183> - islocked:true - password:22392239) initialized
12-1-11 | M3S Covered (ownerId:62166080 - pos <6795.139160, 39.137691, 1809.613892> - islocked:true - password:22392239) initialized
12-1-11 | Robinson R22 Helicopter - Black (ownerId:62166080 - pos <6773.737305, 54.635754, 1851.886353> - islocked:true - password:22392239) initialized
12-1-11 | Gunter 2 (ownerId:419387242 - pos <7037.576172, 45.046406, 2063.190918> - islocked:true - password:69694200) initialized
12-1-11 | Sarka 120 (ownerId:194642746 - pos <5445.444336, 5.331138, 4629.569336> - islocked:true - password:15474555) initialized
12-1-11 | Land Rover Defender 110 UN (ownerId:85319837 - pos <7572.526367, 24.168486, 3943.896973> - islocked:true - password:9151985) initialized
12-1-11 | Robinson R22 Helicopter (ownerId:71319946 - pos <5672.808594, 33.907436, 5245.416016> - islocked:true - password:19944991) initialized
12-1-11 | Land Rover Defender 110 Green (ownerId:85319837 - pos <5617.498535, 29.278484, 5378.230957> - islocked:false - password:1111110) initialized
12-1-11 | Land Rover Defender 110 (ownerId:108250772 - pos <5625.816406, 29.278484, 5376.927734> - islocked:true - password:14725836) initialized
12-1-11 | Ada 4x4 (ownerId:944065078 - pos <5622.937500, 28.750702, 5363.173340> - islocked:true - password:25082508) initialized
12-1-11 | Land Rover Defender 110 Red (ownerId:108250772 - pos <5627.019531, 29.278482, 5387.046387> - islocked:true - password:14725836) initialized
12-1-11 | Land Rover Defender 110 Red (ownerId:60592768 - pos <5678.317871, 29.278484, 5386.182129> - islocked:true - password:19651965) initialized
12-1-11 | M3S Covered (ownerId:108250772 - pos <5630.347656, 29.543005, 5421.393555> - islocked:true - password:78945612) initialized
12-1-11 | Olga 24 (ownerId:288122462 - pos <5668.105469, 28.907549, 5408.231445> - islocked:true - password:12011152) initialized
12-1-11 | Robinson R22 Helicopter - Black (ownerId:980466132 - pos <7348.521973, 101.077187, 6033.944824> - islocked:true - password:22392239) initialized
12-1-11 | Land Rover Defender 110 UN (ownerId:116364714 - pos <7707.875000, 36.516632, 6075.210449> - islocked:true - password:25082508) initialized
12-1-11 | Olga 24 (ownerId:944065078 - pos <7705.327637, 36.634220, 6081.432617> - islocked:true - password:97319731) initialized
12-1-11 | M3S Covered (ownerId:944065078 - pos <7718.276855, 36.466961, 6089.899902> - islocked:false - password:25082508) initialized
12-1-11 | Sarka 120 (ownerId:944065078 - pos <7728.498535, 35.775806, 6087.281250> - islocked:true - password:25082508) initialized
12-1-11 | Land Rover Defender 110 (ownerId:192139039 - pos <7022.927734, 7.355562, 9015.221680> - islocked:false - password:7161994) initialized
12-1-11 | M3S Covered (ownerId:67657702 - pos <9798.914063, 3.633996, 7868.164063> - islocked:true - password:19944991) initialized
12-1-11 | Land Rover Defender 110 Red (ownerId:980466132 - pos <13401.119141, 22.360163, 7068.448730> - islocked:true - password:22392239) initialized
