Creation Time: 2023_4_10-6-0-49
6-0-49 | Robinson R22 Helicopter (ownerId:940915030 - pos <9512.575195, 102.761200, 3733.148193> - islocked:true - password:11853737) initialized
6-0-49 | Sarka 120 (ownerId:940915030 - pos <9511.229492, 102.703033, 3751.685547> - islocked:true - password:11853737) initialized
6-0-49 | MH-6M Little Bird - Desert (ownerId:62166080 - pos <11315.018555, 1.721993, 10937.539063> - islocked:false - password:22392239) initialized
6-0-49 | Robinson R22 Helicopter - Black (ownerId:108250772 - pos <8461.342773, 65.570717, 12206.587891> - islocked:true - password:12345678) initialized
6-0-49 | Sarka 120 (ownerId:67657702 - pos <5909.854492, 1.376728, 8396.467773> - islocked:true - password:19944991) initialized
6-0-49 | Robinson R22 Helicopter - Black (ownerId:108250772 - pos <8696.025391, 2.231339, 5545.102539> - islocked:false - password:14789632) initialized
6-0-49 | Robinson R22 Helicopter - Black (ownerId:67657702 - pos <10206.299805, 27.320230, 7951.408691> - islocked:true - password:19944991) initialized
6-0-49 | M3S Covered (ownerId:67657702 - pos <10219.415039, 20.406364, 7930.346680> - islocked:true - password:19944991) initialized
6-0-49 | Robinson R22 Helicopter - Black (ownerId:980466132 - pos <7351.135742, 101.076927, 6033.112793> - islocked:true - password:22392239) initialized
6-0-49 | Olga 24 (ownerId:62166080 - pos <6800.305176, 39.125362, 1803.357910> - islocked:false - password:22392239) initialized
6-0-49 | Ada 4x4 (ownerId:980466132 - pos <6795.198730, 39.193409, 1804.031616> - islocked:true - password:22392239) initialized
6-0-49 | M3S Covered (ownerId:62166080 - pos <6796.275391, 39.129295, 1809.293335> - islocked:true - password:22392239) initialized
6-0-49 | Sarka 120 (ownerId:980466132 - pos <6795.237305, 39.113350, 1800.894897> - islocked:true - password:22392239) initialized
6-0-49 | UH-60 Blackhawk Cargo (ownerId:980466132 - pos <6772.554688, 54.691090, 1850.049561> - islocked:true - password:22392239) initialized
6-0-49 | M3S Covered (ownerId:108250772 - pos <5629.739746, 29.560837, 5420.347656> - islocked:true - password:78945612) initialized
6-0-49 | Olga 24 (ownerId:195214598 - pos <5644.106445, 28.459747, 5433.101074> - islocked:true - password:52898989) initialized
6-0-49 | Gunter 2 (ownerId:85319837 - pos <5599.246582, 28.802841, 5346.797363> - islocked:true - password:1111110) initialized
6-0-49 | Olga 24 (ownerId:288122462 - pos <5600.261719, 29.331984, 5349.436523> - islocked:true - password:12011152) initialized
6-0-49 | UH-60 Blackhawk - Woodland (ownerId:85319837 - pos <3985.975586, 16.854155, 3474.664307> - islocked:true - password:1111110) initialized
6-0-49 | Gunter 2 (ownerId:965259563 - pos <3752.477051, 5.663732, 2572.406738> - islocked:true - password:11367275) initialized
6-0-49 | Olga 24 (ownerId:965259563 - pos <3756.314453, 5.595214, 2572.486816> - islocked:true - password:11367275) initialized
8-46-59 | Robinson R22 Helicopter - Black (ownerId:67657702 - pos <10198.685547, 18.700914, 7927.121094> - islocked:false - password:19944991) has been deleted
