Creation Time: 2023_4_24-6-0-49
6-0-49 | UH-60 Blackhawk Cargo (ownerId:980466132 - pos <1464.345581, 10.215340, 15308.764648> - islocked:true - password:22392239) initialized
6-0-49 | Bell 429 Helicopter (ownerId:195214598 - pos <8112.442871, 214.221085, 11880.533203> - islocked:true - password:52898952) initialized
6-0-49 | UH-60 Blackhawk - blackblackhawk (ownerId:195214598 - pos <8069.666992, 215.248917, 11834.370117> - islocked:true - password:89895252) initialized
6-0-49 | M3S Covered (ownerId:67657702 - pos <9798.914063, 3.634001, 7868.164063> - islocked:true - password:19944991) initialized
6-0-49 | Sarka 120 (ownerId:940915030 - pos <9511.229492, 102.703018, 3751.684570> - islocked:true - password:11853737) initialized
6-0-49 | Robinson R22 Helicopter (ownerId:940915030 - pos <9512.575195, 102.761208, 3733.148193> - islocked:true - password:11853737) initialized
6-0-49 | Robinson R22 Helicopter (ownerId:195214598 - pos <1114.772339, 56.352501, 10648.643555> - islocked:true - password:52528989) initialized
6-0-49 | Ada 4x4 (ownerId:62166080 - pos <6794.646973, 39.178280, 1806.061279> - islocked:true - password:22392239) initialized
6-0-49 | Land Rover Defender 110 Red (ownerId:980466132 - pos <6795.155762, 39.705826, 1801.707031> - islocked:true - password:22392239) initialized
6-0-49 | Sarka 120 (ownerId:980466132 - pos <6800.770020, 39.738701, 1800.404175> - islocked:true - password:22392239) initialized
6-0-49 | M3S Covered (ownerId:62166080 - pos <6795.000000, 39.132961, 1809.591675> - islocked:true - password:22392239) initialized
6-0-49 | Land Rover Defender 110 Green (ownerId:62166080 - pos <6800.856445, 39.705826, 1807.104004> - islocked:true - password:22392239) initialized
6-0-49 | Robinson R22 Helicopter - Black (ownerId:62166080 - pos <6786.493164, 53.509369, 1834.473877> - islocked:true - password:22392239) initialized
6-0-49 | Land Rover Defender 110 Green (ownerId:177737910 - pos <2549.578613, 57.044888, 9450.604492> - islocked:false - password:25792579) initialized
6-0-49 | M3S Covered (ownerId:8156911 - pos <6232.800781, 5.800108, 9593.156250> - islocked:false - password:15500000) initialized
6-0-49 | Sarka 120 (ownerId:22592522 - pos <6232.373047, 5.531157, 9589.974609> - islocked:true - password:5210521) initialized
6-0-49 | Land Rover Defender 110 Red (ownerId:60592768 - pos <9560.965820, 4.180232, 5944.767578> - islocked:true - password:19651965) initialized
6-0-49 | Robinson R22 Helicopter - Black (ownerId:34745177 - pos <9138.473633, 47.966488, 3793.892822> - islocked:false - password:67698687) initialized
6-0-49 | Sarka 120 (ownerId:405166905 - pos <7924.395996, 7.959713, 4262.357910> - islocked:true - password:19910111) initialized
6-0-49 | Sarka 120 (ownerId:944065078 - pos <7728.503906, 35.526241, 6087.272461> - islocked:true - password:25082508) initialized
6-0-49 | M3S Covered (ownerId:944065078 - pos <7718.276855, 36.466946, 6089.898438> - islocked:true - password:25082508) initialized
6-0-49 | Olga 24 (ownerId:944065078 - pos <7705.252930, 36.639458, 6081.422363> - islocked:true - password:97319731) initialized
6-0-49 | Land Rover Defender 110 UN (ownerId:116364714 - pos <7707.875000, 36.516670, 6075.210938> - islocked:true - password:25082508) initialized
6-0-49 | Land Rover Defender 110 Red (ownerId:108250772 - pos <5627.019531, 29.278481, 5387.046387> - islocked:true - password:14725836) initialized
6-0-49 | Land Rover Defender 110 Green (ownerId:85319837 - pos <5617.498535, 29.278484, 5378.230957> - islocked:false - password:1111110) initialized
6-0-49 | Land Rover Defender 110 (ownerId:108250772 - pos <5625.816406, 29.278484, 5376.927734> - islocked:true - password:14725836) initialized
6-0-49 | Land Rover Defender 110 (ownerId:192139039 - pos <5625.308105, 29.278484, 5416.438477> - islocked:true - password:7161994) initialized
6-0-49 | M3S Covered (ownerId:108250772 - pos <5632.483398, 29.510262, 5422.616211> - islocked:true - password:78945612) initialized
6-0-49 | Olga 24 (ownerId:288122462 - pos <5668.094727, 28.908316, 5408.235840> - islocked:true - password:12011152) initialized
6-0-49 | Ada 4x4 (ownerId:944065078 - pos <5616.043457, 28.753527, 5358.675781> - islocked:true - password:25082508) initialized
6-0-49 | Sarka 120 (ownerId:194642746 - pos <5445.423828, 5.331924, 4629.576660> - islocked:true - password:15474555) initialized
6-0-49 | Robinson R22 Helicopter (ownerId:71319946 - pos <5672.808594, 33.907440, 5245.416016> - islocked:true - password:19944991) initialized
6-0-49 | Robinson R22 Helicopter - Black (ownerId:980466132 - pos <7348.521973, 101.077187, 6033.944824> - islocked:true - password:22392239) initialized
6-0-49 | UH-60 Blackhawk - Woodland (ownerId:85319837 - pos <3985.974121, 16.854172, 3474.665283> - islocked:true - password:1111110) initialized
6-0-49 | UH-60 Blackhawk - blackblackhawk (ownerId:195214598 - pos <3224.051514, 7.616047, 1721.950073> - islocked:true - password:52528989) initialized
6-0-49 | Robinson R22 Helicopter (ownerId:965259563 - pos <3756.512451, 19.967381, 2601.171387> - islocked:true - password:11367275) initialized
6-0-49 | M3S Covered (ownerId:965259563 - pos <3734.477295, 5.471838, 2555.294189> - islocked:false - password:11367275) initialized
6-0-49 | Olga 24 (ownerId:965259563 - pos <3732.497314, 5.627566, 2547.632813> - islocked:true - password:11367275) initialized
6-0-49 | Land Rover Defender 110 Red (ownerId:965259563 - pos <4967.578125, 4.458484, 2092.822998> - islocked:true - password:11367275) initialized
6-0-49 | Gunter 2 (ownerId:419387242 - pos <3327.510498, 29.438408, 5919.044434> - islocked:true - password:69694200) initialized
9-48-41 | UH-60 Blackhawk Cargo (ownerId:980466132 - pos <1464.479004, 9.643697, 15309.261719> - islocked:true - password:22392239) has been deleted
9-51-8 | Bell 429 Helicopter (ownerId:195214598 - pos <8112.480469, 213.194427, 11880.588867> - islocked:true - password:52898952) has been deleted
9-51-13 | UH-60 Blackhawk - blackblackhawk (ownerId:195214598 - pos <8069.680176, 214.555145, 11834.043945> - islocked:true - password:89895252) has been deleted
9-54-20 | Robinson R22 Helicopter - Black (ownerId:34745177 - pos <9138.381836, 47.416752, 3794.221924> - islocked:false - password:67698687) has been deleted
