Creation Time: 2023_5_26-8-17-58
8-17-58 | HAMMER_H1 black (ownerId:405166905 - pos <5195.087891, 4.949723, 5315.449219> - islocked:true - password:1111991) initialized
8-17-58 | LUAZ 969 rust (ownerId:88929178 - pos <5625.482910, 29.296352, 5419.026855> - islocked:true - password:371400) initialized
8-17-58 | Sarka 120 (ownerId:108250772 - pos <5617.108398, 28.696791, 5394.023926> - islocked:true - password:3181989) initialized
8-17-58 | MBB Bo-105m Helicopter - blackcamo (ownerId:132652049 - pos <5674.237305, 29.476799, 5388.618164> - islocked:true - password:86753099) initialized
8-17-58 | M3S Covered (ownerId:442990275 - pos <5681.037109, 32.810101, 5269.781738> - islocked:true - password:37579090) initialized
8-17-58 | Ada 4x4 (ownerId:18558559 - pos <3960.622314, 24.960033, 4847.026855> - islocked:true - password:72066666) initialized
8-17-58 | LUAZ 969 blue (ownerId:354151095 - pos <6972.173340, 14.597537, 5701.597656> - islocked:true - password:4250425) initialized
8-17-58 | MOSKVICH 2140 (ownerId:304057481 - pos <6950.713379, 14.669779, 5719.593262> - islocked:true - password:42687931) initialized
8-17-58 | Cougar Camo kamo (ownerId:980466132 - pos <1447.439941, 3.095233, 6767.592285> - islocked:true - password:22392239) initialized
8-17-58 | Sarka 120 (ownerId:18558559 - pos <9030.007813, 6.596795, 9422.951172> - islocked:true - password:72066666) initialized
8-17-58 | Jeep Wrangler (ownerId:288122462 - pos <8283.520508, 5.735128, 8844.367188> - islocked:true - password:12321321) initialized
8-17-58 | Olga 24 (ownerId:36527682 - pos <7733.397461, 36.107780, 6085.733398> - islocked:true - password:10939910) initialized
8-17-58 | UAZ 3909 Khaki1 (ownerId:36527682 - pos <7717.200684, 36.455654, 6070.714844> - islocked:true - password:93991005) initialized
8-17-58 | Jeep Wrangler black  (ownerId:132652049 - pos <10675.310547, 3.405129, 3158.458008> - islocked:true - password:17392468) initialized
8-17-58 | SUV Camo (ownerId:442990275 - pos <2124.278076, 15.263972, 9180.042969> - islocked:true - password:42014201) initialized
8-17-58 | Olga 24 (ownerId:442990275 - pos <2121.612549, 18.358912, 9166.325195> - islocked:false - password:42014201) initialized
8-17-58 | Sarka 120 (ownerId:369601190 - pos <4471.817871, 29.384979, 7702.909180> - islocked:true - password:4031965) initialized
8-17-58 | Toyota Land Cruiser 200 (ownerId:308099129 - pos <3522.995117, 22.781919, 4590.057617> - islocked:true - password:9131988) initialized
8-17-58 | Olga 24 (ownerId:839735782 - pos <3591.364990, 10.842058, 3410.542236> - islocked:true - password:13579086) initialized
8-17-58 | UH-60 Blackhawk - blackblackhawk (ownerId:69839805 - pos <4261.034668, 21.234848, 7310.648926> - islocked:true - password:20090909) initialized
8-17-58 | Gaz 71 Black (ownerId:137318436 - pos <4248.160156, 21.428886, 7293.649902> - islocked:true - password:20090909) initialized
8-17-58 | STR_EGER_name (ownerId:69839805 - pos <4654.456055, 21.427465, 6880.251465> - islocked:true - password:20090909) initialized
8-17-58 | YAR_87 Camo2  (ownerId:34611550 - pos <7501.514160, 3.344816, 5638.634766> - islocked:true - password:19892004) initialized
8-17-58 | MOSKVICH 2140 (ownerId:944065078 - pos <6394.415039, 23.181305, 6686.755859> - islocked:false - password:97319731) initialized
