Creation Time: 2023_5_4-0-0-54
0-0-54 | Robinson R22 Helicopter (ownerId:965259563 - pos <3760.882324, 19.991440, 2594.415283> - islocked:false - password:11367275) initialized
0-0-54 | Olga 24 (ownerId:965259563 - pos <3737.235596, 5.467791, 2554.813232> - islocked:true - password:11367275) initialized
0-0-54 | M3S Covered (ownerId:965259563 - pos <3771.238770, 5.576936, 2545.761475> - islocked:true - password:2061963) initialized
0-0-54 | Land Rover Defender 110 Red (ownerId:965259563 - pos <3730.515869, 6.048485, 2554.894287> - islocked:true - password:11367275) initialized
0-0-54 | Gunter 2 (ownerId:965259563 - pos <3730.659668, 5.683304, 2547.984863> - islocked:true - password:86753099) initialized
0-0-54 | Sarka 120 (ownerId:965259563 - pos <3730.801025, 6.081139, 2551.065674> - islocked:true - password:72524299) initialized
0-0-54 | Mil Mi-2 Helicopter - Hornet (ownerId:965259563 - pos <3769.473145, 6.725352, 2491.829102> - islocked:true - password:11367275) initialized
0-0-54 | Sarka 120 (ownerId:194642746 - pos <5445.591797, 5.324910, 4629.509277> - islocked:true - password:15474555) initialized
0-0-54 | Robinson R22 Helicopter - Black (ownerId:984346468 - pos <4728.883789, 12.292155, 4692.960449> - islocked:true - password:83898389) initialized
0-0-54 | Robinson R22 Helicopter - Black (ownerId:132652049 - pos <4270.229492, 3.439777, 2517.688721> - islocked:true - password:9031783) initialized
0-0-54 | Land Rover Defender 110 Red (ownerId:132652049 - pos <4277.322266, 3.686857, 2515.763916> - islocked:true - password:9031783) initialized
0-0-54 | UH-60 Blackhawk - blackblackhawk (ownerId:195214598 - pos <3224.051514, 7.616046, 1721.943115> - islocked:true - password:52528989) initialized
0-0-54 | Robinson R22 Helicopter - Black (ownerId:419387242 - pos <5662.044922, 33.949253, 5242.511230> - islocked:true - password:8995862) initialized
0-0-54 | Robinson R22 Helicopter (ownerId:71319946 - pos <5672.808594, 33.907436, 5245.416016> - islocked:true - password:19944991) initialized
0-0-54 | Land Rover Defender 110 Red (ownerId:6938606 - pos <5592.865723, 29.277290, 5385.634277> - islocked:true - password:20090909) initialized
0-0-54 | Sarka 120 (ownerId:944065078 - pos <5612.848145, 28.702894, 5357.410156> - islocked:true - password:25082508) initialized
0-0-54 | M3S Covered (ownerId:965259563 - pos <5615.266602, 29.584890, 5348.800781> - islocked:true - password:72524299) initialized
0-0-54 | Robinson R22 Helicopter (ownerId:195214598 - pos <1189.234741, 56.231636, 10623.712891> - islocked:true - password:52528989) initialized
0-0-54 | MBB Bo-105m Helicopter - blackcamo (ownerId:980466132 - pos <6765.908691, 54.744701, 1845.098511> - islocked:true - password:22392239) initialized
0-0-54 | Ka26 Hoodlum Helicopter (ownerId:980466132 - pos <6778.616699, 54.637424, 1849.730225> - islocked:true - password:22392239) initialized
0-0-54 | MH-6M Little Bird - Camo (ownerId:62166080 - pos <6786.428223, 54.240791, 1834.988159> - islocked:true - password:22392239) initialized
0-0-54 | M3S Covered (ownerId:980466132 - pos <6795.366699, 39.990925, 1809.548706> - islocked:true - password:22392239) initialized
0-0-54 | Sarka 120 (ownerId:980466132 - pos <6801.629883, 39.738667, 1801.161499> - islocked:true - password:22392239) initialized
0-0-54 | Land Rover Defender 110 Green (ownerId:62166080 - pos <6795.650391, 39.705776, 1801.526733> - islocked:true - password:22392239) initialized
0-0-54 | Land Rover Defender 110 Red (ownerId:980466132 - pos <6797.980469, 39.705917, 1806.767334> - islocked:true - password:22392239) initialized
0-0-54 | Ada 4x4 (ownerId:419387242 - pos <7056.272949, 45.000481, 2056.959229> - islocked:false - password:8995862) initialized
0-0-54 | Olga 24 (ownerId:419387242 - pos <7056.503906, 45.007938, 2053.264404> - islocked:false - password:8995862) initialized
0-0-54 | Olga 24 (ownerId:108250772 - pos <7113.925781, 37.535439, 2252.848877> - islocked:true - password:12345678) initialized
0-0-54 | Ada 4x4 (ownerId:16874355 - pos <10732.898438, 90.320946, 6156.009766> - islocked:true - password:15795315) initialized
0-0-54 | Sarka 120 (ownerId:405166905 - pos <10490.982422, 10.001160, 4277.311523> - islocked:false - password:19910111) initialized
0-0-54 | Robinson R22 Helicopter (ownerId:940915030 - pos <9512.575195, 102.761208, 3733.148193> - islocked:true - password:11853737) initialized
0-0-54 | Land Rover Defender 110 Green (ownerId:177737910 - pos <2550.603760, 57.004185, 9449.897461> - islocked:false - password:25792579) initialized
0-0-54 | Sarka 120 (ownerId:85319837 - pos <7574.907227, 24.190304, 3928.431152> - islocked:true - password:1111110) initialized
0-0-54 | Land Rover Defender 110 UN (ownerId:85319837 - pos <7572.665527, 24.168484, 3940.986328> - islocked:false - password:9151985) initialized
0-0-54 | Land Rover Defender 110 Red (ownerId:60592768 - pos <9561.738281, 4.179218, 5944.402344> - islocked:true - password:19651965) initialized
0-0-54 | Robinson R22 Helicopter (ownerId:839735782 - pos <5459.347168, 7.491540, 8594.602539> - islocked:true - password:1051997) initialized
0-0-54 | M3S Covered (ownerId:944065078 - pos <7718.275879, 36.466984, 6089.899902> - islocked:false - password:25082508) initialized
0-0-54 | Land Rover Defender 110 UN (ownerId:116364714 - pos <7696.226563, 37.402290, 6075.553223> - islocked:false - password:25082508) initialized
0-0-54 | Gunter 2 (ownerId:36527682 - pos <7189.166016, 1.594092, 5371.423340> - islocked:true - password:93991005) initialized
0-0-54 | Robinson R22 Helicopter - Black (ownerId:980466132 - pos <7347.331543, 101.076942, 6033.897461> - islocked:true - password:22392239) initialized
