Creation Time: 2023_5_25-12-0-45
12-0-45 | SUV Camo (ownerId:442990275 - pos <2124.278320, 15.263946, 9180.039063> - islocked:true - password:42014201) initialized
12-0-45 | Olga 24 (ownerId:442990275 - pos <2121.612793, 18.358877, 9166.325195> - islocked:false - password:42014201) initialized
12-0-45 | MBB Bo-105m Helicopter - blackcamo (ownerId:132652049 - pos <10055.801758, 4.129517, 1142.778076> - islocked:true - password:86753099) initialized
12-0-45 | Jeep Wrangler black  (ownerId:132652049 - pos <10663.982422, 3.405123, 3151.652100> - islocked:true - password:17392468) initialized
12-0-45 | Olga 24 (ownerId:839735782 - pos <3591.368652, 10.842431, 3410.562012> - islocked:true - password:13579086) initialized
12-0-45 | Jeep Wrangler (ownerId:288122462 - pos <8283.520508, 5.735122, 8844.367188> - islocked:true - password:12321321) initialized
12-0-45 | Toyota Land Cruiser 200 blood  (ownerId:62166080 - pos <5678.486328, 33.642368, 5245.495117> - islocked:true - password:22392239) initialized
12-0-45 | M3S Covered (ownerId:442990275 - pos <5681.121094, 32.805912, 5270.073242> - islocked:true - password:37579090) initialized
12-0-45 | PAZ (green) (ownerId:980466132 - pos <5631.259277, 29.526325, 5379.812012> - islocked:true - password:22392239) initialized
12-0-45 | Sarka 120 (ownerId:369601190 - pos <5592.457520, 29.311182, 5355.827148> - islocked:true - password:4031965) initialized
12-0-45 | Sarka 120 (ownerId:108250772 - pos <5617.119629, 28.686022, 5394.030273> - islocked:true - password:3181989) initialized
12-0-45 | LUAZ 969 rust (ownerId:88929178 - pos <5625.482910, 29.296349, 5419.026855> - islocked:true - password:371400) initialized
12-0-45 | HAMMER_H1 black (ownerId:405166905 - pos <5195.087891, 4.949803, 5315.446777> - islocked:true - password:1111991) initialized
12-0-45 | Olga 24 (ownerId:36527682 - pos <7733.397461, 36.107788, 6085.732422> - islocked:true - password:10939910) initialized
12-0-45 | UAZ 3909 Khaki1 (ownerId:36527682 - pos <7717.196777, 36.455601, 6070.719727> - islocked:true - password:93991005) initialized
12-0-45 | YAR_87 Camo2  (ownerId:34611550 - pos <7501.577637, 3.352662, 5638.127930> - islocked:true - password:19892004) initialized
12-0-45 | LUAZ 969 blue (ownerId:354151095 - pos <6972.173340, 14.597511, 5701.598145> - islocked:true - password:4250425) initialized
12-0-45 | MOSKVICH 2140 (ownerId:304057481 - pos <6950.713379, 14.669827, 5719.599121> - islocked:true - password:42687931) initialized
12-0-45 | ToyotaHilux Red (ownerId:60592768 - pos <9562.668945, 4.356378, 5943.354980> - islocked:true - password:19651965) initialized
12-0-45 | MOSKVICH 2140 (ownerId:944065078 - pos <6394.415039, 23.181290, 6686.756836> - islocked:false - password:97319731) initialized
12-0-45 | Toyota Land Cruiser 200 (ownerId:308099129 - pos <3522.992920, 22.781889, 4590.057617> - islocked:true - password:9131988) initialized
12-0-45 | UH-60 Blackhawk - blackblackhawk (ownerId:69839805 - pos <4261.034668, 21.234705, 7310.648926> - islocked:true - password:20090909) initialized
12-0-45 | STR_EGER_name (ownerId:69839805 - pos <4258.300293, 21.605030, 7289.826660> - islocked:true - password:20090909) initialized
12-0-45 | Gaz 71 Black (ownerId:137318436 - pos <4248.162109, 21.428883, 7293.649902> - islocked:true - password:20090909) initialized
12-0-45 | Cougar Camo kamo (ownerId:980466132 - pos <1447.439453, 3.095235, 6767.592285> - islocked:true - password:22392239) initialized
13-21-37 | Ada 4x4 (ownerId:18558559 - pos <9018.298828, 6.650704, 9420.010742> - islocked:true - password:72066666) new car claimed
13-22-51 | Sarka 120 (ownerId:18558559 - pos <9030.034180, 6.586060, 9422.958984> - islocked:true - password:72066666) new car claimed
