Creation Time: 2023_7_25-0-0-56
0-0-56 | MH-6M Little Bird (ownerId:442990275 - pos <6164.078613, 36.594456, 1205.681396> - islocked:true - password:37579090) initialized
0-0-56 |  Novator Flecktarn (ownerId:93344906 - pos <10456.295898, 25.786936, 7982.239746> - islocked:true - password:29292900) initialized
0-0-56 | HAMMER_H1 (ownerId:965259563 - pos <5393.862305, 7.264326, 6345.026367> - islocked:true - password:54146888) initialized
0-0-56 | MH-6M Little Bird - Camo (ownerId:523450192 - pos <5890.479492, 41.853710, 5228.574707> - islocked:true - password:22392239) initialized
0-0-56 | Gelenvagen white_camo2 (ownerId:523450192 - pos <5894.196777, 36.787556, 5221.762695> - islocked:true - password:22392239) initialized
0-0-56 | STR_EGER_GreenCamo_name (ownerId:523991778 - pos <5897.873535, 37.045921, 5224.135742> - islocked:true - password:22392239) initialized
0-0-56 | Jeep Wrangler Camo (ownerId:526094573 - pos <5695.989746, 31.555536, 5231.927246> - islocked:true - password:11025255) initialized
0-0-56 | Robinson R22 Helicopter - Black (ownerId:521855408 - pos <5663.715332, 33.940002, 5242.544434> - islocked:true - password:9102021) initialized
0-0-56 | ToyotaHilux White (ownerId:511479797 - pos <5665.151367, 33.987179, 5228.219727> - islocked:true - password:27181500) initialized
0-0-56 | Chevrolet Corvette kamo (ownerId:89279995 - pos <3769.482910, 5.926557, 2602.140381> - islocked:true - password:20090909) initialized
0-0-56 | UAZ_2315 (ownerId:89279995 - pos <3774.869629, 6.414822, 2592.671387> - islocked:true - password:20090909) initialized
0-0-56 | Olga 24 (ownerId:327529037 - pos <2793.505859, 69.612747, 4660.238281> - islocked:true - password:29292900) initialized
0-0-56 | Oshkosh (ownerId:197257182 - pos <2799.495117, 69.918602, 4663.191406> - islocked:true - password:48151623) initialized
0-0-56 | Gaz 71 Black (ownerId:119248354 - pos <2871.821289, 23.446243, 3922.149658> - islocked:false - password:11082007) initialized
0-0-56 | MOSKVICH 2140 (ownerId:882346394 - pos <6661.187500, 15.562317, 6320.548340> - islocked:true - password:42091103) initialized
0-0-56 | Gunter 2 (ownerId:48698262 - pos <5640.135742, 28.879097, 5330.800781> - islocked:true - password:48151623) initialized
0-0-56 | Opel Astra Chrome (ownerId:127107249 - pos <5656.683105, 28.961248, 5381.952148> - islocked:true - password:12186270) initialized
0-0-56 | STR_EGER_GreenCamo_name (ownerId:197257182 - pos <5647.848145, 29.624809, 5424.802734> - islocked:true - password:48151623) initialized
0-0-56 | Sarka 120 (ownerId:89279995 - pos <2958.101318, 6.919282, 3227.139404> - islocked:true - password:20090909) initialized
0-0-56 | STR_Camaro_Sibirs_name (ownerId:407766611 - pos <5480.655273, 15.164766, 4976.342285> - islocked:true - password:55555552) initialized
0-0-56 | Gunter 2 (ownerId:218588421 - pos <3805.844727, 6.898059, 5906.669434> - islocked:true - password:3081984) initialized
0-0-56 | UAZ469 (ownerId:40055959 - pos <8928.157227, 6.384640, 10452.190430> - islocked:true - password:19711971) initialized
0-0-56 | Olga 24 (ownerId:40055959 - pos <8923.685547, 5.862731, 10450.631836> - islocked:false - password:19711971) initialized
0-0-56 | Ada 4x4 (ownerId:40055959 - pos <8942.959961, 5.780703, 10433.758789> - islocked:true - password:19711971) initialized
0-0-56 | Oshkosh grey (ownerId:64819467 - pos <4245.042480, 21.536226, 7274.151367> - islocked:true - password:7101993) initialized
0-0-56 | Toyota Land Cruiser 200 Camo (ownerId:119311623 - pos <4246.868652, 21.187662, 7294.254883> - islocked:true - password:7101993) initialized
0-0-56 | BMW X5 Black (ownerId:215888376 - pos <4250.064941, 21.092596, 7296.986328> - islocked:true - password:7101993) initialized
0-0-56 | Nissan warrior Camo (ownerId:119311623 - pos <4252.930664, 21.283245, 7298.982910> - islocked:true - password:7101993) initialized
0-0-56 | UAZ 3909 Beige (ownerId:795695470 - pos <5468.114258, 15.597899, 4925.076172> - islocked:true - password:8031991) initialized
0-0-56 | Velociraptor6x6 Camo (ownerId:369601190 - pos <5403.442383, 15.625605, 4918.452637> - islocked:true - password:55555552) initialized
0-0-56 | Ada 4x4 (ownerId:369601190 - pos <5474.475586, 15.606243, 4931.196289> - islocked:true - password:42014201) initialized
0-0-56 | SCOUT Black (ownerId:442990275 - pos <5474.078125, 15.577124, 4935.667480> - islocked:true - password:37579090) initialized
0-0-56 | UAZ HUNTER (ownerId:447071218 - pos <5474.396484, 15.494904, 4944.644043> - islocked:true - password:15148636) initialized
0-0-56 | Velociraptor6x6 Camo2  (ownerId:262549311 - pos <7192.797363, 61.652546, 5886.408691> - islocked:true - password:24680000) initialized
0-0-56 | LUAZ 969 red (ownerId:405166905 - pos <4802.159668, 18.572529, 7577.117676> - islocked:true - password:11111111) initialized
0-0-56 | Olga 24 (ownerId:511479797 - pos <1742.365356, 9.988542, 8908.454102> - islocked:false - password:27181500) initialized
0-0-56 | MH-6M Little Bird - Camo (ownerId:132652049 - pos <1992.329224, 45.808281, 9015.568359> - islocked:false - password:9021997) initialized
0-0-56 | Sarka 120 (ownerId:442990275 - pos <1991.247559, 10.260260, 9032.504883> - islocked:true - password:42014201) initialized
0-0-56 | UH-60 Blackhawk Cargo (ownerId:119248354 - pos <2000.023926, 45.147617, 9025.763672> - islocked:false - password:11082007) initialized
0-0-56 | LUAZ 969 (ownerId:75086644 - pos <2112.260498, 15.141333, 9178.431641> - islocked:true - password:10182009) initialized
0-0-56 | Offroad Range Rover Yellow  (ownerId:103808025 - pos <7264.238281, 602.155823, 11730.521484> - islocked:true - password:55677777) initialized
0-0-56 | Velociraptor6x6 Camo2  (ownerId:407766611 - pos <9992.777344, 22.684906, 11025.114258> - islocked:true - password:55555552) initialized
0-0-56 | HEMTT flecktarn (ownerId:88929178 - pos <7718.920410, 6.640544, 6804.869629> - islocked:true - password:371400) initialized
0-0-56 | STR_Camaro_Veter_name (ownerId:88929178 - pos <7719.932129, 6.170794, 6786.017090> - islocked:false - password:371400) initialized
0-0-56 | MH-6M Little Bird - Camo (ownerId:88929178 - pos <7718.418457, 13.613684, 6788.499512> - islocked:true - password:371400) initialized
0-0-56 | Toyota Land Cruiser 200 Camo2  (ownerId:88929178 - pos <7728.020508, 6.374517, 6790.577637> - islocked:true - password:371400) initialized
0-0-56 | Mercedes-Benz W140 Blue (ownerId:88929178 - pos <7725.359375, 6.166997, 6795.730469> - islocked:true - password:371400) initialized
0-0-56 | Toyota Land Cruiser 200 Camo2  (ownerId:24259541 - pos <7851.705566, 3.360453, 3841.261475> - islocked:true - password:17500720) initialized
0-0-56 | Offroad Range Rover police  (ownerId:60592768 - pos <3240.920898, 3.228037, 1718.943604> - islocked:true - password:13121312) initialized
0-0-56 | UAZ 3909 Police (ownerId:60592768 - pos <3231.894043, 3.497941, 1731.676147> - islocked:true - password:13121312) initialized
0-0-56 | STR_Camaro_Nest_name (ownerId:60592768 - pos <3246.334961, 3.116042, 1751.297241> - islocked:true - password:13121312) initialized
1-37-14 | Cougar (Fox) (ownerId:108250772 - pos <5656.563965, 33.204144, 5250.015137> - islocked:true - password:78995112) new car claimed
2-19-44 | MH-6M Little Bird (ownerId:442990275 - pos <935.548462, 18.816208, 15225.885742> - islocked:false - password:37579090) has been deleted
2-19-54 | MH-6M Little Bird (ownerId:442990275 - pos <923.566406, 16.323244, 15227.469727> - islocked:true - password:37579090) new car claimed
2-19-54 | MH-6M Little Bird (ownerId:442990275 - pos <923.566406, 16.323257, 15227.469727> - islocked:true - password:37579090) initialized
3-56-59 | Robinson R22 Helicopter - Black (ownerId:197257182 - pos <7249.839355, 224.872910, 11621.154297> - islocked:true - password:48151623) new car claimed
4-34-39 | Robinson R22 Helicopter - Black (ownerId:197257182 - pos <7249.839355, 224.872925, 11621.154297> - islocked:true - password:-1) new car claimed
4-35-7 | Robinson R22 Helicopter - Black (ownerId:442990275 - pos <7249.839355, 224.872925, 11621.154297> - islocked:true - password:42014201) new car claimed
4-37-52 | Robinson R22 Helicopter - Black (ownerId:442990275 - pos <7248.197754, 224.874039, 11620.600586> - islocked:true - password:-1) new car claimed
4-38-37 | Robinson R22 Helicopter - Black (ownerId:197257182 - pos <7248.376953, 224.873596, 11619.250977> - islocked:true - password:48151623) new car claimed
