Creation Time: 2023_4_6-18-50-14
18-50-14 | Robinson R22 Helicopter - Black (ownerId:108250772 - pos <8696.025391, 2.231339, 5545.102539> - islocked:false - password:14789632) initialized
18-50-14 | Olga 24 (ownerId:88929178 - pos <5836.192871, 6.478720, 14926.307617> - islocked:true - password:371400) initialized
18-50-14 | Olga 24 (ownerId:980466132 - pos <10140.464844, 21.897102, 10828.078125> - islocked:false - password:22392239) initialized
18-50-14 | MH-6M Little Bird - Desert (ownerId:62166080 - pos <11314.687500, 1.716295, 10937.307617> - islocked:false - password:22392239) initialized
18-50-14 | Robinson R22 Helicopter - Black (ownerId:980466132 - pos <6770.972656, 53.509365, 1837.412231> - islocked:true - password:22392239) initialized
18-50-14 | Robinson R22 Helicopter - Red (ownerId:980466132 - pos <6790.104004, 53.509369, 1834.751831> - islocked:true - password:22392239) initialized
18-50-14 | Sarka 120 (ownerId:62166080 - pos <6797.794922, 39.113499, 1806.249634> - islocked:true - password:22392239) initialized
18-50-14 | Olga 24 (ownerId:980466132 - pos <6798.953125, 39.125168, 1803.349854> - islocked:true - password:22392239) initialized
18-50-14 | Sarka 120 (ownerId:980466132 - pos <6795.828613, 39.113319, 1801.196533> - islocked:true - password:22392239) initialized
18-50-14 | M3S Covered (ownerId:62166080 - pos <6796.228027, 39.129299, 1809.221924> - islocked:true - password:22392239) initialized
18-50-14 | UH-60 Blackhawk - Woodland (ownerId:85319837 - pos <3985.975830, 16.854149, 3474.664063> - islocked:true - password:1111110) initialized
18-50-14 | Gunter 2 (ownerId:85319837 - pos <3966.464355, 16.286636, 3460.308350> - islocked:true - password:1111110) initialized
18-50-14 | Olga 24 (ownerId:85319837 - pos <4765.727539, 20.782740, 4335.458984> - islocked:false - password:1111110) initialized
18-50-14 | M3S Covered (ownerId:88929178 - pos <9098.899414, 2.947772, 5731.004395> - islocked:false - password:3070104) initialized
19-37-10 | Sarka 120 (ownerId:31876567 - pos <4717.410156, 21.141241, 4354.356934> - islocked:true - password:18675309) new car claimed
19-37-10 | Sarka 120 (ownerId:31876567 - pos <4717.412109, 20.854162, 4354.359375> - islocked:true - password:18675309) initialized
19-42-51 | Sarka 120 (ownerId:31876567 - pos <4412.410645, 8.041420, 4490.267090> - islocked:false - password:18675309) has been deleted
19-46-19 | Sarka 120 (ownerId:31876567 - pos <4219.089844, 4.007725, 4704.385742> - islocked:true - password:18675309) new car claimed
19-46-19 | Sarka 120 (ownerId:31876567 - pos <4219.090332, 3.720898, 4704.385742> - islocked:true - password:18675309) initialized
19-48-43 | Sarka 120 (ownerId:31876567 - pos <4179.099609, 4.353408, 4719.138184> - islocked:false - password:18675309) has been deleted
19-54-25 | Sarka 120 (ownerId:31876567 - pos <4044.802979, 10.022355, 4721.776367> - islocked:true - password:18675309) new car claimed
19-54-25 | Sarka 120 (ownerId:31876567 - pos <4044.802979, 9.722355, 4721.776367> - islocked:true - password:18675309) initialized
19-58-51 | Sarka 120 (ownerId:31876567 - pos <3561.336914, 20.669010, 6017.496582> - islocked:false - password:18675309) has been deleted
21-8-31 | Olga 24 (ownerId:980466132 - pos <10140.465820, 21.792257, 10828.089844> - islocked:false - password:22392239) has been deleted
22-12-9 | Ada 4x4 (ownerId:980466132 - pos <6796.427246, 39.185520, 1805.889404> - islocked:true - password:22392239) new car claimed
