Creation Time: 2023_7_17-0-0-53
0-0-53 | UAZ 3909 Beige (ownerId:795695470 - pos <5623.607422, 29.498278, 5350.349121> - islocked:true - password:8031991) initialized
0-0-53 | Velociraptor6x6 Camo2  (ownerId:407766611 - pos <5626.744629, 29.525732, 5374.672852> - islocked:true - password:55555552) initialized
0-0-53 | MH-6M Little Bird - Camo (ownerId:132652049 - pos <5679.368652, 30.092628, 5388.674805> - islocked:true - password:9021997) initialized
0-0-53 | UAZ_2315 Red (ownerId:369601190 - pos <5664.581055, 28.783962, 5463.491211> - islocked:true - password:45645645) initialized
0-0-53 | Ada 4x4 (ownerId:369601190 - pos <5668.541504, 29.263367, 5470.099121> - islocked:true - password:42014201) initialized
0-0-53 |  Novator Flecktarn (ownerId:48698262 - pos <5654.410156, 29.534304, 5419.749023> - islocked:false - password:48151623) initialized
0-0-53 | STR_EGER_GreenCamo_name (ownerId:197257182 - pos <5614.377930, 29.707405, 5405.167480> - islocked:true - password:48151623) initialized
0-0-53 | BMW X5 Flecktarn (ownerId:53415379 - pos <12482.735352, 2.341975, 7649.977539> - islocked:true - password:7101993) initialized
0-0-53 | ToyotaHilux rust (ownerId:526094573 - pos <5629.442871, 29.414087, 5420.962891> - islocked:true - password:77899511) initialized
0-0-53 | Gunter 2 (ownerId:48698262 - pos <1999.864502, 9.873891, 9051.088867> - islocked:true - password:48151623) initialized
0-0-53 | SCOUT Black (ownerId:442990275 - pos <2070.536377, 9.957122, 9036.675781> - islocked:true - password:37579090) initialized
0-0-53 | Toyota Land Cruiser 200 Camo2  (ownerId:523450192 - pos <5904.396973, 37.151974, 5221.838379> - islocked:true - password:22392239) initialized
0-0-53 | STR_EGER_GreenCamo_name (ownerId:523991778 - pos <5899.111816, 37.135605, 5221.917480> - islocked:true - password:22392239) initialized
0-0-53 | Robinson R22 Helicopter - Black (ownerId:523450192 - pos <5891.251465, 41.226021, 5228.740234> - islocked:true - password:22392239) initialized
0-0-53 | Olga 24 (ownerId:526094573 - pos <5681.303223, 33.733662, 5242.836914> - islocked:true - password:77899511) initialized
0-0-53 | MOSKVICH 2140 (ownerId:882346394 - pos <6656.562988, 15.562316, 6329.310059> - islocked:true - password:42091103) initialized
0-0-53 | Offroad Range Rover Yellow  (ownerId:103808025 - pos <6997.140625, 41.474091, 5945.404785> - islocked:true - password:55677777) initialized
0-0-53 | STR_SCOUT_snik2_name (ownerId:88929178 - pos <4393.268555, 6.629138, 4615.175781> - islocked:true - password:371400) initialized
0-0-53 | UH-60 Blackhawk - blackblackhawk (ownerId:88929178 - pos <4427.780762, 11.961804, 4605.452148> - islocked:true - password:371400) initialized
0-0-53 | MUSTANG Red (ownerId:407766611 - pos <9997.804688, 22.648697, 11025.042969> - islocked:false - password:55555552) initialized
0-0-53 | LUAZ 969 red (ownerId:405166905 - pos <6717.173340, 20.535299, 1700.223633> - islocked:true - password:11111111) initialized
0-0-53 | Offroad Range Rover police  (ownerId:60592768 - pos <3235.147705, 3.228037, 1724.893188> - islocked:true - password:13121312) initialized
0-0-53 | UAZ 3909 Police (ownerId:60592768 - pos <3231.902100, 3.497946, 1731.628540> - islocked:true - password:13121312) initialized
0-0-53 | STR_Camaro_Nest_name (ownerId:60592768 - pos <3245.895752, 3.116042, 1751.001709> - islocked:true - password:13121312) initialized
0-0-53 | Sarka 120 (ownerId:119311623 - pos <3304.866211, 20.648230, 6411.628418> - islocked:true - password:7101993) initialized
0-0-53 | Oshkosh grey (ownerId:64819467 - pos <4275.670898, 21.358604, 7271.522949> - islocked:true - password:7101993) initialized
0-0-53 | Toyota Land Cruiser 200 Camo (ownerId:119311623 - pos <4269.512207, 21.010038, 7264.751953> - islocked:true - password:7101993) initialized
0-0-53 | Oshkosh (ownerId:197257182 - pos <2966.873047, 9.824028, 6063.748535> - islocked:true - password:48151623) initialized
0-0-53 | Nissan warrior Camo (ownerId:48698262 - pos <2808.970947, 24.355621, 4837.265625> - islocked:true - password:48151623) initialized
0-0-53 | Gunter 2 (ownerId:218588421 - pos <3804.123291, 7.123185, 5908.918945> - islocked:true - password:3081984) initialized
0-18-53 | UAZ 3909 Ambulance (ownerId:521855408 - pos <7772.232910, 39.162598, 9620.734375> - islocked:true - password:9102021) new car claimed
0-18-53 | UAZ 3909 Ambulance (ownerId:521855408 - pos <7772.232910, 39.162598, 9620.734375> - islocked:true - password:9102021) initialized
0-35-54 | UAZ 3909 Ambulance (ownerId:521855408 - pos <5626.676270, 28.769648, 5388.826172> - islocked:true - password:9102021) has been deleted
0-55-19 | STR_SCOUT_snik2_name (ownerId:88929178 - pos <4392.065430, 5.933283, 4613.313477> - islocked:false - password:371400) has been deleted
0-55-36 | STR_SCOUT_snik2_name (ownerId:88929178 - pos <4398.722168, 5.969951, 4621.121582> - islocked:true - password:371400) new car claimed
0-55-36 | STR_SCOUT_snik2_name (ownerId:88929178 - pos <4398.722168, 5.969951, 4621.121582> - islocked:true - password:371400) initialized
1-15-32 | Oshkosh (ownerId:197257182 - pos <2966.944336, 8.922521, 6063.943848> - islocked:false - password:48151623) has been deleted
1-42-43 | Oshkosh (ownerId:197257182 - pos <2796.221436, 69.491669, 4655.166992> - islocked:true - password:48151623) new car claimed
1-42-43 | Oshkosh (ownerId:197257182 - pos <2796.221436, 69.491669, 4655.166992> - islocked:true - password:48151623) initialized
