Creation Time: 2023_5_21-12-0-52
12-0-52 | Cougar Camo kamo (ownerId:980466132 - pos <1447.439453, 3.095235, 6767.592285> - islocked:true - password:22392239) initialized
12-0-52 | MBB Bo-105m Helicopter - blackcamo (ownerId:132652049 - pos <10713.200195, 3.544967, 3209.765625> - islocked:true - password:86753099) initialized
12-0-52 | Jeep Wrangler black  (ownerId:132652049 - pos <10783.433594, 3.303206, 3262.018066> - islocked:false - password:17392468) initialized
12-0-52 | ToyotaHilux Red (ownerId:60592768 - pos <9562.668945, 4.356301, 5943.360840> - islocked:true - password:19651965) initialized
12-0-52 | MOSKVICH 2140 (ownerId:304057481 - pos <6950.713379, 14.669943, 5719.608887> - islocked:true - password:42687931) initialized
12-0-52 | Jeep Wrangler (ownerId:288122462 - pos <6887.381836, 34.020958, 5864.156738> - islocked:true - password:12321321) initialized
12-0-52 | HAMMER_H1 black (ownerId:405166905 - pos <5214.485352, 4.389018, 5327.307617> - islocked:true - password:1111991) initialized
12-0-52 | M3S Covered (ownerId:442990275 - pos <5679.814453, 32.702816, 5269.031250> - islocked:true - password:37579090) initialized
12-0-52 | Olga 24 (ownerId:442990275 - pos <5675.934082, 33.311420, 5271.700195> - islocked:true - password:37579090) initialized
12-0-52 | Sarka 120 (ownerId:442990275 - pos <5672.901855, 33.280090, 5272.805176> - islocked:true - password:37579090) initialized
12-0-52 | YAR_87 Camo2  (ownerId:34611550 - pos <7504.312012, 3.352002, 5638.244141> - islocked:true - password:19892004) initialized
12-0-52 | Chevrolet Corvette White  (ownerId:157174770 - pos <7500.621094, 2.791236, 5636.865723> - islocked:true - password:19892004) initialized
12-0-52 | UAZ_2315 Camo2 (ownerId:442990275 - pos <5669.539063, 33.251770, 5274.315918> - islocked:true - password:37579090) initialized
12-0-52 | Olga 24 (ownerId:839735782 - pos <3591.044434, 10.833332, 3410.537109> - islocked:true - password:13579086) initialized
12-0-52 | LUAZ 969 blue (ownerId:354151095 - pos <7124.617676, 2.998832, 5298.762695> - islocked:true - password:4250425) initialized
12-0-52 | LUAZ 969 rust (ownerId:88929178 - pos <5625.482910, 29.296350, 5419.025879> - islocked:true - password:371400) initialized
12-0-52 | Gaz 71 (ownerId:980466132 - pos <5631.483887, 29.531250, 5381.033691> - islocked:true - password:22392239) initialized
12-0-52 | UAZ 3909 Khaki1 (ownerId:36527682 - pos <5624.009766, 29.497904, 5364.641602> - islocked:true - password:93991005) initialized
12-0-52 | Sarka 120 (ownerId:86564395 - pos <5633.500488, 29.263453, 5421.973633> - islocked:true - password:59005900) initialized
12-0-52 | MOSKVICH 2140 (ownerId:419387242 - pos <6394.623047, 23.181293, 6685.235352> - islocked:true - password:58625862) initialized
12-0-52 | MOSKVICH 2140 (ownerId:944065078 - pos <6404.157227, 22.908758, 6742.474121> - islocked:true - password:97319731) initialized
12-0-52 | Offroad Range Rover police  (ownerId:69839805 - pos <4247.650391, 21.095661, 7296.851074> - islocked:false - password:20090909) initialized
12-0-52 | STR_Camaro_Nest_name (ownerId:137318436 - pos <4257.215820, 20.983667, 7294.000488> - islocked:true - password:20090909) initialized
12-0-52 | MH-6M Little Bird (ownerId:89279995 - pos <4271.427246, 21.848579, 7302.884766> - islocked:true - password:20090909) initialized
12-21-40 | Sarka 120 (ownerId:86564395 - pos <4874.550781, 20.705191, 7134.302734> - islocked:false - password:59005900) has been deleted
13-10-49 | Sarka 120 (ownerId:86564395 - pos <4955.219727, 20.699999, 7056.845703> - islocked:true - password:59005900) new car claimed
13-10-49 | Sarka 120 (ownerId:86564395 - pos <4955.219727, 20.400000, 7056.845703> - islocked:true - password:59005900) initialized
13-41-9 | Sarka 120 (ownerId:86564395 - pos <4875.218262, 20.689793, 7135.394531> - islocked:false - password:59005900) has been deleted
13-56-8 | Sarka 120 (ownerId:108250772 - pos <5617.138184, 28.686037, 5394.045898> - islocked:true - password:3181989) new car claimed
14-42-17 | Olga 24 (ownerId:442990275 - pos <5675.904785, 32.678967, 5271.403809> - islocked:true - password:-1) new car claimed
14-44-57 | Olga 24 (ownerId:36527682 - pos <5675.904785, 32.675213, 5271.347656> - islocked:true - password:10939910) new car claimed
14-52-39 | STR_Camaro_Nest_name (ownerId:137318436 - pos <5597.213379, 28.698759, 5363.020020> - islocked:true - password:20090909) has been deleted
15-0-30 | STR_EGER_name (ownerId:69839805 - pos <5609.128906, 28.753689, 5353.550293> - islocked:true - password:20090909) new car claimed
15-27-28 | UAZ_2315 Camo2 (ownerId:442990275 - pos <5669.257324, 32.576138, 5272.493652> - islocked:true - password:-1) new car claimed
15-27-57 | UAZ_2315 Camo2 (ownerId:442990275 - pos <5669.257324, 32.576138, 5272.493652> - islocked:true - password:42014201) new car claimed
17-13-21 | Olga 24 (ownerId:34611550 - pos <5670.458496, 4.819752, 9273.736328> - islocked:true - password:19892004) new car claimed
17-14-9 | Olga 24 (ownerId:34611550 - pos <5670.458496, 4.819752, 9273.736328> - islocked:true - password:19892004) has been deleted
17-18-38 | Gaz 71 (ownerId:980466132 - pos <5631.308594, 28.702606, 5380.843750> - islocked:true - password:22392239) has been deleted
17-23-15 | PAZ (green) (ownerId:980466132 - pos <5631.551758, 28.554523, 5380.129883> - islocked:true - password:22392239) new car claimed
