Creation Time: 2023_6_7-12-0-52
12-0-52 | MH-6M Little Bird - Camo (ownerId:369601190 - pos <5626.735840, 30.001434, 5415.713867> - islocked:true - password:80081355) initialized
12-0-52 | Jeep Wrangler (ownerId:944065078 - pos <5667.188477, 29.419518, 5339.477051> - islocked:false - password:97319731) initialized
12-0-52 | MOSKVICH 2140 (ownerId:288122462 - pos <6883.863281, 34.121441, 5878.004883> - islocked:true - password:12321123) initialized
12-0-52 | Audi RS6 (ownerId:85319837 - pos <5682.033203, 33.497345, 5242.730957> - islocked:true - password:1111110) initialized
12-0-52 | MOSKVICH 2140 (ownerId:54276291 - pos <5440.890137, 6.818770, 4639.782715> - islocked:true - password:12348262) initialized
12-0-52 | MOSKVICH 2140 (ownerId:137318436 - pos <4304.500000, 3.855569, 4680.525391> - islocked:true - password:20090909) initialized
12-0-52 | Olga 24 (ownerId:416867315 - pos <5378.852539, 74.598747, 3968.254150> - islocked:true - password:19993420) initialized
12-0-52 | MH-6M Little Bird - Desert (ownerId:132652049 - pos <10045.665039, 8.208423, 1098.988281> - islocked:false - password:13579246) initialized
12-0-52 | ToyotaHilux White (ownerId:60592768 - pos <9560.015625, 4.309802, 5946.571777> - islocked:true - password:19651965) initialized
12-0-52 | YAR_87 Camo2  (ownerId:34611550 - pos <2479.796143, 18.703585, 13963.012695> - islocked:true - password:19892004) initialized
12-0-52 | Olga 24 (ownerId:405166905 - pos <3424.073975, 23.085724, 6116.763184> - islocked:true - password:1111991) initialized
12-0-52 | Olga 24 (ownerId:501895347 - pos <3569.567383, 21.127258, 6543.796875> - islocked:true - password:42775920) initialized
12-0-52 | Jeep Wrangler Blue (ownerId:34611550 - pos <4246.239258, 21.212746, 7292.730957> - islocked:true - password:19892004) initialized
12-0-52 | MH-6M Little Bird (ownerId:34611550 - pos <4271.984863, 21.744884, 7303.545410> - islocked:true - password:19892004) initialized
12-0-52 | Jeep Wrangler black  (ownerId:308099129 - pos <3929.318359, 12.055122, 7918.307129> - islocked:true - password:9131988) initialized
12-0-52 | STR_Camaro_Lesnik_name (ownerId:442990275 - pos <1956.200073, 9.871473, 8872.093750> - islocked:true - password:42014201) initialized
12-0-52 | STR_EGER_name (ownerId:980466132 - pos <3688.989746, 12.084317, 9772.874023> - islocked:true - password:22392239) initialized
12-0-52 | ToyotaHilux Camo (ownerId:442990275 - pos <7248.803711, 25.022585, 1970.907471> - islocked:true - password:42014201) initialized
12-0-52 | LUAZ 969 black (ownerId:88929178 - pos <4146.072266, 4.054581, 4199.206055> - islocked:true - password:371400) initialized
12-0-52 | M3S Covered (ownerId:249230507 - pos <8282.172852, 5.026038, 9352.248047> - islocked:true - password:33333333) initialized
12-0-52 | Robinson R22 Helicopter (ownerId:249230507 - pos <8092.914063, 13.178654, 9330.942383> - islocked:true - password:33333333) initialized
12-0-52 | UAZ_2315 Red (ownerId:405166905 - pos <6231.651367, 5.504875, 9596.622070> - islocked:true - password:1111991) initialized
12-0-52 | Olga 24 (ownerId:86564395 - pos <5683.289063, 5.538038, 9264.157227> - islocked:true - password:59005900) initialized
12-0-52 | Sarka 120 (ownerId:144736642 - pos <7340.216797, 7.426135, 8406.367188> - islocked:true - password:41941941) initialized
12-0-52 | Ada 4x4 (ownerId:839735782 - pos <4959.776367, 15.151255, 8482.845703> - islocked:true - password:1051997) initialized
12-0-52 | M3S Covered (ownerId:86564395 - pos <4550.290527, 27.460194, 7875.549805> - islocked:false - password:59005900) initialized
12-0-52 | LUAZ 969 black (ownerId:36527682 - pos <7718.376953, 36.262539, 6068.660645> - islocked:true - password:93991005) initialized
12-21-16 | MH-6M Little Bird - Camo (ownerId:369601190 - pos <5662.391602, 33.502213, 5241.661133> - islocked:false - password:80081355) has been deleted
13-50-54 | MH-6M Little Bird - Camo (ownerId:369601190 - pos <5666.487793, 33.579998, 5245.180176> - islocked:true - password:80081355) new car claimed
13-50-54 | MH-6M Little Bird - Camo (ownerId:369601190 - pos <5666.487793, 33.580006, 5245.180176> - islocked:true - password:80081355) initialized
