Creation Time: 2023_4_28-18-0-53
18-0-53 | Sarka 120 (ownerId:419387242 - pos <7578.082520, 23.890865, 3910.623291> - islocked:false - password:8995862) has been deleted
18-0-53 | Ka26 Hoodlum Helicopter (ownerId:980466132 - pos <6770.423340, 54.633366, 1848.939819> - islocked:true - password:22392239) initialized
18-0-53 | Ada 4x4 (ownerId:62166080 - pos <6801.611328, 39.178020, 1808.978271> - islocked:true - password:22392239) initialized
18-0-53 | M3S Covered (ownerId:62166080 - pos <6795.052246, 39.137783, 1809.610596> - islocked:true - password:22392239) initialized
18-0-53 | Land Rover Defender 110 Green (ownerId:62166080 - pos <6795.712402, 39.705982, 1807.071655> - islocked:true - password:22392239) initialized
18-0-53 | Land Rover Defender 110 Red (ownerId:980466132 - pos <6796.533691, 39.705948, 1801.164063> - islocked:true - password:22392239) initialized
18-0-53 | Sarka 120 (ownerId:980466132 - pos <6801.629883, 39.738663, 1801.161499> - islocked:true - password:22392239) initialized
18-0-53 | Land Rover Defender 110 UN (ownerId:85319837 - pos <7572.665527, 24.168484, 3940.986328> - islocked:true - password:9151985) initialized
18-0-53 | Olga 24 (ownerId:419387242 - pos <7057.685547, 45.000690, 2053.506592> - islocked:true - password:8995862) initialized
18-0-53 | Sarka 120 (ownerId:22592522 - pos <6232.372559, 5.531158, 9589.974609> - islocked:true - password:5210521) initialized
18-0-53 | M3S Covered (ownerId:8156911 - pos <6232.800293, 5.800112, 9593.156250> - islocked:false - password:15500000) initialized
18-0-53 | Gunter 2 (ownerId:36527682 - pos <7190.431641, 3.389954, 5362.130371> - islocked:false - password:93991005) initialized
18-0-53 | UH-60 Blackhawk - blackblackhawk (ownerId:195214598 - pos <3224.051514, 7.616046, 1721.947144> - islocked:true - password:52528989) initialized
18-0-53 | Olga 24 (ownerId:965259563 - pos <3730.206787, 5.467777, 2551.072510> - islocked:true - password:11367275) initialized
18-0-53 | M3S Covered (ownerId:965259563 - pos <3771.024414, 6.350196, 2538.794189> - islocked:true - password:72524299) initialized
18-0-53 | Land Rover Defender 110 Red (ownerId:965259563 - pos <3730.660400, 6.048484, 2554.942139> - islocked:true - password:11367275) initialized
18-0-53 | Robinson R22 Helicopter (ownerId:965259563 - pos <3756.512451, 19.967381, 2601.171387> - islocked:true - password:11367275) initialized
18-0-53 | Land Rover Defender 110 (ownerId:192139039 - pos <1187.182373, 30.654337, 12557.834961> - islocked:true - password:7161994) initialized
18-0-53 | Robinson R22 Helicopter - Black (ownerId:62166080 - pos <518.581238, 40.943771, 11901.001953> - islocked:true - password:22392239) initialized
18-0-53 | Robinson R22 Helicopter (ownerId:195214598 - pos <1114.771606, 56.352501, 10648.643555> - islocked:true - password:52528989) initialized
18-0-53 | Robinson R22 Helicopter - Black (ownerId:980466132 - pos <2412.802490, 14.587966, 8575.505859> - islocked:true - password:22392239) initialized
18-0-53 | Land Rover Defender 110 Green (ownerId:177737910 - pos <2550.892334, 56.615479, 9454.169922> - islocked:true - password:25792579) initialized
18-0-53 | Robinson R22 Helicopter - Black (ownerId:984346468 - pos <4728.881836, 12.292105, 4692.963379> - islocked:true - password:83898389) initialized
18-0-53 | Sarka 120 (ownerId:405166905 - pos <10489.906250, 10.002514, 4274.236816> - islocked:true - password:19910111) initialized
18-0-53 | Robinson R22 Helicopter (ownerId:940915030 - pos <9512.575195, 102.761200, 3733.148193> - islocked:true - password:11853737) initialized
18-0-53 | Sarka 120 (ownerId:940915030 - pos <9511.229492, 102.703041, 3751.684326> - islocked:true - password:11853737) initialized
18-0-53 | M3S Covered (ownerId:965259563 - pos <5476.107422, 6.823667, 8611.251953> - islocked:true - password:11367275) initialized
18-0-53 | Ada 4x4 (ownerId:419387242 - pos <5611.094238, 28.810791, 5348.940918> - islocked:true - password:8995862) initialized
18-0-53 | Olga 24 (ownerId:288122462 - pos <5668.128906, 28.906279, 5408.219727> - islocked:true - password:12011152) initialized
18-0-53 | Robinson R22 Helicopter (ownerId:71319946 - pos <5672.808594, 33.907436, 5245.416016> - islocked:true - password:19944991) initialized
18-0-53 | Sarka 120 (ownerId:194642746 - pos <5445.511719, 5.328427, 4629.543945> - islocked:true - password:15474555) initialized
18-0-53 | Land Rover Defender 110 UN (ownerId:116364714 - pos <7713.597168, 36.267963, 6075.123047> - islocked:false - password:25082508) initialized
18-0-53 | M3S Covered (ownerId:944065078 - pos <7718.275879, 36.467003, 6089.899902> - islocked:false - password:25082508) initialized
18-0-53 | Sarka 120 (ownerId:944065078 - pos <7728.500977, 35.579056, 6087.260742> - islocked:false - password:25082508) initialized
18-0-53 | Land Rover Defender 110 Red (ownerId:60592768 - pos <9558.966797, 4.220775, 5944.478027> - islocked:true - password:19651965) initialized
22-27-22 | M3S Covered (ownerId:839735782 - pos <7017.099609, 17.193573, 5738.838867> - islocked:true - password:1051997) new car claimed
22-53-0 | M3S Covered (ownerId:965259563 - pos <7020.024902, 15.653057, 5728.358887> - islocked:false - password:11367275) has been deleted
