Creation Time: 2023_7_24-18-0-56
18-0-56 | Offroad Range Rover Yellow  (ownerId:103808025 - pos <7264.238281, 602.155823, 11730.521484> - islocked:true - password:55677777) initialized
18-0-56 | Toyota Land Cruiser 200 Camo2  (ownerId:24259541 - pos <7851.705566, 3.360450, 3841.262451> - islocked:true - password:17500720) initialized
18-0-56 | Olga 24 (ownerId:327529037 - pos <2793.505859, 69.612755, 4660.238281> - islocked:true - password:29292900) initialized
18-0-56 | Oshkosh (ownerId:197257182 - pos <2799.506592, 69.918594, 4663.191895> - islocked:true - password:48151623) initialized
18-0-56 | STR_EGER_GreenCamo_name (ownerId:197257182 - pos <2802.369629, 69.987404, 4663.776855> - islocked:true - password:48151623) initialized
18-0-56 | Gunter 2 (ownerId:48698262 - pos <5640.135742, 28.879118, 5330.802246> - islocked:true - password:48151623) initialized
18-0-56 | Opel Astra Chrome (ownerId:127107249 - pos <5656.683105, 28.961285, 5381.951172> - islocked:true - password:12186270) initialized
18-0-56 | LUAZ 969 (ownerId:75086644 - pos <2112.260498, 15.141332, 9178.431641> - islocked:false - password:10182009) initialized
18-0-56 | ToyotaHilux White (ownerId:511479797 - pos <7960.770996, 3.001116, 5948.733887> - islocked:true - password:27181500) initialized
18-0-56 | UAZ469 (ownerId:40055959 - pos <8928.157227, 6.384640, 10452.190430> - islocked:false - password:19711971) initialized
18-0-56 | Olga 24 (ownerId:40055959 - pos <8923.685547, 5.862724, 10450.628906> - islocked:true - password:19711971) initialized
18-0-56 | Chevrolet Corvette kamo (ownerId:89279995 - pos <3768.855469, 5.926556, 2601.777100> - islocked:true - password:20090909) initialized
18-0-56 | UAZ_2315 (ownerId:89279995 - pos <3774.869629, 6.414823, 2592.671631> - islocked:true - password:20090909) initialized
18-0-56 |  Novator Flecktarn (ownerId:93344906 - pos <3434.005859, 21.254305, 6505.991699> - islocked:true - password:29292900) initialized
18-0-56 | Velociraptor6x6 Camo (ownerId:369601190 - pos <5403.440430, 15.625607, 4918.453125> - islocked:true - password:55555552) initialized
18-0-56 | STR_EGER_GreenCamo_name (ownerId:523991778 - pos <5898.480469, 37.082638, 5221.343750> - islocked:false - password:22392239) initialized
18-0-56 | MH-6M Little Bird - Camo (ownerId:523450192 - pos <5890.479492, 41.853706, 5228.574707> - islocked:true - password:22392239) initialized
18-0-56 | Jeep Wrangler green  (ownerId:523450192 - pos <5904.261230, 37.164948, 5222.274414> - islocked:false - password:22392239) initialized
18-0-56 | Robinson R22 Helicopter - Black (ownerId:521855408 - pos <5663.715332, 33.940002, 5242.544434> - islocked:true - password:9102021) initialized
18-0-56 | Jeep Wrangler Camo (ownerId:526094573 - pos <5695.989746, 31.555561, 5231.927246> - islocked:true - password:11025255) initialized
18-0-56 | STR_Camaro_Sibirs_name (ownerId:407766611 - pos <5480.655273, 15.164764, 4976.344727> - islocked:true - password:55555552) initialized
18-0-56 | SCOUT Black (ownerId:442990275 - pos <5474.078125, 15.577124, 4935.667480> - islocked:true - password:37579090) initialized
18-0-56 | UAZ HUNTER (ownerId:447071218 - pos <5474.393555, 15.494905, 4944.642578> - islocked:true - password:15148636) initialized
18-0-56 | Ada 4x4 (ownerId:369601190 - pos <5474.475586, 15.606353, 4931.196289> - islocked:true - password:42014201) initialized
18-0-56 | UAZ 3909 Beige (ownerId:795695470 - pos <5468.113770, 15.597905, 4925.074707> - islocked:true - password:8031991) initialized
18-0-56 | Velociraptor6x6 Camo2  (ownerId:262549311 - pos <7192.795410, 61.652599, 5886.408203> - islocked:true - password:24680000) initialized
18-0-56 | Gunter 2 (ownerId:218588421 - pos <3805.838135, 6.898290, 5906.671387> - islocked:true - password:3081984) initialized
18-0-56 | MH-6M Little Bird - Camo (ownerId:132652049 - pos <1992.330078, 45.808281, 9015.568359> - islocked:false - password:9021997) initialized
18-0-56 | UH-60 Blackhawk Cargo (ownerId:119248354 - pos <2000.024170, 45.147633, 9025.763672> - islocked:false - password:11082007) initialized
18-0-56 | MH-6M Little Bird (ownerId:442990275 - pos <1983.144897, 45.808327, 9022.333008> - islocked:true - password:37579090) initialized
18-0-56 | Sarka 120 (ownerId:442990275 - pos <1991.247925, 10.260259, 9032.504883> - islocked:true - password:42014201) initialized
18-0-56 | HAMMER_H1 (ownerId:965259563 - pos <1891.735962, 9.924915, 9076.977539> - islocked:true - password:54146888) initialized
18-0-56 | Olga 24 (ownerId:511479797 - pos <1742.365356, 9.988575, 8908.454102> - islocked:false - password:27181500) initialized
18-0-56 | Sarka 120 (ownerId:75086644 - pos <2926.928467, 21.058117, 8849.213867> - islocked:true - password:10182009) initialized
18-0-56 | STR_Camaro_Veter_name (ownerId:88929178 - pos <7724.913574, 6.170704, 6788.975586> - islocked:false - password:371400) initialized
18-0-56 | Mercedes-Benz W140 Blue (ownerId:88929178 - pos <7716.661133, 5.937027, 6798.234863> - islocked:true - password:371400) initialized
18-0-56 | Toyota Land Cruiser 200 Camo2  (ownerId:88929178 - pos <7723.262207, 6.128180, 6802.252930> - islocked:true - password:371400) initialized
18-0-56 | HEMTT flecktarn (ownerId:88929178 - pos <7718.920410, 6.640543, 6804.869629> - islocked:true - password:371400) initialized
18-0-56 | Velociraptor6x6 Camo2  (ownerId:407766611 - pos <9992.777344, 22.684904, 11025.114258> - islocked:true - password:55555552) initialized
18-0-56 | STR_Camaro_Nest_name (ownerId:60592768 - pos <3246.333984, 3.116042, 1751.296509> - islocked:true - password:13121312) initialized
18-0-56 | UAZ 3909 Police (ownerId:60592768 - pos <3231.894775, 3.497945, 1731.676270> - islocked:true - password:13121312) initialized
18-0-56 | Offroad Range Rover police  (ownerId:60592768 - pos <3240.920898, 3.228037, 1718.943604> - islocked:true - password:13121312) initialized
18-0-56 | Oshkosh grey (ownerId:64819467 - pos <4245.042969, 21.536226, 7274.150879> - islocked:true - password:7101993) initialized
18-0-56 | Toyota Land Cruiser 200 Camo (ownerId:119311623 - pos <4246.868164, 21.187656, 7294.254395> - islocked:true - password:7101993) initialized
18-0-56 | BMW X5 Black (ownerId:215888376 - pos <4250.064941, 21.092596, 7296.986328> - islocked:true - password:7101993) initialized
18-0-56 | Nissan warrior Camo (ownerId:119311623 - pos <4252.930176, 21.283245, 7298.982422> - islocked:true - password:7101993) initialized
18-0-56 | MOSKVICH 2140 (ownerId:882346394 - pos <6661.187500, 15.562318, 6320.548340> - islocked:true - password:42091103) initialized
18-0-56 | Gaz 71 Black (ownerId:119248354 - pos <2864.397949, 23.446268, 3923.808350> - islocked:false - password:11082007) initialized
18-0-56 | LUAZ 969 red (ownerId:405166905 - pos <3449.201416, 7.684389, 5046.085938> - islocked:true - password:11111111) initialized
18-6-48 | Gelenvagen white_camo2 (ownerId:523450192 - pos <6708.710938, 15.343921, 6240.866699> - islocked:true - password:22392239) new car claimed
18-6-48 | Gelenvagen white_camo2 (ownerId:523450192 - pos <6708.710938, 15.336804, 6240.866699> - islocked:true - password:22392239) initialized
18-11-53 | Sarka 120 (ownerId:75086644 - pos <2926.932129, 20.432611, 8849.373047> - islocked:true - password:10182009) has been deleted
18-21-3 | Jeep Wrangler green  (ownerId:523450192 - pos <5921.943359, 34.944359, 5187.944824> - islocked:false - password:22392239) has been deleted
20-10-13 | Mercedes-Benz W140 Blue (ownerId:88929178 - pos <7716.573730, 5.584670, 6798.181152> - islocked:false - password:371400) has been deleted
20-10-31 | Mercedes-Benz W140 Blue (ownerId:88929178 - pos <7725.444336, 6.068617, 6795.783691> - islocked:true - password:371400) new car claimed
20-10-31 | Mercedes-Benz W140 Blue (ownerId:88929178 - pos <7725.444336, 6.068617, 6795.783691> - islocked:true - password:371400) initialized
20-42-12 | Toyota Land Cruiser 200 Camo2  (ownerId:88929178 - pos <7723.245117, 5.588057, 6802.261230> - islocked:false - password:371400) has been deleted
20-42-33 | Toyota Land Cruiser 200 Camo2  (ownerId:88929178 - pos <7728.037109, 6.068716, 6790.571289> - islocked:true - password:371400) new car claimed
20-42-33 | Toyota Land Cruiser 200 Camo2  (ownerId:88929178 - pos <7728.037109, 6.068716, 6790.571289> - islocked:true - password:371400) initialized
20-54-55 | Sarka 120 (ownerId:89279995 - pos <3764.740234, 5.780001, 2586.171875> - islocked:true - password:20090909) new car claimed
20-54-55 | Sarka 120 (ownerId:89279995 - pos <3764.740234, 5.773436, 2586.171875> - islocked:true - password:20090909) initialized
22-31-12 | MH-6M Little Bird - Camo (ownerId:88929178 - pos <7718.388672, 12.519979, 6788.507813> - islocked:true - password:371400) new car claimed
22-31-12 | MH-6M Little Bird - Camo (ownerId:88929178 - pos <7718.388672, 12.519979, 6788.507813> - islocked:true - password:371400) initialized
23-15-19 | Ada 4x4 (ownerId:40055959 - pos <8602.172852, 5.170704, 9239.119141> - islocked:true - password:19711971) new car claimed
