Creation Time: 2023_5_5-6-0-53
6-0-53 | Robinson R22 Helicopter (ownerId:195214598 - pos <1190.838501, 56.231636, 10625.180664> - islocked:true - password:52528989) initialized
6-0-53 | Land Rover Defender 110 Green (ownerId:177737910 - pos <2550.604492, 57.004044, 9449.898438> - islocked:false - password:25792579) initialized
6-0-53 | Robinson R22 Helicopter (ownerId:940915030 - pos <9512.575195, 102.761208, 3733.148193> - islocked:true - password:11853737) initialized
6-0-53 | Sarka 120 (ownerId:405166905 - pos <10490.982422, 10.001175, 4277.311523> - islocked:true - password:19910111) initialized
6-0-53 | Ada 4x4 (ownerId:16874355 - pos <10732.898438, 90.320938, 6156.010254> - islocked:true - password:15795315) initialized
6-0-53 | M3S Covered (ownerId:944065078 - pos <5336.963867, 5.947076, 9172.091797> - islocked:true - password:25082508) initialized
6-0-53 | Sarka 120 (ownerId:944065078 - pos <5345.278809, 4.886048, 9182.043945> - islocked:true - password:25082508) initialized
6-0-53 | Robinson R22 Helicopter (ownerId:839735782 - pos <5454.369629, 7.479031, 8605.248047> - islocked:true - password:1051997) initialized
6-0-53 | Land Rover Defender 110 Red (ownerId:839735782 - pos <5476.922852, 7.404718, 8609.433594> - islocked:true - password:1051997) initialized
6-0-53 | M3S Covered (ownerId:965259563 - pos <5467.955078, 7.855030, 8578.822266> - islocked:true - password:72524299) initialized
6-0-53 | Land Rover Defender 110 Red (ownerId:60592768 - pos <8566.305664, 6.338410, 3732.059326> - islocked:true - password:19651965) initialized
6-0-53 | Land Rover Defender 110 UN (ownerId:116364714 - pos <7696.226563, 37.402309, 6075.553223> - islocked:false - password:25082508) initialized
6-0-53 | Land Rover Defender 110 Green (ownerId:62166080 - pos <7573.144531, 24.168484, 3946.037109> - islocked:true - password:22392239) initialized
6-0-53 | Land Rover Defender 110 UN (ownerId:85319837 - pos <7572.665527, 24.168484, 3940.986328> - islocked:false - password:9151985) initialized
6-0-53 | Sarka 120 (ownerId:85319837 - pos <7574.907227, 24.190281, 3928.427734> - islocked:true - password:1111110) initialized
6-0-53 | Gunter 2 (ownerId:36527682 - pos <7175.726563, 1.607920, 5370.589844> - islocked:true - password:93991005) initialized
6-0-53 | M3S Covered (ownerId:18558559 - pos <4029.557617, 23.258610, 4823.461914> - islocked:true - password:72066666) initialized
6-0-53 | Robinson R22 Helicopter - Black (ownerId:980466132 - pos <7347.331543, 101.076942, 6033.897461> - islocked:true - password:22392239) initialized
6-0-53 | Ada 4x4 (ownerId:419387242 - pos <5605.233398, 28.853203, 5349.266113> - islocked:true - password:8995862) initialized
6-0-53 | Land Rover Defender 110 Red (ownerId:6938606 - pos <5592.865723, 29.277292, 5385.634277> - islocked:true - password:20090909) initialized
6-0-53 | Sarka 120 (ownerId:194642746 - pos <5445.607910, 5.324209, 4629.501953> - islocked:true - password:15474555) initialized
6-0-53 | Robinson R22 Helicopter - Black (ownerId:984346468 - pos <4728.883789, 12.292176, 4692.959961> - islocked:true - password:83898389) initialized
6-0-53 | Robinson R22 Helicopter (ownerId:71319946 - pos <5672.808594, 33.907436, 5245.416016> - islocked:true - password:19944991) initialized
6-0-53 | Robinson R22 Helicopter - Black (ownerId:144736642 - pos <7024.004883, 56.164158, 2074.408691> - islocked:true - password:76117611) initialized
6-0-53 | MH-6M Little Bird - Desert (ownerId:419387242 - pos <7062.629395, 54.273148, 2072.423340> - islocked:true - password:58625862) initialized
6-0-53 | Olga 24 (ownerId:419387242 - pos <7056.521973, 45.007996, 2053.265625> - islocked:true - password:8995862) initialized
6-0-53 | Olga 24 (ownerId:108250772 - pos <7113.928711, 37.535385, 2252.849365> - islocked:true - password:12345678) initialized
6-0-53 | Ka26 Hoodlum Helicopter (ownerId:980466132 - pos <6778.616699, 54.637424, 1849.729980> - islocked:true - password:22392239) initialized
6-0-53 | MH-6M Little Bird - Camo (ownerId:62166080 - pos <6786.428223, 54.240791, 1834.988281> - islocked:true - password:22392239) initialized
6-0-53 | MBB Bo-105m Helicopter - blackcamo (ownerId:980466132 - pos <6766.033203, 54.748096, 1846.528564> - islocked:true - password:22392239) initialized
6-0-53 | Sarka 120 (ownerId:980466132 - pos <6801.630371, 39.738670, 1801.161499> - islocked:true - password:22392239) initialized
6-0-53 | M3S Covered (ownerId:980466132 - pos <6795.375000, 40.007652, 1809.530884> - islocked:true - password:22392239) initialized
6-0-53 | Land Rover Defender 110 Red (ownerId:980466132 - pos <6795.834473, 39.705971, 1806.519043> - islocked:true - password:22392239) initialized
6-0-53 | Land Rover Defender 110 Red (ownerId:132652049 - pos <4265.515625, 1.804131, 2502.444580> - islocked:true - password:9031783) initialized
6-0-53 | Land Rover Defender 110 Red (ownerId:69867734 - pos <4565.325195, 4.368485, 2784.549805> - islocked:false - password:69696969) initialized
6-0-53 | M3S Covered (ownerId:965259563 - pos <3771.238037, 5.576922, 2545.763428> - islocked:true - password:2061963) initialized
6-0-53 | Olga 24 (ownerId:965259563 - pos <3736.758545, 5.627579, 2547.730225> - islocked:true - password:11367275) initialized
6-0-53 | Gunter 2 (ownerId:965259563 - pos <3730.660400, 5.683287, 2547.984863> - islocked:true - password:86753099) initialized
6-0-53 | Sarka 120 (ownerId:965259563 - pos <3741.977539, 6.240945, 2559.270752> - islocked:true - password:72524299) initialized
6-0-53 | Land Rover Defender 110 Red (ownerId:965259563 - pos <3731.037842, 6.048485, 2554.391602> - islocked:true - password:11367275) initialized
6-0-53 | Robinson R22 Helicopter (ownerId:965259563 - pos <3760.882324, 19.991440, 2594.415283> - islocked:true - password:11367275) initialized
6-0-53 | Mil Mi-2 Helicopter - Hornet (ownerId:965259563 - pos <3769.468018, 6.726124, 2491.805908> - islocked:true - password:11367275) initialized
6-0-53 | UH-60 Blackhawk - blackblackhawk (ownerId:195214598 - pos <3224.051514, 7.616046, 1721.942017> - islocked:true - password:52528989) initialized
