Creation Time: 2023_6_9-6-0-47
6-0-47 | ToyotaHilux Camo (ownerId:442990275 - pos <7248.804199, 25.022585, 1970.906860> - islocked:true - password:42014201) initialized
6-0-47 | YAR_87 Camo2  (ownerId:34611550 - pos <2479.789795, 18.702372, 13963.010742> - islocked:true - password:19892004) initialized
6-0-47 | ToyotaHilux White (ownerId:60592768 - pos <9560.018555, 4.309752, 5946.573730> - islocked:true - password:19651965) initialized
6-0-47 | LUAZ 969 black (ownerId:36527682 - pos <7718.376953, 36.262535, 6068.660645> - islocked:true - password:93991005) initialized
6-0-47 | MH-6M Little Bird - Desert (ownerId:132652049 - pos <10045.665039, 8.208423, 1098.988281> - islocked:false - password:13579246) initialized
6-0-47 | UAZ_2315 Red (ownerId:405166905 - pos <6151.449707, 6.959218, 13431.333008> - islocked:true - password:1111991) initialized
6-0-47 | MOSKVICH 2140 (ownerId:288122462 - pos <6883.863281, 34.121441, 5878.004883> - islocked:true - password:12321123) initialized
6-0-47 | Olga 24 (ownerId:416867315 - pos <5378.852539, 74.598717, 3968.254150> - islocked:true - password:19993420) initialized
6-0-47 | LUAZ 969 black (ownerId:88929178 - pos <4146.070801, 4.054632, 4199.205566> - islocked:true - password:371400) initialized
6-0-47 | MOSKVICH 2140 (ownerId:54276291 - pos <5440.957031, 6.813553, 4639.775879> - islocked:true - password:12348262) initialized
6-0-47 | Audi RS6 (ownerId:85319837 - pos <5682.035156, 33.497444, 5242.729980> - islocked:true - password:1111110) initialized
6-0-47 | Jeep Wrangler (ownerId:944065078 - pos <5667.188477, 29.420313, 5339.477051> - islocked:false - password:97319731) initialized
6-0-47 | MOSKVICH 2140 (ownerId:137318436 - pos <4304.499512, 3.855569, 4680.525391> - islocked:true - password:20090909) initialized
6-0-47 | Olga 24 (ownerId:405166905 - pos <3425.020996, 23.085600, 6115.207520> - islocked:true - password:1111991) initialized
6-0-47 | Olga 24 (ownerId:501895347 - pos <3569.457031, 21.092062, 6543.831543> - islocked:true - password:42775920) initialized
6-0-47 | MH-6M Little Bird - Camo (ownerId:369601190 - pos <1571.351074, 10.481435, 9033.911133> - islocked:true - password:80081355) initialized
6-0-47 | STR_Camaro_Lesnik_name (ownerId:442990275 - pos <1956.197510, 9.871471, 8872.092773> - islocked:true - password:42014201) initialized
6-0-47 | Jeep Wrangler black  (ownerId:308099129 - pos <3929.318359, 12.055122, 7918.307129> - islocked:true - password:9131988) initialized
6-0-47 | STR_EGER_name (ownerId:980466132 - pos <3688.995361, 12.085262, 9772.874023> - islocked:true - password:22392239) initialized
6-0-47 | Jeep Wrangler Blue (ownerId:34611550 - pos <4246.239258, 21.212746, 7292.730957> - islocked:true - password:19892004) initialized
6-0-47 | MH-6M Little Bird (ownerId:34611550 - pos <4271.984863, 21.744884, 7303.545410> - islocked:true - password:19892004) initialized
6-0-47 | M3S Covered (ownerId:86564395 - pos <4550.290527, 27.460142, 7875.549805> - islocked:false - password:59005900) initialized
6-0-47 | Ada 4x4 (ownerId:839735782 - pos <4959.787109, 15.150625, 8482.845703> - islocked:true - password:1051997) initialized
6-0-47 | Olga 24 (ownerId:86564395 - pos <5683.289063, 5.538048, 9264.157227> - islocked:true - password:59005900) initialized
6-0-47 | Sarka 120 (ownerId:144736642 - pos <7340.216797, 7.426137, 8406.367188> - islocked:true - password:41941941) initialized
6-0-47 | Robinson R22 Helicopter (ownerId:249230507 - pos <8092.914063, 13.178655, 9330.942383> - islocked:true - password:33333333) initialized
6-0-47 | M3S Covered (ownerId:249230507 - pos <8282.188477, 5.025822, 9352.284180> - islocked:true - password:33333333) initialized
10-18-51 | Olga 24 (ownerId:369601190 - pos <3197.591309, 22.639999, 4062.237549> - islocked:true - password:4031965) new car claimed
10-18-51 | Olga 24 (ownerId:369601190 - pos <3197.591309, 22.639999, 4062.237549> - islocked:true - password:4031965) initialized
11-27-57 | Olga 24 (ownerId:369601190 - pos <3144.386719, 22.494104, 4172.351563> - islocked:false - password:4031965) has been deleted
