Creation Time: 2023_4_24-0-0-55
0-0-55 | UH-60 Blackhawk Cargo (ownerId:980466132 - pos <1464.351318, 10.223745, 15308.762695> - islocked:true - password:22392239) initialized
0-0-55 | Robinson R22 Helicopter (ownerId:195214598 - pos <1114.772339, 56.352501, 10648.643555> - islocked:true - password:52528989) initialized
0-0-55 | Sarka 120 (ownerId:980466132 - pos <6795.606445, 39.738834, 1800.613037> - islocked:true - password:22392239) initialized
0-0-55 | Ada 4x4 (ownerId:62166080 - pos <6793.700195, 39.194782, 1805.933716> - islocked:true - password:22392239) initialized
0-0-55 | M3S Covered (ownerId:62166080 - pos <6795.897461, 39.128994, 1809.067627> - islocked:false - password:22392239) initialized
0-0-55 | MH-6M Little Bird - Desert (ownerId:62166080 - pos <6770.924316, 54.240795, 1834.289673> - islocked:true - password:22392239) initialized
0-0-55 | Robinson R22 Helicopter - Black (ownerId:62166080 - pos <6786.493164, 53.509369, 1834.473999> - islocked:true - password:22392239) initialized
0-0-55 | Land Rover Defender 110 Red (ownerId:60592768 - pos <9560.965820, 4.180206, 5944.767578> - islocked:true - password:19651965) initialized
0-0-55 | Robinson R22 Helicopter (ownerId:940915030 - pos <9512.575195, 102.761200, 3733.148193> - islocked:true - password:11853737) initialized
0-0-55 | Sarka 120 (ownerId:940915030 - pos <9511.229492, 102.703041, 3751.684570> - islocked:true - password:11853737) initialized
0-0-55 | Robinson R22 Helicopter - Black (ownerId:34745177 - pos <9138.473633, 47.966187, 3793.892090> - islocked:false - password:67698687) initialized
0-0-55 | Sarka 120 (ownerId:944065078 - pos <7728.505859, 35.526340, 6087.274414> - islocked:true - password:25082508) initialized
0-0-55 | M3S Covered (ownerId:944065078 - pos <7718.276855, 36.466938, 6089.898438> - islocked:true - password:25082508) initialized
0-0-55 | Ada 4x4 (ownerId:944065078 - pos <7712.779785, 35.737926, 6077.729004> - islocked:true - password:25082508) initialized
0-0-55 | Land Rover Defender 110 UN (ownerId:116364714 - pos <7707.875000, 36.516720, 6075.210938> - islocked:true - password:25082508) initialized
0-0-55 | Olga 24 (ownerId:944065078 - pos <7705.248535, 36.639782, 6081.421387> - islocked:true - password:97319731) initialized
0-0-55 | Sarka 120 (ownerId:405166905 - pos <7924.395996, 7.959678, 4262.357910> - islocked:true - password:19910111) initialized
0-0-55 | Bell 429 Helicopter (ownerId:195214598 - pos <8112.442871, 214.221069, 11880.533203> - islocked:true - password:52898952) initialized
0-0-55 | UH-60 Blackhawk - blackblackhawk (ownerId:195214598 - pos <8069.666992, 215.248932, 11834.370117> - islocked:true - password:89895252) initialized
0-0-55 | M3S Covered (ownerId:67657702 - pos <9798.914063, 3.634002, 7868.164063> - islocked:true - password:19944991) initialized
0-0-55 | UH-60 Blackhawk - blackblackhawk (ownerId:195214598 - pos <3224.051514, 7.616047, 1721.950195> - islocked:true - password:52528989) initialized
0-0-55 | Olga 24 (ownerId:965259563 - pos <3732.497559, 5.627563, 2547.633057> - islocked:true - password:11367275) initialized
0-0-55 | M3S Covered (ownerId:965259563 - pos <3734.476563, 5.471598, 2555.293457> - islocked:true - password:11367275) initialized
0-0-55 | Sarka 120 (ownerId:22592522 - pos <6232.373047, 5.531149, 9589.974609> - islocked:true - password:5210521) initialized
0-0-55 | M3S Covered (ownerId:8156911 - pos <6232.800781, 5.800152, 9593.156250> - islocked:false - password:15500000) initialized
0-0-55 | Robinson R22 Helicopter (ownerId:965259563 - pos <3756.512451, 19.967382, 2601.171387> - islocked:true - password:11367275) initialized
0-0-55 | Olga 24 (ownerId:288122462 - pos <5668.093262, 28.908356, 5408.236816> - islocked:true - password:12011152) initialized
0-0-55 | M3S Covered (ownerId:108250772 - pos <5632.483398, 29.510435, 5422.616211> - islocked:true - password:78945612) initialized
0-0-55 | Land Rover Defender 110 Red (ownerId:108250772 - pos <5627.019531, 29.278482, 5387.046387> - islocked:true - password:14725836) initialized
0-0-55 | Land Rover Defender 110 (ownerId:108250772 - pos <5625.816406, 29.278488, 5376.927734> - islocked:true - password:14725836) initialized
0-0-55 | Land Rover Defender 110 Green (ownerId:85319837 - pos <5617.498535, 29.278488, 5378.230957> - islocked:false - password:1111110) initialized
0-0-55 | Land Rover Defender 110 (ownerId:192139039 - pos <5625.308105, 29.278482, 5416.438477> - islocked:true - password:7161994) initialized
0-0-55 | Land Rover Defender 110 Red (ownerId:965259563 - pos <5622.843262, 29.278511, 5408.700684> - islocked:true - password:11367275) initialized
0-0-55 | Gunter 2 (ownerId:419387242 - pos <5600.564453, 28.753471, 5362.688965> - islocked:true - password:69694200) initialized
0-0-55 | Sarka 120 (ownerId:194642746 - pos <3339.087891, 12.495911, 8733.343750> - islocked:false - password:15474555) initialized
0-0-55 | Robinson R22 Helicopter (ownerId:71319946 - pos <5672.808594, 33.907421, 5245.416016> - islocked:true - password:19944991) initialized
0-0-55 | UH-60 Blackhawk - Woodland (ownerId:85319837 - pos <3985.974121, 16.854170, 3474.665283> - islocked:true - password:1111110) initialized
0-0-55 | Land Rover Defender 110 Green (ownerId:62166080 - pos <4799.869629, 19.938864, 4363.712402> - islocked:true - password:22392239) initialized
0-0-55 | Land Rover Defender 110 Green (ownerId:177737910 - pos <2958.763916, 21.186316, 9080.310547> - islocked:true - password:25792579) initialized
0-0-55 | Robinson R22 Helicopter - Black (ownerId:980466132 - pos <7348.521973, 101.077187, 6033.944824> - islocked:true - password:22392239) initialized
0-40-37 | Gunter 2 (ownerId:965259563 - pos <3752.716309, 5.650974, 2571.687988> - islocked:true - password:88888888) new car claimed
0-46-30 | MH-6M Little Bird - Desert (ownerId:62166080 - pos <6770.902832, 52.873936, 1834.312134> - islocked:false - password:-1) new car claimed
0-59-58 | Land Rover Defender 110 Red (ownerId:980466132 - pos <6744.883789, 38.952465, 1815.094849> - islocked:true - password:22392239) new car claimed
1-13-32 | Gunter 2 (ownerId:965259563 - pos <3759.383789, 5.688023, 2547.232422> - islocked:true - password:88888888) has been deleted
