Creation Time: 2023_4_10-0-0-51
0-0-51 | Robinson R22 Helicopter (ownerId:940915030 - pos <9512.575195, 102.761200, 3733.148193> - islocked:true - password:11853737) initialized
0-0-51 | Sarka 120 (ownerId:940915030 - pos <9511.229492, 102.703018, 3751.685303> - islocked:true - password:11853737) initialized
0-0-51 | MH-6M Little Bird - Desert (ownerId:62166080 - pos <11315.014648, 1.721356, 10937.529297> - islocked:false - password:22392239) initialized
0-0-51 | Olga 24 (ownerId:965259563 - pos <3756.631836, 5.595236, 2568.687744> - islocked:true - password:11367275) initialized
0-0-51 | UH-60 Blackhawk - Woodland (ownerId:85319837 - pos <3985.975586, 16.854153, 3474.664307> - islocked:true - password:1111110) initialized
0-0-51 | Olga 24 (ownerId:62166080 - pos <6800.304199, 39.125355, 1803.357910> - islocked:false - password:22392239) initialized
0-0-51 | Ada 4x4 (ownerId:980466132 - pos <6795.198730, 39.193409, 1804.031250> - islocked:true - password:22392239) initialized
0-0-51 | M3S Covered (ownerId:62166080 - pos <6796.273926, 39.129002, 1809.293335> - islocked:true - password:22392239) initialized
0-0-51 | UH-60 Blackhawk Cargo (ownerId:980466132 - pos <6772.554688, 54.691090, 1850.049561> - islocked:true - password:22392239) initialized
0-0-51 | Robinson R22 Helicopter - Black (ownerId:108250772 - pos <8696.025391, 2.231339, 5545.102539> - islocked:false - password:14789632) initialized
0-0-51 | Sarka 120 (ownerId:67657702 - pos <5909.865234, 1.377777, 8396.455078> - islocked:true - password:19944991) initialized
0-0-51 | Gunter 2 (ownerId:85319837 - pos <5599.249023, 28.802898, 5346.796875> - islocked:true - password:1111110) initialized
0-0-51 | Olga 24 (ownerId:288122462 - pos <5600.261719, 29.331976, 5349.436523> - islocked:true - password:12011152) initialized
0-0-51 | Olga 24 (ownerId:195214598 - pos <5541.247070, 12.159958, 6198.105469> - islocked:true - password:52898989) initialized
0-0-51 | M3S Covered (ownerId:67657702 - pos <5519.386719, 11.273317, 6204.594727> - islocked:true - password:19944991) initialized
0-0-51 | Robinson R22 Helicopter - Black (ownerId:108250772 - pos <5548.154297, 17.619108, 5532.683594> - islocked:true - password:12345678) initialized
0-0-51 | Robinson R22 Helicopter - Black (ownerId:980466132 - pos <7351.135742, 101.076927, 6033.112793> - islocked:true - password:22392239) initialized
0-0-51 | Gunter 2 (ownerId:965259563 - pos <5987.041504, 5.923476, 13980.994141> - islocked:true - password:11367275) initialized
0-0-51 | Sarka 120 (ownerId:62166080 - pos <4935.071289, 22.361692, 8269.743164> - islocked:false - password:22392239) initialized
0-7-41 | M3S Covered (ownerId:108250772 - pos <10207.018555, 19.320461, 7947.722656> - islocked:true - password:78945612) new car claimed
1-14-20 | Robinson R22 Helicopter - Black (ownerId:67657702 - pos <10207.056641, 26.937469, 7945.656250> - islocked:true - password:19944991) new car claimed
1-18-19 | Sarka 120 (ownerId:62166080 - pos <6714.184082, 38.796032, 1935.986084> - islocked:false - password:22392239) has been deleted
1-25-8 | Sarka 120 (ownerId:980466132 - pos <5601.720703, 28.686028, 5360.395508> - islocked:true - password:22392239) new car claimed
1-43-49 | Robinson R22 Helicopter - Black (ownerId:71319946 - pos <5623.201172, 28.763313, 5409.187988> - islocked:true - password:19944991) new car claimed
2-28-38 | M1025 (ownerId:24224791 - pos <5594.552246, 28.728132, 5364.209961> - islocked:true - password:14041288) new car claimed
3-10-51 | M1025 (ownerId:24224791 - pos <5468.649902, 5.637499, 4640.664063> - islocked:true - password:14041288) has been deleted
3-25-37 | Robinson R22 Helicopter - Black (ownerId:71319946 - pos <5623.201172, 28.763313, 5409.187988> - islocked:false - password:19944991) has been deleted
