Creation Time: 2023_4_30-12-57-32
12-57-32 | Land Rover Defender 110 (ownerId:192139039 - pos <1187.259644, 27.925663, 12556.045898> - islocked:true - password:7161994) initialized
12-57-32 | Robinson R22 Helicopter - Black (ownerId:62166080 - pos <518.580688, 40.944336, 11901.006836> - islocked:true - password:22392239) initialized
12-57-32 | Land Rover Defender 110 Green (ownerId:177737910 - pos <2551.129150, 56.708290, 9452.718750> - islocked:true - password:25792579) initialized
12-57-32 | Robinson R22 Helicopter (ownerId:195214598 - pos <1114.771484, 56.352501, 10648.643555> - islocked:true - password:52528989) initialized
12-57-32 | Robinson R22 Helicopter (ownerId:940915030 - pos <9512.575195, 102.761208, 3733.148193> - islocked:true - password:11853737) initialized
12-57-32 | Sarka 120 (ownerId:405166905 - pos <10489.906250, 10.002504, 4274.236816> - islocked:true - password:19910111) initialized
12-57-32 | M3S Covered (ownerId:8156911 - pos <6232.799805, 5.800184, 9593.156250> - islocked:false - password:15500000) initialized
12-57-32 | Sarka 120 (ownerId:22592522 - pos <6232.373047, 5.531147, 9589.974609> - islocked:true - password:5210521) initialized
12-57-32 | Land Rover Defender 110 Red (ownerId:60592768 - pos <9561.738281, 4.179235, 5944.402344> - islocked:true - password:19651965) initialized
12-57-32 | Ada 4x4 (ownerId:62166080 - pos <6902.654297, 38.440704, 2104.053955> - islocked:true - password:22392239) initialized
12-57-32 | Olga 24 (ownerId:419387242 - pos <7057.720215, 45.000034, 2053.502197> - islocked:true - password:8995862) initialized
12-57-32 | Land Rover Defender 110 Green (ownerId:62166080 - pos <6795.774414, 39.706364, 1806.612793> - islocked:false - password:22392239) initialized
12-57-32 | Land Rover Defender 110 Red (ownerId:980466132 - pos <6796.332031, 39.705944, 1802.321167> - islocked:true - password:22392239) initialized
12-57-32 | Sarka 120 (ownerId:980466132 - pos <6801.630859, 39.738655, 1801.161377> - islocked:true - password:22392239) initialized
12-57-32 | MBB Bo-105m Helicopter - blackcamo (ownerId:980466132 - pos <6768.891113, 54.751770, 1849.850220> - islocked:true - password:22392239) initialized
12-57-32 | UH-60 Blackhawk - blackblackhawk (ownerId:195214598 - pos <3224.051514, 7.616046, 1721.945068> - islocked:true - password:52528989) initialized
12-57-32 | Olga 24 (ownerId:965259563 - pos <3729.998291, 5.467792, 2551.069824> - islocked:false - password:11367275) initialized
12-57-32 | Robinson R22 Helicopter (ownerId:965259563 - pos <3756.512451, 19.967381, 2601.171387> - islocked:true - password:11367275) initialized
12-57-32 | Land Rover Defender 110 Red (ownerId:132652049 - pos <4261.129883, 2.255430, 2514.645996> - islocked:true - password:9031783) initialized
12-57-32 | Land Rover Defender 110 Red (ownerId:965259563 - pos <4283.153809, 4.464571, 2543.508545> - islocked:true - password:11367275) initialized
12-57-32 | Robinson R22 Helicopter - Black (ownerId:984346468 - pos <4728.882813, 12.292112, 4692.961914> - islocked:true - password:83898389) initialized
12-57-32 | Sarka 120 (ownerId:194642746 - pos <5445.542969, 5.327061, 4629.530273> - islocked:true - password:15474555) initialized
12-57-32 | Gunter 2 (ownerId:36527682 - pos <7179.041504, 1.597440, 5367.742188> - islocked:false - password:93991005) initialized
12-57-32 | Robinson R22 Helicopter - Black (ownerId:980466132 - pos <7349.647949, 101.077263, 6033.751465> - islocked:false - password:22392239) initialized
12-57-32 | Land Rover Defender 110 UN (ownerId:116364714 - pos <7704.690430, 36.730232, 6074.511230> - islocked:false - password:25082508) initialized
12-57-32 | Sarka 120 (ownerId:944065078 - pos <7710.932129, 35.741928, 6077.476074> - islocked:false - password:25082508) initialized
12-57-32 | M3S Covered (ownerId:944065078 - pos <7718.275879, 36.466972, 6089.899902> - islocked:false - password:25082508) initialized
12-57-32 | Ada 4x4 (ownerId:419387242 - pos <5619.859375, 28.750700, 5352.526855> - islocked:true - password:8995862) initialized
12-57-32 | Robinson R22 Helicopter (ownerId:71319946 - pos <5672.808594, 33.907436, 5245.416016> - islocked:true - password:19944991) initialized
12-57-32 | M3S Covered (ownerId:108250772 - pos <5656.403320, 28.701443, 5426.492188> - islocked:true - password:12345678) initialized
12-57-32 | M3S Covered (ownerId:965259563 - pos <5465.726563, 7.868539, 8577.351563> - islocked:true - password:72524299) initialized
12-57-32 | Land Rover Defender 110 UN (ownerId:85319837 - pos <7572.665527, 24.168486, 3940.986328> - islocked:true - password:9151985) initialized
12-57-32 | M3S Covered (ownerId:980466132 - pos <5681.084473, 29.580208, 5387.611328> - islocked:true - password:22392239) initialized
12-57-32 | M3S Covered (ownerId:839735782 - pos <5477.969238, 7.706917, 8608.755859> - islocked:true - password:1051997) initialized
