Creation Time: 2023_7_16-6-0-52
6-0-52 | Gunter 2 (ownerId:48698262 - pos <1999.861816, 9.873907, 9051.088867> - islocked:true - password:48151623) initialized
6-0-52 | Sarka 120 (ownerId:132652049 - pos <5035.536133, 12.430243, 9082.862305> - islocked:true - password:9021997) initialized
6-0-52 | Offroad Range Rover Yellow  (ownerId:103808025 - pos <6997.052734, 41.472828, 5945.530273> - islocked:true - password:55677777) initialized
6-0-52 | MOSKVICH 2140 (ownerId:882346394 - pos <7060.878418, 6.869092, 5590.020996> - islocked:true - password:42091103) initialized
6-0-52 | UAZ 3909 Police (ownerId:60592768 - pos <3231.901611, 3.497940, 1731.627930> - islocked:true - password:13121312) initialized
6-0-52 | Offroad Range Rover police  (ownerId:60592768 - pos <3235.147705, 3.228037, 1724.893433> - islocked:true - password:13121312) initialized
6-0-52 | STR_Camaro_Nest_name (ownerId:60592768 - pos <3245.895264, 3.116042, 1751.000977> - islocked:true - password:13121312) initialized
6-0-52 | Toyota Land Cruiser 200 Camo (ownerId:119311623 - pos <4270.080078, 21.010038, 7265.320313> - islocked:true - password:7101993) initialized
6-0-52 | Oshkosh grey (ownerId:64819467 - pos <4275.658691, 21.358603, 7271.510742> - islocked:true - password:7101993) initialized
6-0-52 | Sarka 120 (ownerId:119311623 - pos <4272.950684, 21.031143, 7267.666016> - islocked:true - password:7101993) initialized
6-0-52 | BMW X5 Flecktarn (ownerId:53415379 - pos <4262.388184, 20.913136, 7258.296875> - islocked:true - password:7101993) initialized
6-0-52 | Oshkosh (ownerId:197257182 - pos <2966.874268, 9.824027, 6063.749023> - islocked:true - password:48151623) initialized
6-0-52 | Nissan warrior Camo (ownerId:48698262 - pos <2975.794678, 9.585227, 6059.809082> - islocked:true - password:48151623) initialized
6-0-52 |  Novator Flecktarn (ownerId:48698262 - pos <2958.466553, 8.893491, 6042.717285> - islocked:true - password:48151623) initialized
6-0-52 | STR_EGER_GreenCamo_name (ownerId:197257182 - pos <5671.595703, 29.706997, 5388.370117> - islocked:true - password:48151623) initialized
6-0-52 | UAZ 3909 Beige (ownerId:795695470 - pos <5657.623047, 29.497896, 5424.179199> - islocked:true - password:8031991) initialized
6-0-52 | MUSTANG Red (ownerId:407766611 - pos <5623.961914, 29.489393, 5376.134766> - islocked:true - password:55555552) initialized
6-0-52 | STR_EGER_GreenCamo_name (ownerId:523991778 - pos <5899.110352, 37.135456, 5221.917969> - islocked:false - password:22392239) initialized
6-0-52 | Ada 4x4 (ownerId:523991778 - pos <5904.192383, 36.585686, 5221.080078> - islocked:true - password:22392239) initialized
6-0-52 | Ada 4x4 (ownerId:369601190 - pos <5669.982422, 33.652840, 5252.999023> - islocked:true - password:42014201) initialized
6-0-52 | Gunter 2 (ownerId:218588421 - pos <3803.114014, 7.166120, 5908.697266> - islocked:false - password:3081984) initialized
6-0-52 | Jeep Wrangler Camo (ownerId:85319837 - pos <5598.370117, 29.351625, 5347.109863> - islocked:true - password:77899511) initialized
6-0-52 | UH-60 Blackhawk - blackblackhawk (ownerId:88929178 - pos <4454.600098, 8.754687, 4584.189453> - islocked:true - password:371400) initialized
6-0-52 | STR_SCOUT_snik2_name (ownerId:88929178 - pos <4425.311523, 6.939297, 4607.035156> - islocked:true - password:371400) initialized
6-0-52 | Robinson R22 Helicopter - Black (ownerId:88929178 - pos <4442.762695, 6.376403, 4634.849609> - islocked:true - password:78932100) initialized
6-0-52 | SCOUT Black (ownerId:442990275 - pos <3950.856934, 25.868595, 4850.505859> - islocked:true - password:37579090) initialized
9-27-42 | MH-6M Little Bird - Camo (ownerId:132652049 - pos <5619.756348, 28.725761, 5355.329102> - islocked:true - password:9021997) new car claimed
11-35-5 | UAZ HUNTER (ownerId:521855408 - pos <9314.409180, 31.289194, 5348.914063> - islocked:true - password:9102021) new car claimed
11-35-5 | UAZ HUNTER (ownerId:521855408 - pos <9314.409180, 31.289194, 5348.914063> - islocked:true - password:9102021) initialized
11-45-24 | UAZ HUNTER (ownerId:521855408 - pos <5660.064453, 33.232437, 5243.949219> - islocked:false - password:9102021) has been deleted
11-48-4 | Sarka 120 (ownerId:132652049 - pos <5729.791992, 76.882645, 4109.934082> - islocked:false - password:9021997) has been deleted
