Creation Time: 2023_4_27-18-1-13
18-1-13 | Land Rover Defender 110 Green (ownerId:177737910 - pos <2550.891357, 56.615566, 9454.168945> - islocked:true - password:25792579) initialized
18-1-13 | Sarka 120 (ownerId:22592522 - pos <6232.372559, 5.531143, 9589.974609> - islocked:true - password:5210521) initialized
18-1-13 | M3S Covered (ownerId:8156911 - pos <6232.800293, 5.800188, 9593.156250> - islocked:false - password:15500000) initialized
18-1-13 | Land Rover Defender 110 Green (ownerId:62166080 - pos <6795.712402, 39.705982, 1807.071655> - islocked:true - password:22392239) initialized
18-1-13 | Land Rover Defender 110 Red (ownerId:980466132 - pos <6797.821777, 39.705956, 1803.358154> - islocked:true - password:22392239) initialized
18-1-13 | M3S Covered (ownerId:62166080 - pos <6795.130371, 39.137836, 1809.612793> - islocked:true - password:22392239) initialized
18-1-13 | Ada 4x4 (ownerId:62166080 - pos <6801.063477, 39.178059, 1809.608643> - islocked:true - password:22392239) initialized
18-1-13 | Robinson R22 Helicopter - Black (ownerId:62166080 - pos <483.096252, 7.925377, 11816.085938> - islocked:true - password:22392239) initialized
18-1-13 | Robinson R22 Helicopter (ownerId:195214598 - pos <1114.771606, 56.352501, 10648.643555> - islocked:true - password:52528989) initialized
18-1-13 | UH-60 Blackhawk - blackblackhawk (ownerId:195214598 - pos <3224.051514, 7.616046, 1721.948242> - islocked:true - password:52528989) initialized
18-1-13 | Robinson R22 Helicopter (ownerId:940915030 - pos <9512.575195, 102.761200, 3733.148193> - islocked:true - password:11853737) initialized
18-1-13 | Land Rover Defender 110 Red (ownerId:965259563 - pos <3753.811768, 6.175954, 2569.325195> - islocked:true - password:11367275) initialized
18-1-13 | Olga 24 (ownerId:965259563 - pos <3730.443359, 5.467795, 2554.884033> - islocked:true - password:11367275) initialized
18-1-13 | Robinson R22 Helicopter (ownerId:965259563 - pos <3756.512451, 19.967382, 2601.171387> - islocked:true - password:11367275) initialized
18-1-13 | Sarka 120 (ownerId:940915030 - pos <9511.229492, 102.703041, 3751.684326> - islocked:true - password:11853737) initialized
18-1-13 | Sarka 120 (ownerId:405166905 - pos <10489.906250, 10.002514, 4274.236816> - islocked:true - password:19910111) initialized
18-1-13 | Land Rover Defender 110 UN (ownerId:85319837 - pos <7564.276367, 24.526594, 3950.393799> - islocked:true - password:9151985) initialized
18-1-13 | Land Rover Defender 110 Red (ownerId:60592768 - pos <9560.945313, 4.175770, 5944.921875> - islocked:true - password:19651965) initialized
18-1-13 | Sarka 120 (ownerId:944065078 - pos <7728.507324, 35.526146, 6087.265625> - islocked:false - password:25082508) initialized
18-1-13 | M3S Covered (ownerId:944065078 - pos <7718.275879, 36.466984, 6089.899902> - islocked:false - password:25082508) initialized
18-1-13 | Land Rover Defender 110 UN (ownerId:116364714 - pos <7713.597168, 36.267967, 6075.123047> - islocked:false - password:25082508) initialized
18-1-13 | Olga 24 (ownerId:944065078 - pos <4924.324707, 15.662330, 7485.411133> - islocked:false - password:97319731) initialized
18-1-13 | Sarka 120 (ownerId:980466132 - pos <3583.617920, 10.619372, 3408.582520> - islocked:true - password:22392239) initialized
18-1-13 | Robinson R22 Helicopter (ownerId:980466132 - pos <2907.238525, 4.211625, 3189.253906> - islocked:true - password:22392239) initialized
18-1-13 | M3S Covered (ownerId:965259563 - pos <5477.543945, 6.828566, 8608.785156> - islocked:true - password:11367275) initialized
18-1-13 | Robinson R22 Helicopter - Black (ownerId:980466132 - pos <7348.746094, 101.077309, 6033.853516> - islocked:true - password:22392239) initialized
18-1-13 | UH-60 Blackhawk - Woodland (ownerId:85319837 - pos <3985.973633, 16.854179, 3474.665527> - islocked:true - password:1111110) initialized
18-1-13 | Olga 24 (ownerId:288122462 - pos <5668.122070, 28.906670, 5408.222168> - islocked:true - password:12011152) initialized
18-1-13 | Land Rover Defender 110 (ownerId:108250772 - pos <5625.816406, 29.278484, 5376.927734> - islocked:true - password:14725836) initialized
18-1-13 | Land Rover Defender 110 (ownerId:192139039 - pos <5914.121582, 35.385952, 5193.932617> - islocked:true - password:7161994) initialized
18-1-13 | Robinson R22 Helicopter (ownerId:71319946 - pos <5672.808594, 33.907436, 5245.416016> - islocked:true - password:19944991) initialized
18-1-13 | Sarka 120 (ownerId:58042381 - pos <6771.019531, 3.631371, 5083.636230> - islocked:true - password:83898389) initialized
18-1-13 | Sarka 120 (ownerId:194642746 - pos <5445.495605, 5.329075, 4629.550293> - islocked:true - password:15474555) initialized
18-1-13 | Gunter 2 (ownerId:984346468 - pos <6774.819336, 3.105162, 5085.050781> - islocked:true - password:83898389) initialized
18-1-13 | Ada 4x4 (ownerId:944065078 - pos <7732.924316, 35.519386, 6081.165527> - islocked:false - password:25082508) initialized
18-25-3 | Olga 24 (ownerId:419387242 - pos <5614.687500, 28.701696, 5349.663574> - islocked:true - password:8995862) new car claimed
19-15-1 | Ada 4x4 (ownerId:944065078 - pos <3761.164551, 3.780961, 5884.108887> - islocked:true - password:25082508) has been deleted
19-49-52 | UH-60 Blackhawk - Woodland (ownerId:85319837 - pos <3985.797607, 16.163065, 3474.384033> - islocked:false - password:-1) new car claimed
20-3-6 | Gunter 2 (ownerId:984346468 - pos <5041.349121, 13.240906, 4478.416504> - islocked:false - password:83898389) has been deleted
20-3-17 | Gunter 2 (ownerId:984346468 - pos <5044.883789, 14.381314, 4470.868652> - islocked:true - password:83898389) new car claimed
20-3-17 | Gunter 2 (ownerId:984346468 - pos <5044.883789, 14.081314, 4470.868652> - islocked:true - password:83898389) initialized
20-4-58 | Gunter 2 (ownerId:984346468 - pos <5045.004883, 14.046912, 4470.916504> - islocked:false - password:83898389) has been deleted
20-10-55 | Gunter 2 (ownerId:984346468 - pos <5604.216797, 29.015409, 5357.189453> - islocked:true - password:83898389) new car claimed
20-10-55 | Gunter 2 (ownerId:984346468 - pos <5604.209473, 28.716635, 5357.186035> - islocked:true - password:83898389) initialized
20-17-48 | Gunter 2 (ownerId:984346468 - pos <5928.106445, 36.079182, 5197.541016> - islocked:false - password:83898389) has been deleted
21-10-3 | Gunter 2 (ownerId:58042381 - pos <6777.081543, 3.256503, 5086.196777> - islocked:true - password:83898389) new car claimed
21-24-39 | Sarka 120 (ownerId:58042381 - pos <6771.370117, 2.956000, 5083.066895> - islocked:false - password:83898389) has been deleted
21-25-37 | Sarka 120 (ownerId:58042381 - pos <6784.964355, 1.456737, 5068.800293> - islocked:true - password:83898389) new car claimed
21-25-37 | Sarka 120 (ownerId:58042381 - pos <6784.964355, 1.156737, 5068.800293> - islocked:true - password:83898389) initialized
21-26-8 | Sarka 120 (ownerId:58042381 - pos <6784.960938, 1.135870, 5068.803711> - islocked:true - password:83898389) has been deleted
21-43-0 | Eurocopter EC135 Helicopter - BlackCamo (ownerId:85319837 - pos <5681.609863, 28.708708, 5388.346191> - islocked:true - password:1111110) new car claimed
21-49-38 | Ada 4x4 (ownerId:419387242 - pos <5650.603027, 28.750700, 5413.752441> - islocked:true - password:8995862) new car claimed
21-58-34 | Olga 24 (ownerId:944065078 - pos <5631.099121, 28.672956, 5421.551758> - islocked:false - password:97319731) has been deleted
22-8-31 | Gunter 2 (ownerId:36527682 - pos <5619.364258, 28.753523, 5407.011230> - islocked:true - password:93991005) new car claimed
22-19-10 | Sarka 120 (ownerId:58042381 - pos <6418.214355, 19.661848, 5474.460449> - islocked:true - password:83898389) new car claimed
22-19-10 | Sarka 120 (ownerId:58042381 - pos <6418.214355, 19.361849, 5474.460449> - islocked:true - password:83898389) initialized
22-21-38 | Sarka 120 (ownerId:58042381 - pos <5642.081055, 28.677614, 5378.076172> - islocked:false - password:83898389) has been deleted
22-25-41 | Sarka 120 (ownerId:58042381 - pos <5631.831055, 28.940908, 5345.236328> - islocked:true - password:83898389) new car claimed
22-25-41 | Sarka 120 (ownerId:58042381 - pos <5631.831055, 28.640909, 5345.236328> - islocked:true - password:83898389) initialized
22-28-31 | Sarka 120 (ownerId:58042381 - pos <6168.045410, 34.262211, 5117.985352> - islocked:false - password:83898389) has been deleted
22-34-35 | Eurocopter EC135 Helicopter - BlackCamo (ownerId:85319837 - pos <5601.798340, 33.193043, 5414.030273> - islocked:false - password:1111110) has been deleted
22-42-52 | Gunter 2 (ownerId:58042381 - pos <6878.729492, 36.356472, 6065.712402> - islocked:false - password:83898389) has been deleted
22-45-2 | Land Rover Defender 110 (ownerId:108250772 - pos <5625.815918, 28.729591, 5376.874512> - islocked:true - password:14725836) has been deleted
