Creation Time: 2023_5_27-16-51-45
16-51-45 | HEMTT black (ownerId:137318436 - pos <4257.158203, 21.540981, 7302.570801> - islocked:true - password:20090909) initialized
16-51-45 | UH-60 Blackhawk - blackblackhawk (ownerId:69839805 - pos <4269.089844, 21.234703, 7305.919922> - islocked:true - password:20090909) initialized
16-51-45 | MBB Bo-105m Helicopter - blackcamo (ownerId:132652049 - pos <5674.237305, 29.476894, 5388.618164> - islocked:true - password:86753099) initialized
16-51-45 | Sarka 120 (ownerId:369601190 - pos <5648.754395, 28.112320, 5438.435059> - islocked:true - password:4031965) initialized
16-51-45 | LUAZ 969 rust (ownerId:88929178 - pos <5628.500488, 29.288227, 5420.015625> - islocked:true - password:371400) initialized
16-51-45 | STR_EGER_name (ownerId:6938606 - pos <4261.261230, 21.463356, 7304.803223> - islocked:true - password:20090909) initialized
16-51-45 | MH-6M Little Bird - Camo (ownerId:442990275 - pos <11074.368164, 144.533508, 3655.733643> - islocked:false - password:42014201) initialized
16-51-45 | ToyotaHilux Camo (ownerId:442990275 - pos <5394.405762, 15.541197, 4932.215332> - islocked:true - password:42014201) initialized
16-51-45 | Sarka 120 (ownerId:442990275 - pos <5403.051270, 15.411147, 4924.299316> - islocked:true - password:42014201) initialized
16-51-45 | M3S Covered (ownerId:442990275 - pos <5419.623535, 14.801550, 4922.969238> - islocked:true - password:37579090) initialized
16-51-45 | MH-6M Little Bird (ownerId:288122462 - pos <6883.849121, 34.928013, 5874.518555> - islocked:true - password:12321123) initialized
16-51-45 | MOSKVICH 2140 (ownerId:304057481 - pos <6950.713379, 14.669703, 5719.588379> - islocked:true - password:42687931) initialized
16-51-45 | Jeep Wrangler Camo (ownerId:85319837 - pos <5681.109375, 33.650951, 5244.822266> - islocked:false - password:1111110) initialized
16-51-45 | Jeep Wrangler black  (ownerId:132652049 - pos <10675.310547, 3.405123, 3158.458008> - islocked:true - password:17392468) initialized
16-51-45 | LUAZ 969 blue (ownerId:354151095 - pos <6972.173340, 14.597534, 5701.597656> - islocked:true - password:4250425) initialized
16-51-45 | Ada 4x4 (ownerId:18558559 - pos <3945.643311, 24.960703, 4846.260742> - islocked:true - password:72066666) initialized
16-51-45 | MOSKVICH 2140 (ownerId:944065078 - pos <6394.414551, 23.181297, 6686.755859> - islocked:true - password:97319731) initialized
16-51-45 | Cougar Camo kamo (ownerId:980466132 - pos <1447.438721, 3.095260, 6767.592285> - islocked:true - password:22392239) initialized
16-51-45 | HAMMER_H1 black (ownerId:405166905 - pos <8141.681152, 10.324324, 1780.683472> - islocked:true - password:1111991) initialized
16-51-45 | Olga 24 (ownerId:839735782 - pos <3591.363037, 10.841848, 3410.530273> - islocked:true - password:13579086) initialized
16-51-45 | Toyota Land Cruiser 200 (ownerId:308099129 - pos <3522.995361, 22.781895, 4590.057617> - islocked:true - password:9131988) initialized
16-51-45 | YAR_87 Camo2  (ownerId:34611550 - pos <7502.369141, 3.337782, 5639.488770> - islocked:true - password:19892004) initialized
16-51-45 | Sarka 120 (ownerId:18558559 - pos <9029.988281, 6.586048, 9422.949219> - islocked:true - password:72066666) initialized
16-51-45 | Olga 24 (ownerId:36527682 - pos <7733.397461, 36.107784, 6085.733398> - islocked:true - password:10939910) initialized
16-51-45 | UAZ 3909 Khaki1 (ownerId:36527682 - pos <7717.203125, 36.455563, 6070.714844> - islocked:true - password:93991005) initialized
16-52-23 | MH-6M Little Bird - Camo (ownerId:442990275 - pos <11076.516602, -11.033276, 3662.847168> - islocked:false - password:42014201) has been deleted
17-21-46 | STR_EGER_name (ownerId:6938606 - pos <4261.338379, 20.489090, 7304.716309> - islocked:true - password:20090909) has been deleted
