Creation Time: 2023_4_12-18-0-51
18-0-51 | M3S Covered (ownerId:67657702 - pos <10219.411133, 20.384623, 7929.909668> - islocked:false - password:19944991) initialized
18-0-51 | Ada 4x4 (ownerId:980466132 - pos <6795.198730, 39.193413, 1804.035522> - islocked:true - password:22392239) initialized
18-0-51 | UH-60 Blackhawk Cargo (ownerId:980466132 - pos <6789.833496, 39.259407, 1855.992310> - islocked:false - password:22392239) initialized
18-0-51 | MH-6M Little Bird - Desert (ownerId:62166080 - pos <6772.994629, 55.366905, 1847.963379> - islocked:true - password:22392239) initialized
18-0-51 | Gunter 2 (ownerId:965259563 - pos <3748.300537, 5.651006, 2573.667725> - islocked:true - password:11367275) initialized
18-0-51 | M3S Covered (ownerId:965259563 - pos <3756.732910, 5.599324, 2571.684082> - islocked:true - password:11367275) initialized
18-0-51 | Olga 24 (ownerId:965259563 - pos <3753.140869, 5.595251, 2570.598633> - islocked:true - password:11367275) initialized
18-0-51 | Robinson R22 Helicopter (ownerId:965259563 - pos <4428.256836, 6.180563, 2904.960693> - islocked:true - password:11367275) initialized
18-0-51 | M3S Covered (ownerId:108250772 - pos <4516.577148, 10.470165, 3191.355225> - islocked:true - password:78945612) initialized
18-0-51 | UH-60 Blackhawk - Woodland (ownerId:85319837 - pos <3985.975342, 16.854155, 3474.664551> - islocked:true - password:1111110) initialized
18-0-51 | Robinson R22 Helicopter - Black (ownerId:108250772 - pos <8696.025391, 2.231343, 5545.102539> - islocked:false - password:14789632) initialized
18-0-51 | Robinson R22 Helicopter (ownerId:195214598 - pos <6914.961914, 2.682926, 7082.414551> - islocked:true - password:52528989) initialized
18-0-51 | Olga 24 (ownerId:288122462 - pos <5667.501465, 28.952703, 5408.280762> - islocked:true - password:12011152) initialized
18-0-51 | Olga 24 (ownerId:195214598 - pos <5644.255371, 28.379805, 5433.893066> - islocked:true - password:52898989) initialized
18-0-51 | Olga 24 (ownerId:62166080 - pos <5618.468750, 28.697762, 5402.526855> - islocked:true - password:22392239) initialized
18-0-51 | Robinson R22 Helicopter - Black (ownerId:980466132 - pos <7346.187500, 101.076904, 6033.225586> - islocked:true - password:22392239) initialized
18-0-51 | Sarka 120 (ownerId:980466132 - pos <7344.983398, 65.536026, 6033.236816> - islocked:false - password:22392239) initialized
18-0-51 | UH-60 Blackhawk - blackblackhawk (ownerId:195214598 - pos <4792.909180, 25.871408, 8155.604980> - islocked:true - password:89895252) initialized
18-0-51 | Sarka 120 (ownerId:940915030 - pos <9511.229492, 102.703064, 3751.685303> - islocked:true - password:11853737) initialized
18-0-51 | Robinson R22 Helicopter (ownerId:940915030 - pos <9512.575195, 102.761200, 3733.148193> - islocked:true - password:11853737) initialized
18-0-51 | M3S Covered (ownerId:62166080 - pos <3140.163574, 11.712295, 7810.234863> - islocked:true - password:22392239) initialized
22-51-37 | UH-60 Blackhawk - blackblackhawk (ownerId:71319946 - pos <5514.139648, 10.690001, 6232.179199> - islocked:true - password:19944991) new car claimed
22-51-37 | UH-60 Blackhawk - blackblackhawk (ownerId:71319946 - pos <5514.139648, 10.690001, 6232.179199> - islocked:true - password:19944991) initialized
22-55-31 | UH-60 Blackhawk - blackblackhawk (ownerId:71319946 - pos <2411.492676, 15.709987, 8613.017578> - islocked:false - password:19944991) has been deleted
22-58-22 | UH-60 Blackhawk - blackblackhawk (ownerId:71319946 - pos <2409.139648, 14.660000, 8673.243164> - islocked:true - password:19944991) new car claimed
22-58-22 | UH-60 Blackhawk - blackblackhawk (ownerId:71319946 - pos <2409.139648, 14.360000, 8673.243164> - islocked:true - password:19944991) initialized
