Creation Time: 2023_6_14-0-0-50
0-0-50 | YAR_87 Camo2  (ownerId:34611550 - pos <2479.782715, 18.703140, 13963.021484> - islocked:true - password:19892004) initialized
0-0-50 | MH-6M Little Bird - Desert (ownerId:132652049 - pos <10045.665039, 8.208423, 1098.988281> - islocked:false - password:13579246) initialized
0-0-50 | MH-6M Little Bird - Camo (ownerId:369601190 - pos <9885.496094, 23.061438, 10992.030273> - islocked:true - password:80081355) initialized
0-0-50 | Olga 24 (ownerId:86564395 - pos <12785.870117, 5.458161, 9917.776367> - islocked:true - password:59005900) initialized
0-0-50 | ToyotaHilux White (ownerId:60592768 - pos <9559.653320, 4.320521, 5946.356934> - islocked:true - password:19651965) initialized
0-0-50 | ToyotaHilux Camo (ownerId:442990275 - pos <1973.551270, 10.226625, 8862.547852> - islocked:true - password:42014201) initialized
0-0-50 | STR_Camaro_Lesnik_name (ownerId:442990275 - pos <1956.947754, 9.871472, 8871.368164> - islocked:true - password:42014201) initialized
0-0-50 | ToyotaHilux Camo (ownerId:369601190 - pos <1585.866821, 10.096198, 9051.075195> - islocked:false - password:80081355) initialized
0-0-50 | STR_EGER_name (ownerId:980466132 - pos <3689.010498, 12.082558, 9772.873047> - islocked:true - password:22392239) initialized
0-0-50 | Jeep Wrangler black  (ownerId:308099129 - pos <3929.318359, 12.055122, 7918.307129> - islocked:true - password:9131988) initialized
0-0-50 | Olga 24 (ownerId:501895347 - pos <3569.439453, 21.093679, 6543.831055> - islocked:true - password:42775920) initialized
0-0-50 | MOSKVICH 2140 (ownerId:137318436 - pos <4304.499512, 3.855518, 4680.524902> - islocked:true - password:20090909) initialized
0-0-50 | LUAZ 969 black (ownerId:88929178 - pos <4146.068359, 4.054671, 4199.202637> - islocked:true - password:371400) initialized
0-0-50 | Olga 24 (ownerId:405166905 - pos <4608.530762, 5.446148, 4793.424316> - islocked:true - password:1111991) initialized
0-0-50 | UAZ_2315 Red (ownerId:405166905 - pos <4616.225586, 5.534604, 4798.620117> - islocked:true - password:1111991) initialized
0-0-50 | MH-6M Little Bird - Camo (ownerId:405166905 - pos <4740.462891, 12.071274, 4816.583496> - islocked:false - password:1111991) initialized
0-0-50 | MOSKVICH 2140 (ownerId:54276291 - pos <5441.208496, 6.787109, 4639.561523> - islocked:true - password:12348262) initialized
0-0-50 | Jeep Wrangler Blue (ownerId:34611550 - pos <4246.239258, 21.212746, 7292.730957> - islocked:true - password:19892004) initialized
0-0-50 | Ada 4x4 (ownerId:839735782 - pos <5859.894043, 44.990219, 4891.104980> - islocked:true - password:1051997) initialized
0-0-50 | MH-6M Little Bird (ownerId:34611550 - pos <4271.984863, 21.744884, 7303.545410> - islocked:true - password:19892004) initialized
0-0-50 | Audi RS6 (ownerId:85319837 - pos <5682.161621, 33.492924, 5242.699707> - islocked:true - password:1111110) initialized
0-0-50 | Jeep Wrangler (ownerId:944065078 - pos <5664.309082, 28.974564, 5335.381836> - islocked:false - password:97319731) initialized
0-0-50 | LUAZ 969 black (ownerId:36527682 - pos <7718.376953, 36.262547, 6068.660645> - islocked:true - password:93991005) initialized
0-0-50 | MOSKVICH 2140 (ownerId:288122462 - pos <6883.863281, 34.121422, 5878.005371> - islocked:true - password:12321123) initialized
0-0-50 | M3S Covered (ownerId:86564395 - pos <4550.290527, 27.460184, 7875.549805> - islocked:false - password:59005900) initialized
0-0-50 | Sarka 120 (ownerId:144736642 - pos <7339.821289, 7.426144, 8406.633789> - islocked:true - password:41941941) initialized
0-0-50 | Robinson R22 Helicopter (ownerId:249230507 - pos <8098.369141, 13.009298, 9340.552734> - islocked:true - password:33333333) initialized
0-0-50 | M3S Covered (ownerId:249230507 - pos <8083.489746, 12.397424, 9358.615234> - islocked:true - password:33333333) initialized
