Creation Time: 2023_8_2-0-0-57
0-0-57 | LUAZ 969 red (ownerId:405166905 - pos <7539.680664, 88.256348, 4608.513672> - islocked:true - password:1111991) initialized
0-0-57 | UH-60 Blackhawk - blackblackhawk (ownerId:447071218 - pos <1735.900879, 20.608013, 8901.263672> - islocked:true - password:15148636) initialized
0-0-57 | BMW (rust) (ownerId:447071218 - pos <1741.972412, 9.759256, 8917.308594> - islocked:true - password:15148636) initialized
0-0-57 | HAMMER_H1 (ownerId:965259563 - pos <2073.788574, 9.924918, 9115.863281> - islocked:true - password:54146888) initialized
0-0-57 | AH-64 Apache Longbow (ownerId:442990275 - pos <1986.280151, 46.102463, 9026.230469> - islocked:true - password:37579090) initialized
0-0-57 | MH-6M Little Bird - Camo (ownerId:132652049 - pos <1992.575806, 45.808289, 9015.188477> - islocked:true - password:9021997) initialized
0-0-57 | UH-60 Blackhawk - Budhawk (ownerId:511479797 - pos <1956.313110, 9.924417, 8762.887695> - islocked:true - password:27181500) initialized
0-0-57 | STR_Camaro_Nest_name (ownerId:60592768 - pos <6081.368652, 6.340248, 14745.529297> - islocked:true - password:13121312) initialized
0-0-57 | BMW X5 Red (ownerId:59769977 - pos <4428.619629, 5.312851, 12404.168945> - islocked:true - password:19891604) initialized
0-0-57 | Oshkosh grey (ownerId:64819467 - pos <4245.042969, 21.536224, 7274.151367> - islocked:true - password:7101993) initialized
0-0-57 | BMW X5 Black (ownerId:215888376 - pos <4253.251465, 21.092596, 7299.220215> - islocked:true - password:7101993) initialized
0-0-57 | Nissan warrior Camo (ownerId:119311623 - pos <4249.202637, 21.283245, 7296.087402> - islocked:true - password:7101993) initialized
0-0-57 | BMW X5 Red (ownerId:119311623 - pos <4246.553711, 21.092596, 7292.650879> - islocked:true - password:7101993) initialized
0-0-57 | UH-60 Blackhawk - blackblackhawk (ownerId:119311623 - pos <4271.242188, 21.234701, 7298.812500> - islocked:true - password:7101993) initialized
0-0-57 | Offroad Range Rover Yellow  (ownerId:103808025 - pos <7264.238281, 602.155884, 11730.521484> - islocked:true - password:55677777) initialized
0-0-57 | STR_SCOUT_snik2_name (ownerId:24259541 - pos <8453.790039, 190.722687, 12384.952148> - islocked:true - password:17500720) initialized
0-0-57 | UAZ 3909 Khaki2 (ownerId:60458244 - pos <8926.184570, 6.662846, 10459.574219> - islocked:false - password:19711971) initialized
0-0-57 | M3S Covered (ownerId:40055959 - pos <8933.002930, 5.866835, 10443.360352> - islocked:true - password:19711971) initialized
0-0-57 | MH-6M Little Bird - Camo (ownerId:88929178 - pos <7718.265625, 13.613747, 6787.904785> - islocked:true - password:371400) initialized
0-0-57 | Gelenvagen carbon (ownerId:88929178 - pos <7724.442383, 6.814731, 6788.958496> - islocked:false - password:371400) initialized
0-0-57 | Offroad Range Rover police  (ownerId:60592768 - pos <3234.645508, 3.228037, 1725.417114> - islocked:true - password:13121312) initialized
0-0-57 | UAZ 3909 Police (ownerId:60592768 - pos <3233.325684, 3.497939, 1730.782471> - islocked:true - password:13121312) initialized
0-0-57 | MOSKVICH 2140 (ownerId:288122462 - pos <3657.423096, 20.914549, 6515.144043> - islocked:true - password:12321123) initialized
0-0-57 | Robinson R22 Helicopter - Black (ownerId:521855408 - pos <5613.717285, 29.372622, 5355.361816> - islocked:true - password:9102021) initialized
0-0-57 | Jeep Wrangler Camo (ownerId:526094573 - pos <5678.822754, 33.556454, 5273.475586> - islocked:false - password:11025255) initialized
0-0-57 | UAZ HUNTER (ownerId:93344906 - pos <5650.775391, 33.934265, 5255.981445> - islocked:true - password:29292900) initialized
0-0-57 | Gunter 2 (ownerId:48698262 - pos <5667.066895, 33.963890, 5245.087402> - islocked:true - password:48151623) initialized
0-0-57 | MH-6M Little Bird (ownerId:442990275 - pos <5654.243652, 34.917698, 5232.809082> - islocked:true - password:37579090) initialized
0-0-57 | UH-60 Blackhawk Cargo (ownerId:119248354 - pos <5629.351563, 29.416361, 5379.180664> - islocked:true - password:11082007) initialized
0-0-57 | LUAZ 969 (ownerId:75086644 - pos <5675.830566, 29.296125, 5385.397461> - islocked:true - password:10182009) initialized
0-0-57 | Mercedes-Benz W140 gold (ownerId:369601190 - pos <5651.864746, 28.690083, 5483.202148> - islocked:true - password:80081355) initialized
0-0-57 | BMW X5 White  (ownerId:407766611 - pos <6061.447266, 12.869502, 4955.029297> - islocked:true - password:80081355) initialized
0-0-57 | BMW lightgreen (ownerId:407766611 - pos <6051.255371, 12.791156, 4957.365234> - islocked:true - password:80081355) initialized
0-0-57 | BMW black (ownerId:407766611 - pos <6045.526367, 12.807498, 4956.933105> - islocked:true - password:80081355) initialized
0-0-57 | Mercedes-Benz W140 Blue (ownerId:407766611 - pos <6048.839844, 12.806664, 4962.540527> - islocked:true - password:371400) initialized
0-0-57 | Chevrolet Corvette (ownerId:407766611 - pos <6000.451172, 13.610808, 4982.084473> - islocked:true - password:55252252) initialized
0-0-57 | MUSTANG white (ownerId:407766611 - pos <5999.725098, 14.013288, 4970.766113> - islocked:true - password:55252252) initialized
0-0-57 | Velociraptor6x6 Camo2  (ownerId:407766611 - pos <5981.119629, 14.263229, 4965.185547> - islocked:true - password:80081355) initialized
0-0-57 | Velociraptor6x6 Camo (ownerId:407766611 - pos <5977.549316, 14.299558, 4972.378906> - islocked:true - password:80081355) initialized
0-0-57 | Ada 4x4 (ownerId:369601190 - pos <5474.474609, 15.605262, 4931.196289> - islocked:true - password:42014201) initialized
0-0-57 | UAZ 3909 Beige (ownerId:795695470 - pos <5468.091797, 15.597906, 4924.883789> - islocked:true - password:8031991) initialized
0-0-57 | SUV US (ownerId:17954802 - pos <7213.461914, 9.290764, 1593.651489> - islocked:true - password:20090909) initialized
0-0-57 | Velociraptor6x6 Camo2  (ownerId:262549311 - pos <7193.151855, 61.642864, 5886.735840> - islocked:true - password:24680000) initialized
0-0-57 | Olga 24 (ownerId:327529037 - pos <6687.672852, 15.688720, 6302.988281> - islocked:false - password:29292900) initialized
0-0-57 | MOSKVICH 2140 (ownerId:882346394 - pos <6662.157715, 15.562319, 6318.678711> - islocked:true - password:42091103) initialized
0-0-57 | UAZ469 (camo1) (ownerId:93344906 - pos <3962.924805, 25.573214, 4798.433105> - islocked:true - password:29292900) initialized
0-0-57 | MH-6M Little Bird - Camo (ownerId:197257182 - pos <3947.881836, 36.709953, 4811.562012> - islocked:true - password:48151623) initialized
0-0-57 | MUSTANG Red (ownerId:327529037 - pos <3978.945068, 25.699394, 4830.759277> - islocked:true - password:10801080) initialized
0-0-57 | Gaz 71 Black (ownerId:93344906 - pos <3981.905518, 25.741262, 4846.614258> - islocked:true - password:29292900) initialized
0-0-57 | URAL 4320 KUNG (ownerId:93344906 - pos <3957.050537, 26.038008, 4862.702637> - islocked:true - password:29290000) initialized
0-0-57 | Gunter 2 (ownerId:218588421 - pos <3805.971924, 6.892990, 5906.691895> - islocked:true - password:3081984) initialized
0-56-48 | Boeing CH-47 Chinook Helicopter (ownerId:442990275 - pos <4048.338135, 31.622627, 15526.695313> - islocked:true - password:37579090) new car claimed
0-56-48 | Boeing CH-47 Chinook Helicopter (ownerId:442990275 - pos <4048.338135, 31.622627, 15526.695313> - islocked:true - password:37579090) initialized
1-50-7 | Boeing CH-47 Chinook Helicopter (ownerId:442990275 - pos <4048.339355, 31.357891, 15526.695313> - islocked:true - password:37579090) has been deleted
1-57-8 | MH-6M Little Bird (ownerId:442990275 - pos <3340.236328, -33.280548, 12907.843750> - islocked:false - password:37579090) has been deleted
2-13-53 | MH-6M Little Bird (ownerId:17954802 - pos <5602.734375, 29.009998, 5389.917969> - islocked:true - password:20090909) new car claimed
2-13-53 | MH-6M Little Bird (ownerId:17954802 - pos <5602.734375, 29.010014, 5389.917969> - islocked:true - password:20090909) initialized
2-24-30 | MH-6M Little Bird (ownerId:17954802 - pos <5603.600098, 28.634493, 5386.394043> - islocked:true - password:20090909) has been deleted
2-56-3 | STR_Camaro_Lesnik_name (ownerId:442990275 - pos <2010.037109, 9.489995, 9050.434570> - islocked:true - password:37579090) new car claimed
2-56-3 | STR_Camaro_Lesnik_name (ownerId:442990275 - pos <2010.037109, 9.489995, 9050.434570> - islocked:true - password:37579090) initialized
2-59-25 | UH-60 Blackhawk Cargo (ownerId:442990275 - pos <1869.142822, 9.490000, 9093.435547> - islocked:true - password:37579090) new car claimed
2-59-25 | UH-60 Blackhawk Cargo (ownerId:442990275 - pos <1869.142822, 9.490002, 9093.435547> - islocked:true - password:37579090) initialized
3-4-10 | STR_Camaro_Lesnik_name (ownerId:442990275 - pos <1876.802979, 9.178759, 9103.661133> - islocked:false - password:37579090) has been deleted
3-21-11 | Sarka 120 (ownerId:17954802 - pos <4546.176758, 3.124666, 2740.532959> - islocked:true - password:20090909) new car claimed
3-29-40 | Sarka 120 (ownerId:17954802 - pos <4405.991211, 3.968469, 2829.673340> - islocked:true - password:20090909) has been deleted
5-11-43 | SUV US (ownerId:17954802 - pos <3772.593506, 5.869941, 2587.970703> - islocked:false - password:20090909) has been deleted
5-21-6 | MH-6M Little Bird (ownerId:17954802 - pos <3792.191162, 18.071802, 2581.798828> - islocked:true - password:20090909) new car claimed
5-21-6 | MH-6M Little Bird (ownerId:17954802 - pos <3792.191162, 18.071810, 2581.798828> - islocked:true - password:20090909) initialized
