Creation Time: 2023_5_30-11-35-55
11-35-55 | UAZ_2315 Red (ownerId:405166905 - pos <5629.239258, 28.799377, 5330.634766> - islocked:true - password:1111991) initialized
11-35-55 | Jeep Wrangler (ownerId:944065078 - pos <5637.950684, 29.292650, 5346.687988> - islocked:false - password:97319731) initialized
11-35-55 | YAR_87 Camo2  (ownerId:34611550 - pos <5620.680176, 29.742613, 5407.844727> - islocked:false - password:19892004) initialized
11-35-55 | Ada 4x4 (ownerId:839735782 - pos <5856.363770, 44.836658, 4895.980469> - islocked:true - password:1051997) initialized
11-35-55 | Sarka 120 (ownerId:839735782 - pos <5860.066895, 44.756031, 4898.004395> - islocked:true - password:1051997) initialized
11-35-55 | Audi RS6 (ownerId:85319837 - pos <5665.602051, 33.541618, 5222.261230> - islocked:true - password:1111110) initialized
11-35-55 | Sarka 120 (ownerId:144736642 - pos <5672.471680, 33.539822, 5276.745605> - islocked:true - password:41941941) initialized
11-35-55 | SCOUT Black (ownerId:442990275 - pos <5685.079102, 33.549889, 5267.827637> - islocked:true - password:42014201) initialized
11-35-55 | MOSKVICH 2140 (ownerId:288122462 - pos <6883.863281, 34.121445, 5878.005371> - islocked:true - password:12321123) initialized
11-35-55 | MOSKVICH 2140 (ownerId:54276291 - pos <5440.066406, 6.862278, 4639.807129> - islocked:true - password:12348262) initialized
11-35-55 | MOSKVICH 2140 (ownerId:137318436 - pos <4304.500488, 3.855562, 4680.526367> - islocked:true - password:20090909) initialized
11-35-55 | Robinson R22 Helicopter (ownerId:249230507 - pos <15722.547852, 39.845646, 4669.338379> - islocked:true - password:33333333) initialized
11-35-55 | Olga 24 (ownerId:442990275 - pos <4432.072754, 5.424147, 2870.047119> - islocked:false - password:42014201) initialized
11-35-55 | LUAZ 969 black (ownerId:88929178 - pos <4141.052246, 4.194546, 4206.727051> - islocked:true - password:371400) initialized
11-35-55 | ToyotaHilux White (ownerId:60592768 - pos <9560.495117, 4.368340, 5944.376465> - islocked:true - password:19651965) initialized
11-35-55 | LUAZ 969 black (ownerId:36527682 - pos <7716.694336, 36.276520, 6069.650391> - islocked:true - password:93991005) initialized
11-35-55 | Olga 24 (ownerId:442990275 - pos <1974.350708, 10.094169, 8857.602539> - islocked:true - password:42014201) initialized
11-35-55 | Olga 24 (ownerId:442990275 - pos <11671.003906, 6.298672, 2077.375000> - islocked:true - password:42014201) initialized
11-35-55 | MH-6M Little Bird - Desert (ownerId:132652049 - pos <10045.665039, 8.208423, 1098.988281> - islocked:false - password:13579246) initialized
11-35-55 | ToyotaHilux Camo2 (ownerId:369601190 - pos <3243.267090, 21.295086, 6415.694336> - islocked:true - password:4031965) initialized
