Creation Time: 2023_4_8-6-0-47
6-0-47 | Olga 24 (ownerId:195214598 - pos <5643.590820, 28.392868, 5433.581543> - islocked:true - password:52898989) initialized
6-0-47 | Sarka 120 (ownerId:67657702 - pos <5596.241699, 29.311142, 5385.377930> - islocked:false - password:19944991) initialized
6-0-47 | MH-6M Little Bird - Desert (ownerId:62166080 - pos <11314.895508, 1.716675, 10937.416016> - islocked:false - password:22392239) initialized
6-0-47 | M3S Covered (ownerId:88929178 - pos <14168.354492, 137.431778, 2628.052734> - islocked:true - password:3070104) initialized
6-0-47 | Robinson R22 Helicopter - Black (ownerId:980466132 - pos <6770.972656, 53.509369, 1837.412231> - islocked:true - password:22392239) initialized
6-0-47 | Robinson R22 Helicopter - Red (ownerId:980466132 - pos <6789.048340, 53.509365, 1835.569458> - islocked:true - password:22392239) initialized
6-0-47 | M3S Covered (ownerId:62166080 - pos <6796.259766, 39.129288, 1809.291138> - islocked:true - password:22392239) initialized
6-0-47 | Sarka 120 (ownerId:62166080 - pos <6800.775879, 39.113384, 1806.383911> - islocked:true - password:22392239) initialized
6-0-47 | Olga 24 (ownerId:980466132 - pos <6800.473633, 39.125366, 1803.476685> - islocked:true - password:22392239) initialized
6-0-47 | Sarka 120 (ownerId:980466132 - pos <6795.432617, 39.113342, 1800.743652> - islocked:false - password:22392239) initialized
6-0-47 | Ada 4x4 (ownerId:980466132 - pos <6794.972656, 39.191952, 1804.175903> - islocked:true - password:22392239) initialized
6-0-47 | Robinson R22 Helicopter - Black (ownerId:108250772 - pos <8696.025391, 2.231339, 5545.102539> - islocked:false - password:14789632) initialized
6-0-47 | UH-60 Blackhawk - Woodland (ownerId:85319837 - pos <3985.975830, 16.854151, 3474.664307> - islocked:true - password:1111110) initialized
6-0-47 | Gunter 2 (ownerId:85319837 - pos <3966.467285, 16.286652, 3460.308838> - islocked:true - password:1111110) initialized
11-23-32 | Sarka 120 (ownerId:31876567 - pos <3827.299805, 11.727327, 8820.750977> - islocked:true - password:18675309) new car claimed
11-23-32 | Sarka 120 (ownerId:31876567 - pos <3827.299805, 11.427327, 8820.750977> - islocked:true - password:18675309) initialized
11-26-9 | Sarka 120 (ownerId:31876567 - pos <3827.300293, 11.403361, 8820.748047> - islocked:false - password:18675309) has been deleted
11-29-14 | Sarka 120 (ownerId:31876567 - pos <4034.596436, 12.100742, 8837.114258> - islocked:true - password:18675309) new car claimed
11-29-14 | Sarka 120 (ownerId:31876567 - pos <4034.596436, 11.800742, 8837.114258> - islocked:true - password:18675309) initialized
11-31-16 | Sarka 120 (ownerId:31876567 - pos <4034.516357, 11.963329, 8837.122070> - islocked:false - password:18675309) has been deleted
11-34-27 | Sarka 120 (ownerId:31876567 - pos <4307.259766, 11.708200, 9160.218750> - islocked:true - password:18675309) new car claimed
11-34-27 | Sarka 120 (ownerId:31876567 - pos <4307.259766, 11.408199, 9160.218750> - islocked:true - password:18675309) initialized
11-56-34 | Sarka 120 (ownerId:31876567 - pos <5601.633789, 28.686064, 5357.374023> - islocked:false - password:18675309) has been deleted
