Creation Time: 2023_5_30-0-0-47
0-0-47 | Olga 24 (ownerId:442990275 - pos <1974.349731, 10.094157, 8857.602539> - islocked:true - password:42014201) initialized
0-0-47 | Olga 24 (ownerId:442990275 - pos <4432.072266, 5.424146, 2870.047363> - islocked:false - password:42014201) initialized
0-0-47 | Olga 24 (ownerId:442990275 - pos <11671.059570, 6.258359, 2077.414063> - islocked:true - password:42014201) initialized
0-0-47 | MH-6M Little Bird - Desert (ownerId:132652049 - pos <10045.665039, 8.208422, 1098.988281> - islocked:false - password:13579246) initialized
0-0-47 | LUAZ 969 black (ownerId:36527682 - pos <7716.694336, 36.276520, 6069.650391> - islocked:true - password:93991005) initialized
0-0-47 | LUAZ 969 black (ownerId:88929178 - pos <4141.052246, 4.194545, 4206.727051> - islocked:true - password:371400) initialized
0-0-47 | Robinson R22 Helicopter (ownerId:249230507 - pos <15722.615234, 39.830776, 4669.281250> - islocked:true - password:33333333) initialized
0-0-47 | UAZ_2315 Red (ownerId:405166905 - pos <5629.239746, 28.799286, 5330.635254> - islocked:true - password:1111991) initialized
0-0-47 | ToyotaHilux Camo2 (ownerId:369601190 - pos <784.590393, 8.273824, 14845.922852> - islocked:false - password:4031965) initialized
0-0-47 | MOSKVICH 2140 (ownerId:54276291 - pos <5440.020020, 6.864444, 4639.808105> - islocked:true - password:12348262) initialized
0-0-47 | MOSKVICH 2140 (ownerId:288122462 - pos <6883.863281, 34.121437, 5878.005371> - islocked:true - password:12321123) initialized
0-0-47 | Audi RS6 (ownerId:85319837 - pos <5665.601563, 33.541615, 5222.261719> - islocked:true - password:1111110) initialized
0-0-47 | SCOUT Black (ownerId:442990275 - pos <5686.008301, 33.670036, 5269.758789> - islocked:true - password:42014201) initialized
0-0-47 | Sarka 120 (ownerId:144736642 - pos <5672.472656, 33.545975, 5276.824219> - islocked:true - password:41941941) initialized
0-0-47 | Ada 4x4 (ownerId:839735782 - pos <5856.363770, 44.836712, 4895.979004> - islocked:true - password:1051997) initialized
0-0-47 | Sarka 120 (ownerId:839735782 - pos <5860.069824, 44.756042, 4898.004395> - islocked:true - password:1051997) initialized
0-0-47 | ToyotaHilux White (ownerId:60592768 - pos <1548.094482, 9.051196, 15668.815430> - islocked:true - password:19651965) initialized
0-0-47 | Jeep Wrangler (ownerId:944065078 - pos <4457.745605, 29.420761, 7716.349121> - islocked:true - password:97319731) initialized
0-0-47 | MOSKVICH 2140 (ownerId:137318436 - pos <4304.500488, 3.855579, 4680.526367> - islocked:true - password:20090909) initialized
0-34-18 | Olga 24 (ownerId:369601190 - pos <528.731934, 8.420000, 15244.438477> - islocked:true - password:4031965) new car claimed
0-34-18 | Olga 24 (ownerId:369601190 - pos <528.731934, 8.420000, 15244.438477> - islocked:true - password:4031965) initialized
0-34-55 | Olga 24 (ownerId:369601190 - pos <528.731934, 8.107665, 15244.434570> - islocked:false - password:4031965) has been deleted
1-6-41 | Olga 24 (ownerId:369601190 - pos <5255.672852, 5.069997, 12569.128906> - islocked:true - password:4031965) new car claimed
1-6-41 | Olga 24 (ownerId:369601190 - pos <5255.672852, 5.061834, 12569.128906> - islocked:true - password:4031965) initialized
1-13-59 | Olga 24 (ownerId:369601190 - pos <5288.983887, 10.805223, 9615.601563> - islocked:false - password:4031965) has been deleted
