Creation Time: 2023_7_20-6-0-54
6-0-54 | UAZ_2315 (ownerId:442990275 - pos <1405.410278, 8.995052, 15498.546875> - islocked:true - password:42014201) initialized
6-0-54 | Sarka 120 (ownerId:119311623 - pos <3402.775391, 23.252701, 6189.946777> - islocked:true - password:7101993) initialized
6-0-54 | Offroad Range Rover Yellow  (ownerId:103808025 - pos <3635.527588, 16.122335, 9634.206055> - islocked:true - password:55677777) initialized
6-0-54 | BMW X5 Flecktarn (ownerId:53415379 - pos <4265.506836, 20.914972, 7261.179199> - islocked:true - password:7101993) initialized
6-0-54 | Oshkosh grey (ownerId:64819467 - pos <4275.676270, 21.358603, 7271.527832> - islocked:true - password:7101993) initialized
6-0-54 | Toyota Land Cruiser 200 Camo (ownerId:119311623 - pos <4269.523438, 21.010038, 7264.750000> - islocked:true - password:7101993) initialized
6-0-54 | UH-60 Blackhawk - Budhawk (ownerId:369601190 - pos <7636.658203, 43.226231, 9955.142578> - islocked:true - password:54879586) initialized
6-0-54 | LUAZ 969 red (ownerId:405166905 - pos <5356.917969, 35.382145, 641.903625> - islocked:true - password:11111111) initialized
6-0-54 | Offroad Range Rover police  (ownerId:60592768 - pos <3239.770752, 3.228037, 1719.024414> - islocked:true - password:13121312) initialized
6-0-54 | UAZ 3909 Police (ownerId:60592768 - pos <3231.810791, 3.497947, 1732.096191> - islocked:true - password:13121312) initialized
6-0-54 | STR_Camaro_Nest_name (ownerId:60592768 - pos <3246.134277, 3.116042, 1750.851807> - islocked:true - password:13121312) initialized
6-0-54 |  Novator Flecktarn (ownerId:48698262 - pos <2795.423096, 69.814301, 4663.095215> - islocked:true - password:48151623) initialized
6-0-54 | Oshkosh (ownerId:197257182 - pos <2799.744385, 69.918602, 4662.983887> - islocked:true - password:48151623) initialized
6-0-54 | Nissan warrior Camo (ownerId:526094573 - pos <3590.609131, 10.891319, 3409.456055> - islocked:true - password:77899511) initialized
6-0-54 | Gunter 2 (ownerId:218588421 - pos <3803.134766, 7.151447, 5908.429199> - islocked:true - password:3081984) initialized
6-0-54 | SCOUT Black (ownerId:442990275 - pos <3951.522949, 25.773998, 4851.550293> - islocked:true - password:37579090) initialized
6-0-54 | MH-6M Little Bird (ownerId:442990275 - pos <3978.020264, 26.211432, 4857.777832> - islocked:true - password:37579090) initialized
6-0-54 | Velociraptor6x6 Camo2  (ownerId:262549311 - pos <7192.709473, 61.648003, 5887.109863> - islocked:true - password:24680000) initialized
6-0-54 | UH-60 Blackhawk - blackblackhawk (ownerId:88929178 - pos <4427.373535, 11.961778, 4606.234863> - islocked:true - password:371400) initialized
6-0-54 | URAL 4320 KUNG (ownerId:88929178 - pos <4421.796875, 7.271994, 4607.149414> - islocked:true - password:371400) initialized
6-0-54 | Gunter 2 (ownerId:48698262 - pos <5639.052246, 28.903143, 5333.077637> - islocked:true - password:48151623) initialized
6-0-54 | Toyota Land Cruiser 200 Camo2  (ownerId:93344906 - pos <5637.172852, 29.232199, 5345.615234> - islocked:false - password:48151623) initialized
6-0-54 | UAZ 3909 Beige (ownerId:795695470 - pos <5623.587402, 29.497873, 5350.580566> - islocked:true - password:8031991) initialized
6-0-54 | LUAZ 969 rust (ownerId:127107249 - pos <5615.926270, 29.288031, 5349.587891> - islocked:true - password:12186270) initialized
6-0-54 | Velociraptor6x6 Camo (ownerId:407766611 - pos <5619.669434, 29.525604, 5383.613281> - islocked:true - password:55555552) initialized
6-0-54 | Velociraptor6x6 Camo2  (ownerId:407766611 - pos <5623.780762, 29.525604, 5387.167969> - islocked:true - password:55555552) initialized
6-0-54 | MH-6M Little Bird - Camo (ownerId:132652049 - pos <5677.182617, 30.092625, 5390.803223> - islocked:true - password:9021997) initialized
6-0-54 | Ada 4x4 (ownerId:369601190 - pos <5668.546387, 29.263662, 5470.104004> - islocked:true - password:42014201) initialized
6-0-54 | STR_EGER_GreenCamo_name (ownerId:197257182 - pos <5667.701172, 29.692156, 5387.757324> - islocked:true - password:48151623) initialized
6-0-54 | MH-6M Little Bird - Camo (ownerId:523450192 - pos <5891.708008, 41.853771, 5228.912109> - islocked:true - password:22392239) initialized
6-0-54 | STR_EGER_GreenCamo_name (ownerId:523991778 - pos <5899.114746, 37.135635, 5221.916992> - islocked:true - password:22392239) initialized
6-0-54 | Jeep Wrangler green  (ownerId:523450192 - pos <5904.565430, 37.193298, 5221.845215> - islocked:true - password:22392239) initialized
6-0-54 | Gunter 2 (ownerId:442990275 - pos <5687.659180, 33.532967, 5264.976074> - islocked:true - password:42014201) initialized
6-0-54 | UAZ HUNTER (ownerId:442990275 - pos <5683.678711, 33.468632, 5267.363770> - islocked:true - password:37579090) initialized
6-0-54 | UAZ_2315 Red (ownerId:369601190 - pos <5680.438477, 33.324169, 5269.382324> - islocked:true - password:45645645) initialized
6-0-54 | Olga 24 (ownerId:795695470 - pos <5671.743652, 33.678440, 5278.748047> - islocked:true - password:8031991) initialized
6-0-54 | MOSKVICH 2140 (ownerId:882346394 - pos <6661.942383, 15.562327, 6318.884766> - islocked:true - password:42091103) initialized
10-20-8 | UH-60 Blackhawk - Budhawk (ownerId:369601190 - pos <5676.594238, 33.182896, 5246.200195> - islocked:false - password:54879586) has been deleted
11-19-29 | UAZ_2315 Red (ownerId:369601190 - pos <5628.574219, 28.706020, 5418.507813> - islocked:false - password:45645645) has been deleted
