Creation Time: 2023_7_21-7-34-45
7-34-45 | MH-6M Little Bird - Camo (ownerId:119248354 - pos <5629.034180, 30.001431, 5380.505859> - islocked:true - password:48151623) initialized
7-34-45 | Velociraptor6x6 Camo (ownerId:407766611 - pos <5619.128906, 29.525604, 5384.213379> - islocked:true - password:55555552) initialized
7-34-45 | Velociraptor6x6 Camo2  (ownerId:407766611 - pos <5623.312012, 29.525604, 5388.117676> - islocked:true - password:55555552) initialized
7-34-45 | UAZ 3909 Beige (ownerId:795695470 - pos <5623.589844, 29.497898, 5350.581543> - islocked:true - password:8031991) initialized
7-34-45 | BMW (ownerId:447071218 - pos <5638.595215, 28.911366, 5358.002930> - islocked:true - password:15148636) initialized
7-34-45 | MH-6M Little Bird - Camo (ownerId:132652049 - pos <5677.182617, 30.092625, 5390.803223> - islocked:true - password:9021997) initialized
7-34-45 | LUAZ 969 rust (ownerId:127107249 - pos <5615.891113, 29.287172, 5349.461914> - islocked:true - password:12186270) initialized
7-34-45 | Gunter 2 (ownerId:48698262 - pos <5639.049805, 28.903164, 5333.078125> - islocked:true - password:48151623) initialized
7-34-45 | Ada 4x4 (ownerId:369601190 - pos <5668.548828, 29.263718, 5470.105957> - islocked:true - password:42014201) initialized
7-34-45 | MH-6M Little Bird - Camo (ownerId:523450192 - pos <5891.183594, 41.853745, 5228.957031> - islocked:true - password:22392239) initialized
7-34-45 | STR_EGER_GreenCamo_name (ownerId:523991778 - pos <5897.889648, 37.047825, 5222.829102> - islocked:false - password:22392239) initialized
7-34-45 | Jeep Wrangler green  (ownerId:523450192 - pos <5904.747559, 37.209213, 5221.330078> - islocked:true - password:22392239) initialized
7-34-45 | UAZ_2315 Red (ownerId:369601190 - pos <5655.489746, 33.961010, 5240.121582> - islocked:true - password:45645645) initialized
7-34-45 | Toyota Land Cruiser 200 Camo2  (ownerId:93344906 - pos <5675.306152, 33.515717, 5275.217773> - islocked:true - password:48151623) initialized
7-34-45 | Olga 24 (ownerId:795695470 - pos <5671.741211, 33.663002, 5278.550781> - islocked:true - password:8031991) initialized
7-34-45 | Mercedes-Benz W140 Blue (ownerId:88929178 - pos <4427.227539, 6.679076, 4607.086914> - islocked:true - password:371400) initialized
7-34-45 | MH-6M Little Bird - Camo (ownerId:88929178 - pos <4424.508789, 12.575640, 4605.745117> - islocked:true - password:371400) initialized
7-34-45 | MH-6M Little Bird (ownerId:442990275 - pos <3973.468262, 26.211433, 4863.990234> - islocked:true - password:37579090) initialized
7-34-45 | UAZ_2315 (ownerId:442990275 - pos <3960.855469, 25.494793, 4850.235840> - islocked:true - password:42014201) initialized
7-34-45 | SCOUT Black (ownerId:442990275 - pos <3951.522461, 25.774010, 4851.550293> - islocked:true - password:37579090) initialized
7-34-45 | M3S Covered (ownerId:442990275 - pos <3920.354736, 25.790167, 4839.752441> - islocked:true - password:42014201) initialized
7-34-45 | UAZ HUNTER (ownerId:442990275 - pos <3922.226807, 25.604904, 4828.161133> - islocked:true - password:37579090) initialized
7-34-45 | Olga 24 (ownerId:442990275 - pos <3922.904053, 25.518753, 4797.623535> - islocked:true - password:42014201) initialized
7-34-45 | Olga 24 (ownerId:442990275 - pos <3923.052734, 25.437426, 4804.562012> - islocked:true - password:42014201) initialized
7-34-45 | Olga 24 (ownerId:442990275 - pos <3922.756348, 25.518732, 4800.962891> - islocked:true - password:42014201) initialized
7-34-45 | Gunter 2 (ownerId:442990275 - pos <3922.709473, 25.603891, 4793.147949> - islocked:true - password:42014201) initialized
7-34-45 | Velociraptor6x6 Camo2  (ownerId:262549311 - pos <7192.204590, 61.650402, 5887.837891> - islocked:true - password:24680000) initialized
7-34-45 | MOSKVICH 2140 (ownerId:882346394 - pos <6661.942383, 15.562322, 6318.885254> - islocked:true - password:42091103) initialized
7-34-45 | Gunter 2 (ownerId:218588421 - pos <3803.412598, 7.125422, 5908.214355> - islocked:true - password:3081984) initialized
7-34-45 | LUAZ 969 red (ownerId:405166905 - pos <5356.917969, 35.382145, 641.903687> - islocked:true - password:11111111) initialized
7-34-45 | Offroad Range Rover police  (ownerId:60592768 - pos <3239.770752, 3.228037, 1719.024902> - islocked:true - password:13121312) initialized
7-34-45 | UAZ 3909 Police (ownerId:60592768 - pos <3231.809814, 3.497940, 1732.096191> - islocked:true - password:13121312) initialized
7-34-45 | STR_Camaro_Nest_name (ownerId:60592768 - pos <3246.135010, 3.116042, 1750.852661> - islocked:true - password:13121312) initialized
7-34-45 | Nissan warrior Camo (ownerId:526094573 - pos <9844.185547, 14.827803, 10807.081055> - islocked:false - password:77899511) initialized
7-34-45 |  Novator Flecktarn (ownerId:48698262 - pos <2795.422363, 69.814301, 4663.095215> - islocked:true - password:48151623) initialized
7-34-45 | STR_EGER_GreenCamo_name (ownerId:197257182 - pos <2802.366455, 69.987404, 4663.773926> - islocked:true - password:48151623) initialized
7-34-45 | Oshkosh (ownerId:197257182 - pos <2799.505127, 69.918602, 4663.191406> - islocked:true - password:48151623) initialized
7-34-45 | Sarka 120 (ownerId:119311623 - pos <3402.775146, 23.252834, 6189.946289> - islocked:true - password:7101993) initialized
7-34-45 | Offroad Range Rover Yellow  (ownerId:103808025 - pos <3635.527344, 16.122494, 9634.207031> - islocked:true - password:55677777) initialized
7-34-45 | BMW X5 Flecktarn (ownerId:53415379 - pos <4264.653809, 20.914972, 7260.538574> - islocked:true - password:7101993) initialized
7-34-45 | Toyota Land Cruiser 200 Camo (ownerId:119311623 - pos <4269.524902, 21.010029, 7264.751953> - islocked:true - password:7101993) initialized
7-34-45 | Oshkosh grey (ownerId:64819467 - pos <4275.676758, 21.358603, 7271.528320> - islocked:true - password:7101993) initialized
9-58-56 | BMW (ownerId:447071218 - pos <5638.600586, 28.460762, 5358.157715> - islocked:false - password:15148636) has been deleted
10-9-19 | UH-60 Blackhawk - Budhawk (ownerId:369601190 - pos <3781.263916, 16.299999, 9050.098633> - islocked:true - password:54879586) new car claimed
10-9-19 | UH-60 Blackhawk - Budhawk (ownerId:369601190 - pos <3781.263916, 16.299999, 9050.098633> - islocked:true - password:54879586) initialized
10-17-31 | UH-60 Blackhawk - Budhawk (ownerId:369601190 - pos <3772.631592, 16.212650, 9048.112305> - islocked:true - password:54879586) has been deleted
10-23-15 | BMW (ownerId:447071218 - pos <5618.041504, 28.629753, 5357.326660> - islocked:true - password:15148636) new car claimed
