Creation Time: 2023_5_4-6-0-55
6-0-55 | Land Rover Defender 110 Red (ownerId:132652049 - pos <4272.500977, 3.143644, 2512.072998> - islocked:false - password:9031783) initialized
6-0-55 | Robinson R22 Helicopter - Black (ownerId:132652049 - pos <4270.229492, 3.439741, 2517.688477> - islocked:true - password:9031783) initialized
6-0-55 | Robinson R22 Helicopter (ownerId:965259563 - pos <3760.882324, 19.991442, 2594.415283> - islocked:true - password:11367275) initialized
6-0-55 | Olga 24 (ownerId:965259563 - pos <3737.235596, 5.467795, 2554.813477> - islocked:true - password:11367275) initialized
6-0-55 | Sarka 120 (ownerId:965259563 - pos <3730.801025, 6.081156, 2551.065674> - islocked:true - password:72524299) initialized
6-0-55 | Land Rover Defender 110 Red (ownerId:965259563 - pos <3730.515869, 6.048485, 2554.894287> - islocked:true - password:11367275) initialized
6-0-55 | Gunter 2 (ownerId:965259563 - pos <3730.658447, 5.683310, 2547.984863> - islocked:true - password:86753099) initialized
6-0-55 | M3S Covered (ownerId:965259563 - pos <3771.238770, 5.576940, 2545.761475> - islocked:true - password:2061963) initialized
6-0-55 | Mil Mi-2 Helicopter - Hornet (ownerId:965259563 - pos <3769.468018, 6.728060, 2491.802490> - islocked:true - password:11367275) initialized
6-0-55 | UH-60 Blackhawk - blackblackhawk (ownerId:195214598 - pos <3224.051514, 7.616046, 1721.942749> - islocked:true - password:52528989) initialized
6-0-55 | Robinson R22 Helicopter (ownerId:195214598 - pos <1189.234741, 56.231636, 10623.712891> - islocked:true - password:52528989) initialized
6-0-55 | Sarka 120 (ownerId:405166905 - pos <10490.982422, 10.001146, 4277.311523> - islocked:false - password:19910111) initialized
6-0-55 | Robinson R22 Helicopter (ownerId:940915030 - pos <9512.575195, 102.761200, 3733.148193> - islocked:true - password:11853737) initialized
6-0-55 | Land Rover Defender 110 Green (ownerId:177737910 - pos <2550.604004, 57.004169, 9449.897461> - islocked:false - password:25792579) initialized
6-0-55 | Robinson R22 Helicopter (ownerId:839735782 - pos <5459.347168, 7.491539, 8594.602539> - islocked:true - password:1051997) initialized
6-0-55 | M3S Covered (ownerId:944065078 - pos <7718.275879, 36.466991, 6089.899902> - islocked:false - password:25082508) initialized
6-0-55 | Land Rover Defender 110 UN (ownerId:116364714 - pos <7696.226563, 37.402302, 6075.553223> - islocked:false - password:25082508) initialized
6-0-55 | Robinson R22 Helicopter - Black (ownerId:980466132 - pos <7347.331543, 101.076935, 6033.897461> - islocked:true - password:22392239) initialized
6-0-55 | Gunter 2 (ownerId:36527682 - pos <7189.166504, 1.594116, 5371.422852> - islocked:true - password:93991005) initialized
6-0-55 | Land Rover Defender 110 Red (ownerId:6938606 - pos <5592.865723, 29.277290, 5385.634277> - islocked:true - password:20090909) initialized
6-0-55 | Sarka 120 (ownerId:944065078 - pos <5612.851074, 28.702833, 5357.410156> - islocked:true - password:25082508) initialized
6-0-55 | M3S Covered (ownerId:965259563 - pos <5615.266602, 29.584900, 5348.800781> - islocked:true - password:72524299) initialized
6-0-55 | Sarka 120 (ownerId:85319837 - pos <7574.907227, 24.190283, 3928.429932> - islocked:true - password:1111110) initialized
6-0-55 | Land Rover Defender 110 UN (ownerId:85319837 - pos <7572.665527, 24.168484, 3940.986328> - islocked:false - password:9151985) initialized
6-0-55 | Robinson R22 Helicopter (ownerId:71319946 - pos <5672.808594, 33.907433, 5245.416016> - islocked:true - password:19944991) initialized
6-0-55 | Robinson R22 Helicopter - Black (ownerId:419387242 - pos <5662.044922, 33.949249, 5242.511230> - islocked:true - password:8995862) initialized
6-0-55 | Olga 24 (ownerId:419387242 - pos <7056.508301, 45.007923, 2053.264648> - islocked:false - password:8995862) initialized
6-0-55 | Ada 4x4 (ownerId:419387242 - pos <7056.272461, 45.000462, 2056.959717> - islocked:false - password:8995862) initialized
6-0-55 | Olga 24 (ownerId:108250772 - pos <7113.924805, 37.535416, 2252.849365> - islocked:true - password:12345678) initialized
6-0-55 | Sarka 120 (ownerId:980466132 - pos <6801.629883, 39.738651, 1801.161499> - islocked:true - password:22392239) initialized
6-0-55 | Land Rover Defender 110 Green (ownerId:62166080 - pos <6795.650391, 39.705780, 1801.526733> - islocked:true - password:22392239) initialized
6-0-55 | Land Rover Defender 110 Red (ownerId:980466132 - pos <6797.980469, 39.705921, 1806.767334> - islocked:true - password:22392239) initialized
6-0-55 | M3S Covered (ownerId:980466132 - pos <6795.368652, 39.990978, 1809.547852> - islocked:true - password:22392239) initialized
6-0-55 | MH-6M Little Bird - Camo (ownerId:62166080 - pos <6786.428223, 54.240791, 1834.988281> - islocked:true - password:22392239) initialized
6-0-55 | Ka26 Hoodlum Helicopter (ownerId:980466132 - pos <6778.616699, 54.637424, 1849.730103> - islocked:true - password:22392239) initialized
6-0-55 | MBB Bo-105m Helicopter - blackcamo (ownerId:980466132 - pos <6765.912598, 54.744450, 1845.098999> - islocked:true - password:22392239) initialized
6-0-55 | Sarka 120 (ownerId:194642746 - pos <5445.595215, 5.324761, 4629.507813> - islocked:true - password:15474555) initialized
6-0-55 | Ada 4x4 (ownerId:16874355 - pos <10732.898438, 90.320938, 6156.009766> - islocked:true - password:15795315) initialized
6-0-55 | Land Rover Defender 110 Red (ownerId:60592768 - pos <9561.738281, 4.179223, 5944.402344> - islocked:true - password:19651965) initialized
6-0-55 | Robinson R22 Helicopter - Black (ownerId:984346468 - pos <4728.883789, 12.292174, 4692.960449> - islocked:true - password:83898389) initialized
