Creation Time: 2023_7_18-12-0-49
12-0-49 | Gunter 2 (ownerId:48698262 - pos <1999.871094, 9.873895, 9051.088867> - islocked:true - password:48151623) initialized
12-0-49 | UAZ 3909 Police (ownerId:60592768 - pos <3231.902832, 3.497946, 1731.629639> - islocked:true - password:13121312) initialized
12-0-49 | Offroad Range Rover police  (ownerId:60592768 - pos <3235.147705, 3.228037, 1724.892944> - islocked:true - password:13121312) initialized
12-0-49 | STR_Camaro_Nest_name (ownerId:60592768 - pos <3245.896240, 3.116042, 1751.002563> - islocked:true - password:13121312) initialized
12-0-49 | STR_EGER_GreenCamo_name (ownerId:197257182 - pos <2774.559814, 70.024002, 4666.655273> - islocked:true - password:48151623) initialized
12-0-49 |  Novator Flecktarn (ownerId:48698262 - pos <2795.262695, 69.814301, 4663.071289> - islocked:true - password:48151623) initialized
12-0-49 | Oshkosh (ownerId:197257182 - pos <2799.744629, 69.918602, 4662.979980> - islocked:true - password:48151623) initialized
12-0-49 | LUAZ 969 red (ownerId:405166905 - pos <6717.172363, 20.536274, 1700.231567> - islocked:true - password:11111111) initialized
12-0-49 | Sarka 120 (ownerId:119311623 - pos <3402.775391, 23.248720, 6189.950684> - islocked:true - password:7101993) initialized
12-0-49 | BMW X5 Flecktarn (ownerId:53415379 - pos <4262.794434, 20.914972, 7258.721191> - islocked:true - password:7101993) initialized
12-0-49 | Oshkosh grey (ownerId:64819467 - pos <4275.675781, 21.358604, 7271.527832> - islocked:true - password:7101993) initialized
12-0-49 | Toyota Land Cruiser 200 Camo (ownerId:119311623 - pos <4269.519043, 21.010031, 7264.750977> - islocked:true - password:7101993) initialized
12-0-49 | SCOUT Black (ownerId:442990275 - pos <10800.234375, 6.200784, 10604.847656> - islocked:true - password:37579090) initialized
12-0-49 | MUSTANG Red (ownerId:407766611 - pos <9997.804688, 22.648693, 11025.042969> - islocked:false - password:55555552) initialized
12-0-49 | Gunter 2 (ownerId:218588421 - pos <3804.425293, 7.068563, 5908.208496> - islocked:true - password:3081984) initialized
12-0-49 | Offroad Range Rover Yellow  (ownerId:103808025 - pos <6428.829590, 69.333969, 9578.216797> - islocked:true - password:55677777) initialized
12-0-49 | ToyotaHilux rust (ownerId:526094573 - pos <5360.789063, 3.341197, 7457.450684> - islocked:false - password:77899511) initialized
12-0-49 | URAL 4320 KUNG (ownerId:88929178 - pos <4421.651855, 7.278499, 4606.826660> - islocked:true - password:371400) initialized
12-0-49 | UH-60 Blackhawk - blackblackhawk (ownerId:88929178 - pos <4425.316406, 11.961934, 4605.782227> - islocked:true - password:371400) initialized
12-0-49 | HAMMER_H1 (ownerId:262549311 - pos <7189.790527, 61.635311, 5886.152832> - islocked:true - password:24680000) initialized
12-0-49 | MOSKVICH 2140 (ownerId:882346394 - pos <6656.562988, 15.562320, 6329.310547> - islocked:true - password:42091103) initialized
12-0-49 | MH-6M Little Bird - Camo (ownerId:132652049 - pos <5679.368652, 30.092625, 5388.674805> - islocked:true - password:9021997) initialized
12-0-49 | Velociraptor6x6 Camo2  (ownerId:407766611 - pos <5626.754395, 29.525606, 5374.709961> - islocked:true - password:55555552) initialized
12-0-49 | Nissan warrior Camo (ownerId:48698262 - pos <5638.169922, 29.223930, 5358.595215> - islocked:true - password:48151623) initialized
12-0-49 | UAZ 3909 Beige (ownerId:795695470 - pos <5624.192871, 29.497898, 5349.877930> - islocked:true - password:8031991) initialized
12-0-49 | Ada 4x4 (ownerId:369601190 - pos <5668.543457, 29.263359, 5470.101074> - islocked:true - password:42014201) initialized
12-0-49 | STR_EGER_GreenCamo_name (ownerId:523991778 - pos <5899.113770, 37.135689, 5221.917480> - islocked:true - password:22392239) initialized
12-0-49 | MH-6M Little Bird - Camo (ownerId:523450192 - pos <5891.178711, 41.853741, 5228.797363> - islocked:true - password:22392239) initialized
12-0-49 | Toyota Land Cruiser 200 Camo2  (ownerId:523450192 - pos <5904.079590, 37.121601, 5221.671387> - islocked:true - password:22392239) initialized
12-0-49 | Robinson R22 Helicopter - Red (ownerId:108250772 - pos <5660.425293, 33.658169, 5254.447266> - islocked:true - password:11111111) initialized
12-0-49 | UAZ_2315 Red (ownerId:369601190 - pos <5659.728027, 33.910221, 5239.604492> - islocked:true - password:45645645) initialized
12-0-49 | UH-60 Blackhawk - Budhawk (ownerId:369601190 - pos <5663.091309, 34.098652, 5232.193359> - islocked:true - password:54879586) initialized
12-0-49 | Olga 24 (ownerId:526094573 - pos <5671.993164, 33.739872, 5279.778809> - islocked:true - password:77899511) initialized
13-0-4 | UAZ HUNTER (ownerId:442990275 - pos <7121.285645, 5.852081, 13770.166992> - islocked:true - password:37579090) new car claimed
13-0-4 | UAZ HUNTER (ownerId:442990275 - pos <7121.285645, 5.852081, 13770.166992> - islocked:true - password:37579090) initialized
13-33-54 | Olga 24 (ownerId:442990275 - pos <6033.136719, 5.802637, 14900.433594> - islocked:true - password:42014201) new car claimed
13-34-18 | Olga 24 (ownerId:442990275 - pos <6033.136719, 5.802637, 14900.433594> - islocked:true - password:42014201) has been deleted
13-37-26 | Gunter 2 (ownerId:442990275 - pos <5982.135254, 5.775917, 14955.318359> - islocked:true - password:42014201) new car claimed
13-37-50 | Gunter 2 (ownerId:442990275 - pos <5982.135254, 5.775917, 14955.318359> - islocked:true - password:42014201) has been deleted
