Creation Time: 2023_4_23-6-0-50
6-0-50 | UH-60 Blackhawk Cargo (ownerId:980466132 - pos <1464.345093, 10.559216, 15308.755859> - islocked:true - password:22392239) initialized
6-0-50 | M3S Covered (ownerId:67657702 - pos <9798.914063, 3.633998, 7868.164063> - islocked:true - password:19944991) initialized
6-0-50 | Bell 429 Helicopter (ownerId:195214598 - pos <8112.442871, 214.221085, 11880.533203> - islocked:true - password:52898952) initialized
6-0-50 | UH-60 Blackhawk - blackblackhawk (ownerId:195214598 - pos <8069.666992, 215.248917, 11834.370117> - islocked:true - password:89895252) initialized
6-0-50 | Sarka 120 (ownerId:980466132 - pos <6795.105957, 39.738480, 1800.802979> - islocked:true - password:22392239) initialized
6-0-50 | Olga 24 (ownerId:62166080 - pos <6795.439941, 39.125092, 1803.797852> - islocked:true - password:22392239) initialized
6-0-50 | Ada 4x4 (ownerId:980466132 - pos <6800.919922, 39.178162, 1804.991211> - islocked:true - password:22392239) initialized
6-0-50 | M3S Covered (ownerId:62166080 - pos <6795.897461, 39.129280, 1808.995972> - islocked:false - password:22392239) initialized
6-0-50 | Robinson R22 Helicopter - Black (ownerId:62166080 - pos <6786.493164, 53.509369, 1834.473999> - islocked:true - password:22392239) initialized
6-0-50 | MH-6M Little Bird - Desert (ownerId:62166080 - pos <6773.009766, 54.240791, 1834.931885> - islocked:true - password:22392239) initialized
6-0-50 | Robinson R22 Helicopter (ownerId:195214598 - pos <1114.772339, 56.352505, 10648.643555> - islocked:true - password:52528989) initialized
6-0-50 | Sarka 120 (ownerId:194642746 - pos <3356.853760, 20.406017, 6466.574707> - islocked:true - password:15474555) initialized
6-0-50 | Land Rover Defender 110 Green (ownerId:177737910 - pos <2537.849365, 58.447826, 9436.200195> - islocked:true - password:25792579) initialized
6-0-50 | Sarka 120 (ownerId:405166905 - pos <8353.689453, 3.312861, 3409.356934> - islocked:true - password:19910111) initialized
6-0-50 | Robinson R22 Helicopter - Black (ownerId:34745177 - pos <9138.473633, 47.965096, 3793.888916> - islocked:false - password:67698687) initialized
6-0-50 | Robinson R22 Helicopter (ownerId:940915030 - pos <9512.575195, 102.761208, 3733.148193> - islocked:true - password:11853737) initialized
6-0-50 | Sarka 120 (ownerId:940915030 - pos <9511.229492, 102.703033, 3751.684814> - islocked:true - password:11853737) initialized
6-0-50 | Land Rover Defender 110 Red (ownerId:60592768 - pos <9560.966797, 4.180201, 5944.767578> - islocked:true - password:19651965) initialized
6-0-50 | Land Rover Defender 110 (ownerId:192139039 - pos <7023.291504, 7.355579, 9015.370117> - islocked:true - password:7161994) initialized
6-0-50 | Sarka 120 (ownerId:22592522 - pos <6232.373047, 5.531147, 9589.974609> - islocked:true - password:5210521) initialized
6-0-50 | M3S Covered (ownerId:8156911 - pos <6232.800781, 5.800121, 9593.156250> - islocked:false - password:15500000) initialized
6-0-50 | UH-60 Blackhawk - Woodland (ownerId:85319837 - pos <3985.974121, 16.854170, 3474.665039> - islocked:true - password:1111110) initialized
6-0-50 | Robinson R22 Helicopter (ownerId:965259563 - pos <3756.512451, 19.967381, 2601.171387> - islocked:true - password:11367275) initialized
6-0-50 | Gunter 2 (ownerId:965259563 - pos <3730.358643, 5.523498, 2550.934814> - islocked:true - password:11367275) initialized
6-0-50 | Olga 24 (ownerId:965259563 - pos <3730.921875, 5.627573, 2547.686768> - islocked:true - password:11367275) initialized
6-0-50 | M3S Covered (ownerId:965259563 - pos <3757.234863, 5.599275, 2565.199707> - islocked:false - password:11367275) initialized
6-0-50 | UH-60 Blackhawk - blackblackhawk (ownerId:195214598 - pos <3224.051514, 7.616047, 1721.950562> - islocked:true - password:52528989) initialized
6-0-50 | M3S Covered (ownerId:108250772 - pos <5632.615234, 29.508318, 5422.646973> - islocked:true - password:78945612) initialized
6-0-50 | Olga 24 (ownerId:288122462 - pos <5668.085938, 28.908827, 5408.238770> - islocked:true - password:12011152) initialized
6-0-50 | Land Rover Defender 110 Red (ownerId:108250772 - pos <5627.019531, 29.278482, 5387.046387> - islocked:true - password:14725836) initialized
6-0-50 | Land Rover Defender 110 UN (ownerId:108250772 - pos <5622.215332, 29.278484, 5381.246582> - islocked:true - password:14725836) initialized
6-0-50 | Land Rover Defender 110 (ownerId:108250772 - pos <5625.816406, 29.278486, 5376.927734> - islocked:true - password:14725836) initialized
6-0-50 | Land Rover Defender 110 Green (ownerId:85319837 - pos <5617.498535, 29.278484, 5378.230957> - islocked:true - password:1111110) initialized
6-0-50 | Ada 4x4 (ownerId:62166080 - pos <5586.604004, 28.750704, 5351.466309> - islocked:true - password:22392239) initialized
6-0-50 | Robinson R22 Helicopter - Black (ownerId:980466132 - pos <7348.521973, 101.077187, 6033.944824> - islocked:true - password:22392239) initialized
6-0-50 | Olga 24 (ownerId:944065078 - pos <7705.075684, 36.651672, 6081.402344> - islocked:true - password:97319731) initialized
6-0-50 | M3S Covered (ownerId:944065078 - pos <7718.276855, 36.466972, 6089.897949> - islocked:true - password:25082508) initialized
6-0-50 | Sarka 120 (ownerId:944065078 - pos <7728.511719, 35.534065, 6087.277832> - islocked:true - password:25082508) initialized
