Creation Time: 2023_7_10-18-0-53
18-0-53 | Robinson R22 Helicopter - Black (ownerId:144736642 - pos <7354.541992, 7.203029, 8380.658203> - islocked:true - password:78945612) initialized
18-0-53 | Mil Mi-2 Helicopter - Hornet (ownerId:523450192 - pos <5607.074707, 29.903276, 5348.387207> - islocked:true - password:14789632) initialized
18-0-53 | UAZ 3909 MCHS (ownerId:88929178 - pos <5644.193848, 28.804441, 5431.388672> - islocked:true - password:371400) initialized
18-0-53 | MH-6M Little Bird (ownerId:132652049 - pos <5668.014160, 30.092625, 5389.296875> - islocked:true - password:17760000) initialized
18-0-53 | Olga 24 (ownerId:112746320 - pos <5591.762695, 29.308729, 5354.865234> - islocked:true - password:6134242) initialized
18-0-53 | Chevrolet Corvette kamo (ownerId:407766611 - pos <5625.237305, 29.156555, 5364.628418> - islocked:true - password:55555552) initialized
18-0-53 | Bell 429 Helicopter - Medic (ownerId:369601190 - pos <5667.395996, 29.285120, 5494.705078> - islocked:true - password:42069420) initialized
18-0-53 | UAZ469 (camo1) (ownerId:523991778 - pos <5856.654785, 32.045097, 5201.095215> - islocked:true - password:22392239) initialized
18-0-53 | Robinson R22 Helicopter - Red (ownerId:521855408 - pos <6049.017090, 32.083466, 5243.814453> - islocked:false - password:3181989) initialized
18-0-53 | Offroad Range Rover police  (ownerId:523450192 - pos <6540.195313, 15.333384, 5509.073242> - islocked:true - password:14789632) initialized
18-0-53 | Jeep Wrangler (ownerId:442990275 - pos <2920.749023, 20.404383, 8488.898438> - islocked:true - password:42014201) initialized
18-0-53 | Olga 24 (ownerId:442990275 - pos <1949.533447, 10.010606, 8862.222656> - islocked:true - password:42014201) initialized
18-0-53 | Gelenvagen (ownerId:442990275 - pos <1972.609619, 10.515398, 8863.177734> - islocked:true - password:42014201) initialized
18-0-53 | UAZ 3909 (ownerId:105471341 - pos <5105.033691, 27.584263, 7746.063477> - islocked:true - password:41720096) initialized
18-39-23 | Olga 24 (ownerId:442990275 - pos <1949.812622, 9.483255, 8862.286133> - islocked:false - password:42014201) has been deleted
18-42-43 | UAZ 3909 MCHS (ownerId:88929178 - pos <5371.014160, 49.667423, 6031.979980> - islocked:false - password:371400) has been deleted
18-42-58 | UAZ 3909 MCHS (ownerId:88929178 - pos <5370.178711, 49.965603, 6034.832520> - islocked:true - password:371400) new car claimed
18-42-58 | UAZ 3909 MCHS (ownerId:88929178 - pos <5370.178711, 49.959183, 6034.832520> - islocked:true - password:371400) initialized
18-55-6 | Gelenvagen (ownerId:442990275 - pos <5671.369629, 33.109016, 5250.407227> - islocked:false - password:-1) new car claimed
19-4-51 | STR_Camaro_Lesnik_name (ownerId:442990275 - pos <5673.410156, 32.675510, 5263.060547> - islocked:true - password:42014201) new car claimed
19-4-51 | STR_Camaro_Lesnik_name (ownerId:442990275 - pos <5673.410156, 32.675510, 5263.060547> - islocked:true - password:42014201) initialized
19-5-16 | Gelenvagen (ownerId:119311623 - pos <5671.369629, 33.109016, 5250.407227> - islocked:true - password:7101993) new car claimed
19-22-36 | Gunter 2 (ownerId:218588421 - pos <5651.070313, 27.504612, 5464.078613> - islocked:true - password:3081984) new car claimed
