Creation Time: 2023_4_20-0-0-50
0-0-50 | Sarka 120 (ownerId:194642746 - pos <5448.633301, 5.214886, 4627.738770> - islocked:true - password:15474555) initialized
0-0-50 | UH-60 Blackhawk - blackblackhawk (ownerId:195214598 - pos <3224.051514, 7.616046, 1721.952881> - islocked:true - password:52528989) initialized
0-0-50 | Olga 24 (ownerId:288122462 - pos <5668.030273, 28.912411, 5408.254883> - islocked:true - password:12011152) initialized
0-0-50 | Robinson R22 Helicopter (ownerId:195214598 - pos <5671.535156, 33.241261, 5256.129395> - islocked:true - password:52528989) initialized
0-0-50 | Robinson R22 Helicopter (ownerId:965259563 - pos <3757.553467, 6.131207, 2554.550293> - islocked:true - password:11367275) initialized
0-0-50 | Gunter 2 (ownerId:965259563 - pos <3734.649170, 5.683280, 2547.140137> - islocked:true - password:11367275) initialized
0-0-50 | M3S Covered (ownerId:965259563 - pos <3757.222900, 5.599270, 2565.214355> - islocked:true - password:11367275) initialized
0-0-50 | Olga 24 (ownerId:965259563 - pos <3750.340576, 5.595239, 2577.206055> - islocked:true - password:11367275) initialized
0-0-50 | Bell 429 Helicopter (ownerId:88929178 - pos <4475.433594, 10.073679, 3148.676514> - islocked:false - password:371400) initialized
0-0-50 | M3S Covered (ownerId:108250772 - pos <4521.240234, 10.389685, 3203.360840> - islocked:true - password:78945612) initialized
0-0-50 | UH-60 Blackhawk - Woodland (ownerId:85319837 - pos <3985.974609, 16.854166, 3474.664795> - islocked:true - password:1111110) initialized
0-0-50 | Robinson R22 Helicopter - Red (ownerId:71319946 - pos <2665.577637, 35.751202, 3317.651611> - islocked:true - password:19944991) initialized
0-0-50 | UH-60 Blackhawk Cargo (ownerId:980466132 - pos <1464.493286, 11.497155, 15309.610352> - islocked:true - password:22392239) initialized
0-0-50 | Bell 429 Helicopter (ownerId:195214598 - pos <8112.443359, 214.221130, 11880.533203> - islocked:true - password:52898952) initialized
0-0-50 | UH-60 Blackhawk - blackblackhawk (ownerId:195214598 - pos <8069.666992, 215.248901, 11834.370117> - islocked:true - password:89895252) initialized
0-0-50 | Sarka 120 (ownerId:940915030 - pos <9511.229492, 102.703018, 3751.685059> - islocked:true - password:11853737) initialized
0-0-50 | Robinson R22 Helicopter (ownerId:940915030 - pos <9512.575195, 102.761208, 3733.148193> - islocked:true - password:11853737) initialized
0-0-50 | M3S Covered (ownerId:67657702 - pos <10219.403320, 20.326866, 7928.717285> - islocked:false - password:19944991) initialized
0-0-50 | Robinson R22 Helicopter - Black (ownerId:34745177 - pos <9138.465820, 47.946823, 3793.840088> - islocked:false - password:67698687) initialized
0-0-50 | M3S Covered (ownerId:8156911 - pos <6232.801758, 5.800190, 9593.156250> - islocked:false - password:15500000) initialized
0-0-50 | Robinson R22 Helicopter - Black (ownerId:980466132 - pos <7348.521973, 101.077187, 6033.944824> - islocked:true - password:22392239) initialized
0-0-50 | Sarka 120 (ownerId:944065078 - pos <7658.118164, 18.594608, 3869.322021> - islocked:true - password:25082508) initialized
0-0-50 | Olga 24 (ownerId:944065078 - pos <7655.445801, 19.534489, 3867.466797> - islocked:true - password:97319731) initialized
0-0-50 | M3S Covered (ownerId:944065078 - pos <7651.871094, 20.341982, 3863.812744> - islocked:true - password:25082508) initialized
0-0-50 | MH-6M Little Bird - Desert (ownerId:62166080 - pos <6773.009766, 54.240791, 1834.931885> - islocked:true - password:22392239) initialized
0-0-50 | Robinson R22 Helicopter - Black (ownerId:62166080 - pos <6786.493164, 53.509365, 1834.474243> - islocked:true - password:22392239) initialized
0-0-50 | Olga 24 (ownerId:62166080 - pos <6795.431152, 39.125084, 1803.797729> - islocked:true - password:22392239) initialized
0-0-50 | M3S Covered (ownerId:62166080 - pos <6795.883301, 39.129269, 1808.994873> - islocked:false - password:22392239) initialized
0-0-50 | Ada 4x4 (ownerId:980466132 - pos <6800.919922, 39.178162, 1804.990479> - islocked:true - password:22392239) initialized
0-0-50 | Ada 4x4 (ownerId:62166080 - pos <6801.051758, 39.178257, 1800.987915> - islocked:true - password:22392239) initialized
0-0-50 | Sarka 120 (ownerId:980466132 - pos <6795.105957, 39.738487, 1800.802856> - islocked:true - password:22392239) initialized
0-0-50 | Sarka 120 (ownerId:405166905 - pos <3351.135742, 14.511724, 7579.616699> - islocked:true - password:19910111) initialized
0-33-55 | Gunter 2 (ownerId:88929178 - pos <5640.748047, 28.602116, 5424.340332> - islocked:true - password:371400) new car claimed
1-9-29 | Gunter 2 (ownerId:88929178 - pos <4509.558594, 9.643501, 3187.086426> - islocked:true - password:371400) has been deleted
