Creation Time: 2023_4_20-12-33-23
12-33-23 | Sarka 120 (ownerId:944065078 - pos <7658.118652, 18.593958, 3869.332764> - islocked:true - password:25082508) initialized
12-33-23 | Olga 24 (ownerId:944065078 - pos <7655.445313, 19.534576, 3867.466797> - islocked:true - password:97319731) initialized
12-33-23 | M3S Covered (ownerId:944065078 - pos <7651.871094, 20.340025, 3863.839111> - islocked:true - password:25082508) initialized
12-33-23 | Robinson R22 Helicopter - Black (ownerId:34745177 - pos <9138.468750, 47.954357, 3793.859863> - islocked:false - password:67698687) initialized
12-33-23 | UH-60 Blackhawk Cargo (ownerId:980466132 - pos <1464.482422, 11.497150, 15309.611328> - islocked:true - password:22392239) initialized
12-33-23 | Bell 429 Helicopter (ownerId:195214598 - pos <8112.443359, 214.221130, 11880.533203> - islocked:true - password:52898952) initialized
12-33-23 | UH-60 Blackhawk - blackblackhawk (ownerId:195214598 - pos <8069.666992, 215.248917, 11834.370117> - islocked:true - password:89895252) initialized
12-33-23 | Sarka 120 (ownerId:940915030 - pos <9511.229492, 102.703033, 3751.684814> - islocked:true - password:11853737) initialized
12-33-23 | Robinson R22 Helicopter (ownerId:940915030 - pos <9512.575195, 102.761200, 3733.148193> - islocked:true - password:11853737) initialized
12-33-23 | M3S Covered (ownerId:67657702 - pos <10219.401367, 20.319559, 7928.566895> - islocked:false - password:19944991) initialized
12-33-23 | Olga 24 (ownerId:62166080 - pos <6795.434082, 39.125084, 1803.797607> - islocked:true - password:22392239) initialized
12-33-23 | M3S Covered (ownerId:62166080 - pos <6795.885742, 39.129520, 1808.995361> - islocked:false - password:22392239) initialized
12-33-23 | Ada 4x4 (ownerId:980466132 - pos <6800.919922, 39.178162, 1804.990479> - islocked:true - password:22392239) initialized
12-33-23 | Ada 4x4 (ownerId:62166080 - pos <6801.051758, 39.178257, 1800.987549> - islocked:true - password:22392239) initialized
12-33-23 | Sarka 120 (ownerId:980466132 - pos <6795.105957, 39.738480, 1800.802979> - islocked:true - password:22392239) initialized
12-33-23 | Sarka 120 (ownerId:405166905 - pos <3351.135742, 14.511720, 7579.616699> - islocked:true - password:19910111) initialized
12-33-23 | Robinson R22 Helicopter - Red (ownerId:71319946 - pos <2665.577637, 35.751202, 3317.651611> - islocked:true - password:19944991) initialized
12-33-23 | UH-60 Blackhawk - blackblackhawk (ownerId:195214598 - pos <3224.051514, 7.616047, 1721.952393> - islocked:true - password:52528989) initialized
12-33-23 | Gunter 2 (ownerId:965259563 - pos <3734.647705, 5.683272, 2547.140137> - islocked:true - password:11367275) initialized
12-33-23 | M3S Covered (ownerId:965259563 - pos <3757.224365, 5.599524, 2565.211670> - islocked:true - password:11367275) initialized
12-33-23 | Olga 24 (ownerId:965259563 - pos <3750.340820, 5.595253, 2577.203369> - islocked:true - password:11367275) initialized
12-33-23 | Robinson R22 Helicopter (ownerId:965259563 - pos <3801.712891, 6.131206, 2550.119629> - islocked:true - password:11367275) initialized
12-33-23 | M3S Covered (ownerId:108250772 - pos <4521.240234, 10.390068, 3203.358154> - islocked:true - password:78945612) initialized
12-33-23 | Bell 429 Helicopter (ownerId:88929178 - pos <4535.771973, 17.384167, 3159.236572> - islocked:true - password:371400) initialized
12-33-23 | UH-60 Blackhawk - Woodland (ownerId:85319837 - pos <3985.974121, 16.854166, 3474.665039> - islocked:true - password:1111110) initialized
12-33-23 | Robinson R22 Helicopter - Black (ownerId:980466132 - pos <7348.521973, 101.077187, 6033.944824> - islocked:true - password:22392239) initialized
12-33-23 | Olga 24 (ownerId:288122462 - pos <5668.043945, 28.911648, 5408.251465> - islocked:true - password:12011152) initialized
12-33-23 | Robinson R22 Helicopter (ownerId:195214598 - pos <5671.535156, 33.241211, 5256.130371> - islocked:true - password:52528989) initialized
12-33-23 | Sarka 120 (ownerId:194642746 - pos <5451.862793, 5.265841, 4626.825684> - islocked:true - password:15474555) initialized
12-33-23 | MH-6M Little Bird - Desert (ownerId:62166080 - pos <6773.009766, 54.240791, 1834.931763> - islocked:true - password:22392239) initialized
12-33-23 | Robinson R22 Helicopter - Black (ownerId:62166080 - pos <6786.493164, 53.509369, 1834.474121> - islocked:true - password:22392239) initialized
12-33-23 | M3S Covered (ownerId:8156911 - pos <6232.801758, 5.800148, 9593.156250> - islocked:false - password:15500000) initialized
15-21-50 | Ada 4x4 (ownerId:80291406 - pos <5456.513672, 22.770105, 7338.276367> - islocked:true - password:84) new car claimed
15-21-50 | Ada 4x4 (ownerId:80291406 - pos <5456.519043, 22.486912, 7338.269531> - islocked:true - password:84) initialized
15-30-26 | Ada 4x4 (ownerId:80291406 - pos <5639.602051, 28.406792, 5426.719238> - islocked:false - password:84) has been deleted
