Creation Time: 2023_5_1-18-0-55
18-0-55 | Land Rover Defender 110 (ownerId:192139039 - pos <1187.246826, 27.934072, 12555.958984> - islocked:true - password:7161994) initialized
18-0-55 | Robinson R22 Helicopter (ownerId:195214598 - pos <1084.466797, 54.700249, 10695.003906> - islocked:true - password:52528989) initialized
18-0-55 | Robinson R22 Helicopter - Black (ownerId:62166080 - pos <518.580383, 40.944664, 11901.009766> - islocked:true - password:22392239) initialized
18-0-55 | UH-60 Blackhawk - blackblackhawk (ownerId:195214598 - pos <3224.051514, 7.616047, 1721.944336> - islocked:true - password:52528989) initialized
18-0-55 | Olga 24 (ownerId:965259563 - pos <3731.968506, 5.467784, 2551.063232> - islocked:true - password:11367275) initialized
18-0-55 | Land Rover Defender 110 Red (ownerId:965259563 - pos <3730.515869, 6.048485, 2554.894287> - islocked:true - password:11367275) initialized
18-0-55 | Land Rover Defender 110 Red (ownerId:132652049 - pos <4264.954590, 2.625454, 2514.104980> - islocked:true - password:9031783) initialized
18-0-55 | Robinson R22 Helicopter (ownerId:965259563 - pos <3756.512451, 19.967381, 2601.171387> - islocked:true - password:11367275) initialized
18-0-55 | Sarka 120 (ownerId:405166905 - pos <10489.906250, 10.002514, 4274.236816> - islocked:true - password:19910111) initialized
18-0-55 | Robinson R22 Helicopter (ownerId:940915030 - pos <9512.575195, 102.761200, 3733.148193> - islocked:true - password:11853737) initialized
18-0-55 | Ada 4x4 (ownerId:16874355 - pos <10732.898438, 90.320946, 6156.009766> - islocked:true - password:15795315) initialized
18-0-55 | Land Rover Defender 110 Red (ownerId:60592768 - pos <9561.738281, 4.179226, 5944.402344> - islocked:true - password:19651965) initialized
18-0-55 | Land Rover Defender 110 Green (ownerId:177737910 - pos <2550.602539, 57.004520, 9449.895508> - islocked:false - password:25792579) initialized
18-0-55 | M3S Covered (ownerId:965259563 - pos <5465.726563, 7.868563, 8577.350586> - islocked:true - password:72524299) initialized
18-0-55 | M3S Covered (ownerId:839735782 - pos <5471.442383, 7.846875, 8580.246094> - islocked:true - password:1051997) initialized
18-0-55 | Ada 4x4 (ownerId:419387242 - pos <5608.952637, 28.855570, 5349.512207> - islocked:true - password:8995862) initialized
18-0-55 | M3S Covered (ownerId:108250772 - pos <5656.406250, 28.701427, 5426.496582> - islocked:true - password:12345678) initialized
18-0-55 | Olga 24 (ownerId:419387242 - pos <7057.734863, 44.999748, 2053.500000> - islocked:true - password:8995862) initialized
18-0-55 | Robinson R22 Helicopter - Black (ownerId:980466132 - pos <7349.647949, 101.077271, 6033.751465> - islocked:false - password:22392239) initialized
18-0-55 | Sarka 120 (ownerId:85319837 - pos <7574.966797, 24.190540, 3928.492920> - islocked:true - password:1111110) initialized
18-0-55 | Land Rover Defender 110 UN (ownerId:85319837 - pos <7572.665527, 24.168486, 3940.986328> - islocked:true - password:9151985) initialized
18-0-55 | Sarka 120 (ownerId:194642746 - pos <5445.561035, 5.326273, 4629.522949> - islocked:true - password:15474555) initialized
18-0-55 | Robinson R22 Helicopter - Black (ownerId:984346468 - pos <4728.882813, 12.292143, 4692.961426> - islocked:true - password:83898389) initialized
18-0-55 | Land Rover Defender 110 Red (ownerId:980466132 - pos <4778.727539, 18.060469, 4495.745117> - islocked:true - password:22392239) initialized
18-0-55 | Robinson R22 Helicopter (ownerId:71319946 - pos <5672.808594, 33.907440, 5245.416016> - islocked:true - password:19944991) initialized
18-0-55 | Sarka 120 (ownerId:980466132 - pos <6801.630371, 39.738659, 1801.161499> - islocked:true - password:22392239) initialized
18-0-55 | M3S Covered (ownerId:980466132 - pos <6795.287598, 40.007679, 1809.517090> - islocked:true - password:22392239) initialized
18-0-55 | MBB Bo-105m Helicopter - blackcamo (ownerId:980466132 - pos <6768.891113, 54.751770, 1849.850098> - islocked:true - password:22392239) initialized
18-0-55 | M3S Covered (ownerId:944065078 - pos <7718.275879, 36.466988, 6089.899902> - islocked:false - password:25082508) initialized
18-0-55 | Land Rover Defender 110 UN (ownerId:116364714 - pos <7697.131836, 37.322048, 6075.831543> - islocked:false - password:25082508) initialized
18-0-55 | Robinson R22 Helicopter (ownerId:839735782 - pos <5501.993652, 16.324074, 8479.502930> - islocked:true - password:1051997) initialized
18-0-55 | Gunter 2 (ownerId:36527682 - pos <7192.423340, 3.389054, 5359.116211> - islocked:true - password:93991005) initialized
18-0-55 | Land Rover Defender 110 Green (ownerId:62166080 - pos <7427.419922, 39.975445, 3227.615234> - islocked:false - password:22392239) initialized
18-0-55 | Sarka 120 (ownerId:944065078 - pos <5593.003906, 28.686024, 5378.299805> - islocked:false - password:25082508) initialized
21-1-42 | Robinson R22 Helicopter - Black (ownerId:62166080 - pos <518.586304, 40.288788, 11900.337891> - islocked:false - password:22392239) has been deleted
22-4-50 | Sarka 120 (ownerId:965259563 - pos <6150.268555, 22.074762, 6377.561035> - islocked:true - password:72524299) new car claimed
