Creation Time: 2023_4_18-0-0-51
0-0-51 | M3S Covered (ownerId:965259563 - pos <3757.193359, 5.599310, 2565.220947> - islocked:true - password:11367275) initialized
0-0-51 | Gunter 2 (ownerId:965259563 - pos <3748.300537, 5.650947, 2573.679199> - islocked:true - password:11367275) initialized
0-0-51 | Olga 24 (ownerId:965259563 - pos <3752.322021, 5.606654, 2571.387695> - islocked:false - password:11367275) initialized
0-0-51 | UH-60 Blackhawk - Woodland (ownerId:85319837 - pos <3985.974854, 16.854160, 3474.664795> - islocked:true - password:1111110) initialized
0-0-51 | MH-6M Little Bird - Desert (ownerId:62166080 - pos <3778.458740, 28.009340, 9297.926758> - islocked:true - password:22392239) initialized
0-0-51 | Robinson R22 Helicopter (ownerId:965259563 - pos <4428.252930, 6.180693, 2904.960938> - islocked:true - password:11367275) initialized
0-0-51 | Robinson R22 Helicopter - Red (ownerId:71319946 - pos <2665.577637, 35.751228, 3317.651611> - islocked:true - password:19944991) initialized
0-0-51 | Bell 429 Helicopter (ownerId:88929178 - pos <4501.653809, 10.793992, 3188.922607> - islocked:true - password:371400) initialized
0-0-51 | M3S Covered (ownerId:108250772 - pos <4521.240234, 10.389150, 3203.366211> - islocked:false - password:78945612) initialized
0-0-51 | M3S Covered (ownerId:67657702 - pos <10219.404297, 20.341293, 7929.018066> - islocked:false - password:19944991) initialized
0-0-51 | Sarka 120 (ownerId:940915030 - pos <9511.229492, 102.703041, 3751.685059> - islocked:true - password:11853737) initialized
0-0-51 | Robinson R22 Helicopter (ownerId:940915030 - pos <9512.575195, 102.761200, 3733.148193> - islocked:true - password:11853737) initialized
0-0-51 | UH-60 Blackhawk - blackblackhawk (ownerId:195214598 - pos <8069.666992, 215.248932, 11834.370117> - islocked:true - password:89895252) initialized
0-0-51 | Bell 429 Helicopter (ownerId:195214598 - pos <8112.444824, 214.212570, 11880.526367> - islocked:true - password:52898952) initialized
0-0-51 | Ada 4x4 (ownerId:980466132 - pos <6800.919922, 39.178162, 1804.989868> - islocked:true - password:22392239) initialized
0-0-51 | Ada 4x4 (ownerId:62166080 - pos <6801.277832, 39.178246, 1801.917725> - islocked:true - password:22392239) initialized
0-0-51 | Sarka 120 (ownerId:980466132 - pos <6795.426758, 39.113369, 1800.741089> - islocked:true - password:22392239) initialized
0-0-51 | M3S Covered (ownerId:62166080 - pos <6795.873047, 39.129005, 1808.994751> - islocked:true - password:22392239) initialized
0-0-51 | Olga 24 (ownerId:62166080 - pos <6795.730469, 39.125641, 1803.794067> - islocked:true - password:22392239) initialized
0-0-51 | UH-60 Blackhawk Cargo (ownerId:980466132 - pos <6788.688965, 38.911335, 1852.730835> - islocked:true - password:22392239) initialized
0-0-51 | Robinson R22 Helicopter - Black (ownerId:62166080 - pos <6770.633301, 53.509369, 1835.195923> - islocked:true - password:22392239) initialized
0-0-51 | Robinson R22 Helicopter - Black (ownerId:34745177 - pos <9138.454102, 47.927315, 3793.789307> - islocked:false - password:67698687) initialized
0-0-51 | Olga 24 (ownerId:944065078 - pos <7657.512695, 19.194635, 3870.318604> - islocked:true - password:97319731) initialized
0-0-51 | Robinson R22 Helicopter - Black (ownerId:116364714 - pos <7652.232910, 19.088320, 3893.168457> - islocked:true - password:25082508) initialized
0-0-51 | Olga 24 (ownerId:288122462 - pos <5668.006348, 28.914141, 5408.261230> - islocked:true - password:12011152) initialized
0-0-51 | Robinson R22 Helicopter (ownerId:195214598 - pos <5663.653809, 33.745350, 5251.880859> - islocked:true - password:52528989) initialized
0-0-51 | Robinson R22 Helicopter - Black (ownerId:980466132 - pos <7348.521973, 101.077194, 6033.944824> - islocked:true - password:22392239) initialized
0-0-51 | M3S Covered (ownerId:8156911 - pos <7099.443359, 9.422304, 5454.397461> - islocked:true - password:15500000) initialized
0-42-33 | UH-60 Blackhawk - blackblackhawk (ownerId:195214598 - pos <3223.729004, 6.922785, 1721.896606> - islocked:true - password:52528989) new car claimed
