Creation Time: 2023_5_22-18-0-51
18-0-51 | Chevrolet Corvette White  (ownerId:157174770 - pos <5608.730469, 29.256353, 5349.669434> - islocked:true - password:19892004) initialized
18-0-51 | Sarka 120 (ownerId:108250772 - pos <5617.132813, 28.686041, 5394.041504> - islocked:true - password:3181989) initialized
18-0-51 | PAZ (green) (ownerId:980466132 - pos <5631.259277, 29.526321, 5379.812012> - islocked:true - password:22392239) initialized
18-0-51 | LUAZ 969 rust (ownerId:88929178 - pos <5625.482910, 29.296362, 5419.026367> - islocked:true - password:371400) initialized
18-0-51 | HAMMER_H1 black (ownerId:405166905 - pos <5195.087891, 4.949974, 5315.442383> - islocked:true - password:1111991) initialized
18-0-51 | Jeep Wrangler (ownerId:288122462 - pos <6882.477051, 34.255123, 5889.201172> - islocked:true - password:12321321) initialized
18-0-51 | MOSKVICH 2140 (ownerId:304057481 - pos <6950.713379, 14.669905, 5719.606445> - islocked:true - password:42687931) initialized
18-0-51 | LUAZ 969 blue (ownerId:354151095 - pos <6972.173340, 14.597517, 5701.598633> - islocked:true - password:4250425) initialized
18-0-51 | Toyota Land Cruiser 200 blood  (ownerId:62166080 - pos <5678.062012, 33.599316, 5246.402832> - islocked:true - password:22392239) initialized
18-0-51 | Olga 24 (ownerId:839735782 - pos <5859.011230, 45.548733, 4886.847168> - islocked:true - password:13579086) initialized
18-0-51 | M3S Covered (ownerId:442990275 - pos <5680.871094, 32.803909, 5270.222168> - islocked:true - password:37579090) initialized
18-0-51 | YAR_87 Camo2  (ownerId:34611550 - pos <7502.047852, 3.340915, 5639.532715> - islocked:true - password:19892004) initialized
18-0-51 | UAZ 3909 Khaki1 (ownerId:36527682 - pos <7718.835938, 36.424049, 6070.978516> - islocked:true - password:93991005) initialized
18-0-51 | Olga 24 (ownerId:36527682 - pos <7733.397461, 36.107784, 6085.732910> - islocked:true - password:10939910) initialized
18-0-51 | Gaz 71 WINTER (ownerId:137318436 - pos <4240.989746, 21.428881, 7282.318359> - islocked:true - password:20090909) initialized
18-0-51 | STR_EGER_name (ownerId:69839805 - pos <4249.273926, 21.605030, 7295.799316> - islocked:true - password:20090909) initialized
18-0-51 | ToyotaHilux Red (ownerId:60592768 - pos <9562.668945, 4.356281, 5943.360840> - islocked:true - password:19651965) initialized
18-0-51 | Cougar Camo kamo (ownerId:980466132 - pos <1447.440308, 3.095249, 6767.592285> - islocked:true - password:22392239) initialized
18-0-51 | MBB Bo-105m Helicopter - blackcamo (ownerId:132652049 - pos <10713.283203, 3.545025, 3205.117676> - islocked:true - password:86753099) initialized
18-0-51 | Jeep Wrangler black  (ownerId:132652049 - pos <10692.896484, 3.383175, 3208.724609> - islocked:false - password:17392468) initialized
18-0-51 | UAZ_2315 Camo2 (ownerId:442990275 - pos <1847.113892, 2.448291, 15999.280273> - islocked:true - password:42014201) initialized
18-39-17 | MOSKVICH 2140 (ownerId:944065078 - pos <5602.948730, 28.696383, 5356.936035> - islocked:true - password:97319731) new car claimed
19-5-36 | UH-60 Blackhawk - blackblackhawk (ownerId:69839805 - pos <4256.136719, 20.521681, 7266.719238> - islocked:true - password:20090909) new car claimed
19-19-5 | Sarka 120 (ownerId:442990275 - pos <1287.550049, 15.013463, 15407.177734> - islocked:true - password:37579090) new car claimed
19-19-5 | Sarka 120 (ownerId:442990275 - pos <1287.550049, 14.713463, 15407.177734> - islocked:true - password:37579090) initialized
19-22-51 | Sarka 120 (ownerId:442990275 - pos <1284.806274, 13.522231, 15415.487305> - islocked:true - password:37579090) has been deleted
20-11-21 | Gaz 71 WINTER (ownerId:137318436 - pos <5613.708496, 28.717196, 5354.543945> - islocked:true - password:20090909) has been deleted
20-15-5 | Gaz 71 Black (ownerId:137318436 - pos <5620.998535, 28.702660, 5360.011719> - islocked:true - password:20090909) new car claimed
21-44-45 | Toyota Land Cruiser 200 (ownerId:308099129 - pos <5605.241699, 28.727924, 5356.169922> - islocked:true - password:9131988) new car claimed
22-6-49 | Chevrolet Corvette White  (ownerId:157174770 - pos <5608.735352, 28.753584, 5349.670410> - islocked:false - password:19892004) has been deleted
