Creation Time: 2023_7_20-12-0-51
12-0-51 | MH-6M Little Bird - Camo (ownerId:132652049 - pos <5677.182617, 30.092625, 5390.803223> - islocked:true - password:9021997) initialized
12-0-51 | Ada 4x4 (ownerId:369601190 - pos <5668.546875, 29.263582, 5470.104004> - islocked:true - password:42014201) initialized
12-0-51 | STR_EGER_GreenCamo_name (ownerId:197257182 - pos <5667.701172, 29.692041, 5387.755371> - islocked:true - password:48151623) initialized
12-0-51 | Velociraptor6x6 Camo2  (ownerId:407766611 - pos <5623.782227, 29.525606, 5387.169434> - islocked:true - password:55555552) initialized
12-0-51 | Velociraptor6x6 Camo (ownerId:407766611 - pos <5619.667480, 29.525602, 5383.613770> - islocked:true - password:55555552) initialized
12-0-51 | Toyota Land Cruiser 200 Camo2  (ownerId:93344906 - pos <5637.172852, 29.232611, 5345.629395> - islocked:false - password:48151623) initialized
12-0-51 | UAZ 3909 Beige (ownerId:795695470 - pos <5623.585938, 29.497900, 5350.580566> - islocked:true - password:8031991) initialized
12-0-51 | LUAZ 969 rust (ownerId:127107249 - pos <5615.926270, 29.288031, 5349.587891> - islocked:true - password:12186270) initialized
12-0-51 | Gunter 2 (ownerId:48698262 - pos <5639.052246, 28.903172, 5333.077637> - islocked:true - password:48151623) initialized
12-0-51 | MOSKVICH 2140 (ownerId:882346394 - pos <6661.942383, 15.562327, 6318.884766> - islocked:true - password:42091103) initialized
12-0-51 | Jeep Wrangler green  (ownerId:523450192 - pos <5904.565430, 37.193325, 5221.845215> - islocked:true - password:22392239) initialized
12-0-51 | STR_EGER_GreenCamo_name (ownerId:523991778 - pos <5899.113770, 37.135498, 5221.916992> - islocked:true - password:22392239) initialized
12-0-51 | MH-6M Little Bird - Camo (ownerId:523450192 - pos <5891.708008, 41.853767, 5228.912109> - islocked:true - password:22392239) initialized
12-0-51 | Gunter 2 (ownerId:442990275 - pos <5687.659668, 33.532063, 5264.951172> - islocked:true - password:42014201) initialized
12-0-51 | UAZ HUNTER (ownerId:442990275 - pos <5683.680176, 33.468662, 5267.363770> - islocked:true - password:37579090) initialized
12-0-51 | Velociraptor6x6 Camo2  (ownerId:262549311 - pos <5674.795898, 33.541611, 5272.459961> - islocked:true - password:24680000) initialized
12-0-51 | Olga 24 (ownerId:795695470 - pos <5671.743164, 33.675369, 5278.708496> - islocked:true - password:8031991) initialized
12-0-51 | SCOUT Black (ownerId:442990275 - pos <3951.522705, 25.774008, 4851.550293> - islocked:true - password:37579090) initialized
12-0-51 | MH-6M Little Bird (ownerId:442990275 - pos <3978.020264, 26.211439, 4857.777832> - islocked:true - password:37579090) initialized
12-0-51 | UH-60 Blackhawk - blackblackhawk (ownerId:88929178 - pos <4427.373535, 11.961779, 4606.234863> - islocked:true - password:371400) initialized
12-0-51 | URAL 4320 KUNG (ownerId:88929178 - pos <4421.796875, 7.271997, 4607.148926> - islocked:true - password:371400) initialized
12-0-51 | UAZ_2315 (ownerId:442990275 - pos <5731.736328, 30.924608, 7139.821777> - islocked:true - password:42014201) initialized
12-0-51 | LUAZ 969 red (ownerId:405166905 - pos <5356.917969, 35.382141, 641.903625> - islocked:true - password:11111111) initialized
12-0-51 | Offroad Range Rover police  (ownerId:60592768 - pos <3239.770752, 3.228038, 1719.024780> - islocked:true - password:13121312) initialized
12-0-51 | UAZ 3909 Police (ownerId:60592768 - pos <3231.810303, 3.497940, 1732.095947> - islocked:true - password:13121312) initialized
12-0-51 | STR_Camaro_Nest_name (ownerId:60592768 - pos <3246.134766, 3.116042, 1750.852295> - islocked:true - password:13121312) initialized
12-0-51 | Nissan warrior Camo (ownerId:526094573 - pos <3590.608154, 10.891296, 3409.455566> - islocked:true - password:77899511) initialized
12-0-51 | Oshkosh (ownerId:197257182 - pos <2799.743652, 69.918602, 4662.984375> - islocked:true - password:48151623) initialized
12-0-51 |  Novator Flecktarn (ownerId:48698262 - pos <2795.422607, 69.814308, 4663.095215> - islocked:true - password:48151623) initialized
12-0-51 | Offroad Range Rover Yellow  (ownerId:103808025 - pos <3635.527588, 16.122374, 9634.206055> - islocked:true - password:55677777) initialized
12-0-51 | Sarka 120 (ownerId:119311623 - pos <3402.775146, 23.252041, 6189.946777> - islocked:true - password:7101993) initialized
12-0-51 | Oshkosh grey (ownerId:64819467 - pos <4275.676758, 21.358601, 7271.528320> - islocked:true - password:7101993) initialized
12-0-51 | BMW X5 Flecktarn (ownerId:53415379 - pos <4265.506836, 20.914972, 7261.179199> - islocked:true - password:7101993) initialized
12-0-51 | Toyota Land Cruiser 200 Camo (ownerId:119311623 - pos <4269.522949, 21.010033, 7264.749512> - islocked:true - password:7101993) initialized
12-0-51 | Gunter 2 (ownerId:218588421 - pos <3803.184326, 7.146796, 5908.388184> - islocked:true - password:3081984) initialized
13-14-18 | UH-60 Blackhawk - Budhawk (ownerId:369601190 - pos <5669.684082, 33.489380, 5248.951172> - islocked:true - password:54879586) new car claimed
13-14-18 | UH-60 Blackhawk - Budhawk (ownerId:369601190 - pos <5669.684082, 33.489380, 5248.951172> - islocked:true - password:54879586) initialized
13-46-58 | UAZ HUNTER (ownerId:442990275 - pos <5683.284668, 32.661381, 5266.489258> - islocked:true - password:37579090) has been deleted
13-47-22 | Gunter 2 (ownerId:442990275 - pos <5687.737305, 32.896862, 5265.027344> - islocked:true - password:42014201) has been deleted
14-23-24 | Gunter 2 (ownerId:442990275 - pos <3922.805908, 25.219984, 4793.144043> - islocked:true - password:42014201) new car claimed
14-23-24 | Gunter 2 (ownerId:442990275 - pos <3922.805908, 25.219984, 4793.144043> - islocked:true - password:42014201) initialized
14-23-39 | UAZ HUNTER (ownerId:442990275 - pos <3922.315430, 25.219994, 4828.146973> - islocked:true - password:37579090) new car claimed
14-23-39 | UAZ HUNTER (ownerId:442990275 - pos <3922.315430, 25.219994, 4828.146973> - islocked:true - password:37579090) initialized
14-23-58 | Olga 24 (ownerId:442990275 - pos <3922.677002, 25.220001, 4797.613281> - islocked:true - password:42014201) new car claimed
14-23-58 | Olga 24 (ownerId:442990275 - pos <3922.677002, 25.220001, 4797.613281> - islocked:true - password:42014201) initialized
14-25-54 | M3S Covered (ownerId:442990275 - pos <3920.417725, 25.220009, 4839.812988> - islocked:true - password:42014201) new car claimed
14-25-54 | M3S Covered (ownerId:442990275 - pos <3920.417725, 25.220009, 4839.812988> - islocked:true - password:42014201) initialized
14-26-15 | Olga 24 (ownerId:442990275 - pos <3922.526367, 25.219999, 4800.951172> - islocked:true - password:42014201) new car claimed
14-26-15 | Olga 24 (ownerId:442990275 - pos <3922.526367, 25.219999, 4800.951172> - islocked:true - password:42014201) initialized
14-26-26 | Olga 24 (ownerId:442990275 - pos <3922.798584, 25.219995, 4804.528809> - islocked:true - password:42014201) new car claimed
14-26-26 | Olga 24 (ownerId:442990275 - pos <3922.798584, 25.219995, 4804.528809> - islocked:true - password:42014201) initialized
14-46-47 | UAZ_2315 Red (ownerId:369601190 - pos <1916.760864, 9.490000, 9260.082031> - islocked:true - password:45645645) new car claimed
14-46-47 | UAZ_2315 Red (ownerId:369601190 - pos <1916.760864, 9.490000, 9260.082031> - islocked:true - password:45645645) initialized
14-53-25 | UH-60 Blackhawk - Budhawk (ownerId:369601190 - pos <1906.160278, 9.265365, 9258.632813> - islocked:false - password:54879586) has been deleted
15-51-6 | UH-60 Blackhawk - blackblackhawk (ownerId:88929178 - pos <5655.725098, 33.516811, 5236.465332> - islocked:false - password:371400) has been deleted
15-56-7 | MH-6M Little Bird - Camo (ownerId:88929178 - pos <5662.605957, 33.232239, 5240.211426> - islocked:true - password:371400) new car claimed
