Creation Time: 2023_5_22-0-0-49
0-0-49 | PAZ (green) (ownerId:980466132 - pos <5631.259277, 29.526331, 5379.812012> - islocked:true - password:22392239) initialized
0-0-49 | Sarka 120 (ownerId:108250772 - pos <5617.134766, 28.686049, 5394.043945> - islocked:true - password:3181989) initialized
0-0-49 | LUAZ 969 rust (ownerId:88929178 - pos <5625.482910, 29.296349, 5419.026367> - islocked:true - password:371400) initialized
0-0-49 | Olga 24 (ownerId:839735782 - pos <5859.011230, 45.548737, 4886.847168> - islocked:true - password:13579086) initialized
0-0-49 | MOSKVICH 2140 (ownerId:419387242 - pos <5663.417969, 29.182314, 5390.644043> - islocked:true - password:58625862) initialized
0-0-49 | MH-6M Little Bird (ownerId:89279995 - pos <4265.115234, 21.848566, 7308.764648> - islocked:true - password:20090909) initialized
0-0-49 | Chevrolet Corvette White  (ownerId:157174770 - pos <7500.621094, 2.791237, 5636.865723> - islocked:true - password:19892004) initialized
0-0-49 | YAR_87 Camo2  (ownerId:34611550 - pos <7504.333496, 3.340498, 5638.859863> - islocked:false - password:19892004) initialized
0-0-49 | STR_EGER_name (ownerId:69839805 - pos <4252.918457, 21.605030, 7290.899414> - islocked:true - password:20090909) initialized
0-0-49 | Offroad Range Rover police  (ownerId:69839805 - pos <4247.650391, 21.095661, 7296.851074> - islocked:false - password:20090909) initialized
0-0-49 | UAZ_2315 Camo2 (ownerId:442990275 - pos <5662.793457, 5.504865, 9276.586914> - islocked:true - password:42014201) initialized
0-0-49 | HAMMER_H1 black (ownerId:405166905 - pos <5214.485352, 4.389020, 5327.308105> - islocked:true - password:1111991) initialized
0-0-49 | UAZ 3909 Khaki1 (ownerId:36527682 - pos <7718.837402, 36.423988, 6070.980957> - islocked:true - password:93991005) initialized
0-0-49 | Olga 24 (ownerId:36527682 - pos <7733.397461, 36.107792, 6085.732910> - islocked:false - password:10939910) initialized
0-0-49 | Jeep Wrangler (ownerId:288122462 - pos <6880.735840, 34.255123, 5881.112305> - islocked:true - password:12321321) initialized
0-0-49 | MOSKVICH 2140 (ownerId:304057481 - pos <6950.713379, 14.669907, 5719.607910> - islocked:true - password:42687931) initialized
0-0-49 | LUAZ 969 blue (ownerId:354151095 - pos <6972.173340, 14.597516, 5701.598633> - islocked:true - password:4250425) initialized
0-0-49 | Toyota Land Cruiser 200 blood  (ownerId:62166080 - pos <5678.061523, 33.599327, 5246.401855> - islocked:true - password:22392239) initialized
0-0-49 | MBB Bo-105m Helicopter - blackcamo (ownerId:132652049 - pos <5667.875488, 34.045826, 5246.321777> - islocked:true - password:86753099) initialized
0-0-49 | M3S Covered (ownerId:442990275 - pos <5680.890625, 32.807537, 5270.281738> - islocked:true - password:37579090) initialized
0-0-49 | Cougar Camo kamo (ownerId:980466132 - pos <1447.440308, 3.095258, 6767.592285> - islocked:true - password:22392239) initialized
0-0-49 | Jeep Wrangler black  (ownerId:132652049 - pos <10692.896484, 3.383178, 3208.724609> - islocked:false - password:17392468) initialized
0-0-49 | ToyotaHilux Red (ownerId:60592768 - pos <9562.668945, 4.356280, 5943.361328> - islocked:true - password:19651965) initialized
0-6-24 | Olga 24 (ownerId:442990275 - pos <5659.704590, 4.917778, 9281.152344> - islocked:true - password:42014201) new car claimed
0-6-52 | Olga 24 (ownerId:442990275 - pos <5659.704590, 4.917778, 9281.152344> - islocked:false - password:42014201) has been deleted
0-54-44 | Olga 24 (ownerId:965259563 - pos <5967.654297, 5.867761, 13991.966797> - islocked:true - password:54146888) new car claimed
0-58-23 | Olga 24 (ownerId:965259563 - pos <5967.654297, 5.867785, 13991.966797> - islocked:true - password:54146888) has been deleted
1-24-40 | Offroad Range Rover police  (ownerId:69839805 - pos <4247.742188, 20.616659, 7296.755371> - islocked:false - password:20090909) has been deleted
2-21-15 | MH-6M Little Bird (ownerId:89279995 - pos <5995.909180, 110.730797, 5445.648438> - islocked:false - password:20090909) has been deleted
2-33-53 | Sarka 120 (ownerId:419387242 - pos <5664.871094, 5.841606, 9273.034180> - islocked:true - password:11223344) new car claimed
2-34-15 | Sarka 120 (ownerId:419387242 - pos <5664.871094, 5.841606, 9273.034180> - islocked:false - password:11223344) has been deleted
2-44-49 | UH-60 Blackhawk - blackblackhawk (ownerId:69839805 - pos <5622.123535, 28.704454, 5361.333984> - islocked:true - password:20090909) new car claimed
2-45-27 | Sarka 120 (ownerId:419387242 - pos <5966.970703, 36.897446, 5224.201172> - islocked:true - password:11223344) new car claimed
2-45-48 | Sarka 120 (ownerId:419387242 - pos <5966.970703, 36.897446, 5224.201172> - islocked:true - password:11223344) has been deleted
2-49-59 | Gaz 71 WINTER (ownerId:137318436 - pos <4241.192871, 20.600250, 7282.477539> - islocked:true - password:20090909) new car claimed
2-51-39 | UH-60 Blackhawk - blackblackhawk (ownerId:69839805 - pos <4261.665527, 20.447929, 7305.324219> - islocked:true - password:20090909) has been deleted
2-52-12 | UH-60 Blackhawk - blackblackhawk (ownerId:69839805 - pos <0.000000, 0.300000, 0.000000> - islocked:true - password:20090909) new car claimed
2-52-12 | UH-60 Blackhawk - blackblackhawk (ownerId:69839805 - pos <0.000000, 0.300000, 0.000000> - islocked:true - password:20090909) initialized
2-52-49 | UH-60 Blackhawk - blackblackhawk (ownerId:69839805 - pos <-49.693398, -3365.864746, -4.227967> - islocked:true - password:20090909) has been deleted
4-1-6 | Olga 24 (ownerId:419387242 - pos <9548.533203, 30.265579, 4114.114746> - islocked:true - password:11223344) new car claimed
4-1-33 | Olga 24 (ownerId:419387242 - pos <9548.533203, 30.265579, 4114.114746> - islocked:true - password:11223344) has been deleted
4-22-28 | MOSKVICH 2140 (ownerId:419387242 - pos <5664.286133, 28.695068, 5390.317383> - islocked:false - password:58625862) has been deleted
