Creation Time: 2023_6_9-0-0-51
0-0-51 | STR_EGER_name (ownerId:980466132 - pos <3688.995850, 12.085169, 9772.874023> - islocked:true - password:22392239) initialized
0-0-51 | Jeep Wrangler black  (ownerId:308099129 - pos <3929.318359, 12.055123, 7918.307129> - islocked:true - password:9131988) initialized
0-0-51 | MH-6M Little Bird (ownerId:34611550 - pos <4271.984863, 21.744884, 7303.545410> - islocked:true - password:19892004) initialized
0-0-51 | Jeep Wrangler Blue (ownerId:34611550 - pos <4246.239258, 21.212746, 7292.730957> - islocked:true - password:19892004) initialized
0-0-51 | Ada 4x4 (ownerId:839735782 - pos <4959.785645, 15.150743, 8482.845703> - islocked:true - password:1051997) initialized
0-0-51 | M3S Covered (ownerId:86564395 - pos <4550.290527, 27.460148, 7875.549805> - islocked:false - password:59005900) initialized
0-0-51 | STR_Camaro_Lesnik_name (ownerId:442990275 - pos <1956.197876, 9.871474, 8872.093750> - islocked:true - password:42014201) initialized
0-0-51 | ToyotaHilux Camo (ownerId:442990275 - pos <7248.803223, 25.022573, 1970.907104> - islocked:true - password:42014201) initialized
0-0-51 | M3S Covered (ownerId:249230507 - pos <8282.185547, 5.025801, 9352.279297> - islocked:true - password:33333333) initialized
0-0-51 | Robinson R22 Helicopter (ownerId:249230507 - pos <8092.914063, 13.178652, 9330.942383> - islocked:true - password:33333333) initialized
0-0-51 | YAR_87 Camo2  (ownerId:34611550 - pos <2479.791504, 18.703096, 13963.012695> - islocked:true - password:19892004) initialized
0-0-51 | ToyotaHilux White (ownerId:60592768 - pos <9560.018555, 4.309832, 5946.570313> - islocked:true - password:19651965) initialized
0-0-51 | LUAZ 969 black (ownerId:36527682 - pos <7718.376953, 36.262539, 6068.660645> - islocked:true - password:93991005) initialized
0-0-51 | MH-6M Little Bird - Desert (ownerId:132652049 - pos <10045.665039, 8.208423, 1098.988281> - islocked:false - password:13579246) initialized
0-0-51 | Sarka 120 (ownerId:144736642 - pos <7340.216797, 7.426138, 8406.367188> - islocked:true - password:41941941) initialized
0-0-51 | Olga 24 (ownerId:86564395 - pos <5683.289063, 5.538048, 9264.157227> - islocked:true - password:59005900) initialized
0-0-51 | UAZ_2315 Red (ownerId:405166905 - pos <6151.449707, 6.959656, 13431.334961> - islocked:true - password:1111991) initialized
0-0-51 | MOSKVICH 2140 (ownerId:288122462 - pos <6883.863281, 34.121403, 5878.004883> - islocked:true - password:12321123) initialized
0-0-51 | Olga 24 (ownerId:416867315 - pos <5378.852539, 74.598724, 3968.254150> - islocked:true - password:19993420) initialized
0-0-51 | LUAZ 969 black (ownerId:88929178 - pos <4146.070801, 4.054607, 4199.206055> - islocked:true - password:371400) initialized
0-0-51 | MOSKVICH 2140 (ownerId:54276291 - pos <5440.953613, 6.813859, 4639.776855> - islocked:true - password:12348262) initialized
0-0-51 | Audi RS6 (ownerId:85319837 - pos <5682.035156, 33.497421, 5242.730469> - islocked:true - password:1111110) initialized
0-0-51 | Jeep Wrangler (ownerId:944065078 - pos <5667.188477, 29.420256, 5339.477051> - islocked:false - password:97319731) initialized
0-0-51 | MOSKVICH 2140 (ownerId:137318436 - pos <4304.499512, 3.855573, 4680.525391> - islocked:true - password:20090909) initialized
0-0-51 | Olga 24 (ownerId:405166905 - pos <3425.020752, 23.085604, 6115.207520> - islocked:true - password:1111991) initialized
0-0-51 | Olga 24 (ownerId:501895347 - pos <3569.515625, 21.123260, 6543.802246> - islocked:true - password:42775920) initialized
0-0-51 | MH-6M Little Bird - Camo (ownerId:369601190 - pos <1571.351074, 10.481434, 9033.911133> - islocked:true - password:80081355) initialized
