Creation Time: 2023_7_19-18-0-57
18-0-57 | LUAZ 969 red (ownerId:405166905 - pos <5356.917969, 35.382145, 641.903625> - islocked:true - password:11111111) initialized
18-0-57 | Offroad Range Rover police  (ownerId:60592768 - pos <3235.147705, 3.228037, 1724.893066> - islocked:true - password:13121312) initialized
18-0-57 | UAZ 3909 Police (ownerId:60592768 - pos <3231.902588, 3.497946, 1731.630371> - islocked:true - password:13121312) initialized
18-0-57 | STR_Camaro_Nest_name (ownerId:60592768 - pos <3245.896240, 3.116042, 1751.002808> - islocked:true - password:13121312) initialized
18-0-57 | Offroad Range Rover Yellow  (ownerId:103808025 - pos <3635.527832, 16.122375, 9634.206055> - islocked:true - password:55677777) initialized
18-0-57 | HAMMER_H1 (ownerId:262549311 - pos <5036.130371, 12.554915, 9118.012695> - islocked:true - password:24680000) initialized
18-0-57 | Oshkosh grey (ownerId:64819467 - pos <4275.676270, 21.358604, 7271.527832> - islocked:true - password:7101993) initialized
18-0-57 | BMW X5 Flecktarn (ownerId:53415379 - pos <4265.506836, 20.914974, 7261.179199> - islocked:true - password:7101993) initialized
18-0-57 | Toyota Land Cruiser 200 Camo (ownerId:119311623 - pos <4269.523438, 21.010040, 7264.750000> - islocked:true - password:7101993) initialized
18-0-57 | ToyotaHilux rust (ownerId:526094573 - pos <8249.713867, 6.244662, 9302.008789> - islocked:false - password:77899511) initialized
18-0-57 | UH-60 Blackhawk - Budhawk (ownerId:369601190 - pos <7636.659668, 43.227554, 9955.143555> - islocked:true - password:54879586) initialized
18-0-57 | Toyota Land Cruiser 200 Camo2  (ownerId:93344906 - pos <5601.037109, 74.645981, 3699.022461> - islocked:true - password:48151623) initialized
18-0-57 | UH-60 Blackhawk - blackblackhawk (ownerId:88929178 - pos <4427.373535, 11.961778, 4606.234863> - islocked:true - password:371400) initialized
18-0-57 | URAL 4320 KUNG (ownerId:88929178 - pos <4421.796875, 7.271994, 4607.149902> - islocked:true - password:371400) initialized
18-0-57 | Gunter 2 (ownerId:218588421 - pos <3803.041504, 7.160384, 5908.511230> - islocked:true - password:3081984) initialized
18-0-57 | Sarka 120 (ownerId:119311623 - pos <3402.778320, 23.253082, 6189.942871> - islocked:true - password:7101993) initialized
18-0-57 | Ada 4x4 (ownerId:369601190 - pos <5668.545898, 29.263592, 5470.103516> - islocked:true - password:42014201) initialized
18-0-57 | Nissan warrior Camo (ownerId:526094573 - pos <5647.476074, 28.326799, 5436.360840> - islocked:true - password:77899511) initialized
18-0-57 | MH-6M Little Bird - Camo (ownerId:132652049 - pos <5677.182617, 30.092628, 5390.803223> - islocked:true - password:9021997) initialized
18-0-57 | Gunter 2 (ownerId:48698262 - pos <5641.245605, 28.928673, 5330.331055> - islocked:true - password:48151623) initialized
18-0-57 | UAZ 3909 Beige (ownerId:795695470 - pos <5623.581543, 29.497969, 5350.580078> - islocked:true - password:8031991) initialized
18-0-57 | Velociraptor6x6 Camo2  (ownerId:407766611 - pos <5619.534668, 29.525602, 5391.135254> - islocked:true - password:55555552) initialized
18-0-57 | LUAZ 969 rust (ownerId:127107249 - pos <5615.926270, 29.288034, 5349.587891> - islocked:true - password:12186270) initialized
18-0-57 | STR_EGER_GreenCamo_name (ownerId:197257182 - pos <2774.559814, 70.023994, 4666.655762> - islocked:true - password:48151623) initialized
18-0-57 | Oshkosh (ownerId:197257182 - pos <2799.744385, 69.918602, 4662.981445> - islocked:true - password:48151623) initialized
18-0-57 |  Novator Flecktarn (ownerId:48698262 - pos <2795.423096, 69.814301, 4663.095215> - islocked:true - password:48151623) initialized
18-0-57 | MH-6M Little Bird - Camo (ownerId:523450192 - pos <5891.236328, 41.853733, 5228.727051> - islocked:true - password:22392239) initialized
18-0-57 | STR_EGER_GreenCamo_name (ownerId:523991778 - pos <5899.113770, 37.135620, 5221.916992> - islocked:true - password:22392239) initialized
18-0-57 | Jeep Wrangler green  (ownerId:523450192 - pos <5904.565430, 37.193390, 5221.845215> - islocked:true - password:22392239) initialized
18-0-57 | SCOUT Black (ownerId:442990275 - pos <5636.548828, 29.348255, 5359.451172> - islocked:true - password:37579090) initialized
18-0-57 | Velociraptor6x6 Camo (ownerId:407766611 - pos <5619.321289, 29.525602, 5384.244629> - islocked:true - password:55555552) initialized
18-0-57 | MH-6M Little Bird (ownerId:442990275 - pos <3978.020264, 26.211433, 4857.777832> - islocked:true - password:37579090) initialized
18-0-57 | UAZ HUNTER (ownerId:442990275 - pos <5683.672852, 33.468540, 5267.367188> - islocked:true - password:37579090) initialized
18-0-57 | Gunter 2 (ownerId:442990275 - pos <5687.659180, 33.535301, 5265.044434> - islocked:true - password:42014201) initialized
18-0-57 | MOSKVICH 2140 (ownerId:882346394 - pos <6661.942383, 15.562317, 6318.885254> - islocked:true - password:42091103) initialized
18-0-57 | UAZ_2315 Red (ownerId:369601190 - pos <5680.440430, 33.324417, 5269.387207> - islocked:true - password:45645645) initialized
18-0-57 | Olga 24 (ownerId:795695470 - pos <5671.744629, 33.684620, 5278.826660> - islocked:true - password:8031991) initialized
18-52-12 | MUSTANG Red (ownerId:262549311 - pos <7726.971680, 35.821152, 6073.312988> - islocked:true - password:24680000) new car claimed
18-52-12 | MUSTANG Red (ownerId:262549311 - pos <7726.971680, 35.821152, 6073.312988> - islocked:true - password:24680000) initialized
18-59-57 | MUSTANG Red (ownerId:262549311 - pos <5029.875488, 11.878007, 9121.008789> - islocked:false - password:24680000) has been deleted
19-10-12 | ToyotaHilux rust (ownerId:526094573 - pos <7712.892578, 35.769756, 6071.335938> - islocked:false - password:77899511) has been deleted
19-13-12 | Olga 24 (ownerId:197257182 - pos <5111.855957, 9.861214, 4514.642578> - islocked:true - password:48151623) new car claimed
19-13-33 | Olga 24 (ownerId:197257182 - pos <5111.855957, 9.861214, 4514.642578> - islocked:true - password:48151623) has been deleted
19-15-17 | Ada 4x4 (ownerId:262549311 - pos <10125.801758, 21.810703, 10892.011719> - islocked:true - password:11111111) new car claimed
19-16-6 | Ada 4x4 (ownerId:262549311 - pos <10125.801758, 21.810703, 10892.011719> - islocked:false - password:11111111) has been deleted
19-22-11 | Olga 24 (ownerId:197257182 - pos <5606.377441, 29.079470, 5354.661621> - islocked:true - password:48151623) new car claimed
19-22-11 | Olga 24 (ownerId:197257182 - pos <5606.377441, 29.072027, 5354.661621> - islocked:true - password:48151623) initialized
19-23-32 | Olga 24 (ownerId:197257182 - pos <5606.333496, 28.765919, 5354.673340> - islocked:false - password:48151623) has been deleted
19-33-10 | Ada 4x4 (ownerId:262549311 - pos <7205.806152, 60.943604, 5905.261719> - islocked:true - password:11111111) new car claimed
19-33-10 | Ada 4x4 (ownerId:262549311 - pos <7205.806152, 60.943604, 5905.261719> - islocked:true - password:11111111) initialized
19-51-5 | Ada 4x4 (ownerId:262549311 - pos <4966.985840, 11.358950, 9185.174805> - islocked:false - password:11111111) has been deleted
20-1-7 | Nissan warrior Camo (ownerId:526094573 - pos <5611.113770, 28.841581, 5355.729980> - islocked:false - password:77899511) has been deleted
20-4-43 | Nissan warrior Camo (ownerId:526094573 - pos <5606.166016, 29.064568, 5355.941895> - islocked:true - password:77899511) new car claimed
20-4-43 | Nissan warrior Camo (ownerId:526094573 - pos <5606.166016, 29.064568, 5355.941895> - islocked:true - password:77899511) initialized
20-27-56 | MH-6M Little Bird - Camo (ownerId:119248354 - pos <5618.348633, 28.725771, 5361.523926> - islocked:true - password:11082007) new car claimed
21-15-11 | Ada 4x4 (ownerId:262549311 - pos <8624.270508, 13.385084, 5079.389648> - islocked:true - password:11111111) new car claimed
21-15-11 | Ada 4x4 (ownerId:262549311 - pos <8624.270508, 13.385084, 5079.389648> - islocked:true - password:11111111) initialized
21-23-51 | Ada 4x4 (ownerId:262549311 - pos <5603.689941, 28.753393, 5358.720215> - islocked:false - password:11111111) has been deleted
21-46-55 | Ada 4x4 (ownerId:262549311 - pos <5653.421875, 29.010036, 5415.100586> - islocked:true - password:11111111) new car claimed
21-46-55 | Ada 4x4 (ownerId:262549311 - pos <5653.421875, 29.010036, 5415.100586> - islocked:true - password:11111111) initialized
21-52-14 | MUSTANG Red (ownerId:262549311 - pos <7206.630371, 60.948566, 5906.171875> - islocked:true - password:24680000) new car claimed
21-52-14 | MUSTANG Red (ownerId:262549311 - pos <7206.630371, 60.948566, 5906.171875> - islocked:true - password:24680000) initialized
21-55-10 | MUSTANG Red (ownerId:262549311 - pos <6646.415039, 30.992529, 5698.393555> - islocked:false - password:24680000) has been deleted
21-55-22 | MUSTANG Red (ownerId:262549311 - pos <6638.172852, 31.443291, 5707.223145> - islocked:true - password:24680000) new car claimed
21-55-22 | MUSTANG Red (ownerId:262549311 - pos <6638.172852, 31.443293, 5707.223145> - islocked:true - password:24680000) initialized
22-22-10 | MUSTANG Red (ownerId:262549311 - pos <7178.527832, 61.021667, 5886.137695> - islocked:false - password:24680000) has been deleted
22-43-43 | Ada 4x4 (ownerId:262549311 - pos <7765.388672, 31.193832, 6038.407227> - islocked:false - password:11111111) has been deleted
23-24-38 | UAZ HUNTER (ownerId:521855408 - pos <9312.049805, 31.273088, 5349.086426> - islocked:true - password:9102021) new car claimed
23-24-38 | UAZ HUNTER (ownerId:521855408 - pos <9312.049805, 31.273088, 5349.086426> - islocked:true - password:9102021) initialized
23-34-26 | UAZ HUNTER (ownerId:521855408 - pos <5626.717285, 28.640587, 5375.120605> - islocked:false - password:9102021) has been deleted
23-42-43 | Ada 4x4 (ownerId:442990275 - pos <3454.900879, 22.415125, 6057.800293> - islocked:true - password:42014201) new car claimed
23-43-4 | Ada 4x4 (ownerId:442990275 - pos <3454.900879, 22.415125, 6057.800293> - islocked:true - password:42014201) has been deleted
23-47-20 | MH-6M Little Bird - Camo (ownerId:119248354 - pos <4087.946045, -20.038853, 14859.596680> - islocked:false - password:11082007) has been deleted
23-48-37 | Ada 4x4 (ownerId:262549311 - pos <7187.650391, 61.059929, 5898.676270> - islocked:true - password:11111111) new car claimed
23-48-37 | Ada 4x4 (ownerId:262549311 - pos <7187.650391, 61.059929, 5898.676270> - islocked:true - password:11111111) initialized
