Creation Time: 2023_5_4-12-0-56
12-0-56 | Robinson R22 Helicopter (ownerId:195214598 - pos <1189.234619, 56.231640, 10623.712891> - islocked:true - password:52528989) initialized
12-0-56 | Sarka 120 (ownerId:405166905 - pos <10490.982422, 10.001174, 4277.311523> - islocked:false - password:19910111) initialized
12-0-56 | Robinson R22 Helicopter (ownerId:940915030 - pos <9512.575195, 102.761200, 3733.148193> - islocked:true - password:11853737) initialized
12-0-56 | Land Rover Defender 110 Green (ownerId:177737910 - pos <2550.604004, 57.004128, 9449.898438> - islocked:false - password:25792579) initialized
12-0-56 | Sarka 120 (ownerId:85319837 - pos <7574.907227, 24.190277, 3928.429443> - islocked:true - password:1111110) initialized
12-0-56 | Land Rover Defender 110 UN (ownerId:85319837 - pos <7572.665527, 24.168484, 3940.986328> - islocked:false - password:9151985) initialized
12-0-56 | Olga 24 (ownerId:419387242 - pos <7056.511230, 45.007954, 2053.264893> - islocked:false - password:8995862) initialized
12-0-56 | Ada 4x4 (ownerId:419387242 - pos <7056.271973, 45.000427, 2056.960205> - islocked:false - password:8995862) initialized
12-0-56 | Olga 24 (ownerId:108250772 - pos <7113.924805, 37.535358, 2252.849609> - islocked:true - password:12345678) initialized
12-0-56 | Ada 4x4 (ownerId:16874355 - pos <10732.898438, 90.320938, 6156.010254> - islocked:true - password:15795315) initialized
12-0-56 | Land Rover Defender 110 Red (ownerId:60592768 - pos <9561.738281, 4.179223, 5944.402344> - islocked:true - password:19651965) initialized
12-0-56 | M3S Covered (ownerId:944065078 - pos <7718.275879, 36.466934, 6089.899902> - islocked:false - password:25082508) initialized
12-0-56 | Land Rover Defender 110 UN (ownerId:116364714 - pos <7696.226563, 37.402309, 6075.553223> - islocked:false - password:25082508) initialized
12-0-56 | M3S Covered (ownerId:965259563 - pos <5467.955078, 7.855034, 8578.822266> - islocked:true - password:72524299) initialized
12-0-56 | UH-60 Blackhawk - blackblackhawk (ownerId:195214598 - pos <3224.051514, 7.616047, 1721.942749> - islocked:true - password:52528989) initialized
12-0-56 | M3S Covered (ownerId:980466132 - pos <6795.374512, 40.004566, 1809.531860> - islocked:true - password:22392239) initialized
12-0-56 | Land Rover Defender 110 Green (ownerId:62166080 - pos <6795.650391, 39.705780, 1801.526733> - islocked:true - password:22392239) initialized
12-0-56 | Sarka 120 (ownerId:980466132 - pos <6801.630371, 39.738667, 1801.161499> - islocked:true - password:22392239) initialized
12-0-56 | Land Rover Defender 110 Red (ownerId:980466132 - pos <6797.980469, 39.705917, 1806.767334> - islocked:true - password:22392239) initialized
12-0-56 | MH-6M Little Bird - Camo (ownerId:62166080 - pos <6786.428223, 54.240791, 1834.988281> - islocked:true - password:22392239) initialized
12-0-56 | MBB Bo-105m Helicopter - blackcamo (ownerId:980466132 - pos <6765.912598, 54.744450, 1845.098999> - islocked:true - password:22392239) initialized
12-0-56 | Ka26 Hoodlum Helicopter (ownerId:980466132 - pos <6778.616699, 54.637424, 1849.730103> - islocked:true - password:22392239) initialized
12-0-56 | Sarka 120 (ownerId:965259563 - pos <3730.802979, 6.081152, 2551.065674> - islocked:true - password:72524299) initialized
12-0-56 | Gunter 2 (ownerId:965259563 - pos <3730.659668, 5.683301, 2547.984863> - islocked:true - password:86753099) initialized
12-0-56 | Land Rover Defender 110 Red (ownerId:965259563 - pos <3730.515869, 6.048485, 2554.894287> - islocked:true - password:11367275) initialized
12-0-56 | Olga 24 (ownerId:965259563 - pos <3737.235107, 5.467759, 2554.813232> - islocked:true - password:11367275) initialized
12-0-56 | Mil Mi-2 Helicopter - Hornet (ownerId:965259563 - pos <3769.468018, 6.726129, 2491.805908> - islocked:true - password:11367275) initialized
12-0-56 | M3S Covered (ownerId:965259563 - pos <3771.238281, 5.576905, 2545.762207> - islocked:true - password:2061963) initialized
12-0-56 | Robinson R22 Helicopter (ownerId:965259563 - pos <3760.882324, 19.991440, 2594.415283> - islocked:true - password:11367275) initialized
12-0-56 | Robinson R22 Helicopter - Black (ownerId:132652049 - pos <4270.229980, 3.439744, 2517.688232> - islocked:true - password:9031783) initialized
12-0-56 | Land Rover Defender 110 Red (ownerId:132652049 - pos <4274.079590, 3.227635, 2511.625732> - islocked:true - password:9031783) initialized
12-0-56 | Sarka 120 (ownerId:944065078 - pos <5612.854980, 28.702820, 5357.410156> - islocked:true - password:25082508) initialized
12-0-56 | Land Rover Defender 110 Red (ownerId:6938606 - pos <5592.865723, 29.277290, 5385.634277> - islocked:true - password:20090909) initialized
12-0-56 | Sarka 120 (ownerId:194642746 - pos <5445.598145, 5.324647, 4629.506348> - islocked:true - password:15474555) initialized
12-0-56 | Robinson R22 Helicopter - Black (ownerId:984346468 - pos <4728.883789, 12.292172, 4692.959961> - islocked:true - password:83898389) initialized
12-0-56 | Robinson R22 Helicopter (ownerId:839735782 - pos <5668.870605, 33.929714, 5238.182129> - islocked:true - password:1051997) initialized
12-0-56 | Robinson R22 Helicopter - Black (ownerId:419387242 - pos <5662.044922, 33.949253, 5242.511230> - islocked:true - password:8995862) initialized
12-0-56 | Robinson R22 Helicopter (ownerId:71319946 - pos <5672.808594, 33.907436, 5245.416016> - islocked:true - password:19944991) initialized
12-0-56 | Gunter 2 (ownerId:36527682 - pos <7189.166504, 1.594114, 5371.422852> - islocked:true - password:93991005) initialized
12-0-56 | Robinson R22 Helicopter - Black (ownerId:980466132 - pos <7347.331543, 101.076942, 6033.897461> - islocked:true - password:22392239) initialized
15-12-8 | M3S Covered (ownerId:18558559 - pos <2493.646729, 35.091583, 3346.451172> - islocked:true - password:72066666) new car claimed
