Creation Time: 2023_7_27-0-0-56
0-0-56 | Robinson R22 Helicopter - Black (ownerId:521855408 - pos <5661.851074, 33.203838, 5260.530273> - islocked:true - password:9102021) initialized
0-0-56 | Jeep Wrangler Camo (ownerId:526094573 - pos <5695.989746, 31.555658, 5231.927246> - islocked:true - password:11025255) initialized
0-0-56 | ToyotaHilux White (ownerId:511479797 - pos <1758.814087, 9.921196, 8917.702148> - islocked:true - password:27181500) initialized
0-0-56 | Olga 24 (ownerId:511479797 - pos <1755.017822, 9.788717, 8921.340820> - islocked:true - password:27181500) initialized
0-0-56 | UAZ HUNTER (ownerId:447071218 - pos <1761.510376, 9.874903, 8941.979492> - islocked:true - password:15148636) initialized
0-0-56 | UH-60 Blackhawk - Budhawk (ownerId:511479797 - pos <1739.394165, 20.607359, 8910.640625> - islocked:true - password:27181500) initialized
0-0-56 | MUSTANG white (ownerId:407766611 - pos <5999.725098, 14.013290, 4970.766113> - islocked:true - password:55252252) initialized
0-0-56 | Chevrolet Corvette (ownerId:407766611 - pos <6000.451172, 13.610813, 4982.084473> - islocked:true - password:55252252) initialized
0-0-56 | Velociraptor6x6 Camo2  (ownerId:262549311 - pos <7192.799316, 61.652481, 5886.410645> - islocked:true - password:24680000) initialized
0-0-56 | MH-6M Little Bird - Camo (ownerId:523450192 - pos <5888.055664, 41.853626, 5225.745605> - islocked:true - password:22392239) initialized
0-0-56 | Gelenvagen white_camo2 (ownerId:523450192 - pos <5893.804199, 36.766087, 5222.501953> - islocked:true - password:22392239) initialized
0-0-56 | STR_EGER_GreenCamo_name (ownerId:523991778 - pos <5897.896484, 37.047485, 5224.135742> - islocked:true - password:22392239) initialized
0-0-56 | MOSKVICH 2140 (ownerId:882346394 - pos <6661.078125, 15.562322, 6320.576660> - islocked:true - password:42091103) initialized
0-0-56 | Ada 4x4 (ownerId:369601190 - pos <5474.475586, 15.605806, 4931.196289> - islocked:true - password:42014201) initialized
0-0-56 | UAZ 3909 Beige (ownerId:795695470 - pos <5468.091309, 15.597906, 4924.884766> - islocked:true - password:8031991) initialized
0-0-56 | STR_Camaro_Sibirs_name (ownerId:407766611 - pos <5480.720215, 15.163440, 4976.664063> - islocked:true - password:55555552) initialized
0-0-56 | MH-6M Little Bird - Camo (ownerId:447071218 - pos <1723.906006, 21.221239, 8894.831055> - islocked:true - password:15148636) initialized
0-0-56 | Opel Astra Chrome (ownerId:127107249 - pos <5656.833496, 28.954815, 5381.955078> - islocked:true - password:12186270) initialized
0-0-56 | UAZ_2315 (ownerId:89279995 - pos <5590.215820, 29.284849, 5352.657715> - islocked:true - password:20090909) initialized
0-0-56 | MH-6M Little Bird (ownerId:89279995 - pos <5603.991699, 30.113628, 5348.770508> - islocked:true - password:20090909) initialized
0-0-56 | Olga 24 (ownerId:327529037 - pos <5613.554688, 29.326355, 5348.043457> - islocked:true - password:29292900) initialized
0-0-56 | PONTIAC (rust) (ownerId:6938606 - pos <5624.261230, 29.435286, 5351.216797> - islocked:true - password:20090909) initialized
0-0-56 | Gunter 2 (ownerId:48698262 - pos <5640.136230, 28.878855, 5330.785156> - islocked:false - password:48151623) initialized
0-0-56 | LUAZ 969 (ownerId:75086644 - pos <2135.371338, 14.966348, 9181.180664> - islocked:true - password:10182009) initialized
0-0-56 | HAMMER_H1 (ownerId:965259563 - pos <1962.524902, 9.924916, 9065.128906> - islocked:true - password:54146888) initialized
0-0-56 | MH-6M Little Bird (ownerId:442990275 - pos <1988.186157, 45.785736, 9023.557617> - islocked:true - password:37579090) initialized
0-0-56 | Sarka 120 (ownerId:442990275 - pos <1991.243896, 10.260268, 9032.504883> - islocked:true - password:42014201) initialized
0-0-56 | UH-60 Blackhawk Cargo (ownerId:119248354 - pos <2000.018188, 45.147617, 9025.759766> - islocked:false - password:11082007) initialized
0-0-56 | MH-6M Little Bird - Camo (ownerId:132652049 - pos <1992.333984, 45.808281, 9015.568359> - islocked:true - password:9021997) initialized
0-0-56 | Robinson R22 Helicopter - Black (ownerId:197257182 - pos <3941.476318, 35.978531, 4819.010742> - islocked:true - password:48151623) initialized
0-0-56 | MH-6M Little Bird - Camo (ownerId:197257182 - pos <3945.790039, 36.709953, 4809.831055> - islocked:true - password:48151623) initialized
0-0-56 | Gaz 71 Black (ownerId:119248354 - pos <3961.899414, 25.741261, 4837.951660> - islocked:false - password:11082007) initialized
0-0-56 | Oshkosh (ownerId:197257182 - pos <3969.649170, 25.848595, 4840.184082> - islocked:true - password:48151623) initialized
0-0-56 | STR_EGER_GreenCamo_name (ownerId:197257182 - pos <3979.137451, 25.917406, 4834.973633> - islocked:true - password:48151623) initialized
0-0-56 |  Novator Flecktarn (ownerId:93344906 - pos <3981.621582, 25.744305, 4838.098145> - islocked:false - password:29292900) initialized
0-0-56 | MH-6M Little Bird - Camo (ownerId:88929178 - pos <7720.086914, 13.613595, 6788.978516> - islocked:true - password:371400) initialized
0-0-56 | Toyota Land Cruiser 200 Camo2  (ownerId:88929178 - pos <7728.019531, 6.374516, 6790.577637> - islocked:true - password:371400) initialized
0-0-56 | Mercedes-Benz W140 Blue (ownerId:88929178 - pos <7725.359375, 6.166997, 6795.730469> - islocked:true - password:371400) initialized
0-0-56 | STR_Camaro_Veter_name (ownerId:88929178 - pos <7719.931641, 6.170793, 6786.016602> - islocked:true - password:371400) initialized
0-0-56 | Velociraptor6x6 Camo (ownerId:407766611 - pos <9999.925781, 22.684904, 11024.579102> - islocked:true - password:55555552) initialized
0-0-56 | Velociraptor6x6 Camo2  (ownerId:407766611 - pos <9992.777344, 22.684906, 11025.114258> - islocked:true - password:55555552) initialized
0-0-56 | Olga 24 (ownerId:40055959 - pos <8923.684570, 5.862713, 10450.648438> - islocked:true - password:19711971) initialized
0-0-56 | UAZ469 (ownerId:40055959 - pos <8935.064453, 6.384639, 10443.116211> - islocked:false - password:19711971) initialized
0-0-56 | Sarka 120 (ownerId:89279995 - pos <7738.921387, 15.235909, 9810.031250> - islocked:true - password:20090909) initialized
0-0-56 | Toyota Land Cruiser 200 Camo2  (ownerId:24259541 - pos <7853.908691, 3.342326, 3840.548096> - islocked:true - password:17500720) initialized
0-0-56 | Offroad Range Rover Yellow  (ownerId:103808025 - pos <7264.238281, 602.155884, 11730.521484> - islocked:true - password:55677777) initialized
0-0-56 | Offroad Range Rover police  (ownerId:60592768 - pos <3240.920898, 3.228037, 1718.943604> - islocked:true - password:13121312) initialized
0-0-56 | STR_Camaro_Nest_name (ownerId:60592768 - pos <3246.333984, 3.116042, 1751.297974> - islocked:true - password:13121312) initialized
0-0-56 | UAZ 3909 Police (ownerId:60592768 - pos <3231.893311, 3.497941, 1731.677002> - islocked:true - password:13121312) initialized
0-0-56 | Gunter 2 (ownerId:218588421 - pos <3805.884766, 6.893459, 5906.613770> - islocked:true - password:3081984) initialized
0-0-56 | LUAZ 969 red (ownerId:405166905 - pos <4802.159668, 18.572527, 7577.117676> - islocked:true - password:11111111) initialized
0-0-56 | Oshkosh grey (ownerId:64819467 - pos <4245.042480, 21.536226, 7274.150879> - islocked:true - password:7101993) initialized
0-0-56 | BMW X5 Black (ownerId:215888376 - pos <4249.638672, 21.092596, 7297.039551> - islocked:true - password:7101993) initialized
0-0-56 | Toyota Land Cruiser 200 Camo (ownerId:119311623 - pos <4246.875488, 21.187664, 7294.261719> - islocked:true - password:7101993) initialized
0-0-56 | Nissan warrior Camo (ownerId:119311623 - pos <4252.936523, 21.283245, 7298.988281> - islocked:true - password:7101993) initialized
0-18-53 | Boeing CH-47 Chinook Helicopter (ownerId:442990275 - pos <2000.912598, 9.490000, 8993.723633> - islocked:true - password:37579090) new car claimed
0-18-53 | Boeing CH-47 Chinook Helicopter (ownerId:442990275 - pos <2000.912598, 9.483624, 8993.723633> - islocked:true - password:37579090) initialized
0-20-39 | BMW (ownerId:442990275 - pos <2016.202881, 9.489997, 9008.780273> - islocked:true - password:42014201) new car claimed
0-20-39 | BMW (ownerId:442990275 - pos <2016.202881, 9.483601, 9008.780273> - islocked:true - password:42014201) initialized
