Creation Time: 2023_5_21-18-0-46
18-0-46 | MBB Bo-105m Helicopter - blackcamo (ownerId:132652049 - pos <10713.200195, 3.544948, 3209.765625> - islocked:true - password:86753099) initialized
18-0-46 | Jeep Wrangler black  (ownerId:132652049 - pos <10783.433594, 3.303206, 3262.018066> - islocked:false - password:17392468) initialized
18-0-46 | Olga 24 (ownerId:839735782 - pos <3591.042969, 10.833260, 3410.535156> - islocked:true - password:13579086) initialized
18-0-46 | Cougar Camo kamo (ownerId:980466132 - pos <1447.439941, 3.095258, 6767.592285> - islocked:true - password:22392239) initialized
18-0-46 | ToyotaHilux Red (ownerId:60592768 - pos <9562.668945, 4.356281, 5943.361328> - islocked:true - password:19651965) initialized
18-0-46 | HAMMER_H1 black (ownerId:405166905 - pos <5214.485352, 4.389018, 5327.307617> - islocked:true - password:1111991) initialized
18-0-46 | Jeep Wrangler (ownerId:288122462 - pos <6887.381836, 34.020954, 5864.156738> - islocked:false - password:12321321) initialized
18-0-46 | Olga 24 (ownerId:36527682 - pos <7719.209473, 36.188389, 6075.059082> - islocked:false - password:10939910) initialized
18-0-46 | UAZ 3909 Khaki1 (ownerId:36527682 - pos <7719.441406, 36.415001, 6070.960938> - islocked:true - password:93991005) initialized
18-0-46 | Chevrolet Corvette White  (ownerId:157174770 - pos <7500.621094, 2.791236, 5636.865723> - islocked:true - password:19892004) initialized
18-0-46 | STR_EGER_name (ownerId:69839805 - pos <4257.771973, 21.605030, 7293.579590> - islocked:true - password:20090909) initialized
18-0-46 | MH-6M Little Bird (ownerId:89279995 - pos <4269.355469, 21.848566, 7305.739746> - islocked:true - password:20090909) initialized
18-0-46 | Offroad Range Rover police  (ownerId:69839805 - pos <4247.650391, 21.095661, 7296.851074> - islocked:false - password:20090909) initialized
18-0-46 | M3S Covered (ownerId:442990275 - pos <5680.915527, 32.815758, 5270.400391> - islocked:true - password:37579090) initialized
18-0-46 | UAZ_2315 Camo2 (ownerId:442990275 - pos <5677.534180, 33.375877, 5272.086914> - islocked:true - password:42014201) initialized
18-0-46 | Sarka 120 (ownerId:442990275 - pos <5674.703613, 33.409698, 5273.777832> - islocked:true - password:37579090) initialized
18-0-46 | MOSKVICH 2140 (ownerId:419387242 - pos <6394.623047, 23.181293, 6685.235352> - islocked:true - password:58625862) initialized
18-0-46 | MOSKVICH 2140 (ownerId:944065078 - pos <6404.157227, 22.908773, 6742.474121> - islocked:true - password:97319731) initialized
18-0-46 | Sarka 120 (ownerId:108250772 - pos <5617.138184, 28.686068, 5394.045898> - islocked:true - password:3181989) initialized
18-0-46 | LUAZ 969 rust (ownerId:88929178 - pos <5625.482910, 29.296347, 5419.025879> - islocked:true - password:371400) initialized
18-0-46 | PAZ (green) (ownerId:980466132 - pos <5631.259277, 29.526323, 5379.812012> - islocked:true - password:22392239) initialized
18-0-46 | YAR_87 Camo2  (ownerId:34611550 - pos <5604.273438, 29.817949, 5349.478027> - islocked:true - password:19892004) initialized
18-0-46 | LUAZ 969 blue (ownerId:354151095 - pos <5619.468750, 29.294727, 5348.596680> - islocked:true - password:4250425) initialized
18-0-46 | MOSKVICH 2140 (ownerId:304057481 - pos <6950.713379, 14.669925, 5719.608887> - islocked:true - password:42687931) initialized
18-11-55 | Toyota Land Cruiser 200 blood  (ownerId:62166080 - pos <5648.484863, 28.689987, 5419.633301> - islocked:true - password:22392239) new car claimed
18-49-56 | Cougar (Blood) (ownerId:85319837 - pos <5623.076172, 28.584000, 5408.435547> - islocked:true - password:9151985) new car claimed
19-29-51 | Sarka 120 (ownerId:86564395 - pos <4896.958984, 20.994198, 7094.327148> - islocked:true - password:59005900) new car claimed
19-29-51 | Sarka 120 (ownerId:86564395 - pos <4896.958984, 20.694199, 7094.327148> - islocked:true - password:59005900) initialized
