Creation Time: 2023_7_31-18-0-59
18-0-59 | MH-6M Little Bird - Camo (ownerId:197257182 - pos <3947.881836, 36.709942, 4811.562012> - islocked:true - password:48151623) initialized
18-0-59 | MUSTANG Red (ownerId:327529037 - pos <3978.945068, 25.699394, 4830.759277> - islocked:true - password:10801080) initialized
18-0-59 | URAL 4320 KUNG (ownerId:965259563 - pos <3967.669189, 26.038008, 4861.955566> - islocked:true - password:29290000) initialized
18-0-59 | Gaz 71 Black (ownerId:93344906 - pos <3965.116943, 25.741255, 4853.942871> - islocked:true - password:29292900) initialized
18-0-59 | MH-6M Little Bird (ownerId:442990275 - pos <1986.349365, 45.804321, 9019.149414> - islocked:false - password:37579090) initialized
18-0-59 | MH-6M Little Bird (ownerId:17954802 - pos <3790.709961, 19.067053, 2581.857422> - islocked:true - password:20090909) initialized
18-0-59 | LUAZ 969 (ownerId:75086644 - pos <5643.025391, 28.335028, 5433.837891> - islocked:true - password:10182009) initialized
18-0-59 | MH-6M Little Bird - Camo (ownerId:132652049 - pos <1992.870239, 45.808277, 9015.020508> - islocked:true - password:9021997) initialized
18-0-59 | AH-64 Apache Longbow (ownerId:442990275 - pos <1986.703979, 46.088951, 9025.760742> - islocked:true - password:37579090) initialized
18-0-59 | UH-60 Blackhawk Cargo (ownerId:119248354 - pos <5630.524902, 29.417233, 5382.651855> - islocked:false - password:11082007) initialized
18-0-59 | BMW X5 Red (ownerId:119311623 - pos <2084.175537, 9.729097, 8943.095703> - islocked:true - password:7101993) initialized
18-0-59 | Gunter 2 (ownerId:218588421 - pos <3805.953125, 6.893378, 5906.675293> - islocked:true - password:3081984) initialized
18-0-59 | UAZ 3909 Police (ownerId:60592768 - pos <3233.325684, 3.497946, 1730.793945> - islocked:true - password:13121312) initialized
18-0-59 | Offroad Range Rover police  (ownerId:60592768 - pos <3234.645508, 3.228037, 1725.416992> - islocked:true - password:13121312) initialized
18-0-59 | BMW lightgreen (ownerId:407766611 - pos <6051.255371, 12.791173, 4957.365723> - islocked:true - password:80081355) initialized
18-0-59 | Mercedes-Benz W140 Blue (ownerId:407766611 - pos <6048.839844, 12.806666, 4962.540527> - islocked:true - password:371400) initialized
18-0-59 | BMW X5 White  (ownerId:407766611 - pos <6061.447266, 12.869502, 4955.029297> - islocked:true - password:80081355) initialized
18-0-59 | BMW black (ownerId:407766611 - pos <6045.526367, 12.807498, 4956.933105> - islocked:true - password:80081355) initialized
18-0-59 | Olga 24 (ownerId:407766611 - pos <6037.345703, 13.055607, 4954.377930> - islocked:true - password:80081355) initialized
18-0-59 | Chevrolet Corvette (ownerId:407766611 - pos <6000.451172, 13.610809, 4982.084473> - islocked:true - password:55252252) initialized
18-0-59 | MUSTANG white (ownerId:407766611 - pos <5999.725098, 14.013288, 4970.766113> - islocked:true - password:55252252) initialized
18-0-59 | Velociraptor6x6 Camo (ownerId:407766611 - pos <5977.549316, 14.299565, 4972.380371> - islocked:true - password:80081355) initialized
18-0-59 | Velociraptor6x6 Camo2  (ownerId:407766611 - pos <5981.119141, 14.263227, 4965.184570> - islocked:true - password:80081355) initialized
18-0-59 | Ada 4x4 (ownerId:369601190 - pos <5474.475098, 15.605171, 4931.196289> - islocked:true - password:42014201) initialized
18-0-59 | UAZ 3909 Beige (ownerId:795695470 - pos <5468.091797, 15.598036, 4924.884766> - islocked:true - password:8031991) initialized
18-0-59 | Oshkosh (ownerId:511479797 - pos <1729.901489, 10.153422, 8920.921875> - islocked:true - password:27181500) initialized
18-0-59 | UH-60 Blackhawk - blackblackhawk (ownerId:447071218 - pos <1730.542969, 20.608355, 8895.149414> - islocked:true - password:15148636) initialized
18-0-59 | BMW (rust) (ownerId:447071218 - pos <1741.975098, 9.759269, 8917.308594> - islocked:false - password:15148636) initialized
18-0-59 | Robinson R22 Helicopter - Black (ownerId:521855408 - pos <5531.110840, 13.210465, 5500.388672> - islocked:true - password:9102021) initialized
18-0-59 | UH-60 Blackhawk - Budhawk (ownerId:511479797 - pos <5525.448730, 11.580129, 5473.116211> - islocked:true - password:27181500) initialized
18-0-59 | Gunter 2 (ownerId:48698262 - pos <5667.066895, 33.963894, 5245.087402> - islocked:true - password:48151623) initialized
18-0-59 | Jeep Wrangler Camo (ownerId:526094573 - pos <5657.599609, 33.230045, 5280.386230> - islocked:false - password:11025255) initialized
18-0-59 | Velociraptor6x6 Camo2  (ownerId:262549311 - pos <7193.148926, 61.642937, 5886.734863> - islocked:true - password:24680000) initialized
18-0-59 | MOSKVICH 2140 (ownerId:288122462 - pos <3657.419678, 20.914497, 6515.144043> - islocked:true - password:12321123) initialized
18-0-59 | Olga 24 (ownerId:327529037 - pos <6688.970703, 15.688739, 6301.312500> - islocked:false - password:29292900) initialized
18-0-59 | MOSKVICH 2140 (ownerId:882346394 - pos <6662.157715, 15.562304, 6318.679688> - islocked:true - password:42091103) initialized
18-0-59 | STR_Camaro_Nest_name (ownerId:60592768 - pos <6081.368652, 6.340207, 14745.530273> - islocked:true - password:13121312) initialized
18-0-59 | BMW X5 Red (ownerId:59769977 - pos <4428.619629, 5.312715, 12404.168945> - islocked:true - password:19891604) initialized
18-0-59 | LUAZ 969 red (ownerId:108250772 - pos <7539.680664, 88.256348, 4608.513672> - islocked:true - password:11111111) initialized
18-0-59 |  Novator Flecktarn (ownerId:369601190 - pos <9894.751953, 22.769512, 11021.053711> - islocked:true - password:80081355) initialized
18-0-59 | UAZ 3909 Khaki2 (ownerId:60458244 - pos <8926.184570, 6.662852, 10459.574219> - islocked:true - password:19711971) initialized
18-0-59 | Olga 24 (ownerId:40055959 - pos <8924.218750, 5.862741, 10446.709961> - islocked:true - password:19711971) initialized
18-0-59 | M3S Covered (ownerId:40055959 - pos <8933.024414, 5.866811, 10443.360352> - islocked:false - password:19711971) initialized
18-0-59 | Offroad Range Rover Yellow  (ownerId:103808025 - pos <7264.238281, 602.155884, 11730.521484> - islocked:true - password:55677777) initialized
18-0-59 | STR_SCOUT_snik2_name (ownerId:24259541 - pos <8453.787109, 190.720978, 12384.947266> - islocked:true - password:17500720) initialized
18-0-59 | Gelenvagen carbon (ownerId:88929178 - pos <7724.442383, 6.814731, 6788.958496> - islocked:false - password:371400) initialized
18-0-59 | MH-6M Little Bird - Camo (ownerId:88929178 - pos <7718.265625, 13.613747, 6787.904785> - islocked:true - password:371400) initialized
18-0-59 | UH-60 Blackhawk - blackblackhawk (ownerId:119311623 - pos <4271.242188, 21.234818, 7298.812500> - islocked:true - password:7101993) initialized
18-0-59 | Oshkosh grey (ownerId:64819467 - pos <4245.043457, 21.536230, 7274.150391> - islocked:true - password:7101993) initialized
18-0-59 | Nissan warrior Camo (ownerId:119311623 - pos <4249.204590, 21.283243, 7296.089355> - islocked:true - password:7101993) initialized
18-0-59 | BMW X5 Black (ownerId:215888376 - pos <4253.251465, 21.092596, 7299.220215> - islocked:true - password:7101993) initialized
18-16-24 | STR_Camaro_Egor_name (ownerId:523450192 - pos <5632.572266, 29.009993, 5371.084473> - islocked:true - password:22392239) new car claimed
18-16-24 | STR_Camaro_Egor_name (ownerId:523450192 - pos <5632.572266, 29.009993, 5371.084473> - islocked:true - password:22392239) initialized
18-36-37 | MH-6M Little Bird (ownerId:442990275 - pos <5670.766602, 28.725767, 5389.555664> - islocked:false - password:37579090) has been deleted
18-36-47 | MH-6M Little Bird (ownerId:442990275 - pos <5670.966797, 29.009998, 5390.647461> - islocked:true - password:37579090) new car claimed
18-36-47 | MH-6M Little Bird (ownerId:442990275 - pos <5670.966797, 29.010010, 5390.647461> - islocked:true - password:37579090) initialized
18-54-19 | MH-6M Little Bird - Camo (ownerId:60458244 - pos <8946.451172, 6.000000, 10441.020508> - islocked:true - password:19711971) new car claimed
18-54-19 | MH-6M Little Bird - Camo (ownerId:60458244 - pos <8946.451172, 6.000000, 10441.020508> - islocked:true - password:19711971) initialized
18-57-38 | UH-60 Blackhawk - Budhawk (ownerId:511479797 - pos <5525.196289, 10.875060, 5473.286621> - islocked:false - password:27181500) has been deleted
19-6-37 | Romani4 (ownerId:369601190 - pos <9887.759766, 22.205206, 11021.141602> - islocked:true - password:80081355) new car claimed
19-6-37 | Romani4 (ownerId:369601190 - pos <9887.759766, 22.205206, 11021.141602> - islocked:true - password:80081355) initialized
19-7-7 | ToyotaHilux Camo (ownerId:369601190 - pos <9888.322266, 22.205206, 11015.076172> - islocked:true - password:55555552) new car claimed
19-7-7 | ToyotaHilux Camo (ownerId:369601190 - pos <9888.322266, 22.205206, 11015.076172> - islocked:true - password:55555552) initialized
19-10-48 |  Novator Flecktarn (ownerId:369601190 - pos <9894.809570, 22.027149, 11022.146484> - islocked:false - password:80081355) has been deleted
19-11-53 | ToyotaHilux Camo (ownerId:369601190 - pos <9888.320313, 21.949945, 11015.079102> - islocked:false - password:55555552) has been deleted
19-12-18 | Romani4 (ownerId:369601190 - pos <9887.762695, 21.978367, 11021.138672> - islocked:true - password:80081355) has been deleted
19-15-56 | ToyotaHilux Camo (ownerId:369601190 - pos <9886.176758, 22.205206, 11014.777344> - islocked:true - password:55555552) new car claimed
19-15-56 | ToyotaHilux Camo (ownerId:369601190 - pos <9886.176758, 22.197769, 11014.777344> - islocked:true - password:55555552) initialized
19-17-24 | STR_Camaro_Egor_name (ownerId:523450192 - pos <6469.512207, 24.597046, 8369.743164> - islocked:true - password:22392239) has been deleted
19-36-1 | MH-6M Little Bird - Camo (ownerId:60458244 - pos <8965.025391, 5.664494, 10454.122070> - islocked:false - password:19711971) has been deleted
19-55-12 | MH-6M Little Bird - Camo (ownerId:60458244 - pos <8967.692383, 6.030940, 10443.094727> - islocked:true - password:19711971) new car claimed
19-55-12 | MH-6M Little Bird - Camo (ownerId:60458244 - pos <8967.692383, 6.024703, 10443.094727> - islocked:true - password:19711971) initialized
19-57-54 | UH-60 Blackhawk - Budhawk (ownerId:511479797 - pos <3914.753418, 25.163898, 4753.473145> - islocked:true - password:27181500) new car claimed
19-57-54 | UH-60 Blackhawk - Budhawk (ownerId:511479797 - pos <3914.753418, 25.163898, 4753.473145> - islocked:true - password:27181500) initialized
19-59-26 | MH-6M Little Bird - Camo (ownerId:60458244 - pos <8970.810547, 5.663877, 10457.291992> - islocked:true - password:19711971) has been deleted
20-1-11 | LUAZ 969 red (ownerId:108250772 - pos <7539.790527, 87.705406, 4608.378906> - islocked:false - password:-1) new car claimed
20-3-31 | LUAZ 969 red (ownerId:405166905 - pos <7539.790527, 87.705406, 4608.378906> - islocked:true - password:1111991) new car claimed
20-26-56 | ToyotaHilux Camo (ownerId:369601190 - pos <8064.534668, 5.134764, 8644.520508> - islocked:false - password:55555552) has been deleted
20-57-22 | Oshkosh (ownerId:511479797 - pos <1729.792236, 9.238546, 8921.005859> - islocked:true - password:27181500) has been deleted
21-45-46 | UH-60 Blackhawk - Budhawk (ownerId:511479797 - pos <4000.940918, 24.987415, 4890.101074> - islocked:false - password:27181500) has been deleted
23-0-52 | SUV US (ownerId:17954802 - pos <3765.377197, 5.780000, 2574.095703> - islocked:true - password:20090909) new car claimed
23-0-52 | SUV US (ownerId:17954802 - pos <3765.377197, 5.780000, 2574.095703> - islocked:true - password:20090909) initialized
23-2-43 | SUV US (ownerId:17954802 - pos <3773.337402, 5.869164, 2587.449463> - islocked:false - password:20090909) has been deleted
