Creation Time: 2023_5_24-20-14-58
20-14-58 | Sarka 120 (ownerId:442990275 - pos <5673.897949, 33.357864, 5273.488770> - islocked:true - password:37579090) initialized
20-14-58 | UAZ_2315 Camo2 (ownerId:442990275 - pos <5677.414551, 33.352375, 5271.825684> - islocked:false - password:42014201) initialized
20-14-58 | M3S Covered (ownerId:442990275 - pos <5681.166504, 32.817539, 5270.260742> - islocked:false - password:37579090) initialized
20-14-58 | Toyota Land Cruiser 200 blood  (ownerId:62166080 - pos <5678.485840, 33.642361, 5245.497559> - islocked:true - password:22392239) initialized
20-14-58 | HAMMER_H1 black (ownerId:405166905 - pos <5195.087891, 4.949943, 5315.444336> - islocked:true - password:1111991) initialized
20-14-58 | LUAZ 969 rust (ownerId:88929178 - pos <5625.482910, 29.296349, 5419.026855> - islocked:true - password:371400) initialized
20-14-58 | Sarka 120 (ownerId:108250772 - pos <5617.125488, 28.686020, 5394.035156> - islocked:true - password:3181989) initialized
20-14-58 | PAZ (green) (ownerId:980466132 - pos <5631.259277, 29.526325, 5379.812012> - islocked:true - password:22392239) initialized
20-14-58 | YAR_87 Camo2  (ownerId:34611550 - pos <7501.579102, 3.352663, 5638.125488> - islocked:true - password:19892004) initialized
20-14-58 | Toyota Land Cruiser 200 (ownerId:308099129 - pos <3522.992920, 22.781891, 4590.057617> - islocked:true - password:9131988) initialized
20-14-58 | MOSKVICH 2140 (ownerId:944065078 - pos <6394.414551, 23.181290, 6686.755859> - islocked:false - password:97319731) initialized
20-14-58 | Olga 24 (ownerId:36527682 - pos <7733.397461, 36.107792, 6085.732910> - islocked:true - password:10939910) initialized
20-14-58 | LUAZ 969 blue (ownerId:354151095 - pos <6972.173340, 14.597516, 5701.598145> - islocked:true - password:4250425) initialized
20-14-58 | MOSKVICH 2140 (ownerId:304057481 - pos <6950.713379, 14.669855, 5719.603516> - islocked:true - password:42687931) initialized
20-14-58 | Olga 24 (ownerId:839735782 - pos <3591.368896, 10.842459, 3410.567627> - islocked:true - password:13579086) initialized
20-14-58 | UH-60 Blackhawk - blackblackhawk (ownerId:69839805 - pos <4264.869629, 21.234701, 7312.229492> - islocked:true - password:20090909) initialized
20-14-58 | STR_EGER_name (ownerId:69839805 - pos <4249.314941, 21.605032, 7295.934570> - islocked:true - password:20090909) initialized
20-14-58 | Gaz 71 Black (ownerId:137318436 - pos <4256.841309, 21.428877, 7292.367676> - islocked:true - password:20090909) initialized
20-14-58 | Jeep Wrangler black  (ownerId:132652049 - pos <10663.982422, 3.405122, 3151.652100> - islocked:false - password:17392468) initialized
20-14-58 | Jeep Wrangler (ownerId:288122462 - pos <8283.956055, 5.735122, 8845.133789> - islocked:false - password:12321321) initialized
20-14-58 | Cougar Camo kamo (ownerId:980466132 - pos <1447.440308, 3.095258, 6767.592285> - islocked:true - password:22392239) initialized
20-14-58 | MBB Bo-105m Helicopter - blackcamo (ownerId:132652049 - pos <4282.284668, 3.403652, 2506.384766> - islocked:true - password:86753099) initialized
20-14-58 | ToyotaHilux Red (ownerId:60592768 - pos <9562.668945, 4.356388, 5943.355469> - islocked:true - password:19651965) initialized
20-14-58 | UAZ 3909 Khaki1 (ownerId:36527682 - pos <6139.907715, 35.598579, 5335.648438> - islocked:false - password:93991005) initialized
