Creation Time: 2023_4_21-20-33-56
20-33-56 | Land Rover Defender 110 (ownerId:192139039 - pos <4407.501465, 8.170365, 4499.195313> - islocked:true - password:7161994) initialized
20-33-56 | Robinson R22 Helicopter (ownerId:195214598 - pos <5671.535156, 33.241127, 5256.132813> - islocked:true - password:52528989) initialized
20-33-56 | M3S Covered (ownerId:8156911 - pos <6232.800781, 5.800169, 9593.156250> - islocked:false - password:15500000) initialized
20-33-56 | Sarka 120 (ownerId:22592522 - pos <6230.259277, 5.537107, 9588.876953> - islocked:true - password:5210521) initialized
20-33-56 | M3S Covered (ownerId:108250772 - pos <4523.926270, 10.408335, 3205.794922> - islocked:true - password:78945612) initialized
20-33-56 | UH-60 Blackhawk - Woodland (ownerId:85319837 - pos <3985.974121, 16.854170, 3474.665039> - islocked:true - password:1111110) initialized
20-33-56 | Land Rover Defender 110 (ownerId:108250772 - pos <5625.816406, 29.278482, 5376.927734> - islocked:true - password:14725836) initialized
20-33-56 | Land Rover Defender 110 Green (ownerId:85319837 - pos <5617.498535, 29.278484, 5378.230957> - islocked:true - password:1111110) initialized
20-33-56 | Land Rover Defender 110 Red (ownerId:108250772 - pos <5627.019531, 29.278482, 5387.046387> - islocked:true - password:14725836) initialized
20-33-56 | Land Rover Defender 110 UN (ownerId:108250772 - pos <5622.215332, 29.278486, 5381.246582> - islocked:true - password:14725836) initialized
20-33-56 | Olga 24 (ownerId:288122462 - pos <5668.070313, 28.909889, 5408.243652> - islocked:true - password:12011152) initialized
20-33-56 | Sarka 120 (ownerId:405166905 - pos <5628.688965, 29.306002, 5419.512207> - islocked:true - password:19910111) initialized
20-33-56 | UH-60 Blackhawk Cargo (ownerId:980466132 - pos <1464.541138, 11.446184, 15309.574219> - islocked:true - password:22392239) initialized
20-33-56 | UH-60 Blackhawk - blackblackhawk (ownerId:195214598 - pos <8069.666992, 215.248932, 11834.370117> - islocked:true - password:89895252) initialized
20-33-56 | Bell 429 Helicopter (ownerId:195214598 - pos <8112.442871, 214.221100, 11880.533203> - islocked:true - password:52898952) initialized
20-33-56 | M3S Covered (ownerId:67657702 - pos <10219.400391, 20.305702, 7928.274414> - islocked:false - password:19944991) initialized
20-33-56 | Sarka 120 (ownerId:194642746 - pos <3356.869873, 20.406021, 6466.545898> - islocked:true - password:15474555) initialized
20-33-56 | UH-60 Blackhawk - blackblackhawk (ownerId:195214598 - pos <3224.051514, 7.616047, 1721.951294> - islocked:true - password:52528989) initialized
20-33-56 | Robinson R22 Helicopter - Black (ownerId:34745177 - pos <9138.471680, 47.961964, 3793.880859> - islocked:false - password:67698687) initialized
20-33-56 | Sarka 120 (ownerId:940915030 - pos <9511.229492, 102.703033, 3751.684814> - islocked:true - password:11853737) initialized
20-33-56 | Robinson R22 Helicopter (ownerId:940915030 - pos <9512.575195, 102.761208, 3733.148193> - islocked:true - password:11853737) initialized
20-33-56 | Ada 4x4 (ownerId:62166080 - pos <6801.051758, 39.178261, 1800.987549> - islocked:true - password:22392239) initialized
20-33-56 | Ada 4x4 (ownerId:980466132 - pos <6800.919922, 39.178162, 1804.991089> - islocked:true - password:22392239) initialized
20-33-56 | Olga 24 (ownerId:62166080 - pos <6795.437988, 39.125072, 1803.797729> - islocked:true - password:22392239) initialized
20-33-56 | Sarka 120 (ownerId:980466132 - pos <6795.105957, 39.738483, 1800.802979> - islocked:true - password:22392239) initialized
20-33-56 | M3S Covered (ownerId:62166080 - pos <6795.892090, 39.129265, 1808.996338> - islocked:false - password:22392239) initialized
20-33-56 | Robinson R22 Helicopter - Black (ownerId:62166080 - pos <6786.493164, 53.509369, 1834.473999> - islocked:true - password:22392239) initialized
20-33-56 | MH-6M Little Bird - Desert (ownerId:62166080 - pos <6773.009766, 54.240791, 1834.931885> - islocked:true - password:22392239) initialized
20-33-56 | M3S Covered (ownerId:944065078 - pos <7651.873047, 20.311367, 3864.216064> - islocked:true - password:25082508) initialized
20-33-56 | Olga 24 (ownerId:944065078 - pos <7656.255859, 19.607016, 3866.161621> - islocked:true - password:97319731) initialized
20-33-56 | Sarka 120 (ownerId:944065078 - pos <7659.728027, 18.511820, 3869.602539> - islocked:true - password:25082508) initialized
20-33-56 | Robinson R22 Helicopter - Red (ownerId:71319946 - pos <2665.577637, 35.751202, 3317.651611> - islocked:true - password:19944991) initialized
20-33-56 | Robinson R22 Helicopter - Black (ownerId:980466132 - pos <7348.521973, 101.077194, 6033.944824> - islocked:true - password:22392239) initialized
20-33-56 | Gunter 2 (ownerId:965259563 - pos <3734.643799, 5.683300, 2547.140137> - islocked:true - password:11367275) initialized
20-33-56 | M3S Covered (ownerId:965259563 - pos <3757.230225, 5.599290, 2565.204102> - islocked:true - password:11367275) initialized
20-33-56 | Olga 24 (ownerId:965259563 - pos <3749.001709, 5.467770, 2554.737305> - islocked:true - password:11367275) initialized
20-33-56 | Robinson R22 Helicopter (ownerId:965259563 - pos <3756.512451, 19.967381, 2601.171387> - islocked:true - password:11367275) initialized
22-48-34 | Land Rover Defender 110 Red (ownerId:60592768 - pos <5597.620605, 28.729588, 5361.943848> - islocked:true - password:19651965) new car claimed
