Creation Time: 2023_4_27-0-0-50
0-0-50 | Sarka 120 (ownerId:940915030 - pos <9511.229492, 102.703041, 3751.684570> - islocked:true - password:11853737) initialized
0-0-50 | Robinson R22 Helicopter (ownerId:940915030 - pos <9512.575195, 102.761200, 3733.148193> - islocked:true - password:11853737) initialized
0-0-50 | Robinson R22 Helicopter (ownerId:195214598 - pos <1114.771729, 56.352501, 10648.643555> - islocked:true - password:52528989) initialized
0-0-50 | Robinson R22 Helicopter - Black (ownerId:62166080 - pos <483.096680, 7.925540, 11816.083984> - islocked:true - password:22392239) initialized
0-0-50 | Land Rover Defender 110 Green (ownerId:177737910 - pos <2550.890625, 56.615700, 9454.166992> - islocked:true - password:25792579) initialized
0-0-50 | Sarka 120 (ownerId:405166905 - pos <10489.906250, 10.002501, 4274.236816> - islocked:true - password:19910111) initialized
0-0-50 | Robinson R22 Helicopter (ownerId:980466132 - pos <6777.678711, 54.635902, 1845.157959> - islocked:true - password:22392239) initialized
0-0-50 | Ada 4x4 (ownerId:62166080 - pos <6801.065918, 39.178055, 1809.609375> - islocked:true - password:22392239) initialized
0-0-50 | M3S Covered (ownerId:62166080 - pos <6795.131836, 39.137497, 1809.613892> - islocked:true - password:22392239) initialized
0-0-50 | Land Rover Defender 110 Green (ownerId:62166080 - pos <6795.712402, 39.705986, 1807.071655> - islocked:true - password:22392239) initialized
0-0-50 | Land Rover Defender 110 Red (ownerId:980466132 - pos <6795.948242, 39.705761, 1802.406006> - islocked:true - password:22392239) initialized
0-0-50 | Sarka 120 (ownerId:980466132 - pos <6801.542480, 39.738667, 1801.694946> - islocked:false - password:22392239) initialized
0-0-50 | Gunter 2 (ownerId:419387242 - pos <7065.160156, 45.118992, 2055.501465> - islocked:true - password:69694200) initialized
0-0-50 | Olga 24 (ownerId:944065078 - pos <7705.414551, 36.628349, 6081.449219> - islocked:true - password:97319731) initialized
0-0-50 | Land Rover Defender 110 UN (ownerId:116364714 - pos <7713.597168, 36.267979, 6075.122559> - islocked:false - password:25082508) initialized
0-0-50 | M3S Covered (ownerId:944065078 - pos <7718.275879, 36.466972, 6089.899902> - islocked:false - password:25082508) initialized
0-0-50 | Sarka 120 (ownerId:944065078 - pos <7728.516113, 35.526176, 6087.273438> - islocked:false - password:25082508) initialized
0-0-50 | Ada 4x4 (ownerId:944065078 - pos <7733.061035, 35.535313, 6083.734863> - islocked:false - password:25082508) initialized
0-0-50 | Land Rover Defender 110 UN (ownerId:85319837 - pos <7564.276367, 24.526596, 3950.393799> - islocked:true - password:9151985) initialized
0-0-50 | M3S Covered (ownerId:965259563 - pos <5477.545898, 6.828391, 8608.801758> - islocked:true - password:11367275) initialized
0-0-50 | Sarka 120 (ownerId:22592522 - pos <6232.373047, 5.531137, 9589.974609> - islocked:true - password:5210521) initialized
0-0-50 | M3S Covered (ownerId:8156911 - pos <6232.800293, 5.800176, 9593.156250> - islocked:false - password:15500000) initialized
0-0-50 | Land Rover Defender 110 (ownerId:108250772 - pos <5625.816406, 29.278484, 5376.927734> - islocked:true - password:14725836) initialized
0-0-50 | Olga 24 (ownerId:288122462 - pos <5668.118164, 28.906792, 5408.224609> - islocked:true - password:12011152) initialized
0-0-50 | Land Rover Defender 110 Red (ownerId:60592768 - pos <5678.317871, 29.278484, 5386.182129> - islocked:true - password:19651965) initialized
0-0-50 | Gunter 2 (ownerId:984346468 - pos <4650.212891, 17.793503, 4597.365234> - islocked:true - password:83898389) initialized
0-0-50 | UH-60 Blackhawk - Woodland (ownerId:85319837 - pos <3985.973633, 16.854176, 3474.665283> - islocked:true - password:1111110) initialized
0-0-50 | Sarka 120 (ownerId:194642746 - pos <5445.478027, 5.329739, 4629.556152> - islocked:true - password:15474555) initialized
0-0-50 | Robinson R22 Helicopter (ownerId:71319946 - pos <5672.808594, 33.907436, 5245.416016> - islocked:true - password:19944991) initialized
0-0-50 | Land Rover Defender 110 (ownerId:192139039 - pos <5914.121094, 35.386024, 5193.933594> - islocked:true - password:7161994) initialized
0-0-50 | Olga 24 (ownerId:965259563 - pos <3730.441406, 5.467762, 2554.884033> - islocked:true - password:11367275) initialized
0-0-50 | Land Rover Defender 110 Red (ownerId:965259563 - pos <3753.811768, 6.175954, 2569.325195> - islocked:true - password:11367275) initialized
0-0-50 | Robinson R22 Helicopter (ownerId:965259563 - pos <3756.512451, 19.967381, 2601.171387> - islocked:true - password:11367275) initialized
0-0-50 | UH-60 Blackhawk - blackblackhawk (ownerId:195214598 - pos <3224.051514, 7.616047, 1721.948486> - islocked:true - password:52528989) initialized
0-0-50 | Robinson R22 Helicopter - Black (ownerId:980466132 - pos <7348.746094, 101.077301, 6033.853516> - islocked:true - password:22392239) initialized
