Creation Time: 2023_5_6-12-0-53
12-0-53 | Ada 4x4 (ownerId:16874355 - pos <10732.898438, 90.320938, 6156.010254> - islocked:true - password:15795315) initialized
12-0-53 | Robinson R22 Helicopter - Black (ownerId:984346468 - pos <4728.884277, 12.292196, 4692.958984> - islocked:true - password:83898389) initialized
12-0-53 | Sarka 120 (ownerId:194642746 - pos <5445.628418, 5.323307, 4629.492676> - islocked:true - password:15474555) initialized
12-0-53 | M3S Covered (ownerId:18558559 - pos <3961.035400, 25.790173, 4847.361328> - islocked:true - password:72066666) initialized
12-0-53 | Land Rover Defender 110 Red (ownerId:69867734 - pos <5629.279297, 29.278482, 5375.192383> - islocked:true - password:69696969) initialized
12-0-53 | Ada 4x4 (ownerId:419387242 - pos <5605.233398, 28.853130, 5349.269043> - islocked:true - password:8995862) initialized
12-0-53 | Robinson R22 Helicopter (ownerId:71319946 - pos <5672.808105, 33.907440, 5245.416016> - islocked:true - password:19944991) initialized
12-0-53 | Robinson R22 Helicopter (ownerId:195214598 - pos <5665.559570, 33.936161, 5232.944336> - islocked:true - password:52528989) initialized
12-0-53 | Land Rover Defender 110 Red (ownerId:6938606 - pos <8305.248047, 158.372055, 12280.968750> - islocked:true - password:20090909) initialized
12-0-53 | Sarka 120 (ownerId:944065078 - pos <5819.016602, 8.844322, 8335.287109> - islocked:true - password:25082508) initialized
12-0-53 | Land Rover Defender 110 Green (ownerId:177737910 - pos <2550.605225, 57.003853, 9449.899414> - islocked:false - password:25792579) initialized
12-0-53 | Robinson R22 Helicopter (ownerId:839735782 - pos <5465.703125, 7.491261, 8596.894531> - islocked:true - password:1051997) initialized
12-0-53 | Land Rover Defender 110 Red (ownerId:839735782 - pos <5476.922852, 7.404718, 8609.433594> - islocked:true - password:1051997) initialized
12-0-53 | M3S Covered (ownerId:965259563 - pos <5467.955078, 7.855027, 8578.822266> - islocked:true - password:72524299) initialized
12-0-53 | Sarka 120 (ownerId:980466132 - pos <6801.630859, 39.738667, 1801.161499> - islocked:true - password:22392239) initialized
12-0-53 | M3S Covered (ownerId:980466132 - pos <6795.375000, 40.007648, 1809.530884> - islocked:true - password:22392239) initialized
12-0-53 | MBB Bo-105m Helicopter - blackcamo (ownerId:980466132 - pos <6766.033203, 54.748100, 1846.527954> - islocked:true - password:22392239) initialized
12-0-53 | MH-6M Little Bird - Camo (ownerId:62166080 - pos <6786.428223, 54.240791, 1834.988281> - islocked:true - password:22392239) initialized
12-0-53 | Ka26 Hoodlum Helicopter (ownerId:980466132 - pos <6778.616699, 54.637421, 1849.729858> - islocked:true - password:22392239) initialized
12-0-53 | M3S Covered (ownerId:944065078 - pos <7717.975586, 36.472748, 6090.897461> - islocked:false - password:25082508) initialized
12-0-53 | Land Rover Defender 110 UN (ownerId:116364714 - pos <7696.226563, 37.402302, 6075.553223> - islocked:false - password:25082508) initialized
12-0-53 | Olga 24 (ownerId:419387242 - pos <7056.541992, 45.008057, 2053.267090> - islocked:true - password:8995862) initialized
12-0-53 | Robinson R22 Helicopter - Black (ownerId:144736642 - pos <7024.004883, 56.164154, 2074.408691> - islocked:true - password:76117611) initialized
12-0-53 | MH-6M Little Bird - Desert (ownerId:419387242 - pos <7062.629395, 54.273167, 2072.423340> - islocked:true - password:58625862) initialized
12-0-53 | Olga 24 (ownerId:108250772 - pos <7113.931152, 37.534561, 2252.851563> - islocked:true - password:12345678) initialized
12-0-53 | Land Rover Defender 110 UN (ownerId:85319837 - pos <7572.665527, 24.168482, 3940.986328> - islocked:false - password:9151985) initialized
12-0-53 | Sarka 120 (ownerId:85319837 - pos <7574.907227, 24.190279, 3928.425293> - islocked:true - password:1111110) initialized
12-0-53 | Land Rover Defender 110 Green (ownerId:62166080 - pos <7573.144531, 24.168484, 3946.037109> - islocked:true - password:22392239) initialized
12-0-53 | Land Rover Defender 110 Red (ownerId:60592768 - pos <8566.305664, 6.338411, 3732.059326> - islocked:true - password:19651965) initialized
12-0-53 | Robinson R22 Helicopter (ownerId:940915030 - pos <9512.575195, 102.761200, 3733.148193> - islocked:true - password:11853737) initialized
12-0-53 | Land Rover Defender 110 Red (ownerId:965259563 - pos <10784.675781, 3.266568, 3258.204102> - islocked:true - password:11367275) initialized
12-0-53 | M3S Covered (ownerId:132652049 - pos <10778.488281, 3.568235, 3265.132568> - islocked:true - password:17392468) initialized
12-0-53 | UH-60 Blackhawk - Woodland (ownerId:132652049 - pos <10843.867188, 3.637160, 3283.769775> - islocked:true - password:17392468) initialized
12-0-53 | Sarka 120 (ownerId:405166905 - pos <10490.982422, 10.001143, 4277.311523> - islocked:true - password:19910111) initialized
12-0-53 | UH-60 Blackhawk - blackblackhawk (ownerId:195214598 - pos <3224.051514, 7.616046, 1721.940308> - islocked:true - password:52528989) initialized
12-0-53 | M3S Covered (ownerId:965259563 - pos <3746.761475, 5.527961, 2502.748047> - islocked:true - password:2061963) initialized
12-0-53 | Mil Mi-2 Helicopter - Hornet (ownerId:965259563 - pos <3769.468018, 6.726123, 2491.805908> - islocked:true - password:11367275) initialized
12-0-53 | Sarka 120 (ownerId:965259563 - pos <3734.261230, 6.236215, 2519.812500> - islocked:true - password:72524299) initialized
12-0-53 | Olga 24 (ownerId:965259563 - pos <3737.953125, 5.622828, 2515.873291> - islocked:true - password:11367275) initialized
12-0-53 | Gunter 2 (ownerId:965259563 - pos <3740.868896, 5.678530, 2511.467529> - islocked:true - password:86753099) initialized
12-0-53 | Land Rover Defender 110 Red (ownerId:980466132 - pos <7342.349121, 66.128479, 6041.227051> - islocked:true - password:22392239) initialized
12-0-53 | Robinson R22 Helicopter - Black (ownerId:980466132 - pos <7348.162598, 101.154594, 6035.363770> - islocked:true - password:22392239) initialized
12-0-53 | Gunter 2 (ownerId:36527682 - pos <7179.743164, 1.595451, 5368.753906> - islocked:true - password:93991005) initialized
12-0-53 | Robinson R22 Helicopter (ownerId:965259563 - pos <3760.882324, 19.991440, 2594.415283> - islocked:true - password:11367275) initialized
12-0-53 | Land Rover Defender 110 Red (ownerId:132652049 - pos <4276.683594, 3.752568, 2517.500000> - islocked:true - password:9031783) initialized
12-0-53 | Bell 429 Helicopter - Medic (ownerId:6938606 - pos <8113.604980, 214.212524, 11883.482422> - islocked:true - password:20090909) initialized
15-31-20 | Land Rover Defender 110 UN (ownerId:993113163 - pos <9060.752930, 34.419151, 7615.169922> - islocked:true - password:13376565) new car claimed
