Creation Time: 2023_7_23-18-0-54
18-0-54 | Offroad Range Rover Yellow  (ownerId:103808025 - pos <7264.238281, 602.155884, 11730.521484> - islocked:true - password:55677777) initialized
18-0-54 | Olga 24 (ownerId:40055959 - pos <8923.685547, 5.862715, 10450.619141> - islocked:true - password:19711971) initialized
18-0-54 | UAZ469 (ownerId:40055959 - pos <8928.013672, 6.384641, 10451.108398> - islocked:false - password:19711971) initialized
18-0-54 | Velociraptor6x6 Camo (ownerId:407766611 - pos <9999.340820, 22.684900, 11022.396484> - islocked:true - password:55555552) initialized
18-0-54 | Velociraptor6x6 Camo2  (ownerId:407766611 - pos <9991.220703, 22.684904, 11025.544922> - islocked:true - password:55555552) initialized
18-0-54 | ToyotaHilux Blue (ownerId:369601190 - pos <5931.256836, 9.373831, 8414.213867> - islocked:true - password:55889789) initialized
18-0-54 | Offroad Range Rover police  (ownerId:60592768 - pos <3240.920898, 3.228037, 1718.943604> - islocked:true - password:13121312) initialized
18-0-54 | Olga 24 (ownerId:511479797 - pos <1742.364746, 9.988530, 8908.454102> - islocked:false - password:27181500) initialized
18-0-54 | UAZ HUNTER (ownerId:447071218 - pos <1749.380981, 10.074718, 8913.341797> - islocked:false - password:15148636) initialized
18-0-54 | M3S Covered (ownerId:442990275 - pos <1983.874512, 41.985641, 9028.122070> - islocked:true - password:42014201) initialized
18-0-54 | Sarka 120 (ownerId:442990275 - pos <1991.249634, 10.260262, 9032.504883> - islocked:true - password:42014201) initialized
18-0-54 | MH-6M Little Bird - Camo (ownerId:132652049 - pos <2003.915894, 42.498119, 9022.552734> - islocked:false - password:9021997) initialized
18-0-54 | LUAZ 969 (ownerId:75086644 - pos <2053.534668, 9.776346, 9038.392578> - islocked:true - password:10182009) initialized
18-0-54 | HEMTT flecktarn (ownerId:88929178 - pos <15778.731445, 40.815102, 4669.676270> - islocked:true - password:371400) initialized
18-0-54 | UAZ 3909 Police (ownerId:60592768 - pos <3231.894287, 3.497947, 1731.675659> - islocked:true - password:13121312) initialized
18-0-54 | STR_Camaro_Nest_name (ownerId:60592768 - pos <3246.334961, 3.116042, 1751.296753> - islocked:true - password:13121312) initialized
18-0-54 | Toyota Land Cruiser 200 Camo2  (ownerId:24259541 - pos <7854.355957, 3.335992, 3839.831787> - islocked:true - password:17500720) initialized
18-0-54 | Jeep Wrangler Camo (ownerId:526094573 - pos <3590.822998, 10.833092, 3410.253662> - islocked:true - password:11025255) initialized
18-0-54 | Gaz 71 Black (ownerId:119248354 - pos <2782.213867, 69.944809, 4692.346680> - islocked:true - password:11082007) initialized
18-0-54 |  Novator Flecktarn (ownerId:48698262 - pos <2795.422607, 69.814308, 4663.095215> - islocked:true - password:48151623) initialized
18-0-54 | Oshkosh (ownerId:197257182 - pos <2799.505127, 69.918602, 4663.191895> - islocked:true - password:48151623) initialized
18-0-54 | STR_EGER_GreenCamo_name (ownerId:197257182 - pos <2802.367676, 69.987411, 4663.774414> - islocked:true - password:48151623) initialized
18-0-54 | LUAZ 969 red (ownerId:405166905 - pos <5356.917969, 35.382145, 641.903687> - islocked:true - password:11111111) initialized
18-0-54 | Velociraptor6x6 Camo2  (ownerId:262549311 - pos <7192.539551, 61.655998, 5886.553711> - islocked:false - password:24680000) initialized
18-0-54 | Gunter 2 (ownerId:218588421 - pos <3804.094238, 7.060925, 5907.684570> - islocked:true - password:3081984) initialized
18-0-54 | Mercedes-Benz W140 Blue (ownerId:88929178 - pos <4424.936035, 6.617169, 4606.944336> - islocked:true - password:371400) initialized
18-0-54 | MH-6M Little Bird - Camo (ownerId:88929178 - pos <4422.260254, 12.575666, 4605.013672> - islocked:false - password:371400) initialized
18-0-54 | Opel Astra Chrome (ownerId:127107249 - pos <5657.587891, 28.810459, 5379.881348> - islocked:true - password:12186270) initialized
18-0-54 | Gunter 2 (ownerId:48698262 - pos <5640.081055, 28.870613, 5330.502441> - islocked:true - password:48151623) initialized
18-0-54 | Fennek BIOHAZARD (ownerId:119248354 - pos <5656.813477, 28.746574, 5367.511230> - islocked:true - password:11082007) initialized
18-0-54 | MH-6M Little Bird - Camo (ownerId:119248354 - pos <5654.795410, 30.089870, 5387.921875> - islocked:true - password:48151623) initialized
18-0-54 | Chevrolet Corvette kamo (ownerId:89279995 - pos <5615.395020, 29.155910, 5348.636719> - islocked:true - password:20090909) initialized
18-0-54 | SCOUT Black (ownerId:442990275 - pos <5638.239258, 29.312279, 5359.168457> - islocked:true - password:37579090) initialized
18-0-54 | Olga 24 (ownerId:795695470 - pos <5671.732422, 33.585934, 5277.625977> - islocked:true - password:8031991) initialized
18-0-54 | Sarka 120 (ownerId:89279995 - pos <6471.828125, 32.151146, 2072.122803> - islocked:true - password:20090909) initialized
18-0-54 | Gelenvagen white_camo2 (ownerId:523450192 - pos <5631.220703, 29.709642, 5420.488770> - islocked:true - password:22392239) initialized
18-0-54 | Robinson R22 Helicopter - Black (ownerId:521855408 - pos <5663.715332, 33.939995, 5242.544434> - islocked:true - password:9102021) initialized
18-0-54 | MH-6M Little Bird (ownerId:442990275 - pos <5657.512207, 34.831497, 5232.563477> - islocked:true - password:37579090) initialized
18-0-54 | Toyota Land Cruiser 200 Camo (ownerId:119311623 - pos <4246.945313, 21.187664, 7294.540039> - islocked:true - password:7101993) initialized
18-0-54 | BMW X5 Flecktarn (ownerId:53415379 - pos <4250.812500, 21.092598, 7295.965820> - islocked:false - password:7101993) initialized
18-0-54 | Oshkosh grey (ownerId:64819467 - pos <4244.768066, 21.536226, 7273.870117> - islocked:true - password:7101993) initialized
18-0-54 | Nissan warrior Camo (ownerId:119311623 - pos <4252.958496, 21.283245, 7299.682617> - islocked:true - password:7101993) initialized
18-0-54 | UH-60 Blackhawk - Budhawk (ownerId:369601190 - pos <5342.479492, 26.681025, 4965.768555> - islocked:true - password:54879586) initialized
18-0-54 | MOSKVICH 2140 (ownerId:882346394 - pos <6661.187500, 15.562319, 6320.548340> - islocked:true - password:42091103) initialized
18-0-54 | Ada 4x4 (ownerId:369601190 - pos <5474.321777, 15.604800, 4931.593750> - islocked:true - password:42014201) initialized
18-0-54 | UAZ 3909 Beige (ownerId:795695470 - pos <5468.112305, 15.597906, 4925.075684> - islocked:true - password:8031991) initialized
18-0-54 | Jeep Wrangler green  (ownerId:523450192 - pos <5904.352051, 37.171574, 5221.783691> - islocked:false - password:22392239) initialized
18-0-54 | MH-6M Little Bird - Camo (ownerId:523450192 - pos <5890.479492, 41.853703, 5228.574707> - islocked:true - password:22392239) initialized
18-0-54 | STR_EGER_GreenCamo_name (ownerId:523991778 - pos <5898.479004, 37.082680, 5221.344238> - islocked:true - password:22392239) initialized
18-11-43 | HEMTT flecktarn (ownerId:88929178 - pos <15778.740234, 39.845791, 4671.718262> - islocked:false - password:371400) has been deleted
18-12-44 | Fennek BIOHAZARD (ownerId:119248354 - pos <5647.396484, 27.973652, 5362.131348> - islocked:false - password:11082007) has been deleted
18-13-3 | Fennek BIOHAZARD (ownerId:119248354 - pos <5661.666992, 29.005827, 5396.502930> - islocked:true - password:11082007) new car claimed
18-13-3 | Fennek BIOHAZARD (ownerId:119248354 - pos <5661.666992, 28.999195, 5396.502930> - islocked:true - password:11082007) initialized
18-13-23 | Gelenvagen white_camo2 (ownerId:523450192 - pos <5910.012207, 36.232948, 5205.476074> - islocked:false - password:22392239) has been deleted
18-14-6 | Fennek BIOHAZARD (ownerId:119248354 - pos <5655.302246, 28.679289, 5392.935547> - islocked:false - password:11082007) has been deleted
18-18-21 | M3S Covered (ownerId:442990275 - pos <1983.942871, 41.107040, 9028.179688> - islocked:true - password:42014201) has been deleted
18-18-33 | Gelenvagen white_camo2 (ownerId:523450192 - pos <5615.004883, 29.009998, 5402.584961> - islocked:true - password:22392239) new car claimed
18-18-33 | Gelenvagen white_camo2 (ownerId:523450192 - pos <5615.004883, 29.009998, 5402.584961> - islocked:true - password:22392239) initialized
18-20-19 | Gelenvagen white_camo2 (ownerId:523450192 - pos <5615.026855, 28.794149, 5402.607422> - islocked:true - password:22392239) has been deleted
18-26-25 | UAZ_2315 (ownerId:108250772 - pos <6905.851563, 3.060000, 1495.592285> - islocked:true - password:11111111) new car claimed
18-26-25 | UAZ_2315 (ownerId:108250772 - pos <6905.851563, 3.060000, 1495.592285> - islocked:true - password:11111111) initialized
18-27-1 | UAZ_2315 (ownerId:108250772 - pos <6905.863281, 2.843683, 1495.595703> - islocked:true - password:-1) new car claimed
18-27-35 | UAZ_2315 (ownerId:89279995 - pos <6905.863281, 2.843683, 1495.595703> - islocked:true - password:20090909) new car claimed
18-27-55 | UAZ_2315 (ownerId:89279995 - pos <6905.863281, 2.843683, 1495.595703> - islocked:true - password:20090909) has been deleted
18-28-50 | HEMTT flecktarn (ownerId:88929178 - pos <4392.597168, 5.894850, 4627.664551> - islocked:true - password:371400) new car claimed
18-28-50 | HEMTT flecktarn (ownerId:88929178 - pos <4392.597168, 5.888690, 4627.664551> - islocked:true - password:371400) initialized
18-39-45 | MH-6M Little Bird - Camo (ownerId:119248354 - pos <5587.486328, 28.724550, 5379.824707> - islocked:false - password:48151623) has been deleted
18-41-20 | UH-60 Blackhawk Cargo (ownerId:119248354 - pos <5619.349121, 28.634491, 5362.029785> - islocked:true - password:11082007) new car claimed
18-50-54 | Toyota Land Cruiser 200 Camo2  (ownerId:88929178 - pos <4431.925781, 6.765320, 4606.414551> - islocked:true - password:371400) new car claimed
18-50-54 | Toyota Land Cruiser 200 Camo2  (ownerId:88929178 - pos <4431.925781, 6.765320, 4606.414551> - islocked:true - password:371400) initialized
18-54-37 | ToyotaHilux Blue (ownerId:369601190 - pos <5674.418945, 30.255943, 5534.933105> - islocked:false - password:55889789) has been deleted
18-59-36 | ToyotaHilux Blue (ownerId:369601190 - pos <5978.643555, 36.228413, 5245.918945> - islocked:true - password:55889789) new car claimed
18-59-36 | ToyotaHilux Blue (ownerId:369601190 - pos <5978.643555, 36.228413, 5245.918945> - islocked:true - password:55889789) initialized
19-18-26 | Gelenvagen white_camo2 (ownerId:523450192 - pos <5436.727539, 15.109981, 4926.270508> - islocked:true - password:22392239) new car claimed
19-18-26 | Gelenvagen white_camo2 (ownerId:523450192 - pos <5436.727539, 15.109981, 4926.270508> - islocked:true - password:22392239) initialized
19-21-4 | Gelenvagen white_camo2 (ownerId:523450192 - pos <5440.490723, 14.894149, 4947.416016> - islocked:true - password:22392239) has been deleted
19-40-39 | MH-6M Little Bird - Camo (ownerId:88929178 - pos <4423.497070, 11.208817, 4604.751465> - islocked:false - password:371400) has been deleted
19-52-31 | M3S Covered (ownerId:442990275 - pos <6016.649902, 13.248271, 4951.601074> - islocked:true - password:42014201) new car claimed
19-52-31 | M3S Covered (ownerId:442990275 - pos <6016.649902, 13.248271, 4951.601074> - islocked:true - password:42014201) initialized
19-52-46 | Olga 24 (ownerId:442990275 - pos <6019.693848, 13.147240, 4949.377930> - islocked:true - password:42014201) new car claimed
19-52-46 | Olga 24 (ownerId:442990275 - pos <6019.693848, 13.147240, 4949.377930> - islocked:true - password:42014201) initialized
19-52-53 | Olga 24 (ownerId:442990275 - pos <6022.674805, 13.038594, 4948.444336> - islocked:true - password:42014201) new car claimed
19-52-53 | Olga 24 (ownerId:442990275 - pos <6022.674805, 13.038594, 4948.444336> - islocked:true - password:42014201) initialized
19-53-0 | PONTIAC (rust) (ownerId:442990275 - pos <6025.973145, 12.932476, 4947.658203> - islocked:true - password:37579090) new car claimed
19-53-0 | PONTIAC (rust) (ownerId:442990275 - pos <6025.973145, 12.932476, 4947.658203> - islocked:true - password:37579090) initialized
19-53-6 | Sarka 120 (ownerId:442990275 - pos <6029.198730, 12.853470, 4946.509277> - islocked:true - password:42014201) new car claimed
19-53-6 | Sarka 120 (ownerId:442990275 - pos <6029.198730, 12.853470, 4946.509277> - islocked:true - password:42014201) initialized
19-58-34 | PONTIAC (rust) (ownerId:442990275 - pos <5981.966309, 4.319238, 5080.341309> - islocked:false - password:37579090) has been deleted
19-59-41 | M3S Covered (ownerId:442990275 - pos <6016.641113, 12.936165, 4951.604980> - islocked:true - password:42014201) has been deleted
20-0-1 | Olga 24 (ownerId:442990275 - pos <6019.686035, 12.834911, 4949.393066> - islocked:true - password:42014201) has been deleted
20-0-21 | Olga 24 (ownerId:442990275 - pos <6022.669434, 12.727741, 4948.459473> - islocked:true - password:42014201) has been deleted
20-0-42 | Sarka 120 (ownerId:442990275 - pos <6029.193359, 12.531335, 4946.513672> - islocked:true - password:42014201) has been deleted
20-2-15 | PONTIAC (rust) (ownerId:442990275 - pos <5458.469727, 15.109998, 4971.278320> - islocked:true - password:37579090) new car claimed
20-2-15 | PONTIAC (rust) (ownerId:442990275 - pos <5458.469727, 15.109998, 4971.278320> - islocked:true - password:37579090) initialized
20-5-17 | STR_Camaro_Sibirs_name (ownerId:407766611 - pos <5498.482422, 10.573883, 5512.933105> - islocked:true - password:55555552) new car claimed
20-5-17 | STR_Camaro_Sibirs_name (ownerId:407766611 - pos <5498.482422, 10.573883, 5512.933105> - islocked:true - password:55555552) initialized
20-5-31 | STR_Camaro_Veter_name (ownerId:407766611 - pos <5494.620117, 10.369236, 5501.683105> - islocked:true - password:55555552) new car claimed
20-5-31 | STR_Camaro_Veter_name (ownerId:407766611 - pos <5494.620117, 10.369236, 5501.683105> - islocked:true - password:55555552) initialized
20-56-13 | STR_Camaro_Veter_name (ownerId:407766611 - pos <5494.620605, 10.063236, 5501.683105> - islocked:false - password:-1) new car claimed
20-56-43 | STR_Camaro_Veter_name (ownerId:88929178 - pos <5494.620605, 10.063236, 5501.683105> - islocked:true - password:371400) new car claimed
20-57-8 | PONTIAC (rust) (ownerId:442990275 - pos <5643.541016, 27.956625, 5431.656250> - islocked:true - password:37579090) has been deleted
21-0-37 | STR_Camaro_Veter_name (ownerId:88929178 - pos <5676.264648, 32.950325, 5249.045410> - islocked:false - password:371400) has been deleted
21-26-14 | BMW X5 Flecktarn (ownerId:53415379 - pos <4265.072266, 20.430630, 7269.253418> - islocked:false - password:7101993) has been deleted
21-31-22 | STR_Camaro_Veter_name (ownerId:88929178 - pos <7359.124023, 5.218822, 7015.321777> - islocked:true - password:371400) new car claimed
21-31-22 | STR_Camaro_Veter_name (ownerId:88929178 - pos <7359.124023, 5.218822, 7015.321777> - islocked:true - password:371400) initialized
21-31-49 | STR_Camaro_Veter_name (ownerId:88929178 - pos <7358.363281, 5.435358, 7014.939453> - islocked:true - password:371400) has been deleted
21-32-52 | STR_Camaro_Veter_name (ownerId:88929178 - pos <7357.275879, 5.183050, 7013.353027> - islocked:true - password:371400) new car claimed
21-32-52 | STR_Camaro_Veter_name (ownerId:88929178 - pos <7357.275879, 5.183050, 7013.353027> - islocked:true - password:371400) initialized
21-33-41 | BMW X5 Black (ownerId:215888376 - pos <4274.604492, 20.430632, 7270.983887> - islocked:true - password:7101993) new car claimed
21-33-57 | STR_Camaro_Veter_name (ownerId:88929178 - pos <7362.106445, 4.952619, 7014.551758> - islocked:false - password:371400) has been deleted
21-36-23 | MH-6M Little Bird - Camo (ownerId:88929178 - pos <7721.614746, 5.848959, 6792.416504> - islocked:true - password:371400) new car claimed
21-36-23 | MH-6M Little Bird - Camo (ownerId:88929178 - pos <7721.614746, 5.848966, 6792.416504> - islocked:true - password:371400) initialized
21-39-14 | MH-6M Little Bird - Camo (ownerId:88929178 - pos <4404.483887, 5.969915, 4608.470703> - islocked:true - password:371400) has been deleted
21-48-31 | MH-6M Little Bird - Camo (ownerId:88929178 - pos <7723.258789, 5.848147, 6793.463867> - islocked:true - password:371400) new car claimed
21-48-31 | MH-6M Little Bird - Camo (ownerId:88929178 - pos <7723.258789, 5.848154, 6793.463867> - islocked:true - password:371400) initialized
21-51-16 | MH-6M Little Bird - Camo (ownerId:88929178 - pos <4415.906738, 6.016166, 4607.376465> - islocked:false - password:371400) has been deleted
22-0-53 | STR_Camaro_Veter_name (ownerId:88929178 - pos <7707.783203, 5.972734, 6794.221680> - islocked:true - password:371400) new car claimed
22-0-53 | STR_Camaro_Veter_name (ownerId:88929178 - pos <7707.783203, 5.972734, 6794.221680> - islocked:true - password:371400) initialized
22-48-14 | ToyotaHilux White (ownerId:511479797 - pos <5356.547363, 9.812760, 5399.649414> - islocked:true - password:27181500) new car claimed
23-19-42 |  Novator Flecktarn (ownerId:48698262 - pos <7714.674316, 27.904476, 9704.122070> - islocked:false - password:-1) new car claimed
23-20-23 |  Novator Flecktarn (ownerId:93344906 - pos <7714.674316, 27.904476, 9704.122070> - islocked:true - password:29292900) new car claimed
23-20-52 | Olga 24 (ownerId:327529037 - pos <7723.507813, 28.406437, 9698.370117> - islocked:true - password:29292900) new car claimed
23-48-56 | MUSTANG Red (ownerId:262549311 - pos <7183.100098, 61.083382, 5896.433105> - islocked:true - password:24680000) new car claimed
23-48-56 | MUSTANG Red (ownerId:262549311 - pos <7183.100098, 61.083382, 5896.433105> - islocked:true - password:24680000) initialized
23-55-36 | HAMMER_H1 (ownerId:262549311 - pos <3036.772949, 5.450000, 6866.588379> - islocked:true - password:24680000) new car claimed
23-55-36 | HAMMER_H1 (ownerId:262549311 - pos <3036.772949, 5.450000, 6866.588379> - islocked:true - password:24680000) initialized
23-57-27 | HAMMER_H1 (ownerId:262549311 - pos <3036.774414, 5.189341, 6866.589844> - islocked:false - password:-1) new car claimed
