Creation Time: 2023_7_14-18-0-54
18-0-54 | Nissan warrior Camo (ownerId:48698262 - pos <2736.094482, 24.145620, 9279.606445> - islocked:true - password:48151623) initialized
18-0-54 | Sarka 120 (ownerId:132652049 - pos <6755.404785, 15.877942, 6396.531738> - islocked:true - password:9021997) initialized
18-0-54 | Gunter 2 (ownerId:48698262 - pos <3014.065430, 14.131462, 6064.321289> - islocked:true - password:48151623) initialized
18-0-54 | ToyotaHilux rust (ownerId:442990275 - pos <3954.606445, 25.651197, 4855.076660> - islocked:true - password:42014201) initialized
18-0-54 | STR_EGER_GreenCamo_name (ownerId:523991778 - pos <5898.459961, 37.089073, 5222.587402> - islocked:false - password:22392239) initialized
18-0-54 | Ada 4x4 (ownerId:523991778 - pos <7737.335449, 42.229832, 9641.440430> - islocked:true - password:22392239) initialized
18-0-54 | Ada 4x4 (ownerId:442990275 - pos <5664.242676, 33.550537, 5255.814453> - islocked:true - password:42014201) initialized
18-0-54 | STR_SCOUT_snik2_name (ownerId:88929178 - pos <4427.644043, 7.115175, 4603.789063> - islocked:true - password:371400) initialized
18-0-54 | Gunter 2 (ownerId:218588421 - pos <3804.582275, 7.229842, 5912.316895> - islocked:true - password:3081984) initialized
18-0-54 | Audi RS6 (ownerId:442990275 - pos <5675.037109, 33.200245, 5273.433105> - islocked:true - password:37579090) initialized
18-0-54 | M3S Covered (ownerId:442990275 - pos <5671.327637, 33.618912, 5274.519043> - islocked:true - password:42014201) initialized
18-32-35 | Olga 24 (ownerId:442990275 - pos <2926.267090, 20.373943, 8852.043945> - islocked:true - password:42014201) new car claimed
18-32-53 | Olga 24 (ownerId:442990275 - pos <2926.267090, 20.373943, 8852.043945> - islocked:true - password:42014201) has been deleted
18-59-25 | UAZ 3909 Beige (ownerId:795695470 - pos <5601.885742, 28.799633, 5359.152344> - islocked:true - password:8031991) new car claimed
19-41-25 | Sarka 120 (ownerId:119311623 - pos <5640.506348, 28.109089, 5429.253906> - islocked:true - password:7101993) new car claimed
20-12-22 | Olga 24 (ownerId:521855408 - pos <5605.709961, 28.759384, 5351.200684> - islocked:true - password:9102021) new car claimed
21-3-20 | Bell 429 Helicopter - Police (ownerId:60592768 - pos <3263.514893, 2.769079, 1743.132813> - islocked:true - password:13121312) new car claimed
21-4-22 | Offroad Range Rover police  (ownerId:60592768 - pos <3250.147949, 2.749035, 1743.162720> - islocked:true - password:13121312) new car claimed
21-5-1 | STR_Camaro_Nest_name (ownerId:60592768 - pos <3255.384766, 2.728787, 1743.424072> - islocked:true - password:13121312) new car claimed
21-5-39 | UAZ 3909 Police (ownerId:60592768 - pos <3246.057617, 2.799648, 1742.540161> - islocked:true - password:13121312) new car claimed
21-20-30 | Gunter 2 (ownerId:48698262 - pos <2877.281738, 11.630992, 8485.562500> - islocked:false - password:48151623) has been deleted
21-21-9 | Gunter 2 (ownerId:48698262 - pos <2920.206787, 20.084753, 8481.004883> - islocked:true - password:48151623) new car claimed
21-21-9 | Gunter 2 (ownerId:48698262 - pos <2920.206787, 20.084753, 8481.004883> - islocked:true - password:48151623) initialized
21-24-38 | Olga 24 (ownerId:521855408 - pos <9302.175781, 30.341494, 5374.407715> - islocked:true - password:9102021) has been deleted
22-13-22 | Olga 24 (ownerId:442990275 - pos <6330.942383, 21.070757, 6803.548340> - islocked:true - password:42014201) new car claimed
22-13-22 | Olga 24 (ownerId:442990275 - pos <6330.942383, 21.070757, 6803.548340> - islocked:true - password:42014201) initialized
22-13-50 | Olga 24 (ownerId:442990275 - pos <6330.972656, 20.693537, 6803.538086> - islocked:false - password:42014201) has been deleted
23-11-9 | Robinson R22 Helicopter - Black (ownerId:88929178 - pos <13672.807617, 12.993437, 9993.309570> - islocked:true - password:371400) new car claimed
23-13-27 | Robinson R22 Helicopter - Black (ownerId:88929178 - pos <13672.807617, 12.993437, 9993.309570> - islocked:false - password:-1) new car claimed
23-14-17 | Robinson R22 Helicopter - Black (ownerId:88929178 - pos <13672.807617, 12.993437, 9993.309570> - islocked:true - password:78932100) new car claimed
23-15-28 | UH-60 Blackhawk - blackblackhawk (ownerId:88929178 - pos <13685.767578, 13.015454, 9974.781250> - islocked:true - password:371400) new car claimed
23-26-35 | STR_SCOUT_snik2_name (ownerId:88929178 - pos <12420.151367, 6.524581, 9930.543945> - islocked:false - password:371400) has been deleted
23-36-47 | STR_SCOUT_snik2_name (ownerId:88929178 - pos <4423.042480, 6.442513, 4608.492676> - islocked:true - password:371400) new car claimed
23-36-47 | STR_SCOUT_snik2_name (ownerId:88929178 - pos <4423.042480, 6.442513, 4608.492676> - islocked:true - password:371400) initialized
