Creation Time: 2023_4_22-12-0-56
12-0-56 | UH-60 Blackhawk Cargo (ownerId:980466132 - pos <1464.472046, 11.002503, 15309.209961> - islocked:true - password:22392239) initialized
12-0-56 | UH-60 Blackhawk - blackblackhawk (ownerId:195214598 - pos <8069.666992, 215.248932, 11834.370117> - islocked:true - password:89895252) initialized
12-0-56 | Bell 429 Helicopter (ownerId:195214598 - pos <8112.442871, 214.221100, 11880.533203> - islocked:true - password:52898952) initialized
12-0-56 | M3S Covered (ownerId:67657702 - pos <9798.914063, 3.634014, 7868.164063> - islocked:true - password:19944991) initialized
12-0-56 | Robinson R22 Helicopter (ownerId:940915030 - pos <9512.575195, 102.761200, 3733.148193> - islocked:true - password:11853737) initialized
12-0-56 | Sarka 120 (ownerId:940915030 - pos <9511.229492, 102.703049, 3751.684814> - islocked:true - password:11853737) initialized
12-0-56 | Robinson R22 Helicopter - Black (ownerId:34745177 - pos <9138.472656, 47.963455, 3793.885254> - islocked:false - password:67698687) initialized
12-0-56 | M3S Covered (ownerId:8156911 - pos <6232.800781, 5.800142, 9593.156250> - islocked:false - password:15500000) initialized
12-0-56 | Sarka 120 (ownerId:22592522 - pos <6232.373047, 5.531145, 9589.974609> - islocked:true - password:5210521) initialized
12-0-56 | Sarka 120 (ownerId:194642746 - pos <3356.849365, 20.406048, 6466.572266> - islocked:true - password:15474555) initialized
12-0-56 | Olga 24 (ownerId:944065078 - pos <7656.254883, 19.606810, 3866.164307> - islocked:true - password:97319731) initialized
12-0-56 | Sarka 120 (ownerId:944065078 - pos <7657.274414, 18.558372, 3870.744629> - islocked:true - password:25082508) initialized
12-0-56 | Ada 4x4 (ownerId:980466132 - pos <6800.919922, 39.178162, 1804.991089> - islocked:true - password:22392239) initialized
12-0-56 | Ada 4x4 (ownerId:62166080 - pos <6801.051758, 39.178257, 1800.987183> - islocked:true - password:22392239) initialized
12-0-56 | Olga 24 (ownerId:62166080 - pos <6795.439453, 39.125092, 1803.797729> - islocked:true - password:22392239) initialized
12-0-56 | Sarka 120 (ownerId:980466132 - pos <6795.106445, 39.738506, 1800.802979> - islocked:true - password:22392239) initialized
12-0-56 | M3S Covered (ownerId:62166080 - pos <6795.894043, 39.129295, 1808.995972> - islocked:false - password:22392239) initialized
12-0-56 | Robinson R22 Helicopter - Black (ownerId:62166080 - pos <6786.493164, 53.509369, 1834.474121> - islocked:true - password:22392239) initialized
12-0-56 | MH-6M Little Bird - Desert (ownerId:62166080 - pos <6773.009766, 54.240791, 1834.931885> - islocked:true - password:22392239) initialized
12-0-56 | UH-60 Blackhawk - blackblackhawk (ownerId:195214598 - pos <3224.051514, 7.616047, 1721.950806> - islocked:true - password:52528989) initialized
12-0-56 | Gunter 2 (ownerId:965259563 - pos <3734.643066, 5.683276, 2547.140137> - islocked:true - password:11367275) initialized
12-0-56 | Olga 24 (ownerId:965259563 - pos <3757.750977, 5.467785, 2553.035156> - islocked:true - password:11367275) initialized
12-0-56 | M3S Covered (ownerId:965259563 - pos <3757.232422, 5.599268, 2565.202393> - islocked:false - password:11367275) initialized
12-0-56 | Robinson R22 Helicopter (ownerId:965259563 - pos <3756.512451, 19.967381, 2601.171387> - islocked:true - password:11367275) initialized
12-0-56 | UH-60 Blackhawk - Woodland (ownerId:85319837 - pos <3985.974121, 16.854172, 3474.665039> - islocked:true - password:1111110) initialized
12-0-56 | M3S Covered (ownerId:944065078 - pos <7709.271973, 36.712147, 6078.281738> - islocked:false - password:25082508) initialized
12-0-56 | Robinson R22 Helicopter - Black (ownerId:980466132 - pos <7348.521973, 101.077187, 6033.944824> - islocked:true - password:22392239) initialized
12-0-56 | Robinson R22 Helicopter (ownerId:195214598 - pos <5671.535156, 33.241089, 5256.133301> - islocked:true - password:52528989) initialized
12-0-56 | Robinson R22 Helicopter - Red (ownerId:71319946 - pos <5674.667480, 33.922569, 5242.834473> - islocked:true - password:19944991) initialized
12-0-56 | Land Rover Defender 110 (ownerId:192139039 - pos <5446.166504, 6.454813, 4559.894043> - islocked:true - password:7161994) initialized
12-0-56 | Sarka 120 (ownerId:405166905 - pos <5545.550293, 13.821676, 4879.404297> - islocked:true - password:19910111) initialized
12-0-56 | M3S Covered (ownerId:108250772 - pos <5632.614746, 29.508301, 5422.646973> - islocked:true - password:78945612) initialized
12-0-56 | Olga 24 (ownerId:288122462 - pos <5668.080078, 28.909218, 5408.241211> - islocked:true - password:12011152) initialized
12-0-56 | Land Rover Defender 110 Red (ownerId:60592768 - pos <5678.934082, 29.278484, 5386.366211> - islocked:true - password:19651965) initialized
12-0-56 | Land Rover Defender 110 Red (ownerId:108250772 - pos <5627.019531, 29.278482, 5387.046387> - islocked:true - password:14725836) initialized
12-0-56 | Land Rover Defender 110 UN (ownerId:108250772 - pos <5622.215332, 29.278482, 5381.246582> - islocked:true - password:14725836) initialized
12-0-56 | Land Rover Defender 110 (ownerId:108250772 - pos <5625.816406, 29.278484, 5376.927734> - islocked:true - password:14725836) initialized
12-0-56 | Land Rover Defender 110 Green (ownerId:85319837 - pos <5617.498535, 29.278484, 5378.230957> - islocked:true - password:1111110) initialized
14-46-38 | Land Rover Defender 110 Green (ownerId:177737910 - pos <4710.075195, 20.940462, 4391.601563> - islocked:true - password:25792579) new car claimed
