Creation Time: 2023_6_5-18-0-54
18-0-54 | MH-6M Little Bird - Desert (ownerId:132652049 - pos <10045.665039, 8.208423, 1098.988281> - islocked:false - password:13579246) initialized
18-0-54 | YAR_87 Camo2  (ownerId:34611550 - pos <2479.800537, 18.704664, 13963.020508> - islocked:true - password:19892004) initialized
18-0-54 | STR_EGER_name (ownerId:980466132 - pos <3688.981689, 12.083292, 9772.874023> - islocked:true - password:22392239) initialized
18-0-54 | STR_Camaro_Lesnik_name (ownerId:442990275 - pos <1955.567749, 9.871473, 8871.879883> - islocked:false - password:42014201) initialized
18-0-54 | ToyotaHilux Camo (ownerId:442990275 - pos <1970.969360, 10.226633, 8862.417969> - islocked:true - password:42014201) initialized
18-0-54 | Ada 4x4 (ownerId:839735782 - pos <4959.762695, 15.152090, 8482.845703> - islocked:true - password:1051997) initialized
18-0-54 | Jeep Wrangler black  (ownerId:308099129 - pos <3929.318359, 12.055123, 7918.307129> - islocked:true - password:9131988) initialized
18-0-54 | M3S Covered (ownerId:86564395 - pos <4550.290527, 27.460188, 7875.549805> - islocked:false - password:59005900) initialized
18-0-54 | Olga 24 (ownerId:501895347 - pos <3569.563477, 21.127209, 6543.794434> - islocked:true - password:42775920) initialized
18-0-54 | Jeep Wrangler Blue (ownerId:34611550 - pos <4246.239258, 21.212746, 7292.730957> - islocked:true - password:19892004) initialized
18-0-54 | MH-6M Little Bird (ownerId:34611550 - pos <4271.984863, 21.744884, 7303.545410> - islocked:true - password:19892004) initialized
18-0-54 | MOSKVICH 2140 (ownerId:288122462 - pos <6883.863281, 34.121460, 5878.004883> - islocked:true - password:12321123) initialized
18-0-54 | Jeep Wrangler (ownerId:944065078 - pos <5667.188477, 29.418331, 5339.477051> - islocked:false - password:97319731) initialized
18-0-54 | Audi RS6 (ownerId:85319837 - pos <5682.030273, 33.497196, 5242.731934> - islocked:true - password:1111110) initialized
18-0-54 | MOSKVICH 2140 (ownerId:54276291 - pos <5440.751465, 6.829185, 4639.789063> - islocked:true - password:12348262) initialized
18-0-54 | UAZ_2315 Red (ownerId:405166905 - pos <3412.380127, 19.420731, 4543.567383> - islocked:true - password:1111991) initialized
18-0-54 | Sarka 120 (ownerId:144736642 - pos <7340.217773, 7.426158, 8406.367188> - islocked:true - password:41941941) initialized
18-0-54 | Robinson R22 Helicopter (ownerId:249230507 - pos <8092.914063, 13.178656, 9330.942383> - islocked:true - password:33333333) initialized
18-0-54 | M3S Covered (ownerId:249230507 - pos <8282.150391, 4.975659, 9352.204102> - islocked:true - password:33333333) initialized
18-0-54 | Olga 24 (ownerId:86564395 - pos <5683.289063, 5.538057, 9264.157227> - islocked:true - password:59005900) initialized
18-0-54 | MOSKVICH 2140 (ownerId:137318436 - pos <4304.500488, 3.855574, 4680.525391> - islocked:true - password:20090909) initialized
18-0-54 | LUAZ 969 black (ownerId:88929178 - pos <4146.072754, 4.054572, 4199.207031> - islocked:true - password:371400) initialized
18-0-54 | Olga 24 (ownerId:416867315 - pos <5378.852051, 74.598732, 3968.254150> - islocked:true - password:19993420) initialized
18-0-54 | ToyotaHilux White (ownerId:60592768 - pos <9560.010742, 4.309804, 5946.573242> - islocked:true - password:19651965) initialized
18-0-54 | LUAZ 969 black (ownerId:36527682 - pos <7718.376953, 36.262550, 6068.660645> - islocked:true - password:93991005) initialized
18-0-54 | Olga 24 (ownerId:369601190 - pos <6538.859375, 3.395558, 1418.787109> - islocked:true - password:80081355) initialized
19-29-55 | Olga 24 (ownerId:442990275 - pos <5660.087891, 29.007351, 5400.793457> - islocked:true - password:42014201) new car claimed
19-29-55 | Olga 24 (ownerId:442990275 - pos <5660.087891, 29.007351, 5400.793457> - islocked:true - password:42014201) initialized
21-41-54 | Olga 24 (ownerId:442990275 - pos <1971.340210, 9.483191, 8867.222656> - islocked:false - password:42014201) has been deleted
22-10-47 | Olga 24 (ownerId:369601190 - pos <3569.656006, 27.574221, 7250.712402> - islocked:false - password:80081355) has been deleted
22-12-38 | MH-6M Little Bird - Camo (ownerId:369601190 - pos <3569.061279, 27.550138, 7253.654297> - islocked:true - password:80081355) new car claimed
