Creation Time: 2023_7_15-6-0-50
6-0-50 | Gunter 2 (ownerId:48698262 - pos <1999.855591, 9.873892, 9051.088867> - islocked:true - password:48151623) initialized
6-0-50 | UAZ 3909 Police (ownerId:60592768 - pos <3231.902100, 3.498168, 1731.627441> - islocked:true - password:13121312) initialized
6-0-50 | Offroad Range Rover police  (ownerId:60592768 - pos <3237.332275, 3.228037, 1732.458374> - islocked:true - password:13121312) initialized
6-0-50 | STR_Camaro_Nest_name (ownerId:60592768 - pos <3239.625244, 3.116042, 1718.416260> - islocked:true - password:13121312) initialized
6-0-50 | Nissan warrior Camo (ownerId:48698262 - pos <2975.794678, 9.584899, 6059.806152> - islocked:true - password:48151623) initialized
6-0-50 | Sarka 120 (ownerId:132652049 - pos <5035.536133, 12.430240, 9082.862305> - islocked:true - password:9021997) initialized
6-0-50 | Sarka 120 (ownerId:119311623 - pos <4261.586914, 21.031147, 7257.077148> - islocked:true - password:7101993) initialized
6-0-50 | Gunter 2 (ownerId:218588421 - pos <3805.960938, 7.084189, 5910.309082> - islocked:true - password:3081984) initialized
6-0-50 | UAZ 3909 Beige (ownerId:795695470 - pos <5659.828125, 29.497898, 5419.416504> - islocked:true - password:8031991) initialized
6-0-50 | STR_EGER_GreenCamo_name (ownerId:197257182 - pos <5599.648438, 29.765179, 5347.071777> - islocked:true - password:48151623) initialized
6-0-50 | Ada 4x4 (ownerId:442990275 - pos <5664.242676, 33.550503, 5255.815430> - islocked:true - password:42014201) initialized
6-0-50 | STR_EGER_GreenCamo_name (ownerId:523991778 - pos <5898.609375, 37.097755, 5221.807617> - islocked:false - password:22392239) initialized
6-0-50 | Ada 4x4 (ownerId:523991778 - pos <5904.842773, 36.653259, 5221.790039> - islocked:true - password:22392239) initialized
6-0-50 | STR_SCOUT_snik2_name (ownerId:442990275 - pos <5678.236816, 33.455360, 5271.171387> - islocked:true - password:37579090) initialized
6-0-50 | Robinson R22 Helicopter - Black (ownerId:88929178 - pos <4442.770996, 6.371059, 4634.955078> - islocked:true - password:78932100) initialized
6-0-50 | Audi RS6 (ownerId:442990275 - pos <5675.037109, 33.200249, 5273.432617> - islocked:true - password:37579090) initialized
6-0-50 | M3S Covered (ownerId:442990275 - pos <5671.302246, 33.612152, 5274.428223> - islocked:true - password:42014201) initialized
6-0-50 | UH-60 Blackhawk - blackblackhawk (ownerId:88929178 - pos <4425.668457, 11.963492, 4604.787598> - islocked:true - password:371400) initialized
6-0-50 | STR_SCOUT_snik2_name (ownerId:88929178 - pos <4425.311523, 6.939327, 4607.034668> - islocked:true - password:371400) initialized
9-13-4 | Ada 4x4 (ownerId:442990275 - pos <8307.478516, 5.494367, 8898.485352> - islocked:false - password:42014201) has been deleted
9-13-18 | Ada 4x4 (ownerId:369601190 - pos <8313.869141, 5.430000, 8901.046875> - islocked:true - password:42014201) new car claimed
9-13-18 | Ada 4x4 (ownerId:369601190 - pos <8313.869141, 5.430000, 8901.046875> - islocked:true - password:42014201) initialized
10-22-18 | Gaz 71 (ownerId:407766611 - pos <10074.472656, 21.784817, 11009.403320> - islocked:true - password:55555552) new car claimed
10-23-33 | SCOUT (ownerId:407766611 - pos <10051.312500, 21.789446, 10998.836914> - islocked:true - password:55555552) new car claimed
10-25-29 | Fennek BIOHAZARD (ownerId:407766611 - pos <10029.840820, 21.769283, 10989.597656> - islocked:true - password:55555552) new car claimed
10-27-29 | Ford Raptor (ownerId:407766611 - pos <10003.794922, 21.742428, 10978.447266> - islocked:true - password:55555552) new car claimed
10-28-26 | MUSTANG (ownerId:407766611 - pos <9982.591797, 21.859741, 10969.996094> - islocked:true - password:55555552) new car claimed
10-29-26 | Chevrolet Corvette Yellow (ownerId:407766611 - pos <9959.823242, 21.743883, 10960.121094> - islocked:true - password:55555552) new car claimed
