Creation Time: 2023_6_2-12-0-48
12-0-48 | MH-6M Little Bird - Desert (ownerId:132652049 - pos <10045.665039, 8.208423, 1098.988281> - islocked:false - password:13579246) initialized
12-0-48 | Robinson R22 Helicopter (ownerId:249230507 - pos <15721.811523, 39.998276, 4669.204590> - islocked:true - password:33333333) initialized
12-0-48 | Olga 24 (ownerId:442990275 - pos <11667.243164, 6.122774, 2074.085693> - islocked:true - password:42014201) initialized
12-0-48 | Sarka 120 (ownerId:144736642 - pos <7340.157227, 7.426142, 8406.083984> - islocked:true - password:41941941) initialized
12-0-48 | ToyotaHilux White (ownerId:60592768 - pos <9561.331055, 4.365133, 5943.981934> - islocked:true - password:19651965) initialized
12-0-48 | LUAZ 969 black (ownerId:36527682 - pos <7718.376953, 36.262554, 6068.660645> - islocked:true - password:93991005) initialized
12-0-48 | MOSKVICH 2140 (ownerId:288122462 - pos <6883.863281, 34.121437, 5878.004883> - islocked:true - password:12321123) initialized
12-0-48 | Jeep Wrangler black  (ownerId:308099129 - pos <6291.463379, 44.199211, 3068.584473> - islocked:true - password:9131988) initialized
12-0-48 | Olga 24 (ownerId:442990275 - pos <4432.085938, 5.423585, 2870.046387> - islocked:false - password:42014201) initialized
12-0-48 | Ada 4x4 (ownerId:839735782 - pos <5856.946289, 44.949047, 4892.954102> - islocked:true - password:1051997) initialized
12-0-48 | Jeep Wrangler Blue (ownerId:34611550 - pos <5661.262695, 28.292561, 5477.320313> - islocked:true - password:19892004) initialized
12-0-48 | Jeep Wrangler (ownerId:944065078 - pos <5667.188477, 29.415352, 5339.476563> - islocked:false - password:97319731) initialized
12-0-48 | Audi RS6 (ownerId:85319837 - pos <5681.894043, 33.506680, 5242.674805> - islocked:true - password:1111110) initialized
12-0-48 | Olga 24 (ownerId:501895347 - pos <5602.786621, 29.403196, 5348.327148> - islocked:true - password:42775920) initialized
12-0-48 | MOSKVICH 2140 (ownerId:54276291 - pos <5440.437500, 6.844820, 4639.798340> - islocked:true - password:12348262) initialized
12-0-48 | LUAZ 969 black (ownerId:88929178 - pos <4143.031250, 4.151600, 4199.630859> - islocked:true - password:371400) initialized
12-0-48 | MOSKVICH 2140 (ownerId:137318436 - pos <4304.500488, 3.855564, 4680.526367> - islocked:true - password:20090909) initialized
12-0-48 | UAZ_2315 Red (ownerId:405166905 - pos <3412.403076, 19.420704, 4543.576172> - islocked:true - password:1111991) initialized
12-0-48 | YAR_87 Camo2  (ownerId:34611550 - pos <4250.132324, 21.640238, 7294.568359> - islocked:true - password:19892004) initialized
12-0-48 | Olga 24 (ownerId:86564395 - pos <4548.570801, 27.188723, 7861.850586> - islocked:true - password:59005900) initialized
12-0-48 | Olga 24 (ownerId:442990275 - pos <1974.358276, 10.094153, 8857.602539> - islocked:true - password:42014201) initialized
12-0-48 | SCOUT Black (ownerId:442990275 - pos <1973.155884, 10.182560, 8862.458984> - islocked:true - password:42014201) initialized
12-0-48 | ToyotaHilux Camo (ownerId:369601190 - pos <3622.986328, 14.315719, 8938.760742> - islocked:true - password:80081355) initialized
14-20-18 | Olga 24 (ownerId:369601190 - pos <2762.437012, 22.750000, 3561.053223> - islocked:true - password:4031965) new car claimed
14-20-18 | Olga 24 (ownerId:369601190 - pos <2762.437012, 22.750000, 3561.053223> - islocked:true - password:4031965) initialized
14-21-37 | Olga 24 (ownerId:369601190 - pos <2768.150635, 22.518192, 3566.555176> - islocked:false - password:4031965) has been deleted
15-43-7 | ToyotaHilux Camo (ownerId:369601190 - pos <5596.256836, 28.714741, 5361.062988> - islocked:false - password:80081355) has been deleted
15-45-32 | Range Rover JungleCamo (ownerId:369601190 - pos <5602.934082, 28.690390, 5355.744141> - islocked:true - password:80081355) new car claimed
15-46-7 | Range Rover JungleCamo (ownerId:369601190 - pos <5602.934082, 28.690390, 5355.744141> - islocked:false - password:80081355) has been deleted
15-46-58 |  Camper Red (ownerId:369601190 - pos <5598.530762, 28.821125, 5359.480957> - islocked:true - password:80081355) new car claimed
15-47-54 |  Camper Red (ownerId:369601190 - pos <5598.530762, 28.821125, 5359.480957> - islocked:false - password:80081355) has been deleted
15-48-58 | Ford Raptor Red (ownerId:369601190 - pos <5605.876953, 28.701439, 5355.613281> - islocked:true - password:80081355) new car claimed
15-49-35 | Ford Raptor Red (ownerId:369601190 - pos <5605.876953, 28.701439, 5355.613281> - islocked:false - password:80081355) has been deleted
15-50-13 | SUV (ownerId:369601190 - pos <5599.039551, 28.713463, 5359.571777> - islocked:true - password:80081355) new car claimed
16-21-57 | MH-6M Little Bird (ownerId:34611550 - pos <4268.597168, 20.765949, 7305.674805> - islocked:true - password:19892004) new car claimed
16-21-57 | MH-6M Little Bird (ownerId:34611550 - pos <4268.597168, 20.765959, 7305.674805> - islocked:true - password:19892004) initialized
17-33-0 | SUV (ownerId:369601190 - pos <3116.543945, 11.453489, 8772.092773> - islocked:false - password:80081355) has been deleted
17-47-32 | STR_EGER_name (ownerId:980466132 - pos <5012.886230, 11.634051, 9069.298828> - islocked:true - password:22392239) new car claimed
