Creation Time: 2023_5_19-12-0-57
12-0-57 | Jeep Wrangler black  (ownerId:132652049 - pos <10786.249023, 3.303207, 3262.110596> - islocked:true - password:17392468) initialized
12-0-57 | MBB Bo-105m Helicopter - blackcamo (ownerId:132652049 - pos <10845.917969, 3.627495, 3274.582520> - islocked:true - password:86753099) initialized
12-0-57 | MH-6M Little Bird (ownerId:89279995 - pos <4268.945313, 21.848576, 7305.665039> - islocked:false - password:20090909) initialized
12-0-57 | STR_Camaro_Nest_name (ownerId:137318436 - pos <4251.994629, 20.983667, 7299.957520> - islocked:true - password:20090909) initialized
12-0-57 | Offroad Range Rover police  (ownerId:6938606 - pos <4247.775391, 21.095659, 7296.859863> - islocked:true - password:20090909) initialized
12-0-57 | MOSKVICH 2140 (ownerId:419387242 - pos <6922.935547, 42.668816, 2336.698730> - islocked:true - password:58625862) initialized
12-0-57 | MOSKVICH 2140 (ownerId:944065078 - pos <5638.228027, 29.016647, 5359.971680> - islocked:true - password:97319731) initialized
12-0-57 |  Novator (ownerId:980466132 - pos <5631.721191, 29.534304, 5380.046387> - islocked:true - password:22392239) initialized
12-0-57 | Ford Raptor Red (ownerId:157174770 - pos <5643.858398, 29.116261, 5371.020508> - islocked:true - password:19892004) initialized
12-0-57 | LUAZ 969 rust (ownerId:88929178 - pos <5628.406738, 29.291824, 5419.655762> - islocked:true - password:371400) initialized
12-0-57 | Olga 24 (ownerId:108250772 - pos <5666.770996, 29.308735, 5390.467285> - islocked:true - password:12345678) initialized
12-0-57 | LUAZ 969 (ownerId:442990275 - pos <5642.614258, 28.801264, 5429.069824> - islocked:true - password:37579090) initialized
12-0-57 | MOSKVICH 2140 (ownerId:304057481 - pos <6950.713867, 14.669973, 5719.612793> - islocked:true - password:42687931) initialized
12-0-57 | UAZ 3909 Khaki1 (ownerId:36527682 - pos <7711.130859, 36.503822, 6082.986816> - islocked:true - password:93991005) initialized
12-0-57 | Ford Raptor Green (ownerId:980466132 - pos <9779.513672, 36.144283, 5602.025879> - islocked:false - password:22392239) initialized
13-10-40 | Ford Raptor Green (ownerId:980466132 - pos <5602.383789, 28.653442, 5360.075684> - islocked:false - password:-1) new car claimed
13-15-46 | Cougar Camo kamo (ownerId:980466132 - pos <5604.787598, 28.611317, 5356.004883> - islocked:true - password:22392239) new car claimed
13-46-57 |  Novator (ownerId:980466132 - pos <5631.611816, 28.731071, 5379.959961> - islocked:true - password:22392239) has been deleted
13-51-53 | Cougar (Fox) (ownerId:980466132 - pos <5621.652832, 28.583998, 5377.520508> - islocked:true - password:22392239) new car claimed
