Creation Time: 2023_7_17-12-0-48
12-0-48 | Offroad Range Rover Yellow  (ownerId:103808025 - pos <7697.143066, 37.244259, 6075.500977> - islocked:true - password:55677777) initialized
12-0-48 | MOSKVICH 2140 (ownerId:882346394 - pos <6656.562988, 15.562324, 6329.310059> - islocked:true - password:42091103) initialized
12-0-48 | Robinson R22 Helicopter - Black (ownerId:523450192 - pos <7249.653320, 225.471207, 11615.188477> - islocked:true - password:22392239) initialized
12-0-48 | MUSTANG Red (ownerId:407766611 - pos <9997.804688, 22.648693, 11025.042969> - islocked:false - password:55555552) initialized
12-0-48 | LUAZ 969 red (ownerId:405166905 - pos <6717.172852, 20.535618, 1700.226196> - islocked:true - password:11111111) initialized
12-0-48 | SCOUT Black (ownerId:442990275 - pos <1440.194092, 3.087123, 6770.021484> - islocked:true - password:37579090) initialized
12-0-48 | Offroad Range Rover police  (ownerId:60592768 - pos <3235.147705, 3.228037, 1724.893188> - islocked:true - password:13121312) initialized
12-0-48 | STR_Camaro_Nest_name (ownerId:60592768 - pos <3245.895752, 3.116042, 1751.001831> - islocked:true - password:13121312) initialized
12-0-48 | UAZ 3909 Police (ownerId:60592768 - pos <3231.902100, 3.497946, 1731.628784> - islocked:true - password:13121312) initialized
12-0-48 | Nissan warrior Camo (ownerId:48698262 - pos <2791.422363, 69.701775, 4663.903809> - islocked:true - password:48151623) initialized
12-0-48 |  Novator Flecktarn (ownerId:48698262 - pos <2795.266357, 69.814308, 4663.068359> - islocked:true - password:48151623) initialized
12-0-48 | Oshkosh (ownerId:197257182 - pos <2799.743652, 69.918594, 4662.979004> - islocked:true - password:48151623) initialized
12-0-48 | STR_EGER_GreenCamo_name (ownerId:197257182 - pos <2774.559570, 70.024002, 4666.656250> - islocked:true - password:48151623) initialized
12-0-48 | Olga 24 (ownerId:526094573 - pos <3505.439697, 3.378742, 3317.119629> - islocked:true - password:77899511) initialized
12-0-48 | Sarka 120 (ownerId:119311623 - pos <3402.769531, 23.241320, 6189.963867> - islocked:true - password:7101993) initialized
12-0-48 | Gunter 2 (ownerId:218588421 - pos <3803.666504, 7.131082, 5908.632324> - islocked:true - password:3081984) initialized
12-0-48 | UH-60 Blackhawk - blackblackhawk (ownerId:88929178 - pos <4427.780762, 11.961801, 4605.452148> - islocked:true - password:371400) initialized
12-0-48 | STR_SCOUT_snik2_name (ownerId:88929178 - pos <4423.630859, 6.897037, 4606.902344> - islocked:true - password:371400) initialized
12-0-48 | UAZ 3909 Beige (ownerId:795695470 - pos <5623.574707, 29.497896, 5350.218262> - islocked:true - password:8031991) initialized
12-0-48 | Velociraptor6x6 Camo2  (ownerId:407766611 - pos <5626.738281, 29.525606, 5374.709961> - islocked:true - password:55555552) initialized
12-0-48 | ToyotaHilux rust (ownerId:526094573 - pos <5671.316895, 33.671684, 5277.231934> - islocked:true - password:77899511) initialized
12-0-48 | MH-6M Little Bird - Camo (ownerId:132652049 - pos <5679.368652, 30.092627, 5388.674805> - islocked:true - password:9021997) initialized
12-0-48 | UAZ_2315 Red (ownerId:369601190 - pos <5664.571777, 28.782200, 5463.496094> - islocked:true - password:45645645) initialized
12-0-48 | Ada 4x4 (ownerId:369601190 - pos <5668.542480, 29.263424, 5470.099121> - islocked:true - password:42014201) initialized
12-0-48 | STR_EGER_GreenCamo_name (ownerId:523991778 - pos <5899.112305, 37.135593, 5221.917480> - islocked:true - password:22392239) initialized
12-0-48 | Toyota Land Cruiser 200 Camo2  (ownerId:523450192 - pos <5904.398438, 37.152115, 5221.838379> - islocked:true - password:22392239) initialized
12-0-48 | Gunter 2 (ownerId:48698262 - pos <1999.865967, 9.873890, 9051.088867> - islocked:true - password:48151623) initialized
12-0-48 | Oshkosh grey (ownerId:64819467 - pos <4275.675293, 21.358603, 7271.527344> - islocked:true - password:7101993) initialized
12-0-48 | Toyota Land Cruiser 200 Camo (ownerId:119311623 - pos <4269.518555, 21.010029, 7264.750488> - islocked:true - password:7101993) initialized
12-0-48 | BMW X5 Flecktarn (ownerId:53415379 - pos <4262.794434, 20.914970, 7258.721191> - islocked:true - password:7101993) initialized
12-58-7 | Robinson R22 Helicopter - Black (ownerId:523450192 - pos <5891.484375, 40.628273, 5228.780273> - islocked:true - password:22392239) has been deleted
13-6-21 | MH-6M Little Bird - Camo (ownerId:523450192 - pos <5891.206055, 40.486797, 5228.797852> - islocked:true - password:22392239) new car claimed
13-39-31 | UH-60 Blackhawk - Budhawk (ownerId:369601190 - pos <8235.432617, 148.433640, 12134.179688> - islocked:true - password:54879586) new car claimed
13-52-40 | UAZ_2315 Red (ownerId:369601190 - pos <8292.337891, 159.245758, 12264.298828> - islocked:false - password:45645645) has been deleted
13-56-6 | UAZ_2315 Red (ownerId:369601190 - pos <5659.549805, 33.636078, 5239.940430> - islocked:true - password:45645645) new car claimed
13-56-6 | UAZ_2315 Red (ownerId:369601190 - pos <5659.549805, 33.636078, 5239.940430> - islocked:true - password:45645645) initialized
14-39-36 | Eurocopter EC135 Helicopter - BlackCamo (ownerId:407766611 - pos <5672.343262, 73.998711, 3631.419434> - islocked:true - password:85285264) new car claimed
15-8-9 | Eurocopter EC135 Helicopter - BlackCamo (ownerId:407766611 - pos <5672.342773, 73.998444, 3631.418457> - islocked:true - password:85285264) has been deleted
15-12-29 | Eurocopter EC135 Helicopter - BlackCamo (ownerId:407766611 - pos <5662.605957, 73.998711, 3630.280518> - islocked:true - password:85285264) new car claimed
15-46-42 | Eurocopter EC135 Helicopter - BlackCamo (ownerId:407766611 - pos <5662.605957, 73.998711, 3630.280518> - islocked:true - password:85285264) has been deleted
