Creation Time: 2023_6_8-12-0-49
12-0-49 | YAR_87 Camo2  (ownerId:34611550 - pos <2479.792969, 18.702969, 13963.011719> - islocked:true - password:19892004) initialized
12-0-49 | MH-6M Little Bird - Desert (ownerId:132652049 - pos <10045.665039, 8.208423, 1098.988281> - islocked:false - password:13579246) initialized
12-0-49 | ToyotaHilux Camo (ownerId:442990275 - pos <7248.803223, 25.022577, 1970.907227> - islocked:true - password:42014201) initialized
12-0-49 | M3S Covered (ownerId:249230507 - pos <8282.179688, 5.025836, 9352.268555> - islocked:true - password:33333333) initialized
12-0-49 | Robinson R22 Helicopter (ownerId:249230507 - pos <8092.914063, 13.178654, 9330.942383> - islocked:true - password:33333333) initialized
12-0-49 | STR_EGER_name (ownerId:980466132 - pos <3688.993896, 12.084892, 9772.874023> - islocked:true - password:22392239) initialized
12-0-49 | ToyotaHilux White (ownerId:60592768 - pos <9560.017578, 4.309831, 5946.570801> - islocked:true - password:19651965) initialized
12-0-49 | LUAZ 969 black (ownerId:36527682 - pos <7718.376953, 36.262547, 6068.660645> - islocked:true - password:93991005) initialized
12-0-49 | Sarka 120 (ownerId:144736642 - pos <7340.216797, 7.426162, 8406.367188> - islocked:true - password:41941941) initialized
12-0-49 | Ada 4x4 (ownerId:839735782 - pos <4959.782715, 15.150923, 8482.845703> - islocked:true - password:1051997) initialized
12-0-49 | UAZ_2315 Red (ownerId:405166905 - pos <5947.331543, 14.544439, 8610.933594> - islocked:true - password:1111991) initialized
12-0-49 | Olga 24 (ownerId:86564395 - pos <5683.289063, 5.538049, 9264.157227> - islocked:true - password:59005900) initialized
12-0-49 | STR_Camaro_Lesnik_name (ownerId:442990275 - pos <1956.198486, 9.871473, 8872.093750> - islocked:true - password:42014201) initialized
12-0-49 | Jeep Wrangler black  (ownerId:308099129 - pos <3929.318359, 12.055122, 7918.307129> - islocked:true - password:9131988) initialized
12-0-49 | M3S Covered (ownerId:86564395 - pos <4550.290527, 27.460157, 7875.549805> - islocked:false - password:59005900) initialized
12-0-49 | Jeep Wrangler Blue (ownerId:34611550 - pos <4246.239258, 21.212746, 7292.730957> - islocked:true - password:19892004) initialized
12-0-49 | MH-6M Little Bird (ownerId:34611550 - pos <4271.984863, 21.744884, 7303.545410> - islocked:true - password:19892004) initialized
12-0-49 | MOSKVICH 2140 (ownerId:288122462 - pos <6883.863281, 34.121441, 5878.004883> - islocked:true - password:12321123) initialized
12-0-49 | Jeep Wrangler (ownerId:944065078 - pos <5667.188477, 29.420038, 5339.477051> - islocked:false - password:97319731) initialized
12-0-49 | Audi RS6 (ownerId:85319837 - pos <5682.034180, 33.497402, 5242.730469> - islocked:true - password:1111110) initialized
12-0-49 | Olga 24 (ownerId:416867315 - pos <5378.852539, 74.598717, 3968.254150> - islocked:true - password:19993420) initialized
12-0-49 | MOSKVICH 2140 (ownerId:54276291 - pos <5440.941406, 6.814888, 4639.778809> - islocked:true - password:12348262) initialized
12-0-49 | Olga 24 (ownerId:501895347 - pos <3569.568359, 21.127110, 6543.797852> - islocked:true - password:42775920) initialized
12-0-49 | Olga 24 (ownerId:405166905 - pos <3425.020752, 23.085611, 6115.207520> - islocked:true - password:1111991) initialized
12-0-49 | MOSKVICH 2140 (ownerId:137318436 - pos <4304.500000, 3.855569, 4680.525391> - islocked:true - password:20090909) initialized
12-0-49 | LUAZ 969 black (ownerId:88929178 - pos <4146.071289, 4.054607, 4199.206055> - islocked:true - password:371400) initialized
12-0-49 | MH-6M Little Bird - Camo (ownerId:369601190 - pos <2915.861328, 23.747456, 3605.303711> - islocked:true - password:80081355) initialized
