Creation Time: 2023_6_4-12-0-51
12-0-51 | MH-6M Little Bird - Camo (ownerId:369601190 - pos <5655.462402, 34.770355, 5234.257324> - islocked:true - password:80081355) initialized
12-0-51 | Jeep Wrangler (ownerId:944065078 - pos <5667.188477, 29.417362, 5339.477051> - islocked:false - password:97319731) initialized
12-0-51 | Olga 24 (ownerId:86564395 - pos <5602.389648, 29.308737, 5358.732910> - islocked:true - password:59005900) initialized
12-0-51 | SCOUT Black (ownerId:442990275 - pos <5680.002441, 33.474152, 5270.366211> - islocked:true - password:42014201) initialized
12-0-51 | Audi RS6 (ownerId:85319837 - pos <5681.896484, 33.506790, 5242.673340> - islocked:true - password:1111110) initialized
12-0-51 | Ada 4x4 (ownerId:839735782 - pos <5860.714355, 44.855957, 4895.188965> - islocked:true - password:1051997) initialized
12-0-51 | MOSKVICH 2140 (ownerId:288122462 - pos <6883.863281, 34.121433, 5878.004883> - islocked:true - password:12321123) initialized
12-0-51 | MOSKVICH 2140 (ownerId:54276291 - pos <5440.624023, 6.836094, 4639.792480> - islocked:true - password:12348262) initialized
12-0-51 | Olga 24 (ownerId:416867315 - pos <5378.852051, 74.598740, 3968.254395> - islocked:true - password:19993420) initialized
12-0-51 | MOSKVICH 2140 (ownerId:137318436 - pos <4304.500488, 3.855545, 4680.525391> - islocked:true - password:20090909) initialized
12-0-51 | LUAZ 969 black (ownerId:88929178 - pos <4142.233398, 4.172172, 4201.198242> - islocked:true - password:371400) initialized
12-0-51 | Olga 24 (ownerId:501895347 - pos <4610.573730, 21.083994, 6977.150879> - islocked:false - password:42775920) initialized
12-0-51 | MH-6M Little Bird - Desert (ownerId:132652049 - pos <10045.665039, 8.208422, 1098.988281> - islocked:false - password:13579246) initialized
12-0-51 | Robinson R22 Helicopter (ownerId:249230507 - pos <15721.623047, 39.986488, 4669.127930> - islocked:true - password:33333333) initialized
12-0-51 | YAR_87 Camo2  (ownerId:34611550 - pos <2479.806641, 18.706678, 13963.032227> - islocked:true - password:19892004) initialized
12-0-51 | Olga 24 (ownerId:442990275 - pos <1974.362183, 10.094159, 8857.602539> - islocked:true - password:42014201) initialized
12-0-51 | STR_EGER_name (ownerId:980466132 - pos <3688.976807, 12.082634, 9772.874023> - islocked:true - password:22392239) initialized
12-0-51 | Jeep Wrangler black  (ownerId:308099129 - pos <3929.318359, 12.055122, 7918.307129> - islocked:true - password:9131988) initialized
12-0-51 | MH-6M Little Bird (ownerId:34611550 - pos <4271.984863, 21.744884, 7303.545410> - islocked:true - password:19892004) initialized
12-0-51 | Jeep Wrangler Blue (ownerId:34611550 - pos <4246.239258, 21.212748, 7292.730957> - islocked:true - password:19892004) initialized
12-0-51 | LUAZ 969 black (ownerId:36527682 - pos <7718.376953, 36.262547, 6068.660645> - islocked:true - password:93991005) initialized
12-0-51 | ToyotaHilux White (ownerId:60592768 - pos <9561.148438, 4.352575, 5944.466309> - islocked:true - password:19651965) initialized
12-0-51 | UAZ_2315 Red (ownerId:405166905 - pos <3412.390137, 19.420713, 4543.568848> - islocked:true - password:1111991) initialized
12-0-51 | Sarka 120 (ownerId:144736642 - pos <7340.155273, 7.426162, 8406.083984> - islocked:true - password:41941941) initialized
12-17-58 | M3S Covered (ownerId:86564395 - pos <4555.793457, 26.889982, 7876.715332> - islocked:true - password:59005900) new car claimed
12-17-58 | M3S Covered (ownerId:86564395 - pos <4555.793457, 26.881874, 7876.715332> - islocked:true - password:59005900) initialized
12-44-47 | Olga 24 (ownerId:86564395 - pos <13555.818359, 30.677410, 6186.301758> - islocked:false - password:59005900) has been deleted
12-44-57 | Olga 24 (ownerId:86564395 - pos <13559.015625, 30.899000, 6182.537598> - islocked:true - password:59005900) new car claimed
12-44-57 | Olga 24 (ownerId:86564395 - pos <13559.015625, 30.899000, 6182.537598> - islocked:true - password:59005900) initialized
16-35-59 | SCOUT Black (ownerId:442990275 - pos <5692.819336, 33.451149, 5291.056641> - islocked:false - password:42014201) has been deleted
16-37-20 | Kraz 6322 (ownerId:442990275 - pos <5609.999512, 28.811518, 5354.244141> - islocked:true - password:42014201) new car claimed
16-42-48 | Kraz 6322 (ownerId:442990275 - pos <5610.049316, 28.811346, 5354.075684> - islocked:false - password:42014201) has been deleted
16-44-28 | MotorHome woodland (ownerId:442990275 - pos <5611.803223, 28.924688, 5353.699707> - islocked:true - password:42014201) new car claimed
16-45-39 | MotorHome woodland (ownerId:442990275 - pos <5611.803223, 28.924688, 5353.699707> - islocked:false - password:42014201) has been deleted
16-46-43 | URAL 4320 KUNG (ownerId:442990275 - pos <5609.973145, 28.840950, 5354.293945> - islocked:true - password:42014201) new car claimed
17-12-51 | HAMMER_H1 camo (ownerId:442990275 - pos <5611.860352, 28.785652, 5353.655273> - islocked:true - password:42014201) new car claimed
17-13-22 | HAMMER_H1 camo (ownerId:442990275 - pos <5611.860352, 28.785652, 5353.655273> - islocked:false - password:42014201) has been deleted
17-13-53 | STR_EGER_GreenCamo_name (ownerId:442990275 - pos <5609.547363, 28.751019, 5354.251953> - islocked:true - password:42014201) new car claimed
17-14-33 | STR_EGER_GreenCamo_name (ownerId:442990275 - pos <5609.547363, 28.751019, 5354.251953> - islocked:false - password:42014201) has been deleted
17-15-51 | GAZ 66 black Onboard (ownerId:442990275 - pos <5610.767090, 28.713652, 5354.217285> - islocked:true - password:42014201) new car claimed
17-16-27 | GAZ 66 black Onboard (ownerId:442990275 - pos <5610.767090, 28.713652, 5354.217285> - islocked:false - password:42014201) has been deleted
17-17-7 | URAL 4320 (ownerId:442990275 - pos <5610.403320, 28.815052, 5353.701660> - islocked:true - password:42014201) new car claimed
17-18-9 | Conqueror kamo1 (ownerId:442990275 - pos <5609.000977, 28.830509, 5353.986816> - islocked:true - password:42014201) new car claimed
17-18-37 | Conqueror kamo1 (ownerId:442990275 - pos <5609.000977, 28.830509, 5353.986816> - islocked:true - password:42014201) has been deleted
17-19-36 | STR_Camaro_Lesnik_name (ownerId:442990275 - pos <5609.647949, 28.771307, 5354.061523> - islocked:true - password:42014201) new car claimed
17-21-7 | ToyotaHilux Camo (ownerId:442990275 - pos <5679.733398, 32.708618, 5269.012207> - islocked:true - password:42014201) new car claimed
