Creation Time: 2023_4_17-0-0-48
0-0-48 | M3S Covered (ownerId:965259563 - pos <10790.105469, 2.641837, 3191.670654> - islocked:true - password:11367275) initialized
0-0-48 | M3S Covered (ownerId:67657702 - pos <10219.406250, 20.348602, 7929.169434> - islocked:false - password:19944991) initialized
0-0-48 | Robinson R22 Helicopter - Black (ownerId:34745177 - pos <9138.437500, 47.911049, 3793.752441> - islocked:false - password:67698687) initialized
0-0-48 | Sarka 120 (ownerId:940915030 - pos <9511.229492, 102.703102, 3751.685059> - islocked:true - password:11853737) initialized
0-0-48 | Robinson R22 Helicopter (ownerId:940915030 - pos <9512.575195, 102.761208, 3733.148193> - islocked:true - password:11853737) initialized
0-0-48 | Robinson R22 Helicopter - Black (ownerId:116364714 - pos <7648.384277, 19.425751, 3884.122070> - islocked:true - password:25082508) initialized
0-0-48 | Olga 24 (ownerId:944065078 - pos <7657.513184, 19.194611, 3870.318359> - islocked:true - password:97319731) initialized
0-0-48 | M3S Covered (ownerId:62166080 - pos <6796.641602, 39.129299, 1808.626587> - islocked:true - password:22392239) initialized
0-0-48 | Ada 4x4 (ownerId:980466132 - pos <6800.919922, 39.178162, 1804.989380> - islocked:true - password:22392239) initialized
0-0-48 | Olga 24 (ownerId:62166080 - pos <6795.728027, 39.125668, 1803.794922> - islocked:true - password:22392239) initialized
0-0-48 | Ada 4x4 (ownerId:62166080 - pos <6800.196777, 39.178280, 1802.475952> - islocked:false - password:22392239) initialized
0-0-48 | UH-60 Blackhawk Cargo (ownerId:980466132 - pos <6788.703613, 38.911293, 1852.752808> - islocked:true - password:22392239) initialized
0-0-48 | Robinson R22 Helicopter - Black (ownerId:62166080 - pos <6770.633301, 53.509369, 1835.195801> - islocked:true - password:22392239) initialized
0-0-48 | MH-6M Little Bird - Desert (ownerId:62166080 - pos <6783.229492, 54.240791, 1835.152222> - islocked:true - password:22392239) initialized
0-0-48 | Olga 24 (ownerId:965259563 - pos <3746.980469, 5.595251, 2565.996094> - islocked:true - password:11367275) initialized
0-0-48 | Gunter 2 (ownerId:965259563 - pos <3748.300537, 5.650943, 2573.676514> - islocked:true - password:11367275) initialized
0-0-48 | Robinson R22 Helicopter (ownerId:965259563 - pos <4428.253906, 6.180676, 2904.960938> - islocked:true - password:11367275) initialized
0-0-48 | Bell 429 Helicopter (ownerId:88929178 - pos <4501.654785, 10.793991, 3188.922607> - islocked:true - password:371400) initialized
0-0-48 | UH-60 Blackhawk - Woodland (ownerId:85319837 - pos <3985.974854, 16.854160, 3474.664795> - islocked:true - password:1111110) initialized
0-0-48 | UH-60 Blackhawk - blackblackhawk (ownerId:195214598 - pos <8069.666992, 215.248932, 11834.370117> - islocked:true - password:89895252) initialized
0-0-48 | Bell 429 Helicopter (ownerId:195214598 - pos <8112.444824, 214.214828, 11880.526367> - islocked:true - password:52898952) initialized
0-0-48 | Robinson R22 Helicopter - Black (ownerId:980466132 - pos <7348.521973, 101.077194, 6033.944824> - islocked:true - password:22392239) initialized
0-0-48 | Olga 24 (ownerId:288122462 - pos <5667.973145, 28.916603, 5408.265137> - islocked:true - password:12011152) initialized
0-0-48 | M3S Covered (ownerId:108250772 - pos <5629.318848, 29.565701, 5419.864746> - islocked:true - password:78945612) initialized
0-0-48 | Robinson R22 Helicopter - Red (ownerId:71319946 - pos <5689.205566, 32.301090, 5224.739746> - islocked:true - password:19944991) initialized
0-0-48 | Robinson R22 Helicopter (ownerId:195214598 - pos <5661.527832, 33.934757, 5246.419434> - islocked:true - password:52528989) initialized
0-0-48 | Sarka 120 (ownerId:980466132 - pos <6185.292480, 5.972552, 14809.591797> - islocked:true - password:22392239) initialized
0-0-48 | M3S Covered (ownerId:8156911 - pos <5303.664551, 5.780118, 9162.763672> - islocked:true - password:15500000) initialized
0-40-26 | Sarka 120 (ownerId:980466132 - pos <8344.946289, 5.059198, 9120.061523> - islocked:false - password:22392239) has been deleted
1-27-30 | Sarka 120 (ownerId:980466132 - pos <5601.684082, 28.686016, 5360.057129> - islocked:true - password:22392239) new car claimed
