Creation Time: 2023_6_14-12-0-50
12-0-50 | YAR_87 Camo2  (ownerId:34611550 - pos <2479.782227, 18.703030, 13963.021484> - islocked:true - password:19892004) initialized
12-0-50 | MH-6M Little Bird - Desert (ownerId:132652049 - pos <10045.665039, 8.208424, 1098.988281> - islocked:false - password:13579246) initialized
12-0-50 | MH-6M Little Bird - Camo (ownerId:369601190 - pos <9885.496094, 23.061434, 10992.030273> - islocked:true - password:80081355) initialized
12-0-50 | Olga 24 (ownerId:86564395 - pos <12785.870117, 5.458184, 9917.776367> - islocked:true - password:59005900) initialized
12-0-50 | ToyotaHilux White (ownerId:60592768 - pos <9559.654297, 4.320508, 5946.356445> - islocked:true - password:19651965) initialized
12-0-50 | STR_EGER_name (ownerId:980466132 - pos <3689.011475, 12.082270, 9772.872070> - islocked:true - password:22392239) initialized
12-0-50 | Robinson R22 Helicopter (ownerId:249230507 - pos <8098.369141, 13.009299, 9340.552734> - islocked:true - password:33333333) initialized
12-0-50 | M3S Covered (ownerId:249230507 - pos <8083.484375, 12.397162, 9358.614258> - islocked:true - password:33333333) initialized
12-0-50 | LUAZ 969 black (ownerId:88929178 - pos <4146.067871, 4.054662, 4199.202637> - islocked:true - password:371400) initialized
12-0-50 | MOSKVICH 2140 (ownerId:137318436 - pos <4304.499512, 3.855573, 4680.524902> - islocked:true - password:20090909) initialized
12-0-50 | Olga 24 (ownerId:405166905 - pos <4608.530762, 5.446131, 4793.424316> - islocked:true - password:1111991) initialized
12-0-50 | UAZ_2315 Red (ownerId:405166905 - pos <4616.196289, 5.533239, 4798.611328> - islocked:true - password:1111991) initialized
12-0-50 | MH-6M Little Bird - Camo (ownerId:405166905 - pos <4740.200684, 12.020867, 4816.796875> - islocked:false - password:1111991) initialized
12-0-50 | MOSKVICH 2140 (ownerId:54276291 - pos <5441.215820, 6.786391, 4639.560059> - islocked:true - password:12348262) initialized
12-0-50 | Ada 4x4 (ownerId:839735782 - pos <5859.894043, 44.990219, 4891.104980> - islocked:true - password:1051997) initialized
12-0-50 | Sarka 120 (ownerId:144736642 - pos <7339.821289, 7.426176, 8406.633789> - islocked:true - password:41941941) initialized
12-0-50 | LUAZ 969 black (ownerId:36527682 - pos <7718.376953, 36.262543, 6068.660645> - islocked:true - password:93991005) initialized
12-0-50 | MOSKVICH 2140 (ownerId:288122462 - pos <6883.862793, 34.121418, 5878.005371> - islocked:true - password:12321123) initialized
12-0-50 | Audi RS6 (ownerId:85319837 - pos <5682.162109, 33.492962, 5242.699707> - islocked:true - password:1111110) initialized
12-0-50 | Jeep Wrangler (ownerId:944065078 - pos <5664.309082, 28.974443, 5335.381836> - islocked:false - password:97319731) initialized
12-0-50 | M3S Covered (ownerId:86564395 - pos <4550.290527, 27.460163, 7875.549805> - islocked:false - password:59005900) initialized
12-0-50 | MH-6M Little Bird (ownerId:34611550 - pos <4271.984863, 21.744883, 7303.545410> - islocked:true - password:19892004) initialized
12-0-50 | Jeep Wrangler Blue (ownerId:34611550 - pos <4246.239258, 21.212746, 7292.730957> - islocked:true - password:19892004) initialized
12-0-50 | Jeep Wrangler black  (ownerId:308099129 - pos <3929.318359, 12.055122, 7918.307129> - islocked:true - password:9131988) initialized
12-0-50 | Olga 24 (ownerId:501895347 - pos <3569.439697, 21.093924, 6543.830566> - islocked:true - password:42775920) initialized
12-0-50 | ToyotaHilux Camo (ownerId:442990275 - pos <1973.551392, 10.226624, 8862.547852> - islocked:true - password:42014201) initialized
12-0-50 | STR_Camaro_Lesnik_name (ownerId:442990275 - pos <1956.946899, 9.871471, 8871.368164> - islocked:true - password:42014201) initialized
12-0-50 | ToyotaHilux Camo (ownerId:369601190 - pos <1585.866821, 10.096198, 9051.075195> - islocked:false - password:80081355) initialized
