Creation Time: 2023_6_1-6-0-50
6-0-50 | MH-6M Little Bird - Desert (ownerId:132652049 - pos <10045.665039, 8.208422, 1098.988281> - islocked:false - password:13579246) initialized
6-0-50 | Robinson R22 Helicopter (ownerId:249230507 - pos <15722.075195, 39.958332, 4669.289063> - islocked:true - password:33333333) initialized
6-0-50 | Olga 24 (ownerId:442990275 - pos <11667.243164, 6.122766, 2074.084961> - islocked:true - password:42014201) initialized
6-0-50 | Olga 24 (ownerId:442990275 - pos <4432.082031, 5.423673, 2870.046631> - islocked:false - password:42014201) initialized
6-0-50 | LUAZ 969 black (ownerId:88929178 - pos <4143.031738, 4.151596, 4199.631836> - islocked:true - password:371400) initialized
6-0-50 | UAZ_2315 Red (ownerId:405166905 - pos <3412.405029, 19.420702, 4543.580078> - islocked:true - password:1111991) initialized
6-0-50 | MOSKVICH 2140 (ownerId:54276291 - pos <5440.291992, 6.851681, 4639.802734> - islocked:true - password:12348262) initialized
6-0-50 | Jeep Wrangler (ownerId:944065078 - pos <3525.320557, 23.131794, 4576.464355> - islocked:false - password:97319731) initialized
6-0-50 | MOSKVICH 2140 (ownerId:137318436 - pos <4304.500488, 3.855562, 4680.526367> - islocked:true - password:20090909) initialized
6-0-50 | Olga 24 (ownerId:501895347 - pos <5662.933105, 28.368883, 5468.728027> - islocked:false - password:42775920) initialized
6-0-50 | Jeep Wrangler Blue (ownerId:34611550 - pos <5674.292969, 29.974174, 5509.527344> - islocked:true - password:19892004) initialized
6-0-50 | Sarka 120 (ownerId:839735782 - pos <5672.315430, 33.244923, 5244.090332> - islocked:true - password:1051997) initialized
6-0-50 | Audi RS6 (ownerId:85319837 - pos <5681.892578, 33.506645, 5242.674805> - islocked:true - password:1111110) initialized
6-0-50 | Ada 4x4 (ownerId:839735782 - pos <5856.946289, 44.949085, 4892.951660> - islocked:true - password:1051997) initialized
6-0-50 | MOSKVICH 2140 (ownerId:288122462 - pos <6883.863281, 34.121433, 5878.005371> - islocked:true - password:12321123) initialized
6-0-50 | Sarka 120 (ownerId:144736642 - pos <7340.157715, 7.426132, 8406.083984> - islocked:true - password:41941941) initialized
6-0-50 | YAR_87 Camo2  (ownerId:34611550 - pos <4249.261230, 21.640238, 7293.820801> - islocked:false - password:19892004) initialized
6-0-50 | MH-6M Little Bird (ownerId:34611550 - pos <4264.457520, 21.744886, 7308.838867> - islocked:true - password:19892004) initialized
6-0-50 | ToyotaHilux White (ownerId:60592768 - pos <9561.331055, 4.365285, 5943.980957> - islocked:true - password:19651965) initialized
6-0-50 | LUAZ 969 black (ownerId:36527682 - pos <7718.376953, 36.262550, 6068.660645> - islocked:true - password:93991005) initialized
6-0-50 | Olga 24 (ownerId:442990275 - pos <1974.354980, 10.094156, 8857.602539> - islocked:true - password:42014201) initialized
6-0-50 | SCOUT Black (ownerId:442990275 - pos <1971.875488, 10.182560, 8862.075195> - islocked:true - password:42014201) initialized
6-0-50 | ToyotaHilux Camo (ownerId:369601190 - pos <1590.142090, 10.096197, 9050.484375> - islocked:true - password:80081355) initialized
10-40-48 | Olga 24 (ownerId:369601190 - pos <5673.183105, 32.670357, 5264.057617> - islocked:true - password:4031965) new car claimed
10-40-48 | Olga 24 (ownerId:369601190 - pos <5673.183105, 32.670357, 5264.057617> - islocked:true - password:4031965) initialized
10-43-13 | Olga 24 (ownerId:369601190 - pos <5362.580078, 50.878048, 6046.659180> - islocked:false - password:4031965) has been deleted
10-43-23 | Olga 24 (ownerId:369601190 - pos <5371.084473, 50.413387, 6050.491211> - islocked:true - password:4031965) new car claimed
10-43-23 | Olga 24 (ownerId:369601190 - pos <5371.084473, 50.413387, 6050.491211> - islocked:true - password:4031965) initialized
