Creation Time: 2023_6_12-17-41-13
17-41-13 | YAR_87 Camo2  (ownerId:34611550 - pos <2479.783691, 18.703718, 13963.022461> - islocked:true - password:19892004) initialized
17-41-13 | MH-6M Little Bird - Desert (ownerId:132652049 - pos <10045.665039, 8.208423, 1098.988281> - islocked:false - password:13579246) initialized
17-41-13 | ToyotaHilux Camo (ownerId:369601190 - pos <1585.867432, 10.096207, 9051.075195> - islocked:false - password:80081355) initialized
17-41-13 | STR_Camaro_Lesnik_name (ownerId:442990275 - pos <1956.189819, 9.871475, 8872.091797> - islocked:true - password:42014201) initialized
17-41-13 | MH-6M Little Bird - Camo (ownerId:369601190 - pos <9885.496094, 23.061432, 10992.030273> - islocked:true - password:80081355) initialized
17-41-13 | Olga 24 (ownerId:86564395 - pos <12785.870117, 5.458199, 9917.776367> - islocked:true - password:59005900) initialized
17-41-13 | ToyotaHilux White (ownerId:60592768 - pos <9559.650391, 4.320588, 5946.356934> - islocked:true - password:19651965) initialized
17-41-13 | LUAZ 969 black (ownerId:36527682 - pos <7718.376953, 36.262543, 6068.660645> - islocked:true - password:93991005) initialized
17-41-13 | Jeep Wrangler Blue (ownerId:34611550 - pos <4246.239258, 21.212748, 7292.730957> - islocked:true - password:19892004) initialized
17-41-13 | MH-6M Little Bird (ownerId:34611550 - pos <4271.984863, 21.744886, 7303.545410> - islocked:true - password:19892004) initialized
17-41-13 | Jeep Wrangler black  (ownerId:308099129 - pos <3929.318359, 12.055122, 7918.307129> - islocked:true - password:9131988) initialized
17-41-13 | STR_EGER_name (ownerId:980466132 - pos <3689.006836, 12.083541, 9772.873047> - islocked:true - password:22392239) initialized
17-41-13 | M3S Covered (ownerId:86564395 - pos <4550.290527, 27.460154, 7875.549805> - islocked:false - password:59005900) initialized
17-41-13 | Olga 24 (ownerId:501895347 - pos <3569.440918, 21.093964, 6543.833496> - islocked:true - password:42775920) initialized
17-41-13 | Sarka 120 (ownerId:144736642 - pos <7340.262207, 7.426136, 8406.468750> - islocked:true - password:41941941) initialized
17-41-13 | M3S Covered (ownerId:249230507 - pos <8083.496582, 12.400625, 9358.619141> - islocked:true - password:33333333) initialized
17-41-13 | Robinson R22 Helicopter (ownerId:249230507 - pos <8098.369141, 13.009299, 9340.552734> - islocked:true - password:33333333) initialized
17-41-13 | LUAZ 969 black (ownerId:88929178 - pos <4146.068848, 4.054657, 4199.203613> - islocked:true - password:371400) initialized
17-41-13 | ToyotaHilux Camo (ownerId:442990275 - pos <5645.997559, 28.502737, 5434.617676> - islocked:true - password:42014201) initialized
17-41-13 | Olga 24 (ownerId:405166905 - pos <5637.154297, 29.030733, 5339.718750> - islocked:true - password:1111991) initialized
17-41-13 | Jeep Wrangler (ownerId:944065078 - pos <5664.309082, 28.975040, 5335.381836> - islocked:false - password:97319731) initialized
17-41-13 | Ada 4x4 (ownerId:839735782 - pos <5859.894531, 44.990223, 4891.105469> - islocked:true - password:1051997) initialized
17-41-13 | UAZ_2315 Red (ownerId:405166905 - pos <4616.295898, 5.536408, 4798.645020> - islocked:true - password:1111991) initialized
17-41-13 | MOSKVICH 2140 (ownerId:54276291 - pos <5441.185547, 6.789060, 4639.567871> - islocked:true - password:12348262) initialized
17-41-13 | MOSKVICH 2140 (ownerId:288122462 - pos <6883.863281, 34.121437, 5878.004883> - islocked:true - password:12321123) initialized
17-41-13 | Audi RS6 (ownerId:85319837 - pos <5682.159180, 33.492828, 5242.700684> - islocked:true - password:1111110) initialized
17-41-13 | MOSKVICH 2140 (ownerId:137318436 - pos <4304.499512, 3.855567, 4680.524902> - islocked:true - password:20090909) initialized
17-41-13 | Olga 24 (ownerId:416867315 - pos <5378.852539, 74.598701, 3968.254150> - islocked:true - password:19993420) initialized
