Creation Time: 2023_4_25-0-0-52
0-0-52 | Land Rover Defender 110 Red (ownerId:108250772 - pos <5627.019531, 29.278482, 5387.046387> - islocked:true - password:14725836) initialized
0-0-52 | Land Rover Defender 110 Green (ownerId:85319837 - pos <5617.498535, 29.278484, 5378.230957> - islocked:false - password:1111110) initialized
0-0-52 | Land Rover Defender 110 (ownerId:108250772 - pos <5625.816406, 29.278484, 5376.927734> - islocked:true - password:14725836) initialized
0-0-52 | M3S Covered (ownerId:108250772 - pos <5630.347656, 29.543028, 5421.393555> - islocked:true - password:78945612) initialized
0-0-52 | Olga 24 (ownerId:288122462 - pos <5668.101074, 28.907820, 5408.233398> - islocked:true - password:12011152) initialized
0-0-52 | Ada 4x4 (ownerId:944065078 - pos <5622.937500, 28.750706, 5363.173340> - islocked:true - password:25082508) initialized
0-0-52 | Gunter 2 (ownerId:419387242 - pos <4646.209473, 2.652835, 2677.965576> - islocked:false - password:69694200) initialized
0-0-52 | M3S Covered (ownerId:62166080 - pos <4637.952637, 2.641542, 2664.411865> - islocked:false - password:22392239) initialized
0-0-52 | Land Rover Defender 110 Red (ownerId:965259563 - pos <5626.030762, 29.278482, 5416.319336> - islocked:true - password:11367275) initialized
0-0-52 | UH-60 Blackhawk - Woodland (ownerId:85319837 - pos <3985.973877, 16.854174, 3474.665283> - islocked:true - password:1111110) initialized
0-0-52 | Olga 24 (ownerId:965259563 - pos <3732.497803, 5.627573, 2547.632813> - islocked:true - password:11367275) initialized
0-0-52 | M3S Covered (ownerId:965259563 - pos <3734.480957, 5.471819, 2555.295654> - islocked:true - password:11367275) initialized
0-0-52 | Robinson R22 Helicopter (ownerId:965259563 - pos <3756.512451, 19.967381, 2601.171387> - islocked:true - password:11367275) initialized
0-0-52 | Sarka 120 (ownerId:194642746 - pos <5445.436523, 5.331443, 4629.572266> - islocked:true - password:15474555) initialized
0-0-52 | Robinson R22 Helicopter (ownerId:71319946 - pos <5672.808594, 33.907433, 5245.416016> - islocked:true - password:19944991) initialized
0-0-52 | Robinson R22 Helicopter - Black (ownerId:980466132 - pos <7348.521973, 101.077187, 6033.944824> - islocked:true - password:22392239) initialized
0-0-52 | UH-60 Blackhawk - blackblackhawk (ownerId:195214598 - pos <3224.051514, 7.616047, 1721.949585> - islocked:true - password:52528989) initialized
0-0-52 | Sarka 120 (ownerId:405166905 - pos <10489.416016, 10.005333, 4273.058105> - islocked:true - password:19910111) initialized
0-0-52 | Robinson R22 Helicopter (ownerId:940915030 - pos <9512.575195, 102.761200, 3733.148193> - islocked:true - password:11853737) initialized
0-0-52 | Sarka 120 (ownerId:940915030 - pos <9511.229492, 102.703033, 3751.684570> - islocked:true - password:11853737) initialized
0-0-52 | Land Rover Defender 110 Red (ownerId:60592768 - pos <9560.965820, 4.180216, 5944.767578> - islocked:true - password:19651965) initialized
0-0-52 | M3S Covered (ownerId:67657702 - pos <9798.914063, 3.633996, 7868.164063> - islocked:true - password:19944991) initialized
0-0-52 | Sarka 120 (ownerId:944065078 - pos <7728.497070, 35.526180, 6087.265625> - islocked:true - password:25082508) initialized
0-0-52 | M3S Covered (ownerId:944065078 - pos <7718.276855, 36.466965, 6089.899414> - islocked:false - password:25082508) initialized
0-0-52 | Olga 24 (ownerId:944065078 - pos <7705.302734, 36.635921, 6081.429199> - islocked:true - password:97319731) initialized
0-0-52 | Land Rover Defender 110 UN (ownerId:116364714 - pos <7707.875000, 36.516647, 6075.210449> - islocked:true - password:25082508) initialized
0-0-52 | Land Rover Defender 110 UN (ownerId:85319837 - pos <7572.526367, 24.168486, 3943.896973> - islocked:true - password:9151985) initialized
0-0-52 | M3S Covered (ownerId:8156911 - pos <6232.800781, 5.800109, 9593.156250> - islocked:false - password:15500000) initialized
0-0-52 | Sarka 120 (ownerId:22592522 - pos <6232.373047, 5.531155, 9589.974609> - islocked:true - password:5210521) initialized
0-0-52 | Land Rover Defender 110 (ownerId:192139039 - pos <7022.927734, 7.355562, 9015.221680> - islocked:false - password:7161994) initialized
0-0-52 | Sarka 120 (ownerId:980466132 - pos <6801.542480, 39.738678, 1801.694946> - islocked:true - password:22392239) initialized
0-0-52 | Land Rover Defender 110 Red (ownerId:980466132 - pos <6795.324219, 39.705811, 1801.946167> - islocked:true - password:22392239) initialized
0-0-52 | Ada 4x4 (ownerId:62166080 - pos <6801.028809, 39.178059, 1809.619995> - islocked:false - password:22392239) initialized
0-0-52 | Land Rover Defender 110 Green (ownerId:62166080 - pos <6795.558594, 39.705429, 1806.658325> - islocked:true - password:22392239) initialized
0-0-52 | Robinson R22 Helicopter - Black (ownerId:62166080 - pos <6773.737305, 54.635757, 1851.886230> - islocked:true - password:22392239) initialized
0-0-52 | Land Rover Defender 110 Green (ownerId:177737910 - pos <2552.130615, 57.036915, 9447.415039> - islocked:true - password:25792579) initialized
0-0-52 | Robinson R22 Helicopter (ownerId:195214598 - pos <1114.772339, 56.352501, 10648.643555> - islocked:true - password:52528989) initialized
