Creation Time: 2023_5_20-0-0-49
0-0-49 | MOSKVICH 2140 (ownerId:944065078 - pos <5638.310547, 29.014967, 5359.849609> - islocked:false - password:97319731) initialized
0-0-49 | LUAZ 969 rust (ownerId:88929178 - pos <5628.406738, 29.291826, 5419.655762> - islocked:true - password:371400) initialized
0-0-49 | Cougar (Fox) (ownerId:980466132 - pos <5630.791992, 29.487085, 5381.388672> - islocked:true - password:22392239) initialized
0-0-49 | Ford Raptor Red (ownerId:157174770 - pos <7506.019531, 3.206729, 5637.981445> - islocked:true - password:19892004) initialized
0-0-49 | LUAZ 969 (ownerId:442990275 - pos <2135.361328, 14.966349, 9178.605469> - islocked:true - password:37579090) initialized
0-0-49 | MOSKVICH 2140 (ownerId:419387242 - pos <6386.171875, 23.181288, 6685.270508> - islocked:true - password:58625862) initialized
0-0-49 | Olga 24 (ownerId:839735782 - pos <5989.634277, 13.939001, 4957.108887> - islocked:true - password:13579086) initialized
0-0-49 | MOSKVICH 2140 (ownerId:304057481 - pos <6950.713867, 14.669937, 5719.610352> - islocked:true - password:42687931) initialized
0-0-49 | UAZ 3909 Khaki1 (ownerId:36527682 - pos <7718.108887, 36.411442, 6073.041504> - islocked:true - password:93991005) initialized
0-0-49 | Cougar Camo kamo (ownerId:980466132 - pos <1430.431641, 3.097333, 6773.623535> - islocked:true - password:22392239) initialized
0-0-49 | MBB Bo-105m Helicopter - blackcamo (ownerId:132652049 - pos <10845.917969, 3.627496, 3274.582520> - islocked:true - password:86753099) initialized
0-0-49 | Jeep Wrangler black  (ownerId:132652049 - pos <10785.006836, 3.303206, 3260.985840> - islocked:true - password:17392468) initialized
0-0-49 | ToyotaHilux Red (ownerId:60592768 - pos <9561.834961, 4.365513, 5943.566406> - islocked:true - password:19651965) initialized
0-0-49 | MH-6M Little Bird (ownerId:89279995 - pos <4266.564453, 21.848568, 7311.765625> - islocked:true - password:20090909) initialized
0-0-49 | Offroad Range Rover police  (ownerId:6938606 - pos <4247.775391, 21.095661, 7296.859863> - islocked:true - password:20090909) initialized
0-0-49 | STR_Camaro_Nest_name (ownerId:137318436 - pos <4251.773926, 20.983665, 7300.036133> - islocked:true - password:20090909) initialized
0-0-49 | Nissan warrior White kamo (ownerId:34611550 - pos <7506.645996, 3.076041, 5664.570313> - islocked:false - password:19892004) initialized
1-37-49 | Jeep Wrangler (ownerId:85319837 - pos <5606.411621, 28.961929, 5349.648926> - islocked:true - password:9151985) new car claimed
2-13-28 | LUAZ 969 (ownerId:442990275 - pos <5643.031250, 28.196482, 5429.704590> - islocked:false - password:37579090) has been deleted
2-19-8 | GAZ_69 (ownerId:442990275 - pos <5589.094727, 28.813967, 5374.329590> - islocked:true - password:37579090) new car claimed
2-20-18 | GAZ_69 (ownerId:442990275 - pos <5589.094727, 28.813967, 5374.329590> - islocked:false - password:37579090) has been deleted
2-21-41 | UAZ_2315 Camo2 (ownerId:442990275 - pos <5588.013672, 28.706018, 5375.117676> - islocked:true - password:37579090) new car claimed
2-22-50 | MBB Bo-105m Helicopter - blackcamo (ownerId:132652049 - pos <1575.643311, 7.815439, 15487.091797> - islocked:false - password:86753099) has been deleted
2-48-14 | Nissan warrior White kamo (ownerId:34611550 - pos <6045.655273, 6.106409, 14982.139648> - islocked:true - password:19892004) has been deleted
2-52-7 | MBB Bo-105m Helicopter - blackcamo (ownerId:132652049 - pos <5618.074707, 28.634504, 5356.782227> - islocked:true - password:86753099) new car claimed
3-24-44 | Buggy (ownerId:85319837 - pos <5605.850586, 28.823126, 5349.758301> - islocked:true - password:9151985) new car claimed
