Creation Time: 2023_5_2-18-0-54
18-0-54 | MBB Bo-105m Helicopter - blackcamo (ownerId:980466132 - pos <6768.891113, 54.751774, 1849.850464> - islocked:true - password:22392239) initialized
18-0-54 | M3S Covered (ownerId:980466132 - pos <6795.362305, 39.992847, 1809.555298> - islocked:true - password:22392239) initialized
18-0-54 | Sarka 120 (ownerId:980466132 - pos <6801.629883, 39.738682, 1801.161499> - islocked:true - password:22392239) initialized
18-0-54 | Land Rover Defender 110 Green (ownerId:62166080 - pos <6795.648926, 39.705780, 1801.244141> - islocked:true - password:22392239) initialized
18-0-54 | Land Rover Defender 110 Red (ownerId:980466132 - pos <6796.338379, 39.705933, 1806.830688> - islocked:true - password:22392239) initialized
18-0-54 | Olga 24 (ownerId:419387242 - pos <7056.486816, 45.007858, 2053.263184> - islocked:true - password:8995862) initialized
18-0-54 | Olga 24 (ownerId:108250772 - pos <7113.923828, 37.535408, 2252.846191> - islocked:true - password:12345678) initialized
18-0-54 | Land Rover Defender 110 Green (ownerId:177737910 - pos <2550.603027, 57.004364, 9449.896484> - islocked:false - password:25792579) initialized
18-0-54 | UH-60 Blackhawk - blackblackhawk (ownerId:195214598 - pos <3224.051514, 7.616045, 1721.943848> - islocked:true - password:52528989) initialized
18-0-54 | Sarka 120 (ownerId:405166905 - pos <10490.966797, 10.001184, 4277.304199> - islocked:true - password:19910111) initialized
18-0-54 | Robinson R22 Helicopter (ownerId:940915030 - pos <9512.575195, 102.761200, 3733.148193> - islocked:true - password:11853737) initialized
18-0-54 | Robinson R22 Helicopter (ownerId:195214598 - pos <1084.466553, 54.700226, 10695.002930> - islocked:true - password:52528989) initialized
18-0-54 | Ada 4x4 (ownerId:16874355 - pos <10732.898438, 90.320946, 6156.009766> - islocked:true - password:15795315) initialized
18-0-54 | Land Rover Defender 110 Red (ownerId:60592768 - pos <9561.738281, 4.179226, 5944.402344> - islocked:true - password:19651965) initialized
18-0-54 | Gunter 2 (ownerId:965259563 - pos <3730.652832, 5.683331, 2547.984863> - islocked:true - password:86753099) initialized
18-0-54 | Sarka 120 (ownerId:965259563 - pos <3730.798828, 6.081167, 2551.065674> - islocked:true - password:72524299) initialized
18-0-54 | Land Rover Defender 110 Red (ownerId:965259563 - pos <3730.515869, 6.048485, 2554.894287> - islocked:true - password:11367275) initialized
18-0-54 | Land Rover Defender 110 Red (ownerId:132652049 - pos <4264.954590, 2.625430, 2514.104736> - islocked:true - password:9031783) initialized
18-0-54 | M3S Covered (ownerId:839735782 - pos <4259.920898, 2.602552, 2517.620850> - islocked:false - password:1051997) initialized
18-0-54 | Land Rover Defender 110 (ownerId:192139039 - pos <1187.259277, 27.935209, 12555.865234> - islocked:true - password:7161994) initialized
18-0-54 | Robinson R22 Helicopter (ownerId:965259563 - pos <3756.512451, 19.967381, 2601.171387> - islocked:true - password:11367275) initialized
18-0-54 | Robinson R22 Helicopter (ownerId:839735782 - pos <5448.208008, 7.477820, 8605.121094> - islocked:true - password:1051997) initialized
18-0-54 | M3S Covered (ownerId:965259563 - pos <5465.726563, 7.868567, 8577.350586> - islocked:true - password:72524299) initialized
18-0-54 | Robinson R22 Helicopter - Black (ownerId:984346468 - pos <4728.883301, 12.292149, 4692.961426> - islocked:true - password:83898389) initialized
18-0-54 | Land Rover Defender 110 UN (ownerId:116364714 - pos <5590.918457, 29.278484, 5379.015625> - islocked:false - password:25082508) initialized
18-0-54 | Land Rover Defender 110 Red (ownerId:6938606 - pos <5602.707520, 29.348269, 5349.037109> - islocked:true - password:20090909) initialized
18-0-54 | Ada 4x4 (ownerId:419387242 - pos <5606.882324, 28.881706, 5348.486816> - islocked:true - password:8995862) initialized
18-0-54 | M3S Covered (ownerId:108250772 - pos <5656.406738, 28.701643, 5426.500000> - islocked:true - password:12345678) initialized
18-0-54 | Sarka 120 (ownerId:194642746 - pos <5445.572754, 5.325739, 4629.517090> - islocked:true - password:15474555) initialized
18-0-54 | Robinson R22 Helicopter (ownerId:71319946 - pos <5672.808594, 33.907436, 5245.416016> - islocked:true - password:19944991) initialized
18-0-54 | M3S Covered (ownerId:944065078 - pos <7718.275879, 36.466984, 6089.899902> - islocked:false - password:25082508) initialized
18-0-54 | Sarka 120 (ownerId:944065078 - pos <7728.569336, 35.543739, 6089.084473> - islocked:true - password:25082508) initialized
18-0-54 | Robinson R22 Helicopter - Black (ownerId:980466132 - pos <7349.647949, 101.077271, 6033.751465> - islocked:false - password:22392239) initialized
18-0-54 | Gunter 2 (ownerId:36527682 - pos <7192.423340, 3.389046, 5359.116699> - islocked:false - password:93991005) initialized
18-0-54 | Land Rover Defender 110 UN (ownerId:85319837 - pos <7572.665527, 24.168486, 3940.986328> - islocked:false - password:9151985) initialized
18-0-54 | Sarka 120 (ownerId:85319837 - pos <7574.967285, 24.190506, 3928.488281> - islocked:true - password:1111110) initialized
18-0-54 | M3S Covered (ownerId:965259563 - pos <5885.084473, 6.375043, 14430.178711> - islocked:true - password:2061963) initialized
18-0-54 | Olga 24 (ownerId:965259563 - pos <5940.235352, 5.867773, 14497.690430> - islocked:true - password:11367275) initialized
21-26-41 | Land Rover Defender 110 (ownerId:192139039 - pos <1187.071777, 27.418322, 12555.826172> - islocked:true - password:7161994) has been deleted
22-55-6 | MH-6M Little Bird - Desert (ownerId:62166080 - pos <3104.846191, 179.044724, 1412.199097> - islocked:true - password:22392239) new car claimed
