Creation Time: 2023_7_21-0-0-51
0-0-51 | MH-6M Little Bird - Camo (ownerId:132652049 - pos <5677.182617, 30.092625, 5390.803223> - islocked:true - password:9021997) initialized
0-0-51 | Velociraptor6x6 Camo2  (ownerId:407766611 - pos <5623.312012, 29.525606, 5388.117676> - islocked:true - password:55555552) initialized
0-0-51 | Velociraptor6x6 Camo (ownerId:407766611 - pos <5619.128906, 29.525606, 5384.213379> - islocked:true - password:55555552) initialized
0-0-51 | LUAZ 969 rust (ownerId:127107249 - pos <5615.926270, 29.288036, 5349.587891> - islocked:true - password:12186270) initialized
0-0-51 | UAZ 3909 Beige (ownerId:795695470 - pos <5623.588867, 29.498274, 5350.581543> - islocked:true - password:8031991) initialized
0-0-51 | Gunter 2 (ownerId:48698262 - pos <5639.051270, 28.903187, 5333.078125> - islocked:true - password:48151623) initialized
0-0-51 | Ada 4x4 (ownerId:369601190 - pos <5668.547852, 29.263649, 5470.104980> - islocked:true - password:42014201) initialized
0-0-51 | MH-6M Little Bird - Camo (ownerId:197257182 - pos <5597.489258, 30.001436, 5386.343262> - islocked:true - password:48151623) initialized
0-0-51 | MOSKVICH 2140 (ownerId:882346394 - pos <6661.942383, 15.562329, 6318.885254> - islocked:true - password:42091103) initialized
0-0-51 | Jeep Wrangler green  (ownerId:523450192 - pos <5904.747559, 37.209187, 5221.330078> - islocked:true - password:22392239) initialized
0-0-51 | MH-6M Little Bird - Camo (ownerId:523450192 - pos <5891.183594, 41.853745, 5228.957031> - islocked:true - password:22392239) initialized
0-0-51 | STR_EGER_GreenCamo_name (ownerId:523991778 - pos <5897.889160, 37.047844, 5222.829102> - islocked:false - password:22392239) initialized
0-0-51 | UAZ_2315 Red (ownerId:369601190 - pos <5655.490234, 33.961052, 5240.123047> - islocked:true - password:45645645) initialized
0-0-51 | Toyota Land Cruiser 200 Camo2  (ownerId:93344906 - pos <5675.305664, 33.515709, 5275.217773> - islocked:true - password:48151623) initialized
0-0-51 | Olga 24 (ownerId:795695470 - pos <5671.742188, 33.669182, 5278.629883> - islocked:true - password:8031991) initialized
0-0-51 | Velociraptor6x6 Camo2  (ownerId:262549311 - pos <7192.204590, 61.650391, 5887.838379> - islocked:true - password:24680000) initialized
0-0-51 | Olga 24 (ownerId:442990275 - pos <3922.755371, 25.518732, 4800.962891> - islocked:true - password:42014201) initialized
0-0-51 | Gunter 2 (ownerId:442990275 - pos <3922.709229, 25.603909, 4793.147949> - islocked:true - password:42014201) initialized
0-0-51 | Olga 24 (ownerId:442990275 - pos <3922.905029, 25.518719, 4797.623535> - islocked:true - password:42014201) initialized
0-0-51 | UAZ HUNTER (ownerId:442990275 - pos <3922.226807, 25.604904, 4828.161621> - islocked:true - password:37579090) initialized
0-0-51 | Olga 24 (ownerId:442990275 - pos <3923.049072, 25.437418, 4804.564941> - islocked:true - password:42014201) initialized
0-0-51 | M3S Covered (ownerId:442990275 - pos <3920.354492, 25.790236, 4839.752441> - islocked:true - password:42014201) initialized
0-0-51 | SCOUT Black (ownerId:442990275 - pos <3951.522461, 25.774008, 4851.550293> - islocked:true - password:37579090) initialized
0-0-51 | UAZ_2315 (ownerId:442990275 - pos <3960.855469, 25.494843, 4850.235352> - islocked:true - password:42014201) initialized
0-0-51 | MH-6M Little Bird - Camo (ownerId:88929178 - pos <4424.508789, 12.575654, 4605.745117> - islocked:true - password:371400) initialized
0-0-51 | Mercedes-Benz W140 Blue (ownerId:88929178 - pos <4427.227539, 6.679077, 4607.086914> - islocked:true - password:371400) initialized
0-0-51 | LUAZ 969 red (ownerId:405166905 - pos <5356.917969, 35.382145, 641.903625> - islocked:true - password:11111111) initialized
0-0-51 | Offroad Range Rover police  (ownerId:60592768 - pos <3239.770752, 3.228037, 1719.024780> - islocked:true - password:13121312) initialized
0-0-51 | UAZ 3909 Police (ownerId:60592768 - pos <3231.810059, 3.497941, 1732.096191> - islocked:true - password:13121312) initialized
0-0-51 | STR_Camaro_Nest_name (ownerId:60592768 - pos <3246.134766, 3.116042, 1750.852539> - islocked:true - password:13121312) initialized
0-0-51 | Nissan warrior Camo (ownerId:526094573 - pos <9844.186523, 14.827802, 10807.081055> - islocked:true - password:77899511) initialized
0-0-51 | Offroad Range Rover Yellow  (ownerId:103808025 - pos <3635.527588, 16.122463, 9634.207031> - islocked:true - password:55677777) initialized
0-0-51 | Oshkosh grey (ownerId:64819467 - pos <4275.676758, 21.358603, 7271.528320> - islocked:true - password:7101993) initialized
0-0-51 | Toyota Land Cruiser 200 Camo (ownerId:119311623 - pos <4269.524902, 21.010031, 7264.751953> - islocked:true - password:7101993) initialized
0-0-51 | BMW X5 Flecktarn (ownerId:53415379 - pos <4264.653809, 20.914972, 7260.538574> - islocked:true - password:7101993) initialized
0-0-51 |  Novator Flecktarn (ownerId:48698262 - pos <2795.422363, 69.814308, 4663.095215> - islocked:true - password:48151623) initialized
0-0-51 | STR_EGER_GreenCamo_name (ownerId:197257182 - pos <2802.366211, 69.987404, 4663.773438> - islocked:true - password:48151623) initialized
0-0-51 | Oshkosh (ownerId:197257182 - pos <2799.505127, 69.918594, 4663.191406> - islocked:true - password:48151623) initialized
0-0-51 | Sarka 120 (ownerId:119311623 - pos <3402.774902, 23.253126, 6189.946289> - islocked:true - password:7101993) initialized
0-0-51 | Gunter 2 (ownerId:218588421 - pos <3803.297852, 7.136047, 5908.298828> - islocked:true - password:3081984) initialized
0-2-46 | MH-6M Little Bird (ownerId:442990275 - pos <5671.193848, 33.579998, 5242.893555> - islocked:true - password:37579090) new car claimed
0-2-46 | MH-6M Little Bird (ownerId:442990275 - pos <5671.193848, 33.572906, 5242.893555> - islocked:true - password:37579090) initialized
1-9-57 | MH-6M Little Bird - Camo (ownerId:197257182 - pos <10193.247070, 7.358860, 12089.026367> - islocked:false - password:48151623) has been deleted
1-10-39 | MH-6M Little Bird - Camo (ownerId:197257182 - pos <10145.100586, 6.245875, 12077.122070> - islocked:true - password:48151623) new car claimed
1-10-39 | MH-6M Little Bird - Camo (ownerId:197257182 - pos <10145.100586, 6.245887, 12077.122070> - islocked:true - password:48151623) initialized
