Creation Time: 2023_7_23-6-0-53
6-0-53 | Gunter 2 (ownerId:48698262 - pos <5640.080566, 28.870670, 5330.503418> - islocked:true - password:48151623) initialized
6-0-53 | Chevrolet Corvette kamo (ownerId:89279995 - pos <5613.025391, 29.187454, 5347.343750> - islocked:true - password:20090909) initialized
6-0-53 | Olga 24 (ownerId:795695470 - pos <5671.733398, 33.591206, 5277.692383> - islocked:true - password:8031991) initialized
6-0-53 | Robinson R22 Helicopter - Black (ownerId:521855408 - pos <5663.715332, 33.940002, 5242.544434> - islocked:true - password:9102021) initialized
6-0-53 | LUAZ 969 (ownerId:75086644 - pos <5675.692383, 33.861706, 5241.118652> - islocked:true - password:10182009) initialized
6-0-53 | UAZ 3909 Beige (ownerId:795695470 - pos <5468.111816, 15.597909, 4925.074707> - islocked:true - password:8031991) initialized
6-0-53 | UAZ_2315 (ownerId:442990275 - pos <5474.273438, 15.384926, 4934.613281> - islocked:true - password:42014201) initialized
6-0-53 | Ada 4x4 (ownerId:369601190 - pos <5474.321777, 15.604818, 4931.593750> - islocked:true - password:42014201) initialized
6-0-53 | UH-60 Blackhawk - Budhawk (ownerId:369601190 - pos <5342.509766, 26.668360, 4965.829590> - islocked:true - password:54879586) initialized
6-0-53 | Jeep Wrangler green  (ownerId:523450192 - pos <5904.216797, 37.158920, 5221.806152> - islocked:true - password:22392239) initialized
6-0-53 | STR_EGER_GreenCamo_name (ownerId:523991778 - pos <5898.479980, 37.082775, 5221.344238> - islocked:true - password:22392239) initialized
6-0-53 | MH-6M Little Bird - Camo (ownerId:523450192 - pos <5891.183594, 41.853745, 5228.957031> - islocked:true - password:22392239) initialized
6-0-53 | Opel Astra Chrome (ownerId:127107249 - pos <5657.587891, 28.810528, 5379.881348> - islocked:true - password:12186270) initialized
6-0-53 | UAZ HUNTER (ownerId:447071218 - pos <5600.198242, 29.439684, 5347.233887> - islocked:true - password:15148636) initialized
6-0-53 | Mercedes-Benz W140 Blue (ownerId:88929178 - pos <4426.697754, 6.654057, 4607.389648> - islocked:true - password:371400) initialized
6-0-53 | Velociraptor6x6 Camo2  (ownerId:262549311 - pos <7192.094727, 61.660076, 5886.928711> - islocked:true - password:24680000) initialized
6-0-53 | MOSKVICH 2140 (ownerId:882346394 - pos <6662.194824, 15.562316, 6318.758301> - islocked:true - password:42091103) initialized
6-0-53 | UAZ469 (ownerId:40055959 - pos <13854.536133, 10.055442, 4946.899902> - islocked:true - password:19711971) initialized
6-0-53 | Offroad Range Rover Yellow  (ownerId:103808025 - pos <7264.238281, 602.155823, 11730.521484> - islocked:true - password:55677777) initialized
6-0-53 | Olga 24 (ownerId:40055959 - pos <8923.685547, 5.862716, 10450.614258> - islocked:true - password:19711971) initialized
6-0-53 | MH-6M Little Bird - Camo (ownerId:88929178 - pos <10190.079102, 6.157115, 12020.320313> - islocked:true - password:371400) initialized
6-0-53 | Velociraptor6x6 Camo (ownerId:407766611 - pos <9999.340820, 22.684902, 11022.397461> - islocked:true - password:55555552) initialized
6-0-53 | Velociraptor6x6 Camo2  (ownerId:407766611 - pos <9991.220703, 22.684904, 11025.543945> - islocked:true - password:55555552) initialized
6-0-53 | LUAZ 969 red (ownerId:405166905 - pos <5356.917969, 35.382145, 641.903687> - islocked:true - password:11111111) initialized
6-0-53 | Jeep Wrangler Camo (ownerId:526094573 - pos <3590.822998, 10.833092, 3410.253662> - islocked:true - password:11025255) initialized
6-0-53 | Offroad Range Rover police  (ownerId:60592768 - pos <3240.920898, 3.228037, 1718.943604> - islocked:true - password:13121312) initialized
6-0-53 | UAZ 3909 Police (ownerId:60592768 - pos <3231.895020, 3.497947, 1731.675659> - islocked:true - password:13121312) initialized
6-0-53 | STR_Camaro_Nest_name (ownerId:60592768 - pos <3246.354004, 3.116042, 1750.719971> - islocked:true - password:13121312) initialized
6-0-53 | STR_EGER_GreenCamo_name (ownerId:197257182 - pos <2802.367188, 69.987404, 4663.773926> - islocked:true - password:48151623) initialized
6-0-53 | Oshkosh (ownerId:197257182 - pos <2799.504639, 69.918602, 4663.191895> - islocked:true - password:48151623) initialized
6-0-53 |  Novator Flecktarn (ownerId:48698262 - pos <2795.422119, 69.814301, 4663.095215> - islocked:true - password:48151623) initialized
6-0-53 | Gaz 71 Black (ownerId:119248354 - pos <2782.139893, 69.946205, 4692.520996> - islocked:true - password:11082007) initialized
6-0-53 | BMW X5 Flecktarn (ownerId:53415379 - pos <4249.955078, 21.092598, 7296.834473> - islocked:true - password:7101993) initialized
6-0-53 | Toyota Land Cruiser 200 Camo (ownerId:119311623 - pos <4246.945313, 21.187664, 7294.539063> - islocked:true - password:7101993) initialized
6-0-53 | Nissan warrior Camo (ownerId:119311623 - pos <4252.959473, 21.283247, 7299.683594> - islocked:true - password:7101993) initialized
6-0-53 | Oshkosh grey (ownerId:64819467 - pos <4244.768066, 21.536226, 7273.870605> - islocked:true - password:7101993) initialized
6-0-53 | MH-6M Little Bird - Camo (ownerId:119248354 - pos <1995.052734, 10.574744, 9048.682617> - islocked:true - password:48151623) initialized
6-0-53 | Olga 24 (ownerId:511479797 - pos <2031.386475, 9.904174, 9054.457031> - islocked:true - password:27181500) initialized
6-0-53 | SCOUT Black (ownerId:442990275 - pos <2005.076538, 9.957123, 9029.689453> - islocked:true - password:37579090) initialized
6-0-53 | Sarka 120 (ownerId:442990275 - pos <1991.250488, 10.260263, 9032.504883> - islocked:true - password:42014201) initialized
6-0-53 | MH-6M Little Bird - Camo (ownerId:132652049 - pos <2003.915771, 42.498104, 9022.552734> - islocked:false - password:9021997) initialized
6-0-53 | M3S Covered (ownerId:442990275 - pos <1983.873657, 41.985638, 9028.122070> - islocked:true - password:42014201) initialized
6-0-53 | Gunter 2 (ownerId:218588421 - pos <3803.984375, 7.071376, 5907.771973> - islocked:true - password:3081984) initialized
9-13-9 | Velociraptor6x6 Camo2  (ownerId:262549311 - pos <13453.178711, 23.350752, 7004.364746> - islocked:false - password:24680000) has been deleted
9-13-20 | Velociraptor6x6 Camo2  (ownerId:262549311 - pos <13465.366211, 23.981411, 7003.733887> - islocked:true - password:24680000) new car claimed
9-13-20 | Velociraptor6x6 Camo2  (ownerId:262549311 - pos <13465.366211, 23.981411, 7003.733887> - islocked:true - password:24680000) initialized
10-25-11 | ToyotaHilux Blue (ownerId:369601190 - pos <6015.394043, 5.884744, 15210.050781> - islocked:true - password:55889789) new car claimed
