Creation Time: 2023_5_25-22-3-28
22-3-28 | Jeep Wrangler black  (ownerId:132652049 - pos <10663.982422, 3.405122, 3151.652100> - islocked:true - password:17392468) initialized
22-3-28 | STR_EGER_name (ownerId:69839805 - pos <4654.454102, 21.427404, 6880.251953> - islocked:true - password:20090909) initialized
22-3-28 | UH-60 Blackhawk - blackblackhawk (ownerId:69839805 - pos <4261.034668, 21.234701, 7310.648926> - islocked:true - password:20090909) initialized
22-3-28 | Gaz 71 Black (ownerId:137318436 - pos <4248.161621, 21.428877, 7293.649902> - islocked:true - password:20090909) initialized
22-3-28 | Sarka 120 (ownerId:369601190 - pos <4471.817871, 29.384951, 7702.909180> - islocked:true - password:4031965) initialized
22-3-28 | MOSKVICH 2140 (ownerId:944065078 - pos <6394.415039, 23.181290, 6686.756348> - islocked:false - password:97319731) initialized
22-3-28 | HAMMER_H1 black (ownerId:405166905 - pos <5195.087891, 4.949780, 5315.447754> - islocked:true - password:1111991) initialized
22-3-28 | LUAZ 969 rust (ownerId:88929178 - pos <5625.482910, 29.296349, 5419.026855> - islocked:true - password:371400) initialized
22-3-28 | Sarka 120 (ownerId:108250772 - pos <5617.114746, 28.686026, 5394.028809> - islocked:true - password:3181989) initialized
22-3-28 | MBB Bo-105m Helicopter - blackcamo (ownerId:132652049 - pos <10055.801758, 4.129517, 1142.778076> - islocked:true - password:86753099) initialized
22-3-28 | Cougar Camo kamo (ownerId:980466132 - pos <1447.439941, 3.095236, 6767.592285> - islocked:true - password:22392239) initialized
22-3-28 | Sarka 120 (ownerId:18558559 - pos <9030.023438, 6.586020, 9422.956055> - islocked:true - password:72066666) initialized
22-3-28 | Jeep Wrangler (ownerId:288122462 - pos <8283.520508, 5.735123, 8844.367188> - islocked:true - password:12321321) initialized
22-3-28 | SUV Camo (ownerId:442990275 - pos <2124.277588, 15.263949, 9180.041016> - islocked:true - password:42014201) initialized
22-3-28 | Olga 24 (ownerId:442990275 - pos <2121.612549, 18.358942, 9166.325195> - islocked:false - password:42014201) initialized
22-3-28 | Toyota Land Cruiser 200 (ownerId:308099129 - pos <3522.993896, 22.781891, 4590.057617> - islocked:true - password:9131988) initialized
22-3-28 | Olga 24 (ownerId:839735782 - pos <3591.365479, 10.842171, 3410.549805> - islocked:true - password:13579086) initialized
22-3-28 | YAR_87 Camo2  (ownerId:34611550 - pos <7501.516602, 3.344768, 5638.632324> - islocked:true - password:19892004) initialized
22-3-28 | Ada 4x4 (ownerId:18558559 - pos <3945.463623, 24.960697, 4853.159668> - islocked:true - password:72066666) initialized
22-3-28 | LUAZ 969 blue (ownerId:354151095 - pos <6972.173340, 14.597526, 5701.598145> - islocked:true - password:4250425) initialized
22-3-28 | M3S Covered (ownerId:442990275 - pos <5681.083496, 32.797295, 5269.937012> - islocked:true - password:37579090) initialized
22-3-28 | MOSKVICH 2140 (ownerId:304057481 - pos <6950.713379, 14.669799, 5719.597656> - islocked:true - password:42687931) initialized
22-3-28 | UAZ 3909 Khaki1 (ownerId:36527682 - pos <7717.198730, 36.455570, 6070.719727> - islocked:true - password:93991005) initialized
22-3-28 | Olga 24 (ownerId:36527682 - pos <7733.397461, 36.107780, 6085.732910> - islocked:true - password:10939910) initialized
