Creation Time: 2023_6_13-0-0-52
0-0-52 | Jeep Wrangler (ownerId:944065078 - pos <5664.309082, 28.974903, 5335.381836> - islocked:false - password:97319731) initialized
0-0-52 | Ada 4x4 (ownerId:839735782 - pos <5859.894531, 44.990219, 4891.105469> - islocked:true - password:1051997) initialized
0-0-52 | UAZ_2315 Red (ownerId:405166905 - pos <4616.269043, 5.535762, 4798.637207> - islocked:true - password:1111991) initialized
0-0-52 | Olga 24 (ownerId:405166905 - pos <4608.530762, 5.446144, 4793.423340> - islocked:true - password:1111991) initialized
0-0-52 | MOSKVICH 2140 (ownerId:54276291 - pos <5441.194336, 6.788361, 4639.565918> - islocked:true - password:12348262) initialized
0-0-52 | MH-6M Little Bird - Camo (ownerId:405166905 - pos <5474.573730, 14.927162, 4509.745117> - islocked:true - password:1111991) initialized
0-0-52 | MOSKVICH 2140 (ownerId:288122462 - pos <6883.863281, 34.121441, 5878.004883> - islocked:true - password:12321123) initialized
0-0-52 | Audi RS6 (ownerId:85319837 - pos <5682.159668, 33.492886, 5242.700195> - islocked:true - password:1111110) initialized
0-0-52 | Sarka 120 (ownerId:144736642 - pos <5665.644043, 33.473530, 5253.968262> - islocked:true - password:41941941) initialized
0-0-52 | MOSKVICH 2140 (ownerId:137318436 - pos <4304.499512, 3.855568, 4680.524902> - islocked:true - password:20090909) initialized
0-0-52 | Olga 24 (ownerId:416867315 - pos <5378.852539, 74.598724, 3968.254150> - islocked:true - password:19993420) initialized
0-0-52 | YAR_87 Camo2  (ownerId:34611550 - pos <2479.783203, 18.703518, 13963.022461> - islocked:true - password:19892004) initialized
0-0-52 | MH-6M Little Bird - Desert (ownerId:132652049 - pos <10045.665039, 8.208424, 1098.988281> - islocked:false - password:13579246) initialized
0-0-52 | MH-6M Little Bird - Camo (ownerId:369601190 - pos <9885.496094, 23.061432, 10992.030273> - islocked:true - password:80081355) initialized
0-0-52 | Olga 24 (ownerId:86564395 - pos <12785.870117, 5.458195, 9917.776367> - islocked:true - password:59005900) initialized
0-0-52 | ToyotaHilux White (ownerId:60592768 - pos <9559.651367, 4.320578, 5946.356445> - islocked:true - password:19651965) initialized
0-0-52 | Olga 24 (ownerId:501895347 - pos <3569.440674, 21.093964, 6543.833008> - islocked:true - password:42775920) initialized
0-0-52 | ToyotaHilux Camo (ownerId:442990275 - pos <1973.551025, 10.226635, 8862.545898> - islocked:true - password:42014201) initialized
0-0-52 | STR_Camaro_Lesnik_name (ownerId:442990275 - pos <1956.948975, 9.871472, 8871.366211> - islocked:true - password:42014201) initialized
0-0-52 | ToyotaHilux Camo (ownerId:369601190 - pos <1585.867432, 10.096207, 9051.075195> - islocked:false - password:80081355) initialized
0-0-52 | Robinson R22 Helicopter (ownerId:249230507 - pos <8098.369141, 13.009299, 9340.552734> - islocked:true - password:33333333) initialized
0-0-52 | M3S Covered (ownerId:249230507 - pos <8083.496094, 12.397177, 9358.621094> - islocked:true - password:33333333) initialized
0-0-52 | STR_EGER_name (ownerId:980466132 - pos <3689.007813, 12.083233, 9772.873047> - islocked:true - password:22392239) initialized
0-0-52 | Jeep Wrangler black  (ownerId:308099129 - pos <3929.318359, 12.055122, 7918.307129> - islocked:true - password:9131988) initialized
0-0-52 | Jeep Wrangler Blue (ownerId:34611550 - pos <4246.239258, 21.212748, 7292.730957> - islocked:true - password:19892004) initialized
0-0-52 | MH-6M Little Bird (ownerId:34611550 - pos <4271.984863, 21.744884, 7303.545410> - islocked:true - password:19892004) initialized
0-0-52 | M3S Covered (ownerId:86564395 - pos <4550.290527, 27.460142, 7875.549805> - islocked:false - password:59005900) initialized
0-0-52 | LUAZ 969 black (ownerId:36527682 - pos <7718.376953, 36.262543, 6068.660645> - islocked:true - password:93991005) initialized
0-0-52 | LUAZ 969 black (ownerId:88929178 - pos <4146.068848, 4.054655, 4199.203125> - islocked:true - password:371400) initialized
0-13-8 | Olga 24 (ownerId:416867315 - pos <5378.612793, 73.987762, 3968.284180> - islocked:true - password:19993420) has been deleted
