Creation Time: 2023_6_4-18-0-47
18-0-47 | MH-6M Little Bird - Desert (ownerId:132652049 - pos <10045.665039, 8.208422, 1098.988281> - islocked:false - password:13579246) initialized
18-0-47 | Robinson R22 Helicopter (ownerId:249230507 - pos <15721.611328, 39.984161, 4669.122070> - islocked:true - password:33333333) initialized
18-0-47 | YAR_87 Camo2  (ownerId:34611550 - pos <2479.805908, 18.706268, 13963.030273> - islocked:true - password:19892004) initialized
18-0-47 | Olga 24 (ownerId:442990275 - pos <1974.362915, 10.094173, 8857.602539> - islocked:true - password:42014201) initialized
18-0-47 | UAZ_2315 Red (ownerId:405166905 - pos <3412.386719, 19.420700, 4543.568848> - islocked:true - password:1111991) initialized
18-0-47 | Olga 24 (ownerId:86564395 - pos <4148.220703, 6.207241, 10693.446289> - islocked:true - password:59005900) initialized
18-0-47 | STR_EGER_name (ownerId:980466132 - pos <3688.978271, 12.082728, 9772.874023> - islocked:true - password:22392239) initialized
18-0-47 | Sarka 120 (ownerId:144736642 - pos <7340.155273, 7.426150, 8406.083984> - islocked:true - password:41941941) initialized
18-0-47 | ToyotaHilux White (ownerId:60592768 - pos <9560.008789, 4.309816, 5946.573242> - islocked:true - password:19651965) initialized
18-0-47 | LUAZ 969 black (ownerId:36527682 - pos <7718.376953, 36.262550, 6068.660645> - islocked:true - password:93991005) initialized
18-0-47 | Jeep Wrangler black  (ownerId:308099129 - pos <3929.318359, 12.055122, 7918.307129> - islocked:true - password:9131988) initialized
18-0-47 | M3S Covered (ownerId:86564395 - pos <4550.290527, 27.460178, 7875.549805> - islocked:false - password:59005900) initialized
18-0-47 | Jeep Wrangler Blue (ownerId:34611550 - pos <4246.239258, 21.212746, 7292.730957> - islocked:true - password:19892004) initialized
18-0-47 | MH-6M Little Bird (ownerId:34611550 - pos <4271.984863, 21.744884, 7303.545410> - islocked:true - password:19892004) initialized
18-0-47 | Jeep Wrangler (ownerId:944065078 - pos <5667.188477, 29.417551, 5339.477051> - islocked:false - password:97319731) initialized
18-0-47 | STR_Camaro_Lesnik_name (ownerId:442990275 - pos <5676.575195, 33.048012, 5270.661621> - islocked:true - password:42014201) initialized
18-0-47 | ToyotaHilux Camo (ownerId:442990275 - pos <5679.793945, 33.439724, 5269.023438> - islocked:true - password:42014201) initialized
18-0-47 | MH-6M Little Bird - Camo (ownerId:369601190 - pos <5656.245117, 34.664543, 5240.413574> - islocked:true - password:80081355) initialized
18-0-47 | Audi RS6 (ownerId:85319837 - pos <5681.896484, 33.506855, 5242.673340> - islocked:true - password:1111110) initialized
18-0-47 | Ada 4x4 (ownerId:839735782 - pos <5860.714355, 44.855946, 4895.189453> - islocked:true - password:1051997) initialized
18-0-47 | MOSKVICH 2140 (ownerId:54276291 - pos <5440.654297, 6.834634, 4639.791992> - islocked:true - password:12348262) initialized
18-0-47 | Olga 24 (ownerId:501895347 - pos <5663.074219, 28.598713, 5463.732910> - islocked:true - password:42775920) initialized
18-0-47 | MOSKVICH 2140 (ownerId:288122462 - pos <6883.863281, 34.121437, 5878.004883> - islocked:true - password:12321123) initialized
18-0-47 | Olga 24 (ownerId:416867315 - pos <5378.852051, 74.598732, 3968.254395> - islocked:true - password:19993420) initialized
18-0-47 | MOSKVICH 2140 (ownerId:137318436 - pos <4304.500488, 3.855561, 4680.525391> - islocked:true - password:20090909) initialized
18-0-47 | LUAZ 969 black (ownerId:88929178 - pos <4142.233398, 4.172173, 4201.198242> - islocked:true - password:371400) initialized
18-24-18 | Olga 24 (ownerId:442990275 - pos <1957.858887, 9.755429, 8860.450195> - islocked:true - password:42014201) new car claimed
18-24-18 | Olga 24 (ownerId:442990275 - pos <1957.858887, 9.748539, 8860.450195> - islocked:true - password:42014201) initialized
18-24-40 | Olga 24 (ownerId:442990275 - pos <1957.849609, 9.483132, 8860.449219> - islocked:true - password:42014201) has been deleted
18-43-30 | Olga 24 (ownerId:442990275 - pos <5604.401367, 28.714281, 5375.854004> - islocked:false - password:42014201) has been deleted
20-58-47 | M3S Covered (ownerId:249230507 - pos <8282.140625, 4.975637, 9352.204102> - islocked:true - password:33333333) new car claimed
21-33-6 | MH-6M Little Bird - Camo (ownerId:369601190 - pos <15855.025391, 21.220438, 4793.342285> - islocked:false - password:80081355) has been deleted
21-33-27 | MH-6M Little Bird - Camo (ownerId:369601190 - pos <0.000000, 0.300000, 0.000000> - islocked:true - password:80081355) new car claimed
21-33-27 | MH-6M Little Bird - Camo (ownerId:369601190 - pos <0.000000, 99.351944, 0.000000> - islocked:true - password:80081355) initialized
21-33-29 | MH-6M Little Bird - Camo (ownerId:369601190 - pos <-0.000010, 99.284485, -0.000073> - islocked:true - password:80081355) has been deleted
21-40-38 | Olga 24 (ownerId:442990275 - pos <15744.247070, 57.821289, 4736.254883> - islocked:true - password:42014201) new car claimed
21-40-38 | Olga 24 (ownerId:442990275 - pos <15744.247070, 57.821289, 4736.254883> - islocked:true - password:42014201) initialized
21-42-23 | Olga 24 (ownerId:442990275 - pos <15797.853516, 40.680313, 4767.628906> - islocked:false - password:42014201) has been deleted
21-43-23 | Olga 24 (ownerId:442990275 - pos <15850.449219, 21.686039, 4792.544922> - islocked:true - password:42014201) new car claimed
21-43-23 | Olga 24 (ownerId:442990275 - pos <15850.449219, 21.679415, 4792.544922> - islocked:true - password:42014201) initialized
21-43-29 | Olga 24 (ownerId:442990275 - pos <15851.851563, 22.484932, 4800.888672> - islocked:true - password:42014201) new car claimed
21-43-29 | Olga 24 (ownerId:442990275 - pos <15851.851563, 22.484932, 4800.888672> - islocked:true - password:42014201) initialized
22-0-3 | Olga 24 (ownerId:442990275 - pos <15894.853516, 17.348694, 4922.531738> - islocked:false - password:42014201) has been deleted
22-5-3 | Olga 24 (ownerId:442990275 - pos <15591.778320, 3.489834, 4610.868164> - islocked:true - password:42014201) new car claimed
22-5-3 | Olga 24 (ownerId:442990275 - pos <15591.778320, 3.489834, 4610.868164> - islocked:true - password:42014201) initialized
22-18-40 | Olga 24 (ownerId:442990275 - pos <15715.405273, 33.666401, 4872.616211> - islocked:false - password:42014201) has been deleted
22-22-49 | Olga 24 (ownerId:442990275 - pos <15583.900391, 3.489834, 4609.378906> - islocked:true - password:42014201) new car claimed
22-22-49 | Olga 24 (ownerId:442990275 - pos <15583.900391, 3.489834, 4609.378906> - islocked:true - password:42014201) initialized
23-21-10 | Olga 24 (ownerId:442990275 - pos <5689.398438, 32.874546, 5263.957031> - islocked:false - password:42014201) has been deleted
23-28-9 | Olga 24 (ownerId:442990275 - pos <5686.028320, 32.821083, 5266.292480> - islocked:false - password:-1) new car claimed
23-29-46 | Olga 24 (ownerId:369601190 - pos <5686.028320, 32.821075, 5266.292480> - islocked:true - password:80081355) new car claimed
