Creation Time: 2023_5_20-12-0-48
12-0-48 | Buggy (ownerId:85319837 - pos <5605.895020, 29.405003, 5349.769043> - islocked:false - password:9151985) initialized
12-0-48 | MBB Bo-105m Helicopter - blackcamo (ownerId:132652049 - pos <5673.023438, 29.476910, 5388.885254> - islocked:true - password:86753099) initialized
12-0-48 | Jeep Wrangler (ownerId:85319837 - pos <5631.687500, 29.254873, 5422.513672> - islocked:true - password:9151985) initialized
12-0-48 | LUAZ 969 rust (ownerId:88929178 - pos <5628.406738, 29.291822, 5419.655762> - islocked:true - password:371400) initialized
12-0-48 | UAZ 3909 Khaki1 (ownerId:36527682 - pos <5615.985352, 29.494305, 5350.041504> - islocked:true - password:93991005) initialized
12-0-48 | UAZ_2315 Camo2 (ownerId:442990275 - pos <5644.510254, 28.526606, 5432.415039> - islocked:true - password:37579090) initialized
12-0-48 | Gaz 71 (ownerId:980466132 - pos <5631.529785, 29.531254, 5381.229004> - islocked:true - password:22392239) initialized
12-0-48 | LUAZ 969 blue (ownerId:354151095 - pos <5635.620117, 33.979294, 5253.325195> - islocked:false - password:4250425) initialized
12-0-48 | MOSKVICH 2140 (ownerId:419387242 - pos <6386.171875, 23.181307, 6685.270508> - islocked:true - password:58625862) initialized
12-0-48 | MOSKVICH 2140 (ownerId:944065078 - pos <6404.186035, 22.910471, 6742.445313> - islocked:true - password:97319731) initialized
12-0-48 | Olga 24 (ownerId:839735782 - pos <6001.962402, 13.769382, 4956.404297> - islocked:true - password:13579086) initialized
12-0-48 | MOSKVICH 2140 (ownerId:304057481 - pos <6950.713379, 14.669977, 5719.609375> - islocked:true - password:42687931) initialized
12-0-48 | Ford Raptor Red (ownerId:157174770 - pos <7506.020508, 3.207109, 5637.966797> - islocked:true - password:19892004) initialized
12-0-48 | ToyotaHilux Red (ownerId:60592768 - pos <9561.834961, 4.365480, 5943.566406> - islocked:true - password:19651965) initialized
12-0-48 | Jeep Wrangler black  (ownerId:132652049 - pos <10784.436523, 3.303206, 3261.388916> - islocked:true - password:17392468) initialized
12-0-48 | Cougar Camo kamo (ownerId:980466132 - pos <1430.430786, 3.097337, 6773.623535> - islocked:true - password:22392239) initialized
12-0-48 | STR_Camaro_Nest_name (ownerId:137318436 - pos <4251.773926, 20.983665, 7300.036133> - islocked:true - password:20090909) initialized
12-0-48 | Offroad Range Rover police  (ownerId:6938606 - pos <4247.775391, 21.095659, 7296.859863> - islocked:true - password:20090909) initialized
12-0-48 | MH-6M Little Bird (ownerId:89279995 - pos <4268.140625, 21.848577, 7299.724609> - islocked:true - password:20090909) initialized
12-14-36 | Nissan warrior White kamo (ownerId:34611550 - pos <6034.844727, 5.975407, 14982.319336> - islocked:true - password:19892004) new car claimed
13-10-2 | Nissan warrior White kamo (ownerId:34611550 - pos <6045.534180, 5.975410, 14753.136719> - islocked:true - password:19892004) has been deleted
16-30-32 | HAMMER_H1 black (ownerId:405166905 - pos <7172.953613, 5.098433, 1444.998657> - islocked:true - password:1111991) new car claimed
17-26-7 | STR_Kart_Orange_name (ownerId:108250772 - pos <5626.167480, 28.666130, 5375.538574> - islocked:true - password:78945612) new car claimed
17-26-35 | STR_Kart_Orange_name (ownerId:108250772 - pos <5626.167480, 28.666130, 5375.538574> - islocked:true - password:78945612) has been deleted
