Creation Time: 2023_5_30-6-0-45
6-0-45 | Olga 24 (ownerId:442990275 - pos <1974.350464, 10.094154, 8857.602539> - islocked:true - password:42014201) initialized
6-0-45 | Olga 24 (ownerId:442990275 - pos <11671.031250, 6.307631, 2077.396240> - islocked:true - password:42014201) initialized
6-0-45 | MH-6M Little Bird - Desert (ownerId:132652049 - pos <10045.665039, 8.208422, 1098.988281> - islocked:false - password:13579246) initialized
6-0-45 | Robinson R22 Helicopter (ownerId:249230507 - pos <15722.572266, 39.841644, 4669.313477> - islocked:true - password:33333333) initialized
6-0-45 | ToyotaHilux White (ownerId:60592768 - pos <1548.093994, 9.051205, 15668.812500> - islocked:true - password:19651965) initialized
6-0-45 | LUAZ 969 black (ownerId:36527682 - pos <7716.694336, 36.276524, 6069.650391> - islocked:true - password:93991005) initialized
6-0-45 | MOSKVICH 2140 (ownerId:288122462 - pos <6883.863281, 34.121433, 5878.005371> - islocked:true - password:12321123) initialized
6-0-45 | MOSKVICH 2140 (ownerId:137318436 - pos <4304.500488, 3.855561, 4680.526367> - islocked:true - password:20090909) initialized
6-0-45 | LUAZ 969 black (ownerId:88929178 - pos <4141.052246, 4.194546, 4206.727051> - islocked:true - password:371400) initialized
6-0-45 | MOSKVICH 2140 (ownerId:54276291 - pos <5440.048828, 6.863106, 4639.807617> - islocked:true - password:12348262) initialized
6-0-45 | Ada 4x4 (ownerId:839735782 - pos <5856.363770, 44.836685, 4895.979980> - islocked:true - password:1051997) initialized
6-0-45 | Sarka 120 (ownerId:839735782 - pos <5860.067871, 44.756069, 4898.004395> - islocked:true - password:1051997) initialized
6-0-45 | Audi RS6 (ownerId:85319837 - pos <5665.601563, 33.541645, 5222.261230> - islocked:true - password:1111110) initialized
6-0-45 | ToyotaHilux Camo2 (ownerId:369601190 - pos <5648.567871, 34.032764, 5251.588379> - islocked:true - password:4031965) initialized
6-0-45 | Sarka 120 (ownerId:144736642 - pos <5672.472168, 33.542885, 5276.784668> - islocked:true - password:41941941) initialized
6-0-45 | UAZ_2315 Red (ownerId:405166905 - pos <5629.238281, 28.799307, 5330.634766> - islocked:true - password:1111991) initialized
6-0-45 | SCOUT Black (ownerId:442990275 - pos <5685.079102, 33.549881, 5267.827637> - islocked:true - password:42014201) initialized
6-0-45 | Jeep Wrangler (ownerId:944065078 - pos <5637.950684, 29.292648, 5346.687988> - islocked:false - password:97319731) initialized
6-0-45 | Olga 24 (ownerId:442990275 - pos <4432.072266, 5.424159, 2870.047363> - islocked:false - password:42014201) initialized
8-53-46 | YAR_87 Camo2  (ownerId:34611550 - pos <4240.324707, 20.867624, 7284.010742> - islocked:true - password:19892004) new car claimed
8-53-46 | YAR_87 Camo2  (ownerId:34611550 - pos <4240.324707, 20.867624, 7284.010742> - islocked:true - password:19892004) initialized
