Creation Time: 2023_5_28-6-0-46
6-0-46 | LUAZ 969 black (ownerId:88929178 - pos <8476.401367, 5.716349, 8811.038086> - islocked:true - password:371400) initialized
6-0-46 | MOSKVICH 2140 (ownerId:369601190 - pos <4935.890625, 17.708118, 8481.759766> - islocked:false - password:4031965) initialized
6-0-46 | MOSKVICH 2140 (ownerId:137318436 - pos <4304.500488, 3.855570, 4680.526367> - islocked:true - password:20090909) initialized
6-0-46 | UAZ_2315 Red (ownerId:405166905 - pos <4620.191406, 5.638673, 4799.024902> - islocked:true - password:1111991) initialized
6-0-46 | MOSKVICH 2140 (ownerId:288122462 - pos <6884.190918, 34.121208, 5877.878906> - islocked:true - password:12321123) initialized
6-0-46 | ToyotaHilux Camo (ownerId:442990275 - pos <5655.871582, 28.852072, 5485.724609> - islocked:true - password:42014201) initialized
6-0-46 | Sarka 120 (ownerId:839735782 - pos <5603.762695, 28.772593, 5349.439453> - islocked:true - password:1051997) initialized
6-0-46 | M3S Covered (ownerId:839735782 - pos <5609.166992, 28.798399, 5348.383789> - islocked:true - password:1051997) initialized
6-0-46 | MOSKVICH 2140 (ownerId:54276291 - pos <5439.833008, 6.873313, 4639.811035> - islocked:true - password:12348262) initialized
6-0-46 | Ada 4x4 (ownerId:839735782 - pos <5858.056152, 44.623810, 4865.344727> - islocked:true - password:1051997) initialized
6-0-46 | MH-6M Little Bird - Desert (ownerId:132652049 - pos <10045.875000, 4.817987, 1121.907959> - islocked:false - password:13579246) initialized
9-11-26 | ToyotaHilux White (ownerId:60592768 - pos <5595.040039, 28.714741, 5364.503906> - islocked:true - password:19651965) new car claimed
9-31-28 | Olga 24 (ownerId:442990275 - pos <3365.831055, 20.352716, 6539.226563> - islocked:true - password:42014201) new car claimed
9-31-52 | Olga 24 (ownerId:442990275 - pos <3365.831055, 20.352716, 6539.226563> - islocked:true - password:42014201) has been deleted
10-11-17 | Olga 24 (ownerId:442990275 - pos <5609.124023, 29.094770, 5353.905762> - islocked:true - password:42014201) new car claimed
10-11-17 | Olga 24 (ownerId:442990275 - pos <5609.124023, 29.094770, 5353.905762> - islocked:true - password:42014201) initialized
10-14-42 | Sarka 120 (ownerId:442990275 - pos <5600.949707, 29.010025, 5357.408203> - islocked:true - password:42014201) new car claimed
10-14-42 | Sarka 120 (ownerId:442990275 - pos <5600.949707, 29.010025, 5357.408203> - islocked:true - password:42014201) initialized
10-18-18 | Olga 24 (ownerId:442990275 - pos <5609.147461, 28.779600, 5353.916016> - islocked:true - password:42014201) has been deleted
10-18-47 | Sarka 120 (ownerId:442990275 - pos <5600.946777, 28.686050, 5357.410156> - islocked:true - password:42014201) has been deleted
10-31-19 | M3S Covered (ownerId:839735782 - pos <5617.077637, 28.594101, 5350.000977> - islocked:true - password:1051997) new car claimed
