Creation Time: 2023_7_16-0-0-53
0-0-53 | UAZ 3909 Police (ownerId:60592768 - pos <3231.902100, 3.497946, 1731.628052> - islocked:true - password:13121312) initialized
0-0-53 | STR_Camaro_Nest_name (ownerId:60592768 - pos <3239.624756, 3.116041, 1718.416748> - islocked:true - password:13121312) initialized
0-0-53 | Sarka 120 (ownerId:442990275 - pos <5277.362793, 5.371154, 12412.980469> - islocked:true - password:42014201) initialized
0-0-53 | Sarka 120 (ownerId:132652049 - pos <5035.536133, 12.430239, 9082.862305> - islocked:true - password:9021997) initialized
0-0-53 | MUSTANG Red (ownerId:407766611 - pos <5623.961914, 29.489393, 5376.134766> - islocked:true - password:55555552) initialized
0-0-53 | UAZ 3909 Beige (ownerId:795695470 - pos <5657.623535, 29.497906, 5424.181641> - islocked:true - password:8031991) initialized
0-0-53 | Oshkosh grey (ownerId:64819467 - pos <4254.560059, 21.380009, 7269.286621> - islocked:true - password:7101993) initialized
0-0-53 | STR_EGER_GreenCamo_name (ownerId:197257182 - pos <5643.623535, 28.983149, 5431.756836> - islocked:true - password:48151623) initialized
0-0-53 | Toyota Land Cruiser 200 Camo (ownerId:119311623 - pos <4270.102051, 21.010040, 7265.342285> - islocked:true - password:7101993) initialized
0-0-53 | SCOUT Black (ownerId:442990275 - pos <2939.575195, 18.522085, 8463.503906> - islocked:true - password:37579090) initialized
0-0-53 | STR_EGER_GreenCamo_name (ownerId:523991778 - pos <5899.111816, 37.135601, 5221.917969> - islocked:false - password:22392239) initialized
0-0-53 | Ada 4x4 (ownerId:523991778 - pos <5904.194336, 36.585861, 5221.080078> - islocked:true - password:22392239) initialized
0-0-53 | Nissan warrior Camo (ownerId:48698262 - pos <2975.794678, 9.585058, 6059.808105> - islocked:false - password:48151623) initialized
0-0-53 |  Novator Flecktarn (ownerId:48698262 - pos <2958.468994, 8.893284, 6042.723145> - islocked:false - password:48151623) initialized
0-0-53 | Gunter 2 (ownerId:218588421 - pos <3803.114502, 7.168362, 5908.738770> - islocked:false - password:3081984) initialized
0-0-53 | Ada 4x4 (ownerId:369601190 - pos <5669.982422, 33.652836, 5252.999023> - islocked:true - password:42014201) initialized
0-0-53 | Sarka 120 (ownerId:119311623 - pos <3654.900146, 21.082352, 6715.413086> - islocked:true - password:7101993) initialized
0-0-53 | Gunter 2 (ownerId:48698262 - pos <1999.859863, 9.873891, 9051.088867> - islocked:true - password:48151623) initialized
0-0-53 | UH-60 Blackhawk - blackblackhawk (ownerId:88929178 - pos <4425.668457, 11.961812, 4604.787598> - islocked:true - password:371400) initialized
0-0-53 | STR_SCOUT_snik2_name (ownerId:88929178 - pos <4425.311523, 6.939294, 4607.035156> - islocked:true - password:371400) initialized
0-0-53 | Robinson R22 Helicopter - Black (ownerId:88929178 - pos <4442.771973, 6.371359, 4634.953125> - islocked:true - password:78932100) initialized
0-0-53 | Offroad Range Rover Yellow  (ownerId:103808025 - pos <6998.138184, 41.555065, 5946.557617> - islocked:true - password:55677777) initialized
0-0-53 | Offroad Range Rover police  (ownerId:60592768 - pos <6484.637207, 46.156952, 3843.592041> - islocked:true - password:13121312) initialized
0-52-3 | Sarka 120 (ownerId:442990275 - pos <5277.511719, 4.746065, 12413.040039> - islocked:false - password:42014201) has been deleted
1-0-5 | UAZ 3909 Ambulance (ownerId:108250772 - pos <5649.655273, 34.235806, 5220.249023> - islocked:true - password:9102021) new car claimed
1-4-4 | Oshkosh (ownerId:197257182 - pos <2966.952637, 9.192769, 6063.906738> - islocked:true - password:48151623) new car claimed
1-4-4 | Oshkosh (ownerId:197257182 - pos <2966.952637, 9.192769, 6063.906738> - islocked:true - password:48151623) initialized
1-21-50 | UAZ 3909 Ambulance (ownerId:108250772 - pos <9312.925781, 31.023066, 5349.662598> - islocked:false - password:9102021) has been deleted
1-26-20 | BMW X5 Flecktarn (ownerId:53415379 - pos <5601.520508, 28.710632, 5359.258789> - islocked:true - password:7101993) new car claimed
1-44-58 | Jeep Wrangler Camo (ownerId:85319837 - pos <5601.086914, 28.918688, 5347.658691> - islocked:true - password:77899511) new car claimed
2-1-50 | MOSKVICH 2140 (ownerId:882346394 - pos <6970.642578, 30.815474, 5812.947754> - islocked:true - password:42091103) new car claimed
