Creation Time: 2023_6_10-12-0-48
12-0-48 | YAR_87 Camo2  (ownerId:34611550 - pos <2479.786865, 18.702406, 13963.013672> - islocked:true - password:19892004) initialized
12-0-48 | MH-6M Little Bird - Desert (ownerId:132652049 - pos <10045.665039, 8.208423, 1098.988281> - islocked:false - password:13579246) initialized
12-0-48 | ToyotaHilux White (ownerId:60592768 - pos <9559.644531, 4.320548, 5946.363281> - islocked:true - password:19651965) initialized
12-0-48 | MH-6M Little Bird - Camo (ownerId:369601190 - pos <1571.527954, 10.481435, 9032.277344> - islocked:true - password:80081355) initialized
12-0-48 | MUSTANG Red (ownerId:369601190 - pos <1591.123535, 10.144398, 9048.640625> - islocked:false - password:80081355) initialized
12-0-48 | ToyotaHilux Camo (ownerId:369601190 - pos <1585.869629, 10.096197, 9051.075195> - islocked:false - password:80081355) initialized
12-0-48 | STR_Camaro_Lesnik_name (ownerId:442990275 - pos <1956.193726, 9.871477, 8872.092773> - islocked:true - password:42014201) initialized
12-0-48 | M3S Covered (ownerId:249230507 - pos <8282.205078, 5.025873, 9352.316406> - islocked:false - password:33333333) initialized
12-0-48 | STR_EGER_name (ownerId:980466132 - pos <3689.000244, 12.085099, 9772.873047> - islocked:true - password:22392239) initialized
12-0-48 | Sarka 120 (ownerId:144736642 - pos <7340.216797, 7.426130, 8406.367188> - islocked:true - password:41941941) initialized
12-0-48 | Olga 24 (ownerId:86564395 - pos <5683.289063, 5.538074, 9264.157227> - islocked:true - password:59005900) initialized
12-0-48 | M3S Covered (ownerId:86564395 - pos <4550.290527, 27.460163, 7875.549805> - islocked:false - password:59005900) initialized
12-0-48 | Robinson R22 Helicopter (ownerId:249230507 - pos <13657.301758, 13.561207, 9924.614258> - islocked:true - password:33333333) initialized
12-0-48 | Jeep Wrangler black  (ownerId:308099129 - pos <3929.318359, 12.055122, 7918.307129> - islocked:true - password:9131988) initialized
12-0-48 | MH-6M Little Bird (ownerId:34611550 - pos <4271.984863, 21.744888, 7303.545410> - islocked:true - password:19892004) initialized
12-0-48 | Jeep Wrangler Blue (ownerId:34611550 - pos <4246.239258, 21.212746, 7292.730957> - islocked:true - password:19892004) initialized
12-0-48 | Olga 24 (ownerId:501895347 - pos <3569.449219, 21.093908, 6543.831543> - islocked:true - password:42775920) initialized
12-0-48 | LUAZ 969 black (ownerId:36527682 - pos <7718.376953, 36.262547, 6068.660645> - islocked:true - password:93991005) initialized
12-0-48 | LUAZ 969 black (ownerId:88929178 - pos <4146.070313, 4.054605, 4199.204590> - islocked:true - password:371400) initialized
12-0-48 | MOSKVICH 2140 (ownerId:288122462 - pos <6883.863281, 34.121437, 5878.004883> - islocked:true - password:12321123) initialized
12-0-48 | MOSKVICH 2140 (ownerId:54276291 - pos <5441.157715, 6.791492, 4639.576660> - islocked:true - password:12348262) initialized
12-0-48 | UAZ_2315 Red (ownerId:405166905 - pos <4616.445313, 5.541215, 4798.669922> - islocked:true - password:1111991) initialized
12-0-48 | Olga 24 (ownerId:405166905 - pos <4609.125488, 5.445554, 4794.639648> - islocked:true - password:1111991) initialized
12-0-48 | Ada 4x4 (ownerId:839735782 - pos <5859.894043, 44.990211, 4891.104980> - islocked:true - password:1051997) initialized
12-0-48 | ToyotaHilux Camo (ownerId:442990275 - pos <5645.991211, 28.503233, 5434.617676> - islocked:true - password:42014201) initialized
12-0-48 | Olga 24 (ownerId:416867315 - pos <5378.852539, 74.598732, 3968.254150> - islocked:true - password:19993420) initialized
12-0-48 | Jeep Wrangler (ownerId:944065078 - pos <5664.309082, 28.975876, 5335.381836> - islocked:false - password:97319731) initialized
12-0-48 | Audi RS6 (ownerId:85319837 - pos <5682.155762, 33.492638, 5242.701660> - islocked:true - password:1111110) initialized
12-0-48 | MOSKVICH 2140 (ownerId:137318436 - pos <4304.499512, 3.855578, 4680.525391> - islocked:true - password:20090909) initialized
