Creation Time: 2023_5_26-15-31-41
15-31-41 | HAMMER_H1 black (ownerId:405166905 - pos <5195.087891, 4.949642, 5315.449219> - islocked:true - password:1111991) initialized
15-31-41 | Sarka 120 (ownerId:442990275 - pos <5678.124512, 33.365650, 5271.215332> - islocked:true - password:42014201) initialized
15-31-41 | M3S Covered (ownerId:442990275 - pos <5681.028809, 32.784798, 5269.745117> - islocked:true - password:37579090) initialized
15-31-41 | MBB Bo-105m Helicopter - blackcamo (ownerId:132652049 - pos <5674.237305, 29.476894, 5388.618164> - islocked:true - password:86753099) initialized
15-31-41 | LUAZ 969 rust (ownerId:88929178 - pos <5625.482910, 29.296349, 5419.026855> - islocked:true - password:371400) initialized
15-31-41 | Sarka 120 (ownerId:108250772 - pos <5617.106445, 28.686020, 5394.022949> - islocked:true - password:3181989) initialized
15-31-41 | SUV Camo (ownerId:442990275 - pos <5597.395508, 29.418962, 5389.420410> - islocked:true - password:42014201) initialized
15-31-41 | Ada 4x4 (ownerId:18558559 - pos <3945.644287, 24.960705, 4846.260742> - islocked:true - password:72066666) initialized
15-31-41 | STR_EGER_name (ownerId:69839805 - pos <4654.457031, 21.427406, 6880.252930> - islocked:true - password:20090909) initialized
15-31-41 | Toyota Land Cruiser 200 (ownerId:308099129 - pos <3522.995117, 22.781895, 4590.057617> - islocked:true - password:9131988) initialized
15-31-41 | Gaz 71 Black (ownerId:137318436 - pos <4248.160156, 21.428879, 7293.649902> - islocked:true - password:20090909) initialized
15-31-41 | UH-60 Blackhawk - blackblackhawk (ownerId:69839805 - pos <4261.034668, 21.234699, 7310.648926> - islocked:true - password:20090909) initialized
15-31-41 | Sarka 120 (ownerId:18558559 - pos <9030.003906, 6.586038, 9422.953125> - islocked:true - password:72066666) initialized
15-31-41 | Jeep Wrangler (ownerId:288122462 - pos <8283.520508, 5.735122, 8844.367188> - islocked:true - password:12321321) initialized
15-31-41 | Jeep Wrangler black  (ownerId:132652049 - pos <10675.310547, 3.405123, 3158.458008> - islocked:true - password:17392468) initialized
15-31-41 | Olga 24 (ownerId:442990275 - pos <2121.612549, 18.358908, 9166.325195> - islocked:false - password:42014201) initialized
15-31-41 | Cougar Camo kamo (ownerId:980466132 - pos <1447.439697, 3.095235, 6767.592285> - islocked:true - password:22392239) initialized
15-31-41 | Olga 24 (ownerId:839735782 - pos <3591.365234, 10.842051, 3410.540283> - islocked:true - password:13579086) initialized
15-31-41 | MOSKVICH 2140 (ownerId:944065078 - pos <6394.415039, 23.181292, 6686.755859> - islocked:false - password:97319731) initialized
15-31-41 | MOSKVICH 2140 (ownerId:304057481 - pos <6950.713379, 14.669752, 5719.593262> - islocked:true - password:42687931) initialized
15-31-41 | LUAZ 969 blue (ownerId:354151095 - pos <6972.173340, 14.597523, 5701.597656> - islocked:true - password:4250425) initialized
15-31-41 | Olga 24 (ownerId:36527682 - pos <7733.397461, 36.107796, 6085.733398> - islocked:true - password:10939910) initialized
15-31-41 | UAZ 3909 Khaki1 (ownerId:36527682 - pos <7717.201172, 36.455589, 6070.715332> - islocked:true - password:93991005) initialized
15-31-41 | Sarka 120 (ownerId:369601190 - pos <7120.255371, 3.323932, 5280.194824> - islocked:true - password:4031965) initialized
15-31-41 | YAR_87 Camo2  (ownerId:34611550 - pos <8974.673828, 29.162544, 4216.719727> - islocked:false - password:19892004) initialized
16-47-14 | Olga 24 (ownerId:34611550 - pos <6913.785645, 38.794868, 6011.826660> - islocked:true - password:19892004) new car claimed
16-47-48 | Olga 24 (ownerId:34611550 - pos <6913.785645, 38.794868, 6011.826660> - islocked:true - password:19892004) has been deleted
