Creation Time: 2023_6_3-6-0-50
6-0-50 | MH-6M Little Bird - Desert (ownerId:132652049 - pos <10045.665039, 8.208423, 1098.988281> - islocked:false - password:13579246) initialized
6-0-50 | Robinson R22 Helicopter (ownerId:249230507 - pos <15721.681641, 39.990334, 4669.172852> - islocked:true - password:33333333) initialized
6-0-50 | Olga 24 (ownerId:442990275 - pos <11667.243164, 6.122722, 2074.086182> - islocked:true - password:42014201) initialized
6-0-50 | YAR_87 Camo2  (ownerId:34611550 - pos <2479.815674, 18.708565, 13963.040039> - islocked:true - password:19892004) initialized
6-0-50 | ToyotaHilux White (ownerId:60592768 - pos <9561.331055, 4.365254, 5943.978027> - islocked:true - password:19651965) initialized
6-0-50 | UAZ_2315 Red (ownerId:405166905 - pos <3412.398682, 19.420708, 4543.572266> - islocked:true - password:1111991) initialized
6-0-50 | Olga 24 (ownerId:442990275 - pos <1974.359741, 10.094190, 8857.602539> - islocked:true - password:42014201) initialized
6-0-50 | STR_EGER_name (ownerId:980466132 - pos <3688.972168, 12.082007, 9772.874023> - islocked:true - password:22392239) initialized
6-0-50 | Sarka 120 (ownerId:144736642 - pos <7340.157227, 7.426151, 8406.083984> - islocked:true - password:41941941) initialized
6-0-50 | Jeep Wrangler black  (ownerId:308099129 - pos <3929.318359, 12.055122, 7918.307129> - islocked:true - password:9131988) initialized
6-0-50 | Jeep Wrangler Blue (ownerId:34611550 - pos <4246.239258, 21.212748, 7292.730957> - islocked:true - password:19892004) initialized
6-0-50 | MH-6M Little Bird (ownerId:34611550 - pos <4271.984863, 21.744884, 7303.545410> - islocked:true - password:19892004) initialized
6-0-50 | Olga 24 (ownerId:86564395 - pos <4548.658691, 27.188728, 7863.088379> - islocked:true - password:59005900) initialized
6-0-50 | LUAZ 969 black (ownerId:36527682 - pos <7718.376953, 36.262550, 6068.660645> - islocked:true - password:93991005) initialized
6-0-50 | Olga 24 (ownerId:442990275 - pos <4432.088379, 5.423590, 2870.046143> - islocked:false - password:42014201) initialized
6-0-50 | LUAZ 969 black (ownerId:88929178 - pos <4142.233398, 4.172168, 4201.197754> - islocked:true - password:371400) initialized
6-0-50 | Jeep Wrangler (ownerId:944065078 - pos <5667.188477, 29.416082, 5339.476563> - islocked:false - password:97319731) initialized
6-0-50 | Olga 24 (ownerId:501895347 - pos <5602.782227, 29.403090, 5348.327148> - islocked:true - password:42775920) initialized
6-0-50 | Ada 4x4 (ownerId:839735782 - pos <5856.946289, 44.949017, 4892.955566> - islocked:true - password:1051997) initialized
6-0-50 | MOSKVICH 2140 (ownerId:54276291 - pos <5440.505859, 6.841542, 4639.796387> - islocked:true - password:12348262) initialized
6-0-50 | MOSKVICH 2140 (ownerId:288122462 - pos <6883.863281, 34.121441, 5878.004883> - islocked:true - password:12321123) initialized
6-0-50 | Audi RS6 (ownerId:85319837 - pos <5681.895020, 33.506737, 5242.674316> - islocked:true - password:1111110) initialized
6-0-50 | SUV (ownerId:369601190 - pos <5671.939941, 33.703598, 5250.680664> - islocked:true - password:80081355) initialized
6-0-50 | SCOUT Black (ownerId:442990275 - pos <5677.271973, 33.563229, 5273.336426> - islocked:true - password:42014201) initialized
6-0-50 | MOSKVICH 2140 (ownerId:137318436 - pos <4304.500488, 3.855553, 4680.524902> - islocked:true - password:20090909) initialized
