Creation Time: 2023_6_16-0-0-55
0-0-55 | YAR_87 Camo2  (ownerId:34611550 - pos <2479.782959, 18.703188, 13963.020508> - islocked:true - password:19892004) initialized
0-0-55 | MH-6M Little Bird - Desert (ownerId:132652049 - pos <10045.665039, 8.208423, 1098.988281> - islocked:false - password:13579246) initialized
0-0-55 | ToyotaHilux White (ownerId:60592768 - pos <9559.657227, 4.320511, 5946.353027> - islocked:true - password:19651965) initialized
0-0-55 | Olga 24 (ownerId:86564395 - pos <12784.178711, 5.557135, 9917.943359> - islocked:true - password:59005900) initialized
0-0-55 | LUAZ 969 black (ownerId:36527682 - pos <7718.376953, 36.262543, 6068.660645> - islocked:true - password:93991005) initialized
0-0-55 | STR_EGER_name (ownerId:980466132 - pos <3689.014404, 12.081408, 9772.872070> - islocked:true - password:22392239) initialized
0-0-55 | ToyotaHilux Camo (ownerId:369601190 - pos <1585.866699, 10.096197, 9051.075195> - islocked:false - password:80081355) initialized
0-0-55 | ToyotaHilux Camo (ownerId:442990275 - pos <1973.551758, 10.226625, 8862.547852> - islocked:true - password:42014201) initialized
0-0-55 | STR_Camaro_Lesnik_name (ownerId:442990275 - pos <1956.945313, 9.871472, 8871.368164> - islocked:true - password:42014201) initialized
0-0-55 | Jeep Wrangler black  (ownerId:308099129 - pos <3929.318359, 12.055122, 7918.307129> - islocked:true - password:9131988) initialized
0-0-55 | LUAZ 969 black (ownerId:88929178 - pos <4146.066895, 4.054712, 4199.202148> - islocked:true - password:371400) initialized
0-0-55 | M3S Covered (ownerId:86564395 - pos <4550.290527, 27.460150, 7875.549805> - islocked:false - password:59005900) initialized
0-0-55 | MH-6M Little Bird (ownerId:34611550 - pos <4271.984863, 21.744886, 7303.545410> - islocked:true - password:19892004) initialized
0-0-55 | Jeep Wrangler Blue (ownerId:34611550 - pos <4246.239258, 21.212746, 7292.730957> - islocked:true - password:19892004) initialized
0-0-55 | Olga 24 (ownerId:405166905 - pos <4608.530762, 5.446131, 4793.424316> - islocked:true - password:1111991) initialized
0-0-55 | UAZ_2315 Red (ownerId:405166905 - pos <4616.111328, 5.530845, 4798.578125> - islocked:true - password:1111991) initialized
0-0-55 | MH-6M Little Bird - Camo (ownerId:405166905 - pos <4739.913086, 11.925453, 4817.657715> - islocked:true - password:1111991) initialized
0-0-55 | MOSKVICH 2140 (ownerId:54276291 - pos <5441.234863, 6.784775, 4639.554199> - islocked:true - password:12348262) initialized
0-0-55 | Ada 4x4 (ownerId:839735782 - pos <5859.894043, 44.990211, 4891.104980> - islocked:true - password:1051997) initialized
0-0-55 | MH-6M Little Bird - Camo (ownerId:369601190 - pos <5652.024902, 34.759174, 5238.993652> - islocked:true - password:80081355) initialized
0-0-55 | Audi RS6 (ownerId:85319837 - pos <5682.164551, 33.493099, 5242.698730> - islocked:true - password:1111110) initialized
0-0-55 | Chevrolet Corvette Yellow (ownerId:369601190 - pos <5670.635742, 33.613964, 5248.780762> - islocked:true - password:80081355) initialized
0-0-55 | Olga 24 (ownerId:501895347 - pos <5359.783691, 5.022278, 6315.535156> - islocked:true - password:42775920) initialized
0-0-55 | MOSKVICH 2140 (ownerId:288122462 - pos <6883.862793, 34.121433, 5878.005371> - islocked:true - password:12321123) initialized
0-0-55 | Jeep Wrangler (ownerId:944065078 - pos <5664.309082, 28.973923, 5335.381836> - islocked:false - password:97319731) initialized
0-0-55 | MOSKVICH 2140 (ownerId:137318436 - pos <4304.499023, 3.855552, 4680.524902> - islocked:true - password:20090909) initialized
0-0-55 | Robinson R22 Helicopter (ownerId:249230507 - pos <8098.369141, 13.009315, 9340.552734> - islocked:true - password:33333333) initialized
0-0-55 | M3S Covered (ownerId:249230507 - pos <8083.461426, 12.397223, 9358.618164> - islocked:true - password:33333333) initialized
0-0-55 | Sarka 120 (ownerId:144736642 - pos <7348.483887, 7.403639, 8438.595703> - islocked:true - password:41941941) initialized
1-35-45 | Robinson R22 Helicopter - Black (ownerId:288122462 - pos <5667.339844, 33.333313, 5244.291504> - islocked:true - password:12321123) new car claimed
1-36-15 | Robinson R22 Helicopter - Red (ownerId:288122462 - pos <5671.359375, 33.060284, 5250.723633> - islocked:true - password:12321123) new car claimed
1-37-6 | MH-6M Little Bird - Camo (ownerId:288122462 - pos <5673.889160, 33.294670, 5238.492676> - islocked:true - password:12321123) new car claimed
1-37-40 | Robinson R22 Helicopter (ownerId:288122462 - pos <5666.713867, 33.323463, 5232.612305> - islocked:true - password:12321123) new car claimed
