Creation Time: 2023_6_14-18-0-54
18-0-54 | YAR_87 Camo2  (ownerId:34611550 - pos <2479.783203, 18.703827, 13963.024414> - islocked:true - password:19892004) initialized
18-0-54 | MH-6M Little Bird - Desert (ownerId:132652049 - pos <10045.665039, 8.208423, 1098.988281> - islocked:false - password:13579246) initialized
18-0-54 | MH-6M Little Bird - Camo (ownerId:369601190 - pos <9885.496094, 23.061436, 10992.030273> - islocked:true - password:80081355) initialized
18-0-54 | Olga 24 (ownerId:86564395 - pos <12785.870117, 5.458179, 9917.776367> - islocked:true - password:59005900) initialized
18-0-54 | ToyotaHilux White (ownerId:60592768 - pos <9559.655273, 4.320579, 5946.352539> - islocked:true - password:19651965) initialized
18-0-54 | STR_EGER_name (ownerId:980466132 - pos <3689.012939, 12.082062, 9772.872070> - islocked:true - password:22392239) initialized
18-0-54 | LUAZ 969 black (ownerId:36527682 - pos <7718.376953, 36.262543, 6068.660645> - islocked:true - password:93991005) initialized
18-0-54 | ToyotaHilux Camo (ownerId:442990275 - pos <1973.551514, 10.226634, 8862.546875> - islocked:true - password:42014201) initialized
18-0-54 | STR_Camaro_Lesnik_name (ownerId:442990275 - pos <1956.946533, 9.871472, 8871.367188> - islocked:true - password:42014201) initialized
18-0-54 | ToyotaHilux Camo (ownerId:369601190 - pos <1585.865967, 10.096206, 9051.075195> - islocked:false - password:80081355) initialized
18-0-54 | Sarka 120 (ownerId:144736642 - pos <7339.820801, 7.426152, 8406.633789> - islocked:true - password:41941941) initialized
18-0-54 | Robinson R22 Helicopter (ownerId:249230507 - pos <8098.369141, 13.009301, 9340.552734> - islocked:true - password:33333333) initialized
18-0-54 | M3S Covered (ownerId:249230507 - pos <8083.481445, 12.397112, 9358.615234> - islocked:true - password:33333333) initialized
18-0-54 | LUAZ 969 black (ownerId:88929178 - pos <4146.067871, 4.054678, 4199.202148> - islocked:true - password:371400) initialized
18-0-54 | Jeep Wrangler black  (ownerId:308099129 - pos <3929.318359, 12.055122, 7918.307129> - islocked:true - password:9131988) initialized
18-0-54 | M3S Covered (ownerId:86564395 - pos <4550.290527, 27.460150, 7875.549805> - islocked:false - password:59005900) initialized
18-0-54 | Jeep Wrangler Blue (ownerId:34611550 - pos <4246.239258, 21.212746, 7292.730957> - islocked:true - password:19892004) initialized
18-0-54 | MH-6M Little Bird (ownerId:34611550 - pos <4271.984863, 21.744884, 7303.545410> - islocked:true - password:19892004) initialized
18-0-54 | Jeep Wrangler (ownerId:944065078 - pos <5664.309082, 28.974348, 5335.381836> - islocked:false - password:97319731) initialized
18-0-54 | Olga 24 (ownerId:501895347 - pos <5644.266602, 28.875111, 5428.898926> - islocked:true - password:42775920) initialized
18-0-54 | Audi RS6 (ownerId:85319837 - pos <5682.162598, 33.492989, 5242.699219> - islocked:true - password:1111110) initialized
18-0-54 | Ada 4x4 (ownerId:839735782 - pos <5859.894531, 44.990215, 4891.105469> - islocked:true - password:1051997) initialized
18-0-54 | MH-6M Little Bird - Camo (ownerId:405166905 - pos <4740.183105, 12.013826, 4816.949219> - islocked:false - password:1111991) initialized
18-0-54 | MOSKVICH 2140 (ownerId:54276291 - pos <5441.218750, 6.786180, 4639.559082> - islocked:true - password:12348262) initialized
18-0-54 | MOSKVICH 2140 (ownerId:288122462 - pos <6883.862793, 34.121437, 5878.005371> - islocked:true - password:12321123) initialized
18-0-54 | UAZ_2315 Red (ownerId:405166905 - pos <4616.182617, 5.533190, 4798.604004> - islocked:true - password:1111991) initialized
18-0-54 | Olga 24 (ownerId:405166905 - pos <4608.530762, 5.446125, 4793.424316> - islocked:true - password:1111991) initialized
18-0-54 | MOSKVICH 2140 (ownerId:137318436 - pos <4304.499512, 3.855555, 4680.524902> - islocked:true - password:20090909) initialized
