Creation Time: 2023_7_21-18-0-53
18-0-53 | LUAZ 969 red (ownerId:405166905 - pos <5356.917969, 35.382145, 641.903687> - islocked:true - password:11111111) initialized
18-0-53 | UAZ 3909 Police (ownerId:60592768 - pos <3231.809814, 3.497940, 1732.096436> - islocked:true - password:13121312) initialized
18-0-53 | STR_Camaro_Nest_name (ownerId:60592768 - pos <3246.135010, 3.116042, 1750.852661> - islocked:true - password:13121312) initialized
18-0-53 | Nissan warrior Camo (ownerId:526094573 - pos <9844.185547, 14.827802, 10807.081055> - islocked:false - password:77899511) initialized
18-0-53 | Ada 4x4 (ownerId:369601190 - pos <5668.549805, 29.263754, 5470.106445> - islocked:true - password:42014201) initialized
18-0-53 | MH-6M Little Bird - Camo (ownerId:132652049 - pos <5677.182617, 30.092625, 5390.803223> - islocked:true - password:9021997) initialized
18-0-53 | Velociraptor6x6 Camo2  (ownerId:407766611 - pos <5622.939941, 29.525604, 5388.143555> - islocked:true - password:55555552) initialized
18-0-53 | Velociraptor6x6 Camo (ownerId:407766611 - pos <5618.681152, 29.525602, 5384.221680> - islocked:true - password:55555552) initialized
18-0-53 | UAZ 3909 Beige (ownerId:795695470 - pos <5623.587402, 29.497873, 5350.582031> - islocked:true - password:8031991) initialized
18-0-53 | Gunter 2 (ownerId:48698262 - pos <5640.079590, 28.870625, 5330.504883> - islocked:true - password:48151623) initialized
18-0-53 | Opel Astra Chrome (ownerId:127107249 - pos <5657.261230, 28.837524, 5380.114258> - islocked:true - password:12186270) initialized
18-0-53 | Offroad Range Rover police  (ownerId:60592768 - pos <5630.310547, 29.186169, 5420.087402> - islocked:true - password:13121312) initialized
18-0-53 | MH-6M Little Bird (ownerId:442990275 - pos <3976.192139, 26.211437, 4872.792480> - islocked:true - password:37579090) initialized
18-0-53 | MH-6M Little Bird - Camo (ownerId:119248354 - pos <5630.383301, 30.001434, 5381.545898> - islocked:false - password:48151623) initialized
18-0-53 | SCOUT Black (ownerId:442990275 - pos <3951.522461, 25.774008, 4851.550293> - islocked:true - password:37579090) initialized
18-0-53 | UAZ_2315 (ownerId:442990275 - pos <3960.855713, 25.494854, 4850.235840> - islocked:true - password:42014201) initialized
18-0-53 | M3S Covered (ownerId:442990275 - pos <3920.355225, 25.790157, 4839.752441> - islocked:true - password:42014201) initialized
18-0-53 | UAZ HUNTER (ownerId:442990275 - pos <3922.226807, 25.604904, 4828.161133> - islocked:true - password:37579090) initialized
18-0-53 | Olga 24 (ownerId:442990275 - pos <3922.755615, 25.518740, 4800.962891> - islocked:true - password:42014201) initialized
18-0-53 | Olga 24 (ownerId:442990275 - pos <3923.054443, 25.437407, 4804.559082> - islocked:true - password:42014201) initialized
18-0-53 | Gunter 2 (ownerId:442990275 - pos <3922.710693, 25.603930, 4793.147949> - islocked:true - password:42014201) initialized
18-0-53 | Olga 24 (ownerId:442990275 - pos <3922.905518, 25.518715, 4797.623535> - islocked:true - password:42014201) initialized
18-0-53 | BMW X5 Flecktarn (ownerId:53415379 - pos <5421.537109, 3.076180, 7565.549316> - islocked:true - password:7101993) initialized
18-0-53 | BMW (ownerId:447071218 - pos <9036.673828, 5.499458, 8804.806641> - islocked:true - password:15148636) initialized
18-0-53 | Offroad Range Rover Yellow  (ownerId:103808025 - pos <6234.420898, 21.866241, 14965.687500> - islocked:false - password:55677777) initialized
18-0-53 | MOSKVICH 2140 (ownerId:882346394 - pos <6661.942383, 15.562319, 6318.884766> - islocked:true - password:42091103) initialized
18-0-53 | Mercedes-Benz W140 Blue (ownerId:88929178 - pos <4426.686035, 6.669400, 4606.895020> - islocked:true - password:371400) initialized
18-0-53 | MH-6M Little Bird - Camo (ownerId:88929178 - pos <4422.744141, 12.575511, 4603.617188> - islocked:true - password:371400) initialized
18-0-53 | Gunter 2 (ownerId:218588421 - pos <3803.527832, 7.114481, 5908.125000> - islocked:true - password:3081984) initialized
18-0-53 | STR_EGER_GreenCamo_name (ownerId:197257182 - pos <2802.366699, 69.987411, 4663.773926> - islocked:true - password:48151623) initialized
18-0-53 |  Novator Flecktarn (ownerId:48698262 - pos <2795.422363, 69.814301, 4663.095215> - islocked:true - password:48151623) initialized
18-0-53 | Oshkosh (ownerId:197257182 - pos <2799.505127, 69.918610, 4663.191895> - islocked:true - password:48151623) initialized
18-0-53 | Oshkosh grey (ownerId:64819467 - pos <4275.677246, 21.358603, 7271.528809> - islocked:true - password:7101993) initialized
18-0-53 | Toyota Land Cruiser 200 Camo (ownerId:119311623 - pos <4269.522949, 21.010029, 7264.750000> - islocked:true - password:7101993) initialized
18-0-53 | STR_EGER_GreenCamo_name (ownerId:523991778 - pos <5897.889160, 37.047760, 5222.829102> - islocked:false - password:22392239) initialized
18-0-53 | MH-6M Little Bird - Camo (ownerId:523450192 - pos <5891.183594, 41.853741, 5228.957031> - islocked:true - password:22392239) initialized
18-0-53 | Jeep Wrangler green  (ownerId:523450192 - pos <5655.705566, 33.938904, 5244.011719> - islocked:true - password:22392239) initialized
18-0-53 | UAZ_2315 Red (ownerId:369601190 - pos <5652.916016, 33.700668, 5257.889648> - islocked:true - password:45645645) initialized
18-0-53 | Toyota Land Cruiser 200 Camo2  (ownerId:93344906 - pos <5675.307129, 33.515759, 5275.217773> - islocked:true - password:48151623) initialized
18-0-53 | Olga 24 (ownerId:795695470 - pos <5671.739258, 33.656715, 5278.471191> - islocked:true - password:8031991) initialized
18-0-53 | LUAZ 969 rust (ownerId:127107249 - pos <5426.207031, 74.586349, 3756.298584> - islocked:false - password:12186270) initialized
18-0-53 | Sarka 120 (ownerId:119311623 - pos <3402.774658, 23.254530, 6189.945801> - islocked:true - password:7101993) initialized
18-0-53 | Velociraptor6x6 Camo2  (ownerId:262549311 - pos <7192.204590, 61.650398, 5887.837891> - islocked:true - password:24680000) initialized
18-54-13 | UAZ469 (ownerId:40055959 - pos <5664.194336, 33.128696, 5245.444824> - islocked:true - password:19711971) new car claimed
19-13-37 | UAZ HUNTER (ownerId:442990275 - pos <5674.881836, 32.748520, 5251.788574> - islocked:false - password:-1) new car claimed
19-16-13 | BMW (ownerId:447071218 - pos <5679.505371, 32.964745, 5245.895996> - islocked:false - password:-1) new car claimed
19-17-1 | Olga 24 (ownerId:442990275 - pos <5674.112793, 33.564854, 5244.245605> - islocked:true - password:42014201) new car claimed
19-17-1 | Olga 24 (ownerId:442990275 - pos <5674.112793, 33.564854, 5244.245605> - islocked:true - password:42014201) initialized
19-25-34 | UAZ HUNTER (ownerId:447071218 - pos <5674.881836, 32.748520, 5251.788574> - islocked:true - password:15148636) new car claimed
19-37-41 | Nissan warrior Camo (ownerId:526094573 - pos <5601.979004, 28.805410, 5355.939453> - islocked:false - password:77899511) has been deleted
19-38-42 | Nissan warrior Camo (ownerId:119311623 - pos <5619.150391, 28.805395, 5358.561523> - islocked:true - password:7101993) new car claimed
19-49-8 | BMW (ownerId:442990275 - pos <5679.505371, 32.964745, 5245.895996> - islocked:true - password:42014201) new car claimed
20-0-24 | Olga 24 (ownerId:442990275 - pos <5674.100098, 33.246552, 5244.233887> - islocked:true - password:42014201) has been deleted
20-5-51 | Olga 24 (ownerId:442990275 - pos <3922.778320, 24.844013, 4804.521973> - islocked:true - password:42014201) has been deleted
20-6-13 | Olga 24 (ownerId:442990275 - pos <3922.514404, 24.907766, 4800.949707> - islocked:true - password:42014201) has been deleted
20-8-57 | Olga 24 (ownerId:442990275 - pos <3922.665039, 24.907766, 4797.612305> - islocked:true - password:42014201) has been deleted
20-9-17 | Gunter 2 (ownerId:442990275 - pos <3922.807373, 24.963470, 4793.143555> - islocked:true - password:42014201) has been deleted
20-9-46 | M3S Covered (ownerId:442990275 - pos <3920.416016, 24.911533, 4839.818848> - islocked:true - password:42014201) has been deleted
20-48-11 | Olga 24 (ownerId:442990275 - pos <5652.685547, 32.881226, 5270.657227> - islocked:true - password:42014201) new car claimed
20-48-11 | Olga 24 (ownerId:442990275 - pos <5652.685547, 32.873196, 5270.657227> - islocked:true - password:42014201) initialized
20-53-19 | Olga 24 (ownerId:442990275 - pos <3952.948242, 24.907778, 4857.300293> - islocked:false - password:42014201) has been deleted
21-23-56 | ToyotaHilux rust (ownerId:526094573 - pos <5627.463867, 28.710783, 5418.867188> - islocked:true - password:11012255) new car claimed
21-36-24 | Sarka 120 (ownerId:119311623 - pos <3402.871094, 22.634443, 6189.793945> - islocked:true - password:7101993) has been deleted
21-43-2 | MH-6M Little Bird (ownerId:442990275 - pos <2769.207764, -19.972450, 1829.899658> - islocked:false - password:37579090) has been deleted
21-46-4 | MUSTANG Red (ownerId:262549311 - pos <7202.213867, 60.953186, 5903.915527> - islocked:true - password:24680000) new car claimed
21-46-4 | MUSTANG Red (ownerId:262549311 - pos <7202.213867, 60.953186, 5903.915527> - islocked:true - password:24680000) initialized
21-57-7 | Gaz 71 Black (ownerId:119248354 - pos <5599.108398, 28.763493, 5347.355957> - islocked:true - password:11082007) new car claimed
22-30-28 | Chevrolet Corvette kamo (ownerId:89279995 - pos <5609.200684, 28.759535, 5347.953125> - islocked:true - password:20090909) new car claimed
23-15-29 | Gunter 2 (ownerId:442990275 - pos <5675.847656, 33.320049, 5248.502441> - islocked:true - password:42014201) new car claimed
23-15-29 | Gunter 2 (ownerId:442990275 - pos <5675.847656, 33.320049, 5248.502441> - islocked:true - password:42014201) initialized
23-15-57 | Gunter 2 (ownerId:442990275 - pos <5675.858887, 33.056984, 5248.546875> - islocked:true - password:-1) new car claimed
23-21-29 | PONTIAC (rust) (ownerId:119248354 - pos <5608.094727, 28.795820, 5348.215820> - islocked:true - password:22940000) new car claimed
23-30-26 | Robinson R22 Helicopter (ownerId:521855408 - pos <6032.943848, 34.440460, 5289.379883> - islocked:true - password:9102021) new car claimed
23-30-26 | Robinson R22 Helicopter (ownerId:521855408 - pos <6032.943848, 34.440460, 5289.379883> - islocked:true - password:9102021) initialized
23-31-13 | MUSTANG Red (ownerId:262549311 - pos <7191.395508, 60.828465, 5895.153320> - islocked:false - password:24680000) has been deleted
23-31-48 | Toyota Land Cruiser 200 Camo2  (ownerId:93344906 - pos <5604.077637, 28.811918, 5350.614746> - islocked:false - password:-1) new car claimed
23-34-22 | Toyota Land Cruiser 200 Camo2  (ownerId:88929178 - pos <5609.755371, 28.828169, 5352.604980> - islocked:true - password:371400) new car claimed
23-37-37 | Toyota Land Cruiser 200 Camo2  (ownerId:88929178 - pos <5663.913086, 33.344437, 5230.848145> - islocked:false - password:371400) has been deleted
23-42-50 | Robinson R22 Helicopter (ownerId:521855408 - pos <6076.457031, 32.934906, 5267.231934> - islocked:false - password:9102021) has been deleted
