Creation Time: 2023_4_9-18-0-52
18-0-52 | M3S Covered (ownerId:88929178 - pos <13264.672852, 9.351543, 4688.333496> - islocked:false - password:3070104) initialized
18-0-52 | Robinson R22 Helicopter (ownerId:940915030 - pos <9512.575195, 102.761208, 3733.148193> - islocked:true - password:11853737) initialized
18-0-52 | Sarka 120 (ownerId:940915030 - pos <9511.229492, 102.703018, 3751.685303> - islocked:true - password:11853737) initialized
18-0-52 | Sarka 120 (ownerId:980466132 - pos <10094.632813, 21.791222, 10858.723633> - islocked:true - password:22392239) initialized
18-0-52 | Ada 4x4 (ownerId:980466132 - pos <6795.208496, 39.192162, 1804.183105> - islocked:true - password:22392239) initialized
18-0-52 | Sarka 120 (ownerId:62166080 - pos <6800.765625, 39.113384, 1806.383911> - islocked:true - password:22392239) initialized
18-0-52 | M3S Covered (ownerId:62166080 - pos <6796.271484, 39.129250, 1809.293213> - islocked:true - password:22392239) initialized
18-0-52 | Robinson R22 Helicopter - Black (ownerId:980466132 - pos <6784.155762, 53.509369, 1837.173462> - islocked:true - password:22392239) initialized
18-0-52 | UH-60 Blackhawk Cargo (ownerId:980466132 - pos <6772.554688, 54.691082, 1850.049561> - islocked:true - password:22392239) initialized
18-0-52 | UH-60 Blackhawk - Woodland (ownerId:85319837 - pos <3985.975586, 16.854155, 3474.664307> - islocked:true - password:1111110) initialized
18-0-52 | Sarka 120 (ownerId:67657702 - pos <5909.874023, 1.378414, 8396.444336> - islocked:true - password:19944991) initialized
18-0-52 | Robinson R22 Helicopter - Black (ownerId:108250772 - pos <8696.025391, 2.231339, 5545.102539> - islocked:false - password:14789632) initialized
18-0-52 | MH-6M Little Bird - Desert (ownerId:62166080 - pos <11315.006836, 1.720525, 10937.516602> - islocked:false - password:22392239) initialized
18-0-52 | Robinson R22 Helicopter - Red (ownerId:980466132 - pos <7344.974609, 101.225517, 6038.467773> - islocked:true - password:22392239) initialized
18-0-52 | Robinson R22 Helicopter - Black (ownerId:108250772 - pos <5473.177734, 20.112921, 6193.682617> - islocked:true - password:12345678) initialized
18-0-52 | M3S Covered (ownerId:67657702 - pos <5519.386719, 11.273466, 6204.594727> - islocked:true - password:19944991) initialized
18-0-52 | Gunter 2 (ownerId:85319837 - pos <5599.252930, 28.802883, 5346.796875> - islocked:true - password:1111110) initialized
18-0-52 | Olga 24 (ownerId:195214598 - pos <5644.629883, 28.412230, 5433.749512> - islocked:true - password:52898989) initialized
18-0-52 | Olga 24 (ownerId:62166080 - pos <5655.338867, 28.697784, 5393.187988> - islocked:true - password:22392239) initialized
19-6-6 | Olga 24 (ownerId:965259563 - pos <3756.631836, 5.595236, 2568.687744> - islocked:true - password:11367275) new car claimed
19-17-44 | Robinson R22 Helicopter - Red (ownerId:980466132 - pos <2763.904541, -10.693971, 5578.815918> - islocked:false - password:22392239) has been deleted
20-49-38 | Sarka 120 (ownerId:980466132 - pos <6798.975586, 39.114101, 1806.071167> - islocked:false - password:22392239) has been deleted
21-8-31 | Olga 24 (ownerId:288122462 - pos <7300.821289, 9.615624, 7034.093262> - islocked:true - password:12011152) new car claimed
22-36-40 | Gunter 2 (ownerId:965259563 - pos <5974.338379, 5.923483, 13983.960938> - islocked:true - password:11367275) new car claimed
23-59-18 | M3S Covered (ownerId:88929178 - pos <10268.930664, 24.402155, 7983.572266> - islocked:false - password:3070104) has been deleted
