Creation Time: 2023_4_16-18-0-54
18-0-54 | M3S Covered (ownerId:108250772 - pos <8291.507813, 160.108688, 12267.613281> - islocked:true - password:78945612) initialized
18-0-54 | M3S Covered (ownerId:965259563 - pos <10790.105469, 2.641818, 3191.673828> - islocked:true - password:11367275) initialized
18-0-54 | Bell 429 Helicopter (ownerId:195214598 - pos <8112.444824, 214.215134, 11880.526367> - islocked:true - password:52898952) initialized
18-0-54 | UH-60 Blackhawk - blackblackhawk (ownerId:195214598 - pos <8069.666992, 215.248917, 11834.370117> - islocked:true - password:89895252) initialized
18-0-54 | M3S Covered (ownerId:67657702 - pos <10219.406250, 20.352245, 7929.244629> - islocked:false - password:19944991) initialized
18-0-54 | Sarka 120 (ownerId:980466132 - pos <6795.457520, 39.113342, 1800.737183> - islocked:true - password:22392239) initialized
18-0-54 | Olga 24 (ownerId:62166080 - pos <6795.835449, 39.125637, 1803.786011> - islocked:true - password:22392239) initialized
18-0-54 | Ada 4x4 (ownerId:980466132 - pos <6800.874512, 39.178165, 1804.936768> - islocked:true - password:22392239) initialized
18-0-54 | M3S Covered (ownerId:62166080 - pos <6796.640625, 39.129314, 1808.642822> - islocked:true - password:22392239) initialized
18-0-54 | MH-6M Little Bird - Desert (ownerId:62166080 - pos <6783.229492, 54.240791, 1835.152222> - islocked:true - password:22392239) initialized
18-0-54 | UH-60 Blackhawk Cargo (ownerId:980466132 - pos <6788.703613, 38.911316, 1852.752808> - islocked:true - password:22392239) initialized
18-0-54 | Robinson R22 Helicopter - Black (ownerId:62166080 - pos <7344.878906, 101.225525, 6038.497070> - islocked:false - password:22392239) initialized
18-0-54 | Robinson R22 Helicopter - Black (ownerId:980466132 - pos <7348.521973, 101.077194, 6033.944824> - islocked:true - password:22392239) initialized
18-0-54 | Robinson R22 Helicopter - Red (ownerId:71319946 - pos <2585.597656, 35.751842, 3256.932861> - islocked:true - password:19944991) initialized
18-0-54 | UH-60 Blackhawk - Woodland (ownerId:85319837 - pos <3985.974854, 16.854162, 3474.664795> - islocked:true - password:1111110) initialized
18-0-54 | Robinson R22 Helicopter - Black (ownerId:116364714 - pos <7648.384766, 19.425751, 3884.121338> - islocked:true - password:25082508) initialized
18-0-54 | Olga 24 (ownerId:944065078 - pos <7657.513672, 19.194662, 3870.317383> - islocked:true - password:97319731) initialized
18-0-54 | Ada 4x4 (ownerId:62166080 - pos <7147.575684, 3.604935, 5193.714844> - islocked:true - password:22392239) initialized
18-0-54 | Gunter 2 (ownerId:965259563 - pos <3748.300537, 5.650942, 2573.675049> - islocked:true - password:11367275) initialized
18-0-54 | Olga 24 (ownerId:965259563 - pos <3746.980469, 5.595258, 2565.996338> - islocked:true - password:11367275) initialized
18-0-54 | Robinson R22 Helicopter - Black (ownerId:34745177 - pos <9138.419922, 47.900276, 3793.731201> - islocked:false - password:67698687) initialized
18-0-54 | Robinson R22 Helicopter (ownerId:940915030 - pos <9512.575195, 102.761208, 3733.148193> - islocked:true - password:11853737) initialized
18-0-54 | Sarka 120 (ownerId:940915030 - pos <9511.229492, 102.703026, 3751.685059> - islocked:true - password:11853737) initialized
18-0-54 | Robinson R22 Helicopter (ownerId:965259563 - pos <4428.253906, 6.180655, 2904.960938> - islocked:true - password:11367275) initialized
18-0-54 | Robinson R22 Helicopter (ownerId:195214598 - pos <5661.527832, 33.934757, 5246.419434> - islocked:true - password:52528989) initialized
18-0-54 | Olga 24 (ownerId:288122462 - pos <5667.932617, 28.919659, 5408.267090> - islocked:true - password:12011152) initialized
18-20-6 | Bell 429 Helicopter (ownerId:88929178 - pos <4501.577637, 9.769936, 3189.031006> - islocked:true - password:371400) new car claimed
19-31-46 | Ada 4x4 (ownerId:80291406 - pos <5638.585449, 28.496712, 5428.360352> - islocked:true - password:84) new car claimed
19-31-46 | Ada 4x4 (ownerId:80291406 - pos <5638.585938, 28.220081, 5428.345703> - islocked:true - password:84) initialized
19-54-26 | Ada 4x4 (ownerId:80291406 - pos <6244.069824, 5.049552, 9598.200195> - islocked:false - password:84) has been deleted
21-27-12 | M3S Covered (ownerId:8156911 - pos <6421.200684, 68.797760, 9577.528320> - islocked:true - password:15500000) new car claimed
