Creation Time: 2023_4_26-12-0-55
12-0-55 | Robinson R22 Helicopter (ownerId:940915030 - pos <9512.575195, 102.761208, 3733.148193> - islocked:true - password:11853737) initialized
12-0-55 | Sarka 120 (ownerId:940915030 - pos <9511.229492, 102.703026, 3751.684570> - islocked:true - password:11853737) initialized
12-0-55 | Robinson R22 Helicopter (ownerId:195214598 - pos <1114.771729, 56.352501, 10648.643555> - islocked:true - password:52528989) initialized
12-0-55 | Sarka 120 (ownerId:405166905 - pos <10489.906250, 10.002502, 4274.236816> - islocked:true - password:19910111) initialized
12-0-55 | UH-60 Blackhawk - blackblackhawk (ownerId:195214598 - pos <3224.051514, 7.616047, 1721.948608> - islocked:true - password:52528989) initialized
12-0-55 | M3S Covered (ownerId:965259563 - pos <3259.328613, 2.731824, 1738.488159> - islocked:true - password:11367275) initialized
12-0-55 | M3S Covered (ownerId:8156911 - pos <6232.800293, 5.800168, 9593.156250> - islocked:false - password:15500000) initialized
12-0-55 | Sarka 120 (ownerId:22592522 - pos <6232.373047, 5.531142, 9589.974609> - islocked:true - password:5210521) initialized
12-0-55 | Land Rover Defender 110 (ownerId:192139039 - pos <3935.111816, 12.018483, 7918.748047> - islocked:true - password:7161994) initialized
12-0-55 | Land Rover Defender 110 Green (ownerId:177737910 - pos <2550.890137, 56.615692, 9454.165039> - islocked:true - password:25792579) initialized
12-0-55 | Olga 24 (ownerId:965259563 - pos <3731.204834, 5.467786, 2554.413086> - islocked:true - password:11367275) initialized
12-0-55 | Land Rover Defender 110 Red (ownerId:965259563 - pos <3753.811768, 6.175954, 2569.325195> - islocked:true - password:11367275) initialized
12-0-55 | Robinson R22 Helicopter (ownerId:965259563 - pos <3756.512451, 19.967381, 2601.171387> - islocked:true - password:11367275) initialized
12-0-55 | M3S Covered (ownerId:62166080 - pos <6795.137207, 39.137833, 1809.612305> - islocked:true - password:22392239) initialized
12-0-55 | Land Rover Defender 110 Red (ownerId:980466132 - pos <6795.948242, 39.705765, 1802.406006> - islocked:true - password:22392239) initialized
12-0-55 | Land Rover Defender 110 Green (ownerId:62166080 - pos <6796.582520, 39.706493, 1806.551392> - islocked:true - password:22392239) initialized
12-0-55 | Sarka 120 (ownerId:980466132 - pos <6801.542480, 39.738663, 1801.694946> - islocked:true - password:22392239) initialized
12-0-55 | Ada 4x4 (ownerId:62166080 - pos <6801.068848, 39.178055, 1809.609741> - islocked:true - password:22392239) initialized
12-0-55 | Robinson R22 Helicopter - Black (ownerId:62166080 - pos <6773.737305, 54.635757, 1851.886841> - islocked:true - password:22392239) initialized
12-0-55 | Land Rover Defender 110 UN (ownerId:85319837 - pos <7571.331543, 24.168482, 3946.066895> - islocked:true - password:9151985) initialized
12-0-55 | Ada 4x4 (ownerId:944065078 - pos <7733.061035, 35.535313, 6083.734863> - islocked:false - password:25082508) initialized
12-0-55 | Sarka 120 (ownerId:944065078 - pos <7728.489746, 35.526157, 6087.259277> - islocked:true - password:25082508) initialized
12-0-55 | M3S Covered (ownerId:944065078 - pos <7718.276855, 36.466965, 6089.899902> - islocked:false - password:25082508) initialized
12-0-55 | Olga 24 (ownerId:944065078 - pos <7705.375488, 36.631096, 6081.439453> - islocked:true - password:97319731) initialized
12-0-55 | Land Rover Defender 110 UN (ownerId:116364714 - pos <7707.874023, 36.516640, 6075.209961> - islocked:true - password:25082508) initialized
12-0-55 | UH-60 Blackhawk - Woodland (ownerId:85319837 - pos <3985.973877, 16.854174, 3474.665283> - islocked:true - password:1111110) initialized
12-0-55 | Robinson R22 Helicopter - Black (ownerId:980466132 - pos <7348.521973, 101.077187, 6033.944824> - islocked:true - password:22392239) initialized
12-0-55 | Land Rover Defender 110 (ownerId:108250772 - pos <5625.816406, 29.278484, 5376.927734> - islocked:true - password:14725836) initialized
12-0-55 | Land Rover Defender 110 Red (ownerId:60592768 - pos <5678.317871, 29.278484, 5386.182129> - islocked:true - password:19651965) initialized
12-0-55 | Olga 24 (ownerId:288122462 - pos <5668.113281, 28.907108, 5408.227051> - islocked:true - password:12011152) initialized
12-0-55 | Gunter 2 (ownerId:419387242 - pos <5602.064453, 28.753481, 5379.446777> - islocked:true - password:69694200) initialized
12-0-55 | Sarka 120 (ownerId:194642746 - pos <5445.464355, 5.330264, 4629.561035> - islocked:true - password:15474555) initialized
12-0-55 | Gunter 2 (ownerId:984346468 - pos <6674.714844, 24.262426, 5695.332031> - islocked:true - password:83898389) initialized
12-0-55 | Robinson R22 Helicopter (ownerId:71319946 - pos <5672.808594, 33.907433, 5245.416016> - islocked:true - password:19944991) initialized
15-16-0 | Robinson R22 Helicopter (ownerId:980466132 - pos <6770.709473, 54.038330, 1848.875854> - islocked:true - password:22392239) new car claimed
