Creation Time: 2023_4_30-12-0-55
12-0-55 | Land Rover Defender 110 (ownerId:192139039 - pos <1187.268433, 27.922617, 12556.059570> - islocked:true - password:7161994) initialized
12-0-55 | Robinson R22 Helicopter - Black (ownerId:62166080 - pos <518.580750, 40.944252, 11901.006836> - islocked:true - password:22392239) initialized
12-0-55 | Land Rover Defender 110 Green (ownerId:177737910 - pos <2551.128906, 56.708263, 9452.718750> - islocked:true - password:25792579) initialized
12-0-55 | Robinson R22 Helicopter (ownerId:195214598 - pos <1114.771484, 56.352501, 10648.643555> - islocked:true - password:52528989) initialized
12-0-55 | Robinson R22 Helicopter (ownerId:940915030 - pos <9512.575195, 102.761208, 3733.148193> - islocked:true - password:11853737) initialized
12-0-55 | Sarka 120 (ownerId:405166905 - pos <10489.906250, 10.002504, 4274.236816> - islocked:true - password:19910111) initialized
12-0-55 | M3S Covered (ownerId:8156911 - pos <6232.799805, 5.800132, 9593.156250> - islocked:false - password:15500000) initialized
12-0-55 | Sarka 120 (ownerId:22592522 - pos <6232.372559, 5.531141, 9589.974609> - islocked:true - password:5210521) initialized
12-0-55 | Land Rover Defender 110 Red (ownerId:60592768 - pos <9561.738281, 4.179236, 5944.402344> - islocked:true - password:19651965) initialized
12-0-55 | Ada 4x4 (ownerId:62166080 - pos <6902.654297, 38.440704, 2104.054199> - islocked:true - password:22392239) initialized
12-0-55 | Olga 24 (ownerId:419387242 - pos <7057.716309, 45.000103, 2053.502686> - islocked:true - password:8995862) initialized
12-0-55 | Land Rover Defender 110 Green (ownerId:62166080 - pos <6795.774414, 39.706360, 1806.612793> - islocked:false - password:22392239) initialized
12-0-55 | Land Rover Defender 110 Red (ownerId:980466132 - pos <6796.332031, 39.705948, 1802.321167> - islocked:true - password:22392239) initialized
12-0-55 | Sarka 120 (ownerId:980466132 - pos <6801.630859, 39.738667, 1801.161377> - islocked:true - password:22392239) initialized
12-0-55 | MBB Bo-105m Helicopter - blackcamo (ownerId:980466132 - pos <6768.891113, 54.751770, 1849.850342> - islocked:true - password:22392239) initialized
12-0-55 | UH-60 Blackhawk - blackblackhawk (ownerId:195214598 - pos <3224.051514, 7.616047, 1721.945435> - islocked:true - password:52528989) initialized
12-0-55 | Olga 24 (ownerId:965259563 - pos <3729.997803, 5.467792, 2551.069580> - islocked:false - password:11367275) initialized
12-0-55 | Robinson R22 Helicopter (ownerId:965259563 - pos <3756.512451, 19.967381, 2601.171387> - islocked:true - password:11367275) initialized
12-0-55 | Land Rover Defender 110 Red (ownerId:132652049 - pos <4261.130371, 2.255401, 2514.645752> - islocked:true - password:9031783) initialized
12-0-55 | Land Rover Defender 110 Red (ownerId:965259563 - pos <4283.153809, 4.464575, 2543.508545> - islocked:true - password:11367275) initialized
12-0-55 | Land Rover Defender 110 UN (ownerId:85319837 - pos <7572.665527, 24.168484, 3940.986328> - islocked:true - password:9151985) initialized
12-0-55 | Robinson R22 Helicopter - Black (ownerId:984346468 - pos <4728.882324, 12.292123, 4692.962402> - islocked:true - password:83898389) initialized
12-0-55 | Sarka 120 (ownerId:194642746 - pos <5445.539063, 5.327193, 4629.531738> - islocked:true - password:15474555) initialized
12-0-55 | Robinson R22 Helicopter (ownerId:71319946 - pos <5672.808594, 33.907440, 5245.416016> - islocked:true - password:19944991) initialized
12-0-55 | M3S Covered (ownerId:965259563 - pos <5465.726563, 7.868538, 8577.351563> - islocked:true - password:72524299) initialized
12-0-55 | M3S Covered (ownerId:839735782 - pos <5477.969238, 7.706970, 8608.755859> - islocked:true - password:1051997) initialized
12-0-55 | Ada 4x4 (ownerId:419387242 - pos <5619.859375, 28.750702, 5352.526855> - islocked:true - password:8995862) initialized
12-0-55 | Robinson R22 Helicopter - Black (ownerId:980466132 - pos <7349.647949, 101.077271, 6033.751465> - islocked:false - password:22392239) initialized
12-0-55 | Land Rover Defender 110 UN (ownerId:116364714 - pos <7704.690430, 36.730240, 6074.510742> - islocked:false - password:25082508) initialized
12-0-55 | Sarka 120 (ownerId:944065078 - pos <7710.924805, 35.742157, 6077.480469> - islocked:false - password:25082508) initialized
12-0-55 | M3S Covered (ownerId:944065078 - pos <7718.275879, 36.466984, 6089.899902> - islocked:false - password:25082508) initialized
12-0-55 | Gunter 2 (ownerId:36527682 - pos <7188.753906, 1.593906, 5371.521484> - islocked:true - password:93991005) initialized
12-0-55 | M3S Covered (ownerId:980466132 - pos <5681.084473, 29.580206, 5387.611328> - islocked:true - password:22392239) initialized
12-0-55 | M3S Covered (ownerId:108250772 - pos <5656.402832, 28.701443, 5426.491211> - islocked:true - password:12345678) initialized
