Creation Time: 2023_7_27-12-0-54
12-0-54 | STR_Camaro_Nest_name (ownerId:60592768 - pos <3246.333984, 3.116042, 1751.298462> - islocked:true - password:13121312) initialized
12-0-54 | UAZ 3909 Police (ownerId:60592768 - pos <3231.892578, 3.497942, 1731.677002> - islocked:true - password:13121312) initialized
12-0-54 | Offroad Range Rover police  (ownerId:60592768 - pos <3240.920898, 3.228037, 1718.943604> - islocked:true - password:13121312) initialized
12-0-54 | Offroad Range Rover Yellow  (ownerId:103808025 - pos <7264.238281, 602.155884, 11730.521484> - islocked:true - password:55677777) initialized
12-0-54 | Toyota Land Cruiser 200 Camo2  (ownerId:24259541 - pos <7853.908203, 3.342326, 3840.547852> - islocked:true - password:17500720) initialized
12-0-54 | MH-6M Little Bird (ownerId:442990275 - pos <1987.989746, 45.786247, 9018.291016> - islocked:true - password:37579090) initialized
12-0-54 | MH-6M Little Bird - Camo (ownerId:132652049 - pos <1992.335327, 45.808281, 9015.568359> - islocked:true - password:9021997) initialized
12-0-54 | UH-60 Blackhawk Cargo (ownerId:119248354 - pos <2000.016479, 45.147614, 9025.759766> - islocked:false - password:11082007) initialized
12-0-54 | BMW (ownerId:442990275 - pos <1991.423218, 10.028558, 9032.136719> - islocked:true - password:42014201) initialized
12-0-54 | HAMMER_H1 (ownerId:965259563 - pos <1962.524780, 9.924915, 9065.128906> - islocked:true - password:54146888) initialized
12-0-54 | LUAZ 969 (ownerId:75086644 - pos <2135.371338, 14.966348, 9181.180664> - islocked:true - password:10182009) initialized
12-0-54 | ToyotaHilux White (ownerId:511479797 - pos <1758.814697, 9.921199, 8917.701172> - islocked:true - password:27181500) initialized
12-0-54 | UH-60 Blackhawk - Budhawk (ownerId:511479797 - pos <1739.394287, 20.607359, 8910.640625> - islocked:true - password:27181500) initialized
12-0-54 | Olga 24 (ownerId:511479797 - pos <1755.018066, 9.788729, 8921.340820> - islocked:true - password:27181500) initialized
12-0-54 | UAZ HUNTER (ownerId:447071218 - pos <1761.510986, 9.874903, 8941.980469> - islocked:true - password:15148636) initialized
12-0-54 | Gunter 2 (ownerId:218588421 - pos <3805.890869, 6.893124, 5906.620117> - islocked:true - password:3081984) initialized
12-0-54 | MH-6M Little Bird - Camo (ownerId:197257182 - pos <3945.790039, 36.709953, 4809.831055> - islocked:true - password:48151623) initialized
12-0-54 | Robinson R22 Helicopter - Black (ownerId:197257182 - pos <3941.476318, 35.978527, 4819.010742> - islocked:true - password:48151623) initialized
12-0-54 | Gaz 71 Black (ownerId:119248354 - pos <3961.896484, 25.741251, 4837.951660> - islocked:false - password:11082007) initialized
12-0-54 | Oshkosh (ownerId:197257182 - pos <3969.649658, 25.848604, 4840.185059> - islocked:true - password:48151623) initialized
12-0-54 |  Novator Flecktarn (ownerId:93344906 - pos <3981.621094, 25.744305, 4838.098145> - islocked:false - password:29292900) initialized
12-0-54 | STR_EGER_GreenCamo_name (ownerId:197257182 - pos <3979.178467, 25.917402, 4835.046875> - islocked:true - password:48151623) initialized
12-0-54 | Olga 24 (ownerId:327529037 - pos <3979.342285, 25.518585, 4831.332031> - islocked:true - password:29292900) initialized
12-0-54 | UAZ469 (ownerId:40055959 - pos <8935.064453, 6.384639, 10443.116211> - islocked:false - password:19711971) initialized
12-0-54 | Olga 24 (ownerId:40055959 - pos <8923.684570, 5.862743, 10450.653320> - islocked:true - password:19711971) initialized
12-0-54 | Oshkosh grey (ownerId:64819467 - pos <4245.042969, 21.536236, 7274.150391> - islocked:true - password:7101993) initialized
12-0-54 | Toyota Land Cruiser 200 Camo (ownerId:119311623 - pos <4246.875000, 21.187660, 7294.261230> - islocked:true - password:7101993) initialized
12-0-54 | BMW X5 Black (ownerId:215888376 - pos <4249.638672, 21.092596, 7297.039551> - islocked:true - password:7101993) initialized
12-0-54 | Nissan warrior Camo (ownerId:119311623 - pos <4252.936035, 21.283245, 7298.987793> - islocked:true - password:7101993) initialized
12-0-54 | MH-6M Little Bird - Camo (ownerId:447071218 - pos <7199.977051, 4.242402, 5609.755371> - islocked:false - password:15148636) initialized
12-0-54 | Chevrolet Corvette (ownerId:407766611 - pos <6000.451172, 13.610813, 4982.084473> - islocked:true - password:55252252) initialized
12-0-54 | MUSTANG white (ownerId:407766611 - pos <5999.725098, 14.013290, 4970.766113> - islocked:true - password:55252252) initialized
12-0-54 | BMW lightgreen (ownerId:407766611 - pos <6050.001953, 12.794402, 4957.398438> - islocked:true - password:80081355) initialized
12-0-54 | BMW black (ownerId:407766611 - pos <6045.813965, 12.806559, 4956.925293> - islocked:true - password:80081355) initialized
12-0-54 | Olga 24 (ownerId:407766611 - pos <6037.346191, 13.055600, 4954.377930> - islocked:true - password:80081355) initialized
12-0-54 | BMW X5 White  (ownerId:407766611 - pos <6061.447266, 12.869500, 4955.029297> - islocked:true - password:80081355) initialized
12-0-54 | STR_Camaro_Sibirs_name (ownerId:407766611 - pos <5983.155762, 13.828515, 4983.387695> - islocked:true - password:55555552) initialized
12-0-54 | Velociraptor6x6 Camo (ownerId:407766611 - pos <6001.119141, 13.999006, 4956.904785> - islocked:true - password:80081355) initialized
12-0-54 | Velociraptor6x6 Camo2  (ownerId:407766611 - pos <6012.131836, 13.843637, 4962.655762> - islocked:true - password:80081355) initialized
12-0-54 | Gelenvagen carbon (ownerId:407766611 - pos <5994.856445, 14.318892, 4953.514160> - islocked:true - password:80081355) initialized
12-0-54 | Gelenvagen white_camo2 (ownerId:523450192 - pos <6476.792969, 25.460161, 8395.705078> - islocked:true - password:22392239) initialized
12-0-54 | Mercedes-Benz W140 Blue (ownerId:88929178 - pos <7725.359863, 6.166997, 6795.729980> - islocked:true - password:371400) initialized
12-0-54 | MH-6M Little Bird - Camo (ownerId:88929178 - pos <7720.086914, 13.613595, 6788.978516> - islocked:true - password:371400) initialized
12-0-54 | Toyota Land Cruiser 200 Camo2  (ownerId:88929178 - pos <7728.019043, 6.374515, 6790.578613> - islocked:true - password:371400) initialized
12-0-54 | STR_Camaro_Veter_name (ownerId:88929178 - pos <7719.932129, 6.170789, 6786.017090> - islocked:true - password:371400) initialized
12-0-54 | Velociraptor6x6 Camo2  (ownerId:262549311 - pos <7894.809082, 3.571511, 5949.443848> - islocked:true - password:24680000) initialized
12-0-54 | MH-6M Little Bird - Camo (ownerId:523450192 - pos <5887.481445, 41.853588, 5226.112305> - islocked:true - password:22392239) initialized
12-0-54 | STR_EGER_GreenCamo_name (ownerId:523991778 - pos <5897.915039, 37.048725, 5224.135742> - islocked:true - password:22392239) initialized
12-0-54 | Robinson R22 Helicopter - Black (ownerId:521855408 - pos <6062.774414, 32.810017, 5259.116211> - islocked:true - password:9102021) initialized
12-0-54 | MOSKVICH 2140 (ownerId:882346394 - pos <6661.078613, 15.562303, 6320.574707> - islocked:true - password:42091103) initialized
12-0-54 | Opel Astra Chrome (ownerId:127107249 - pos <5656.833496, 28.954920, 5381.956055> - islocked:true - password:12186270) initialized
12-0-54 | Sarka 120 (ownerId:89279995 - pos <5618.768066, 29.309654, 5350.196289> - islocked:false - password:20090909) initialized
12-0-54 | PONTIAC (rust) (ownerId:6938606 - pos <5624.585938, 29.435261, 5351.261719> - islocked:true - password:20090909) initialized
12-0-54 | Gunter 2 (ownerId:48698262 - pos <5640.136230, 28.878857, 5330.783203> - islocked:false - password:48151623) initialized
12-0-54 | UAZ_2315 (ownerId:89279995 - pos <5590.214355, 29.284822, 5352.657227> - islocked:true - password:20090909) initialized
12-0-54 | MH-6M Little Bird (ownerId:89279995 - pos <5598.947754, 30.048502, 5347.113770> - islocked:true - password:20090909) initialized
12-0-54 | Jeep Wrangler Camo (ownerId:526094573 - pos <5695.989746, 31.555704, 5231.927246> - islocked:true - password:11025255) initialized
12-0-54 | UAZ 3909 Beige (ownerId:795695470 - pos <5468.091309, 15.597904, 4924.883789> - islocked:true - password:8031991) initialized
12-0-54 | Ada 4x4 (ownerId:369601190 - pos <5474.475098, 15.605719, 4931.196289> - islocked:true - password:42014201) initialized
12-0-54 | LUAZ 969 red (ownerId:405166905 - pos <4802.159668, 18.572527, 7577.117676> - islocked:true - password:11111111) initialized
14-12-39 | MH-6M Little Bird - Camo (ownerId:523450192 - pos <5871.586914, 93.876762, 6168.124023> - islocked:false - password:22392239) has been deleted
14-19-52 | MH-6M Little Bird - Camo (ownerId:523450192 - pos <5629.286133, 29.009998, 5358.970703> - islocked:true - password:22392239) new car claimed
14-19-52 | MH-6M Little Bird - Camo (ownerId:523450192 - pos <5629.286133, 29.010010, 5358.970703> - islocked:true - password:22392239) initialized
14-31-37 | PONTIAC (rust) (ownerId:6938606 - pos <5624.636230, 28.681431, 5351.139160> - islocked:false - password:20090909) has been deleted
14-55-53 | UAZ_2315 (ownerId:89279995 - pos <5590.544434, 28.706011, 5352.465820> - islocked:false - password:20090909) has been deleted
16-4-18 | Romani4 (ownerId:369601190 - pos <5659.734863, 33.718788, 5229.133301> - islocked:true - password:80081355) new car claimed
16-4-18 | Romani4 (ownerId:369601190 - pos <5659.734863, 33.718788, 5229.133301> - islocked:true - password:80081355) initialized
16-4-41 | Romani4 (ownerId:369601190 - pos <5659.722168, 33.450871, 5229.131836> - islocked:true - password:80081355) has been deleted
16-4-51 | Camaro Red (ownerId:369601190 - pos <5658.761230, 33.737976, 5230.145020> - islocked:true - password:55555555) new car claimed
16-4-51 | Camaro Red (ownerId:369601190 - pos <5658.761230, 33.737976, 5230.145020> - islocked:true - password:55555555) initialized
16-5-1 | BMW (ownerId:369601190 - pos <5657.224609, 33.818848, 5227.317871> - islocked:true - password:80081355) new car claimed
16-5-1 | BMW (ownerId:369601190 - pos <5657.224609, 33.818848, 5227.317871> - islocked:true - password:80081355) initialized
16-6-23 | BMW (ownerId:369601190 - pos <5657.211426, 33.439091, 5227.313477> - islocked:true - password:80081355) has been deleted
16-6-52 | Camaro Red (ownerId:369601190 - pos <5658.757813, 33.427689, 5230.149902> - islocked:false - password:55555555) has been deleted
16-16-53 | BMW (ownerId:369601190 - pos <5619.630371, 29.009998, 5355.563477> - islocked:true - password:80081355) new car claimed
16-16-53 | BMW (ownerId:369601190 - pos <5619.630371, 29.009998, 5355.563477> - islocked:true - password:80081355) initialized
16-32-16 | UAZ_2315 (ownerId:17954802 - pos <3765.392578, 5.780001, 2585.952637> - islocked:true - password:20090909) new car claimed
16-32-16 | UAZ_2315 (ownerId:17954802 - pos <3765.392578, 5.780001, 2585.952637> - islocked:true - password:20090909) initialized
16-38-39 | BMW (ownerId:369601190 - pos <8908.629883, 26.585855, 4176.889160> - islocked:false - password:80081355) has been deleted
16-38-49 | BMW (ownerId:369601190 - pos <8910.585938, 25.542459, 4177.617188> - islocked:true - password:80081355) new car claimed
16-38-49 | BMW (ownerId:369601190 - pos <8910.585938, 25.542459, 4177.617188> - islocked:true - password:80081355) initialized
16-48-34 | BMW (ownerId:369601190 - pos <9490.574219, 101.034882, 3722.648193> - islocked:false - password:80081355) has been deleted
16-54-42 | Mercedes-Benz W140 gold (ownerId:369601190 - pos <9527.997070, 102.314034, 3720.625732> - islocked:true - password:80081355) new car claimed
16-56-16 | Mercedes-Benz W140 gold (ownerId:369601190 - pos <9523.959961, 102.119438, 3747.470947> - islocked:false - password:80081355) has been deleted
16-56-55 | Mercedes-Benz W140 gold (ownerId:369601190 - pos <9495.730469, 101.487038, 3741.966309> - islocked:true - password:80081355) new car claimed
16-56-55 | Mercedes-Benz W140 gold (ownerId:369601190 - pos <9495.730469, 101.487038, 3741.966309> - islocked:true - password:80081355) initialized
17-3-55 | Sarka 120 (ownerId:369601190 - pos <5966.333008, 36.823425, 5226.347656> - islocked:true - password:80081355) new car claimed
17-4-24 | Olga 24 (ownerId:369601190 - pos <5961.132324, 37.017628, 5218.242676> - islocked:true - password:80081355) new car claimed
17-4-43 | Olga 24 (ownerId:369601190 - pos <5961.132324, 37.017628, 5218.242676> - islocked:true - password:80081355) has been deleted
17-5-7 | Sarka 120 (ownerId:369601190 - pos <5966.333008, 36.823425, 5226.347656> - islocked:true - password:80081355) has been deleted
