Creation Time: 2023_5_1-12-0-56
12-0-56 | Land Rover Defender 110 (ownerId:192139039 - pos <1187.245117, 27.933258, 12555.978516> - islocked:true - password:7161994) initialized
12-0-56 | Robinson R22 Helicopter (ownerId:195214598 - pos <1084.467041, 54.700260, 10695.003906> - islocked:true - password:52528989) initialized
12-0-56 | Robinson R22 Helicopter - Black (ownerId:62166080 - pos <518.580444, 40.944572, 11901.009766> - islocked:true - password:22392239) initialized
12-0-56 | Sarka 120 (ownerId:405166905 - pos <10489.906250, 10.002515, 4274.236816> - islocked:true - password:19910111) initialized
12-0-56 | Robinson R22 Helicopter (ownerId:940915030 - pos <9512.575195, 102.761208, 3733.148193> - islocked:true - password:11853737) initialized
12-0-56 | M3S Covered (ownerId:980466132 - pos <6795.287598, 40.007633, 1809.517090> - islocked:true - password:22392239) initialized
12-0-56 | Land Rover Defender 110 Red (ownerId:980466132 - pos <6796.070313, 39.706657, 1806.542114> - islocked:true - password:22392239) initialized
12-0-56 | Land Rover Defender 110 Green (ownerId:62166080 - pos <6796.028809, 39.705757, 1801.399658> - islocked:true - password:22392239) initialized
12-0-56 | Sarka 120 (ownerId:980466132 - pos <6801.630371, 39.738655, 1801.161499> - islocked:true - password:22392239) initialized
12-0-56 | Olga 24 (ownerId:419387242 - pos <7057.730957, 44.999805, 2053.500488> - islocked:true - password:8995862) initialized
12-0-56 | MBB Bo-105m Helicopter - blackcamo (ownerId:980466132 - pos <6768.891113, 54.751770, 1849.850098> - islocked:true - password:22392239) initialized
12-0-56 | Sarka 120 (ownerId:85319837 - pos <7574.966797, 24.190557, 3928.493408> - islocked:true - password:1111110) initialized
12-0-56 | Land Rover Defender 110 UN (ownerId:85319837 - pos <7572.665527, 24.168486, 3940.986328> - islocked:true - password:9151985) initialized
12-0-56 | Robinson R22 Helicopter (ownerId:965259563 - pos <3756.512451, 19.967381, 2601.171387> - islocked:true - password:11367275) initialized
12-0-56 | Land Rover Defender 110 Red (ownerId:965259563 - pos <3730.515869, 6.048484, 2554.894287> - islocked:true - password:11367275) initialized
12-0-56 | Olga 24 (ownerId:965259563 - pos <3731.968506, 5.467780, 2551.063721> - islocked:true - password:11367275) initialized
12-0-56 | UH-60 Blackhawk - blackblackhawk (ownerId:195214598 - pos <3224.051514, 7.616046, 1721.944214> - islocked:true - password:52528989) initialized
12-0-56 | Land Rover Defender 110 Red (ownerId:132652049 - pos <4264.954590, 2.625462, 2514.104980> - islocked:true - password:9031783) initialized
12-0-56 | Robinson R22 Helicopter - Black (ownerId:984346468 - pos <4728.882813, 12.292138, 4692.961426> - islocked:true - password:83898389) initialized
12-0-56 | Sarka 120 (ownerId:194642746 - pos <5445.557617, 5.326431, 4629.524414> - islocked:true - password:15474555) initialized
12-0-56 | Robinson R22 Helicopter (ownerId:71319946 - pos <5672.808594, 33.907440, 5245.416016> - islocked:true - password:19944991) initialized
12-0-56 | Ada 4x4 (ownerId:419387242 - pos <5608.952637, 28.855570, 5349.512207> - islocked:true - password:8995862) initialized
12-0-56 | M3S Covered (ownerId:108250772 - pos <5656.405762, 28.701431, 5426.496582> - islocked:true - password:12345678) initialized
12-0-56 | Gunter 2 (ownerId:36527682 - pos <7192.423340, 3.389077, 5359.116699> - islocked:true - password:93991005) initialized
12-0-56 | Robinson R22 Helicopter - Black (ownerId:980466132 - pos <7349.647949, 101.077263, 6033.751465> - islocked:false - password:22392239) initialized
12-0-56 | Land Rover Defender 110 UN (ownerId:116364714 - pos <7704.690430, 36.730221, 6074.511230> - islocked:false - password:25082508) initialized
12-0-56 | M3S Covered (ownerId:944065078 - pos <7718.275879, 36.466980, 6089.899902> - islocked:false - password:25082508) initialized
12-0-56 | Ada 4x4 (ownerId:16874355 - pos <10732.712891, 90.321144, 6156.096680> - islocked:true - password:15795315) initialized
12-0-56 | Land Rover Defender 110 Red (ownerId:60592768 - pos <9561.738281, 4.179226, 5944.402344> - islocked:true - password:19651965) initialized
12-0-56 | Sarka 120 (ownerId:944065078 - pos <6395.114258, 20.895466, 8532.870117> - islocked:true - password:25082508) initialized
12-0-56 | Land Rover Defender 110 Green (ownerId:177737910 - pos <2550.602295, 57.004547, 9449.895508> - islocked:false - password:25792579) initialized
12-0-56 | M3S Covered (ownerId:839735782 - pos <3784.324707, 16.849409, 8960.516602> - islocked:true - password:1051997) initialized
12-0-56 | M3S Covered (ownerId:965259563 - pos <5465.726563, 7.868558, 8577.350586> - islocked:true - password:72524299) initialized
16-42-55 | Robinson R22 Helicopter (ownerId:839735782 - pos <5501.671875, 15.842232, 8479.791016> - islocked:true - password:1051997) new car claimed
