Creation Time: 2023_4_26-6-0-52
6-0-52 | Robinson R22 Helicopter (ownerId:940915030 - pos <9512.575195, 102.761200, 3733.148193> - islocked:true - password:11853737) initialized
6-0-52 | Sarka 120 (ownerId:940915030 - pos <9511.229492, 102.703018, 3751.684570> - islocked:true - password:11853737) initialized
6-0-52 | Robinson R22 Helicopter (ownerId:195214598 - pos <1114.771851, 56.352501, 10648.643555> - islocked:true - password:52528989) initialized
6-0-52 | Gunter 2 (ownerId:419387242 - pos <7065.105469, 45.119003, 2055.460205> - islocked:true - password:69694200) initialized
6-0-52 | Robinson R22 Helicopter - Black (ownerId:62166080 - pos <6773.737305, 54.635757, 1851.886841> - islocked:true - password:22392239) initialized
6-0-52 | M3S Covered (ownerId:62166080 - pos <6795.137695, 39.137829, 1809.612671> - islocked:true - password:22392239) initialized
6-0-52 | Land Rover Defender 110 Red (ownerId:980466132 - pos <6795.948242, 39.705765, 1802.406006> - islocked:true - password:22392239) initialized
6-0-52 | Land Rover Defender 110 Green (ownerId:62166080 - pos <6796.582520, 39.706493, 1806.551392> - islocked:true - password:22392239) initialized
6-0-52 | Sarka 120 (ownerId:980466132 - pos <6801.542480, 39.738674, 1801.694946> - islocked:true - password:22392239) initialized
6-0-52 | Ada 4x4 (ownerId:62166080 - pos <6801.069336, 39.178059, 1809.610474> - islocked:true - password:22392239) initialized
6-0-52 | Sarka 120 (ownerId:405166905 - pos <10489.906250, 10.002512, 4274.236816> - islocked:true - password:19910111) initialized
6-0-52 | Land Rover Defender 110 UN (ownerId:85319837 - pos <7571.331543, 24.168482, 3946.066895> - islocked:true - password:9151985) initialized
6-0-52 | UH-60 Blackhawk - blackblackhawk (ownerId:195214598 - pos <3224.051514, 7.616046, 1721.948608> - islocked:true - password:52528989) initialized
6-0-52 | M3S Covered (ownerId:965259563 - pos <3259.329590, 2.731545, 1738.487915> - islocked:true - password:11367275) initialized
6-0-52 | Sarka 120 (ownerId:22592522 - pos <6232.373047, 5.531152, 9589.974609> - islocked:true - password:5210521) initialized
6-0-52 | M3S Covered (ownerId:8156911 - pos <6232.800781, 5.800115, 9593.156250> - islocked:false - password:15500000) initialized
6-0-52 | Olga 24 (ownerId:965259563 - pos <3731.203613, 5.467782, 2554.413086> - islocked:true - password:11367275) initialized
6-0-52 | Land Rover Defender 110 Red (ownerId:965259563 - pos <3753.811768, 6.175954, 2569.325195> - islocked:true - password:11367275) initialized
6-0-52 | Robinson R22 Helicopter (ownerId:965259563 - pos <3756.512451, 19.967381, 2601.171387> - islocked:true - password:11367275) initialized
6-0-52 | Land Rover Defender 110 Green (ownerId:177737910 - pos <2550.889893, 56.615780, 9454.165039> - islocked:true - password:25792579) initialized
6-0-52 | Gunter 2 (ownerId:984346468 - pos <3765.916260, 11.287589, 8785.742188> - islocked:false - password:83898389) initialized
6-0-52 | UH-60 Blackhawk - Woodland (ownerId:85319837 - pos <3985.973877, 16.854174, 3474.665283> - islocked:true - password:1111110) initialized
6-0-52 | Land Rover Defender 110 (ownerId:192139039 - pos <3935.111816, 12.018484, 7918.748047> - islocked:true - password:7161994) initialized
6-0-52 | Sarka 120 (ownerId:194642746 - pos <5445.460938, 5.330444, 4629.562500> - islocked:true - password:15474555) initialized
6-0-52 | Robinson R22 Helicopter (ownerId:71319946 - pos <5672.808594, 33.907433, 5245.416016> - islocked:true - password:19944991) initialized
6-0-52 | Land Rover Defender 110 (ownerId:108250772 - pos <5625.816406, 29.278488, 5376.927734> - islocked:true - password:14725836) initialized
6-0-52 | Land Rover Defender 110 Red (ownerId:60592768 - pos <5678.317871, 29.278484, 5386.182129> - islocked:true - password:19651965) initialized
6-0-52 | Olga 24 (ownerId:288122462 - pos <5668.112305, 28.907127, 5408.228027> - islocked:true - password:12011152) initialized
6-0-52 | Robinson R22 Helicopter - Black (ownerId:980466132 - pos <7348.521973, 101.077187, 6033.944824> - islocked:true - password:22392239) initialized
6-0-52 | Land Rover Defender 110 UN (ownerId:116364714 - pos <7707.874023, 36.516605, 6075.209961> - islocked:true - password:25082508) initialized
6-0-52 | Olga 24 (ownerId:944065078 - pos <7705.363770, 36.631897, 6081.437988> - islocked:true - password:97319731) initialized
6-0-52 | M3S Covered (ownerId:944065078 - pos <7718.276855, 36.467022, 6089.899902> - islocked:false - password:25082508) initialized
6-0-52 | Sarka 120 (ownerId:944065078 - pos <7728.491699, 35.526180, 6087.261230> - islocked:true - password:25082508) initialized
6-0-52 | Ada 4x4 (ownerId:944065078 - pos <7733.061035, 35.535309, 6083.734863> - islocked:false - password:25082508) initialized
