Creation Time: 2023_5_26-18-0-47
18-0-47 | Olga 24 (ownerId:839735782 - pos <3591.364258, 10.841987, 3410.537842> - islocked:true - password:13579086) initialized
18-0-47 | YAR_87 Camo2  (ownerId:34611550 - pos <8184.988281, 15.734229, 8476.696289> - islocked:true - password:19892004) initialized
18-0-47 | Jeep Wrangler (ownerId:288122462 - pos <8283.520508, 5.735123, 8844.367188> - islocked:true - password:12321321) initialized
18-0-47 | Sarka 120 (ownerId:18558559 - pos <9030.001953, 6.586010, 9422.952148> - islocked:true - password:72066666) initialized
18-0-47 | Cougar Camo kamo (ownerId:980466132 - pos <1447.439819, 3.095260, 6767.592285> - islocked:true - password:22392239) initialized
18-0-47 | Olga 24 (ownerId:442990275 - pos <2121.612549, 18.358858, 9166.325195> - islocked:false - password:42014201) initialized
18-0-47 | UAZ 3909 Khaki1 (ownerId:36527682 - pos <7717.201172, 36.455616, 6070.713867> - islocked:true - password:93991005) initialized
18-0-47 | Olga 24 (ownerId:36527682 - pos <7733.397461, 36.107796, 6085.733398> - islocked:true - password:10939910) initialized
18-0-47 | UH-60 Blackhawk - blackblackhawk (ownerId:69839805 - pos <4261.034668, 21.234701, 7310.648926> - islocked:true - password:20090909) initialized
18-0-47 | Gaz 71 Black (ownerId:137318436 - pos <4248.160156, 21.428871, 7293.649902> - islocked:true - password:20090909) initialized
18-0-47 | Jeep Wrangler black  (ownerId:132652049 - pos <10675.310547, 3.405123, 3158.458008> - islocked:true - password:17392468) initialized
18-0-47 | Toyota Land Cruiser 200 (ownerId:308099129 - pos <3522.994873, 22.781887, 4590.057617> - islocked:true - password:9131988) initialized
18-0-47 | Ada 4x4 (ownerId:18558559 - pos <3945.644775, 24.960701, 4846.260742> - islocked:true - password:72066666) initialized
18-0-47 | STR_EGER_name (ownerId:69839805 - pos <4654.458008, 21.427408, 6880.253418> - islocked:true - password:20090909) initialized
18-0-47 | MOSKVICH 2140 (ownerId:944065078 - pos <6394.414551, 23.181292, 6686.755371> - islocked:false - password:97319731) initialized
18-0-47 | LUAZ 969 rust (ownerId:88929178 - pos <5625.482910, 29.296358, 5419.026855> - islocked:true - password:371400) initialized
18-0-47 | Sarka 120 (ownerId:108250772 - pos <5617.104980, 28.686033, 5394.022461> - islocked:true - password:3181989) initialized
18-0-47 | MBB Bo-105m Helicopter - blackcamo (ownerId:132652049 - pos <5674.237305, 29.476894, 5388.618164> - islocked:true - password:86753099) initialized
18-0-47 | Sarka 120 (ownerId:369601190 - pos <5633.337402, 29.271786, 5359.529785> - islocked:true - password:4031965) initialized
18-0-47 | SUV Camo (ownerId:442990275 - pos <5374.852051, 15.543677, 4946.498047> - islocked:true - password:42014201) initialized
18-0-47 | MOSKVICH 2140 (ownerId:304057481 - pos <6950.713379, 14.669750, 5719.592285> - islocked:true - password:42687931) initialized
18-0-47 | HAMMER_H1 black (ownerId:405166905 - pos <5195.087891, 4.949731, 5315.449219> - islocked:true - password:1111991) initialized
18-0-47 | Sarka 120 (ownerId:442990275 - pos <5678.124023, 33.363449, 5271.180664> - islocked:true - password:42014201) initialized
18-0-47 | M3S Covered (ownerId:442990275 - pos <5681.024414, 32.783974, 5269.726563> - islocked:true - password:37579090) initialized
18-0-47 | LUAZ 969 blue (ownerId:354151095 - pos <6972.173340, 14.597522, 5701.597656> - islocked:true - password:4250425) initialized
18-45-52 | STR_EGER_name (ownerId:69839805 - pos <4654.524414, 20.453136, 6880.159668> - islocked:false - password:20090909) has been deleted
18-49-13 | STR_EGER_name (ownerId:6938606 - pos <4654.663574, 20.730005, 6878.134277> - islocked:true - password:20090909) new car claimed
18-49-13 | STR_EGER_name (ownerId:6938606 - pos <4654.663574, 20.730005, 6878.134277> - islocked:true - password:20090909) initialized
18-52-41 | STR_EGER_name (ownerId:6938606 - pos <4654.659180, 20.428339, 6878.132324> - islocked:false - password:20090909) has been deleted
18-55-17 | STR_EGER_name (ownerId:6938606 - pos <4262.976563, 20.730011, 7266.244629> - islocked:true - password:20090909) new car claimed
18-55-17 | STR_EGER_name (ownerId:6938606 - pos <4262.976563, 20.730011, 7266.244629> - islocked:true - password:20090909) initialized
